[2025-02-12T01:19:18.289+0000] {local_task_job_runner.py:123} INFO - ::group::Pre task execution logs
[2025-02-12T01:19:18.319+0000] {taskinstance.py:2613} INFO - Dependencies all met for dep_context=non-requeueable deps ti=<TaskInstance: manage_airflow_roles.assign_permissions_dag manual__2025-02-12T01:18:41.433292+00:00 [queued]>
[2025-02-12T01:19:18.344+0000] {taskinstance.py:2613} INFO - Dependencies all met for dep_context=requeueable deps ti=<TaskInstance: manage_airflow_roles.assign_permissions_dag manual__2025-02-12T01:18:41.433292+00:00 [queued]>
[2025-02-12T01:19:18.344+0000] {taskinstance.py:2866} INFO - Starting attempt 1 of 1
[2025-02-12T01:19:18.373+0000] {taskinstance.py:2889} INFO - Executing <Task(_PythonDecoratedOperator): assign_permissions_dag> on 2025-02-12 01:18:41.433292+00:00
[2025-02-12T01:19:18.382+0000] {warnings.py:112} WARNING - /home/***/.local/lib/python3.12/site-packages/***/task/task_runner/standard_task_runner.py:70: DeprecationWarning: This process (pid=2059) is multi-threaded, use of fork() may lead to deadlocks in the child.
  pid = os.fork()

[2025-02-12T01:19:18.384+0000] {standard_task_runner.py:72} INFO - Started process 2060 to run task
[2025-02-12T01:19:18.385+0000] {standard_task_runner.py:104} INFO - Running: ['***', 'tasks', 'run', 'manage_***_roles', 'assign_permissions_dag', 'manual__2025-02-12T01:18:41.433292+00:00', '--job-id', '300', '--raw', '--subdir', 'DAGS_FOLDER/dag.py', '--cfg-path', '/tmp/tmpd6lc_5l4']
[2025-02-12T01:19:18.387+0000] {standard_task_runner.py:105} INFO - Job 300: Subtask assign_permissions_dag
[2025-02-12T01:19:18.484+0000] {task_command.py:467} INFO - Running <TaskInstance: manage_airflow_roles.assign_permissions_dag manual__2025-02-12T01:18:41.433292+00:00 [running]> on host 3f11f16c6f4b
[2025-02-12T01:19:18.636+0000] {taskinstance.py:3132} INFO - Exporting env vars: AIRFLOW_CTX_DAG_OWNER='data-team' AIRFLOW_CTX_DAG_ID='manage_***_roles' AIRFLOW_CTX_TASK_ID='assign_permissions_dag' AIRFLOW_CTX_EXECUTION_DATE='2025-02-12T01:18:41.433292+00:00' AIRFLOW_CTX_TRY_NUMBER='1' AIRFLOW_CTX_DAG_RUN_ID='manual__2025-02-12T01:18:41.433292+00:00'
[2025-02-12T01:19:18.637+0000] {taskinstance.py:731} INFO - ::endgroup::
[2025-02-12T01:19:21.663+0000] {dag.py:242} INFO - Assigned permissions to dados for DAG hello_world_dag
[2025-02-12T01:19:24.514+0000] {dag.py:242} INFO - Assigned permissions to data-team for DAG manage_***_roles
[2025-02-12T01:19:24.515+0000] {python.py:240} INFO - Done. Returned value was: None
[2025-02-12T01:19:24.521+0000] {taskinstance.py:340} INFO - ::group::Post task execution logs
[2025-02-12T01:19:24.521+0000] {taskinstance.py:352} INFO - Marking task as SUCCESS. dag_id=manage_***_roles, task_id=assign_permissions_dag, run_id=manual__2025-02-12T01:18:41.433292+00:00, execution_date=20250212T011841, start_date=20250212T011918, end_date=20250212T011924
[2025-02-12T01:19:24.574+0000] {local_task_job_runner.py:266} INFO - Task exited with return code 0
[2025-02-12T01:19:24.603+0000] {taskinstance.py:3895} INFO - 0 downstream tasks scheduled from follow-on schedule check
[2025-02-12T01:19:24.605+0000] {local_task_job_runner.py:245} INFO - ::endgroup::
