[2025-02-19T00:00:06.011+0000] {processor.py:186} INFO - Started process (PID=1076) to work on /opt/airflow/dags/hello_world.py
[2025-02-19T00:00:06.011+0000] {processor.py:914} INFO - Processing file /opt/airflow/dags/hello_world.py for tasks to queue
[2025-02-19T00:00:06.013+0000] {logging_mixin.py:190} INFO - [2025-02-19T00:00:06.013+0000] {dagbag.py:588} INFO - Filling up the DagBag from /opt/airflow/dags/hello_world.py
[2025-02-19T00:00:06.018+0000] {processor.py:925} INFO - DAG(s) 'hello_world_dag' retrieved from /opt/airflow/dags/hello_world.py
[2025-02-19T00:00:06.038+0000] {logging_mixin.py:190} INFO - [2025-02-19T00:00:06.038+0000] {dag.py:3239} INFO - Sync 1 DAGs
[2025-02-19T00:00:06.052+0000] {logging_mixin.py:190} INFO - [2025-02-19T00:00:06.052+0000] {dag.py:4180} INFO - Setting next_dagrun for hello_world_dag to None, run_after=None
[2025-02-19T00:00:06.068+0000] {processor.py:208} INFO - Processing /opt/airflow/dags/hello_world.py took 0.064 seconds
[2025-02-19T00:00:36.295+0000] {processor.py:186} INFO - Started process (PID=1084) to work on /opt/airflow/dags/hello_world.py
[2025-02-19T00:00:36.297+0000] {processor.py:914} INFO - Processing file /opt/airflow/dags/hello_world.py for tasks to queue
[2025-02-19T00:00:36.300+0000] {logging_mixin.py:190} INFO - [2025-02-19T00:00:36.300+0000] {dagbag.py:588} INFO - Filling up the DagBag from /opt/airflow/dags/hello_world.py
[2025-02-19T00:00:36.311+0000] {processor.py:925} INFO - DAG(s) 'hello_world_dag' retrieved from /opt/airflow/dags/hello_world.py
[2025-02-19T00:00:36.348+0000] {logging_mixin.py:190} INFO - [2025-02-19T00:00:36.348+0000] {dag.py:3239} INFO - Sync 1 DAGs
[2025-02-19T00:00:36.367+0000] {logging_mixin.py:190} INFO - [2025-02-19T00:00:36.367+0000] {dag.py:4180} INFO - Setting next_dagrun for hello_world_dag to None, run_after=None
[2025-02-19T00:00:36.387+0000] {processor.py:208} INFO - Processing /opt/airflow/dags/hello_world.py took 0.107 seconds
[2025-02-19T00:01:06.706+0000] {processor.py:186} INFO - Started process (PID=1092) to work on /opt/airflow/dags/hello_world.py
[2025-02-19T00:01:06.707+0000] {processor.py:914} INFO - Processing file /opt/airflow/dags/hello_world.py for tasks to queue
[2025-02-19T00:01:06.710+0000] {logging_mixin.py:190} INFO - [2025-02-19T00:01:06.709+0000] {dagbag.py:588} INFO - Filling up the DagBag from /opt/airflow/dags/hello_world.py
[2025-02-19T00:01:06.718+0000] {processor.py:925} INFO - DAG(s) 'hello_world_dag' retrieved from /opt/airflow/dags/hello_world.py
[2025-02-19T00:01:06.754+0000] {logging_mixin.py:190} INFO - [2025-02-19T00:01:06.753+0000] {dag.py:3239} INFO - Sync 1 DAGs
[2025-02-19T00:01:06.769+0000] {logging_mixin.py:190} INFO - [2025-02-19T00:01:06.769+0000] {dag.py:4180} INFO - Setting next_dagrun for hello_world_dag to None, run_after=None
[2025-02-19T00:01:06.787+0000] {processor.py:208} INFO - Processing /opt/airflow/dags/hello_world.py took 0.091 seconds
[2025-02-19T00:01:37.108+0000] {processor.py:186} INFO - Started process (PID=1100) to work on /opt/airflow/dags/hello_world.py
[2025-02-19T00:01:37.109+0000] {processor.py:914} INFO - Processing file /opt/airflow/dags/hello_world.py for tasks to queue
[2025-02-19T00:01:37.112+0000] {logging_mixin.py:190} INFO - [2025-02-19T00:01:37.112+0000] {dagbag.py:588} INFO - Filling up the DagBag from /opt/airflow/dags/hello_world.py
[2025-02-19T00:01:37.120+0000] {processor.py:925} INFO - DAG(s) 'hello_world_dag' retrieved from /opt/airflow/dags/hello_world.py
[2025-02-19T00:01:37.152+0000] {logging_mixin.py:190} INFO - [2025-02-19T00:01:37.152+0000] {dag.py:3239} INFO - Sync 1 DAGs
[2025-02-19T00:01:37.168+0000] {logging_mixin.py:190} INFO - [2025-02-19T00:01:37.168+0000] {dag.py:4180} INFO - Setting next_dagrun for hello_world_dag to None, run_after=None
[2025-02-19T00:01:37.191+0000] {processor.py:208} INFO - Processing /opt/airflow/dags/hello_world.py took 0.099 seconds
[2025-02-19T00:02:07.492+0000] {processor.py:186} INFO - Started process (PID=1108) to work on /opt/airflow/dags/hello_world.py
[2025-02-19T00:02:07.493+0000] {processor.py:914} INFO - Processing file /opt/airflow/dags/hello_world.py for tasks to queue
[2025-02-19T00:02:07.496+0000] {logging_mixin.py:190} INFO - [2025-02-19T00:02:07.496+0000] {dagbag.py:588} INFO - Filling up the DagBag from /opt/airflow/dags/hello_world.py
[2025-02-19T00:02:07.506+0000] {processor.py:925} INFO - DAG(s) 'hello_world_dag' retrieved from /opt/airflow/dags/hello_world.py
[2025-02-19T00:02:07.545+0000] {logging_mixin.py:190} INFO - [2025-02-19T00:02:07.544+0000] {dag.py:3239} INFO - Sync 1 DAGs
[2025-02-19T00:02:07.568+0000] {logging_mixin.py:190} INFO - [2025-02-19T00:02:07.568+0000] {dag.py:4180} INFO - Setting next_dagrun for hello_world_dag to None, run_after=None
[2025-02-19T00:02:07.591+0000] {processor.py:208} INFO - Processing /opt/airflow/dags/hello_world.py took 0.107 seconds
[2025-02-19T00:02:37.915+0000] {processor.py:186} INFO - Started process (PID=1116) to work on /opt/airflow/dags/hello_world.py
[2025-02-19T00:02:37.917+0000] {processor.py:914} INFO - Processing file /opt/airflow/dags/hello_world.py for tasks to queue
[2025-02-19T00:02:37.920+0000] {logging_mixin.py:190} INFO - [2025-02-19T00:02:37.920+0000] {dagbag.py:588} INFO - Filling up the DagBag from /opt/airflow/dags/hello_world.py
[2025-02-19T00:02:37.929+0000] {processor.py:925} INFO - DAG(s) 'hello_world_dag' retrieved from /opt/airflow/dags/hello_world.py
[2025-02-19T00:02:37.960+0000] {logging_mixin.py:190} INFO - [2025-02-19T00:02:37.960+0000] {dag.py:3239} INFO - Sync 1 DAGs
[2025-02-19T00:02:37.971+0000] {logging_mixin.py:190} INFO - [2025-02-19T00:02:37.971+0000] {dag.py:4180} INFO - Setting next_dagrun for hello_world_dag to None, run_after=None
[2025-02-19T00:02:37.985+0000] {processor.py:208} INFO - Processing /opt/airflow/dags/hello_world.py took 0.082 seconds
[2025-02-19T00:03:08.298+0000] {processor.py:186} INFO - Started process (PID=1124) to work on /opt/airflow/dags/hello_world.py
[2025-02-19T00:03:08.298+0000] {processor.py:914} INFO - Processing file /opt/airflow/dags/hello_world.py for tasks to queue
[2025-02-19T00:03:08.299+0000] {logging_mixin.py:190} INFO - [2025-02-19T00:03:08.299+0000] {dagbag.py:588} INFO - Filling up the DagBag from /opt/airflow/dags/hello_world.py
[2025-02-19T00:03:08.303+0000] {processor.py:925} INFO - DAG(s) 'hello_world_dag' retrieved from /opt/airflow/dags/hello_world.py
[2025-02-19T00:03:08.334+0000] {logging_mixin.py:190} INFO - [2025-02-19T00:03:08.334+0000] {dag.py:3239} INFO - Sync 1 DAGs
[2025-02-19T00:03:08.353+0000] {logging_mixin.py:190} INFO - [2025-02-19T00:03:08.353+0000] {dag.py:4180} INFO - Setting next_dagrun for hello_world_dag to None, run_after=None
[2025-02-19T00:03:08.378+0000] {processor.py:208} INFO - Processing /opt/airflow/dags/hello_world.py took 0.084 seconds
[2025-02-19T00:03:38.695+0000] {processor.py:186} INFO - Started process (PID=1132) to work on /opt/airflow/dags/hello_world.py
[2025-02-19T00:03:38.696+0000] {processor.py:914} INFO - Processing file /opt/airflow/dags/hello_world.py for tasks to queue
[2025-02-19T00:03:38.698+0000] {logging_mixin.py:190} INFO - [2025-02-19T00:03:38.698+0000] {dagbag.py:588} INFO - Filling up the DagBag from /opt/airflow/dags/hello_world.py
[2025-02-19T00:03:38.707+0000] {processor.py:925} INFO - DAG(s) 'hello_world_dag' retrieved from /opt/airflow/dags/hello_world.py
[2025-02-19T00:03:38.742+0000] {logging_mixin.py:190} INFO - [2025-02-19T00:03:38.742+0000] {dag.py:3239} INFO - Sync 1 DAGs
[2025-02-19T00:03:38.754+0000] {logging_mixin.py:190} INFO - [2025-02-19T00:03:38.754+0000] {dag.py:4180} INFO - Setting next_dagrun for hello_world_dag to None, run_after=None
[2025-02-19T00:03:38.766+0000] {processor.py:208} INFO - Processing /opt/airflow/dags/hello_world.py took 0.080 seconds
[2025-02-19T00:04:08.981+0000] {processor.py:186} INFO - Started process (PID=1140) to work on /opt/airflow/dags/hello_world.py
[2025-02-19T00:04:08.982+0000] {processor.py:914} INFO - Processing file /opt/airflow/dags/hello_world.py for tasks to queue
[2025-02-19T00:04:08.984+0000] {logging_mixin.py:190} INFO - [2025-02-19T00:04:08.984+0000] {dagbag.py:588} INFO - Filling up the DagBag from /opt/airflow/dags/hello_world.py
[2025-02-19T00:04:08.990+0000] {processor.py:925} INFO - DAG(s) 'hello_world_dag' retrieved from /opt/airflow/dags/hello_world.py
[2025-02-19T00:04:09.010+0000] {logging_mixin.py:190} INFO - [2025-02-19T00:04:09.010+0000] {dag.py:3239} INFO - Sync 1 DAGs
[2025-02-19T00:04:09.021+0000] {logging_mixin.py:190} INFO - [2025-02-19T00:04:09.021+0000] {dag.py:4180} INFO - Setting next_dagrun for hello_world_dag to None, run_after=None
[2025-02-19T00:04:09.038+0000] {processor.py:208} INFO - Processing /opt/airflow/dags/hello_world.py took 0.062 seconds
[2025-02-19T00:04:39.344+0000] {processor.py:186} INFO - Started process (PID=1148) to work on /opt/airflow/dags/hello_world.py
[2025-02-19T00:04:39.345+0000] {processor.py:914} INFO - Processing file /opt/airflow/dags/hello_world.py for tasks to queue
[2025-02-19T00:04:39.346+0000] {logging_mixin.py:190} INFO - [2025-02-19T00:04:39.346+0000] {dagbag.py:588} INFO - Filling up the DagBag from /opt/airflow/dags/hello_world.py
[2025-02-19T00:04:39.350+0000] {processor.py:925} INFO - DAG(s) 'hello_world_dag' retrieved from /opt/airflow/dags/hello_world.py
[2025-02-19T00:04:39.384+0000] {logging_mixin.py:190} INFO - [2025-02-19T00:04:39.383+0000] {dag.py:3239} INFO - Sync 1 DAGs
[2025-02-19T00:04:39.404+0000] {logging_mixin.py:190} INFO - [2025-02-19T00:04:39.404+0000] {dag.py:4180} INFO - Setting next_dagrun for hello_world_dag to None, run_after=None
[2025-02-19T00:04:39.426+0000] {processor.py:208} INFO - Processing /opt/airflow/dags/hello_world.py took 0.086 seconds
[2025-02-19T00:05:09.709+0000] {processor.py:186} INFO - Started process (PID=1156) to work on /opt/airflow/dags/hello_world.py
[2025-02-19T00:05:09.711+0000] {processor.py:914} INFO - Processing file /opt/airflow/dags/hello_world.py for tasks to queue
[2025-02-19T00:05:09.714+0000] {logging_mixin.py:190} INFO - [2025-02-19T00:05:09.713+0000] {dagbag.py:588} INFO - Filling up the DagBag from /opt/airflow/dags/hello_world.py
[2025-02-19T00:05:09.722+0000] {processor.py:925} INFO - DAG(s) 'hello_world_dag' retrieved from /opt/airflow/dags/hello_world.py
[2025-02-19T00:05:09.758+0000] {logging_mixin.py:190} INFO - [2025-02-19T00:05:09.758+0000] {dag.py:3239} INFO - Sync 1 DAGs
[2025-02-19T00:05:09.781+0000] {logging_mixin.py:190} INFO - [2025-02-19T00:05:09.780+0000] {dag.py:4180} INFO - Setting next_dagrun for hello_world_dag to None, run_after=None
[2025-02-19T00:05:09.802+0000] {processor.py:208} INFO - Processing /opt/airflow/dags/hello_world.py took 0.101 seconds
[2025-02-19T00:05:40.179+0000] {processor.py:186} INFO - Started process (PID=1163) to work on /opt/airflow/dags/hello_world.py
[2025-02-19T00:05:40.182+0000] {processor.py:914} INFO - Processing file /opt/airflow/dags/hello_world.py for tasks to queue
[2025-02-19T00:05:40.188+0000] {logging_mixin.py:190} INFO - [2025-02-19T00:05:40.187+0000] {dagbag.py:588} INFO - Filling up the DagBag from /opt/airflow/dags/hello_world.py
[2025-02-19T00:05:40.204+0000] {processor.py:925} INFO - DAG(s) 'hello_world_dag' retrieved from /opt/airflow/dags/hello_world.py
[2025-02-19T00:05:40.258+0000] {logging_mixin.py:190} INFO - [2025-02-19T00:05:40.258+0000] {dag.py:3239} INFO - Sync 1 DAGs
[2025-02-19T00:05:40.282+0000] {logging_mixin.py:190} INFO - [2025-02-19T00:05:40.281+0000] {dag.py:4180} INFO - Setting next_dagrun for hello_world_dag to None, run_after=None
[2025-02-19T00:05:40.303+0000] {processor.py:208} INFO - Processing /opt/airflow/dags/hello_world.py took 0.145 seconds
[2025-02-19T00:06:10.609+0000] {processor.py:186} INFO - Started process (PID=1171) to work on /opt/airflow/dags/hello_world.py
[2025-02-19T00:06:10.610+0000] {processor.py:914} INFO - Processing file /opt/airflow/dags/hello_world.py for tasks to queue
[2025-02-19T00:06:10.613+0000] {logging_mixin.py:190} INFO - [2025-02-19T00:06:10.612+0000] {dagbag.py:588} INFO - Filling up the DagBag from /opt/airflow/dags/hello_world.py
[2025-02-19T00:06:10.622+0000] {processor.py:925} INFO - DAG(s) 'hello_world_dag' retrieved from /opt/airflow/dags/hello_world.py
[2025-02-19T00:06:10.663+0000] {logging_mixin.py:190} INFO - [2025-02-19T00:06:10.663+0000] {dag.py:3239} INFO - Sync 1 DAGs
[2025-02-19T00:06:10.679+0000] {logging_mixin.py:190} INFO - [2025-02-19T00:06:10.678+0000] {dag.py:4180} INFO - Setting next_dagrun for hello_world_dag to None, run_after=None
[2025-02-19T00:06:10.691+0000] {processor.py:208} INFO - Processing /opt/airflow/dags/hello_world.py took 0.092 seconds
[2025-02-19T00:06:40.971+0000] {processor.py:186} INFO - Started process (PID=1179) to work on /opt/airflow/dags/hello_world.py
[2025-02-19T00:06:40.972+0000] {processor.py:914} INFO - Processing file /opt/airflow/dags/hello_world.py for tasks to queue
[2025-02-19T00:06:40.975+0000] {logging_mixin.py:190} INFO - [2025-02-19T00:06:40.975+0000] {dagbag.py:588} INFO - Filling up the DagBag from /opt/airflow/dags/hello_world.py
[2025-02-19T00:06:40.983+0000] {processor.py:925} INFO - DAG(s) 'hello_world_dag' retrieved from /opt/airflow/dags/hello_world.py
[2025-02-19T00:06:41.017+0000] {logging_mixin.py:190} INFO - [2025-02-19T00:06:41.017+0000] {dag.py:3239} INFO - Sync 1 DAGs
[2025-02-19T00:06:41.033+0000] {logging_mixin.py:190} INFO - [2025-02-19T00:06:41.033+0000] {dag.py:4180} INFO - Setting next_dagrun for hello_world_dag to None, run_after=None
[2025-02-19T00:06:41.058+0000] {processor.py:208} INFO - Processing /opt/airflow/dags/hello_world.py took 0.096 seconds
[2025-02-19T00:07:11.376+0000] {processor.py:186} INFO - Started process (PID=1187) to work on /opt/airflow/dags/hello_world.py
[2025-02-19T00:07:11.378+0000] {processor.py:914} INFO - Processing file /opt/airflow/dags/hello_world.py for tasks to queue
[2025-02-19T00:07:11.381+0000] {logging_mixin.py:190} INFO - [2025-02-19T00:07:11.381+0000] {dagbag.py:588} INFO - Filling up the DagBag from /opt/airflow/dags/hello_world.py
[2025-02-19T00:07:11.392+0000] {processor.py:925} INFO - DAG(s) 'hello_world_dag' retrieved from /opt/airflow/dags/hello_world.py
[2025-02-19T00:07:11.414+0000] {logging_mixin.py:190} INFO - [2025-02-19T00:07:11.414+0000] {dag.py:3239} INFO - Sync 1 DAGs
[2025-02-19T00:07:11.426+0000] {logging_mixin.py:190} INFO - [2025-02-19T00:07:11.425+0000] {dag.py:4180} INFO - Setting next_dagrun for hello_world_dag to None, run_after=None
[2025-02-19T00:07:11.439+0000] {processor.py:208} INFO - Processing /opt/airflow/dags/hello_world.py took 0.077 seconds
[2025-02-19T00:07:41.750+0000] {processor.py:186} INFO - Started process (PID=1195) to work on /opt/airflow/dags/hello_world.py
[2025-02-19T00:07:41.751+0000] {processor.py:914} INFO - Processing file /opt/airflow/dags/hello_world.py for tasks to queue
[2025-02-19T00:07:41.754+0000] {logging_mixin.py:190} INFO - [2025-02-19T00:07:41.754+0000] {dagbag.py:588} INFO - Filling up the DagBag from /opt/airflow/dags/hello_world.py
[2025-02-19T00:07:41.764+0000] {processor.py:925} INFO - DAG(s) 'hello_world_dag' retrieved from /opt/airflow/dags/hello_world.py
[2025-02-19T00:07:41.806+0000] {logging_mixin.py:190} INFO - [2025-02-19T00:07:41.805+0000] {dag.py:3239} INFO - Sync 1 DAGs
[2025-02-19T00:07:41.826+0000] {logging_mixin.py:190} INFO - [2025-02-19T00:07:41.826+0000] {dag.py:4180} INFO - Setting next_dagrun for hello_world_dag to None, run_after=None
[2025-02-19T00:07:41.856+0000] {processor.py:208} INFO - Processing /opt/airflow/dags/hello_world.py took 0.114 seconds
[2025-02-19T00:08:12.166+0000] {processor.py:186} INFO - Started process (PID=1203) to work on /opt/airflow/dags/hello_world.py
[2025-02-19T00:08:12.168+0000] {processor.py:914} INFO - Processing file /opt/airflow/dags/hello_world.py for tasks to queue
[2025-02-19T00:08:12.171+0000] {logging_mixin.py:190} INFO - [2025-02-19T00:08:12.170+0000] {dagbag.py:588} INFO - Filling up the DagBag from /opt/airflow/dags/hello_world.py
[2025-02-19T00:08:12.180+0000] {processor.py:925} INFO - DAG(s) 'hello_world_dag' retrieved from /opt/airflow/dags/hello_world.py
[2025-02-19T00:08:12.214+0000] {logging_mixin.py:190} INFO - [2025-02-19T00:08:12.214+0000] {dag.py:3239} INFO - Sync 1 DAGs
[2025-02-19T00:08:12.237+0000] {logging_mixin.py:190} INFO - [2025-02-19T00:08:12.237+0000] {dag.py:4180} INFO - Setting next_dagrun for hello_world_dag to None, run_after=None
[2025-02-19T00:08:12.262+0000] {processor.py:208} INFO - Processing /opt/airflow/dags/hello_world.py took 0.111 seconds
[2025-02-19T00:08:42.583+0000] {processor.py:186} INFO - Started process (PID=1211) to work on /opt/airflow/dags/hello_world.py
[2025-02-19T00:08:42.584+0000] {processor.py:914} INFO - Processing file /opt/airflow/dags/hello_world.py for tasks to queue
[2025-02-19T00:08:42.586+0000] {logging_mixin.py:190} INFO - [2025-02-19T00:08:42.586+0000] {dagbag.py:588} INFO - Filling up the DagBag from /opt/airflow/dags/hello_world.py
[2025-02-19T00:08:42.594+0000] {processor.py:925} INFO - DAG(s) 'hello_world_dag' retrieved from /opt/airflow/dags/hello_world.py
[2025-02-19T00:08:42.632+0000] {logging_mixin.py:190} INFO - [2025-02-19T00:08:42.631+0000] {dag.py:3239} INFO - Sync 1 DAGs
[2025-02-19T00:08:42.653+0000] {logging_mixin.py:190} INFO - [2025-02-19T00:08:42.653+0000] {dag.py:4180} INFO - Setting next_dagrun for hello_world_dag to None, run_after=None
[2025-02-19T00:08:42.689+0000] {processor.py:208} INFO - Processing /opt/airflow/dags/hello_world.py took 0.112 seconds
[2025-02-19T00:09:13.020+0000] {processor.py:186} INFO - Started process (PID=1219) to work on /opt/airflow/dags/hello_world.py
[2025-02-19T00:09:13.021+0000] {processor.py:914} INFO - Processing file /opt/airflow/dags/hello_world.py for tasks to queue
[2025-02-19T00:09:13.024+0000] {logging_mixin.py:190} INFO - [2025-02-19T00:09:13.023+0000] {dagbag.py:588} INFO - Filling up the DagBag from /opt/airflow/dags/hello_world.py
[2025-02-19T00:09:13.032+0000] {processor.py:925} INFO - DAG(s) 'hello_world_dag' retrieved from /opt/airflow/dags/hello_world.py
[2025-02-19T00:09:13.068+0000] {logging_mixin.py:190} INFO - [2025-02-19T00:09:13.068+0000] {dag.py:3239} INFO - Sync 1 DAGs
[2025-02-19T00:09:13.086+0000] {logging_mixin.py:190} INFO - [2025-02-19T00:09:13.086+0000] {dag.py:4180} INFO - Setting next_dagrun for hello_world_dag to None, run_after=None
[2025-02-19T00:09:13.109+0000] {processor.py:208} INFO - Processing /opt/airflow/dags/hello_world.py took 0.099 seconds
[2025-02-19T00:09:43.390+0000] {processor.py:186} INFO - Started process (PID=1227) to work on /opt/airflow/dags/hello_world.py
[2025-02-19T00:09:43.391+0000] {processor.py:914} INFO - Processing file /opt/airflow/dags/hello_world.py for tasks to queue
[2025-02-19T00:09:43.392+0000] {logging_mixin.py:190} INFO - [2025-02-19T00:09:43.392+0000] {dagbag.py:588} INFO - Filling up the DagBag from /opt/airflow/dags/hello_world.py
[2025-02-19T00:09:43.397+0000] {processor.py:925} INFO - DAG(s) 'hello_world_dag' retrieved from /opt/airflow/dags/hello_world.py
[2025-02-19T00:09:43.412+0000] {logging_mixin.py:190} INFO - [2025-02-19T00:09:43.412+0000] {dag.py:3239} INFO - Sync 1 DAGs
[2025-02-19T00:09:43.425+0000] {logging_mixin.py:190} INFO - [2025-02-19T00:09:43.425+0000] {dag.py:4180} INFO - Setting next_dagrun for hello_world_dag to None, run_after=None
[2025-02-19T00:09:43.441+0000] {processor.py:208} INFO - Processing /opt/airflow/dags/hello_world.py took 0.060 seconds
[2025-02-19T00:10:13.718+0000] {processor.py:186} INFO - Started process (PID=1235) to work on /opt/airflow/dags/hello_world.py
[2025-02-19T00:10:13.719+0000] {processor.py:914} INFO - Processing file /opt/airflow/dags/hello_world.py for tasks to queue
[2025-02-19T00:10:13.722+0000] {logging_mixin.py:190} INFO - [2025-02-19T00:10:13.722+0000] {dagbag.py:588} INFO - Filling up the DagBag from /opt/airflow/dags/hello_world.py
[2025-02-19T00:10:13.730+0000] {processor.py:925} INFO - DAG(s) 'hello_world_dag' retrieved from /opt/airflow/dags/hello_world.py
[2025-02-19T00:10:13.768+0000] {logging_mixin.py:190} INFO - [2025-02-19T00:10:13.768+0000] {dag.py:3239} INFO - Sync 1 DAGs
[2025-02-19T00:10:13.782+0000] {logging_mixin.py:190} INFO - [2025-02-19T00:10:13.782+0000] {dag.py:4180} INFO - Setting next_dagrun for hello_world_dag to None, run_after=None
[2025-02-19T00:10:13.800+0000] {processor.py:208} INFO - Processing /opt/airflow/dags/hello_world.py took 0.090 seconds
[2025-02-19T00:10:44.114+0000] {processor.py:186} INFO - Started process (PID=1243) to work on /opt/airflow/dags/hello_world.py
[2025-02-19T00:10:44.115+0000] {processor.py:914} INFO - Processing file /opt/airflow/dags/hello_world.py for tasks to queue
[2025-02-19T00:10:44.118+0000] {logging_mixin.py:190} INFO - [2025-02-19T00:10:44.117+0000] {dagbag.py:588} INFO - Filling up the DagBag from /opt/airflow/dags/hello_world.py
[2025-02-19T00:10:44.126+0000] {processor.py:925} INFO - DAG(s) 'hello_world_dag' retrieved from /opt/airflow/dags/hello_world.py
[2025-02-19T00:10:44.164+0000] {logging_mixin.py:190} INFO - [2025-02-19T00:10:44.163+0000] {dag.py:3239} INFO - Sync 1 DAGs
[2025-02-19T00:10:44.180+0000] {logging_mixin.py:190} INFO - [2025-02-19T00:10:44.179+0000] {dag.py:4180} INFO - Setting next_dagrun for hello_world_dag to None, run_after=None
[2025-02-19T00:10:44.210+0000] {processor.py:208} INFO - Processing /opt/airflow/dags/hello_world.py took 0.104 seconds
[2025-02-19T00:11:14.512+0000] {processor.py:186} INFO - Started process (PID=1251) to work on /opt/airflow/dags/hello_world.py
[2025-02-19T00:11:14.513+0000] {processor.py:914} INFO - Processing file /opt/airflow/dags/hello_world.py for tasks to queue
[2025-02-19T00:11:14.515+0000] {logging_mixin.py:190} INFO - [2025-02-19T00:11:14.515+0000] {dagbag.py:588} INFO - Filling up the DagBag from /opt/airflow/dags/hello_world.py
[2025-02-19T00:11:14.523+0000] {processor.py:925} INFO - DAG(s) 'hello_world_dag' retrieved from /opt/airflow/dags/hello_world.py
[2025-02-19T00:11:14.560+0000] {logging_mixin.py:190} INFO - [2025-02-19T00:11:14.559+0000] {dag.py:3239} INFO - Sync 1 DAGs
[2025-02-19T00:11:14.571+0000] {logging_mixin.py:190} INFO - [2025-02-19T00:11:14.571+0000] {dag.py:4180} INFO - Setting next_dagrun for hello_world_dag to None, run_after=None
[2025-02-19T00:11:14.596+0000] {processor.py:208} INFO - Processing /opt/airflow/dags/hello_world.py took 0.093 seconds
[2025-02-19T00:11:44.963+0000] {processor.py:186} INFO - Started process (PID=1259) to work on /opt/airflow/dags/hello_world.py
[2025-02-19T00:11:44.965+0000] {processor.py:914} INFO - Processing file /opt/airflow/dags/hello_world.py for tasks to queue
[2025-02-19T00:11:44.968+0000] {logging_mixin.py:190} INFO - [2025-02-19T00:11:44.968+0000] {dagbag.py:588} INFO - Filling up the DagBag from /opt/airflow/dags/hello_world.py
[2025-02-19T00:11:44.983+0000] {processor.py:925} INFO - DAG(s) 'hello_world_dag' retrieved from /opt/airflow/dags/hello_world.py
[2025-02-19T00:11:45.025+0000] {logging_mixin.py:190} INFO - [2025-02-19T00:11:45.025+0000] {dag.py:3239} INFO - Sync 1 DAGs
[2025-02-19T00:11:45.045+0000] {logging_mixin.py:190} INFO - [2025-02-19T00:11:45.045+0000] {dag.py:4180} INFO - Setting next_dagrun for hello_world_dag to None, run_after=None
[2025-02-19T00:11:45.072+0000] {processor.py:208} INFO - Processing /opt/airflow/dags/hello_world.py took 0.122 seconds
