[2025-02-10T23:49:44.167+0000] {local_task_job_runner.py:123} INFO - ::group::Pre task execution logs
[2025-02-10T23:49:44.188+0000] {taskinstance.py:2613} INFO - Dependencies all met for dep_context=non-requeueable deps ti=<TaskInstance: manage_airflow_roles.get_dags_by_owner scheduled__2025-02-03T10:00:00+00:00 [queued]>
[2025-02-10T23:49:44.200+0000] {taskinstance.py:2613} INFO - Dependencies all met for dep_context=requeueable deps ti=<TaskInstance: manage_airflow_roles.get_dags_by_owner scheduled__2025-02-03T10:00:00+00:00 [queued]>
[2025-02-10T23:49:44.201+0000] {taskinstance.py:2866} INFO - Starting attempt 1 of 1
[2025-02-10T23:49:44.221+0000] {taskinstance.py:2889} INFO - Executing <Task(_PythonDecoratedOperator): get_dags_by_owner> on 2025-02-03 10:00:00+00:00
[2025-02-10T23:49:44.228+0000] {warnings.py:112} WARNING - /home/***/.local/lib/python3.12/site-packages/***/task/task_runner/standard_task_runner.py:70: DeprecationWarning: This process (pid=76) is multi-threaded, use of fork() may lead to deadlocks in the child.
  pid = os.fork()

[2025-02-10T23:49:44.229+0000] {standard_task_runner.py:72} INFO - Started process 94 to run task
[2025-02-10T23:49:44.230+0000] {standard_task_runner.py:104} INFO - Running: ['***', 'tasks', 'run', 'manage_***_roles', 'get_dags_by_owner', 'scheduled__2025-02-03T10:00:00+00:00', '--job-id', '136', '--raw', '--subdir', 'DAGS_FOLDER/dag.py', '--cfg-path', '/tmp/tmpzij35zqx']
[2025-02-10T23:49:44.236+0000] {standard_task_runner.py:105} INFO - Job 136: Subtask get_dags_by_owner
[2025-02-10T23:49:44.276+0000] {task_command.py:467} INFO - Running <TaskInstance: manage_airflow_roles.get_dags_by_owner scheduled__2025-02-03T10:00:00+00:00 [running]> on host 9c5f21acce5a
[2025-02-10T23:49:44.363+0000] {taskinstance.py:3132} INFO - Exporting env vars: AIRFLOW_CTX_DAG_OWNER='data-team' AIRFLOW_CTX_DAG_ID='manage_***_roles' AIRFLOW_CTX_TASK_ID='get_dags_by_owner' AIRFLOW_CTX_EXECUTION_DATE='2025-02-03T10:00:00+00:00' AIRFLOW_CTX_TRY_NUMBER='1' AIRFLOW_CTX_DAG_RUN_ID='scheduled__2025-02-03T10:00:00+00:00'
[2025-02-10T23:49:44.364+0000] {taskinstance.py:731} INFO - ::endgroup::
[2025-02-10T23:49:44.367+0000] {dagbag.py:588} INFO - Filling up the DagBag from /opt/***/dags
[2025-02-10T23:49:44.378+0000] {python.py:240} INFO - Done. Returned value was: {'data-team': ['hello_world_dag', 'manage_***_roles']}
[2025-02-10T23:49:44.399+0000] {taskinstance.py:340} INFO - ::group::Post task execution logs
[2025-02-10T23:49:44.399+0000] {taskinstance.py:352} INFO - Marking task as SUCCESS. dag_id=manage_***_roles, task_id=get_dags_by_owner, run_id=scheduled__2025-02-03T10:00:00+00:00, execution_date=20250203T100000, start_date=20250210T234944, end_date=20250210T234944
[2025-02-10T23:49:44.444+0000] {local_task_job_runner.py:266} INFO - Task exited with return code 0
[2025-02-10T23:49:44.466+0000] {taskinstance.py:3895} INFO - 0 downstream tasks scheduled from follow-on schedule check
[2025-02-10T23:49:44.468+0000] {local_task_job_runner.py:245} INFO - ::endgroup::
