[2025-01-30T00:44:45.028+0000] {local_task_job_runner.py:123} INFO - ::group::Pre task execution logs
[2025-01-30T00:44:45.046+0000] {taskinstance.py:2613} INFO - Dependencies all met for dep_context=non-requeueable deps ti=<TaskInstance: manage_airflow_roles.get_owners manual__2025-01-30T00:44:42.164833+00:00 [queued]>
[2025-01-30T00:44:45.065+0000] {taskinstance.py:2613} INFO - Dependencies all met for dep_context=requeueable deps ti=<TaskInstance: manage_airflow_roles.get_owners manual__2025-01-30T00:44:42.164833+00:00 [queued]>
[2025-01-30T00:44:45.066+0000] {taskinstance.py:2866} INFO - Starting attempt 1 of 1
[2025-01-30T00:44:45.081+0000] {taskinstance.py:2889} INFO - Executing <Task(_PythonDecoratedOperator): get_owners> on 2025-01-30 00:44:42.164833+00:00
[2025-01-30T00:44:45.089+0000] {warnings.py:112} WARNING - /home/***/.local/lib/python3.12/site-packages/***/task/task_runner/standard_task_runner.py:70: DeprecationWarning: This process (pid=546) is multi-threaded, use of fork() may lead to deadlocks in the child.
  pid = os.fork()

[2025-01-30T00:44:45.090+0000] {standard_task_runner.py:72} INFO - Started process 557 to run task
[2025-01-30T00:44:45.091+0000] {standard_task_runner.py:104} INFO - Running: ['***', 'tasks', 'run', 'manage_***_roles', 'get_owners', 'manual__2025-01-30T00:44:42.164833+00:00', '--job-id', '44', '--raw', '--subdir', 'DAGS_FOLDER/dag.py', '--cfg-path', '/tmp/tmpth0098di']
[2025-01-30T00:44:45.092+0000] {standard_task_runner.py:105} INFO - Job 44: Subtask get_owners
[2025-01-30T00:44:45.139+0000] {task_command.py:467} INFO - Running <TaskInstance: manage_airflow_roles.get_owners manual__2025-01-30T00:44:42.164833+00:00 [running]> on host 156798cb3511
[2025-01-30T00:44:45.444+0000] {taskinstance.py:3132} INFO - Exporting env vars: AIRFLOW_CTX_DAG_OWNER='data-team' AIRFLOW_CTX_DAG_ID='manage_***_roles' AIRFLOW_CTX_TASK_ID='get_owners' AIRFLOW_CTX_EXECUTION_DATE='2025-01-30T00:44:42.164833+00:00' AIRFLOW_CTX_TRY_NUMBER='1' AIRFLOW_CTX_DAG_RUN_ID='manual__2025-01-30T00:44:42.164833+00:00'
[2025-01-30T00:44:45.445+0000] {logging_mixin.py:190} INFO - Task instance is in running state
[2025-01-30T00:44:45.445+0000] {logging_mixin.py:190} INFO -  Previous state of the Task instance: queued
[2025-01-30T00:44:45.445+0000] {logging_mixin.py:190} INFO - Current task name:get_owners state:running start_date:2025-01-30 00:44:45.047283+00:00
[2025-01-30T00:44:45.446+0000] {logging_mixin.py:190} INFO - Dag name:manage_***_roles and current dag run status:running
[2025-01-30T00:44:45.446+0000] {taskinstance.py:731} INFO - ::endgroup::
[2025-01-30T00:44:45.446+0000] {dagbag.py:588} INFO - Filling up the DagBag from /opt/***/dags
[2025-01-30T00:44:45.735+0000] {python.py:240} INFO - Done. Returned value was: ['***', 'data-team']
[2025-01-30T00:44:45.768+0000] {taskinstance.py:340} INFO - ::group::Post task execution logs
[2025-01-30T00:44:45.768+0000] {taskinstance.py:352} INFO - Marking task as SUCCESS. dag_id=manage_***_roles, task_id=get_owners, run_id=manual__2025-01-30T00:44:42.164833+00:00, execution_date=20250130T004442, start_date=20250130T004445, end_date=20250130T004445
[2025-01-30T00:44:45.780+0000] {logging_mixin.py:190} INFO - Task instance in success state
[2025-01-30T00:44:45.780+0000] {logging_mixin.py:190} INFO -  Previous state of the Task instance: running
[2025-01-30T00:44:45.781+0000] {logging_mixin.py:190} INFO - Dag name:manage_***_roles queued_at:2025-01-30 00:44:42.195644+00:00
[2025-01-30T00:44:45.781+0000] {logging_mixin.py:190} INFO - Task hostname:156798cb3511 operator:_PythonDecoratedOperator
[2025-01-30T00:44:45.827+0000] {local_task_job_runner.py:266} INFO - Task exited with return code 0
[2025-01-30T00:44:45.838+0000] {local_task_job_runner.py:245} INFO - ::endgroup::
