[2025-01-21T01:14:42.148+0000] {processor.py:186} INFO - Started process (PID=107) to work on /home/airflow/.local/lib/python3.12/site-packages/airflow/example_dags/example_display_name.py
[2025-01-21T01:14:42.149+0000] {processor.py:914} INFO - Processing file /home/airflow/.local/lib/python3.12/site-packages/airflow/example_dags/example_display_name.py for tasks to queue
[2025-01-21T01:14:42.150+0000] {logging_mixin.py:190} INFO - [2025-01-21T01:14:42.150+0000] {dagbag.py:588} INFO - Filling up the DagBag from /home/airflow/.local/lib/python3.12/site-packages/airflow/example_dags/example_display_name.py
[2025-01-21T01:14:42.158+0000] {processor.py:925} INFO - DAG(s) 'example_display_name' retrieved from /home/airflow/.local/lib/python3.12/site-packages/airflow/example_dags/example_display_name.py
[2025-01-21T01:14:42.179+0000] {logging_mixin.py:190} INFO - [2025-01-21T01:14:42.178+0000] {dag.py:3239} INFO - Sync 1 DAGs
[2025-01-21T01:14:42.194+0000] {logging_mixin.py:190} INFO - [2025-01-21T01:14:42.194+0000] {dag.py:4180} INFO - Setting next_dagrun for example_display_name to None, run_after=None
[2025-01-21T01:14:42.213+0000] {processor.py:208} INFO - Processing /home/airflow/.local/lib/python3.12/site-packages/airflow/example_dags/example_display_name.py took 0.070 seconds
[2025-01-21T01:15:13.277+0000] {processor.py:186} INFO - Started process (PID=171) to work on /home/airflow/.local/lib/python3.12/site-packages/airflow/example_dags/example_display_name.py
[2025-01-21T01:15:13.278+0000] {processor.py:914} INFO - Processing file /home/airflow/.local/lib/python3.12/site-packages/airflow/example_dags/example_display_name.py for tasks to queue
[2025-01-21T01:15:13.279+0000] {logging_mixin.py:190} INFO - [2025-01-21T01:15:13.279+0000] {dagbag.py:588} INFO - Filling up the DagBag from /home/airflow/.local/lib/python3.12/site-packages/airflow/example_dags/example_display_name.py
[2025-01-21T01:15:13.286+0000] {processor.py:925} INFO - DAG(s) 'example_display_name' retrieved from /home/airflow/.local/lib/python3.12/site-packages/airflow/example_dags/example_display_name.py
[2025-01-21T01:15:13.308+0000] {logging_mixin.py:190} INFO - [2025-01-21T01:15:13.308+0000] {dag.py:3239} INFO - Sync 1 DAGs
[2025-01-21T01:15:13.328+0000] {logging_mixin.py:190} INFO - [2025-01-21T01:15:13.328+0000] {dag.py:4180} INFO - Setting next_dagrun for example_display_name to None, run_after=None
[2025-01-21T01:15:13.353+0000] {processor.py:208} INFO - Processing /home/airflow/.local/lib/python3.12/site-packages/airflow/example_dags/example_display_name.py took 0.081 seconds
[2025-01-21T01:15:44.281+0000] {processor.py:186} INFO - Started process (PID=235) to work on /home/airflow/.local/lib/python3.12/site-packages/airflow/example_dags/example_display_name.py
[2025-01-21T01:15:44.282+0000] {processor.py:914} INFO - Processing file /home/airflow/.local/lib/python3.12/site-packages/airflow/example_dags/example_display_name.py for tasks to queue
[2025-01-21T01:15:44.284+0000] {logging_mixin.py:190} INFO - [2025-01-21T01:15:44.284+0000] {dagbag.py:588} INFO - Filling up the DagBag from /home/airflow/.local/lib/python3.12/site-packages/airflow/example_dags/example_display_name.py
[2025-01-21T01:15:44.292+0000] {processor.py:925} INFO - DAG(s) 'example_display_name' retrieved from /home/airflow/.local/lib/python3.12/site-packages/airflow/example_dags/example_display_name.py
[2025-01-21T01:15:44.311+0000] {logging_mixin.py:190} INFO - [2025-01-21T01:15:44.311+0000] {dag.py:3239} INFO - Sync 1 DAGs
[2025-01-21T01:15:44.327+0000] {logging_mixin.py:190} INFO - [2025-01-21T01:15:44.327+0000] {dag.py:4180} INFO - Setting next_dagrun for example_display_name to None, run_after=None
[2025-01-21T01:15:44.347+0000] {processor.py:208} INFO - Processing /home/airflow/.local/lib/python3.12/site-packages/airflow/example_dags/example_display_name.py took 0.072 seconds
[2025-01-21T01:16:15.555+0000] {processor.py:186} INFO - Started process (PID=299) to work on /home/airflow/.local/lib/python3.12/site-packages/airflow/example_dags/example_display_name.py
[2025-01-21T01:16:15.556+0000] {processor.py:914} INFO - Processing file /home/airflow/.local/lib/python3.12/site-packages/airflow/example_dags/example_display_name.py for tasks to queue
[2025-01-21T01:16:15.558+0000] {logging_mixin.py:190} INFO - [2025-01-21T01:16:15.558+0000] {dagbag.py:588} INFO - Filling up the DagBag from /home/airflow/.local/lib/python3.12/site-packages/airflow/example_dags/example_display_name.py
[2025-01-21T01:16:15.565+0000] {processor.py:925} INFO - DAG(s) 'example_display_name' retrieved from /home/airflow/.local/lib/python3.12/site-packages/airflow/example_dags/example_display_name.py
[2025-01-21T01:16:15.583+0000] {logging_mixin.py:190} INFO - [2025-01-21T01:16:15.582+0000] {dag.py:3239} INFO - Sync 1 DAGs
[2025-01-21T01:16:15.596+0000] {logging_mixin.py:190} INFO - [2025-01-21T01:16:15.596+0000] {dag.py:4180} INFO - Setting next_dagrun for example_display_name to None, run_after=None
[2025-01-21T01:16:15.616+0000] {processor.py:208} INFO - Processing /home/airflow/.local/lib/python3.12/site-packages/airflow/example_dags/example_display_name.py took 0.066 seconds
[2025-01-21T01:16:46.578+0000] {processor.py:186} INFO - Started process (PID=363) to work on /home/airflow/.local/lib/python3.12/site-packages/airflow/example_dags/example_display_name.py
[2025-01-21T01:16:46.589+0000] {processor.py:914} INFO - Processing file /home/airflow/.local/lib/python3.12/site-packages/airflow/example_dags/example_display_name.py for tasks to queue
[2025-01-21T01:16:46.591+0000] {logging_mixin.py:190} INFO - [2025-01-21T01:16:46.591+0000] {dagbag.py:588} INFO - Filling up the DagBag from /home/airflow/.local/lib/python3.12/site-packages/airflow/example_dags/example_display_name.py
[2025-01-21T01:16:46.600+0000] {processor.py:925} INFO - DAG(s) 'example_display_name' retrieved from /home/airflow/.local/lib/python3.12/site-packages/airflow/example_dags/example_display_name.py
[2025-01-21T01:16:46.625+0000] {logging_mixin.py:190} INFO - [2025-01-21T01:16:46.624+0000] {dag.py:3239} INFO - Sync 1 DAGs
[2025-01-21T01:16:46.646+0000] {logging_mixin.py:190} INFO - [2025-01-21T01:16:46.645+0000] {dag.py:4180} INFO - Setting next_dagrun for example_display_name to None, run_after=None
[2025-01-21T01:16:46.683+0000] {processor.py:208} INFO - Processing /home/airflow/.local/lib/python3.12/site-packages/airflow/example_dags/example_display_name.py took 0.113 seconds
[2025-01-21T01:17:17.997+0000] {processor.py:186} INFO - Started process (PID=427) to work on /home/airflow/.local/lib/python3.12/site-packages/airflow/example_dags/example_display_name.py
[2025-01-21T01:17:17.998+0000] {processor.py:914} INFO - Processing file /home/airflow/.local/lib/python3.12/site-packages/airflow/example_dags/example_display_name.py for tasks to queue
[2025-01-21T01:17:18.001+0000] {logging_mixin.py:190} INFO - [2025-01-21T01:17:18.001+0000] {dagbag.py:588} INFO - Filling up the DagBag from /home/airflow/.local/lib/python3.12/site-packages/airflow/example_dags/example_display_name.py
[2025-01-21T01:17:18.011+0000] {processor.py:925} INFO - DAG(s) 'example_display_name' retrieved from /home/airflow/.local/lib/python3.12/site-packages/airflow/example_dags/example_display_name.py
[2025-01-21T01:17:18.036+0000] {logging_mixin.py:190} INFO - [2025-01-21T01:17:18.036+0000] {dag.py:3239} INFO - Sync 1 DAGs
[2025-01-21T01:17:18.053+0000] {logging_mixin.py:190} INFO - [2025-01-21T01:17:18.052+0000] {dag.py:4180} INFO - Setting next_dagrun for example_display_name to None, run_after=None
[2025-01-21T01:17:18.090+0000] {processor.py:208} INFO - Processing /home/airflow/.local/lib/python3.12/site-packages/airflow/example_dags/example_display_name.py took 0.100 seconds
[2025-01-21T01:17:49.055+0000] {processor.py:186} INFO - Started process (PID=491) to work on /home/airflow/.local/lib/python3.12/site-packages/airflow/example_dags/example_display_name.py
[2025-01-21T01:17:49.056+0000] {processor.py:914} INFO - Processing file /home/airflow/.local/lib/python3.12/site-packages/airflow/example_dags/example_display_name.py for tasks to queue
[2025-01-21T01:17:49.058+0000] {logging_mixin.py:190} INFO - [2025-01-21T01:17:49.058+0000] {dagbag.py:588} INFO - Filling up the DagBag from /home/airflow/.local/lib/python3.12/site-packages/airflow/example_dags/example_display_name.py
[2025-01-21T01:17:49.066+0000] {processor.py:925} INFO - DAG(s) 'example_display_name' retrieved from /home/airflow/.local/lib/python3.12/site-packages/airflow/example_dags/example_display_name.py
[2025-01-21T01:17:49.086+0000] {logging_mixin.py:190} INFO - [2025-01-21T01:17:49.086+0000] {dag.py:3239} INFO - Sync 1 DAGs
[2025-01-21T01:17:49.102+0000] {logging_mixin.py:190} INFO - [2025-01-21T01:17:49.102+0000] {dag.py:4180} INFO - Setting next_dagrun for example_display_name to None, run_after=None
[2025-01-21T01:17:49.121+0000] {processor.py:208} INFO - Processing /home/airflow/.local/lib/python3.12/site-packages/airflow/example_dags/example_display_name.py took 0.073 seconds
[2025-01-21T01:18:19.836+0000] {processor.py:186} INFO - Started process (PID=555) to work on /home/airflow/.local/lib/python3.12/site-packages/airflow/example_dags/example_display_name.py
[2025-01-21T01:18:19.837+0000] {processor.py:914} INFO - Processing file /home/airflow/.local/lib/python3.12/site-packages/airflow/example_dags/example_display_name.py for tasks to queue
[2025-01-21T01:18:19.839+0000] {logging_mixin.py:190} INFO - [2025-01-21T01:18:19.838+0000] {dagbag.py:588} INFO - Filling up the DagBag from /home/airflow/.local/lib/python3.12/site-packages/airflow/example_dags/example_display_name.py
[2025-01-21T01:18:19.846+0000] {processor.py:925} INFO - DAG(s) 'example_display_name' retrieved from /home/airflow/.local/lib/python3.12/site-packages/airflow/example_dags/example_display_name.py
[2025-01-21T01:18:19.866+0000] {logging_mixin.py:190} INFO - [2025-01-21T01:18:19.866+0000] {dag.py:3239} INFO - Sync 1 DAGs
[2025-01-21T01:18:19.882+0000] {logging_mixin.py:190} INFO - [2025-01-21T01:18:19.882+0000] {dag.py:4180} INFO - Setting next_dagrun for example_display_name to None, run_after=None
[2025-01-21T01:18:19.902+0000] {processor.py:208} INFO - Processing /home/airflow/.local/lib/python3.12/site-packages/airflow/example_dags/example_display_name.py took 0.072 seconds
[2025-01-21T01:18:51.309+0000] {processor.py:186} INFO - Started process (PID=619) to work on /home/airflow/.local/lib/python3.12/site-packages/airflow/example_dags/example_display_name.py
[2025-01-21T01:18:51.310+0000] {processor.py:914} INFO - Processing file /home/airflow/.local/lib/python3.12/site-packages/airflow/example_dags/example_display_name.py for tasks to queue
[2025-01-21T01:18:51.312+0000] {logging_mixin.py:190} INFO - [2025-01-21T01:18:51.312+0000] {dagbag.py:588} INFO - Filling up the DagBag from /home/airflow/.local/lib/python3.12/site-packages/airflow/example_dags/example_display_name.py
[2025-01-21T01:18:51.320+0000] {processor.py:925} INFO - DAG(s) 'example_display_name' retrieved from /home/airflow/.local/lib/python3.12/site-packages/airflow/example_dags/example_display_name.py
[2025-01-21T01:18:51.339+0000] {logging_mixin.py:190} INFO - [2025-01-21T01:18:51.339+0000] {dag.py:3239} INFO - Sync 1 DAGs
[2025-01-21T01:18:51.351+0000] {logging_mixin.py:190} INFO - [2025-01-21T01:18:51.351+0000] {dag.py:4180} INFO - Setting next_dagrun for example_display_name to None, run_after=None
[2025-01-21T01:18:51.371+0000] {processor.py:208} INFO - Processing /home/airflow/.local/lib/python3.12/site-packages/airflow/example_dags/example_display_name.py took 0.071 seconds
[2025-01-21T01:19:22.572+0000] {processor.py:186} INFO - Started process (PID=683) to work on /home/airflow/.local/lib/python3.12/site-packages/airflow/example_dags/example_display_name.py
[2025-01-21T01:19:22.573+0000] {processor.py:914} INFO - Processing file /home/airflow/.local/lib/python3.12/site-packages/airflow/example_dags/example_display_name.py for tasks to queue
[2025-01-21T01:19:22.574+0000] {logging_mixin.py:190} INFO - [2025-01-21T01:19:22.574+0000] {dagbag.py:588} INFO - Filling up the DagBag from /home/airflow/.local/lib/python3.12/site-packages/airflow/example_dags/example_display_name.py
[2025-01-21T01:19:22.581+0000] {processor.py:925} INFO - DAG(s) 'example_display_name' retrieved from /home/airflow/.local/lib/python3.12/site-packages/airflow/example_dags/example_display_name.py
[2025-01-21T01:19:22.601+0000] {logging_mixin.py:190} INFO - [2025-01-21T01:19:22.600+0000] {dag.py:3239} INFO - Sync 1 DAGs
[2025-01-21T01:19:22.615+0000] {logging_mixin.py:190} INFO - [2025-01-21T01:19:22.615+0000] {dag.py:4180} INFO - Setting next_dagrun for example_display_name to None, run_after=None
[2025-01-21T01:19:22.636+0000] {processor.py:208} INFO - Processing /home/airflow/.local/lib/python3.12/site-packages/airflow/example_dags/example_display_name.py took 0.070 seconds
[2025-01-21T01:19:54.158+0000] {processor.py:186} INFO - Started process (PID=747) to work on /home/airflow/.local/lib/python3.12/site-packages/airflow/example_dags/example_display_name.py
[2025-01-21T01:19:54.159+0000] {processor.py:914} INFO - Processing file /home/airflow/.local/lib/python3.12/site-packages/airflow/example_dags/example_display_name.py for tasks to queue
[2025-01-21T01:19:54.160+0000] {logging_mixin.py:190} INFO - [2025-01-21T01:19:54.160+0000] {dagbag.py:588} INFO - Filling up the DagBag from /home/airflow/.local/lib/python3.12/site-packages/airflow/example_dags/example_display_name.py
[2025-01-21T01:19:54.167+0000] {processor.py:925} INFO - DAG(s) 'example_display_name' retrieved from /home/airflow/.local/lib/python3.12/site-packages/airflow/example_dags/example_display_name.py
[2025-01-21T01:19:54.188+0000] {logging_mixin.py:190} INFO - [2025-01-21T01:19:54.187+0000] {dag.py:3239} INFO - Sync 1 DAGs
[2025-01-21T01:19:54.205+0000] {logging_mixin.py:190} INFO - [2025-01-21T01:19:54.205+0000] {dag.py:4180} INFO - Setting next_dagrun for example_display_name to None, run_after=None
[2025-01-21T01:19:54.224+0000] {processor.py:208} INFO - Processing /home/airflow/.local/lib/python3.12/site-packages/airflow/example_dags/example_display_name.py took 0.072 seconds
[2025-01-21T01:20:24.973+0000] {processor.py:186} INFO - Started process (PID=811) to work on /home/airflow/.local/lib/python3.12/site-packages/airflow/example_dags/example_display_name.py
[2025-01-21T01:20:24.974+0000] {processor.py:914} INFO - Processing file /home/airflow/.local/lib/python3.12/site-packages/airflow/example_dags/example_display_name.py for tasks to queue
[2025-01-21T01:20:24.976+0000] {logging_mixin.py:190} INFO - [2025-01-21T01:20:24.976+0000] {dagbag.py:588} INFO - Filling up the DagBag from /home/airflow/.local/lib/python3.12/site-packages/airflow/example_dags/example_display_name.py
[2025-01-21T01:20:24.985+0000] {processor.py:925} INFO - DAG(s) 'example_display_name' retrieved from /home/airflow/.local/lib/python3.12/site-packages/airflow/example_dags/example_display_name.py
[2025-01-21T01:20:25.007+0000] {logging_mixin.py:190} INFO - [2025-01-21T01:20:25.007+0000] {dag.py:3239} INFO - Sync 1 DAGs
[2025-01-21T01:20:25.030+0000] {logging_mixin.py:190} INFO - [2025-01-21T01:20:25.030+0000] {dag.py:4180} INFO - Setting next_dagrun for example_display_name to None, run_after=None
[2025-01-21T01:20:25.054+0000] {processor.py:208} INFO - Processing /home/airflow/.local/lib/python3.12/site-packages/airflow/example_dags/example_display_name.py took 0.086 seconds
[2025-01-21T01:20:56.085+0000] {processor.py:186} INFO - Started process (PID=875) to work on /home/airflow/.local/lib/python3.12/site-packages/airflow/example_dags/example_display_name.py
[2025-01-21T01:20:56.086+0000] {processor.py:914} INFO - Processing file /home/airflow/.local/lib/python3.12/site-packages/airflow/example_dags/example_display_name.py for tasks to queue
[2025-01-21T01:20:56.088+0000] {logging_mixin.py:190} INFO - [2025-01-21T01:20:56.088+0000] {dagbag.py:588} INFO - Filling up the DagBag from /home/airflow/.local/lib/python3.12/site-packages/airflow/example_dags/example_display_name.py
[2025-01-21T01:20:56.094+0000] {processor.py:925} INFO - DAG(s) 'example_display_name' retrieved from /home/airflow/.local/lib/python3.12/site-packages/airflow/example_dags/example_display_name.py
[2025-01-21T01:20:56.115+0000] {logging_mixin.py:190} INFO - [2025-01-21T01:20:56.114+0000] {dag.py:3239} INFO - Sync 1 DAGs
[2025-01-21T01:20:56.128+0000] {logging_mixin.py:190} INFO - [2025-01-21T01:20:56.128+0000] {dag.py:4180} INFO - Setting next_dagrun for example_display_name to None, run_after=None
[2025-01-21T01:20:56.149+0000] {processor.py:208} INFO - Processing /home/airflow/.local/lib/python3.12/site-packages/airflow/example_dags/example_display_name.py took 0.069 seconds
[2025-01-21T01:21:27.218+0000] {processor.py:186} INFO - Started process (PID=939) to work on /home/airflow/.local/lib/python3.12/site-packages/airflow/example_dags/example_display_name.py
[2025-01-21T01:21:27.219+0000] {processor.py:914} INFO - Processing file /home/airflow/.local/lib/python3.12/site-packages/airflow/example_dags/example_display_name.py for tasks to queue
[2025-01-21T01:21:27.221+0000] {logging_mixin.py:190} INFO - [2025-01-21T01:21:27.221+0000] {dagbag.py:588} INFO - Filling up the DagBag from /home/airflow/.local/lib/python3.12/site-packages/airflow/example_dags/example_display_name.py
[2025-01-21T01:21:27.228+0000] {processor.py:925} INFO - DAG(s) 'example_display_name' retrieved from /home/airflow/.local/lib/python3.12/site-packages/airflow/example_dags/example_display_name.py
[2025-01-21T01:21:27.249+0000] {logging_mixin.py:190} INFO - [2025-01-21T01:21:27.249+0000] {dag.py:3239} INFO - Sync 1 DAGs
[2025-01-21T01:21:27.273+0000] {logging_mixin.py:190} INFO - [2025-01-21T01:21:27.273+0000] {dag.py:4180} INFO - Setting next_dagrun for example_display_name to None, run_after=None
[2025-01-21T01:21:27.296+0000] {processor.py:208} INFO - Processing /home/airflow/.local/lib/python3.12/site-packages/airflow/example_dags/example_display_name.py took 0.084 seconds
[2025-01-21T01:21:58.061+0000] {processor.py:186} INFO - Started process (PID=1002) to work on /home/airflow/.local/lib/python3.12/site-packages/airflow/example_dags/example_display_name.py
[2025-01-21T01:21:58.062+0000] {processor.py:914} INFO - Processing file /home/airflow/.local/lib/python3.12/site-packages/airflow/example_dags/example_display_name.py for tasks to queue
[2025-01-21T01:21:58.065+0000] {logging_mixin.py:190} INFO - [2025-01-21T01:21:58.065+0000] {dagbag.py:588} INFO - Filling up the DagBag from /home/airflow/.local/lib/python3.12/site-packages/airflow/example_dags/example_display_name.py
[2025-01-21T01:21:58.076+0000] {processor.py:925} INFO - DAG(s) 'example_display_name' retrieved from /home/airflow/.local/lib/python3.12/site-packages/airflow/example_dags/example_display_name.py
[2025-01-21T01:21:58.103+0000] {logging_mixin.py:190} INFO - [2025-01-21T01:21:58.102+0000] {dag.py:3239} INFO - Sync 1 DAGs
[2025-01-21T01:21:58.120+0000] {logging_mixin.py:190} INFO - [2025-01-21T01:21:58.120+0000] {dag.py:4180} INFO - Setting next_dagrun for example_display_name to None, run_after=None
[2025-01-21T01:21:58.144+0000] {processor.py:208} INFO - Processing /home/airflow/.local/lib/python3.12/site-packages/airflow/example_dags/example_display_name.py took 0.092 seconds
[2025-01-21T01:22:28.770+0000] {processor.py:186} INFO - Started process (PID=1070) to work on /home/airflow/.local/lib/python3.12/site-packages/airflow/example_dags/example_display_name.py
[2025-01-21T01:22:28.772+0000] {processor.py:914} INFO - Processing file /home/airflow/.local/lib/python3.12/site-packages/airflow/example_dags/example_display_name.py for tasks to queue
[2025-01-21T01:22:28.775+0000] {logging_mixin.py:190} INFO - [2025-01-21T01:22:28.775+0000] {dagbag.py:588} INFO - Filling up the DagBag from /home/airflow/.local/lib/python3.12/site-packages/airflow/example_dags/example_display_name.py
[2025-01-21T01:22:28.787+0000] {processor.py:925} INFO - DAG(s) 'example_display_name' retrieved from /home/airflow/.local/lib/python3.12/site-packages/airflow/example_dags/example_display_name.py
[2025-01-21T01:22:28.816+0000] {logging_mixin.py:190} INFO - [2025-01-21T01:22:28.816+0000] {dag.py:3239} INFO - Sync 1 DAGs
[2025-01-21T01:22:28.842+0000] {logging_mixin.py:190} INFO - [2025-01-21T01:22:28.841+0000] {dag.py:4180} INFO - Setting next_dagrun for example_display_name to None, run_after=None
[2025-01-21T01:22:28.876+0000] {processor.py:208} INFO - Processing /home/airflow/.local/lib/python3.12/site-packages/airflow/example_dags/example_display_name.py took 0.116 seconds
[2025-01-21T01:22:59.517+0000] {processor.py:186} INFO - Started process (PID=1134) to work on /home/airflow/.local/lib/python3.12/site-packages/airflow/example_dags/example_display_name.py
[2025-01-21T01:22:59.518+0000] {processor.py:914} INFO - Processing file /home/airflow/.local/lib/python3.12/site-packages/airflow/example_dags/example_display_name.py for tasks to queue
[2025-01-21T01:22:59.520+0000] {logging_mixin.py:190} INFO - [2025-01-21T01:22:59.520+0000] {dagbag.py:588} INFO - Filling up the DagBag from /home/airflow/.local/lib/python3.12/site-packages/airflow/example_dags/example_display_name.py
[2025-01-21T01:22:59.528+0000] {processor.py:925} INFO - DAG(s) 'example_display_name' retrieved from /home/airflow/.local/lib/python3.12/site-packages/airflow/example_dags/example_display_name.py
[2025-01-21T01:22:59.547+0000] {logging_mixin.py:190} INFO - [2025-01-21T01:22:59.547+0000] {dag.py:3239} INFO - Sync 1 DAGs
[2025-01-21T01:22:59.562+0000] {logging_mixin.py:190} INFO - [2025-01-21T01:22:59.562+0000] {dag.py:4180} INFO - Setting next_dagrun for example_display_name to None, run_after=None
[2025-01-21T01:22:59.584+0000] {processor.py:208} INFO - Processing /home/airflow/.local/lib/python3.12/site-packages/airflow/example_dags/example_display_name.py took 0.073 seconds
[2025-01-21T01:23:30.666+0000] {processor.py:186} INFO - Started process (PID=1198) to work on /home/airflow/.local/lib/python3.12/site-packages/airflow/example_dags/example_display_name.py
[2025-01-21T01:23:30.667+0000] {processor.py:914} INFO - Processing file /home/airflow/.local/lib/python3.12/site-packages/airflow/example_dags/example_display_name.py for tasks to queue
[2025-01-21T01:23:30.670+0000] {logging_mixin.py:190} INFO - [2025-01-21T01:23:30.669+0000] {dagbag.py:588} INFO - Filling up the DagBag from /home/airflow/.local/lib/python3.12/site-packages/airflow/example_dags/example_display_name.py
[2025-01-21T01:23:30.677+0000] {processor.py:925} INFO - DAG(s) 'example_display_name' retrieved from /home/airflow/.local/lib/python3.12/site-packages/airflow/example_dags/example_display_name.py
[2025-01-21T01:23:30.700+0000] {logging_mixin.py:190} INFO - [2025-01-21T01:23:30.700+0000] {dag.py:3239} INFO - Sync 1 DAGs
[2025-01-21T01:23:30.718+0000] {logging_mixin.py:190} INFO - [2025-01-21T01:23:30.718+0000] {dag.py:4180} INFO - Setting next_dagrun for example_display_name to None, run_after=None
[2025-01-21T01:23:30.742+0000] {processor.py:208} INFO - Processing /home/airflow/.local/lib/python3.12/site-packages/airflow/example_dags/example_display_name.py took 0.083 seconds
[2025-01-21T01:24:01.485+0000] {processor.py:186} INFO - Started process (PID=1262) to work on /home/airflow/.local/lib/python3.12/site-packages/airflow/example_dags/example_display_name.py
[2025-01-21T01:24:01.486+0000] {processor.py:914} INFO - Processing file /home/airflow/.local/lib/python3.12/site-packages/airflow/example_dags/example_display_name.py for tasks to queue
[2025-01-21T01:24:01.488+0000] {logging_mixin.py:190} INFO - [2025-01-21T01:24:01.488+0000] {dagbag.py:588} INFO - Filling up the DagBag from /home/airflow/.local/lib/python3.12/site-packages/airflow/example_dags/example_display_name.py
[2025-01-21T01:24:01.500+0000] {processor.py:925} INFO - DAG(s) 'example_display_name' retrieved from /home/airflow/.local/lib/python3.12/site-packages/airflow/example_dags/example_display_name.py
[2025-01-21T01:24:01.526+0000] {logging_mixin.py:190} INFO - [2025-01-21T01:24:01.526+0000] {dag.py:3239} INFO - Sync 1 DAGs
[2025-01-21T01:24:01.547+0000] {logging_mixin.py:190} INFO - [2025-01-21T01:24:01.547+0000] {dag.py:4180} INFO - Setting next_dagrun for example_display_name to None, run_after=None
[2025-01-21T01:24:01.574+0000] {processor.py:208} INFO - Processing /home/airflow/.local/lib/python3.12/site-packages/airflow/example_dags/example_display_name.py took 0.096 seconds
[2025-01-21T01:24:31.610+0000] {processor.py:186} INFO - Started process (PID=1325) to work on /home/airflow/.local/lib/python3.12/site-packages/airflow/example_dags/example_display_name.py
[2025-01-21T01:24:31.611+0000] {processor.py:914} INFO - Processing file /home/airflow/.local/lib/python3.12/site-packages/airflow/example_dags/example_display_name.py for tasks to queue
[2025-01-21T01:24:31.613+0000] {logging_mixin.py:190} INFO - [2025-01-21T01:24:31.613+0000] {dagbag.py:588} INFO - Filling up the DagBag from /home/airflow/.local/lib/python3.12/site-packages/airflow/example_dags/example_display_name.py
[2025-01-21T01:24:31.622+0000] {processor.py:925} INFO - DAG(s) 'example_display_name' retrieved from /home/airflow/.local/lib/python3.12/site-packages/airflow/example_dags/example_display_name.py
[2025-01-21T01:24:31.643+0000] {logging_mixin.py:190} INFO - [2025-01-21T01:24:31.643+0000] {dag.py:3239} INFO - Sync 1 DAGs
[2025-01-21T01:24:31.661+0000] {logging_mixin.py:190} INFO - [2025-01-21T01:24:31.661+0000] {dag.py:4180} INFO - Setting next_dagrun for example_display_name to None, run_after=None
[2025-01-21T01:24:31.683+0000] {processor.py:208} INFO - Processing /home/airflow/.local/lib/python3.12/site-packages/airflow/example_dags/example_display_name.py took 0.080 seconds
[2025-01-21T01:25:01.936+0000] {processor.py:186} INFO - Started process (PID=1389) to work on /home/airflow/.local/lib/python3.12/site-packages/airflow/example_dags/example_display_name.py
[2025-01-21T01:25:01.938+0000] {processor.py:914} INFO - Processing file /home/airflow/.local/lib/python3.12/site-packages/airflow/example_dags/example_display_name.py for tasks to queue
[2025-01-21T01:25:01.940+0000] {logging_mixin.py:190} INFO - [2025-01-21T01:25:01.940+0000] {dagbag.py:588} INFO - Filling up the DagBag from /home/airflow/.local/lib/python3.12/site-packages/airflow/example_dags/example_display_name.py
[2025-01-21T01:25:01.949+0000] {processor.py:925} INFO - DAG(s) 'example_display_name' retrieved from /home/airflow/.local/lib/python3.12/site-packages/airflow/example_dags/example_display_name.py
[2025-01-21T01:25:01.980+0000] {logging_mixin.py:190} INFO - [2025-01-21T01:25:01.979+0000] {dag.py:3239} INFO - Sync 1 DAGs
[2025-01-21T01:25:02.022+0000] {logging_mixin.py:190} INFO - [2025-01-21T01:25:02.022+0000] {dag.py:4180} INFO - Setting next_dagrun for example_display_name to None, run_after=None
[2025-01-21T01:25:02.066+0000] {processor.py:208} INFO - Processing /home/airflow/.local/lib/python3.12/site-packages/airflow/example_dags/example_display_name.py took 0.137 seconds
[2025-01-21T01:25:32.481+0000] {processor.py:186} INFO - Started process (PID=1454) to work on /home/airflow/.local/lib/python3.12/site-packages/airflow/example_dags/example_display_name.py
[2025-01-21T01:25:32.483+0000] {processor.py:914} INFO - Processing file /home/airflow/.local/lib/python3.12/site-packages/airflow/example_dags/example_display_name.py for tasks to queue
[2025-01-21T01:25:32.485+0000] {logging_mixin.py:190} INFO - [2025-01-21T01:25:32.485+0000] {dagbag.py:588} INFO - Filling up the DagBag from /home/airflow/.local/lib/python3.12/site-packages/airflow/example_dags/example_display_name.py
[2025-01-21T01:25:32.493+0000] {processor.py:925} INFO - DAG(s) 'example_display_name' retrieved from /home/airflow/.local/lib/python3.12/site-packages/airflow/example_dags/example_display_name.py
[2025-01-21T01:25:32.529+0000] {logging_mixin.py:190} INFO - [2025-01-21T01:25:32.528+0000] {dag.py:3239} INFO - Sync 1 DAGs
[2025-01-21T01:25:32.554+0000] {logging_mixin.py:190} INFO - [2025-01-21T01:25:32.554+0000] {dag.py:4180} INFO - Setting next_dagrun for example_display_name to None, run_after=None
[2025-01-21T01:25:32.599+0000] {processor.py:208} INFO - Processing /home/airflow/.local/lib/python3.12/site-packages/airflow/example_dags/example_display_name.py took 0.125 seconds
[2025-01-21T01:26:03.370+0000] {processor.py:186} INFO - Started process (PID=1518) to work on /home/airflow/.local/lib/python3.12/site-packages/airflow/example_dags/example_display_name.py
[2025-01-21T01:26:03.372+0000] {processor.py:914} INFO - Processing file /home/airflow/.local/lib/python3.12/site-packages/airflow/example_dags/example_display_name.py for tasks to queue
[2025-01-21T01:26:03.374+0000] {logging_mixin.py:190} INFO - [2025-01-21T01:26:03.374+0000] {dagbag.py:588} INFO - Filling up the DagBag from /home/airflow/.local/lib/python3.12/site-packages/airflow/example_dags/example_display_name.py
[2025-01-21T01:26:03.382+0000] {processor.py:925} INFO - DAG(s) 'example_display_name' retrieved from /home/airflow/.local/lib/python3.12/site-packages/airflow/example_dags/example_display_name.py
[2025-01-21T01:26:03.404+0000] {logging_mixin.py:190} INFO - [2025-01-21T01:26:03.404+0000] {dag.py:3239} INFO - Sync 1 DAGs
[2025-01-21T01:26:03.426+0000] {logging_mixin.py:190} INFO - [2025-01-21T01:26:03.425+0000] {dag.py:4180} INFO - Setting next_dagrun for example_display_name to None, run_after=None
[2025-01-21T01:26:03.462+0000] {processor.py:208} INFO - Processing /home/airflow/.local/lib/python3.12/site-packages/airflow/example_dags/example_display_name.py took 0.098 seconds
