[2025-01-21T01:14:41.464+0000] {processor.py:186} INFO - Started process (PID=98) to work on /home/airflow/.local/lib/python3.12/site-packages/airflow/example_dags/example_branch_operator_decorator.py
[2025-01-21T01:14:41.464+0000] {processor.py:914} INFO - Processing file /home/airflow/.local/lib/python3.12/site-packages/airflow/example_dags/example_branch_operator_decorator.py for tasks to queue
[2025-01-21T01:14:41.466+0000] {logging_mixin.py:190} INFO - [2025-01-21T01:14:41.466+0000] {dagbag.py:588} INFO - Filling up the DagBag from /home/airflow/.local/lib/python3.12/site-packages/airflow/example_dags/example_branch_operator_decorator.py
[2025-01-21T01:14:41.487+0000] {processor.py:925} INFO - DAG(s) 'example_branch_python_operator_decorator' retrieved from /home/airflow/.local/lib/python3.12/site-packages/airflow/example_dags/example_branch_operator_decorator.py
[2025-01-21T01:14:41.614+0000] {logging_mixin.py:190} INFO - [2025-01-21T01:14:41.614+0000] {dag.py:3239} INFO - Sync 1 DAGs
[2025-01-21T01:14:41.637+0000] {logging_mixin.py:190} INFO - [2025-01-21T01:14:41.637+0000] {dag.py:4180} INFO - Setting next_dagrun for example_branch_python_operator_decorator to 2025-01-20 00:00:00+00:00, run_after=2025-01-21 00:00:00+00:00
[2025-01-21T01:14:41.657+0000] {processor.py:208} INFO - Processing /home/airflow/.local/lib/python3.12/site-packages/airflow/example_dags/example_branch_operator_decorator.py took 0.199 seconds
[2025-01-21T01:15:12.655+0000] {processor.py:186} INFO - Started process (PID=162) to work on /home/airflow/.local/lib/python3.12/site-packages/airflow/example_dags/example_branch_operator_decorator.py
[2025-01-21T01:15:12.657+0000] {processor.py:914} INFO - Processing file /home/airflow/.local/lib/python3.12/site-packages/airflow/example_dags/example_branch_operator_decorator.py for tasks to queue
[2025-01-21T01:15:12.659+0000] {logging_mixin.py:190} INFO - [2025-01-21T01:15:12.658+0000] {dagbag.py:588} INFO - Filling up the DagBag from /home/airflow/.local/lib/python3.12/site-packages/airflow/example_dags/example_branch_operator_decorator.py
[2025-01-21T01:15:12.679+0000] {processor.py:925} INFO - DAG(s) 'example_branch_python_operator_decorator' retrieved from /home/airflow/.local/lib/python3.12/site-packages/airflow/example_dags/example_branch_operator_decorator.py
[2025-01-21T01:15:12.706+0000] {logging_mixin.py:190} INFO - [2025-01-21T01:15:12.706+0000] {dag.py:3239} INFO - Sync 1 DAGs
[2025-01-21T01:15:12.730+0000] {logging_mixin.py:190} INFO - [2025-01-21T01:15:12.730+0000] {dag.py:4180} INFO - Setting next_dagrun for example_branch_python_operator_decorator to 2025-01-20 00:00:00+00:00, run_after=2025-01-21 00:00:00+00:00
[2025-01-21T01:15:12.749+0000] {processor.py:208} INFO - Processing /home/airflow/.local/lib/python3.12/site-packages/airflow/example_dags/example_branch_operator_decorator.py took 0.099 seconds
[2025-01-21T01:15:43.670+0000] {processor.py:186} INFO - Started process (PID=226) to work on /home/airflow/.local/lib/python3.12/site-packages/airflow/example_dags/example_branch_operator_decorator.py
[2025-01-21T01:15:43.671+0000] {processor.py:914} INFO - Processing file /home/airflow/.local/lib/python3.12/site-packages/airflow/example_dags/example_branch_operator_decorator.py for tasks to queue
[2025-01-21T01:15:43.673+0000] {logging_mixin.py:190} INFO - [2025-01-21T01:15:43.672+0000] {dagbag.py:588} INFO - Filling up the DagBag from /home/airflow/.local/lib/python3.12/site-packages/airflow/example_dags/example_branch_operator_decorator.py
[2025-01-21T01:15:43.697+0000] {processor.py:925} INFO - DAG(s) 'example_branch_python_operator_decorator' retrieved from /home/airflow/.local/lib/python3.12/site-packages/airflow/example_dags/example_branch_operator_decorator.py
[2025-01-21T01:15:43.726+0000] {logging_mixin.py:190} INFO - [2025-01-21T01:15:43.726+0000] {dag.py:3239} INFO - Sync 1 DAGs
[2025-01-21T01:15:43.754+0000] {logging_mixin.py:190} INFO - [2025-01-21T01:15:43.753+0000] {dag.py:4180} INFO - Setting next_dagrun for example_branch_python_operator_decorator to 2025-01-20 00:00:00+00:00, run_after=2025-01-21 00:00:00+00:00
[2025-01-21T01:15:43.773+0000] {processor.py:208} INFO - Processing /home/airflow/.local/lib/python3.12/site-packages/airflow/example_dags/example_branch_operator_decorator.py took 0.109 seconds
[2025-01-21T01:16:14.931+0000] {processor.py:186} INFO - Started process (PID=290) to work on /home/airflow/.local/lib/python3.12/site-packages/airflow/example_dags/example_branch_operator_decorator.py
[2025-01-21T01:16:14.932+0000] {processor.py:914} INFO - Processing file /home/airflow/.local/lib/python3.12/site-packages/airflow/example_dags/example_branch_operator_decorator.py for tasks to queue
[2025-01-21T01:16:14.934+0000] {logging_mixin.py:190} INFO - [2025-01-21T01:16:14.934+0000] {dagbag.py:588} INFO - Filling up the DagBag from /home/airflow/.local/lib/python3.12/site-packages/airflow/example_dags/example_branch_operator_decorator.py
[2025-01-21T01:16:14.953+0000] {processor.py:925} INFO - DAG(s) 'example_branch_python_operator_decorator' retrieved from /home/airflow/.local/lib/python3.12/site-packages/airflow/example_dags/example_branch_operator_decorator.py
[2025-01-21T01:16:14.985+0000] {logging_mixin.py:190} INFO - [2025-01-21T01:16:14.985+0000] {dag.py:3239} INFO - Sync 1 DAGs
[2025-01-21T01:16:15.011+0000] {logging_mixin.py:190} INFO - [2025-01-21T01:16:15.011+0000] {dag.py:4180} INFO - Setting next_dagrun for example_branch_python_operator_decorator to 2025-01-20 00:00:00+00:00, run_after=2025-01-21 00:00:00+00:00
[2025-01-21T01:16:15.031+0000] {processor.py:208} INFO - Processing /home/airflow/.local/lib/python3.12/site-packages/airflow/example_dags/example_branch_operator_decorator.py took 0.105 seconds
[2025-01-21T01:16:45.953+0000] {processor.py:186} INFO - Started process (PID=354) to work on /home/airflow/.local/lib/python3.12/site-packages/airflow/example_dags/example_branch_operator_decorator.py
[2025-01-21T01:16:45.957+0000] {processor.py:914} INFO - Processing file /home/airflow/.local/lib/python3.12/site-packages/airflow/example_dags/example_branch_operator_decorator.py for tasks to queue
[2025-01-21T01:16:45.959+0000] {logging_mixin.py:190} INFO - [2025-01-21T01:16:45.959+0000] {dagbag.py:588} INFO - Filling up the DagBag from /home/airflow/.local/lib/python3.12/site-packages/airflow/example_dags/example_branch_operator_decorator.py
[2025-01-21T01:16:45.978+0000] {processor.py:925} INFO - DAG(s) 'example_branch_python_operator_decorator' retrieved from /home/airflow/.local/lib/python3.12/site-packages/airflow/example_dags/example_branch_operator_decorator.py
[2025-01-21T01:16:46.005+0000] {logging_mixin.py:190} INFO - [2025-01-21T01:16:46.005+0000] {dag.py:3239} INFO - Sync 1 DAGs
[2025-01-21T01:16:46.034+0000] {logging_mixin.py:190} INFO - [2025-01-21T01:16:46.034+0000] {dag.py:4180} INFO - Setting next_dagrun for example_branch_python_operator_decorator to 2025-01-20 00:00:00+00:00, run_after=2025-01-21 00:00:00+00:00
[2025-01-21T01:16:46.063+0000] {processor.py:208} INFO - Processing /home/airflow/.local/lib/python3.12/site-packages/airflow/example_dags/example_branch_operator_decorator.py took 0.116 seconds
[2025-01-21T01:17:17.370+0000] {processor.py:186} INFO - Started process (PID=418) to work on /home/airflow/.local/lib/python3.12/site-packages/airflow/example_dags/example_branch_operator_decorator.py
[2025-01-21T01:17:17.377+0000] {processor.py:914} INFO - Processing file /home/airflow/.local/lib/python3.12/site-packages/airflow/example_dags/example_branch_operator_decorator.py for tasks to queue
[2025-01-21T01:17:17.379+0000] {logging_mixin.py:190} INFO - [2025-01-21T01:17:17.379+0000] {dagbag.py:588} INFO - Filling up the DagBag from /home/airflow/.local/lib/python3.12/site-packages/airflow/example_dags/example_branch_operator_decorator.py
[2025-01-21T01:17:17.398+0000] {processor.py:925} INFO - DAG(s) 'example_branch_python_operator_decorator' retrieved from /home/airflow/.local/lib/python3.12/site-packages/airflow/example_dags/example_branch_operator_decorator.py
[2025-01-21T01:17:17.426+0000] {logging_mixin.py:190} INFO - [2025-01-21T01:17:17.426+0000] {dag.py:3239} INFO - Sync 1 DAGs
[2025-01-21T01:17:17.451+0000] {logging_mixin.py:190} INFO - [2025-01-21T01:17:17.450+0000] {dag.py:4180} INFO - Setting next_dagrun for example_branch_python_operator_decorator to 2025-01-20 00:00:00+00:00, run_after=2025-01-21 00:00:00+00:00
[2025-01-21T01:17:17.472+0000] {processor.py:208} INFO - Processing /home/airflow/.local/lib/python3.12/site-packages/airflow/example_dags/example_branch_operator_decorator.py took 0.107 seconds
[2025-01-21T01:17:48.471+0000] {processor.py:186} INFO - Started process (PID=482) to work on /home/airflow/.local/lib/python3.12/site-packages/airflow/example_dags/example_branch_operator_decorator.py
[2025-01-21T01:17:48.472+0000] {processor.py:914} INFO - Processing file /home/airflow/.local/lib/python3.12/site-packages/airflow/example_dags/example_branch_operator_decorator.py for tasks to queue
[2025-01-21T01:17:48.474+0000] {logging_mixin.py:190} INFO - [2025-01-21T01:17:48.474+0000] {dagbag.py:588} INFO - Filling up the DagBag from /home/airflow/.local/lib/python3.12/site-packages/airflow/example_dags/example_branch_operator_decorator.py
[2025-01-21T01:17:48.501+0000] {processor.py:925} INFO - DAG(s) 'example_branch_python_operator_decorator' retrieved from /home/airflow/.local/lib/python3.12/site-packages/airflow/example_dags/example_branch_operator_decorator.py
[2025-01-21T01:17:48.531+0000] {logging_mixin.py:190} INFO - [2025-01-21T01:17:48.531+0000] {dag.py:3239} INFO - Sync 1 DAGs
[2025-01-21T01:17:48.556+0000] {logging_mixin.py:190} INFO - [2025-01-21T01:17:48.556+0000] {dag.py:4180} INFO - Setting next_dagrun for example_branch_python_operator_decorator to 2025-01-20 00:00:00+00:00, run_after=2025-01-21 00:00:00+00:00
[2025-01-21T01:17:48.576+0000] {processor.py:208} INFO - Processing /home/airflow/.local/lib/python3.12/site-packages/airflow/example_dags/example_branch_operator_decorator.py took 0.110 seconds
[2025-01-21T01:18:19.273+0000] {processor.py:186} INFO - Started process (PID=546) to work on /home/airflow/.local/lib/python3.12/site-packages/airflow/example_dags/example_branch_operator_decorator.py
[2025-01-21T01:18:19.274+0000] {processor.py:914} INFO - Processing file /home/airflow/.local/lib/python3.12/site-packages/airflow/example_dags/example_branch_operator_decorator.py for tasks to queue
[2025-01-21T01:18:19.277+0000] {logging_mixin.py:190} INFO - [2025-01-21T01:18:19.277+0000] {dagbag.py:588} INFO - Filling up the DagBag from /home/airflow/.local/lib/python3.12/site-packages/airflow/example_dags/example_branch_operator_decorator.py
[2025-01-21T01:18:19.304+0000] {processor.py:925} INFO - DAG(s) 'example_branch_python_operator_decorator' retrieved from /home/airflow/.local/lib/python3.12/site-packages/airflow/example_dags/example_branch_operator_decorator.py
[2025-01-21T01:18:19.338+0000] {logging_mixin.py:190} INFO - [2025-01-21T01:18:19.337+0000] {dag.py:3239} INFO - Sync 1 DAGs
[2025-01-21T01:18:19.363+0000] {logging_mixin.py:190} INFO - [2025-01-21T01:18:19.363+0000] {dag.py:4180} INFO - Setting next_dagrun for example_branch_python_operator_decorator to 2025-01-20 00:00:00+00:00, run_after=2025-01-21 00:00:00+00:00
[2025-01-21T01:18:19.384+0000] {processor.py:208} INFO - Processing /home/airflow/.local/lib/python3.12/site-packages/airflow/example_dags/example_branch_operator_decorator.py took 0.119 seconds
[2025-01-21T01:18:50.657+0000] {processor.py:186} INFO - Started process (PID=610) to work on /home/airflow/.local/lib/python3.12/site-packages/airflow/example_dags/example_branch_operator_decorator.py
[2025-01-21T01:18:50.658+0000] {processor.py:914} INFO - Processing file /home/airflow/.local/lib/python3.12/site-packages/airflow/example_dags/example_branch_operator_decorator.py for tasks to queue
[2025-01-21T01:18:50.660+0000] {logging_mixin.py:190} INFO - [2025-01-21T01:18:50.660+0000] {dagbag.py:588} INFO - Filling up the DagBag from /home/airflow/.local/lib/python3.12/site-packages/airflow/example_dags/example_branch_operator_decorator.py
[2025-01-21T01:18:50.681+0000] {processor.py:925} INFO - DAG(s) 'example_branch_python_operator_decorator' retrieved from /home/airflow/.local/lib/python3.12/site-packages/airflow/example_dags/example_branch_operator_decorator.py
[2025-01-21T01:18:50.707+0000] {logging_mixin.py:190} INFO - [2025-01-21T01:18:50.707+0000] {dag.py:3239} INFO - Sync 1 DAGs
[2025-01-21T01:18:50.730+0000] {logging_mixin.py:190} INFO - [2025-01-21T01:18:50.729+0000] {dag.py:4180} INFO - Setting next_dagrun for example_branch_python_operator_decorator to 2025-01-20 00:00:00+00:00, run_after=2025-01-21 00:00:00+00:00
[2025-01-21T01:18:50.749+0000] {processor.py:208} INFO - Processing /home/airflow/.local/lib/python3.12/site-packages/airflow/example_dags/example_branch_operator_decorator.py took 0.097 seconds
[2025-01-21T01:19:22.050+0000] {processor.py:186} INFO - Started process (PID=674) to work on /home/airflow/.local/lib/python3.12/site-packages/airflow/example_dags/example_branch_operator_decorator.py
[2025-01-21T01:19:22.051+0000] {processor.py:914} INFO - Processing file /home/airflow/.local/lib/python3.12/site-packages/airflow/example_dags/example_branch_operator_decorator.py for tasks to queue
[2025-01-21T01:19:22.053+0000] {logging_mixin.py:190} INFO - [2025-01-21T01:19:22.052+0000] {dagbag.py:588} INFO - Filling up the DagBag from /home/airflow/.local/lib/python3.12/site-packages/airflow/example_dags/example_branch_operator_decorator.py
[2025-01-21T01:19:22.072+0000] {processor.py:925} INFO - DAG(s) 'example_branch_python_operator_decorator' retrieved from /home/airflow/.local/lib/python3.12/site-packages/airflow/example_dags/example_branch_operator_decorator.py
[2025-01-21T01:19:22.100+0000] {logging_mixin.py:190} INFO - [2025-01-21T01:19:22.099+0000] {dag.py:3239} INFO - Sync 1 DAGs
[2025-01-21T01:19:22.123+0000] {logging_mixin.py:190} INFO - [2025-01-21T01:19:22.123+0000] {dag.py:4180} INFO - Setting next_dagrun for example_branch_python_operator_decorator to 2025-01-20 00:00:00+00:00, run_after=2025-01-21 00:00:00+00:00
[2025-01-21T01:19:22.142+0000] {processor.py:208} INFO - Processing /home/airflow/.local/lib/python3.12/site-packages/airflow/example_dags/example_branch_operator_decorator.py took 0.097 seconds
[2025-01-21T01:19:53.613+0000] {processor.py:186} INFO - Started process (PID=738) to work on /home/airflow/.local/lib/python3.12/site-packages/airflow/example_dags/example_branch_operator_decorator.py
[2025-01-21T01:19:53.614+0000] {processor.py:914} INFO - Processing file /home/airflow/.local/lib/python3.12/site-packages/airflow/example_dags/example_branch_operator_decorator.py for tasks to queue
[2025-01-21T01:19:53.615+0000] {logging_mixin.py:190} INFO - [2025-01-21T01:19:53.615+0000] {dagbag.py:588} INFO - Filling up the DagBag from /home/airflow/.local/lib/python3.12/site-packages/airflow/example_dags/example_branch_operator_decorator.py
[2025-01-21T01:19:53.635+0000] {processor.py:925} INFO - DAG(s) 'example_branch_python_operator_decorator' retrieved from /home/airflow/.local/lib/python3.12/site-packages/airflow/example_dags/example_branch_operator_decorator.py
[2025-01-21T01:19:53.667+0000] {logging_mixin.py:190} INFO - [2025-01-21T01:19:53.667+0000] {dag.py:3239} INFO - Sync 1 DAGs
[2025-01-21T01:19:53.702+0000] {logging_mixin.py:190} INFO - [2025-01-21T01:19:53.702+0000] {dag.py:4180} INFO - Setting next_dagrun for example_branch_python_operator_decorator to 2025-01-20 00:00:00+00:00, run_after=2025-01-21 00:00:00+00:00
[2025-01-21T01:19:53.722+0000] {processor.py:208} INFO - Processing /home/airflow/.local/lib/python3.12/site-packages/airflow/example_dags/example_branch_operator_decorator.py took 0.115 seconds
[2025-01-21T01:20:24.410+0000] {processor.py:186} INFO - Started process (PID=802) to work on /home/airflow/.local/lib/python3.12/site-packages/airflow/example_dags/example_branch_operator_decorator.py
[2025-01-21T01:20:24.411+0000] {processor.py:914} INFO - Processing file /home/airflow/.local/lib/python3.12/site-packages/airflow/example_dags/example_branch_operator_decorator.py for tasks to queue
[2025-01-21T01:20:24.413+0000] {logging_mixin.py:190} INFO - [2025-01-21T01:20:24.413+0000] {dagbag.py:588} INFO - Filling up the DagBag from /home/airflow/.local/lib/python3.12/site-packages/airflow/example_dags/example_branch_operator_decorator.py
[2025-01-21T01:20:24.432+0000] {processor.py:925} INFO - DAG(s) 'example_branch_python_operator_decorator' retrieved from /home/airflow/.local/lib/python3.12/site-packages/airflow/example_dags/example_branch_operator_decorator.py
[2025-01-21T01:20:24.464+0000] {logging_mixin.py:190} INFO - [2025-01-21T01:20:24.464+0000] {dag.py:3239} INFO - Sync 1 DAGs
[2025-01-21T01:20:24.491+0000] {logging_mixin.py:190} INFO - [2025-01-21T01:20:24.491+0000] {dag.py:4180} INFO - Setting next_dagrun for example_branch_python_operator_decorator to 2025-01-20 00:00:00+00:00, run_after=2025-01-21 00:00:00+00:00
[2025-01-21T01:20:24.514+0000] {processor.py:208} INFO - Processing /home/airflow/.local/lib/python3.12/site-packages/airflow/example_dags/example_branch_operator_decorator.py took 0.109 seconds
[2025-01-21T01:20:55.351+0000] {processor.py:186} INFO - Started process (PID=866) to work on /home/airflow/.local/lib/python3.12/site-packages/airflow/example_dags/example_branch_operator_decorator.py
[2025-01-21T01:20:55.353+0000] {processor.py:914} INFO - Processing file /home/airflow/.local/lib/python3.12/site-packages/airflow/example_dags/example_branch_operator_decorator.py for tasks to queue
[2025-01-21T01:20:55.356+0000] {logging_mixin.py:190} INFO - [2025-01-21T01:20:55.356+0000] {dagbag.py:588} INFO - Filling up the DagBag from /home/airflow/.local/lib/python3.12/site-packages/airflow/example_dags/example_branch_operator_decorator.py
[2025-01-21T01:20:55.393+0000] {processor.py:925} INFO - DAG(s) 'example_branch_python_operator_decorator' retrieved from /home/airflow/.local/lib/python3.12/site-packages/airflow/example_dags/example_branch_operator_decorator.py
[2025-01-21T01:20:55.432+0000] {logging_mixin.py:190} INFO - [2025-01-21T01:20:55.431+0000] {dag.py:3239} INFO - Sync 1 DAGs
[2025-01-21T01:20:55.466+0000] {logging_mixin.py:190} INFO - [2025-01-21T01:20:55.466+0000] {dag.py:4180} INFO - Setting next_dagrun for example_branch_python_operator_decorator to 2025-01-20 00:00:00+00:00, run_after=2025-01-21 00:00:00+00:00
[2025-01-21T01:20:55.491+0000] {processor.py:208} INFO - Processing /home/airflow/.local/lib/python3.12/site-packages/airflow/example_dags/example_branch_operator_decorator.py took 0.150 seconds
[2025-01-21T01:21:26.322+0000] {processor.py:186} INFO - Started process (PID=930) to work on /home/airflow/.local/lib/python3.12/site-packages/airflow/example_dags/example_branch_operator_decorator.py
[2025-01-21T01:21:26.324+0000] {processor.py:914} INFO - Processing file /home/airflow/.local/lib/python3.12/site-packages/airflow/example_dags/example_branch_operator_decorator.py for tasks to queue
[2025-01-21T01:21:26.326+0000] {logging_mixin.py:190} INFO - [2025-01-21T01:21:26.326+0000] {dagbag.py:588} INFO - Filling up the DagBag from /home/airflow/.local/lib/python3.12/site-packages/airflow/example_dags/example_branch_operator_decorator.py
[2025-01-21T01:21:26.347+0000] {processor.py:925} INFO - DAG(s) 'example_branch_python_operator_decorator' retrieved from /home/airflow/.local/lib/python3.12/site-packages/airflow/example_dags/example_branch_operator_decorator.py
[2025-01-21T01:21:26.380+0000] {logging_mixin.py:190} INFO - [2025-01-21T01:21:26.380+0000] {dag.py:3239} INFO - Sync 1 DAGs
[2025-01-21T01:21:26.420+0000] {logging_mixin.py:190} INFO - [2025-01-21T01:21:26.419+0000] {dag.py:4180} INFO - Setting next_dagrun for example_branch_python_operator_decorator to 2025-01-20 00:00:00+00:00, run_after=2025-01-21 00:00:00+00:00
[2025-01-21T01:21:26.457+0000] {processor.py:208} INFO - Processing /home/airflow/.local/lib/python3.12/site-packages/airflow/example_dags/example_branch_operator_decorator.py took 0.142 seconds
[2025-01-21T01:21:57.103+0000] {processor.py:186} INFO - Started process (PID=993) to work on /home/airflow/.local/lib/python3.12/site-packages/airflow/example_dags/example_branch_operator_decorator.py
[2025-01-21T01:21:57.104+0000] {processor.py:914} INFO - Processing file /home/airflow/.local/lib/python3.12/site-packages/airflow/example_dags/example_branch_operator_decorator.py for tasks to queue
[2025-01-21T01:21:57.106+0000] {logging_mixin.py:190} INFO - [2025-01-21T01:21:57.106+0000] {dagbag.py:588} INFO - Filling up the DagBag from /home/airflow/.local/lib/python3.12/site-packages/airflow/example_dags/example_branch_operator_decorator.py
[2025-01-21T01:21:57.126+0000] {processor.py:925} INFO - DAG(s) 'example_branch_python_operator_decorator' retrieved from /home/airflow/.local/lib/python3.12/site-packages/airflow/example_dags/example_branch_operator_decorator.py
[2025-01-21T01:21:57.171+0000] {logging_mixin.py:190} INFO - [2025-01-21T01:21:57.170+0000] {dag.py:3239} INFO - Sync 1 DAGs
[2025-01-21T01:21:57.204+0000] {logging_mixin.py:190} INFO - [2025-01-21T01:21:57.204+0000] {dag.py:4180} INFO - Setting next_dagrun for example_branch_python_operator_decorator to 2025-01-20 00:00:00+00:00, run_after=2025-01-21 00:00:00+00:00
[2025-01-21T01:21:57.225+0000] {processor.py:208} INFO - Processing /home/airflow/.local/lib/python3.12/site-packages/airflow/example_dags/example_branch_operator_decorator.py took 0.128 seconds
[2025-01-21T01:22:27.482+0000] {processor.py:186} INFO - Started process (PID=1060) to work on /home/airflow/.local/lib/python3.12/site-packages/airflow/example_dags/example_branch_operator_decorator.py
[2025-01-21T01:22:27.483+0000] {processor.py:914} INFO - Processing file /home/airflow/.local/lib/python3.12/site-packages/airflow/example_dags/example_branch_operator_decorator.py for tasks to queue
[2025-01-21T01:22:27.485+0000] {logging_mixin.py:190} INFO - [2025-01-21T01:22:27.485+0000] {dagbag.py:588} INFO - Filling up the DagBag from /home/airflow/.local/lib/python3.12/site-packages/airflow/example_dags/example_branch_operator_decorator.py
[2025-01-21T01:22:27.508+0000] {processor.py:925} INFO - DAG(s) 'example_branch_python_operator_decorator' retrieved from /home/airflow/.local/lib/python3.12/site-packages/airflow/example_dags/example_branch_operator_decorator.py
[2025-01-21T01:22:27.536+0000] {logging_mixin.py:190} INFO - [2025-01-21T01:22:27.536+0000] {dag.py:3239} INFO - Sync 1 DAGs
[2025-01-21T01:22:27.566+0000] {logging_mixin.py:190} INFO - [2025-01-21T01:22:27.566+0000] {dag.py:4180} INFO - Setting next_dagrun for example_branch_python_operator_decorator to 2025-01-20 00:00:00+00:00, run_after=2025-01-21 00:00:00+00:00
[2025-01-21T01:22:27.591+0000] {processor.py:208} INFO - Processing /home/airflow/.local/lib/python3.12/site-packages/airflow/example_dags/example_branch_operator_decorator.py took 0.115 seconds
[2025-01-21T01:22:58.312+0000] {processor.py:186} INFO - Started process (PID=1123) to work on /home/airflow/.local/lib/python3.12/site-packages/airflow/example_dags/example_branch_operator_decorator.py
[2025-01-21T01:22:58.314+0000] {processor.py:914} INFO - Processing file /home/airflow/.local/lib/python3.12/site-packages/airflow/example_dags/example_branch_operator_decorator.py for tasks to queue
[2025-01-21T01:22:58.318+0000] {logging_mixin.py:190} INFO - [2025-01-21T01:22:58.318+0000] {dagbag.py:588} INFO - Filling up the DagBag from /home/airflow/.local/lib/python3.12/site-packages/airflow/example_dags/example_branch_operator_decorator.py
[2025-01-21T01:22:58.344+0000] {processor.py:925} INFO - DAG(s) 'example_branch_python_operator_decorator' retrieved from /home/airflow/.local/lib/python3.12/site-packages/airflow/example_dags/example_branch_operator_decorator.py
[2025-01-21T01:22:58.373+0000] {logging_mixin.py:190} INFO - [2025-01-21T01:22:58.373+0000] {dag.py:3239} INFO - Sync 1 DAGs
[2025-01-21T01:22:58.398+0000] {logging_mixin.py:190} INFO - [2025-01-21T01:22:58.398+0000] {dag.py:4180} INFO - Setting next_dagrun for example_branch_python_operator_decorator to 2025-01-20 00:00:00+00:00, run_after=2025-01-21 00:00:00+00:00
[2025-01-21T01:22:58.417+0000] {processor.py:208} INFO - Processing /home/airflow/.local/lib/python3.12/site-packages/airflow/example_dags/example_branch_operator_decorator.py took 0.113 seconds
[2025-01-21T01:23:29.203+0000] {processor.py:186} INFO - Started process (PID=1188) to work on /home/airflow/.local/lib/python3.12/site-packages/airflow/example_dags/example_branch_operator_decorator.py
[2025-01-21T01:23:29.204+0000] {processor.py:914} INFO - Processing file /home/airflow/.local/lib/python3.12/site-packages/airflow/example_dags/example_branch_operator_decorator.py for tasks to queue
[2025-01-21T01:23:29.209+0000] {logging_mixin.py:190} INFO - [2025-01-21T01:23:29.208+0000] {dagbag.py:588} INFO - Filling up the DagBag from /home/airflow/.local/lib/python3.12/site-packages/airflow/example_dags/example_branch_operator_decorator.py
[2025-01-21T01:23:29.235+0000] {processor.py:925} INFO - DAG(s) 'example_branch_python_operator_decorator' retrieved from /home/airflow/.local/lib/python3.12/site-packages/airflow/example_dags/example_branch_operator_decorator.py
[2025-01-21T01:23:29.294+0000] {logging_mixin.py:190} INFO - [2025-01-21T01:23:29.293+0000] {dag.py:3239} INFO - Sync 1 DAGs
[2025-01-21T01:23:29.332+0000] {logging_mixin.py:190} INFO - [2025-01-21T01:23:29.332+0000] {dag.py:4180} INFO - Setting next_dagrun for example_branch_python_operator_decorator to 2025-01-20 00:00:00+00:00, run_after=2025-01-21 00:00:00+00:00
[2025-01-21T01:23:29.360+0000] {processor.py:208} INFO - Processing /home/airflow/.local/lib/python3.12/site-packages/airflow/example_dags/example_branch_operator_decorator.py took 0.168 seconds
[2025-01-21T01:23:59.420+0000] {processor.py:186} INFO - Started process (PID=1252) to work on /home/airflow/.local/lib/python3.12/site-packages/airflow/example_dags/example_branch_operator_decorator.py
[2025-01-21T01:23:59.421+0000] {processor.py:914} INFO - Processing file /home/airflow/.local/lib/python3.12/site-packages/airflow/example_dags/example_branch_operator_decorator.py for tasks to queue
[2025-01-21T01:23:59.423+0000] {logging_mixin.py:190} INFO - [2025-01-21T01:23:59.423+0000] {dagbag.py:588} INFO - Filling up the DagBag from /home/airflow/.local/lib/python3.12/site-packages/airflow/example_dags/example_branch_operator_decorator.py
[2025-01-21T01:23:59.446+0000] {processor.py:925} INFO - DAG(s) 'example_branch_python_operator_decorator' retrieved from /home/airflow/.local/lib/python3.12/site-packages/airflow/example_dags/example_branch_operator_decorator.py
[2025-01-21T01:23:59.480+0000] {logging_mixin.py:190} INFO - [2025-01-21T01:23:59.480+0000] {dag.py:3239} INFO - Sync 1 DAGs
[2025-01-21T01:23:59.514+0000] {logging_mixin.py:190} INFO - [2025-01-21T01:23:59.514+0000] {dag.py:4180} INFO - Setting next_dagrun for example_branch_python_operator_decorator to 2025-01-20 00:00:00+00:00, run_after=2025-01-21 00:00:00+00:00
[2025-01-21T01:23:59.537+0000] {processor.py:208} INFO - Processing /home/airflow/.local/lib/python3.12/site-packages/airflow/example_dags/example_branch_operator_decorator.py took 0.123 seconds
[2025-01-21T01:24:29.743+0000] {processor.py:186} INFO - Started process (PID=1316) to work on /home/airflow/.local/lib/python3.12/site-packages/airflow/example_dags/example_branch_operator_decorator.py
[2025-01-21T01:24:29.744+0000] {processor.py:914} INFO - Processing file /home/airflow/.local/lib/python3.12/site-packages/airflow/example_dags/example_branch_operator_decorator.py for tasks to queue
[2025-01-21T01:24:29.747+0000] {logging_mixin.py:190} INFO - [2025-01-21T01:24:29.746+0000] {dagbag.py:588} INFO - Filling up the DagBag from /home/airflow/.local/lib/python3.12/site-packages/airflow/example_dags/example_branch_operator_decorator.py
[2025-01-21T01:24:29.771+0000] {processor.py:925} INFO - DAG(s) 'example_branch_python_operator_decorator' retrieved from /home/airflow/.local/lib/python3.12/site-packages/airflow/example_dags/example_branch_operator_decorator.py
[2025-01-21T01:24:29.806+0000] {logging_mixin.py:190} INFO - [2025-01-21T01:24:29.806+0000] {dag.py:3239} INFO - Sync 1 DAGs
[2025-01-21T01:24:29.836+0000] {logging_mixin.py:190} INFO - [2025-01-21T01:24:29.836+0000] {dag.py:4180} INFO - Setting next_dagrun for example_branch_python_operator_decorator to 2025-01-20 00:00:00+00:00, run_after=2025-01-21 00:00:00+00:00
[2025-01-21T01:24:29.861+0000] {processor.py:208} INFO - Processing /home/airflow/.local/lib/python3.12/site-packages/airflow/example_dags/example_branch_operator_decorator.py took 0.125 seconds
[2025-01-21T01:25:00.153+0000] {processor.py:186} INFO - Started process (PID=1380) to work on /home/airflow/.local/lib/python3.12/site-packages/airflow/example_dags/example_branch_operator_decorator.py
[2025-01-21T01:25:00.154+0000] {processor.py:914} INFO - Processing file /home/airflow/.local/lib/python3.12/site-packages/airflow/example_dags/example_branch_operator_decorator.py for tasks to queue
[2025-01-21T01:25:00.157+0000] {logging_mixin.py:190} INFO - [2025-01-21T01:25:00.157+0000] {dagbag.py:588} INFO - Filling up the DagBag from /home/airflow/.local/lib/python3.12/site-packages/airflow/example_dags/example_branch_operator_decorator.py
[2025-01-21T01:25:00.181+0000] {processor.py:925} INFO - DAG(s) 'example_branch_python_operator_decorator' retrieved from /home/airflow/.local/lib/python3.12/site-packages/airflow/example_dags/example_branch_operator_decorator.py
[2025-01-21T01:25:00.221+0000] {logging_mixin.py:190} INFO - [2025-01-21T01:25:00.220+0000] {dag.py:3239} INFO - Sync 1 DAGs
[2025-01-21T01:25:00.279+0000] {logging_mixin.py:190} INFO - [2025-01-21T01:25:00.279+0000] {dag.py:4180} INFO - Setting next_dagrun for example_branch_python_operator_decorator to 2025-01-20 00:00:00+00:00, run_after=2025-01-21 00:00:00+00:00
[2025-01-21T01:25:00.321+0000] {processor.py:208} INFO - Processing /home/airflow/.local/lib/python3.12/site-packages/airflow/example_dags/example_branch_operator_decorator.py took 0.178 seconds
[2025-01-21T01:25:30.411+0000] {processor.py:186} INFO - Started process (PID=1445) to work on /home/airflow/.local/lib/python3.12/site-packages/airflow/example_dags/example_branch_operator_decorator.py
[2025-01-21T01:25:30.413+0000] {processor.py:914} INFO - Processing file /home/airflow/.local/lib/python3.12/site-packages/airflow/example_dags/example_branch_operator_decorator.py for tasks to queue
[2025-01-21T01:25:30.417+0000] {logging_mixin.py:190} INFO - [2025-01-21T01:25:30.417+0000] {dagbag.py:588} INFO - Filling up the DagBag from /home/airflow/.local/lib/python3.12/site-packages/airflow/example_dags/example_branch_operator_decorator.py
[2025-01-21T01:25:30.445+0000] {processor.py:925} INFO - DAG(s) 'example_branch_python_operator_decorator' retrieved from /home/airflow/.local/lib/python3.12/site-packages/airflow/example_dags/example_branch_operator_decorator.py
[2025-01-21T01:25:30.487+0000] {logging_mixin.py:190} INFO - [2025-01-21T01:25:30.487+0000] {dag.py:3239} INFO - Sync 1 DAGs
[2025-01-21T01:25:30.513+0000] {logging_mixin.py:190} INFO - [2025-01-21T01:25:30.513+0000] {dag.py:4180} INFO - Setting next_dagrun for example_branch_python_operator_decorator to 2025-01-20 00:00:00+00:00, run_after=2025-01-21 00:00:00+00:00
[2025-01-21T01:25:30.534+0000] {processor.py:208} INFO - Processing /home/airflow/.local/lib/python3.12/site-packages/airflow/example_dags/example_branch_operator_decorator.py took 0.135 seconds
[2025-01-21T01:26:00.703+0000] {processor.py:186} INFO - Started process (PID=1509) to work on /home/airflow/.local/lib/python3.12/site-packages/airflow/example_dags/example_branch_operator_decorator.py
[2025-01-21T01:26:00.705+0000] {processor.py:914} INFO - Processing file /home/airflow/.local/lib/python3.12/site-packages/airflow/example_dags/example_branch_operator_decorator.py for tasks to queue
[2025-01-21T01:26:00.708+0000] {logging_mixin.py:190} INFO - [2025-01-21T01:26:00.707+0000] {dagbag.py:588} INFO - Filling up the DagBag from /home/airflow/.local/lib/python3.12/site-packages/airflow/example_dags/example_branch_operator_decorator.py
[2025-01-21T01:26:00.748+0000] {processor.py:925} INFO - DAG(s) 'example_branch_python_operator_decorator' retrieved from /home/airflow/.local/lib/python3.12/site-packages/airflow/example_dags/example_branch_operator_decorator.py
[2025-01-21T01:26:00.790+0000] {logging_mixin.py:190} INFO - [2025-01-21T01:26:00.790+0000] {dag.py:3239} INFO - Sync 1 DAGs
[2025-01-21T01:26:00.819+0000] {logging_mixin.py:190} INFO - [2025-01-21T01:26:00.819+0000] {dag.py:4180} INFO - Setting next_dagrun for example_branch_python_operator_decorator to 2025-01-20 00:00:00+00:00, run_after=2025-01-21 00:00:00+00:00
[2025-01-21T01:26:00.836+0000] {processor.py:208} INFO - Processing /home/airflow/.local/lib/python3.12/site-packages/airflow/example_dags/example_branch_operator_decorator.py took 0.142 seconds
