[2025-01-21T01:14:44.006+0000] {processor.py:186} INFO - Started process (PID=127) to work on /home/airflow/.local/lib/python3.12/site-packages/airflow/example_dags/example_dataset_alias.py
[2025-01-21T01:14:44.006+0000] {processor.py:914} INFO - Processing file /home/airflow/.local/lib/python3.12/site-packages/airflow/example_dags/example_dataset_alias.py for tasks to queue
[2025-01-21T01:14:44.008+0000] {logging_mixin.py:190} INFO - [2025-01-21T01:14:44.008+0000] {dagbag.py:588} INFO - Filling up the DagBag from /home/airflow/.local/lib/python3.12/site-packages/airflow/example_dags/example_dataset_alias.py
[2025-01-21T01:14:44.564+0000] {processor.py:925} INFO - DAG(s) 'dataset_alias_example_alias_producer', 'dataset_s3_bucket_producer', 'dataset_s3_bucket_consumer', 'dataset_alias_example_alias_consumer' retrieved from /home/airflow/.local/lib/python3.12/site-packages/airflow/example_dags/example_dataset_alias.py
[2025-01-21T01:14:44.590+0000] {logging_mixin.py:190} INFO - [2025-01-21T01:14:44.589+0000] {dag.py:3239} INFO - Sync 4 DAGs
[2025-01-21T01:14:44.614+0000] {logging_mixin.py:190} INFO - [2025-01-21T01:14:44.614+0000] {dag.py:4180} INFO - Setting next_dagrun for dataset_alias_example_alias_consumer to None, run_after=None
[2025-01-21T01:14:44.618+0000] {logging_mixin.py:190} INFO - [2025-01-21T01:14:44.618+0000] {dag.py:4180} INFO - Setting next_dagrun for dataset_alias_example_alias_producer to None, run_after=None
[2025-01-21T01:14:44.620+0000] {logging_mixin.py:190} INFO - [2025-01-21T01:14:44.620+0000] {dag.py:4180} INFO - Setting next_dagrun for dataset_s3_bucket_consumer to None, run_after=None
[2025-01-21T01:14:44.622+0000] {logging_mixin.py:190} INFO - [2025-01-21T01:14:44.621+0000] {dag.py:4180} INFO - Setting next_dagrun for dataset_s3_bucket_producer to None, run_after=None
[2025-01-21T01:14:44.653+0000] {processor.py:208} INFO - Processing /home/airflow/.local/lib/python3.12/site-packages/airflow/example_dags/example_dataset_alias.py took 0.653 seconds
[2025-01-21T01:15:15.006+0000] {processor.py:186} INFO - Started process (PID=191) to work on /home/airflow/.local/lib/python3.12/site-packages/airflow/example_dags/example_dataset_alias.py
[2025-01-21T01:15:15.006+0000] {processor.py:914} INFO - Processing file /home/airflow/.local/lib/python3.12/site-packages/airflow/example_dags/example_dataset_alias.py for tasks to queue
[2025-01-21T01:15:15.008+0000] {logging_mixin.py:190} INFO - [2025-01-21T01:15:15.008+0000] {dagbag.py:588} INFO - Filling up the DagBag from /home/airflow/.local/lib/python3.12/site-packages/airflow/example_dags/example_dataset_alias.py
[2025-01-21T01:15:15.553+0000] {processor.py:925} INFO - DAG(s) 'dataset_s3_bucket_consumer', 'dataset_alias_example_alias_consumer', 'dataset_s3_bucket_producer', 'dataset_alias_example_alias_producer' retrieved from /home/airflow/.local/lib/python3.12/site-packages/airflow/example_dags/example_dataset_alias.py
[2025-01-21T01:15:15.576+0000] {logging_mixin.py:190} INFO - [2025-01-21T01:15:15.575+0000] {dag.py:3239} INFO - Sync 4 DAGs
[2025-01-21T01:15:15.599+0000] {logging_mixin.py:190} INFO - [2025-01-21T01:15:15.599+0000] {dag.py:4180} INFO - Setting next_dagrun for dataset_alias_example_alias_consumer to None, run_after=None
[2025-01-21T01:15:15.602+0000] {logging_mixin.py:190} INFO - [2025-01-21T01:15:15.602+0000] {dag.py:4180} INFO - Setting next_dagrun for dataset_alias_example_alias_producer to None, run_after=None
[2025-01-21T01:15:15.604+0000] {logging_mixin.py:190} INFO - [2025-01-21T01:15:15.604+0000] {dag.py:4180} INFO - Setting next_dagrun for dataset_s3_bucket_consumer to None, run_after=None
[2025-01-21T01:15:15.606+0000] {logging_mixin.py:190} INFO - [2025-01-21T01:15:15.605+0000] {dag.py:4180} INFO - Setting next_dagrun for dataset_s3_bucket_producer to None, run_after=None
[2025-01-21T01:15:15.631+0000] {processor.py:208} INFO - Processing /home/airflow/.local/lib/python3.12/site-packages/airflow/example_dags/example_dataset_alias.py took 0.631 seconds
[2025-01-21T01:15:46.093+0000] {processor.py:186} INFO - Started process (PID=255) to work on /home/airflow/.local/lib/python3.12/site-packages/airflow/example_dags/example_dataset_alias.py
[2025-01-21T01:15:46.094+0000] {processor.py:914} INFO - Processing file /home/airflow/.local/lib/python3.12/site-packages/airflow/example_dags/example_dataset_alias.py for tasks to queue
[2025-01-21T01:15:46.096+0000] {logging_mixin.py:190} INFO - [2025-01-21T01:15:46.096+0000] {dagbag.py:588} INFO - Filling up the DagBag from /home/airflow/.local/lib/python3.12/site-packages/airflow/example_dags/example_dataset_alias.py
[2025-01-21T01:15:46.651+0000] {processor.py:925} INFO - DAG(s) 'dataset_s3_bucket_consumer', 'dataset_alias_example_alias_consumer', 'dataset_alias_example_alias_producer', 'dataset_s3_bucket_producer' retrieved from /home/airflow/.local/lib/python3.12/site-packages/airflow/example_dags/example_dataset_alias.py
[2025-01-21T01:15:46.674+0000] {logging_mixin.py:190} INFO - [2025-01-21T01:15:46.673+0000] {dag.py:3239} INFO - Sync 4 DAGs
[2025-01-21T01:15:46.698+0000] {logging_mixin.py:190} INFO - [2025-01-21T01:15:46.698+0000] {dag.py:4180} INFO - Setting next_dagrun for dataset_alias_example_alias_consumer to None, run_after=None
[2025-01-21T01:15:46.701+0000] {logging_mixin.py:190} INFO - [2025-01-21T01:15:46.701+0000] {dag.py:4180} INFO - Setting next_dagrun for dataset_alias_example_alias_producer to None, run_after=None
[2025-01-21T01:15:46.703+0000] {logging_mixin.py:190} INFO - [2025-01-21T01:15:46.703+0000] {dag.py:4180} INFO - Setting next_dagrun for dataset_s3_bucket_consumer to None, run_after=None
[2025-01-21T01:15:46.704+0000] {logging_mixin.py:190} INFO - [2025-01-21T01:15:46.704+0000] {dag.py:4180} INFO - Setting next_dagrun for dataset_s3_bucket_producer to None, run_after=None
[2025-01-21T01:15:46.728+0000] {processor.py:208} INFO - Processing /home/airflow/.local/lib/python3.12/site-packages/airflow/example_dags/example_dataset_alias.py took 0.640 seconds
[2025-01-21T01:16:17.395+0000] {processor.py:186} INFO - Started process (PID=319) to work on /home/airflow/.local/lib/python3.12/site-packages/airflow/example_dags/example_dataset_alias.py
[2025-01-21T01:16:17.396+0000] {processor.py:914} INFO - Processing file /home/airflow/.local/lib/python3.12/site-packages/airflow/example_dags/example_dataset_alias.py for tasks to queue
[2025-01-21T01:16:17.398+0000] {logging_mixin.py:190} INFO - [2025-01-21T01:16:17.398+0000] {dagbag.py:588} INFO - Filling up the DagBag from /home/airflow/.local/lib/python3.12/site-packages/airflow/example_dags/example_dataset_alias.py
[2025-01-21T01:16:17.959+0000] {processor.py:925} INFO - DAG(s) 'dataset_alias_example_alias_consumer', 'dataset_s3_bucket_producer', 'dataset_s3_bucket_consumer', 'dataset_alias_example_alias_producer' retrieved from /home/airflow/.local/lib/python3.12/site-packages/airflow/example_dags/example_dataset_alias.py
[2025-01-21T01:16:17.986+0000] {logging_mixin.py:190} INFO - [2025-01-21T01:16:17.986+0000] {dag.py:3239} INFO - Sync 4 DAGs
[2025-01-21T01:16:18.015+0000] {logging_mixin.py:190} INFO - [2025-01-21T01:16:18.014+0000] {dag.py:4180} INFO - Setting next_dagrun for dataset_alias_example_alias_consumer to None, run_after=None
[2025-01-21T01:16:18.019+0000] {logging_mixin.py:190} INFO - [2025-01-21T01:16:18.018+0000] {dag.py:4180} INFO - Setting next_dagrun for dataset_alias_example_alias_producer to None, run_after=None
[2025-01-21T01:16:18.021+0000] {logging_mixin.py:190} INFO - [2025-01-21T01:16:18.020+0000] {dag.py:4180} INFO - Setting next_dagrun for dataset_s3_bucket_consumer to None, run_after=None
[2025-01-21T01:16:18.022+0000] {logging_mixin.py:190} INFO - [2025-01-21T01:16:18.022+0000] {dag.py:4180} INFO - Setting next_dagrun for dataset_s3_bucket_producer to None, run_after=None
[2025-01-21T01:16:18.051+0000] {processor.py:208} INFO - Processing /home/airflow/.local/lib/python3.12/site-packages/airflow/example_dags/example_dataset_alias.py took 0.661 seconds
[2025-01-21T01:16:48.472+0000] {processor.py:186} INFO - Started process (PID=383) to work on /home/airflow/.local/lib/python3.12/site-packages/airflow/example_dags/example_dataset_alias.py
[2025-01-21T01:16:48.473+0000] {processor.py:914} INFO - Processing file /home/airflow/.local/lib/python3.12/site-packages/airflow/example_dags/example_dataset_alias.py for tasks to queue
[2025-01-21T01:16:48.476+0000] {logging_mixin.py:190} INFO - [2025-01-21T01:16:48.475+0000] {dagbag.py:588} INFO - Filling up the DagBag from /home/airflow/.local/lib/python3.12/site-packages/airflow/example_dags/example_dataset_alias.py
[2025-01-21T01:16:49.051+0000] {processor.py:925} INFO - DAG(s) 'dataset_alias_example_alias_producer', 'dataset_s3_bucket_consumer', 'dataset_alias_example_alias_consumer', 'dataset_s3_bucket_producer' retrieved from /home/airflow/.local/lib/python3.12/site-packages/airflow/example_dags/example_dataset_alias.py
[2025-01-21T01:16:49.080+0000] {logging_mixin.py:190} INFO - [2025-01-21T01:16:49.079+0000] {dag.py:3239} INFO - Sync 4 DAGs
[2025-01-21T01:16:49.109+0000] {logging_mixin.py:190} INFO - [2025-01-21T01:16:49.109+0000] {dag.py:4180} INFO - Setting next_dagrun for dataset_alias_example_alias_consumer to None, run_after=None
[2025-01-21T01:16:49.113+0000] {logging_mixin.py:190} INFO - [2025-01-21T01:16:49.112+0000] {dag.py:4180} INFO - Setting next_dagrun for dataset_alias_example_alias_producer to None, run_after=None
[2025-01-21T01:16:49.114+0000] {logging_mixin.py:190} INFO - [2025-01-21T01:16:49.114+0000] {dag.py:4180} INFO - Setting next_dagrun for dataset_s3_bucket_consumer to None, run_after=None
[2025-01-21T01:16:49.116+0000] {logging_mixin.py:190} INFO - [2025-01-21T01:16:49.116+0000] {dag.py:4180} INFO - Setting next_dagrun for dataset_s3_bucket_producer to None, run_after=None
[2025-01-21T01:16:49.138+0000] {processor.py:208} INFO - Processing /home/airflow/.local/lib/python3.12/site-packages/airflow/example_dags/example_dataset_alias.py took 0.672 seconds
[2025-01-21T01:17:19.845+0000] {processor.py:186} INFO - Started process (PID=447) to work on /home/airflow/.local/lib/python3.12/site-packages/airflow/example_dags/example_dataset_alias.py
[2025-01-21T01:17:19.847+0000] {processor.py:914} INFO - Processing file /home/airflow/.local/lib/python3.12/site-packages/airflow/example_dags/example_dataset_alias.py for tasks to queue
[2025-01-21T01:17:19.849+0000] {logging_mixin.py:190} INFO - [2025-01-21T01:17:19.848+0000] {dagbag.py:588} INFO - Filling up the DagBag from /home/airflow/.local/lib/python3.12/site-packages/airflow/example_dags/example_dataset_alias.py
[2025-01-21T01:17:20.413+0000] {processor.py:925} INFO - DAG(s) 'dataset_s3_bucket_producer', 'dataset_alias_example_alias_producer', 'dataset_s3_bucket_consumer', 'dataset_alias_example_alias_consumer' retrieved from /home/airflow/.local/lib/python3.12/site-packages/airflow/example_dags/example_dataset_alias.py
[2025-01-21T01:17:20.435+0000] {logging_mixin.py:190} INFO - [2025-01-21T01:17:20.434+0000] {dag.py:3239} INFO - Sync 4 DAGs
[2025-01-21T01:17:20.459+0000] {logging_mixin.py:190} INFO - [2025-01-21T01:17:20.459+0000] {dag.py:4180} INFO - Setting next_dagrun for dataset_alias_example_alias_consumer to None, run_after=None
[2025-01-21T01:17:20.462+0000] {logging_mixin.py:190} INFO - [2025-01-21T01:17:20.461+0000] {dag.py:4180} INFO - Setting next_dagrun for dataset_alias_example_alias_producer to None, run_after=None
[2025-01-21T01:17:20.463+0000] {logging_mixin.py:190} INFO - [2025-01-21T01:17:20.463+0000] {dag.py:4180} INFO - Setting next_dagrun for dataset_s3_bucket_consumer to None, run_after=None
[2025-01-21T01:17:20.465+0000] {logging_mixin.py:190} INFO - [2025-01-21T01:17:20.465+0000] {dag.py:4180} INFO - Setting next_dagrun for dataset_s3_bucket_producer to None, run_after=None
[2025-01-21T01:17:20.488+0000] {processor.py:208} INFO - Processing /home/airflow/.local/lib/python3.12/site-packages/airflow/example_dags/example_dataset_alias.py took 0.648 seconds
[2025-01-21T01:17:50.800+0000] {processor.py:186} INFO - Started process (PID=511) to work on /home/airflow/.local/lib/python3.12/site-packages/airflow/example_dags/example_dataset_alias.py
[2025-01-21T01:17:50.801+0000] {processor.py:914} INFO - Processing file /home/airflow/.local/lib/python3.12/site-packages/airflow/example_dags/example_dataset_alias.py for tasks to queue
[2025-01-21T01:17:50.803+0000] {logging_mixin.py:190} INFO - [2025-01-21T01:17:50.803+0000] {dagbag.py:588} INFO - Filling up the DagBag from /home/airflow/.local/lib/python3.12/site-packages/airflow/example_dags/example_dataset_alias.py
[2025-01-21T01:17:51.347+0000] {processor.py:925} INFO - DAG(s) 'dataset_s3_bucket_producer', 'dataset_alias_example_alias_producer', 'dataset_s3_bucket_consumer', 'dataset_alias_example_alias_consumer' retrieved from /home/airflow/.local/lib/python3.12/site-packages/airflow/example_dags/example_dataset_alias.py
[2025-01-21T01:17:51.371+0000] {logging_mixin.py:190} INFO - [2025-01-21T01:17:51.370+0000] {dag.py:3239} INFO - Sync 4 DAGs
[2025-01-21T01:17:51.396+0000] {logging_mixin.py:190} INFO - [2025-01-21T01:17:51.396+0000] {dag.py:4180} INFO - Setting next_dagrun for dataset_alias_example_alias_consumer to None, run_after=None
[2025-01-21T01:17:51.399+0000] {logging_mixin.py:190} INFO - [2025-01-21T01:17:51.398+0000] {dag.py:4180} INFO - Setting next_dagrun for dataset_alias_example_alias_producer to None, run_after=None
[2025-01-21T01:17:51.400+0000] {logging_mixin.py:190} INFO - [2025-01-21T01:17:51.400+0000] {dag.py:4180} INFO - Setting next_dagrun for dataset_s3_bucket_consumer to None, run_after=None
[2025-01-21T01:17:51.402+0000] {logging_mixin.py:190} INFO - [2025-01-21T01:17:51.402+0000] {dag.py:4180} INFO - Setting next_dagrun for dataset_s3_bucket_producer to None, run_after=None
[2025-01-21T01:17:51.424+0000] {processor.py:208} INFO - Processing /home/airflow/.local/lib/python3.12/site-packages/airflow/example_dags/example_dataset_alias.py took 0.629 seconds
[2025-01-21T01:18:21.998+0000] {processor.py:186} INFO - Started process (PID=581) to work on /home/airflow/.local/lib/python3.12/site-packages/airflow/example_dags/example_dataset_alias.py
[2025-01-21T01:18:21.999+0000] {processor.py:914} INFO - Processing file /home/airflow/.local/lib/python3.12/site-packages/airflow/example_dags/example_dataset_alias.py for tasks to queue
[2025-01-21T01:18:22.001+0000] {logging_mixin.py:190} INFO - [2025-01-21T01:18:22.001+0000] {dagbag.py:588} INFO - Filling up the DagBag from /home/airflow/.local/lib/python3.12/site-packages/airflow/example_dags/example_dataset_alias.py
[2025-01-21T01:18:22.553+0000] {processor.py:925} INFO - DAG(s) 'dataset_alias_example_alias_producer', 'dataset_s3_bucket_consumer', 'dataset_alias_example_alias_consumer', 'dataset_s3_bucket_producer' retrieved from /home/airflow/.local/lib/python3.12/site-packages/airflow/example_dags/example_dataset_alias.py
[2025-01-21T01:18:22.576+0000] {logging_mixin.py:190} INFO - [2025-01-21T01:18:22.575+0000] {dag.py:3239} INFO - Sync 4 DAGs
[2025-01-21T01:18:22.601+0000] {logging_mixin.py:190} INFO - [2025-01-21T01:18:22.601+0000] {dag.py:4180} INFO - Setting next_dagrun for dataset_alias_example_alias_consumer to None, run_after=None
[2025-01-21T01:18:22.604+0000] {logging_mixin.py:190} INFO - [2025-01-21T01:18:22.604+0000] {dag.py:4180} INFO - Setting next_dagrun for dataset_alias_example_alias_producer to None, run_after=None
[2025-01-21T01:18:22.606+0000] {logging_mixin.py:190} INFO - [2025-01-21T01:18:22.606+0000] {dag.py:4180} INFO - Setting next_dagrun for dataset_s3_bucket_consumer to None, run_after=None
[2025-01-21T01:18:22.607+0000] {logging_mixin.py:190} INFO - [2025-01-21T01:18:22.607+0000] {dag.py:4180} INFO - Setting next_dagrun for dataset_s3_bucket_producer to None, run_after=None
[2025-01-21T01:18:22.633+0000] {processor.py:208} INFO - Processing /home/airflow/.local/lib/python3.12/site-packages/airflow/example_dags/example_dataset_alias.py took 0.641 seconds
[2025-01-21T01:18:53.514+0000] {processor.py:186} INFO - Started process (PID=647) to work on /home/airflow/.local/lib/python3.12/site-packages/airflow/example_dags/example_dataset_alias.py
[2025-01-21T01:18:53.516+0000] {processor.py:914} INFO - Processing file /home/airflow/.local/lib/python3.12/site-packages/airflow/example_dags/example_dataset_alias.py for tasks to queue
[2025-01-21T01:18:53.518+0000] {logging_mixin.py:190} INFO - [2025-01-21T01:18:53.517+0000] {dagbag.py:588} INFO - Filling up the DagBag from /home/airflow/.local/lib/python3.12/site-packages/airflow/example_dags/example_dataset_alias.py
[2025-01-21T01:18:54.046+0000] {processor.py:925} INFO - DAG(s) 'dataset_s3_bucket_producer', 'dataset_s3_bucket_consumer', 'dataset_alias_example_alias_consumer', 'dataset_alias_example_alias_producer' retrieved from /home/airflow/.local/lib/python3.12/site-packages/airflow/example_dags/example_dataset_alias.py
[2025-01-21T01:18:54.068+0000] {logging_mixin.py:190} INFO - [2025-01-21T01:18:54.068+0000] {dag.py:3239} INFO - Sync 4 DAGs
[2025-01-21T01:18:54.093+0000] {logging_mixin.py:190} INFO - [2025-01-21T01:18:54.093+0000] {dag.py:4180} INFO - Setting next_dagrun for dataset_alias_example_alias_consumer to None, run_after=None
[2025-01-21T01:18:54.096+0000] {logging_mixin.py:190} INFO - [2025-01-21T01:18:54.096+0000] {dag.py:4180} INFO - Setting next_dagrun for dataset_alias_example_alias_producer to None, run_after=None
[2025-01-21T01:18:54.098+0000] {logging_mixin.py:190} INFO - [2025-01-21T01:18:54.098+0000] {dag.py:4180} INFO - Setting next_dagrun for dataset_s3_bucket_consumer to None, run_after=None
[2025-01-21T01:18:54.099+0000] {logging_mixin.py:190} INFO - [2025-01-21T01:18:54.099+0000] {dag.py:4180} INFO - Setting next_dagrun for dataset_s3_bucket_producer to None, run_after=None
[2025-01-21T01:18:54.123+0000] {processor.py:208} INFO - Processing /home/airflow/.local/lib/python3.12/site-packages/airflow/example_dags/example_dataset_alias.py took 0.615 seconds
[2025-01-21T01:19:24.559+0000] {processor.py:186} INFO - Started process (PID=711) to work on /home/airflow/.local/lib/python3.12/site-packages/airflow/example_dags/example_dataset_alias.py
[2025-01-21T01:19:24.561+0000] {processor.py:914} INFO - Processing file /home/airflow/.local/lib/python3.12/site-packages/airflow/example_dags/example_dataset_alias.py for tasks to queue
[2025-01-21T01:19:24.563+0000] {logging_mixin.py:190} INFO - [2025-01-21T01:19:24.563+0000] {dagbag.py:588} INFO - Filling up the DagBag from /home/airflow/.local/lib/python3.12/site-packages/airflow/example_dags/example_dataset_alias.py
[2025-01-21T01:19:25.082+0000] {processor.py:925} INFO - DAG(s) 'dataset_s3_bucket_producer', 'dataset_alias_example_alias_consumer', 'dataset_alias_example_alias_producer', 'dataset_s3_bucket_consumer' retrieved from /home/airflow/.local/lib/python3.12/site-packages/airflow/example_dags/example_dataset_alias.py
[2025-01-21T01:19:25.112+0000] {logging_mixin.py:190} INFO - [2025-01-21T01:19:25.111+0000] {dag.py:3239} INFO - Sync 4 DAGs
[2025-01-21T01:19:25.136+0000] {logging_mixin.py:190} INFO - [2025-01-21T01:19:25.135+0000] {dag.py:4180} INFO - Setting next_dagrun for dataset_alias_example_alias_consumer to None, run_after=None
[2025-01-21T01:19:25.139+0000] {logging_mixin.py:190} INFO - [2025-01-21T01:19:25.138+0000] {dag.py:4180} INFO - Setting next_dagrun for dataset_alias_example_alias_producer to None, run_after=None
[2025-01-21T01:19:25.142+0000] {logging_mixin.py:190} INFO - [2025-01-21T01:19:25.141+0000] {dag.py:4180} INFO - Setting next_dagrun for dataset_s3_bucket_consumer to None, run_after=None
[2025-01-21T01:19:25.143+0000] {logging_mixin.py:190} INFO - [2025-01-21T01:19:25.143+0000] {dag.py:4180} INFO - Setting next_dagrun for dataset_s3_bucket_producer to None, run_after=None
[2025-01-21T01:19:25.168+0000] {processor.py:208} INFO - Processing /home/airflow/.local/lib/python3.12/site-packages/airflow/example_dags/example_dataset_alias.py took 0.614 seconds
[2025-01-21T01:19:55.728+0000] {processor.py:186} INFO - Started process (PID=767) to work on /home/airflow/.local/lib/python3.12/site-packages/airflow/example_dags/example_dataset_alias.py
[2025-01-21T01:19:55.729+0000] {processor.py:914} INFO - Processing file /home/airflow/.local/lib/python3.12/site-packages/airflow/example_dags/example_dataset_alias.py for tasks to queue
[2025-01-21T01:19:55.731+0000] {logging_mixin.py:190} INFO - [2025-01-21T01:19:55.731+0000] {dagbag.py:588} INFO - Filling up the DagBag from /home/airflow/.local/lib/python3.12/site-packages/airflow/example_dags/example_dataset_alias.py
[2025-01-21T01:19:56.279+0000] {processor.py:925} INFO - DAG(s) 'dataset_s3_bucket_producer', 'dataset_alias_example_alias_producer', 'dataset_alias_example_alias_consumer', 'dataset_s3_bucket_consumer' retrieved from /home/airflow/.local/lib/python3.12/site-packages/airflow/example_dags/example_dataset_alias.py
[2025-01-21T01:19:56.303+0000] {logging_mixin.py:190} INFO - [2025-01-21T01:19:56.303+0000] {dag.py:3239} INFO - Sync 4 DAGs
[2025-01-21T01:19:56.331+0000] {logging_mixin.py:190} INFO - [2025-01-21T01:19:56.331+0000] {dag.py:4180} INFO - Setting next_dagrun for dataset_alias_example_alias_consumer to None, run_after=None
[2025-01-21T01:19:56.334+0000] {logging_mixin.py:190} INFO - [2025-01-21T01:19:56.334+0000] {dag.py:4180} INFO - Setting next_dagrun for dataset_alias_example_alias_producer to None, run_after=None
[2025-01-21T01:19:56.336+0000] {logging_mixin.py:190} INFO - [2025-01-21T01:19:56.335+0000] {dag.py:4180} INFO - Setting next_dagrun for dataset_s3_bucket_consumer to None, run_after=None
[2025-01-21T01:19:56.337+0000] {logging_mixin.py:190} INFO - [2025-01-21T01:19:56.337+0000] {dag.py:4180} INFO - Setting next_dagrun for dataset_s3_bucket_producer to None, run_after=None
[2025-01-21T01:19:56.366+0000] {processor.py:208} INFO - Processing /home/airflow/.local/lib/python3.12/site-packages/airflow/example_dags/example_dataset_alias.py took 0.643 seconds
[2025-01-21T01:20:27.220+0000] {processor.py:186} INFO - Started process (PID=838) to work on /home/airflow/.local/lib/python3.12/site-packages/airflow/example_dags/example_dataset_alias.py
[2025-01-21T01:20:27.221+0000] {processor.py:914} INFO - Processing file /home/airflow/.local/lib/python3.12/site-packages/airflow/example_dags/example_dataset_alias.py for tasks to queue
[2025-01-21T01:20:27.224+0000] {logging_mixin.py:190} INFO - [2025-01-21T01:20:27.224+0000] {dagbag.py:588} INFO - Filling up the DagBag from /home/airflow/.local/lib/python3.12/site-packages/airflow/example_dags/example_dataset_alias.py
[2025-01-21T01:20:27.824+0000] {processor.py:925} INFO - DAG(s) 'dataset_s3_bucket_consumer', 'dataset_alias_example_alias_consumer', 'dataset_alias_example_alias_producer', 'dataset_s3_bucket_producer' retrieved from /home/airflow/.local/lib/python3.12/site-packages/airflow/example_dags/example_dataset_alias.py
[2025-01-21T01:20:27.847+0000] {logging_mixin.py:190} INFO - [2025-01-21T01:20:27.846+0000] {dag.py:3239} INFO - Sync 4 DAGs
[2025-01-21T01:20:27.872+0000] {logging_mixin.py:190} INFO - [2025-01-21T01:20:27.871+0000] {dag.py:4180} INFO - Setting next_dagrun for dataset_alias_example_alias_consumer to None, run_after=None
[2025-01-21T01:20:27.875+0000] {logging_mixin.py:190} INFO - [2025-01-21T01:20:27.875+0000] {dag.py:4180} INFO - Setting next_dagrun for dataset_alias_example_alias_producer to None, run_after=None
[2025-01-21T01:20:27.877+0000] {logging_mixin.py:190} INFO - [2025-01-21T01:20:27.877+0000] {dag.py:4180} INFO - Setting next_dagrun for dataset_s3_bucket_consumer to None, run_after=None
[2025-01-21T01:20:27.878+0000] {logging_mixin.py:190} INFO - [2025-01-21T01:20:27.878+0000] {dag.py:4180} INFO - Setting next_dagrun for dataset_s3_bucket_producer to None, run_after=None
[2025-01-21T01:20:27.905+0000] {processor.py:208} INFO - Processing /home/airflow/.local/lib/python3.12/site-packages/airflow/example_dags/example_dataset_alias.py took 0.692 seconds
[2025-01-21T01:20:58.580+0000] {processor.py:186} INFO - Started process (PID=903) to work on /home/airflow/.local/lib/python3.12/site-packages/airflow/example_dags/example_dataset_alias.py
[2025-01-21T01:20:58.581+0000] {processor.py:914} INFO - Processing file /home/airflow/.local/lib/python3.12/site-packages/airflow/example_dags/example_dataset_alias.py for tasks to queue
[2025-01-21T01:20:58.584+0000] {logging_mixin.py:190} INFO - [2025-01-21T01:20:58.583+0000] {dagbag.py:588} INFO - Filling up the DagBag from /home/airflow/.local/lib/python3.12/site-packages/airflow/example_dags/example_dataset_alias.py
[2025-01-21T01:20:59.275+0000] {processor.py:925} INFO - DAG(s) 'dataset_alias_example_alias_consumer', 'dataset_alias_example_alias_producer', 'dataset_s3_bucket_consumer', 'dataset_s3_bucket_producer' retrieved from /home/airflow/.local/lib/python3.12/site-packages/airflow/example_dags/example_dataset_alias.py
[2025-01-21T01:20:59.301+0000] {logging_mixin.py:190} INFO - [2025-01-21T01:20:59.300+0000] {dag.py:3239} INFO - Sync 4 DAGs
[2025-01-21T01:20:59.325+0000] {logging_mixin.py:190} INFO - [2025-01-21T01:20:59.324+0000] {dag.py:4180} INFO - Setting next_dagrun for dataset_alias_example_alias_consumer to None, run_after=None
[2025-01-21T01:20:59.327+0000] {logging_mixin.py:190} INFO - [2025-01-21T01:20:59.327+0000] {dag.py:4180} INFO - Setting next_dagrun for dataset_alias_example_alias_producer to None, run_after=None
[2025-01-21T01:20:59.329+0000] {logging_mixin.py:190} INFO - [2025-01-21T01:20:59.329+0000] {dag.py:4180} INFO - Setting next_dagrun for dataset_s3_bucket_consumer to None, run_after=None
[2025-01-21T01:20:59.331+0000] {logging_mixin.py:190} INFO - [2025-01-21T01:20:59.331+0000] {dag.py:4180} INFO - Setting next_dagrun for dataset_s3_bucket_producer to None, run_after=None
[2025-01-21T01:20:59.356+0000] {processor.py:208} INFO - Processing /home/airflow/.local/lib/python3.12/site-packages/airflow/example_dags/example_dataset_alias.py took 0.782 seconds
[2025-01-21T01:21:29.395+0000] {processor.py:186} INFO - Started process (PID=967) to work on /home/airflow/.local/lib/python3.12/site-packages/airflow/example_dags/example_dataset_alias.py
[2025-01-21T01:21:29.396+0000] {processor.py:914} INFO - Processing file /home/airflow/.local/lib/python3.12/site-packages/airflow/example_dags/example_dataset_alias.py for tasks to queue
[2025-01-21T01:21:29.398+0000] {logging_mixin.py:190} INFO - [2025-01-21T01:21:29.398+0000] {dagbag.py:588} INFO - Filling up the DagBag from /home/airflow/.local/lib/python3.12/site-packages/airflow/example_dags/example_dataset_alias.py
[2025-01-21T01:21:29.991+0000] {processor.py:925} INFO - DAG(s) 'dataset_s3_bucket_producer', 'dataset_alias_example_alias_consumer', 'dataset_s3_bucket_consumer', 'dataset_alias_example_alias_producer' retrieved from /home/airflow/.local/lib/python3.12/site-packages/airflow/example_dags/example_dataset_alias.py
[2025-01-21T01:21:30.052+0000] {logging_mixin.py:190} INFO - [2025-01-21T01:21:30.051+0000] {dag.py:3239} INFO - Sync 4 DAGs
[2025-01-21T01:21:30.096+0000] {logging_mixin.py:190} INFO - [2025-01-21T01:21:30.095+0000] {dag.py:4180} INFO - Setting next_dagrun for dataset_alias_example_alias_consumer to None, run_after=None
[2025-01-21T01:21:30.099+0000] {logging_mixin.py:190} INFO - [2025-01-21T01:21:30.099+0000] {dag.py:4180} INFO - Setting next_dagrun for dataset_alias_example_alias_producer to None, run_after=None
[2025-01-21T01:21:30.102+0000] {logging_mixin.py:190} INFO - [2025-01-21T01:21:30.101+0000] {dag.py:4180} INFO - Setting next_dagrun for dataset_s3_bucket_consumer to None, run_after=None
[2025-01-21T01:21:30.103+0000] {logging_mixin.py:190} INFO - [2025-01-21T01:21:30.103+0000] {dag.py:4180} INFO - Setting next_dagrun for dataset_s3_bucket_producer to None, run_after=None
[2025-01-21T01:21:30.134+0000] {processor.py:208} INFO - Processing /home/airflow/.local/lib/python3.12/site-packages/airflow/example_dags/example_dataset_alias.py took 0.745 seconds
[2025-01-21T01:22:00.868+0000] {processor.py:186} INFO - Started process (PID=1030) to work on /home/airflow/.local/lib/python3.12/site-packages/airflow/example_dags/example_dataset_alias.py
[2025-01-21T01:22:00.869+0000] {processor.py:914} INFO - Processing file /home/airflow/.local/lib/python3.12/site-packages/airflow/example_dags/example_dataset_alias.py for tasks to queue
[2025-01-21T01:22:00.871+0000] {logging_mixin.py:190} INFO - [2025-01-21T01:22:00.870+0000] {dagbag.py:588} INFO - Filling up the DagBag from /home/airflow/.local/lib/python3.12/site-packages/airflow/example_dags/example_dataset_alias.py
[2025-01-21T01:22:01.446+0000] {processor.py:925} INFO - DAG(s) 'dataset_alias_example_alias_consumer', 'dataset_alias_example_alias_producer', 'dataset_s3_bucket_consumer', 'dataset_s3_bucket_producer' retrieved from /home/airflow/.local/lib/python3.12/site-packages/airflow/example_dags/example_dataset_alias.py
[2025-01-21T01:22:01.476+0000] {logging_mixin.py:190} INFO - [2025-01-21T01:22:01.476+0000] {dag.py:3239} INFO - Sync 4 DAGs
[2025-01-21T01:22:01.506+0000] {logging_mixin.py:190} INFO - [2025-01-21T01:22:01.506+0000] {dag.py:4180} INFO - Setting next_dagrun for dataset_alias_example_alias_consumer to None, run_after=None
[2025-01-21T01:22:01.510+0000] {logging_mixin.py:190} INFO - [2025-01-21T01:22:01.510+0000] {dag.py:4180} INFO - Setting next_dagrun for dataset_alias_example_alias_producer to None, run_after=None
[2025-01-21T01:22:01.512+0000] {logging_mixin.py:190} INFO - [2025-01-21T01:22:01.512+0000] {dag.py:4180} INFO - Setting next_dagrun for dataset_s3_bucket_consumer to None, run_after=None
[2025-01-21T01:22:01.513+0000] {logging_mixin.py:190} INFO - [2025-01-21T01:22:01.513+0000] {dag.py:4180} INFO - Setting next_dagrun for dataset_s3_bucket_producer to None, run_after=None
[2025-01-21T01:22:01.540+0000] {processor.py:208} INFO - Processing /home/airflow/.local/lib/python3.12/site-packages/airflow/example_dags/example_dataset_alias.py took 0.678 seconds
[2025-01-21T01:22:31.820+0000] {processor.py:186} INFO - Started process (PID=1090) to work on /home/airflow/.local/lib/python3.12/site-packages/airflow/example_dags/example_dataset_alias.py
[2025-01-21T01:22:31.822+0000] {processor.py:914} INFO - Processing file /home/airflow/.local/lib/python3.12/site-packages/airflow/example_dags/example_dataset_alias.py for tasks to queue
[2025-01-21T01:22:31.825+0000] {logging_mixin.py:190} INFO - [2025-01-21T01:22:31.824+0000] {dagbag.py:588} INFO - Filling up the DagBag from /home/airflow/.local/lib/python3.12/site-packages/airflow/example_dags/example_dataset_alias.py
[2025-01-21T01:22:32.475+0000] {processor.py:925} INFO - DAG(s) 'dataset_s3_bucket_producer', 'dataset_alias_example_alias_consumer', 'dataset_alias_example_alias_producer', 'dataset_s3_bucket_consumer' retrieved from /home/airflow/.local/lib/python3.12/site-packages/airflow/example_dags/example_dataset_alias.py
[2025-01-21T01:22:32.504+0000] {logging_mixin.py:190} INFO - [2025-01-21T01:22:32.504+0000] {dag.py:3239} INFO - Sync 4 DAGs
[2025-01-21T01:22:32.534+0000] {logging_mixin.py:190} INFO - [2025-01-21T01:22:32.534+0000] {dag.py:4180} INFO - Setting next_dagrun for dataset_alias_example_alias_consumer to None, run_after=None
[2025-01-21T01:22:32.537+0000] {logging_mixin.py:190} INFO - [2025-01-21T01:22:32.537+0000] {dag.py:4180} INFO - Setting next_dagrun for dataset_alias_example_alias_producer to None, run_after=None
[2025-01-21T01:22:32.539+0000] {logging_mixin.py:190} INFO - [2025-01-21T01:22:32.539+0000] {dag.py:4180} INFO - Setting next_dagrun for dataset_s3_bucket_consumer to None, run_after=None
[2025-01-21T01:22:32.541+0000] {logging_mixin.py:190} INFO - [2025-01-21T01:22:32.541+0000] {dag.py:4180} INFO - Setting next_dagrun for dataset_s3_bucket_producer to None, run_after=None
[2025-01-21T01:22:32.568+0000] {processor.py:208} INFO - Processing /home/airflow/.local/lib/python3.12/site-packages/airflow/example_dags/example_dataset_alias.py took 0.759 seconds
[2025-01-21T01:23:03.090+0000] {processor.py:186} INFO - Started process (PID=1161) to work on /home/airflow/.local/lib/python3.12/site-packages/airflow/example_dags/example_dataset_alias.py
[2025-01-21T01:23:03.091+0000] {processor.py:914} INFO - Processing file /home/airflow/.local/lib/python3.12/site-packages/airflow/example_dags/example_dataset_alias.py for tasks to queue
[2025-01-21T01:23:03.095+0000] {logging_mixin.py:190} INFO - [2025-01-21T01:23:03.094+0000] {dagbag.py:588} INFO - Filling up the DagBag from /home/airflow/.local/lib/python3.12/site-packages/airflow/example_dags/example_dataset_alias.py
[2025-01-21T01:23:03.775+0000] {processor.py:925} INFO - DAG(s) 'dataset_s3_bucket_producer', 'dataset_alias_example_alias_consumer', 'dataset_s3_bucket_consumer', 'dataset_alias_example_alias_producer' retrieved from /home/airflow/.local/lib/python3.12/site-packages/airflow/example_dags/example_dataset_alias.py
[2025-01-21T01:23:03.805+0000] {logging_mixin.py:190} INFO - [2025-01-21T01:23:03.804+0000] {dag.py:3239} INFO - Sync 4 DAGs
[2025-01-21T01:23:03.838+0000] {logging_mixin.py:190} INFO - [2025-01-21T01:23:03.837+0000] {dag.py:4180} INFO - Setting next_dagrun for dataset_alias_example_alias_consumer to None, run_after=None
[2025-01-21T01:23:03.842+0000] {logging_mixin.py:190} INFO - [2025-01-21T01:23:03.842+0000] {dag.py:4180} INFO - Setting next_dagrun for dataset_alias_example_alias_producer to None, run_after=None
[2025-01-21T01:23:03.844+0000] {logging_mixin.py:190} INFO - [2025-01-21T01:23:03.844+0000] {dag.py:4180} INFO - Setting next_dagrun for dataset_s3_bucket_consumer to None, run_after=None
[2025-01-21T01:23:03.846+0000] {logging_mixin.py:190} INFO - [2025-01-21T01:23:03.846+0000] {dag.py:4180} INFO - Setting next_dagrun for dataset_s3_bucket_producer to None, run_after=None
[2025-01-21T01:23:03.878+0000] {processor.py:208} INFO - Processing /home/airflow/.local/lib/python3.12/site-packages/airflow/example_dags/example_dataset_alias.py took 0.795 seconds
[2025-01-21T01:23:34.325+0000] {processor.py:186} INFO - Started process (PID=1220) to work on /home/airflow/.local/lib/python3.12/site-packages/airflow/example_dags/example_dataset_alias.py
[2025-01-21T01:23:34.326+0000] {processor.py:914} INFO - Processing file /home/airflow/.local/lib/python3.12/site-packages/airflow/example_dags/example_dataset_alias.py for tasks to queue
[2025-01-21T01:23:34.329+0000] {logging_mixin.py:190} INFO - [2025-01-21T01:23:34.328+0000] {dagbag.py:588} INFO - Filling up the DagBag from /home/airflow/.local/lib/python3.12/site-packages/airflow/example_dags/example_dataset_alias.py
[2025-01-21T01:23:34.964+0000] {processor.py:925} INFO - DAG(s) 'dataset_s3_bucket_consumer', 'dataset_alias_example_alias_producer', 'dataset_s3_bucket_producer', 'dataset_alias_example_alias_consumer' retrieved from /home/airflow/.local/lib/python3.12/site-packages/airflow/example_dags/example_dataset_alias.py
[2025-01-21T01:23:34.992+0000] {logging_mixin.py:190} INFO - [2025-01-21T01:23:34.992+0000] {dag.py:3239} INFO - Sync 4 DAGs
[2025-01-21T01:23:35.024+0000] {logging_mixin.py:190} INFO - [2025-01-21T01:23:35.024+0000] {dag.py:4180} INFO - Setting next_dagrun for dataset_alias_example_alias_consumer to None, run_after=None
[2025-01-21T01:23:35.028+0000] {logging_mixin.py:190} INFO - [2025-01-21T01:23:35.028+0000] {dag.py:4180} INFO - Setting next_dagrun for dataset_alias_example_alias_producer to None, run_after=None
[2025-01-21T01:23:35.030+0000] {logging_mixin.py:190} INFO - [2025-01-21T01:23:35.030+0000] {dag.py:4180} INFO - Setting next_dagrun for dataset_s3_bucket_consumer to None, run_after=None
[2025-01-21T01:23:35.032+0000] {logging_mixin.py:190} INFO - [2025-01-21T01:23:35.031+0000] {dag.py:4180} INFO - Setting next_dagrun for dataset_s3_bucket_producer to None, run_after=None
[2025-01-21T01:23:35.059+0000] {processor.py:208} INFO - Processing /home/airflow/.local/lib/python3.12/site-packages/airflow/example_dags/example_dataset_alias.py took 0.741 seconds
[2025-01-21T01:24:05.415+0000] {processor.py:186} INFO - Started process (PID=1284) to work on /home/airflow/.local/lib/python3.12/site-packages/airflow/example_dags/example_dataset_alias.py
[2025-01-21T01:24:05.417+0000] {processor.py:914} INFO - Processing file /home/airflow/.local/lib/python3.12/site-packages/airflow/example_dags/example_dataset_alias.py for tasks to queue
[2025-01-21T01:24:05.421+0000] {logging_mixin.py:190} INFO - [2025-01-21T01:24:05.420+0000] {dagbag.py:588} INFO - Filling up the DagBag from /home/airflow/.local/lib/python3.12/site-packages/airflow/example_dags/example_dataset_alias.py
[2025-01-21T01:24:06.045+0000] {processor.py:925} INFO - DAG(s) 'dataset_alias_example_alias_producer', 'dataset_s3_bucket_producer', 'dataset_s3_bucket_consumer', 'dataset_alias_example_alias_consumer' retrieved from /home/airflow/.local/lib/python3.12/site-packages/airflow/example_dags/example_dataset_alias.py
[2025-01-21T01:24:06.068+0000] {logging_mixin.py:190} INFO - [2025-01-21T01:24:06.067+0000] {dag.py:3239} INFO - Sync 4 DAGs
[2025-01-21T01:24:06.112+0000] {logging_mixin.py:190} INFO - [2025-01-21T01:24:06.111+0000] {dag.py:4180} INFO - Setting next_dagrun for dataset_alias_example_alias_consumer to None, run_after=None
[2025-01-21T01:24:06.119+0000] {logging_mixin.py:190} INFO - [2025-01-21T01:24:06.119+0000] {dag.py:4180} INFO - Setting next_dagrun for dataset_alias_example_alias_producer to None, run_after=None
[2025-01-21T01:24:06.123+0000] {logging_mixin.py:190} INFO - [2025-01-21T01:24:06.122+0000] {dag.py:4180} INFO - Setting next_dagrun for dataset_s3_bucket_consumer to None, run_after=None
[2025-01-21T01:24:06.126+0000] {logging_mixin.py:190} INFO - [2025-01-21T01:24:06.125+0000] {dag.py:4180} INFO - Setting next_dagrun for dataset_s3_bucket_producer to None, run_after=None
[2025-01-21T01:24:06.173+0000] {processor.py:208} INFO - Processing /home/airflow/.local/lib/python3.12/site-packages/airflow/example_dags/example_dataset_alias.py took 0.768 seconds
[2025-01-21T01:24:36.467+0000] {processor.py:186} INFO - Started process (PID=1349) to work on /home/airflow/.local/lib/python3.12/site-packages/airflow/example_dags/example_dataset_alias.py
[2025-01-21T01:24:36.468+0000] {processor.py:914} INFO - Processing file /home/airflow/.local/lib/python3.12/site-packages/airflow/example_dags/example_dataset_alias.py for tasks to queue
[2025-01-21T01:24:36.470+0000] {logging_mixin.py:190} INFO - [2025-01-21T01:24:36.470+0000] {dagbag.py:588} INFO - Filling up the DagBag from /home/airflow/.local/lib/python3.12/site-packages/airflow/example_dags/example_dataset_alias.py
[2025-01-21T01:24:37.109+0000] {processor.py:925} INFO - DAG(s) 'dataset_s3_bucket_consumer', 'dataset_alias_example_alias_producer', 'dataset_s3_bucket_producer', 'dataset_alias_example_alias_consumer' retrieved from /home/airflow/.local/lib/python3.12/site-packages/airflow/example_dags/example_dataset_alias.py
[2025-01-21T01:24:37.137+0000] {logging_mixin.py:190} INFO - [2025-01-21T01:24:37.137+0000] {dag.py:3239} INFO - Sync 4 DAGs
[2025-01-21T01:24:37.166+0000] {logging_mixin.py:190} INFO - [2025-01-21T01:24:37.166+0000] {dag.py:4180} INFO - Setting next_dagrun for dataset_alias_example_alias_consumer to None, run_after=None
[2025-01-21T01:24:37.169+0000] {logging_mixin.py:190} INFO - [2025-01-21T01:24:37.169+0000] {dag.py:4180} INFO - Setting next_dagrun for dataset_alias_example_alias_producer to None, run_after=None
[2025-01-21T01:24:37.173+0000] {logging_mixin.py:190} INFO - [2025-01-21T01:24:37.173+0000] {dag.py:4180} INFO - Setting next_dagrun for dataset_s3_bucket_consumer to None, run_after=None
[2025-01-21T01:24:37.175+0000] {logging_mixin.py:190} INFO - [2025-01-21T01:24:37.175+0000] {dag.py:4180} INFO - Setting next_dagrun for dataset_s3_bucket_producer to None, run_after=None
[2025-01-21T01:24:37.201+0000] {processor.py:208} INFO - Processing /home/airflow/.local/lib/python3.12/site-packages/airflow/example_dags/example_dataset_alias.py took 0.741 seconds
[2025-01-21T01:25:07.720+0000] {processor.py:186} INFO - Started process (PID=1411) to work on /home/airflow/.local/lib/python3.12/site-packages/airflow/example_dags/example_dataset_alias.py
[2025-01-21T01:25:07.723+0000] {processor.py:914} INFO - Processing file /home/airflow/.local/lib/python3.12/site-packages/airflow/example_dags/example_dataset_alias.py for tasks to queue
[2025-01-21T01:25:07.726+0000] {logging_mixin.py:190} INFO - [2025-01-21T01:25:07.725+0000] {dagbag.py:588} INFO - Filling up the DagBag from /home/airflow/.local/lib/python3.12/site-packages/airflow/example_dags/example_dataset_alias.py
[2025-01-21T01:25:08.409+0000] {processor.py:925} INFO - DAG(s) 'dataset_s3_bucket_producer', 'dataset_alias_example_alias_producer', 'dataset_s3_bucket_consumer', 'dataset_alias_example_alias_consumer' retrieved from /home/airflow/.local/lib/python3.12/site-packages/airflow/example_dags/example_dataset_alias.py
[2025-01-21T01:25:08.437+0000] {logging_mixin.py:190} INFO - [2025-01-21T01:25:08.436+0000] {dag.py:3239} INFO - Sync 4 DAGs
[2025-01-21T01:25:08.470+0000] {logging_mixin.py:190} INFO - [2025-01-21T01:25:08.469+0000] {dag.py:4180} INFO - Setting next_dagrun for dataset_alias_example_alias_consumer to None, run_after=None
[2025-01-21T01:25:08.474+0000] {logging_mixin.py:190} INFO - [2025-01-21T01:25:08.473+0000] {dag.py:4180} INFO - Setting next_dagrun for dataset_alias_example_alias_producer to None, run_after=None
[2025-01-21T01:25:08.475+0000] {logging_mixin.py:190} INFO - [2025-01-21T01:25:08.475+0000] {dag.py:4180} INFO - Setting next_dagrun for dataset_s3_bucket_consumer to None, run_after=None
[2025-01-21T01:25:08.477+0000] {logging_mixin.py:190} INFO - [2025-01-21T01:25:08.477+0000] {dag.py:4180} INFO - Setting next_dagrun for dataset_s3_bucket_producer to None, run_after=None
[2025-01-21T01:25:08.503+0000] {processor.py:208} INFO - Processing /home/airflow/.local/lib/python3.12/site-packages/airflow/example_dags/example_dataset_alias.py took 0.794 seconds
[2025-01-21T01:25:38.706+0000] {processor.py:186} INFO - Started process (PID=1478) to work on /home/airflow/.local/lib/python3.12/site-packages/airflow/example_dags/example_dataset_alias.py
[2025-01-21T01:25:38.707+0000] {processor.py:914} INFO - Processing file /home/airflow/.local/lib/python3.12/site-packages/airflow/example_dags/example_dataset_alias.py for tasks to queue
[2025-01-21T01:25:38.709+0000] {logging_mixin.py:190} INFO - [2025-01-21T01:25:38.709+0000] {dagbag.py:588} INFO - Filling up the DagBag from /home/airflow/.local/lib/python3.12/site-packages/airflow/example_dags/example_dataset_alias.py
[2025-01-21T01:25:39.350+0000] {processor.py:925} INFO - DAG(s) 'dataset_s3_bucket_producer', 'dataset_alias_example_alias_producer', 'dataset_alias_example_alias_consumer', 'dataset_s3_bucket_consumer' retrieved from /home/airflow/.local/lib/python3.12/site-packages/airflow/example_dags/example_dataset_alias.py
[2025-01-21T01:25:39.380+0000] {logging_mixin.py:190} INFO - [2025-01-21T01:25:39.379+0000] {dag.py:3239} INFO - Sync 4 DAGs
[2025-01-21T01:25:39.411+0000] {logging_mixin.py:190} INFO - [2025-01-21T01:25:39.411+0000] {dag.py:4180} INFO - Setting next_dagrun for dataset_alias_example_alias_consumer to None, run_after=None
[2025-01-21T01:25:39.415+0000] {logging_mixin.py:190} INFO - [2025-01-21T01:25:39.415+0000] {dag.py:4180} INFO - Setting next_dagrun for dataset_alias_example_alias_producer to None, run_after=None
[2025-01-21T01:25:39.418+0000] {logging_mixin.py:190} INFO - [2025-01-21T01:25:39.417+0000] {dag.py:4180} INFO - Setting next_dagrun for dataset_s3_bucket_consumer to None, run_after=None
[2025-01-21T01:25:39.420+0000] {logging_mixin.py:190} INFO - [2025-01-21T01:25:39.420+0000] {dag.py:4180} INFO - Setting next_dagrun for dataset_s3_bucket_producer to None, run_after=None
[2025-01-21T01:25:39.448+0000] {processor.py:208} INFO - Processing /home/airflow/.local/lib/python3.12/site-packages/airflow/example_dags/example_dataset_alias.py took 0.749 seconds
[2025-01-21T01:26:09.669+0000] {processor.py:186} INFO - Started process (PID=1548) to work on /home/airflow/.local/lib/python3.12/site-packages/airflow/example_dags/example_dataset_alias.py
[2025-01-21T01:26:09.670+0000] {processor.py:914} INFO - Processing file /home/airflow/.local/lib/python3.12/site-packages/airflow/example_dags/example_dataset_alias.py for tasks to queue
[2025-01-21T01:26:09.672+0000] {logging_mixin.py:190} INFO - [2025-01-21T01:26:09.672+0000] {dagbag.py:588} INFO - Filling up the DagBag from /home/airflow/.local/lib/python3.12/site-packages/airflow/example_dags/example_dataset_alias.py
[2025-01-21T01:26:10.295+0000] {processor.py:925} INFO - DAG(s) 'dataset_s3_bucket_producer', 'dataset_alias_example_alias_consumer', 'dataset_s3_bucket_consumer', 'dataset_alias_example_alias_producer' retrieved from /home/airflow/.local/lib/python3.12/site-packages/airflow/example_dags/example_dataset_alias.py
[2025-01-21T01:26:10.324+0000] {logging_mixin.py:190} INFO - [2025-01-21T01:26:10.323+0000] {dag.py:3239} INFO - Sync 4 DAGs
[2025-01-21T01:26:10.352+0000] {logging_mixin.py:190} INFO - [2025-01-21T01:26:10.351+0000] {dag.py:4180} INFO - Setting next_dagrun for dataset_alias_example_alias_consumer to None, run_after=None
[2025-01-21T01:26:10.354+0000] {logging_mixin.py:190} INFO - [2025-01-21T01:26:10.354+0000] {dag.py:4180} INFO - Setting next_dagrun for dataset_alias_example_alias_producer to None, run_after=None
[2025-01-21T01:26:10.356+0000] {logging_mixin.py:190} INFO - [2025-01-21T01:26:10.356+0000] {dag.py:4180} INFO - Setting next_dagrun for dataset_s3_bucket_consumer to None, run_after=None
[2025-01-21T01:26:10.357+0000] {logging_mixin.py:190} INFO - [2025-01-21T01:26:10.357+0000] {dag.py:4180} INFO - Setting next_dagrun for dataset_s3_bucket_producer to None, run_after=None
[2025-01-21T01:26:10.383+0000] {processor.py:208} INFO - Processing /home/airflow/.local/lib/python3.12/site-packages/airflow/example_dags/example_dataset_alias.py took 0.722 seconds
