[2025-01-21T01:14:41.367+0000] {processor.py:186} INFO - Started process (PID=97) to work on /home/airflow/.local/lib/python3.12/site-packages/airflow/example_dags/example_latest_only_with_trigger.py
[2025-01-21T01:14:41.368+0000] {processor.py:914} INFO - Processing file /home/airflow/.local/lib/python3.12/site-packages/airflow/example_dags/example_latest_only_with_trigger.py for tasks to queue
[2025-01-21T01:14:41.370+0000] {logging_mixin.py:190} INFO - [2025-01-21T01:14:41.370+0000] {dagbag.py:588} INFO - Filling up the DagBag from /home/airflow/.local/lib/python3.12/site-packages/airflow/example_dags/example_latest_only_with_trigger.py
[2025-01-21T01:14:41.378+0000] {processor.py:925} INFO - DAG(s) 'latest_only_with_trigger' retrieved from /home/airflow/.local/lib/python3.12/site-packages/airflow/example_dags/example_latest_only_with_trigger.py
[2025-01-21T01:14:41.407+0000] {logging_mixin.py:190} INFO - [2025-01-21T01:14:41.407+0000] {dag.py:3239} INFO - Sync 1 DAGs
[2025-01-21T01:14:41.431+0000] {logging_mixin.py:190} INFO - [2025-01-21T01:14:41.431+0000] {dag.py:4180} INFO - Setting next_dagrun for latest_only_with_trigger to 2025-01-20 20:00:00+00:00, run_after=2025-01-21 00:00:00+00:00
[2025-01-21T01:14:41.449+0000] {processor.py:208} INFO - Processing /home/airflow/.local/lib/python3.12/site-packages/airflow/example_dags/example_latest_only_with_trigger.py took 0.088 seconds
[2025-01-21T01:15:12.559+0000] {processor.py:186} INFO - Started process (PID=161) to work on /home/airflow/.local/lib/python3.12/site-packages/airflow/example_dags/example_latest_only_with_trigger.py
[2025-01-21T01:15:12.560+0000] {processor.py:914} INFO - Processing file /home/airflow/.local/lib/python3.12/site-packages/airflow/example_dags/example_latest_only_with_trigger.py for tasks to queue
[2025-01-21T01:15:12.561+0000] {logging_mixin.py:190} INFO - [2025-01-21T01:15:12.561+0000] {dagbag.py:588} INFO - Filling up the DagBag from /home/airflow/.local/lib/python3.12/site-packages/airflow/example_dags/example_latest_only_with_trigger.py
[2025-01-21T01:15:12.568+0000] {processor.py:925} INFO - DAG(s) 'latest_only_with_trigger' retrieved from /home/airflow/.local/lib/python3.12/site-packages/airflow/example_dags/example_latest_only_with_trigger.py
[2025-01-21T01:15:12.590+0000] {logging_mixin.py:190} INFO - [2025-01-21T01:15:12.590+0000] {dag.py:3239} INFO - Sync 1 DAGs
[2025-01-21T01:15:12.615+0000] {logging_mixin.py:190} INFO - [2025-01-21T01:15:12.615+0000] {dag.py:4180} INFO - Setting next_dagrun for latest_only_with_trigger to 2025-01-20 20:00:00+00:00, run_after=2025-01-21 00:00:00+00:00
[2025-01-21T01:15:12.632+0000] {processor.py:208} INFO - Processing /home/airflow/.local/lib/python3.12/site-packages/airflow/example_dags/example_latest_only_with_trigger.py took 0.078 seconds
[2025-01-21T01:15:43.599+0000] {processor.py:186} INFO - Started process (PID=225) to work on /home/airflow/.local/lib/python3.12/site-packages/airflow/example_dags/example_latest_only_with_trigger.py
[2025-01-21T01:15:43.601+0000] {processor.py:914} INFO - Processing file /home/airflow/.local/lib/python3.12/site-packages/airflow/example_dags/example_latest_only_with_trigger.py for tasks to queue
[2025-01-21T01:15:43.603+0000] {logging_mixin.py:190} INFO - [2025-01-21T01:15:43.602+0000] {dagbag.py:588} INFO - Filling up the DagBag from /home/airflow/.local/lib/python3.12/site-packages/airflow/example_dags/example_latest_only_with_trigger.py
[2025-01-21T01:15:43.610+0000] {processor.py:925} INFO - DAG(s) 'latest_only_with_trigger' retrieved from /home/airflow/.local/lib/python3.12/site-packages/airflow/example_dags/example_latest_only_with_trigger.py
[2025-01-21T01:15:43.633+0000] {logging_mixin.py:190} INFO - [2025-01-21T01:15:43.633+0000] {dag.py:3239} INFO - Sync 1 DAGs
[2025-01-21T01:15:43.658+0000] {logging_mixin.py:190} INFO - [2025-01-21T01:15:43.658+0000] {dag.py:4180} INFO - Setting next_dagrun for latest_only_with_trigger to 2025-01-20 20:00:00+00:00, run_after=2025-01-21 00:00:00+00:00
[2025-01-21T01:15:43.678+0000] {processor.py:208} INFO - Processing /home/airflow/.local/lib/python3.12/site-packages/airflow/example_dags/example_latest_only_with_trigger.py took 0.087 seconds
[2025-01-21T01:16:14.827+0000] {processor.py:186} INFO - Started process (PID=289) to work on /home/airflow/.local/lib/python3.12/site-packages/airflow/example_dags/example_latest_only_with_trigger.py
[2025-01-21T01:16:14.828+0000] {processor.py:914} INFO - Processing file /home/airflow/.local/lib/python3.12/site-packages/airflow/example_dags/example_latest_only_with_trigger.py for tasks to queue
[2025-01-21T01:16:14.830+0000] {logging_mixin.py:190} INFO - [2025-01-21T01:16:14.830+0000] {dagbag.py:588} INFO - Filling up the DagBag from /home/airflow/.local/lib/python3.12/site-packages/airflow/example_dags/example_latest_only_with_trigger.py
[2025-01-21T01:16:14.839+0000] {processor.py:925} INFO - DAG(s) 'latest_only_with_trigger' retrieved from /home/airflow/.local/lib/python3.12/site-packages/airflow/example_dags/example_latest_only_with_trigger.py
[2025-01-21T01:16:14.863+0000] {logging_mixin.py:190} INFO - [2025-01-21T01:16:14.863+0000] {dag.py:3239} INFO - Sync 1 DAGs
[2025-01-21T01:16:14.888+0000] {logging_mixin.py:190} INFO - [2025-01-21T01:16:14.888+0000] {dag.py:4180} INFO - Setting next_dagrun for latest_only_with_trigger to 2025-01-20 20:00:00+00:00, run_after=2025-01-21 00:00:00+00:00
[2025-01-21T01:16:14.908+0000] {processor.py:208} INFO - Processing /home/airflow/.local/lib/python3.12/site-packages/airflow/example_dags/example_latest_only_with_trigger.py took 0.088 seconds
[2025-01-21T01:16:45.888+0000] {processor.py:186} INFO - Started process (PID=353) to work on /home/airflow/.local/lib/python3.12/site-packages/airflow/example_dags/example_latest_only_with_trigger.py
[2025-01-21T01:16:45.898+0000] {processor.py:914} INFO - Processing file /home/airflow/.local/lib/python3.12/site-packages/airflow/example_dags/example_latest_only_with_trigger.py for tasks to queue
[2025-01-21T01:16:45.900+0000] {logging_mixin.py:190} INFO - [2025-01-21T01:16:45.900+0000] {dagbag.py:588} INFO - Filling up the DagBag from /home/airflow/.local/lib/python3.12/site-packages/airflow/example_dags/example_latest_only_with_trigger.py
[2025-01-21T01:16:45.907+0000] {processor.py:925} INFO - DAG(s) 'latest_only_with_trigger' retrieved from /home/airflow/.local/lib/python3.12/site-packages/airflow/example_dags/example_latest_only_with_trigger.py
[2025-01-21T01:16:45.929+0000] {logging_mixin.py:190} INFO - [2025-01-21T01:16:45.928+0000] {dag.py:3239} INFO - Sync 1 DAGs
[2025-01-21T01:16:45.953+0000] {logging_mixin.py:190} INFO - [2025-01-21T01:16:45.952+0000] {dag.py:4180} INFO - Setting next_dagrun for latest_only_with_trigger to 2025-01-20 20:00:00+00:00, run_after=2025-01-21 00:00:00+00:00
[2025-01-21T01:16:45.971+0000] {processor.py:208} INFO - Processing /home/airflow/.local/lib/python3.12/site-packages/airflow/example_dags/example_latest_only_with_trigger.py took 0.089 seconds
[2025-01-21T01:17:17.311+0000] {processor.py:186} INFO - Started process (PID=417) to work on /home/airflow/.local/lib/python3.12/site-packages/airflow/example_dags/example_latest_only_with_trigger.py
[2025-01-21T01:17:17.323+0000] {processor.py:914} INFO - Processing file /home/airflow/.local/lib/python3.12/site-packages/airflow/example_dags/example_latest_only_with_trigger.py for tasks to queue
[2025-01-21T01:17:17.325+0000] {logging_mixin.py:190} INFO - [2025-01-21T01:17:17.325+0000] {dagbag.py:588} INFO - Filling up the DagBag from /home/airflow/.local/lib/python3.12/site-packages/airflow/example_dags/example_latest_only_with_trigger.py
[2025-01-21T01:17:17.333+0000] {processor.py:925} INFO - DAG(s) 'latest_only_with_trigger' retrieved from /home/airflow/.local/lib/python3.12/site-packages/airflow/example_dags/example_latest_only_with_trigger.py
[2025-01-21T01:17:17.357+0000] {logging_mixin.py:190} INFO - [2025-01-21T01:17:17.357+0000] {dag.py:3239} INFO - Sync 1 DAGs
[2025-01-21T01:17:17.382+0000] {logging_mixin.py:190} INFO - [2025-01-21T01:17:17.382+0000] {dag.py:4180} INFO - Setting next_dagrun for latest_only_with_trigger to 2025-01-20 20:00:00+00:00, run_after=2025-01-21 00:00:00+00:00
[2025-01-21T01:17:17.418+0000] {processor.py:208} INFO - Processing /home/airflow/.local/lib/python3.12/site-packages/airflow/example_dags/example_latest_only_with_trigger.py took 0.115 seconds
[2025-01-21T01:17:48.426+0000] {processor.py:186} INFO - Started process (PID=481) to work on /home/airflow/.local/lib/python3.12/site-packages/airflow/example_dags/example_latest_only_with_trigger.py
[2025-01-21T01:17:48.427+0000] {processor.py:914} INFO - Processing file /home/airflow/.local/lib/python3.12/site-packages/airflow/example_dags/example_latest_only_with_trigger.py for tasks to queue
[2025-01-21T01:17:48.429+0000] {logging_mixin.py:190} INFO - [2025-01-21T01:17:48.429+0000] {dagbag.py:588} INFO - Filling up the DagBag from /home/airflow/.local/lib/python3.12/site-packages/airflow/example_dags/example_latest_only_with_trigger.py
[2025-01-21T01:17:48.436+0000] {processor.py:925} INFO - DAG(s) 'latest_only_with_trigger' retrieved from /home/airflow/.local/lib/python3.12/site-packages/airflow/example_dags/example_latest_only_with_trigger.py
[2025-01-21T01:17:48.457+0000] {logging_mixin.py:190} INFO - [2025-01-21T01:17:48.456+0000] {dag.py:3239} INFO - Sync 1 DAGs
[2025-01-21T01:17:48.489+0000] {logging_mixin.py:190} INFO - [2025-01-21T01:17:48.488+0000] {dag.py:4180} INFO - Setting next_dagrun for latest_only_with_trigger to 2025-01-20 20:00:00+00:00, run_after=2025-01-21 00:00:00+00:00
[2025-01-21T01:17:48.510+0000] {processor.py:208} INFO - Processing /home/airflow/.local/lib/python3.12/site-packages/airflow/example_dags/example_latest_only_with_trigger.py took 0.089 seconds
[2025-01-21T01:18:19.255+0000] {processor.py:186} INFO - Started process (PID=545) to work on /home/airflow/.local/lib/python3.12/site-packages/airflow/example_dags/example_latest_only_with_trigger.py
[2025-01-21T01:18:19.256+0000] {processor.py:914} INFO - Processing file /home/airflow/.local/lib/python3.12/site-packages/airflow/example_dags/example_latest_only_with_trigger.py for tasks to queue
[2025-01-21T01:18:19.260+0000] {logging_mixin.py:190} INFO - [2025-01-21T01:18:19.259+0000] {dagbag.py:588} INFO - Filling up the DagBag from /home/airflow/.local/lib/python3.12/site-packages/airflow/example_dags/example_latest_only_with_trigger.py
[2025-01-21T01:18:19.270+0000] {processor.py:925} INFO - DAG(s) 'latest_only_with_trigger' retrieved from /home/airflow/.local/lib/python3.12/site-packages/airflow/example_dags/example_latest_only_with_trigger.py
[2025-01-21T01:18:19.293+0000] {logging_mixin.py:190} INFO - [2025-01-21T01:18:19.293+0000] {dag.py:3239} INFO - Sync 1 DAGs
[2025-01-21T01:18:19.323+0000] {logging_mixin.py:190} INFO - [2025-01-21T01:18:19.323+0000] {dag.py:4180} INFO - Setting next_dagrun for latest_only_with_trigger to 2025-01-20 20:00:00+00:00, run_after=2025-01-21 00:00:00+00:00
[2025-01-21T01:18:19.344+0000] {processor.py:208} INFO - Processing /home/airflow/.local/lib/python3.12/site-packages/airflow/example_dags/example_latest_only_with_trigger.py took 0.100 seconds
[2025-01-21T01:18:50.549+0000] {processor.py:186} INFO - Started process (PID=609) to work on /home/airflow/.local/lib/python3.12/site-packages/airflow/example_dags/example_latest_only_with_trigger.py
[2025-01-21T01:18:50.550+0000] {processor.py:914} INFO - Processing file /home/airflow/.local/lib/python3.12/site-packages/airflow/example_dags/example_latest_only_with_trigger.py for tasks to queue
[2025-01-21T01:18:50.553+0000] {logging_mixin.py:190} INFO - [2025-01-21T01:18:50.552+0000] {dagbag.py:588} INFO - Filling up the DagBag from /home/airflow/.local/lib/python3.12/site-packages/airflow/example_dags/example_latest_only_with_trigger.py
[2025-01-21T01:18:50.561+0000] {processor.py:925} INFO - DAG(s) 'latest_only_with_trigger' retrieved from /home/airflow/.local/lib/python3.12/site-packages/airflow/example_dags/example_latest_only_with_trigger.py
[2025-01-21T01:18:50.587+0000] {logging_mixin.py:190} INFO - [2025-01-21T01:18:50.586+0000] {dag.py:3239} INFO - Sync 1 DAGs
[2025-01-21T01:18:50.612+0000] {logging_mixin.py:190} INFO - [2025-01-21T01:18:50.612+0000] {dag.py:4180} INFO - Setting next_dagrun for latest_only_with_trigger to 2025-01-20 20:00:00+00:00, run_after=2025-01-21 00:00:00+00:00
[2025-01-21T01:18:50.632+0000] {processor.py:208} INFO - Processing /home/airflow/.local/lib/python3.12/site-packages/airflow/example_dags/example_latest_only_with_trigger.py took 0.089 seconds
[2025-01-21T01:19:22.028+0000] {processor.py:186} INFO - Started process (PID=673) to work on /home/airflow/.local/lib/python3.12/site-packages/airflow/example_dags/example_latest_only_with_trigger.py
[2025-01-21T01:19:22.029+0000] {processor.py:914} INFO - Processing file /home/airflow/.local/lib/python3.12/site-packages/airflow/example_dags/example_latest_only_with_trigger.py for tasks to queue
[2025-01-21T01:19:22.031+0000] {logging_mixin.py:190} INFO - [2025-01-21T01:19:22.031+0000] {dagbag.py:588} INFO - Filling up the DagBag from /home/airflow/.local/lib/python3.12/site-packages/airflow/example_dags/example_latest_only_with_trigger.py
[2025-01-21T01:19:22.038+0000] {processor.py:925} INFO - DAG(s) 'latest_only_with_trigger' retrieved from /home/airflow/.local/lib/python3.12/site-packages/airflow/example_dags/example_latest_only_with_trigger.py
[2025-01-21T01:19:22.056+0000] {logging_mixin.py:190} INFO - [2025-01-21T01:19:22.056+0000] {dag.py:3239} INFO - Sync 1 DAGs
[2025-01-21T01:19:22.078+0000] {logging_mixin.py:190} INFO - [2025-01-21T01:19:22.078+0000] {dag.py:4180} INFO - Setting next_dagrun for latest_only_with_trigger to 2025-01-20 20:00:00+00:00, run_after=2025-01-21 00:00:00+00:00
[2025-01-21T01:19:22.096+0000] {processor.py:208} INFO - Processing /home/airflow/.local/lib/python3.12/site-packages/airflow/example_dags/example_latest_only_with_trigger.py took 0.074 seconds
[2025-01-21T01:19:53.582+0000] {processor.py:186} INFO - Started process (PID=737) to work on /home/airflow/.local/lib/python3.12/site-packages/airflow/example_dags/example_latest_only_with_trigger.py
[2025-01-21T01:19:53.583+0000] {processor.py:914} INFO - Processing file /home/airflow/.local/lib/python3.12/site-packages/airflow/example_dags/example_latest_only_with_trigger.py for tasks to queue
[2025-01-21T01:19:53.585+0000] {logging_mixin.py:190} INFO - [2025-01-21T01:19:53.584+0000] {dagbag.py:588} INFO - Filling up the DagBag from /home/airflow/.local/lib/python3.12/site-packages/airflow/example_dags/example_latest_only_with_trigger.py
[2025-01-21T01:19:53.591+0000] {processor.py:925} INFO - DAG(s) 'latest_only_with_trigger' retrieved from /home/airflow/.local/lib/python3.12/site-packages/airflow/example_dags/example_latest_only_with_trigger.py
[2025-01-21T01:19:53.611+0000] {logging_mixin.py:190} INFO - [2025-01-21T01:19:53.610+0000] {dag.py:3239} INFO - Sync 1 DAGs
[2025-01-21T01:19:53.633+0000] {logging_mixin.py:190} INFO - [2025-01-21T01:19:53.633+0000] {dag.py:4180} INFO - Setting next_dagrun for latest_only_with_trigger to 2025-01-20 20:00:00+00:00, run_after=2025-01-21 00:00:00+00:00
[2025-01-21T01:19:53.650+0000] {processor.py:208} INFO - Processing /home/airflow/.local/lib/python3.12/site-packages/airflow/example_dags/example_latest_only_with_trigger.py took 0.073 seconds
[2025-01-21T01:20:24.381+0000] {processor.py:186} INFO - Started process (PID=801) to work on /home/airflow/.local/lib/python3.12/site-packages/airflow/example_dags/example_latest_only_with_trigger.py
[2025-01-21T01:20:24.382+0000] {processor.py:914} INFO - Processing file /home/airflow/.local/lib/python3.12/site-packages/airflow/example_dags/example_latest_only_with_trigger.py for tasks to queue
[2025-01-21T01:20:24.384+0000] {logging_mixin.py:190} INFO - [2025-01-21T01:20:24.383+0000] {dagbag.py:588} INFO - Filling up the DagBag from /home/airflow/.local/lib/python3.12/site-packages/airflow/example_dags/example_latest_only_with_trigger.py
[2025-01-21T01:20:24.390+0000] {processor.py:925} INFO - DAG(s) 'latest_only_with_trigger' retrieved from /home/airflow/.local/lib/python3.12/site-packages/airflow/example_dags/example_latest_only_with_trigger.py
[2025-01-21T01:20:24.410+0000] {logging_mixin.py:190} INFO - [2025-01-21T01:20:24.409+0000] {dag.py:3239} INFO - Sync 1 DAGs
[2025-01-21T01:20:24.432+0000] {logging_mixin.py:190} INFO - [2025-01-21T01:20:24.432+0000] {dag.py:4180} INFO - Setting next_dagrun for latest_only_with_trigger to 2025-01-20 20:00:00+00:00, run_after=2025-01-21 00:00:00+00:00
[2025-01-21T01:20:24.449+0000] {processor.py:208} INFO - Processing /home/airflow/.local/lib/python3.12/site-packages/airflow/example_dags/example_latest_only_with_trigger.py took 0.073 seconds
[2025-01-21T01:20:55.221+0000] {processor.py:186} INFO - Started process (PID=865) to work on /home/airflow/.local/lib/python3.12/site-packages/airflow/example_dags/example_latest_only_with_trigger.py
[2025-01-21T01:20:55.222+0000] {processor.py:914} INFO - Processing file /home/airflow/.local/lib/python3.12/site-packages/airflow/example_dags/example_latest_only_with_trigger.py for tasks to queue
[2025-01-21T01:20:55.224+0000] {logging_mixin.py:190} INFO - [2025-01-21T01:20:55.224+0000] {dagbag.py:588} INFO - Filling up the DagBag from /home/airflow/.local/lib/python3.12/site-packages/airflow/example_dags/example_latest_only_with_trigger.py
[2025-01-21T01:20:55.230+0000] {processor.py:925} INFO - DAG(s) 'latest_only_with_trigger' retrieved from /home/airflow/.local/lib/python3.12/site-packages/airflow/example_dags/example_latest_only_with_trigger.py
[2025-01-21T01:20:55.249+0000] {logging_mixin.py:190} INFO - [2025-01-21T01:20:55.249+0000] {dag.py:3239} INFO - Sync 1 DAGs
[2025-01-21T01:20:55.282+0000] {logging_mixin.py:190} INFO - [2025-01-21T01:20:55.281+0000] {dag.py:4180} INFO - Setting next_dagrun for latest_only_with_trigger to 2025-01-20 20:00:00+00:00, run_after=2025-01-21 00:00:00+00:00
[2025-01-21T01:20:55.308+0000] {processor.py:208} INFO - Processing /home/airflow/.local/lib/python3.12/site-packages/airflow/example_dags/example_latest_only_with_trigger.py took 0.092 seconds
[2025-01-21T01:21:26.199+0000] {processor.py:186} INFO - Started process (PID=929) to work on /home/airflow/.local/lib/python3.12/site-packages/airflow/example_dags/example_latest_only_with_trigger.py
[2025-01-21T01:21:26.200+0000] {processor.py:914} INFO - Processing file /home/airflow/.local/lib/python3.12/site-packages/airflow/example_dags/example_latest_only_with_trigger.py for tasks to queue
[2025-01-21T01:21:26.202+0000] {logging_mixin.py:190} INFO - [2025-01-21T01:21:26.202+0000] {dagbag.py:588} INFO - Filling up the DagBag from /home/airflow/.local/lib/python3.12/site-packages/airflow/example_dags/example_latest_only_with_trigger.py
[2025-01-21T01:21:26.211+0000] {processor.py:925} INFO - DAG(s) 'latest_only_with_trigger' retrieved from /home/airflow/.local/lib/python3.12/site-packages/airflow/example_dags/example_latest_only_with_trigger.py
[2025-01-21T01:21:26.236+0000] {logging_mixin.py:190} INFO - [2025-01-21T01:21:26.235+0000] {dag.py:3239} INFO - Sync 1 DAGs
[2025-01-21T01:21:26.264+0000] {logging_mixin.py:190} INFO - [2025-01-21T01:21:26.264+0000] {dag.py:4180} INFO - Setting next_dagrun for latest_only_with_trigger to 2025-01-20 20:00:00+00:00, run_after=2025-01-21 00:00:00+00:00
[2025-01-21T01:21:26.288+0000] {processor.py:208} INFO - Processing /home/airflow/.local/lib/python3.12/site-packages/airflow/example_dags/example_latest_only_with_trigger.py took 0.096 seconds
[2025-01-21T01:21:56.978+0000] {processor.py:186} INFO - Started process (PID=992) to work on /home/airflow/.local/lib/python3.12/site-packages/airflow/example_dags/example_latest_only_with_trigger.py
[2025-01-21T01:21:56.979+0000] {processor.py:914} INFO - Processing file /home/airflow/.local/lib/python3.12/site-packages/airflow/example_dags/example_latest_only_with_trigger.py for tasks to queue
[2025-01-21T01:21:56.982+0000] {logging_mixin.py:190} INFO - [2025-01-21T01:21:56.982+0000] {dagbag.py:588} INFO - Filling up the DagBag from /home/airflow/.local/lib/python3.12/site-packages/airflow/example_dags/example_latest_only_with_trigger.py
[2025-01-21T01:21:56.991+0000] {processor.py:925} INFO - DAG(s) 'latest_only_with_trigger' retrieved from /home/airflow/.local/lib/python3.12/site-packages/airflow/example_dags/example_latest_only_with_trigger.py
[2025-01-21T01:21:57.017+0000] {logging_mixin.py:190} INFO - [2025-01-21T01:21:57.016+0000] {dag.py:3239} INFO - Sync 1 DAGs
[2025-01-21T01:21:57.047+0000] {logging_mixin.py:190} INFO - [2025-01-21T01:21:57.047+0000] {dag.py:4180} INFO - Setting next_dagrun for latest_only_with_trigger to 2025-01-20 20:00:00+00:00, run_after=2025-01-21 00:00:00+00:00
[2025-01-21T01:21:57.071+0000] {processor.py:208} INFO - Processing /home/airflow/.local/lib/python3.12/site-packages/airflow/example_dags/example_latest_only_with_trigger.py took 0.101 seconds
[2025-01-21T01:22:27.354+0000] {processor.py:186} INFO - Started process (PID=1059) to work on /home/airflow/.local/lib/python3.12/site-packages/airflow/example_dags/example_latest_only_with_trigger.py
[2025-01-21T01:22:27.356+0000] {processor.py:914} INFO - Processing file /home/airflow/.local/lib/python3.12/site-packages/airflow/example_dags/example_latest_only_with_trigger.py for tasks to queue
[2025-01-21T01:22:27.360+0000] {logging_mixin.py:190} INFO - [2025-01-21T01:22:27.360+0000] {dagbag.py:588} INFO - Filling up the DagBag from /home/airflow/.local/lib/python3.12/site-packages/airflow/example_dags/example_latest_only_with_trigger.py
[2025-01-21T01:22:27.372+0000] {processor.py:925} INFO - DAG(s) 'latest_only_with_trigger' retrieved from /home/airflow/.local/lib/python3.12/site-packages/airflow/example_dags/example_latest_only_with_trigger.py
[2025-01-21T01:22:27.397+0000] {logging_mixin.py:190} INFO - [2025-01-21T01:22:27.397+0000] {dag.py:3239} INFO - Sync 1 DAGs
[2025-01-21T01:22:27.425+0000] {logging_mixin.py:190} INFO - [2025-01-21T01:22:27.425+0000] {dag.py:4180} INFO - Setting next_dagrun for latest_only_with_trigger to 2025-01-20 20:00:00+00:00, run_after=2025-01-21 00:00:00+00:00
[2025-01-21T01:22:27.449+0000] {processor.py:208} INFO - Processing /home/airflow/.local/lib/python3.12/site-packages/airflow/example_dags/example_latest_only_with_trigger.py took 0.108 seconds
[2025-01-21T01:22:58.131+0000] {processor.py:186} INFO - Started process (PID=1122) to work on /home/airflow/.local/lib/python3.12/site-packages/airflow/example_dags/example_latest_only_with_trigger.py
[2025-01-21T01:22:58.133+0000] {processor.py:914} INFO - Processing file /home/airflow/.local/lib/python3.12/site-packages/airflow/example_dags/example_latest_only_with_trigger.py for tasks to queue
[2025-01-21T01:22:58.137+0000] {logging_mixin.py:190} INFO - [2025-01-21T01:22:58.137+0000] {dagbag.py:588} INFO - Filling up the DagBag from /home/airflow/.local/lib/python3.12/site-packages/airflow/example_dags/example_latest_only_with_trigger.py
[2025-01-21T01:22:58.150+0000] {processor.py:925} INFO - DAG(s) 'latest_only_with_trigger' retrieved from /home/airflow/.local/lib/python3.12/site-packages/airflow/example_dags/example_latest_only_with_trigger.py
[2025-01-21T01:22:58.189+0000] {logging_mixin.py:190} INFO - [2025-01-21T01:22:58.188+0000] {dag.py:3239} INFO - Sync 1 DAGs
[2025-01-21T01:22:58.246+0000] {logging_mixin.py:190} INFO - [2025-01-21T01:22:58.246+0000] {dag.py:4180} INFO - Setting next_dagrun for latest_only_with_trigger to 2025-01-20 20:00:00+00:00, run_after=2025-01-21 00:00:00+00:00
[2025-01-21T01:22:58.281+0000] {processor.py:208} INFO - Processing /home/airflow/.local/lib/python3.12/site-packages/airflow/example_dags/example_latest_only_with_trigger.py took 0.167 seconds
[2025-01-21T01:23:28.914+0000] {processor.py:186} INFO - Started process (PID=1187) to work on /home/airflow/.local/lib/python3.12/site-packages/airflow/example_dags/example_latest_only_with_trigger.py
[2025-01-21T01:23:28.917+0000] {processor.py:914} INFO - Processing file /home/airflow/.local/lib/python3.12/site-packages/airflow/example_dags/example_latest_only_with_trigger.py for tasks to queue
[2025-01-21T01:23:28.924+0000] {logging_mixin.py:190} INFO - [2025-01-21T01:23:28.922+0000] {dagbag.py:588} INFO - Filling up the DagBag from /home/airflow/.local/lib/python3.12/site-packages/airflow/example_dags/example_latest_only_with_trigger.py
[2025-01-21T01:23:28.944+0000] {processor.py:925} INFO - DAG(s) 'latest_only_with_trigger' retrieved from /home/airflow/.local/lib/python3.12/site-packages/airflow/example_dags/example_latest_only_with_trigger.py
[2025-01-21T01:23:28.995+0000] {logging_mixin.py:190} INFO - [2025-01-21T01:23:28.994+0000] {dag.py:3239} INFO - Sync 1 DAGs
[2025-01-21T01:23:29.087+0000] {logging_mixin.py:190} INFO - [2025-01-21T01:23:29.086+0000] {dag.py:4180} INFO - Setting next_dagrun for latest_only_with_trigger to 2025-01-20 20:00:00+00:00, run_after=2025-01-21 00:00:00+00:00
[2025-01-21T01:23:29.156+0000] {processor.py:208} INFO - Processing /home/airflow/.local/lib/python3.12/site-packages/airflow/example_dags/example_latest_only_with_trigger.py took 0.260 seconds
[2025-01-21T01:23:59.303+0000] {processor.py:186} INFO - Started process (PID=1251) to work on /home/airflow/.local/lib/python3.12/site-packages/airflow/example_dags/example_latest_only_with_trigger.py
[2025-01-21T01:23:59.304+0000] {processor.py:914} INFO - Processing file /home/airflow/.local/lib/python3.12/site-packages/airflow/example_dags/example_latest_only_with_trigger.py for tasks to queue
[2025-01-21T01:23:59.307+0000] {logging_mixin.py:190} INFO - [2025-01-21T01:23:59.307+0000] {dagbag.py:588} INFO - Filling up the DagBag from /home/airflow/.local/lib/python3.12/site-packages/airflow/example_dags/example_latest_only_with_trigger.py
[2025-01-21T01:23:59.319+0000] {processor.py:925} INFO - DAG(s) 'latest_only_with_trigger' retrieved from /home/airflow/.local/lib/python3.12/site-packages/airflow/example_dags/example_latest_only_with_trigger.py
[2025-01-21T01:23:59.345+0000] {logging_mixin.py:190} INFO - [2025-01-21T01:23:59.345+0000] {dag.py:3239} INFO - Sync 1 DAGs
[2025-01-21T01:23:59.376+0000] {logging_mixin.py:190} INFO - [2025-01-21T01:23:59.376+0000] {dag.py:4180} INFO - Setting next_dagrun for latest_only_with_trigger to 2025-01-20 20:00:00+00:00, run_after=2025-01-21 00:00:00+00:00
[2025-01-21T01:23:59.400+0000] {processor.py:208} INFO - Processing /home/airflow/.local/lib/python3.12/site-packages/airflow/example_dags/example_latest_only_with_trigger.py took 0.106 seconds
[2025-01-21T01:24:29.621+0000] {processor.py:186} INFO - Started process (PID=1315) to work on /home/airflow/.local/lib/python3.12/site-packages/airflow/example_dags/example_latest_only_with_trigger.py
[2025-01-21T01:24:29.622+0000] {processor.py:914} INFO - Processing file /home/airflow/.local/lib/python3.12/site-packages/airflow/example_dags/example_latest_only_with_trigger.py for tasks to queue
[2025-01-21T01:24:29.625+0000] {logging_mixin.py:190} INFO - [2025-01-21T01:24:29.625+0000] {dagbag.py:588} INFO - Filling up the DagBag from /home/airflow/.local/lib/python3.12/site-packages/airflow/example_dags/example_latest_only_with_trigger.py
[2025-01-21T01:24:29.636+0000] {processor.py:925} INFO - DAG(s) 'latest_only_with_trigger' retrieved from /home/airflow/.local/lib/python3.12/site-packages/airflow/example_dags/example_latest_only_with_trigger.py
[2025-01-21T01:24:29.662+0000] {logging_mixin.py:190} INFO - [2025-01-21T01:24:29.661+0000] {dag.py:3239} INFO - Sync 1 DAGs
[2025-01-21T01:24:29.693+0000] {logging_mixin.py:190} INFO - [2025-01-21T01:24:29.693+0000] {dag.py:4180} INFO - Setting next_dagrun for latest_only_with_trigger to 2025-01-20 20:00:00+00:00, run_after=2025-01-21 00:00:00+00:00
[2025-01-21T01:24:29.714+0000] {processor.py:208} INFO - Processing /home/airflow/.local/lib/python3.12/site-packages/airflow/example_dags/example_latest_only_with_trigger.py took 0.100 seconds
[2025-01-21T01:24:59.973+0000] {processor.py:186} INFO - Started process (PID=1379) to work on /home/airflow/.local/lib/python3.12/site-packages/airflow/example_dags/example_latest_only_with_trigger.py
[2025-01-21T01:24:59.975+0000] {processor.py:914} INFO - Processing file /home/airflow/.local/lib/python3.12/site-packages/airflow/example_dags/example_latest_only_with_trigger.py for tasks to queue
[2025-01-21T01:24:59.979+0000] {logging_mixin.py:190} INFO - [2025-01-21T01:24:59.978+0000] {dagbag.py:588} INFO - Filling up the DagBag from /home/airflow/.local/lib/python3.12/site-packages/airflow/example_dags/example_latest_only_with_trigger.py
[2025-01-21T01:24:59.991+0000] {processor.py:925} INFO - DAG(s) 'latest_only_with_trigger' retrieved from /home/airflow/.local/lib/python3.12/site-packages/airflow/example_dags/example_latest_only_with_trigger.py
[2025-01-21T01:25:00.029+0000] {logging_mixin.py:190} INFO - [2025-01-21T01:25:00.029+0000] {dag.py:3239} INFO - Sync 1 DAGs
[2025-01-21T01:25:00.069+0000] {logging_mixin.py:190} INFO - [2025-01-21T01:25:00.069+0000] {dag.py:4180} INFO - Setting next_dagrun for latest_only_with_trigger to 2025-01-20 20:00:00+00:00, run_after=2025-01-21 00:00:00+00:00
[2025-01-21T01:25:00.119+0000] {processor.py:208} INFO - Processing /home/airflow/.local/lib/python3.12/site-packages/airflow/example_dags/example_latest_only_with_trigger.py took 0.158 seconds
[2025-01-21T01:25:30.285+0000] {processor.py:186} INFO - Started process (PID=1444) to work on /home/airflow/.local/lib/python3.12/site-packages/airflow/example_dags/example_latest_only_with_trigger.py
[2025-01-21T01:25:30.286+0000] {processor.py:914} INFO - Processing file /home/airflow/.local/lib/python3.12/site-packages/airflow/example_dags/example_latest_only_with_trigger.py for tasks to queue
[2025-01-21T01:25:30.288+0000] {logging_mixin.py:190} INFO - [2025-01-21T01:25:30.288+0000] {dagbag.py:588} INFO - Filling up the DagBag from /home/airflow/.local/lib/python3.12/site-packages/airflow/example_dags/example_latest_only_with_trigger.py
[2025-01-21T01:25:30.298+0000] {processor.py:925} INFO - DAG(s) 'latest_only_with_trigger' retrieved from /home/airflow/.local/lib/python3.12/site-packages/airflow/example_dags/example_latest_only_with_trigger.py
[2025-01-21T01:25:30.322+0000] {logging_mixin.py:190} INFO - [2025-01-21T01:25:30.322+0000] {dag.py:3239} INFO - Sync 1 DAGs
[2025-01-21T01:25:30.350+0000] {logging_mixin.py:190} INFO - [2025-01-21T01:25:30.349+0000] {dag.py:4180} INFO - Setting next_dagrun for latest_only_with_trigger to 2025-01-20 20:00:00+00:00, run_after=2025-01-21 00:00:00+00:00
[2025-01-21T01:25:30.369+0000] {processor.py:208} INFO - Processing /home/airflow/.local/lib/python3.12/site-packages/airflow/example_dags/example_latest_only_with_trigger.py took 0.092 seconds
[2025-01-21T01:26:00.565+0000] {processor.py:186} INFO - Started process (PID=1508) to work on /home/airflow/.local/lib/python3.12/site-packages/airflow/example_dags/example_latest_only_with_trigger.py
[2025-01-21T01:26:00.567+0000] {processor.py:914} INFO - Processing file /home/airflow/.local/lib/python3.12/site-packages/airflow/example_dags/example_latest_only_with_trigger.py for tasks to queue
[2025-01-21T01:26:00.569+0000] {logging_mixin.py:190} INFO - [2025-01-21T01:26:00.569+0000] {dagbag.py:588} INFO - Filling up the DagBag from /home/airflow/.local/lib/python3.12/site-packages/airflow/example_dags/example_latest_only_with_trigger.py
[2025-01-21T01:26:00.578+0000] {processor.py:925} INFO - DAG(s) 'latest_only_with_trigger' retrieved from /home/airflow/.local/lib/python3.12/site-packages/airflow/example_dags/example_latest_only_with_trigger.py
[2025-01-21T01:26:00.611+0000] {logging_mixin.py:190} INFO - [2025-01-21T01:26:00.610+0000] {dag.py:3239} INFO - Sync 1 DAGs
[2025-01-21T01:26:00.654+0000] {logging_mixin.py:190} INFO - [2025-01-21T01:26:00.654+0000] {dag.py:4180} INFO - Setting next_dagrun for latest_only_with_trigger to 2025-01-20 20:00:00+00:00, run_after=2025-01-21 00:00:00+00:00
[2025-01-21T01:26:00.675+0000] {processor.py:208} INFO - Processing /home/airflow/.local/lib/python3.12/site-packages/airflow/example_dags/example_latest_only_with_trigger.py took 0.123 seconds
