[2025-01-21T01:14:41.698+0000] {processor.py:186} INFO - Started process (PID=100) to work on /home/airflow/.local/lib/python3.12/site-packages/airflow/example_dags/example_dag_decorator.py
[2025-01-21T01:14:41.699+0000] {processor.py:914} INFO - Processing file /home/airflow/.local/lib/python3.12/site-packages/airflow/example_dags/example_dag_decorator.py for tasks to queue
[2025-01-21T01:14:41.701+0000] {logging_mixin.py:190} INFO - [2025-01-21T01:14:41.700+0000] {dagbag.py:588} INFO - Filling up the DagBag from /home/airflow/.local/lib/python3.12/site-packages/airflow/example_dags/example_dag_decorator.py
[2025-01-21T01:14:41.716+0000] {processor.py:925} INFO - DAG(s) 'example_dag_decorator' retrieved from /home/airflow/.local/lib/python3.12/site-packages/airflow/example_dags/example_dag_decorator.py
[2025-01-21T01:14:41.855+0000] {logging_mixin.py:190} INFO - [2025-01-21T01:14:41.855+0000] {dag.py:3239} INFO - Sync 1 DAGs
[2025-01-21T01:14:41.871+0000] {logging_mixin.py:190} INFO - [2025-01-21T01:14:41.870+0000] {dag.py:4180} INFO - Setting next_dagrun for example_dag_decorator to None, run_after=None
[2025-01-21T01:14:41.892+0000] {processor.py:208} INFO - Processing /home/airflow/.local/lib/python3.12/site-packages/airflow/example_dags/example_dag_decorator.py took 0.200 seconds
[2025-01-21T01:15:12.783+0000] {processor.py:186} INFO - Started process (PID=164) to work on /home/airflow/.local/lib/python3.12/site-packages/airflow/example_dags/example_dag_decorator.py
[2025-01-21T01:15:12.784+0000] {processor.py:914} INFO - Processing file /home/airflow/.local/lib/python3.12/site-packages/airflow/example_dags/example_dag_decorator.py for tasks to queue
[2025-01-21T01:15:12.787+0000] {logging_mixin.py:190} INFO - [2025-01-21T01:15:12.786+0000] {dagbag.py:588} INFO - Filling up the DagBag from /home/airflow/.local/lib/python3.12/site-packages/airflow/example_dags/example_dag_decorator.py
[2025-01-21T01:15:12.800+0000] {processor.py:925} INFO - DAG(s) 'example_dag_decorator' retrieved from /home/airflow/.local/lib/python3.12/site-packages/airflow/example_dags/example_dag_decorator.py
[2025-01-21T01:15:12.913+0000] {logging_mixin.py:190} INFO - [2025-01-21T01:15:12.913+0000] {dag.py:3239} INFO - Sync 1 DAGs
[2025-01-21T01:15:12.928+0000] {logging_mixin.py:190} INFO - [2025-01-21T01:15:12.928+0000] {dag.py:4180} INFO - Setting next_dagrun for example_dag_decorator to None, run_after=None
[2025-01-21T01:15:12.954+0000] {processor.py:208} INFO - Processing /home/airflow/.local/lib/python3.12/site-packages/airflow/example_dags/example_dag_decorator.py took 0.177 seconds
[2025-01-21T01:15:43.796+0000] {processor.py:186} INFO - Started process (PID=228) to work on /home/airflow/.local/lib/python3.12/site-packages/airflow/example_dags/example_dag_decorator.py
[2025-01-21T01:15:43.797+0000] {processor.py:914} INFO - Processing file /home/airflow/.local/lib/python3.12/site-packages/airflow/example_dags/example_dag_decorator.py for tasks to queue
[2025-01-21T01:15:43.799+0000] {logging_mixin.py:190} INFO - [2025-01-21T01:15:43.798+0000] {dagbag.py:588} INFO - Filling up the DagBag from /home/airflow/.local/lib/python3.12/site-packages/airflow/example_dags/example_dag_decorator.py
[2025-01-21T01:15:43.809+0000] {processor.py:925} INFO - DAG(s) 'example_dag_decorator' retrieved from /home/airflow/.local/lib/python3.12/site-packages/airflow/example_dags/example_dag_decorator.py
[2025-01-21T01:15:43.919+0000] {logging_mixin.py:190} INFO - [2025-01-21T01:15:43.919+0000] {dag.py:3239} INFO - Sync 1 DAGs
[2025-01-21T01:15:43.931+0000] {logging_mixin.py:190} INFO - [2025-01-21T01:15:43.930+0000] {dag.py:4180} INFO - Setting next_dagrun for example_dag_decorator to None, run_after=None
[2025-01-21T01:15:43.953+0000] {processor.py:208} INFO - Processing /home/airflow/.local/lib/python3.12/site-packages/airflow/example_dags/example_dag_decorator.py took 0.162 seconds
[2025-01-21T01:16:15.151+0000] {processor.py:186} INFO - Started process (PID=292) to work on /home/airflow/.local/lib/python3.12/site-packages/airflow/example_dags/example_dag_decorator.py
[2025-01-21T01:16:15.152+0000] {processor.py:914} INFO - Processing file /home/airflow/.local/lib/python3.12/site-packages/airflow/example_dags/example_dag_decorator.py for tasks to queue
[2025-01-21T01:16:15.154+0000] {logging_mixin.py:190} INFO - [2025-01-21T01:16:15.154+0000] {dagbag.py:588} INFO - Filling up the DagBag from /home/airflow/.local/lib/python3.12/site-packages/airflow/example_dags/example_dag_decorator.py
[2025-01-21T01:16:15.168+0000] {processor.py:925} INFO - DAG(s) 'example_dag_decorator' retrieved from /home/airflow/.local/lib/python3.12/site-packages/airflow/example_dags/example_dag_decorator.py
[2025-01-21T01:16:15.285+0000] {logging_mixin.py:190} INFO - [2025-01-21T01:16:15.284+0000] {dag.py:3239} INFO - Sync 1 DAGs
[2025-01-21T01:16:15.299+0000] {logging_mixin.py:190} INFO - [2025-01-21T01:16:15.299+0000] {dag.py:4180} INFO - Setting next_dagrun for example_dag_decorator to None, run_after=None
[2025-01-21T01:16:15.319+0000] {processor.py:208} INFO - Processing /home/airflow/.local/lib/python3.12/site-packages/airflow/example_dags/example_dag_decorator.py took 0.174 seconds
[2025-01-21T01:16:46.089+0000] {processor.py:186} INFO - Started process (PID=356) to work on /home/airflow/.local/lib/python3.12/site-packages/airflow/example_dags/example_dag_decorator.py
[2025-01-21T01:16:46.093+0000] {processor.py:914} INFO - Processing file /home/airflow/.local/lib/python3.12/site-packages/airflow/example_dags/example_dag_decorator.py for tasks to queue
[2025-01-21T01:16:46.096+0000] {logging_mixin.py:190} INFO - [2025-01-21T01:16:46.096+0000] {dagbag.py:588} INFO - Filling up the DagBag from /home/airflow/.local/lib/python3.12/site-packages/airflow/example_dags/example_dag_decorator.py
[2025-01-21T01:16:46.110+0000] {processor.py:925} INFO - DAG(s) 'example_dag_decorator' retrieved from /home/airflow/.local/lib/python3.12/site-packages/airflow/example_dags/example_dag_decorator.py
[2025-01-21T01:16:46.227+0000] {logging_mixin.py:190} INFO - [2025-01-21T01:16:46.227+0000] {dag.py:3239} INFO - Sync 1 DAGs
[2025-01-21T01:16:46.241+0000] {logging_mixin.py:190} INFO - [2025-01-21T01:16:46.240+0000] {dag.py:4180} INFO - Setting next_dagrun for example_dag_decorator to None, run_after=None
[2025-01-21T01:16:46.272+0000] {processor.py:208} INFO - Processing /home/airflow/.local/lib/python3.12/site-packages/airflow/example_dags/example_dag_decorator.py took 0.189 seconds
[2025-01-21T01:17:17.510+0000] {processor.py:186} INFO - Started process (PID=420) to work on /home/airflow/.local/lib/python3.12/site-packages/airflow/example_dags/example_dag_decorator.py
[2025-01-21T01:17:17.515+0000] {processor.py:914} INFO - Processing file /home/airflow/.local/lib/python3.12/site-packages/airflow/example_dags/example_dag_decorator.py for tasks to queue
[2025-01-21T01:17:17.517+0000] {logging_mixin.py:190} INFO - [2025-01-21T01:17:17.517+0000] {dagbag.py:588} INFO - Filling up the DagBag from /home/airflow/.local/lib/python3.12/site-packages/airflow/example_dags/example_dag_decorator.py
[2025-01-21T01:17:17.531+0000] {processor.py:925} INFO - DAG(s) 'example_dag_decorator' retrieved from /home/airflow/.local/lib/python3.12/site-packages/airflow/example_dags/example_dag_decorator.py
[2025-01-21T01:17:17.648+0000] {logging_mixin.py:190} INFO - [2025-01-21T01:17:17.648+0000] {dag.py:3239} INFO - Sync 1 DAGs
[2025-01-21T01:17:17.661+0000] {logging_mixin.py:190} INFO - [2025-01-21T01:17:17.661+0000] {dag.py:4180} INFO - Setting next_dagrun for example_dag_decorator to None, run_after=None
[2025-01-21T01:17:17.694+0000] {processor.py:208} INFO - Processing /home/airflow/.local/lib/python3.12/site-packages/airflow/example_dags/example_dag_decorator.py took 0.192 seconds
[2025-01-21T01:17:48.601+0000] {processor.py:186} INFO - Started process (PID=484) to work on /home/airflow/.local/lib/python3.12/site-packages/airflow/example_dags/example_dag_decorator.py
[2025-01-21T01:17:48.602+0000] {processor.py:914} INFO - Processing file /home/airflow/.local/lib/python3.12/site-packages/airflow/example_dags/example_dag_decorator.py for tasks to queue
[2025-01-21T01:17:48.604+0000] {logging_mixin.py:190} INFO - [2025-01-21T01:17:48.604+0000] {dagbag.py:588} INFO - Filling up the DagBag from /home/airflow/.local/lib/python3.12/site-packages/airflow/example_dags/example_dag_decorator.py
[2025-01-21T01:17:48.615+0000] {processor.py:925} INFO - DAG(s) 'example_dag_decorator' retrieved from /home/airflow/.local/lib/python3.12/site-packages/airflow/example_dags/example_dag_decorator.py
[2025-01-21T01:17:48.723+0000] {logging_mixin.py:190} INFO - [2025-01-21T01:17:48.723+0000] {dag.py:3239} INFO - Sync 1 DAGs
[2025-01-21T01:17:48.738+0000] {logging_mixin.py:190} INFO - [2025-01-21T01:17:48.737+0000] {dag.py:4180} INFO - Setting next_dagrun for example_dag_decorator to None, run_after=None
[2025-01-21T01:17:48.758+0000] {processor.py:208} INFO - Processing /home/airflow/.local/lib/python3.12/site-packages/airflow/example_dags/example_dag_decorator.py took 0.162 seconds
[2025-01-21T01:18:19.413+0000] {processor.py:186} INFO - Started process (PID=548) to work on /home/airflow/.local/lib/python3.12/site-packages/airflow/example_dags/example_dag_decorator.py
[2025-01-21T01:18:19.414+0000] {processor.py:914} INFO - Processing file /home/airflow/.local/lib/python3.12/site-packages/airflow/example_dags/example_dag_decorator.py for tasks to queue
[2025-01-21T01:18:19.417+0000] {logging_mixin.py:190} INFO - [2025-01-21T01:18:19.416+0000] {dagbag.py:588} INFO - Filling up the DagBag from /home/airflow/.local/lib/python3.12/site-packages/airflow/example_dags/example_dag_decorator.py
[2025-01-21T01:18:19.430+0000] {processor.py:925} INFO - DAG(s) 'example_dag_decorator' retrieved from /home/airflow/.local/lib/python3.12/site-packages/airflow/example_dags/example_dag_decorator.py
[2025-01-21T01:18:19.565+0000] {logging_mixin.py:190} INFO - [2025-01-21T01:18:19.564+0000] {dag.py:3239} INFO - Sync 1 DAGs
[2025-01-21T01:18:19.578+0000] {logging_mixin.py:190} INFO - [2025-01-21T01:18:19.577+0000] {dag.py:4180} INFO - Setting next_dagrun for example_dag_decorator to None, run_after=None
[2025-01-21T01:18:19.597+0000] {processor.py:208} INFO - Processing /home/airflow/.local/lib/python3.12/site-packages/airflow/example_dags/example_dag_decorator.py took 0.191 seconds
[2025-01-21T01:18:50.787+0000] {processor.py:186} INFO - Started process (PID=612) to work on /home/airflow/.local/lib/python3.12/site-packages/airflow/example_dags/example_dag_decorator.py
[2025-01-21T01:18:50.788+0000] {processor.py:914} INFO - Processing file /home/airflow/.local/lib/python3.12/site-packages/airflow/example_dags/example_dag_decorator.py for tasks to queue
[2025-01-21T01:18:50.791+0000] {logging_mixin.py:190} INFO - [2025-01-21T01:18:50.791+0000] {dagbag.py:588} INFO - Filling up the DagBag from /home/airflow/.local/lib/python3.12/site-packages/airflow/example_dags/example_dag_decorator.py
[2025-01-21T01:18:50.807+0000] {processor.py:925} INFO - DAG(s) 'example_dag_decorator' retrieved from /home/airflow/.local/lib/python3.12/site-packages/airflow/example_dags/example_dag_decorator.py
[2025-01-21T01:18:50.922+0000] {logging_mixin.py:190} INFO - [2025-01-21T01:18:50.922+0000] {dag.py:3239} INFO - Sync 1 DAGs
[2025-01-21T01:18:50.936+0000] {logging_mixin.py:190} INFO - [2025-01-21T01:18:50.936+0000] {dag.py:4180} INFO - Setting next_dagrun for example_dag_decorator to None, run_after=None
[2025-01-21T01:18:50.956+0000] {processor.py:208} INFO - Processing /home/airflow/.local/lib/python3.12/site-packages/airflow/example_dags/example_dag_decorator.py took 0.177 seconds
[2025-01-21T01:19:22.165+0000] {processor.py:186} INFO - Started process (PID=676) to work on /home/airflow/.local/lib/python3.12/site-packages/airflow/example_dags/example_dag_decorator.py
[2025-01-21T01:19:22.166+0000] {processor.py:914} INFO - Processing file /home/airflow/.local/lib/python3.12/site-packages/airflow/example_dags/example_dag_decorator.py for tasks to queue
[2025-01-21T01:19:22.168+0000] {logging_mixin.py:190} INFO - [2025-01-21T01:19:22.168+0000] {dagbag.py:588} INFO - Filling up the DagBag from /home/airflow/.local/lib/python3.12/site-packages/airflow/example_dags/example_dag_decorator.py
[2025-01-21T01:19:22.179+0000] {processor.py:925} INFO - DAG(s) 'example_dag_decorator' retrieved from /home/airflow/.local/lib/python3.12/site-packages/airflow/example_dags/example_dag_decorator.py
[2025-01-21T01:19:22.291+0000] {logging_mixin.py:190} INFO - [2025-01-21T01:19:22.290+0000] {dag.py:3239} INFO - Sync 1 DAGs
[2025-01-21T01:19:22.309+0000] {logging_mixin.py:190} INFO - [2025-01-21T01:19:22.309+0000] {dag.py:4180} INFO - Setting next_dagrun for example_dag_decorator to None, run_after=None
[2025-01-21T01:19:22.332+0000] {processor.py:208} INFO - Processing /home/airflow/.local/lib/python3.12/site-packages/airflow/example_dags/example_dag_decorator.py took 0.172 seconds
[2025-01-21T01:19:53.750+0000] {processor.py:186} INFO - Started process (PID=740) to work on /home/airflow/.local/lib/python3.12/site-packages/airflow/example_dags/example_dag_decorator.py
[2025-01-21T01:19:53.751+0000] {processor.py:914} INFO - Processing file /home/airflow/.local/lib/python3.12/site-packages/airflow/example_dags/example_dag_decorator.py for tasks to queue
[2025-01-21T01:19:53.753+0000] {logging_mixin.py:190} INFO - [2025-01-21T01:19:53.753+0000] {dagbag.py:588} INFO - Filling up the DagBag from /home/airflow/.local/lib/python3.12/site-packages/airflow/example_dags/example_dag_decorator.py
[2025-01-21T01:19:53.765+0000] {processor.py:925} INFO - DAG(s) 'example_dag_decorator' retrieved from /home/airflow/.local/lib/python3.12/site-packages/airflow/example_dags/example_dag_decorator.py
[2025-01-21T01:19:53.884+0000] {logging_mixin.py:190} INFO - [2025-01-21T01:19:53.884+0000] {dag.py:3239} INFO - Sync 1 DAGs
[2025-01-21T01:19:53.896+0000] {logging_mixin.py:190} INFO - [2025-01-21T01:19:53.896+0000] {dag.py:4180} INFO - Setting next_dagrun for example_dag_decorator to None, run_after=None
[2025-01-21T01:19:53.915+0000] {processor.py:208} INFO - Processing /home/airflow/.local/lib/python3.12/site-packages/airflow/example_dags/example_dag_decorator.py took 0.172 seconds
[2025-01-21T01:20:24.544+0000] {processor.py:186} INFO - Started process (PID=804) to work on /home/airflow/.local/lib/python3.12/site-packages/airflow/example_dags/example_dag_decorator.py
[2025-01-21T01:20:24.545+0000] {processor.py:914} INFO - Processing file /home/airflow/.local/lib/python3.12/site-packages/airflow/example_dags/example_dag_decorator.py for tasks to queue
[2025-01-21T01:20:24.547+0000] {logging_mixin.py:190} INFO - [2025-01-21T01:20:24.547+0000] {dagbag.py:588} INFO - Filling up the DagBag from /home/airflow/.local/lib/python3.12/site-packages/airflow/example_dags/example_dag_decorator.py
[2025-01-21T01:20:24.560+0000] {processor.py:925} INFO - DAG(s) 'example_dag_decorator' retrieved from /home/airflow/.local/lib/python3.12/site-packages/airflow/example_dags/example_dag_decorator.py
[2025-01-21T01:20:24.686+0000] {logging_mixin.py:190} INFO - [2025-01-21T01:20:24.685+0000] {dag.py:3239} INFO - Sync 1 DAGs
[2025-01-21T01:20:24.703+0000] {logging_mixin.py:190} INFO - [2025-01-21T01:20:24.703+0000] {dag.py:4180} INFO - Setting next_dagrun for example_dag_decorator to None, run_after=None
[2025-01-21T01:20:24.726+0000] {processor.py:208} INFO - Processing /home/airflow/.local/lib/python3.12/site-packages/airflow/example_dags/example_dag_decorator.py took 0.189 seconds
[2025-01-21T01:20:55.547+0000] {processor.py:186} INFO - Started process (PID=868) to work on /home/airflow/.local/lib/python3.12/site-packages/airflow/example_dags/example_dag_decorator.py
[2025-01-21T01:20:55.548+0000] {processor.py:914} INFO - Processing file /home/airflow/.local/lib/python3.12/site-packages/airflow/example_dags/example_dag_decorator.py for tasks to queue
[2025-01-21T01:20:55.551+0000] {logging_mixin.py:190} INFO - [2025-01-21T01:20:55.550+0000] {dagbag.py:588} INFO - Filling up the DagBag from /home/airflow/.local/lib/python3.12/site-packages/airflow/example_dags/example_dag_decorator.py
[2025-01-21T01:20:55.564+0000] {processor.py:925} INFO - DAG(s) 'example_dag_decorator' retrieved from /home/airflow/.local/lib/python3.12/site-packages/airflow/example_dags/example_dag_decorator.py
[2025-01-21T01:20:55.711+0000] {logging_mixin.py:190} INFO - [2025-01-21T01:20:55.711+0000] {dag.py:3239} INFO - Sync 1 DAGs
[2025-01-21T01:20:55.724+0000] {logging_mixin.py:190} INFO - [2025-01-21T01:20:55.724+0000] {dag.py:4180} INFO - Setting next_dagrun for example_dag_decorator to None, run_after=None
[2025-01-21T01:20:55.745+0000] {processor.py:208} INFO - Processing /home/airflow/.local/lib/python3.12/site-packages/airflow/example_dags/example_dag_decorator.py took 0.205 seconds
[2025-01-21T01:21:26.660+0000] {processor.py:186} INFO - Started process (PID=932) to work on /home/airflow/.local/lib/python3.12/site-packages/airflow/example_dags/example_dag_decorator.py
[2025-01-21T01:21:26.662+0000] {processor.py:914} INFO - Processing file /home/airflow/.local/lib/python3.12/site-packages/airflow/example_dags/example_dag_decorator.py for tasks to queue
[2025-01-21T01:21:26.665+0000] {logging_mixin.py:190} INFO - [2025-01-21T01:21:26.665+0000] {dagbag.py:588} INFO - Filling up the DagBag from /home/airflow/.local/lib/python3.12/site-packages/airflow/example_dags/example_dag_decorator.py
[2025-01-21T01:21:26.680+0000] {processor.py:925} INFO - DAG(s) 'example_dag_decorator' retrieved from /home/airflow/.local/lib/python3.12/site-packages/airflow/example_dags/example_dag_decorator.py
[2025-01-21T01:21:26.826+0000] {logging_mixin.py:190} INFO - [2025-01-21T01:21:26.826+0000] {dag.py:3239} INFO - Sync 1 DAGs
[2025-01-21T01:21:26.843+0000] {logging_mixin.py:190} INFO - [2025-01-21T01:21:26.842+0000] {dag.py:4180} INFO - Setting next_dagrun for example_dag_decorator to None, run_after=None
[2025-01-21T01:21:26.868+0000] {processor.py:208} INFO - Processing /home/airflow/.local/lib/python3.12/site-packages/airflow/example_dags/example_dag_decorator.py took 0.217 seconds
[2025-01-21T01:21:57.379+0000] {processor.py:186} INFO - Started process (PID=995) to work on /home/airflow/.local/lib/python3.12/site-packages/airflow/example_dags/example_dag_decorator.py
[2025-01-21T01:21:57.380+0000] {processor.py:914} INFO - Processing file /home/airflow/.local/lib/python3.12/site-packages/airflow/example_dags/example_dag_decorator.py for tasks to queue
[2025-01-21T01:21:57.383+0000] {logging_mixin.py:190} INFO - [2025-01-21T01:21:57.382+0000] {dagbag.py:588} INFO - Filling up the DagBag from /home/airflow/.local/lib/python3.12/site-packages/airflow/example_dags/example_dag_decorator.py
[2025-01-21T01:21:57.396+0000] {processor.py:925} INFO - DAG(s) 'example_dag_decorator' retrieved from /home/airflow/.local/lib/python3.12/site-packages/airflow/example_dags/example_dag_decorator.py
[2025-01-21T01:21:57.540+0000] {logging_mixin.py:190} INFO - [2025-01-21T01:21:57.539+0000] {dag.py:3239} INFO - Sync 1 DAGs
[2025-01-21T01:21:57.556+0000] {logging_mixin.py:190} INFO - [2025-01-21T01:21:57.556+0000] {dag.py:4180} INFO - Setting next_dagrun for example_dag_decorator to None, run_after=None
[2025-01-21T01:21:57.579+0000] {processor.py:208} INFO - Processing /home/airflow/.local/lib/python3.12/site-packages/airflow/example_dags/example_dag_decorator.py took 0.208 seconds
[2025-01-21T01:22:27.748+0000] {processor.py:186} INFO - Started process (PID=1062) to work on /home/airflow/.local/lib/python3.12/site-packages/airflow/example_dags/example_dag_decorator.py
[2025-01-21T01:22:27.750+0000] {processor.py:914} INFO - Processing file /home/airflow/.local/lib/python3.12/site-packages/airflow/example_dags/example_dag_decorator.py for tasks to queue
[2025-01-21T01:22:27.753+0000] {logging_mixin.py:190} INFO - [2025-01-21T01:22:27.753+0000] {dagbag.py:588} INFO - Filling up the DagBag from /home/airflow/.local/lib/python3.12/site-packages/airflow/example_dags/example_dag_decorator.py
[2025-01-21T01:22:27.767+0000] {processor.py:925} INFO - DAG(s) 'example_dag_decorator' retrieved from /home/airflow/.local/lib/python3.12/site-packages/airflow/example_dags/example_dag_decorator.py
[2025-01-21T01:22:27.889+0000] {logging_mixin.py:190} INFO - [2025-01-21T01:22:27.888+0000] {dag.py:3239} INFO - Sync 1 DAGs
[2025-01-21T01:22:27.906+0000] {logging_mixin.py:190} INFO - [2025-01-21T01:22:27.906+0000] {dag.py:4180} INFO - Setting next_dagrun for example_dag_decorator to None, run_after=None
[2025-01-21T01:22:27.930+0000] {processor.py:208} INFO - Processing /home/airflow/.local/lib/python3.12/site-packages/airflow/example_dags/example_dag_decorator.py took 0.188 seconds
[2025-01-21T01:22:58.453+0000] {processor.py:186} INFO - Started process (PID=1125) to work on /home/airflow/.local/lib/python3.12/site-packages/airflow/example_dags/example_dag_decorator.py
[2025-01-21T01:22:58.454+0000] {processor.py:914} INFO - Processing file /home/airflow/.local/lib/python3.12/site-packages/airflow/example_dags/example_dag_decorator.py for tasks to queue
[2025-01-21T01:22:58.456+0000] {logging_mixin.py:190} INFO - [2025-01-21T01:22:58.456+0000] {dagbag.py:588} INFO - Filling up the DagBag from /home/airflow/.local/lib/python3.12/site-packages/airflow/example_dags/example_dag_decorator.py
[2025-01-21T01:22:58.468+0000] {processor.py:925} INFO - DAG(s) 'example_dag_decorator' retrieved from /home/airflow/.local/lib/python3.12/site-packages/airflow/example_dags/example_dag_decorator.py
[2025-01-21T01:22:58.635+0000] {logging_mixin.py:190} INFO - [2025-01-21T01:22:58.634+0000] {dag.py:3239} INFO - Sync 1 DAGs
[2025-01-21T01:22:58.649+0000] {logging_mixin.py:190} INFO - [2025-01-21T01:22:58.649+0000] {dag.py:4180} INFO - Setting next_dagrun for example_dag_decorator to None, run_after=None
[2025-01-21T01:22:58.674+0000] {processor.py:208} INFO - Processing /home/airflow/.local/lib/python3.12/site-packages/airflow/example_dags/example_dag_decorator.py took 0.227 seconds
[2025-01-21T01:23:29.401+0000] {processor.py:186} INFO - Started process (PID=1190) to work on /home/airflow/.local/lib/python3.12/site-packages/airflow/example_dags/example_dag_decorator.py
[2025-01-21T01:23:29.402+0000] {processor.py:914} INFO - Processing file /home/airflow/.local/lib/python3.12/site-packages/airflow/example_dags/example_dag_decorator.py for tasks to queue
[2025-01-21T01:23:29.404+0000] {logging_mixin.py:190} INFO - [2025-01-21T01:23:29.404+0000] {dagbag.py:588} INFO - Filling up the DagBag from /home/airflow/.local/lib/python3.12/site-packages/airflow/example_dags/example_dag_decorator.py
[2025-01-21T01:23:29.417+0000] {processor.py:925} INFO - DAG(s) 'example_dag_decorator' retrieved from /home/airflow/.local/lib/python3.12/site-packages/airflow/example_dags/example_dag_decorator.py
[2025-01-21T01:23:29.538+0000] {logging_mixin.py:190} INFO - [2025-01-21T01:23:29.538+0000] {dag.py:3239} INFO - Sync 1 DAGs
[2025-01-21T01:23:29.554+0000] {logging_mixin.py:190} INFO - [2025-01-21T01:23:29.553+0000] {dag.py:4180} INFO - Setting next_dagrun for example_dag_decorator to None, run_after=None
[2025-01-21T01:23:29.579+0000] {processor.py:208} INFO - Processing /home/airflow/.local/lib/python3.12/site-packages/airflow/example_dags/example_dag_decorator.py took 0.184 seconds
[2025-01-21T01:23:59.684+0000] {processor.py:186} INFO - Started process (PID=1254) to work on /home/airflow/.local/lib/python3.12/site-packages/airflow/example_dags/example_dag_decorator.py
[2025-01-21T01:23:59.685+0000] {processor.py:914} INFO - Processing file /home/airflow/.local/lib/python3.12/site-packages/airflow/example_dags/example_dag_decorator.py for tasks to queue
[2025-01-21T01:23:59.688+0000] {logging_mixin.py:190} INFO - [2025-01-21T01:23:59.687+0000] {dagbag.py:588} INFO - Filling up the DagBag from /home/airflow/.local/lib/python3.12/site-packages/airflow/example_dags/example_dag_decorator.py
[2025-01-21T01:23:59.701+0000] {processor.py:925} INFO - DAG(s) 'example_dag_decorator' retrieved from /home/airflow/.local/lib/python3.12/site-packages/airflow/example_dags/example_dag_decorator.py
[2025-01-21T01:23:59.847+0000] {logging_mixin.py:190} INFO - [2025-01-21T01:23:59.847+0000] {dag.py:3239} INFO - Sync 1 DAGs
[2025-01-21T01:23:59.861+0000] {logging_mixin.py:190} INFO - [2025-01-21T01:23:59.861+0000] {dag.py:4180} INFO - Setting next_dagrun for example_dag_decorator to None, run_after=None
[2025-01-21T01:23:59.891+0000] {processor.py:208} INFO - Processing /home/airflow/.local/lib/python3.12/site-packages/airflow/example_dags/example_dag_decorator.py took 0.215 seconds
[2025-01-21T01:24:30.012+0000] {processor.py:186} INFO - Started process (PID=1319) to work on /home/airflow/.local/lib/python3.12/site-packages/airflow/example_dags/example_dag_decorator.py
[2025-01-21T01:24:30.013+0000] {processor.py:914} INFO - Processing file /home/airflow/.local/lib/python3.12/site-packages/airflow/example_dags/example_dag_decorator.py for tasks to queue
[2025-01-21T01:24:30.016+0000] {logging_mixin.py:190} INFO - [2025-01-21T01:24:30.016+0000] {dagbag.py:588} INFO - Filling up the DagBag from /home/airflow/.local/lib/python3.12/site-packages/airflow/example_dags/example_dag_decorator.py
[2025-01-21T01:24:30.030+0000] {processor.py:925} INFO - DAG(s) 'example_dag_decorator' retrieved from /home/airflow/.local/lib/python3.12/site-packages/airflow/example_dags/example_dag_decorator.py
[2025-01-21T01:24:30.058+0000] {logging_mixin.py:190} INFO - [2025-01-21T01:24:30.057+0000] {dag.py:3239} INFO - Sync 1 DAGs
[2025-01-21T01:24:30.076+0000] {logging_mixin.py:190} INFO - [2025-01-21T01:24:30.075+0000] {dag.py:4180} INFO - Setting next_dagrun for example_dag_decorator to None, run_after=None
[2025-01-21T01:24:30.099+0000] {processor.py:208} INFO - Processing /home/airflow/.local/lib/python3.12/site-packages/airflow/example_dags/example_dag_decorator.py took 0.093 seconds
[2025-01-21T01:25:00.363+0000] {processor.py:186} INFO - Started process (PID=1382) to work on /home/airflow/.local/lib/python3.12/site-packages/airflow/example_dags/example_dag_decorator.py
[2025-01-21T01:25:00.365+0000] {processor.py:914} INFO - Processing file /home/airflow/.local/lib/python3.12/site-packages/airflow/example_dags/example_dag_decorator.py for tasks to queue
[2025-01-21T01:25:00.368+0000] {logging_mixin.py:190} INFO - [2025-01-21T01:25:00.367+0000] {dagbag.py:588} INFO - Filling up the DagBag from /home/airflow/.local/lib/python3.12/site-packages/airflow/example_dags/example_dag_decorator.py
[2025-01-21T01:25:00.388+0000] {processor.py:925} INFO - DAG(s) 'example_dag_decorator' retrieved from /home/airflow/.local/lib/python3.12/site-packages/airflow/example_dags/example_dag_decorator.py
[2025-01-21T01:25:00.569+0000] {logging_mixin.py:190} INFO - [2025-01-21T01:25:00.569+0000] {dag.py:3239} INFO - Sync 1 DAGs
[2025-01-21T01:25:00.584+0000] {logging_mixin.py:190} INFO - [2025-01-21T01:25:00.584+0000] {dag.py:4180} INFO - Setting next_dagrun for example_dag_decorator to None, run_after=None
[2025-01-21T01:25:00.611+0000] {processor.py:208} INFO - Processing /home/airflow/.local/lib/python3.12/site-packages/airflow/example_dags/example_dag_decorator.py took 0.257 seconds
[2025-01-21T01:25:30.803+0000] {processor.py:186} INFO - Started process (PID=1447) to work on /home/airflow/.local/lib/python3.12/site-packages/airflow/example_dags/example_dag_decorator.py
[2025-01-21T01:25:30.806+0000] {processor.py:914} INFO - Processing file /home/airflow/.local/lib/python3.12/site-packages/airflow/example_dags/example_dag_decorator.py for tasks to queue
[2025-01-21T01:25:30.811+0000] {logging_mixin.py:190} INFO - [2025-01-21T01:25:30.811+0000] {dagbag.py:588} INFO - Filling up the DagBag from /home/airflow/.local/lib/python3.12/site-packages/airflow/example_dags/example_dag_decorator.py
[2025-01-21T01:25:30.838+0000] {processor.py:925} INFO - DAG(s) 'example_dag_decorator' retrieved from /home/airflow/.local/lib/python3.12/site-packages/airflow/example_dags/example_dag_decorator.py
[2025-01-21T01:25:30.995+0000] {logging_mixin.py:190} INFO - [2025-01-21T01:25:30.994+0000] {dag.py:3239} INFO - Sync 1 DAGs
[2025-01-21T01:25:31.010+0000] {logging_mixin.py:190} INFO - [2025-01-21T01:25:31.009+0000] {dag.py:4180} INFO - Setting next_dagrun for example_dag_decorator to None, run_after=None
[2025-01-21T01:25:31.036+0000] {processor.py:208} INFO - Processing /home/airflow/.local/lib/python3.12/site-packages/airflow/example_dags/example_dag_decorator.py took 0.246 seconds
[2025-01-21T01:26:01.880+0000] {processor.py:186} INFO - Started process (PID=1511) to work on /home/airflow/.local/lib/python3.12/site-packages/airflow/example_dags/example_dag_decorator.py
[2025-01-21T01:26:01.882+0000] {processor.py:914} INFO - Processing file /home/airflow/.local/lib/python3.12/site-packages/airflow/example_dags/example_dag_decorator.py for tasks to queue
[2025-01-21T01:26:01.884+0000] {logging_mixin.py:190} INFO - [2025-01-21T01:26:01.884+0000] {dagbag.py:588} INFO - Filling up the DagBag from /home/airflow/.local/lib/python3.12/site-packages/airflow/example_dags/example_dag_decorator.py
[2025-01-21T01:26:01.899+0000] {processor.py:925} INFO - DAG(s) 'example_dag_decorator' retrieved from /home/airflow/.local/lib/python3.12/site-packages/airflow/example_dags/example_dag_decorator.py
[2025-01-21T01:26:01.940+0000] {logging_mixin.py:190} INFO - [2025-01-21T01:26:01.940+0000] {dag.py:3239} INFO - Sync 1 DAGs
[2025-01-21T01:26:01.960+0000] {logging_mixin.py:190} INFO - [2025-01-21T01:26:01.960+0000] {dag.py:4180} INFO - Setting next_dagrun for example_dag_decorator to None, run_after=None
[2025-01-21T01:26:01.984+0000] {processor.py:208} INFO - Processing /home/airflow/.local/lib/python3.12/site-packages/airflow/example_dags/example_dag_decorator.py took 0.110 seconds
