[2025-01-21T01:14:40.337+0000] {processor.py:186} INFO - Started process (PID=92) to work on /home/airflow/.local/lib/python3.12/site-packages/airflow/example_dags/example_inlet_event_extra.py
[2025-01-21T01:14:40.338+0000] {processor.py:914} INFO - Processing file /home/airflow/.local/lib/python3.12/site-packages/airflow/example_dags/example_inlet_event_extra.py for tasks to queue
[2025-01-21T01:14:40.343+0000] {logging_mixin.py:190} INFO - [2025-01-21T01:14:40.343+0000] {dagbag.py:588} INFO - Filling up the DagBag from /home/airflow/.local/lib/python3.12/site-packages/airflow/example_dags/example_inlet_event_extra.py
[2025-01-21T01:14:41.013+0000] {processor.py:925} INFO - DAG(s) 'read_dataset_event_from_classic', 'read_dataset_event' retrieved from /home/airflow/.local/lib/python3.12/site-packages/airflow/example_dags/example_inlet_event_extra.py
[2025-01-21T01:14:41.043+0000] {logging_mixin.py:190} INFO - [2025-01-21T01:14:41.043+0000] {dag.py:3239} INFO - Sync 2 DAGs
[2025-01-21T01:14:41.076+0000] {logging_mixin.py:190} INFO - [2025-01-21T01:14:41.075+0000] {dag.py:4180} INFO - Setting next_dagrun for read_dataset_event to 2025-01-20 00:00:00+00:00, run_after=2025-01-21 00:00:00+00:00
[2025-01-21T01:14:41.083+0000] {logging_mixin.py:190} INFO - [2025-01-21T01:14:41.082+0000] {dag.py:4180} INFO - Setting next_dagrun for read_dataset_event_from_classic to 2025-01-20 00:00:00+00:00, run_after=2025-01-21 00:00:00+00:00
[2025-01-21T01:14:41.101+0000] {processor.py:208} INFO - Processing /home/airflow/.local/lib/python3.12/site-packages/airflow/example_dags/example_inlet_event_extra.py took 0.769 seconds
[2025-01-21T01:15:11.677+0000] {processor.py:186} INFO - Started process (PID=156) to work on /home/airflow/.local/lib/python3.12/site-packages/airflow/example_dags/example_inlet_event_extra.py
[2025-01-21T01:15:11.678+0000] {processor.py:914} INFO - Processing file /home/airflow/.local/lib/python3.12/site-packages/airflow/example_dags/example_inlet_event_extra.py for tasks to queue
[2025-01-21T01:15:11.682+0000] {logging_mixin.py:190} INFO - [2025-01-21T01:15:11.681+0000] {dagbag.py:588} INFO - Filling up the DagBag from /home/airflow/.local/lib/python3.12/site-packages/airflow/example_dags/example_inlet_event_extra.py
[2025-01-21T01:15:12.233+0000] {processor.py:925} INFO - DAG(s) 'read_dataset_event', 'read_dataset_event_from_classic' retrieved from /home/airflow/.local/lib/python3.12/site-packages/airflow/example_dags/example_inlet_event_extra.py
[2025-01-21T01:15:12.257+0000] {logging_mixin.py:190} INFO - [2025-01-21T01:15:12.257+0000] {dag.py:3239} INFO - Sync 2 DAGs
[2025-01-21T01:15:12.285+0000] {logging_mixin.py:190} INFO - [2025-01-21T01:15:12.285+0000] {dag.py:4180} INFO - Setting next_dagrun for read_dataset_event to 2025-01-20 00:00:00+00:00, run_after=2025-01-21 00:00:00+00:00
[2025-01-21T01:15:12.292+0000] {logging_mixin.py:190} INFO - [2025-01-21T01:15:12.292+0000] {dag.py:4180} INFO - Setting next_dagrun for read_dataset_event_from_classic to 2025-01-20 00:00:00+00:00, run_after=2025-01-21 00:00:00+00:00
[2025-01-21T01:15:12.313+0000] {processor.py:208} INFO - Processing /home/airflow/.local/lib/python3.12/site-packages/airflow/example_dags/example_inlet_event_extra.py took 0.642 seconds
[2025-01-21T01:15:42.727+0000] {processor.py:186} INFO - Started process (PID=220) to work on /home/airflow/.local/lib/python3.12/site-packages/airflow/example_dags/example_inlet_event_extra.py
[2025-01-21T01:15:42.728+0000] {processor.py:914} INFO - Processing file /home/airflow/.local/lib/python3.12/site-packages/airflow/example_dags/example_inlet_event_extra.py for tasks to queue
[2025-01-21T01:15:42.730+0000] {logging_mixin.py:190} INFO - [2025-01-21T01:15:42.730+0000] {dagbag.py:588} INFO - Filling up the DagBag from /home/airflow/.local/lib/python3.12/site-packages/airflow/example_dags/example_inlet_event_extra.py
[2025-01-21T01:15:43.347+0000] {processor.py:925} INFO - DAG(s) 'read_dataset_event_from_classic', 'read_dataset_event' retrieved from /home/airflow/.local/lib/python3.12/site-packages/airflow/example_dags/example_inlet_event_extra.py
[2025-01-21T01:15:43.369+0000] {logging_mixin.py:190} INFO - [2025-01-21T01:15:43.368+0000] {dag.py:3239} INFO - Sync 2 DAGs
[2025-01-21T01:15:43.401+0000] {logging_mixin.py:190} INFO - [2025-01-21T01:15:43.400+0000] {dag.py:4180} INFO - Setting next_dagrun for read_dataset_event to 2025-01-20 00:00:00+00:00, run_after=2025-01-21 00:00:00+00:00
[2025-01-21T01:15:43.407+0000] {logging_mixin.py:190} INFO - [2025-01-21T01:15:43.407+0000] {dag.py:4180} INFO - Setting next_dagrun for read_dataset_event_from_classic to 2025-01-20 00:00:00+00:00, run_after=2025-01-21 00:00:00+00:00
[2025-01-21T01:15:43.431+0000] {processor.py:208} INFO - Processing /home/airflow/.local/lib/python3.12/site-packages/airflow/example_dags/example_inlet_event_extra.py took 0.709 seconds
[2025-01-21T01:16:13.902+0000] {processor.py:186} INFO - Started process (PID=284) to work on /home/airflow/.local/lib/python3.12/site-packages/airflow/example_dags/example_inlet_event_extra.py
[2025-01-21T01:16:13.903+0000] {processor.py:914} INFO - Processing file /home/airflow/.local/lib/python3.12/site-packages/airflow/example_dags/example_inlet_event_extra.py for tasks to queue
[2025-01-21T01:16:13.906+0000] {logging_mixin.py:190} INFO - [2025-01-21T01:16:13.905+0000] {dagbag.py:588} INFO - Filling up the DagBag from /home/airflow/.local/lib/python3.12/site-packages/airflow/example_dags/example_inlet_event_extra.py
[2025-01-21T01:16:14.454+0000] {processor.py:925} INFO - DAG(s) 'read_dataset_event', 'read_dataset_event_from_classic' retrieved from /home/airflow/.local/lib/python3.12/site-packages/airflow/example_dags/example_inlet_event_extra.py
[2025-01-21T01:16:14.475+0000] {logging_mixin.py:190} INFO - [2025-01-21T01:16:14.475+0000] {dag.py:3239} INFO - Sync 2 DAGs
[2025-01-21T01:16:14.502+0000] {logging_mixin.py:190} INFO - [2025-01-21T01:16:14.502+0000] {dag.py:4180} INFO - Setting next_dagrun for read_dataset_event to 2025-01-20 00:00:00+00:00, run_after=2025-01-21 00:00:00+00:00
[2025-01-21T01:16:14.507+0000] {logging_mixin.py:190} INFO - [2025-01-21T01:16:14.507+0000] {dag.py:4180} INFO - Setting next_dagrun for read_dataset_event_from_classic to 2025-01-20 00:00:00+00:00, run_after=2025-01-21 00:00:00+00:00
[2025-01-21T01:16:14.524+0000] {processor.py:208} INFO - Processing /home/airflow/.local/lib/python3.12/site-packages/airflow/example_dags/example_inlet_event_extra.py took 0.629 seconds
[2025-01-21T01:16:45.010+0000] {processor.py:186} INFO - Started process (PID=348) to work on /home/airflow/.local/lib/python3.12/site-packages/airflow/example_dags/example_inlet_event_extra.py
[2025-01-21T01:16:45.011+0000] {processor.py:914} INFO - Processing file /home/airflow/.local/lib/python3.12/site-packages/airflow/example_dags/example_inlet_event_extra.py for tasks to queue
[2025-01-21T01:16:45.014+0000] {logging_mixin.py:190} INFO - [2025-01-21T01:16:45.014+0000] {dagbag.py:588} INFO - Filling up the DagBag from /home/airflow/.local/lib/python3.12/site-packages/airflow/example_dags/example_inlet_event_extra.py
[2025-01-21T01:16:45.552+0000] {processor.py:925} INFO - DAG(s) 'read_dataset_event_from_classic', 'read_dataset_event' retrieved from /home/airflow/.local/lib/python3.12/site-packages/airflow/example_dags/example_inlet_event_extra.py
[2025-01-21T01:16:45.572+0000] {logging_mixin.py:190} INFO - [2025-01-21T01:16:45.572+0000] {dag.py:3239} INFO - Sync 2 DAGs
[2025-01-21T01:16:45.598+0000] {logging_mixin.py:190} INFO - [2025-01-21T01:16:45.598+0000] {dag.py:4180} INFO - Setting next_dagrun for read_dataset_event to 2025-01-20 00:00:00+00:00, run_after=2025-01-21 00:00:00+00:00
[2025-01-21T01:16:45.605+0000] {logging_mixin.py:190} INFO - [2025-01-21T01:16:45.604+0000] {dag.py:4180} INFO - Setting next_dagrun for read_dataset_event_from_classic to 2025-01-20 00:00:00+00:00, run_after=2025-01-21 00:00:00+00:00
[2025-01-21T01:16:45.623+0000] {processor.py:208} INFO - Processing /home/airflow/.local/lib/python3.12/site-packages/airflow/example_dags/example_inlet_event_extra.py took 0.621 seconds
[2025-01-21T01:17:16.365+0000] {processor.py:186} INFO - Started process (PID=412) to work on /home/airflow/.local/lib/python3.12/site-packages/airflow/example_dags/example_inlet_event_extra.py
[2025-01-21T01:17:16.366+0000] {processor.py:914} INFO - Processing file /home/airflow/.local/lib/python3.12/site-packages/airflow/example_dags/example_inlet_event_extra.py for tasks to queue
[2025-01-21T01:17:16.369+0000] {logging_mixin.py:190} INFO - [2025-01-21T01:17:16.369+0000] {dagbag.py:588} INFO - Filling up the DagBag from /home/airflow/.local/lib/python3.12/site-packages/airflow/example_dags/example_inlet_event_extra.py
[2025-01-21T01:17:16.904+0000] {processor.py:925} INFO - DAG(s) 'read_dataset_event_from_classic', 'read_dataset_event' retrieved from /home/airflow/.local/lib/python3.12/site-packages/airflow/example_dags/example_inlet_event_extra.py
[2025-01-21T01:17:16.927+0000] {logging_mixin.py:190} INFO - [2025-01-21T01:17:16.926+0000] {dag.py:3239} INFO - Sync 2 DAGs
[2025-01-21T01:17:16.958+0000] {logging_mixin.py:190} INFO - [2025-01-21T01:17:16.958+0000] {dag.py:4180} INFO - Setting next_dagrun for read_dataset_event to 2025-01-20 00:00:00+00:00, run_after=2025-01-21 00:00:00+00:00
[2025-01-21T01:17:16.965+0000] {logging_mixin.py:190} INFO - [2025-01-21T01:17:16.965+0000] {dag.py:4180} INFO - Setting next_dagrun for read_dataset_event_from_classic to 2025-01-20 00:00:00+00:00, run_after=2025-01-21 00:00:00+00:00
[2025-01-21T01:17:16.985+0000] {processor.py:208} INFO - Processing /home/airflow/.local/lib/python3.12/site-packages/airflow/example_dags/example_inlet_event_extra.py took 0.627 seconds
[2025-01-21T01:17:47.560+0000] {processor.py:186} INFO - Started process (PID=476) to work on /home/airflow/.local/lib/python3.12/site-packages/airflow/example_dags/example_inlet_event_extra.py
[2025-01-21T01:17:47.561+0000] {processor.py:914} INFO - Processing file /home/airflow/.local/lib/python3.12/site-packages/airflow/example_dags/example_inlet_event_extra.py for tasks to queue
[2025-01-21T01:17:47.563+0000] {logging_mixin.py:190} INFO - [2025-01-21T01:17:47.563+0000] {dagbag.py:588} INFO - Filling up the DagBag from /home/airflow/.local/lib/python3.12/site-packages/airflow/example_dags/example_inlet_event_extra.py
[2025-01-21T01:17:48.174+0000] {processor.py:925} INFO - DAG(s) 'read_dataset_event_from_classic', 'read_dataset_event' retrieved from /home/airflow/.local/lib/python3.12/site-packages/airflow/example_dags/example_inlet_event_extra.py
[2025-01-21T01:17:48.195+0000] {logging_mixin.py:190} INFO - [2025-01-21T01:17:48.195+0000] {dag.py:3239} INFO - Sync 2 DAGs
[2025-01-21T01:17:48.220+0000] {logging_mixin.py:190} INFO - [2025-01-21T01:17:48.220+0000] {dag.py:4180} INFO - Setting next_dagrun for read_dataset_event to 2025-01-20 00:00:00+00:00, run_after=2025-01-21 00:00:00+00:00
[2025-01-21T01:17:48.225+0000] {logging_mixin.py:190} INFO - [2025-01-21T01:17:48.225+0000] {dag.py:4180} INFO - Setting next_dagrun for read_dataset_event_from_classic to 2025-01-20 00:00:00+00:00, run_after=2025-01-21 00:00:00+00:00
[2025-01-21T01:17:48.243+0000] {processor.py:208} INFO - Processing /home/airflow/.local/lib/python3.12/site-packages/airflow/example_dags/example_inlet_event_extra.py took 0.688 seconds
[2025-01-21T01:18:18.365+0000] {processor.py:186} INFO - Started process (PID=540) to work on /home/airflow/.local/lib/python3.12/site-packages/airflow/example_dags/example_inlet_event_extra.py
[2025-01-21T01:18:18.366+0000] {processor.py:914} INFO - Processing file /home/airflow/.local/lib/python3.12/site-packages/airflow/example_dags/example_inlet_event_extra.py for tasks to queue
[2025-01-21T01:18:18.369+0000] {logging_mixin.py:190} INFO - [2025-01-21T01:18:18.368+0000] {dagbag.py:588} INFO - Filling up the DagBag from /home/airflow/.local/lib/python3.12/site-packages/airflow/example_dags/example_inlet_event_extra.py
[2025-01-21T01:18:18.901+0000] {processor.py:925} INFO - DAG(s) 'read_dataset_event', 'read_dataset_event_from_classic' retrieved from /home/airflow/.local/lib/python3.12/site-packages/airflow/example_dags/example_inlet_event_extra.py
[2025-01-21T01:18:18.925+0000] {logging_mixin.py:190} INFO - [2025-01-21T01:18:18.925+0000] {dag.py:3239} INFO - Sync 2 DAGs
[2025-01-21T01:18:18.962+0000] {logging_mixin.py:190} INFO - [2025-01-21T01:18:18.961+0000] {dag.py:4180} INFO - Setting next_dagrun for read_dataset_event to 2025-01-20 00:00:00+00:00, run_after=2025-01-21 00:00:00+00:00
[2025-01-21T01:18:18.970+0000] {logging_mixin.py:190} INFO - [2025-01-21T01:18:18.970+0000] {dag.py:4180} INFO - Setting next_dagrun for read_dataset_event_from_classic to 2025-01-20 00:00:00+00:00, run_after=2025-01-21 00:00:00+00:00
[2025-01-21T01:18:18.994+0000] {processor.py:208} INFO - Processing /home/airflow/.local/lib/python3.12/site-packages/airflow/example_dags/example_inlet_event_extra.py took 0.636 seconds
[2025-01-21T01:18:49.709+0000] {processor.py:186} INFO - Started process (PID=604) to work on /home/airflow/.local/lib/python3.12/site-packages/airflow/example_dags/example_inlet_event_extra.py
[2025-01-21T01:18:49.710+0000] {processor.py:914} INFO - Processing file /home/airflow/.local/lib/python3.12/site-packages/airflow/example_dags/example_inlet_event_extra.py for tasks to queue
[2025-01-21T01:18:49.713+0000] {logging_mixin.py:190} INFO - [2025-01-21T01:18:49.712+0000] {dagbag.py:588} INFO - Filling up the DagBag from /home/airflow/.local/lib/python3.12/site-packages/airflow/example_dags/example_inlet_event_extra.py
[2025-01-21T01:18:50.236+0000] {processor.py:925} INFO - DAG(s) 'read_dataset_event', 'read_dataset_event_from_classic' retrieved from /home/airflow/.local/lib/python3.12/site-packages/airflow/example_dags/example_inlet_event_extra.py
[2025-01-21T01:18:50.258+0000] {logging_mixin.py:190} INFO - [2025-01-21T01:18:50.257+0000] {dag.py:3239} INFO - Sync 2 DAGs
[2025-01-21T01:18:50.284+0000] {logging_mixin.py:190} INFO - [2025-01-21T01:18:50.284+0000] {dag.py:4180} INFO - Setting next_dagrun for read_dataset_event to 2025-01-20 00:00:00+00:00, run_after=2025-01-21 00:00:00+00:00
[2025-01-21T01:18:50.289+0000] {logging_mixin.py:190} INFO - [2025-01-21T01:18:50.289+0000] {dag.py:4180} INFO - Setting next_dagrun for read_dataset_event_from_classic to 2025-01-20 00:00:00+00:00, run_after=2025-01-21 00:00:00+00:00
[2025-01-21T01:18:50.307+0000] {processor.py:208} INFO - Processing /home/airflow/.local/lib/python3.12/site-packages/airflow/example_dags/example_inlet_event_extra.py took 0.607 seconds
[2025-01-21T01:19:21.191+0000] {processor.py:186} INFO - Started process (PID=668) to work on /home/airflow/.local/lib/python3.12/site-packages/airflow/example_dags/example_inlet_event_extra.py
[2025-01-21T01:19:21.192+0000] {processor.py:914} INFO - Processing file /home/airflow/.local/lib/python3.12/site-packages/airflow/example_dags/example_inlet_event_extra.py for tasks to queue
[2025-01-21T01:19:21.194+0000] {logging_mixin.py:190} INFO - [2025-01-21T01:19:21.194+0000] {dagbag.py:588} INFO - Filling up the DagBag from /home/airflow/.local/lib/python3.12/site-packages/airflow/example_dags/example_inlet_event_extra.py
[2025-01-21T01:19:21.726+0000] {processor.py:925} INFO - DAG(s) 'read_dataset_event_from_classic', 'read_dataset_event' retrieved from /home/airflow/.local/lib/python3.12/site-packages/airflow/example_dags/example_inlet_event_extra.py
[2025-01-21T01:19:21.745+0000] {logging_mixin.py:190} INFO - [2025-01-21T01:19:21.745+0000] {dag.py:3239} INFO - Sync 2 DAGs
[2025-01-21T01:19:21.769+0000] {logging_mixin.py:190} INFO - [2025-01-21T01:19:21.769+0000] {dag.py:4180} INFO - Setting next_dagrun for read_dataset_event to 2025-01-20 00:00:00+00:00, run_after=2025-01-21 00:00:00+00:00
[2025-01-21T01:19:21.774+0000] {logging_mixin.py:190} INFO - [2025-01-21T01:19:21.774+0000] {dag.py:4180} INFO - Setting next_dagrun for read_dataset_event_from_classic to 2025-01-20 00:00:00+00:00, run_after=2025-01-21 00:00:00+00:00
[2025-01-21T01:19:21.792+0000] {processor.py:208} INFO - Processing /home/airflow/.local/lib/python3.12/site-packages/airflow/example_dags/example_inlet_event_extra.py took 0.608 seconds
[2025-01-21T01:19:52.719+0000] {processor.py:186} INFO - Started process (PID=732) to work on /home/airflow/.local/lib/python3.12/site-packages/airflow/example_dags/example_inlet_event_extra.py
[2025-01-21T01:19:52.720+0000] {processor.py:914} INFO - Processing file /home/airflow/.local/lib/python3.12/site-packages/airflow/example_dags/example_inlet_event_extra.py for tasks to queue
[2025-01-21T01:19:52.722+0000] {logging_mixin.py:190} INFO - [2025-01-21T01:19:52.722+0000] {dagbag.py:588} INFO - Filling up the DagBag from /home/airflow/.local/lib/python3.12/site-packages/airflow/example_dags/example_inlet_event_extra.py
[2025-01-21T01:19:53.256+0000] {processor.py:925} INFO - DAG(s) 'read_dataset_event_from_classic', 'read_dataset_event' retrieved from /home/airflow/.local/lib/python3.12/site-packages/airflow/example_dags/example_inlet_event_extra.py
[2025-01-21T01:19:53.277+0000] {logging_mixin.py:190} INFO - [2025-01-21T01:19:53.277+0000] {dag.py:3239} INFO - Sync 2 DAGs
[2025-01-21T01:19:53.310+0000] {logging_mixin.py:190} INFO - [2025-01-21T01:19:53.310+0000] {dag.py:4180} INFO - Setting next_dagrun for read_dataset_event to 2025-01-20 00:00:00+00:00, run_after=2025-01-21 00:00:00+00:00
[2025-01-21T01:19:53.317+0000] {logging_mixin.py:190} INFO - [2025-01-21T01:19:53.317+0000] {dag.py:4180} INFO - Setting next_dagrun for read_dataset_event_from_classic to 2025-01-20 00:00:00+00:00, run_after=2025-01-21 00:00:00+00:00
[2025-01-21T01:19:53.336+0000] {processor.py:208} INFO - Processing /home/airflow/.local/lib/python3.12/site-packages/airflow/example_dags/example_inlet_event_extra.py took 0.624 seconds
[2025-01-21T01:20:23.479+0000] {processor.py:186} INFO - Started process (PID=796) to work on /home/airflow/.local/lib/python3.12/site-packages/airflow/example_dags/example_inlet_event_extra.py
[2025-01-21T01:20:23.479+0000] {processor.py:914} INFO - Processing file /home/airflow/.local/lib/python3.12/site-packages/airflow/example_dags/example_inlet_event_extra.py for tasks to queue
[2025-01-21T01:20:23.481+0000] {logging_mixin.py:190} INFO - [2025-01-21T01:20:23.481+0000] {dagbag.py:588} INFO - Filling up the DagBag from /home/airflow/.local/lib/python3.12/site-packages/airflow/example_dags/example_inlet_event_extra.py
[2025-01-21T01:20:24.043+0000] {processor.py:925} INFO - DAG(s) 'read_dataset_event_from_classic', 'read_dataset_event' retrieved from /home/airflow/.local/lib/python3.12/site-packages/airflow/example_dags/example_inlet_event_extra.py
[2025-01-21T01:20:24.069+0000] {logging_mixin.py:190} INFO - [2025-01-21T01:20:24.069+0000] {dag.py:3239} INFO - Sync 2 DAGs
[2025-01-21T01:20:24.108+0000] {logging_mixin.py:190} INFO - [2025-01-21T01:20:24.108+0000] {dag.py:4180} INFO - Setting next_dagrun for read_dataset_event to 2025-01-20 00:00:00+00:00, run_after=2025-01-21 00:00:00+00:00
[2025-01-21T01:20:24.116+0000] {logging_mixin.py:190} INFO - [2025-01-21T01:20:24.116+0000] {dag.py:4180} INFO - Setting next_dagrun for read_dataset_event_from_classic to 2025-01-20 00:00:00+00:00, run_after=2025-01-21 00:00:00+00:00
[2025-01-21T01:20:24.139+0000] {processor.py:208} INFO - Processing /home/airflow/.local/lib/python3.12/site-packages/airflow/example_dags/example_inlet_event_extra.py took 0.666 seconds
[2025-01-21T01:20:54.189+0000] {processor.py:186} INFO - Started process (PID=859) to work on /home/airflow/.local/lib/python3.12/site-packages/airflow/example_dags/example_inlet_event_extra.py
[2025-01-21T01:20:54.191+0000] {processor.py:914} INFO - Processing file /home/airflow/.local/lib/python3.12/site-packages/airflow/example_dags/example_inlet_event_extra.py for tasks to queue
[2025-01-21T01:20:54.194+0000] {logging_mixin.py:190} INFO - [2025-01-21T01:20:54.193+0000] {dagbag.py:588} INFO - Filling up the DagBag from /home/airflow/.local/lib/python3.12/site-packages/airflow/example_dags/example_inlet_event_extra.py
[2025-01-21T01:20:54.716+0000] {processor.py:925} INFO - DAG(s) 'read_dataset_event', 'read_dataset_event_from_classic' retrieved from /home/airflow/.local/lib/python3.12/site-packages/airflow/example_dags/example_inlet_event_extra.py
[2025-01-21T01:20:54.735+0000] {logging_mixin.py:190} INFO - [2025-01-21T01:20:54.734+0000] {dag.py:3239} INFO - Sync 2 DAGs
[2025-01-21T01:20:54.757+0000] {logging_mixin.py:190} INFO - [2025-01-21T01:20:54.757+0000] {dag.py:4180} INFO - Setting next_dagrun for read_dataset_event to 2025-01-20 00:00:00+00:00, run_after=2025-01-21 00:00:00+00:00
[2025-01-21T01:20:54.762+0000] {logging_mixin.py:190} INFO - [2025-01-21T01:20:54.762+0000] {dag.py:4180} INFO - Setting next_dagrun for read_dataset_event_from_classic to 2025-01-20 00:00:00+00:00, run_after=2025-01-21 00:00:00+00:00
[2025-01-21T01:20:54.782+0000] {processor.py:208} INFO - Processing /home/airflow/.local/lib/python3.12/site-packages/airflow/example_dags/example_inlet_event_extra.py took 0.600 seconds
[2025-01-21T01:21:25.300+0000] {processor.py:186} INFO - Started process (PID=923) to work on /home/airflow/.local/lib/python3.12/site-packages/airflow/example_dags/example_inlet_event_extra.py
[2025-01-21T01:21:25.303+0000] {processor.py:914} INFO - Processing file /home/airflow/.local/lib/python3.12/site-packages/airflow/example_dags/example_inlet_event_extra.py for tasks to queue
[2025-01-21T01:21:25.309+0000] {logging_mixin.py:190} INFO - [2025-01-21T01:21:25.308+0000] {dagbag.py:588} INFO - Filling up the DagBag from /home/airflow/.local/lib/python3.12/site-packages/airflow/example_dags/example_inlet_event_extra.py
[2025-01-21T01:21:26.075+0000] {processor.py:925} INFO - DAG(s) 'read_dataset_event', 'read_dataset_event_from_classic' retrieved from /home/airflow/.local/lib/python3.12/site-packages/airflow/example_dags/example_inlet_event_extra.py
[2025-01-21T01:21:26.100+0000] {logging_mixin.py:190} INFO - [2025-01-21T01:21:26.100+0000] {dag.py:3239} INFO - Sync 2 DAGs
[2025-01-21T01:21:26.131+0000] {logging_mixin.py:190} INFO - [2025-01-21T01:21:26.131+0000] {dag.py:4180} INFO - Setting next_dagrun for read_dataset_event to 2025-01-20 00:00:00+00:00, run_after=2025-01-21 00:00:00+00:00
[2025-01-21T01:21:26.138+0000] {logging_mixin.py:190} INFO - [2025-01-21T01:21:26.138+0000] {dag.py:4180} INFO - Setting next_dagrun for read_dataset_event_from_classic to 2025-01-20 00:00:00+00:00, run_after=2025-01-21 00:00:00+00:00
[2025-01-21T01:21:26.159+0000] {processor.py:208} INFO - Processing /home/airflow/.local/lib/python3.12/site-packages/airflow/example_dags/example_inlet_event_extra.py took 0.877 seconds
[2025-01-21T01:21:56.231+0000] {processor.py:186} INFO - Started process (PID=990) to work on /home/airflow/.local/lib/python3.12/site-packages/airflow/example_dags/example_inlet_event_extra.py
[2025-01-21T01:21:56.232+0000] {processor.py:914} INFO - Processing file /home/airflow/.local/lib/python3.12/site-packages/airflow/example_dags/example_inlet_event_extra.py for tasks to queue
[2025-01-21T01:21:56.234+0000] {logging_mixin.py:190} INFO - [2025-01-21T01:21:56.234+0000] {dagbag.py:588} INFO - Filling up the DagBag from /home/airflow/.local/lib/python3.12/site-packages/airflow/example_dags/example_inlet_event_extra.py
[2025-01-21T01:21:56.845+0000] {processor.py:925} INFO - DAG(s) 'read_dataset_event_from_classic', 'read_dataset_event' retrieved from /home/airflow/.local/lib/python3.12/site-packages/airflow/example_dags/example_inlet_event_extra.py
[2025-01-21T01:21:56.873+0000] {logging_mixin.py:190} INFO - [2025-01-21T01:21:56.873+0000] {dag.py:3239} INFO - Sync 2 DAGs
[2025-01-21T01:21:56.907+0000] {logging_mixin.py:190} INFO - [2025-01-21T01:21:56.907+0000] {dag.py:4180} INFO - Setting next_dagrun for read_dataset_event to 2025-01-20 00:00:00+00:00, run_after=2025-01-21 00:00:00+00:00
[2025-01-21T01:21:56.913+0000] {logging_mixin.py:190} INFO - [2025-01-21T01:21:56.913+0000] {dag.py:4180} INFO - Setting next_dagrun for read_dataset_event_from_classic to 2025-01-20 00:00:00+00:00, run_after=2025-01-21 00:00:00+00:00
[2025-01-21T01:21:56.933+0000] {processor.py:208} INFO - Processing /home/airflow/.local/lib/python3.12/site-packages/airflow/example_dags/example_inlet_event_extra.py took 0.709 seconds
[2025-01-21T01:22:27.338+0000] {processor.py:186} INFO - Started process (PID=1058) to work on /home/airflow/.local/lib/python3.12/site-packages/airflow/example_dags/example_inlet_event_extra.py
[2025-01-21T01:22:27.342+0000] {processor.py:914} INFO - Processing file /home/airflow/.local/lib/python3.12/site-packages/airflow/example_dags/example_inlet_event_extra.py for tasks to queue
[2025-01-21T01:22:27.347+0000] {logging_mixin.py:190} INFO - [2025-01-21T01:22:27.346+0000] {dagbag.py:588} INFO - Filling up the DagBag from /home/airflow/.local/lib/python3.12/site-packages/airflow/example_dags/example_inlet_event_extra.py
[2025-01-21T01:22:28.024+0000] {processor.py:925} INFO - DAG(s) 'read_dataset_event', 'read_dataset_event_from_classic' retrieved from /home/airflow/.local/lib/python3.12/site-packages/airflow/example_dags/example_inlet_event_extra.py
[2025-01-21T01:22:28.049+0000] {logging_mixin.py:190} INFO - [2025-01-21T01:22:28.049+0000] {dag.py:3239} INFO - Sync 2 DAGs
[2025-01-21T01:22:28.081+0000] {logging_mixin.py:190} INFO - [2025-01-21T01:22:28.081+0000] {dag.py:4180} INFO - Setting next_dagrun for read_dataset_event to 2025-01-20 00:00:00+00:00, run_after=2025-01-21 00:00:00+00:00
[2025-01-21T01:22:28.089+0000] {logging_mixin.py:190} INFO - [2025-01-21T01:22:28.089+0000] {dag.py:4180} INFO - Setting next_dagrun for read_dataset_event_from_classic to 2025-01-20 00:00:00+00:00, run_after=2025-01-21 00:00:00+00:00
[2025-01-21T01:22:28.109+0000] {processor.py:208} INFO - Processing /home/airflow/.local/lib/python3.12/site-packages/airflow/example_dags/example_inlet_event_extra.py took 0.783 seconds
[2025-01-21T01:22:58.606+0000] {processor.py:186} INFO - Started process (PID=1126) to work on /home/airflow/.local/lib/python3.12/site-packages/airflow/example_dags/example_inlet_event_extra.py
[2025-01-21T01:22:58.607+0000] {processor.py:914} INFO - Processing file /home/airflow/.local/lib/python3.12/site-packages/airflow/example_dags/example_inlet_event_extra.py for tasks to queue
[2025-01-21T01:22:58.609+0000] {logging_mixin.py:190} INFO - [2025-01-21T01:22:58.609+0000] {dagbag.py:588} INFO - Filling up the DagBag from /home/airflow/.local/lib/python3.12/site-packages/airflow/example_dags/example_inlet_event_extra.py
[2025-01-21T01:22:59.188+0000] {processor.py:925} INFO - DAG(s) 'read_dataset_event_from_classic', 'read_dataset_event' retrieved from /home/airflow/.local/lib/python3.12/site-packages/airflow/example_dags/example_inlet_event_extra.py
[2025-01-21T01:22:59.209+0000] {logging_mixin.py:190} INFO - [2025-01-21T01:22:59.209+0000] {dag.py:3239} INFO - Sync 2 DAGs
[2025-01-21T01:22:59.235+0000] {logging_mixin.py:190} INFO - [2025-01-21T01:22:59.235+0000] {dag.py:4180} INFO - Setting next_dagrun for read_dataset_event to 2025-01-20 00:00:00+00:00, run_after=2025-01-21 00:00:00+00:00
[2025-01-21T01:22:59.241+0000] {logging_mixin.py:190} INFO - [2025-01-21T01:22:59.241+0000] {dag.py:4180} INFO - Setting next_dagrun for read_dataset_event_from_classic to 2025-01-20 00:00:00+00:00, run_after=2025-01-21 00:00:00+00:00
[2025-01-21T01:22:59.267+0000] {processor.py:208} INFO - Processing /home/airflow/.local/lib/python3.12/site-packages/airflow/example_dags/example_inlet_event_extra.py took 0.668 seconds
[2025-01-21T01:23:29.617+0000] {processor.py:186} INFO - Started process (PID=1192) to work on /home/airflow/.local/lib/python3.12/site-packages/airflow/example_dags/example_inlet_event_extra.py
[2025-01-21T01:23:29.619+0000] {processor.py:914} INFO - Processing file /home/airflow/.local/lib/python3.12/site-packages/airflow/example_dags/example_inlet_event_extra.py for tasks to queue
[2025-01-21T01:23:29.621+0000] {logging_mixin.py:190} INFO - [2025-01-21T01:23:29.621+0000] {dagbag.py:588} INFO - Filling up the DagBag from /home/airflow/.local/lib/python3.12/site-packages/airflow/example_dags/example_inlet_event_extra.py
[2025-01-21T01:23:30.197+0000] {processor.py:925} INFO - DAG(s) 'read_dataset_event', 'read_dataset_event_from_classic' retrieved from /home/airflow/.local/lib/python3.12/site-packages/airflow/example_dags/example_inlet_event_extra.py
[2025-01-21T01:23:30.218+0000] {logging_mixin.py:190} INFO - [2025-01-21T01:23:30.218+0000] {dag.py:3239} INFO - Sync 2 DAGs
[2025-01-21T01:23:30.244+0000] {logging_mixin.py:190} INFO - [2025-01-21T01:23:30.244+0000] {dag.py:4180} INFO - Setting next_dagrun for read_dataset_event to 2025-01-20 00:00:00+00:00, run_after=2025-01-21 00:00:00+00:00
[2025-01-21T01:23:30.250+0000] {logging_mixin.py:190} INFO - [2025-01-21T01:23:30.249+0000] {dag.py:4180} INFO - Setting next_dagrun for read_dataset_event_from_classic to 2025-01-20 00:00:00+00:00, run_after=2025-01-21 00:00:00+00:00
[2025-01-21T01:23:30.281+0000] {processor.py:208} INFO - Processing /home/airflow/.local/lib/python3.12/site-packages/airflow/example_dags/example_inlet_event_extra.py took 0.671 seconds
[2025-01-21T01:24:00.819+0000] {processor.py:186} INFO - Started process (PID=1256) to work on /home/airflow/.local/lib/python3.12/site-packages/airflow/example_dags/example_inlet_event_extra.py
[2025-01-21T01:24:00.820+0000] {processor.py:914} INFO - Processing file /home/airflow/.local/lib/python3.12/site-packages/airflow/example_dags/example_inlet_event_extra.py for tasks to queue
[2025-01-21T01:24:00.823+0000] {logging_mixin.py:190} INFO - [2025-01-21T01:24:00.822+0000] {dagbag.py:588} INFO - Filling up the DagBag from /home/airflow/.local/lib/python3.12/site-packages/airflow/example_dags/example_inlet_event_extra.py
[2025-01-21T01:24:01.557+0000] {processor.py:925} INFO - DAG(s) 'read_dataset_event_from_classic', 'read_dataset_event' retrieved from /home/airflow/.local/lib/python3.12/site-packages/airflow/example_dags/example_inlet_event_extra.py
[2025-01-21T01:24:01.585+0000] {logging_mixin.py:190} INFO - [2025-01-21T01:24:01.585+0000] {dag.py:3239} INFO - Sync 2 DAGs
[2025-01-21T01:24:01.619+0000] {logging_mixin.py:190} INFO - [2025-01-21T01:24:01.618+0000] {dag.py:4180} INFO - Setting next_dagrun for read_dataset_event to 2025-01-20 00:00:00+00:00, run_after=2025-01-21 00:00:00+00:00
[2025-01-21T01:24:01.626+0000] {logging_mixin.py:190} INFO - [2025-01-21T01:24:01.626+0000] {dag.py:4180} INFO - Setting next_dagrun for read_dataset_event_from_classic to 2025-01-20 00:00:00+00:00, run_after=2025-01-21 00:00:00+00:00
[2025-01-21T01:24:01.646+0000] {processor.py:208} INFO - Processing /home/airflow/.local/lib/python3.12/site-packages/airflow/example_dags/example_inlet_event_extra.py took 0.834 seconds
[2025-01-21T01:24:31.714+0000] {processor.py:186} INFO - Started process (PID=1326) to work on /home/airflow/.local/lib/python3.12/site-packages/airflow/example_dags/example_inlet_event_extra.py
[2025-01-21T01:24:31.715+0000] {processor.py:914} INFO - Processing file /home/airflow/.local/lib/python3.12/site-packages/airflow/example_dags/example_inlet_event_extra.py for tasks to queue
[2025-01-21T01:24:31.717+0000] {logging_mixin.py:190} INFO - [2025-01-21T01:24:31.717+0000] {dagbag.py:588} INFO - Filling up the DagBag from /home/airflow/.local/lib/python3.12/site-packages/airflow/example_dags/example_inlet_event_extra.py
[2025-01-21T01:24:32.446+0000] {processor.py:925} INFO - DAG(s) 'read_dataset_event_from_classic', 'read_dataset_event' retrieved from /home/airflow/.local/lib/python3.12/site-packages/airflow/example_dags/example_inlet_event_extra.py
[2025-01-21T01:24:32.473+0000] {logging_mixin.py:190} INFO - [2025-01-21T01:24:32.472+0000] {dag.py:3239} INFO - Sync 2 DAGs
[2025-01-21T01:24:32.504+0000] {logging_mixin.py:190} INFO - [2025-01-21T01:24:32.504+0000] {dag.py:4180} INFO - Setting next_dagrun for read_dataset_event to 2025-01-20 00:00:00+00:00, run_after=2025-01-21 00:00:00+00:00
[2025-01-21T01:24:32.511+0000] {logging_mixin.py:190} INFO - [2025-01-21T01:24:32.511+0000] {dag.py:4180} INFO - Setting next_dagrun for read_dataset_event_from_classic to 2025-01-20 00:00:00+00:00, run_after=2025-01-21 00:00:00+00:00
[2025-01-21T01:24:32.531+0000] {processor.py:208} INFO - Processing /home/airflow/.local/lib/python3.12/site-packages/airflow/example_dags/example_inlet_event_extra.py took 0.824 seconds
[2025-01-21T01:25:03.066+0000] {processor.py:186} INFO - Started process (PID=1390) to work on /home/airflow/.local/lib/python3.12/site-packages/airflow/example_dags/example_inlet_event_extra.py
[2025-01-21T01:25:03.070+0000] {processor.py:914} INFO - Processing file /home/airflow/.local/lib/python3.12/site-packages/airflow/example_dags/example_inlet_event_extra.py for tasks to queue
[2025-01-21T01:25:03.077+0000] {logging_mixin.py:190} INFO - [2025-01-21T01:25:03.076+0000] {dagbag.py:588} INFO - Filling up the DagBag from /home/airflow/.local/lib/python3.12/site-packages/airflow/example_dags/example_inlet_event_extra.py
[2025-01-21T01:25:03.762+0000] {processor.py:925} INFO - DAG(s) 'read_dataset_event', 'read_dataset_event_from_classic' retrieved from /home/airflow/.local/lib/python3.12/site-packages/airflow/example_dags/example_inlet_event_extra.py
[2025-01-21T01:25:03.794+0000] {logging_mixin.py:190} INFO - [2025-01-21T01:25:03.794+0000] {dag.py:3239} INFO - Sync 2 DAGs
[2025-01-21T01:25:03.830+0000] {logging_mixin.py:190} INFO - [2025-01-21T01:25:03.829+0000] {dag.py:4180} INFO - Setting next_dagrun for read_dataset_event to 2025-01-20 00:00:00+00:00, run_after=2025-01-21 00:00:00+00:00
[2025-01-21T01:25:03.836+0000] {logging_mixin.py:190} INFO - [2025-01-21T01:25:03.836+0000] {dag.py:4180} INFO - Setting next_dagrun for read_dataset_event_from_classic to 2025-01-20 00:00:00+00:00, run_after=2025-01-21 00:00:00+00:00
[2025-01-21T01:25:03.855+0000] {processor.py:208} INFO - Processing /home/airflow/.local/lib/python3.12/site-packages/airflow/example_dags/example_inlet_event_extra.py took 0.810 seconds
[2025-01-21T01:25:34.010+0000] {processor.py:186} INFO - Started process (PID=1460) to work on /home/airflow/.local/lib/python3.12/site-packages/airflow/example_dags/example_inlet_event_extra.py
[2025-01-21T01:25:34.012+0000] {processor.py:914} INFO - Processing file /home/airflow/.local/lib/python3.12/site-packages/airflow/example_dags/example_inlet_event_extra.py for tasks to queue
[2025-01-21T01:25:34.017+0000] {logging_mixin.py:190} INFO - [2025-01-21T01:25:34.017+0000] {dagbag.py:588} INFO - Filling up the DagBag from /home/airflow/.local/lib/python3.12/site-packages/airflow/example_dags/example_inlet_event_extra.py
[2025-01-21T01:25:34.615+0000] {processor.py:925} INFO - DAG(s) 'read_dataset_event', 'read_dataset_event_from_classic' retrieved from /home/airflow/.local/lib/python3.12/site-packages/airflow/example_dags/example_inlet_event_extra.py
[2025-01-21T01:25:34.636+0000] {logging_mixin.py:190} INFO - [2025-01-21T01:25:34.636+0000] {dag.py:3239} INFO - Sync 2 DAGs
[2025-01-21T01:25:34.664+0000] {logging_mixin.py:190} INFO - [2025-01-21T01:25:34.664+0000] {dag.py:4180} INFO - Setting next_dagrun for read_dataset_event to 2025-01-20 00:00:00+00:00, run_after=2025-01-21 00:00:00+00:00
[2025-01-21T01:25:34.669+0000] {logging_mixin.py:190} INFO - [2025-01-21T01:25:34.669+0000] {dag.py:4180} INFO - Setting next_dagrun for read_dataset_event_from_classic to 2025-01-20 00:00:00+00:00, run_after=2025-01-21 00:00:00+00:00
[2025-01-21T01:25:34.690+0000] {processor.py:208} INFO - Processing /home/airflow/.local/lib/python3.12/site-packages/airflow/example_dags/example_inlet_event_extra.py took 0.693 seconds
[2025-01-21T01:26:05.301+0000] {processor.py:186} INFO - Started process (PID=1527) to work on /home/airflow/.local/lib/python3.12/site-packages/airflow/example_dags/example_inlet_event_extra.py
[2025-01-21T01:26:05.303+0000] {processor.py:914} INFO - Processing file /home/airflow/.local/lib/python3.12/site-packages/airflow/example_dags/example_inlet_event_extra.py for tasks to queue
[2025-01-21T01:26:05.305+0000] {logging_mixin.py:190} INFO - [2025-01-21T01:26:05.304+0000] {dagbag.py:588} INFO - Filling up the DagBag from /home/airflow/.local/lib/python3.12/site-packages/airflow/example_dags/example_inlet_event_extra.py
[2025-01-21T01:26:05.980+0000] {processor.py:925} INFO - DAG(s) 'read_dataset_event', 'read_dataset_event_from_classic' retrieved from /home/airflow/.local/lib/python3.12/site-packages/airflow/example_dags/example_inlet_event_extra.py
[2025-01-21T01:26:06.006+0000] {logging_mixin.py:190} INFO - [2025-01-21T01:26:06.006+0000] {dag.py:3239} INFO - Sync 2 DAGs
[2025-01-21T01:26:06.036+0000] {logging_mixin.py:190} INFO - [2025-01-21T01:26:06.035+0000] {dag.py:4180} INFO - Setting next_dagrun for read_dataset_event to 2025-01-20 00:00:00+00:00, run_after=2025-01-21 00:00:00+00:00
[2025-01-21T01:26:06.042+0000] {logging_mixin.py:190} INFO - [2025-01-21T01:26:06.042+0000] {dag.py:4180} INFO - Setting next_dagrun for read_dataset_event_from_classic to 2025-01-20 00:00:00+00:00, run_after=2025-01-21 00:00:00+00:00
[2025-01-21T01:26:06.064+0000] {processor.py:208} INFO - Processing /home/airflow/.local/lib/python3.12/site-packages/airflow/example_dags/example_inlet_event_extra.py took 0.769 seconds
