[2025-01-21T01:14:39.923+0000] {processor.py:186} INFO - Started process (PID=89) to work on /home/airflow/.local/lib/python3.12/site-packages/airflow/example_dags/example_setup_teardown_taskflow.py
[2025-01-21T01:14:39.923+0000] {processor.py:914} INFO - Processing file /home/airflow/.local/lib/python3.12/site-packages/airflow/example_dags/example_setup_teardown_taskflow.py for tasks to queue
[2025-01-21T01:14:39.925+0000] {logging_mixin.py:190} INFO - [2025-01-21T01:14:39.925+0000] {dagbag.py:588} INFO - Filling up the DagBag from /home/airflow/.local/lib/python3.12/site-packages/airflow/example_dags/example_setup_teardown_taskflow.py
[2025-01-21T01:14:39.938+0000] {processor.py:925} INFO - DAG(s) 'example_setup_teardown_taskflow' retrieved from /home/airflow/.local/lib/python3.12/site-packages/airflow/example_dags/example_setup_teardown_taskflow.py
[2025-01-21T01:14:39.969+0000] {logging_mixin.py:190} INFO - [2025-01-21T01:14:39.968+0000] {dag.py:3239} INFO - Sync 1 DAGs
[2025-01-21T01:14:39.985+0000] {logging_mixin.py:190} INFO - [2025-01-21T01:14:39.985+0000] {dag.py:4180} INFO - Setting next_dagrun for example_setup_teardown_taskflow to None, run_after=None
[2025-01-21T01:14:40.004+0000] {processor.py:208} INFO - Processing /home/airflow/.local/lib/python3.12/site-packages/airflow/example_dags/example_setup_teardown_taskflow.py took 0.086 seconds
[2025-01-21T01:15:10.545+0000] {processor.py:186} INFO - Started process (PID=152) to work on /home/airflow/.local/lib/python3.12/site-packages/airflow/example_dags/example_setup_teardown_taskflow.py
[2025-01-21T01:15:10.546+0000] {processor.py:914} INFO - Processing file /home/airflow/.local/lib/python3.12/site-packages/airflow/example_dags/example_setup_teardown_taskflow.py for tasks to queue
[2025-01-21T01:15:10.548+0000] {logging_mixin.py:190} INFO - [2025-01-21T01:15:10.548+0000] {dagbag.py:588} INFO - Filling up the DagBag from /home/airflow/.local/lib/python3.12/site-packages/airflow/example_dags/example_setup_teardown_taskflow.py
[2025-01-21T01:15:10.558+0000] {processor.py:925} INFO - DAG(s) 'example_setup_teardown_taskflow' retrieved from /home/airflow/.local/lib/python3.12/site-packages/airflow/example_dags/example_setup_teardown_taskflow.py
[2025-01-21T01:15:10.581+0000] {logging_mixin.py:190} INFO - [2025-01-21T01:15:10.581+0000] {dag.py:3239} INFO - Sync 1 DAGs
[2025-01-21T01:15:10.598+0000] {logging_mixin.py:190} INFO - [2025-01-21T01:15:10.597+0000] {dag.py:4180} INFO - Setting next_dagrun for example_setup_teardown_taskflow to None, run_after=None
[2025-01-21T01:15:10.617+0000] {processor.py:208} INFO - Processing /home/airflow/.local/lib/python3.12/site-packages/airflow/example_dags/example_setup_teardown_taskflow.py took 0.077 seconds
[2025-01-21T01:15:41.438+0000] {processor.py:186} INFO - Started process (PID=216) to work on /home/airflow/.local/lib/python3.12/site-packages/airflow/example_dags/example_setup_teardown_taskflow.py
[2025-01-21T01:15:41.438+0000] {processor.py:914} INFO - Processing file /home/airflow/.local/lib/python3.12/site-packages/airflow/example_dags/example_setup_teardown_taskflow.py for tasks to queue
[2025-01-21T01:15:41.440+0000] {logging_mixin.py:190} INFO - [2025-01-21T01:15:41.440+0000] {dagbag.py:588} INFO - Filling up the DagBag from /home/airflow/.local/lib/python3.12/site-packages/airflow/example_dags/example_setup_teardown_taskflow.py
[2025-01-21T01:15:41.450+0000] {processor.py:925} INFO - DAG(s) 'example_setup_teardown_taskflow' retrieved from /home/airflow/.local/lib/python3.12/site-packages/airflow/example_dags/example_setup_teardown_taskflow.py
[2025-01-21T01:15:41.473+0000] {logging_mixin.py:190} INFO - [2025-01-21T01:15:41.473+0000] {dag.py:3239} INFO - Sync 1 DAGs
[2025-01-21T01:15:41.489+0000] {logging_mixin.py:190} INFO - [2025-01-21T01:15:41.488+0000] {dag.py:4180} INFO - Setting next_dagrun for example_setup_teardown_taskflow to None, run_after=None
[2025-01-21T01:15:41.510+0000] {processor.py:208} INFO - Processing /home/airflow/.local/lib/python3.12/site-packages/airflow/example_dags/example_setup_teardown_taskflow.py took 0.078 seconds
[2025-01-21T01:16:11.663+0000] {processor.py:186} INFO - Started process (PID=280) to work on /home/airflow/.local/lib/python3.12/site-packages/airflow/example_dags/example_setup_teardown_taskflow.py
[2025-01-21T01:16:11.664+0000] {processor.py:914} INFO - Processing file /home/airflow/.local/lib/python3.12/site-packages/airflow/example_dags/example_setup_teardown_taskflow.py for tasks to queue
[2025-01-21T01:16:11.666+0000] {logging_mixin.py:190} INFO - [2025-01-21T01:16:11.665+0000] {dagbag.py:588} INFO - Filling up the DagBag from /home/airflow/.local/lib/python3.12/site-packages/airflow/example_dags/example_setup_teardown_taskflow.py
[2025-01-21T01:16:11.675+0000] {processor.py:925} INFO - DAG(s) 'example_setup_teardown_taskflow' retrieved from /home/airflow/.local/lib/python3.12/site-packages/airflow/example_dags/example_setup_teardown_taskflow.py
[2025-01-21T01:16:11.696+0000] {logging_mixin.py:190} INFO - [2025-01-21T01:16:11.696+0000] {dag.py:3239} INFO - Sync 1 DAGs
[2025-01-21T01:16:11.714+0000] {logging_mixin.py:190} INFO - [2025-01-21T01:16:11.713+0000] {dag.py:4180} INFO - Setting next_dagrun for example_setup_teardown_taskflow to None, run_after=None
[2025-01-21T01:16:11.742+0000] {processor.py:208} INFO - Processing /home/airflow/.local/lib/python3.12/site-packages/airflow/example_dags/example_setup_teardown_taskflow.py took 0.084 seconds
[2025-01-21T01:16:41.860+0000] {processor.py:186} INFO - Started process (PID=344) to work on /home/airflow/.local/lib/python3.12/site-packages/airflow/example_dags/example_setup_teardown_taskflow.py
[2025-01-21T01:16:41.861+0000] {processor.py:914} INFO - Processing file /home/airflow/.local/lib/python3.12/site-packages/airflow/example_dags/example_setup_teardown_taskflow.py for tasks to queue
[2025-01-21T01:16:41.863+0000] {logging_mixin.py:190} INFO - [2025-01-21T01:16:41.862+0000] {dagbag.py:588} INFO - Filling up the DagBag from /home/airflow/.local/lib/python3.12/site-packages/airflow/example_dags/example_setup_teardown_taskflow.py
[2025-01-21T01:16:41.872+0000] {processor.py:925} INFO - DAG(s) 'example_setup_teardown_taskflow' retrieved from /home/airflow/.local/lib/python3.12/site-packages/airflow/example_dags/example_setup_teardown_taskflow.py
[2025-01-21T01:16:41.892+0000] {logging_mixin.py:190} INFO - [2025-01-21T01:16:41.892+0000] {dag.py:3239} INFO - Sync 1 DAGs
[2025-01-21T01:16:41.906+0000] {logging_mixin.py:190} INFO - [2025-01-21T01:16:41.906+0000] {dag.py:4180} INFO - Setting next_dagrun for example_setup_teardown_taskflow to None, run_after=None
[2025-01-21T01:16:41.927+0000] {processor.py:208} INFO - Processing /home/airflow/.local/lib/python3.12/site-packages/airflow/example_dags/example_setup_teardown_taskflow.py took 0.072 seconds
[2025-01-21T01:17:12.067+0000] {processor.py:186} INFO - Started process (PID=408) to work on /home/airflow/.local/lib/python3.12/site-packages/airflow/example_dags/example_setup_teardown_taskflow.py
[2025-01-21T01:17:12.072+0000] {processor.py:914} INFO - Processing file /home/airflow/.local/lib/python3.12/site-packages/airflow/example_dags/example_setup_teardown_taskflow.py for tasks to queue
[2025-01-21T01:17:12.075+0000] {logging_mixin.py:190} INFO - [2025-01-21T01:17:12.074+0000] {dagbag.py:588} INFO - Filling up the DagBag from /home/airflow/.local/lib/python3.12/site-packages/airflow/example_dags/example_setup_teardown_taskflow.py
[2025-01-21T01:17:12.089+0000] {processor.py:925} INFO - DAG(s) 'example_setup_teardown_taskflow' retrieved from /home/airflow/.local/lib/python3.12/site-packages/airflow/example_dags/example_setup_teardown_taskflow.py
[2025-01-21T01:17:12.116+0000] {logging_mixin.py:190} INFO - [2025-01-21T01:17:12.116+0000] {dag.py:3239} INFO - Sync 1 DAGs
[2025-01-21T01:17:12.131+0000] {logging_mixin.py:190} INFO - [2025-01-21T01:17:12.131+0000] {dag.py:4180} INFO - Setting next_dagrun for example_setup_teardown_taskflow to None, run_after=None
[2025-01-21T01:17:12.167+0000] {processor.py:208} INFO - Processing /home/airflow/.local/lib/python3.12/site-packages/airflow/example_dags/example_setup_teardown_taskflow.py took 0.111 seconds
[2025-01-21T01:17:42.300+0000] {processor.py:186} INFO - Started process (PID=472) to work on /home/airflow/.local/lib/python3.12/site-packages/airflow/example_dags/example_setup_teardown_taskflow.py
[2025-01-21T01:17:42.301+0000] {processor.py:914} INFO - Processing file /home/airflow/.local/lib/python3.12/site-packages/airflow/example_dags/example_setup_teardown_taskflow.py for tasks to queue
[2025-01-21T01:17:42.303+0000] {logging_mixin.py:190} INFO - [2025-01-21T01:17:42.302+0000] {dagbag.py:588} INFO - Filling up the DagBag from /home/airflow/.local/lib/python3.12/site-packages/airflow/example_dags/example_setup_teardown_taskflow.py
[2025-01-21T01:17:42.313+0000] {processor.py:925} INFO - DAG(s) 'example_setup_teardown_taskflow' retrieved from /home/airflow/.local/lib/python3.12/site-packages/airflow/example_dags/example_setup_teardown_taskflow.py
[2025-01-21T01:17:42.339+0000] {logging_mixin.py:190} INFO - [2025-01-21T01:17:42.338+0000] {dag.py:3239} INFO - Sync 1 DAGs
[2025-01-21T01:17:42.354+0000] {logging_mixin.py:190} INFO - [2025-01-21T01:17:42.354+0000] {dag.py:4180} INFO - Setting next_dagrun for example_setup_teardown_taskflow to None, run_after=None
[2025-01-21T01:17:42.375+0000] {processor.py:208} INFO - Processing /home/airflow/.local/lib/python3.12/site-packages/airflow/example_dags/example_setup_teardown_taskflow.py took 0.081 seconds
[2025-01-21T01:18:13.168+0000] {processor.py:186} INFO - Started process (PID=536) to work on /home/airflow/.local/lib/python3.12/site-packages/airflow/example_dags/example_setup_teardown_taskflow.py
[2025-01-21T01:18:13.169+0000] {processor.py:914} INFO - Processing file /home/airflow/.local/lib/python3.12/site-packages/airflow/example_dags/example_setup_teardown_taskflow.py for tasks to queue
[2025-01-21T01:18:13.171+0000] {logging_mixin.py:190} INFO - [2025-01-21T01:18:13.170+0000] {dagbag.py:588} INFO - Filling up the DagBag from /home/airflow/.local/lib/python3.12/site-packages/airflow/example_dags/example_setup_teardown_taskflow.py
[2025-01-21T01:18:13.180+0000] {processor.py:925} INFO - DAG(s) 'example_setup_teardown_taskflow' retrieved from /home/airflow/.local/lib/python3.12/site-packages/airflow/example_dags/example_setup_teardown_taskflow.py
[2025-01-21T01:18:13.202+0000] {logging_mixin.py:190} INFO - [2025-01-21T01:18:13.202+0000] {dag.py:3239} INFO - Sync 1 DAGs
[2025-01-21T01:18:13.216+0000] {logging_mixin.py:190} INFO - [2025-01-21T01:18:13.216+0000] {dag.py:4180} INFO - Setting next_dagrun for example_setup_teardown_taskflow to None, run_after=None
[2025-01-21T01:18:13.235+0000] {processor.py:208} INFO - Processing /home/airflow/.local/lib/python3.12/site-packages/airflow/example_dags/example_setup_teardown_taskflow.py took 0.073 seconds
[2025-01-21T01:18:43.423+0000] {processor.py:186} INFO - Started process (PID=600) to work on /home/airflow/.local/lib/python3.12/site-packages/airflow/example_dags/example_setup_teardown_taskflow.py
[2025-01-21T01:18:43.424+0000] {processor.py:914} INFO - Processing file /home/airflow/.local/lib/python3.12/site-packages/airflow/example_dags/example_setup_teardown_taskflow.py for tasks to queue
[2025-01-21T01:18:43.426+0000] {logging_mixin.py:190} INFO - [2025-01-21T01:18:43.426+0000] {dagbag.py:588} INFO - Filling up the DagBag from /home/airflow/.local/lib/python3.12/site-packages/airflow/example_dags/example_setup_teardown_taskflow.py
[2025-01-21T01:18:43.438+0000] {processor.py:925} INFO - DAG(s) 'example_setup_teardown_taskflow' retrieved from /home/airflow/.local/lib/python3.12/site-packages/airflow/example_dags/example_setup_teardown_taskflow.py
[2025-01-21T01:18:43.468+0000] {logging_mixin.py:190} INFO - [2025-01-21T01:18:43.468+0000] {dag.py:3239} INFO - Sync 1 DAGs
[2025-01-21T01:18:43.485+0000] {logging_mixin.py:190} INFO - [2025-01-21T01:18:43.485+0000] {dag.py:4180} INFO - Setting next_dagrun for example_setup_teardown_taskflow to None, run_after=None
[2025-01-21T01:18:43.507+0000] {processor.py:208} INFO - Processing /home/airflow/.local/lib/python3.12/site-packages/airflow/example_dags/example_setup_teardown_taskflow.py took 0.092 seconds
[2025-01-21T01:19:13.919+0000] {processor.py:186} INFO - Started process (PID=664) to work on /home/airflow/.local/lib/python3.12/site-packages/airflow/example_dags/example_setup_teardown_taskflow.py
[2025-01-21T01:19:13.920+0000] {processor.py:914} INFO - Processing file /home/airflow/.local/lib/python3.12/site-packages/airflow/example_dags/example_setup_teardown_taskflow.py for tasks to queue
[2025-01-21T01:19:13.922+0000] {logging_mixin.py:190} INFO - [2025-01-21T01:19:13.922+0000] {dagbag.py:588} INFO - Filling up the DagBag from /home/airflow/.local/lib/python3.12/site-packages/airflow/example_dags/example_setup_teardown_taskflow.py
[2025-01-21T01:19:13.932+0000] {processor.py:925} INFO - DAG(s) 'example_setup_teardown_taskflow' retrieved from /home/airflow/.local/lib/python3.12/site-packages/airflow/example_dags/example_setup_teardown_taskflow.py
[2025-01-21T01:19:13.955+0000] {logging_mixin.py:190} INFO - [2025-01-21T01:19:13.955+0000] {dag.py:3239} INFO - Sync 1 DAGs
[2025-01-21T01:19:13.969+0000] {logging_mixin.py:190} INFO - [2025-01-21T01:19:13.968+0000] {dag.py:4180} INFO - Setting next_dagrun for example_setup_teardown_taskflow to None, run_after=None
[2025-01-21T01:19:13.988+0000] {processor.py:208} INFO - Processing /home/airflow/.local/lib/python3.12/site-packages/airflow/example_dags/example_setup_teardown_taskflow.py took 0.075 seconds
[2025-01-21T01:19:44.385+0000] {processor.py:186} INFO - Started process (PID=728) to work on /home/airflow/.local/lib/python3.12/site-packages/airflow/example_dags/example_setup_teardown_taskflow.py
[2025-01-21T01:19:44.386+0000] {processor.py:914} INFO - Processing file /home/airflow/.local/lib/python3.12/site-packages/airflow/example_dags/example_setup_teardown_taskflow.py for tasks to queue
[2025-01-21T01:19:44.389+0000] {logging_mixin.py:190} INFO - [2025-01-21T01:19:44.389+0000] {dagbag.py:588} INFO - Filling up the DagBag from /home/airflow/.local/lib/python3.12/site-packages/airflow/example_dags/example_setup_teardown_taskflow.py
[2025-01-21T01:19:44.407+0000] {processor.py:925} INFO - DAG(s) 'example_setup_teardown_taskflow' retrieved from /home/airflow/.local/lib/python3.12/site-packages/airflow/example_dags/example_setup_teardown_taskflow.py
[2025-01-21T01:19:44.442+0000] {logging_mixin.py:190} INFO - [2025-01-21T01:19:44.442+0000] {dag.py:3239} INFO - Sync 1 DAGs
[2025-01-21T01:19:44.456+0000] {logging_mixin.py:190} INFO - [2025-01-21T01:19:44.456+0000] {dag.py:4180} INFO - Setting next_dagrun for example_setup_teardown_taskflow to None, run_after=None
[2025-01-21T01:19:44.478+0000] {processor.py:208} INFO - Processing /home/airflow/.local/lib/python3.12/site-packages/airflow/example_dags/example_setup_teardown_taskflow.py took 0.100 seconds
[2025-01-21T01:20:15.174+0000] {processor.py:186} INFO - Started process (PID=792) to work on /home/airflow/.local/lib/python3.12/site-packages/airflow/example_dags/example_setup_teardown_taskflow.py
[2025-01-21T01:20:15.175+0000] {processor.py:914} INFO - Processing file /home/airflow/.local/lib/python3.12/site-packages/airflow/example_dags/example_setup_teardown_taskflow.py for tasks to queue
[2025-01-21T01:20:15.178+0000] {logging_mixin.py:190} INFO - [2025-01-21T01:20:15.177+0000] {dagbag.py:588} INFO - Filling up the DagBag from /home/airflow/.local/lib/python3.12/site-packages/airflow/example_dags/example_setup_teardown_taskflow.py
[2025-01-21T01:20:15.191+0000] {processor.py:925} INFO - DAG(s) 'example_setup_teardown_taskflow' retrieved from /home/airflow/.local/lib/python3.12/site-packages/airflow/example_dags/example_setup_teardown_taskflow.py
[2025-01-21T01:20:15.218+0000] {logging_mixin.py:190} INFO - [2025-01-21T01:20:15.218+0000] {dag.py:3239} INFO - Sync 1 DAGs
[2025-01-21T01:20:15.240+0000] {logging_mixin.py:190} INFO - [2025-01-21T01:20:15.239+0000] {dag.py:4180} INFO - Setting next_dagrun for example_setup_teardown_taskflow to None, run_after=None
[2025-01-21T01:20:15.263+0000] {processor.py:208} INFO - Processing /home/airflow/.local/lib/python3.12/site-packages/airflow/example_dags/example_setup_teardown_taskflow.py took 0.098 seconds
[2025-01-21T01:20:45.753+0000] {processor.py:186} INFO - Started process (PID=856) to work on /home/airflow/.local/lib/python3.12/site-packages/airflow/example_dags/example_setup_teardown_taskflow.py
[2025-01-21T01:20:45.754+0000] {processor.py:914} INFO - Processing file /home/airflow/.local/lib/python3.12/site-packages/airflow/example_dags/example_setup_teardown_taskflow.py for tasks to queue
[2025-01-21T01:20:45.756+0000] {logging_mixin.py:190} INFO - [2025-01-21T01:20:45.756+0000] {dagbag.py:588} INFO - Filling up the DagBag from /home/airflow/.local/lib/python3.12/site-packages/airflow/example_dags/example_setup_teardown_taskflow.py
[2025-01-21T01:20:45.768+0000] {processor.py:925} INFO - DAG(s) 'example_setup_teardown_taskflow' retrieved from /home/airflow/.local/lib/python3.12/site-packages/airflow/example_dags/example_setup_teardown_taskflow.py
[2025-01-21T01:20:45.794+0000] {logging_mixin.py:190} INFO - [2025-01-21T01:20:45.794+0000] {dag.py:3239} INFO - Sync 1 DAGs
[2025-01-21T01:20:45.812+0000] {logging_mixin.py:190} INFO - [2025-01-21T01:20:45.812+0000] {dag.py:4180} INFO - Setting next_dagrun for example_setup_teardown_taskflow to None, run_after=None
[2025-01-21T01:20:45.835+0000] {processor.py:208} INFO - Processing /home/airflow/.local/lib/python3.12/site-packages/airflow/example_dags/example_setup_teardown_taskflow.py took 0.089 seconds
[2025-01-21T01:21:16.055+0000] {processor.py:186} INFO - Started process (PID=920) to work on /home/airflow/.local/lib/python3.12/site-packages/airflow/example_dags/example_setup_teardown_taskflow.py
[2025-01-21T01:21:16.055+0000] {processor.py:914} INFO - Processing file /home/airflow/.local/lib/python3.12/site-packages/airflow/example_dags/example_setup_teardown_taskflow.py for tasks to queue
[2025-01-21T01:21:16.057+0000] {logging_mixin.py:190} INFO - [2025-01-21T01:21:16.057+0000] {dagbag.py:588} INFO - Filling up the DagBag from /home/airflow/.local/lib/python3.12/site-packages/airflow/example_dags/example_setup_teardown_taskflow.py
[2025-01-21T01:21:16.067+0000] {processor.py:925} INFO - DAG(s) 'example_setup_teardown_taskflow' retrieved from /home/airflow/.local/lib/python3.12/site-packages/airflow/example_dags/example_setup_teardown_taskflow.py
[2025-01-21T01:21:16.089+0000] {logging_mixin.py:190} INFO - [2025-01-21T01:21:16.088+0000] {dag.py:3239} INFO - Sync 1 DAGs
[2025-01-21T01:21:16.102+0000] {logging_mixin.py:190} INFO - [2025-01-21T01:21:16.102+0000] {dag.py:4180} INFO - Setting next_dagrun for example_setup_teardown_taskflow to None, run_after=None
[2025-01-21T01:21:16.124+0000] {processor.py:208} INFO - Processing /home/airflow/.local/lib/python3.12/site-packages/airflow/example_dags/example_setup_teardown_taskflow.py took 0.074 seconds
[2025-01-21T01:21:46.475+0000] {processor.py:186} INFO - Started process (PID=983) to work on /home/airflow/.local/lib/python3.12/site-packages/airflow/example_dags/example_setup_teardown_taskflow.py
[2025-01-21T01:21:46.476+0000] {processor.py:914} INFO - Processing file /home/airflow/.local/lib/python3.12/site-packages/airflow/example_dags/example_setup_teardown_taskflow.py for tasks to queue
[2025-01-21T01:21:46.478+0000] {logging_mixin.py:190} INFO - [2025-01-21T01:21:46.478+0000] {dagbag.py:588} INFO - Filling up the DagBag from /home/airflow/.local/lib/python3.12/site-packages/airflow/example_dags/example_setup_teardown_taskflow.py
[2025-01-21T01:21:46.491+0000] {processor.py:925} INFO - DAG(s) 'example_setup_teardown_taskflow' retrieved from /home/airflow/.local/lib/python3.12/site-packages/airflow/example_dags/example_setup_teardown_taskflow.py
[2025-01-21T01:21:46.516+0000] {logging_mixin.py:190} INFO - [2025-01-21T01:21:46.516+0000] {dag.py:3239} INFO - Sync 1 DAGs
[2025-01-21T01:21:46.535+0000] {logging_mixin.py:190} INFO - [2025-01-21T01:21:46.535+0000] {dag.py:4180} INFO - Setting next_dagrun for example_setup_teardown_taskflow to None, run_after=None
[2025-01-21T01:21:46.558+0000] {processor.py:208} INFO - Processing /home/airflow/.local/lib/python3.12/site-packages/airflow/example_dags/example_setup_teardown_taskflow.py took 0.090 seconds
[2025-01-21T01:22:17.409+0000] {processor.py:186} INFO - Started process (PID=1051) to work on /home/airflow/.local/lib/python3.12/site-packages/airflow/example_dags/example_setup_teardown_taskflow.py
[2025-01-21T01:22:17.410+0000] {processor.py:914} INFO - Processing file /home/airflow/.local/lib/python3.12/site-packages/airflow/example_dags/example_setup_teardown_taskflow.py for tasks to queue
[2025-01-21T01:22:17.413+0000] {logging_mixin.py:190} INFO - [2025-01-21T01:22:17.413+0000] {dagbag.py:588} INFO - Filling up the DagBag from /home/airflow/.local/lib/python3.12/site-packages/airflow/example_dags/example_setup_teardown_taskflow.py
[2025-01-21T01:22:17.427+0000] {processor.py:925} INFO - DAG(s) 'example_setup_teardown_taskflow' retrieved from /home/airflow/.local/lib/python3.12/site-packages/airflow/example_dags/example_setup_teardown_taskflow.py
[2025-01-21T01:22:17.452+0000] {logging_mixin.py:190} INFO - [2025-01-21T01:22:17.451+0000] {dag.py:3239} INFO - Sync 1 DAGs
[2025-01-21T01:22:17.469+0000] {logging_mixin.py:190} INFO - [2025-01-21T01:22:17.469+0000] {dag.py:4180} INFO - Setting next_dagrun for example_setup_teardown_taskflow to None, run_after=None
[2025-01-21T01:22:17.491+0000] {processor.py:208} INFO - Processing /home/airflow/.local/lib/python3.12/site-packages/airflow/example_dags/example_setup_teardown_taskflow.py took 0.090 seconds
[2025-01-21T01:22:47.648+0000] {processor.py:186} INFO - Started process (PID=1115) to work on /home/airflow/.local/lib/python3.12/site-packages/airflow/example_dags/example_setup_teardown_taskflow.py
[2025-01-21T01:22:47.649+0000] {processor.py:914} INFO - Processing file /home/airflow/.local/lib/python3.12/site-packages/airflow/example_dags/example_setup_teardown_taskflow.py for tasks to queue
[2025-01-21T01:22:47.651+0000] {logging_mixin.py:190} INFO - [2025-01-21T01:22:47.651+0000] {dagbag.py:588} INFO - Filling up the DagBag from /home/airflow/.local/lib/python3.12/site-packages/airflow/example_dags/example_setup_teardown_taskflow.py
[2025-01-21T01:22:47.663+0000] {processor.py:925} INFO - DAG(s) 'example_setup_teardown_taskflow' retrieved from /home/airflow/.local/lib/python3.12/site-packages/airflow/example_dags/example_setup_teardown_taskflow.py
[2025-01-21T01:22:47.686+0000] {logging_mixin.py:190} INFO - [2025-01-21T01:22:47.685+0000] {dag.py:3239} INFO - Sync 1 DAGs
[2025-01-21T01:22:47.701+0000] {logging_mixin.py:190} INFO - [2025-01-21T01:22:47.701+0000] {dag.py:4180} INFO - Setting next_dagrun for example_setup_teardown_taskflow to None, run_after=None
[2025-01-21T01:22:47.722+0000] {processor.py:208} INFO - Processing /home/airflow/.local/lib/python3.12/site-packages/airflow/example_dags/example_setup_teardown_taskflow.py took 0.081 seconds
[2025-01-21T01:23:18.216+0000] {processor.py:186} INFO - Started process (PID=1180) to work on /home/airflow/.local/lib/python3.12/site-packages/airflow/example_dags/example_setup_teardown_taskflow.py
[2025-01-21T01:23:18.217+0000] {processor.py:914} INFO - Processing file /home/airflow/.local/lib/python3.12/site-packages/airflow/example_dags/example_setup_teardown_taskflow.py for tasks to queue
[2025-01-21T01:23:18.223+0000] {logging_mixin.py:190} INFO - [2025-01-21T01:23:18.222+0000] {dagbag.py:588} INFO - Filling up the DagBag from /home/airflow/.local/lib/python3.12/site-packages/airflow/example_dags/example_setup_teardown_taskflow.py
[2025-01-21T01:23:18.237+0000] {processor.py:925} INFO - DAG(s) 'example_setup_teardown_taskflow' retrieved from /home/airflow/.local/lib/python3.12/site-packages/airflow/example_dags/example_setup_teardown_taskflow.py
[2025-01-21T01:23:18.266+0000] {logging_mixin.py:190} INFO - [2025-01-21T01:23:18.265+0000] {dag.py:3239} INFO - Sync 1 DAGs
[2025-01-21T01:23:18.314+0000] {logging_mixin.py:190} INFO - [2025-01-21T01:23:18.313+0000] {dag.py:4180} INFO - Setting next_dagrun for example_setup_teardown_taskflow to None, run_after=None
[2025-01-21T01:23:18.422+0000] {processor.py:208} INFO - Processing /home/airflow/.local/lib/python3.12/site-packages/airflow/example_dags/example_setup_teardown_taskflow.py took 0.215 seconds
[2025-01-21T01:23:48.909+0000] {processor.py:186} INFO - Started process (PID=1244) to work on /home/airflow/.local/lib/python3.12/site-packages/airflow/example_dags/example_setup_teardown_taskflow.py
[2025-01-21T01:23:48.911+0000] {processor.py:914} INFO - Processing file /home/airflow/.local/lib/python3.12/site-packages/airflow/example_dags/example_setup_teardown_taskflow.py for tasks to queue
[2025-01-21T01:23:48.915+0000] {logging_mixin.py:190} INFO - [2025-01-21T01:23:48.915+0000] {dagbag.py:588} INFO - Filling up the DagBag from /home/airflow/.local/lib/python3.12/site-packages/airflow/example_dags/example_setup_teardown_taskflow.py
[2025-01-21T01:23:48.931+0000] {processor.py:925} INFO - DAG(s) 'example_setup_teardown_taskflow' retrieved from /home/airflow/.local/lib/python3.12/site-packages/airflow/example_dags/example_setup_teardown_taskflow.py
[2025-01-21T01:23:48.958+0000] {logging_mixin.py:190} INFO - [2025-01-21T01:23:48.957+0000] {dag.py:3239} INFO - Sync 1 DAGs
[2025-01-21T01:23:48.973+0000] {logging_mixin.py:190} INFO - [2025-01-21T01:23:48.973+0000] {dag.py:4180} INFO - Setting next_dagrun for example_setup_teardown_taskflow to None, run_after=None
[2025-01-21T01:23:48.998+0000] {processor.py:208} INFO - Processing /home/airflow/.local/lib/python3.12/site-packages/airflow/example_dags/example_setup_teardown_taskflow.py took 0.102 seconds
[2025-01-21T01:24:19.144+0000] {processor.py:186} INFO - Started process (PID=1308) to work on /home/airflow/.local/lib/python3.12/site-packages/airflow/example_dags/example_setup_teardown_taskflow.py
[2025-01-21T01:24:19.146+0000] {processor.py:914} INFO - Processing file /home/airflow/.local/lib/python3.12/site-packages/airflow/example_dags/example_setup_teardown_taskflow.py for tasks to queue
[2025-01-21T01:24:19.149+0000] {logging_mixin.py:190} INFO - [2025-01-21T01:24:19.149+0000] {dagbag.py:588} INFO - Filling up the DagBag from /home/airflow/.local/lib/python3.12/site-packages/airflow/example_dags/example_setup_teardown_taskflow.py
[2025-01-21T01:24:19.167+0000] {processor.py:925} INFO - DAG(s) 'example_setup_teardown_taskflow' retrieved from /home/airflow/.local/lib/python3.12/site-packages/airflow/example_dags/example_setup_teardown_taskflow.py
[2025-01-21T01:24:19.210+0000] {logging_mixin.py:190} INFO - [2025-01-21T01:24:19.209+0000] {dag.py:3239} INFO - Sync 1 DAGs
[2025-01-21T01:24:19.229+0000] {logging_mixin.py:190} INFO - [2025-01-21T01:24:19.229+0000] {dag.py:4180} INFO - Setting next_dagrun for example_setup_teardown_taskflow to None, run_after=None
[2025-01-21T01:24:19.253+0000] {processor.py:208} INFO - Processing /home/airflow/.local/lib/python3.12/site-packages/airflow/example_dags/example_setup_teardown_taskflow.py took 0.117 seconds
[2025-01-21T01:24:49.345+0000] {processor.py:186} INFO - Started process (PID=1372) to work on /home/airflow/.local/lib/python3.12/site-packages/airflow/example_dags/example_setup_teardown_taskflow.py
[2025-01-21T01:24:49.347+0000] {processor.py:914} INFO - Processing file /home/airflow/.local/lib/python3.12/site-packages/airflow/example_dags/example_setup_teardown_taskflow.py for tasks to queue
[2025-01-21T01:24:49.352+0000] {logging_mixin.py:190} INFO - [2025-01-21T01:24:49.350+0000] {dagbag.py:588} INFO - Filling up the DagBag from /home/airflow/.local/lib/python3.12/site-packages/airflow/example_dags/example_setup_teardown_taskflow.py
[2025-01-21T01:24:49.370+0000] {processor.py:925} INFO - DAG(s) 'example_setup_teardown_taskflow' retrieved from /home/airflow/.local/lib/python3.12/site-packages/airflow/example_dags/example_setup_teardown_taskflow.py
[2025-01-21T01:24:49.409+0000] {logging_mixin.py:190} INFO - [2025-01-21T01:24:49.408+0000] {dag.py:3239} INFO - Sync 1 DAGs
[2025-01-21T01:24:49.430+0000] {logging_mixin.py:190} INFO - [2025-01-21T01:24:49.429+0000] {dag.py:4180} INFO - Setting next_dagrun for example_setup_teardown_taskflow to None, run_after=None
[2025-01-21T01:24:49.453+0000] {processor.py:208} INFO - Processing /home/airflow/.local/lib/python3.12/site-packages/airflow/example_dags/example_setup_teardown_taskflow.py took 0.121 seconds
[2025-01-21T01:25:19.622+0000] {processor.py:186} INFO - Started process (PID=1436) to work on /home/airflow/.local/lib/python3.12/site-packages/airflow/example_dags/example_setup_teardown_taskflow.py
[2025-01-21T01:25:19.623+0000] {processor.py:914} INFO - Processing file /home/airflow/.local/lib/python3.12/site-packages/airflow/example_dags/example_setup_teardown_taskflow.py for tasks to queue
[2025-01-21T01:25:19.627+0000] {logging_mixin.py:190} INFO - [2025-01-21T01:25:19.626+0000] {dagbag.py:588} INFO - Filling up the DagBag from /home/airflow/.local/lib/python3.12/site-packages/airflow/example_dags/example_setup_teardown_taskflow.py
[2025-01-21T01:25:19.642+0000] {processor.py:925} INFO - DAG(s) 'example_setup_teardown_taskflow' retrieved from /home/airflow/.local/lib/python3.12/site-packages/airflow/example_dags/example_setup_teardown_taskflow.py
[2025-01-21T01:25:19.667+0000] {logging_mixin.py:190} INFO - [2025-01-21T01:25:19.667+0000] {dag.py:3239} INFO - Sync 1 DAGs
[2025-01-21T01:25:19.683+0000] {logging_mixin.py:190} INFO - [2025-01-21T01:25:19.683+0000] {dag.py:4180} INFO - Setting next_dagrun for example_setup_teardown_taskflow to None, run_after=None
[2025-01-21T01:25:19.707+0000] {processor.py:208} INFO - Processing /home/airflow/.local/lib/python3.12/site-packages/airflow/example_dags/example_setup_teardown_taskflow.py took 0.094 seconds
[2025-01-21T01:25:50.027+0000] {processor.py:186} INFO - Started process (PID=1500) to work on /home/airflow/.local/lib/python3.12/site-packages/airflow/example_dags/example_setup_teardown_taskflow.py
[2025-01-21T01:25:50.028+0000] {processor.py:914} INFO - Processing file /home/airflow/.local/lib/python3.12/site-packages/airflow/example_dags/example_setup_teardown_taskflow.py for tasks to queue
[2025-01-21T01:25:50.031+0000] {logging_mixin.py:190} INFO - [2025-01-21T01:25:50.030+0000] {dagbag.py:588} INFO - Filling up the DagBag from /home/airflow/.local/lib/python3.12/site-packages/airflow/example_dags/example_setup_teardown_taskflow.py
[2025-01-21T01:25:50.041+0000] {processor.py:925} INFO - DAG(s) 'example_setup_teardown_taskflow' retrieved from /home/airflow/.local/lib/python3.12/site-packages/airflow/example_dags/example_setup_teardown_taskflow.py
[2025-01-21T01:25:50.066+0000] {logging_mixin.py:190} INFO - [2025-01-21T01:25:50.065+0000] {dag.py:3239} INFO - Sync 1 DAGs
[2025-01-21T01:25:50.080+0000] {logging_mixin.py:190} INFO - [2025-01-21T01:25:50.080+0000] {dag.py:4180} INFO - Setting next_dagrun for example_setup_teardown_taskflow to None, run_after=None
[2025-01-21T01:25:50.100+0000] {processor.py:208} INFO - Processing /home/airflow/.local/lib/python3.12/site-packages/airflow/example_dags/example_setup_teardown_taskflow.py took 0.079 seconds
