[2025-01-21T01:14:42.873+0000] {processor.py:186} INFO - Started process (PID=117) to work on /home/airflow/.local/lib/python3.12/site-packages/airflow/example_dags/example_datasets.py
[2025-01-21T01:14:42.873+0000] {processor.py:914} INFO - Processing file /home/airflow/.local/lib/python3.12/site-packages/airflow/example_dags/example_datasets.py for tasks to queue
[2025-01-21T01:14:42.875+0000] {logging_mixin.py:190} INFO - [2025-01-21T01:14:42.875+0000] {dagbag.py:588} INFO - Filling up the DagBag from /home/airflow/.local/lib/python3.12/site-packages/airflow/example_dags/example_datasets.py
[2025-01-21T01:14:43.404+0000] {processor.py:925} INFO - DAG(s) 'dataset_consumes_1_and_2', 'consume_1_or_both_2_and_3_with_dataset_expressions', 'dataset_consumes_1', 'consume_1_and_2_with_dataset_expressions', 'dataset_produces_2', 'dataset_consumes_1_never_scheduled', 'conditional_dataset_and_time_based_timetable', 'dataset_produces_1', 'consume_1_or_2_with_dataset_expressions', 'dataset_consumes_unknown_never_scheduled' retrieved from /home/airflow/.local/lib/python3.12/site-packages/airflow/example_dags/example_datasets.py
[2025-01-21T01:14:43.461+0000] {logging_mixin.py:190} INFO - [2025-01-21T01:14:43.461+0000] {dag.py:3239} INFO - Sync 10 DAGs
[2025-01-21T01:14:43.491+0000] {logging_mixin.py:190} INFO - [2025-01-21T01:14:43.491+0000] {dag.py:4180} INFO - Setting next_dagrun for conditional_dataset_and_time_based_timetable to 2025-01-15 01:00:00+00:00, run_after=2025-01-15 01:00:00+00:00
[2025-01-21T01:14:43.495+0000] {logging_mixin.py:190} INFO - [2025-01-21T01:14:43.495+0000] {dag.py:4180} INFO - Setting next_dagrun for consume_1_and_2_with_dataset_expressions to None, run_after=None
[2025-01-21T01:14:43.498+0000] {logging_mixin.py:190} INFO - [2025-01-21T01:14:43.497+0000] {dag.py:4180} INFO - Setting next_dagrun for consume_1_or_2_with_dataset_expressions to None, run_after=None
[2025-01-21T01:14:43.499+0000] {logging_mixin.py:190} INFO - [2025-01-21T01:14:43.499+0000] {dag.py:4180} INFO - Setting next_dagrun for consume_1_or_both_2_and_3_with_dataset_expressions to None, run_after=None
[2025-01-21T01:14:43.502+0000] {logging_mixin.py:190} INFO - [2025-01-21T01:14:43.501+0000] {dag.py:4180} INFO - Setting next_dagrun for dataset_consumes_1 to None, run_after=None
[2025-01-21T01:14:43.504+0000] {logging_mixin.py:190} INFO - [2025-01-21T01:14:43.503+0000] {dag.py:4180} INFO - Setting next_dagrun for dataset_consumes_1_and_2 to None, run_after=None
[2025-01-21T01:14:43.505+0000] {logging_mixin.py:190} INFO - [2025-01-21T01:14:43.505+0000] {dag.py:4180} INFO - Setting next_dagrun for dataset_consumes_1_never_scheduled to None, run_after=None
[2025-01-21T01:14:43.507+0000] {logging_mixin.py:190} INFO - [2025-01-21T01:14:43.507+0000] {dag.py:4180} INFO - Setting next_dagrun for dataset_consumes_unknown_never_scheduled to None, run_after=None
[2025-01-21T01:14:43.511+0000] {logging_mixin.py:190} INFO - [2025-01-21T01:14:43.510+0000] {dag.py:4180} INFO - Setting next_dagrun for dataset_produces_1 to 2025-01-20 00:00:00+00:00, run_after=2025-01-21 00:00:00+00:00
[2025-01-21T01:14:43.513+0000] {logging_mixin.py:190} INFO - [2025-01-21T01:14:43.513+0000] {dag.py:4180} INFO - Setting next_dagrun for dataset_produces_2 to None, run_after=None
[2025-01-21T01:14:43.557+0000] {processor.py:208} INFO - Processing /home/airflow/.local/lib/python3.12/site-packages/airflow/example_dags/example_datasets.py took 0.689 seconds
[2025-01-21T01:15:13.986+0000] {processor.py:186} INFO - Started process (PID=181) to work on /home/airflow/.local/lib/python3.12/site-packages/airflow/example_dags/example_datasets.py
[2025-01-21T01:15:13.987+0000] {processor.py:914} INFO - Processing file /home/airflow/.local/lib/python3.12/site-packages/airflow/example_dags/example_datasets.py for tasks to queue
[2025-01-21T01:15:13.989+0000] {logging_mixin.py:190} INFO - [2025-01-21T01:15:13.989+0000] {dagbag.py:588} INFO - Filling up the DagBag from /home/airflow/.local/lib/python3.12/site-packages/airflow/example_dags/example_datasets.py
[2025-01-21T01:15:14.514+0000] {processor.py:925} INFO - DAG(s) 'consume_1_and_2_with_dataset_expressions', 'consume_1_or_2_with_dataset_expressions', 'dataset_produces_1', 'dataset_consumes_1', 'dataset_produces_2', 'consume_1_or_both_2_and_3_with_dataset_expressions', 'conditional_dataset_and_time_based_timetable', 'dataset_consumes_1_never_scheduled', 'dataset_consumes_1_and_2', 'dataset_consumes_unknown_never_scheduled' retrieved from /home/airflow/.local/lib/python3.12/site-packages/airflow/example_dags/example_datasets.py
[2025-01-21T01:15:14.566+0000] {logging_mixin.py:190} INFO - [2025-01-21T01:15:14.566+0000] {dag.py:3239} INFO - Sync 10 DAGs
[2025-01-21T01:15:14.598+0000] {logging_mixin.py:190} INFO - [2025-01-21T01:15:14.598+0000] {dag.py:4180} INFO - Setting next_dagrun for conditional_dataset_and_time_based_timetable to 2025-01-15 01:00:00+00:00, run_after=2025-01-15 01:00:00+00:00
[2025-01-21T01:15:14.603+0000] {logging_mixin.py:190} INFO - [2025-01-21T01:15:14.603+0000] {dag.py:4180} INFO - Setting next_dagrun for consume_1_and_2_with_dataset_expressions to None, run_after=None
[2025-01-21T01:15:14.605+0000] {logging_mixin.py:190} INFO - [2025-01-21T01:15:14.605+0000] {dag.py:4180} INFO - Setting next_dagrun for consume_1_or_2_with_dataset_expressions to None, run_after=None
[2025-01-21T01:15:14.606+0000] {logging_mixin.py:190} INFO - [2025-01-21T01:15:14.606+0000] {dag.py:4180} INFO - Setting next_dagrun for consume_1_or_both_2_and_3_with_dataset_expressions to None, run_after=None
[2025-01-21T01:15:14.608+0000] {logging_mixin.py:190} INFO - [2025-01-21T01:15:14.608+0000] {dag.py:4180} INFO - Setting next_dagrun for dataset_consumes_1 to None, run_after=None
[2025-01-21T01:15:14.609+0000] {logging_mixin.py:190} INFO - [2025-01-21T01:15:14.609+0000] {dag.py:4180} INFO - Setting next_dagrun for dataset_consumes_1_and_2 to None, run_after=None
[2025-01-21T01:15:14.611+0000] {logging_mixin.py:190} INFO - [2025-01-21T01:15:14.610+0000] {dag.py:4180} INFO - Setting next_dagrun for dataset_consumes_1_never_scheduled to None, run_after=None
[2025-01-21T01:15:14.612+0000] {logging_mixin.py:190} INFO - [2025-01-21T01:15:14.612+0000] {dag.py:4180} INFO - Setting next_dagrun for dataset_consumes_unknown_never_scheduled to None, run_after=None
[2025-01-21T01:15:14.615+0000] {logging_mixin.py:190} INFO - [2025-01-21T01:15:14.615+0000] {dag.py:4180} INFO - Setting next_dagrun for dataset_produces_1 to 2025-01-20 00:00:00+00:00, run_after=2025-01-21 00:00:00+00:00
[2025-01-21T01:15:14.617+0000] {logging_mixin.py:190} INFO - [2025-01-21T01:15:14.617+0000] {dag.py:4180} INFO - Setting next_dagrun for dataset_produces_2 to None, run_after=None
[2025-01-21T01:15:14.664+0000] {processor.py:208} INFO - Processing /home/airflow/.local/lib/python3.12/site-packages/airflow/example_dags/example_datasets.py took 0.683 seconds
[2025-01-21T01:15:45.100+0000] {processor.py:186} INFO - Started process (PID=246) to work on /home/airflow/.local/lib/python3.12/site-packages/airflow/example_dags/example_datasets.py
[2025-01-21T01:15:45.101+0000] {processor.py:914} INFO - Processing file /home/airflow/.local/lib/python3.12/site-packages/airflow/example_dags/example_datasets.py for tasks to queue
[2025-01-21T01:15:45.103+0000] {logging_mixin.py:190} INFO - [2025-01-21T01:15:45.103+0000] {dagbag.py:588} INFO - Filling up the DagBag from /home/airflow/.local/lib/python3.12/site-packages/airflow/example_dags/example_datasets.py
[2025-01-21T01:15:45.645+0000] {processor.py:925} INFO - DAG(s) 'conditional_dataset_and_time_based_timetable', 'dataset_produces_2', 'consume_1_or_2_with_dataset_expressions', 'consume_1_and_2_with_dataset_expressions', 'dataset_consumes_1_never_scheduled', 'dataset_produces_1', 'consume_1_or_both_2_and_3_with_dataset_expressions', 'dataset_consumes_unknown_never_scheduled', 'dataset_consumes_1_and_2', 'dataset_consumes_1' retrieved from /home/airflow/.local/lib/python3.12/site-packages/airflow/example_dags/example_datasets.py
[2025-01-21T01:15:45.697+0000] {logging_mixin.py:190} INFO - [2025-01-21T01:15:45.697+0000] {dag.py:3239} INFO - Sync 10 DAGs
[2025-01-21T01:15:45.725+0000] {logging_mixin.py:190} INFO - [2025-01-21T01:15:45.724+0000] {dag.py:4180} INFO - Setting next_dagrun for conditional_dataset_and_time_based_timetable to 2025-01-15 01:00:00+00:00, run_after=2025-01-15 01:00:00+00:00
[2025-01-21T01:15:45.728+0000] {logging_mixin.py:190} INFO - [2025-01-21T01:15:45.728+0000] {dag.py:4180} INFO - Setting next_dagrun for consume_1_and_2_with_dataset_expressions to None, run_after=None
[2025-01-21T01:15:45.730+0000] {logging_mixin.py:190} INFO - [2025-01-21T01:15:45.730+0000] {dag.py:4180} INFO - Setting next_dagrun for consume_1_or_2_with_dataset_expressions to None, run_after=None
[2025-01-21T01:15:45.731+0000] {logging_mixin.py:190} INFO - [2025-01-21T01:15:45.731+0000] {dag.py:4180} INFO - Setting next_dagrun for consume_1_or_both_2_and_3_with_dataset_expressions to None, run_after=None
[2025-01-21T01:15:45.732+0000] {logging_mixin.py:190} INFO - [2025-01-21T01:15:45.732+0000] {dag.py:4180} INFO - Setting next_dagrun for dataset_consumes_1 to None, run_after=None
[2025-01-21T01:15:45.734+0000] {logging_mixin.py:190} INFO - [2025-01-21T01:15:45.733+0000] {dag.py:4180} INFO - Setting next_dagrun for dataset_consumes_1_and_2 to None, run_after=None
[2025-01-21T01:15:45.735+0000] {logging_mixin.py:190} INFO - [2025-01-21T01:15:45.735+0000] {dag.py:4180} INFO - Setting next_dagrun for dataset_consumes_1_never_scheduled to None, run_after=None
[2025-01-21T01:15:45.736+0000] {logging_mixin.py:190} INFO - [2025-01-21T01:15:45.736+0000] {dag.py:4180} INFO - Setting next_dagrun for dataset_consumes_unknown_never_scheduled to None, run_after=None
[2025-01-21T01:15:45.739+0000] {logging_mixin.py:190} INFO - [2025-01-21T01:15:45.738+0000] {dag.py:4180} INFO - Setting next_dagrun for dataset_produces_1 to 2025-01-20 00:00:00+00:00, run_after=2025-01-21 00:00:00+00:00
[2025-01-21T01:15:45.740+0000] {logging_mixin.py:190} INFO - [2025-01-21T01:15:45.740+0000] {dag.py:4180} INFO - Setting next_dagrun for dataset_produces_2 to None, run_after=None
[2025-01-21T01:15:45.774+0000] {processor.py:208} INFO - Processing /home/airflow/.local/lib/python3.12/site-packages/airflow/example_dags/example_datasets.py took 0.679 seconds
[2025-01-21T01:16:16.270+0000] {processor.py:186} INFO - Started process (PID=310) to work on /home/airflow/.local/lib/python3.12/site-packages/airflow/example_dags/example_datasets.py
[2025-01-21T01:16:16.271+0000] {processor.py:914} INFO - Processing file /home/airflow/.local/lib/python3.12/site-packages/airflow/example_dags/example_datasets.py for tasks to queue
[2025-01-21T01:16:16.273+0000] {logging_mixin.py:190} INFO - [2025-01-21T01:16:16.272+0000] {dagbag.py:588} INFO - Filling up the DagBag from /home/airflow/.local/lib/python3.12/site-packages/airflow/example_dags/example_datasets.py
[2025-01-21T01:16:16.920+0000] {processor.py:925} INFO - DAG(s) 'dataset_consumes_1', 'conditional_dataset_and_time_based_timetable', 'dataset_consumes_unknown_never_scheduled', 'consume_1_and_2_with_dataset_expressions', 'dataset_consumes_1_and_2', 'consume_1_or_2_with_dataset_expressions', 'dataset_produces_2', 'consume_1_or_both_2_and_3_with_dataset_expressions', 'dataset_produces_1', 'dataset_consumes_1_never_scheduled' retrieved from /home/airflow/.local/lib/python3.12/site-packages/airflow/example_dags/example_datasets.py
[2025-01-21T01:16:16.973+0000] {logging_mixin.py:190} INFO - [2025-01-21T01:16:16.973+0000] {dag.py:3239} INFO - Sync 10 DAGs
[2025-01-21T01:16:17.004+0000] {logging_mixin.py:190} INFO - [2025-01-21T01:16:17.004+0000] {dag.py:4180} INFO - Setting next_dagrun for conditional_dataset_and_time_based_timetable to 2025-01-15 01:00:00+00:00, run_after=2025-01-15 01:00:00+00:00
[2025-01-21T01:16:17.008+0000] {logging_mixin.py:190} INFO - [2025-01-21T01:16:17.008+0000] {dag.py:4180} INFO - Setting next_dagrun for consume_1_and_2_with_dataset_expressions to None, run_after=None
[2025-01-21T01:16:17.010+0000] {logging_mixin.py:190} INFO - [2025-01-21T01:16:17.009+0000] {dag.py:4180} INFO - Setting next_dagrun for consume_1_or_2_with_dataset_expressions to None, run_after=None
[2025-01-21T01:16:17.011+0000] {logging_mixin.py:190} INFO - [2025-01-21T01:16:17.011+0000] {dag.py:4180} INFO - Setting next_dagrun for consume_1_or_both_2_and_3_with_dataset_expressions to None, run_after=None
[2025-01-21T01:16:17.012+0000] {logging_mixin.py:190} INFO - [2025-01-21T01:16:17.012+0000] {dag.py:4180} INFO - Setting next_dagrun for dataset_consumes_1 to None, run_after=None
[2025-01-21T01:16:17.013+0000] {logging_mixin.py:190} INFO - [2025-01-21T01:16:17.013+0000] {dag.py:4180} INFO - Setting next_dagrun for dataset_consumes_1_and_2 to None, run_after=None
[2025-01-21T01:16:17.015+0000] {logging_mixin.py:190} INFO - [2025-01-21T01:16:17.015+0000] {dag.py:4180} INFO - Setting next_dagrun for dataset_consumes_1_never_scheduled to None, run_after=None
[2025-01-21T01:16:17.016+0000] {logging_mixin.py:190} INFO - [2025-01-21T01:16:17.016+0000] {dag.py:4180} INFO - Setting next_dagrun for dataset_consumes_unknown_never_scheduled to None, run_after=None
[2025-01-21T01:16:17.018+0000] {logging_mixin.py:190} INFO - [2025-01-21T01:16:17.018+0000] {dag.py:4180} INFO - Setting next_dagrun for dataset_produces_1 to 2025-01-20 00:00:00+00:00, run_after=2025-01-21 00:00:00+00:00
[2025-01-21T01:16:17.020+0000] {logging_mixin.py:190} INFO - [2025-01-21T01:16:17.019+0000] {dag.py:4180} INFO - Setting next_dagrun for dataset_produces_2 to None, run_after=None
[2025-01-21T01:16:17.058+0000] {processor.py:208} INFO - Processing /home/airflow/.local/lib/python3.12/site-packages/airflow/example_dags/example_datasets.py took 0.794 seconds
[2025-01-21T01:16:47.374+0000] {processor.py:186} INFO - Started process (PID=374) to work on /home/airflow/.local/lib/python3.12/site-packages/airflow/example_dags/example_datasets.py
[2025-01-21T01:16:47.390+0000] {processor.py:914} INFO - Processing file /home/airflow/.local/lib/python3.12/site-packages/airflow/example_dags/example_datasets.py for tasks to queue
[2025-01-21T01:16:47.392+0000] {logging_mixin.py:190} INFO - [2025-01-21T01:16:47.392+0000] {dagbag.py:588} INFO - Filling up the DagBag from /home/airflow/.local/lib/python3.12/site-packages/airflow/example_dags/example_datasets.py
[2025-01-21T01:16:47.928+0000] {processor.py:925} INFO - DAG(s) 'dataset_consumes_unknown_never_scheduled', 'consume_1_and_2_with_dataset_expressions', 'dataset_produces_2', 'dataset_consumes_1', 'conditional_dataset_and_time_based_timetable', 'consume_1_or_both_2_and_3_with_dataset_expressions', 'dataset_consumes_1_never_scheduled', 'consume_1_or_2_with_dataset_expressions', 'dataset_consumes_1_and_2', 'dataset_produces_1' retrieved from /home/airflow/.local/lib/python3.12/site-packages/airflow/example_dags/example_datasets.py
[2025-01-21T01:16:47.980+0000] {logging_mixin.py:190} INFO - [2025-01-21T01:16:47.979+0000] {dag.py:3239} INFO - Sync 10 DAGs
[2025-01-21T01:16:48.012+0000] {logging_mixin.py:190} INFO - [2025-01-21T01:16:48.012+0000] {dag.py:4180} INFO - Setting next_dagrun for conditional_dataset_and_time_based_timetable to 2025-01-15 01:00:00+00:00, run_after=2025-01-15 01:00:00+00:00
[2025-01-21T01:16:48.017+0000] {logging_mixin.py:190} INFO - [2025-01-21T01:16:48.017+0000] {dag.py:4180} INFO - Setting next_dagrun for consume_1_and_2_with_dataset_expressions to None, run_after=None
[2025-01-21T01:16:48.019+0000] {logging_mixin.py:190} INFO - [2025-01-21T01:16:48.019+0000] {dag.py:4180} INFO - Setting next_dagrun for consume_1_or_2_with_dataset_expressions to None, run_after=None
[2025-01-21T01:16:48.020+0000] {logging_mixin.py:190} INFO - [2025-01-21T01:16:48.020+0000] {dag.py:4180} INFO - Setting next_dagrun for consume_1_or_both_2_and_3_with_dataset_expressions to None, run_after=None
[2025-01-21T01:16:48.022+0000] {logging_mixin.py:190} INFO - [2025-01-21T01:16:48.022+0000] {dag.py:4180} INFO - Setting next_dagrun for dataset_consumes_1 to None, run_after=None
[2025-01-21T01:16:48.023+0000] {logging_mixin.py:190} INFO - [2025-01-21T01:16:48.023+0000] {dag.py:4180} INFO - Setting next_dagrun for dataset_consumes_1_and_2 to None, run_after=None
[2025-01-21T01:16:48.025+0000] {logging_mixin.py:190} INFO - [2025-01-21T01:16:48.024+0000] {dag.py:4180} INFO - Setting next_dagrun for dataset_consumes_1_never_scheduled to None, run_after=None
[2025-01-21T01:16:48.026+0000] {logging_mixin.py:190} INFO - [2025-01-21T01:16:48.026+0000] {dag.py:4180} INFO - Setting next_dagrun for dataset_consumes_unknown_never_scheduled to None, run_after=None
[2025-01-21T01:16:48.029+0000] {logging_mixin.py:190} INFO - [2025-01-21T01:16:48.029+0000] {dag.py:4180} INFO - Setting next_dagrun for dataset_produces_1 to 2025-01-20 00:00:00+00:00, run_after=2025-01-21 00:00:00+00:00
[2025-01-21T01:16:48.031+0000] {logging_mixin.py:190} INFO - [2025-01-21T01:16:48.030+0000] {dag.py:4180} INFO - Setting next_dagrun for dataset_produces_2 to None, run_after=None
[2025-01-21T01:16:48.082+0000] {processor.py:208} INFO - Processing /home/airflow/.local/lib/python3.12/site-packages/airflow/example_dags/example_datasets.py took 0.713 seconds
[2025-01-21T01:17:18.726+0000] {processor.py:186} INFO - Started process (PID=438) to work on /home/airflow/.local/lib/python3.12/site-packages/airflow/example_dags/example_datasets.py
[2025-01-21T01:17:18.737+0000] {processor.py:914} INFO - Processing file /home/airflow/.local/lib/python3.12/site-packages/airflow/example_dags/example_datasets.py for tasks to queue
[2025-01-21T01:17:18.740+0000] {logging_mixin.py:190} INFO - [2025-01-21T01:17:18.739+0000] {dagbag.py:588} INFO - Filling up the DagBag from /home/airflow/.local/lib/python3.12/site-packages/airflow/example_dags/example_datasets.py
[2025-01-21T01:17:19.332+0000] {processor.py:925} INFO - DAG(s) 'dataset_produces_2', 'consume_1_or_2_with_dataset_expressions', 'dataset_consumes_unknown_never_scheduled', 'dataset_produces_1', 'dataset_consumes_1_never_scheduled', 'dataset_consumes_1_and_2', 'dataset_consumes_1', 'consume_1_and_2_with_dataset_expressions', 'conditional_dataset_and_time_based_timetable', 'consume_1_or_both_2_and_3_with_dataset_expressions' retrieved from /home/airflow/.local/lib/python3.12/site-packages/airflow/example_dags/example_datasets.py
[2025-01-21T01:17:19.390+0000] {logging_mixin.py:190} INFO - [2025-01-21T01:17:19.390+0000] {dag.py:3239} INFO - Sync 10 DAGs
[2025-01-21T01:17:19.437+0000] {logging_mixin.py:190} INFO - [2025-01-21T01:17:19.437+0000] {dag.py:4180} INFO - Setting next_dagrun for conditional_dataset_and_time_based_timetable to 2025-01-15 01:00:00+00:00, run_after=2025-01-15 01:00:00+00:00
[2025-01-21T01:17:19.446+0000] {logging_mixin.py:190} INFO - [2025-01-21T01:17:19.446+0000] {dag.py:4180} INFO - Setting next_dagrun for consume_1_and_2_with_dataset_expressions to None, run_after=None
[2025-01-21T01:17:19.450+0000] {logging_mixin.py:190} INFO - [2025-01-21T01:17:19.450+0000] {dag.py:4180} INFO - Setting next_dagrun for consume_1_or_2_with_dataset_expressions to None, run_after=None
[2025-01-21T01:17:19.453+0000] {logging_mixin.py:190} INFO - [2025-01-21T01:17:19.452+0000] {dag.py:4180} INFO - Setting next_dagrun for consume_1_or_both_2_and_3_with_dataset_expressions to None, run_after=None
[2025-01-21T01:17:19.456+0000] {logging_mixin.py:190} INFO - [2025-01-21T01:17:19.455+0000] {dag.py:4180} INFO - Setting next_dagrun for dataset_consumes_1 to None, run_after=None
[2025-01-21T01:17:19.458+0000] {logging_mixin.py:190} INFO - [2025-01-21T01:17:19.457+0000] {dag.py:4180} INFO - Setting next_dagrun for dataset_consumes_1_and_2 to None, run_after=None
[2025-01-21T01:17:19.459+0000] {logging_mixin.py:190} INFO - [2025-01-21T01:17:19.459+0000] {dag.py:4180} INFO - Setting next_dagrun for dataset_consumes_1_never_scheduled to None, run_after=None
[2025-01-21T01:17:19.461+0000] {logging_mixin.py:190} INFO - [2025-01-21T01:17:19.461+0000] {dag.py:4180} INFO - Setting next_dagrun for dataset_consumes_unknown_never_scheduled to None, run_after=None
[2025-01-21T01:17:19.466+0000] {logging_mixin.py:190} INFO - [2025-01-21T01:17:19.465+0000] {dag.py:4180} INFO - Setting next_dagrun for dataset_produces_1 to 2025-01-20 00:00:00+00:00, run_after=2025-01-21 00:00:00+00:00
[2025-01-21T01:17:19.468+0000] {logging_mixin.py:190} INFO - [2025-01-21T01:17:19.468+0000] {dag.py:4180} INFO - Setting next_dagrun for dataset_produces_2 to None, run_after=None
[2025-01-21T01:17:19.514+0000] {processor.py:208} INFO - Processing /home/airflow/.local/lib/python3.12/site-packages/airflow/example_dags/example_datasets.py took 0.794 seconds
[2025-01-21T01:17:49.813+0000] {processor.py:186} INFO - Started process (PID=502) to work on /home/airflow/.local/lib/python3.12/site-packages/airflow/example_dags/example_datasets.py
[2025-01-21T01:17:49.815+0000] {processor.py:914} INFO - Processing file /home/airflow/.local/lib/python3.12/site-packages/airflow/example_dags/example_datasets.py for tasks to queue
[2025-01-21T01:17:49.816+0000] {logging_mixin.py:190} INFO - [2025-01-21T01:17:49.816+0000] {dagbag.py:588} INFO - Filling up the DagBag from /home/airflow/.local/lib/python3.12/site-packages/airflow/example_dags/example_datasets.py
[2025-01-21T01:17:50.348+0000] {processor.py:925} INFO - DAG(s) 'consume_1_or_both_2_and_3_with_dataset_expressions', 'dataset_consumes_1', 'dataset_produces_1', 'dataset_produces_2', 'consume_1_and_2_with_dataset_expressions', 'consume_1_or_2_with_dataset_expressions', 'dataset_consumes_1_and_2', 'dataset_consumes_unknown_never_scheduled', 'dataset_consumes_1_never_scheduled', 'conditional_dataset_and_time_based_timetable' retrieved from /home/airflow/.local/lib/python3.12/site-packages/airflow/example_dags/example_datasets.py
[2025-01-21T01:17:50.399+0000] {logging_mixin.py:190} INFO - [2025-01-21T01:17:50.398+0000] {dag.py:3239} INFO - Sync 10 DAGs
[2025-01-21T01:17:50.427+0000] {logging_mixin.py:190} INFO - [2025-01-21T01:17:50.427+0000] {dag.py:4180} INFO - Setting next_dagrun for conditional_dataset_and_time_based_timetable to 2025-01-15 01:00:00+00:00, run_after=2025-01-15 01:00:00+00:00
[2025-01-21T01:17:50.431+0000] {logging_mixin.py:190} INFO - [2025-01-21T01:17:50.431+0000] {dag.py:4180} INFO - Setting next_dagrun for consume_1_and_2_with_dataset_expressions to None, run_after=None
[2025-01-21T01:17:50.433+0000] {logging_mixin.py:190} INFO - [2025-01-21T01:17:50.433+0000] {dag.py:4180} INFO - Setting next_dagrun for consume_1_or_2_with_dataset_expressions to None, run_after=None
[2025-01-21T01:17:50.434+0000] {logging_mixin.py:190} INFO - [2025-01-21T01:17:50.434+0000] {dag.py:4180} INFO - Setting next_dagrun for consume_1_or_both_2_and_3_with_dataset_expressions to None, run_after=None
[2025-01-21T01:17:50.436+0000] {logging_mixin.py:190} INFO - [2025-01-21T01:17:50.436+0000] {dag.py:4180} INFO - Setting next_dagrun for dataset_consumes_1 to None, run_after=None
[2025-01-21T01:17:50.437+0000] {logging_mixin.py:190} INFO - [2025-01-21T01:17:50.437+0000] {dag.py:4180} INFO - Setting next_dagrun for dataset_consumes_1_and_2 to None, run_after=None
[2025-01-21T01:17:50.439+0000] {logging_mixin.py:190} INFO - [2025-01-21T01:17:50.439+0000] {dag.py:4180} INFO - Setting next_dagrun for dataset_consumes_1_never_scheduled to None, run_after=None
[2025-01-21T01:17:50.440+0000] {logging_mixin.py:190} INFO - [2025-01-21T01:17:50.440+0000] {dag.py:4180} INFO - Setting next_dagrun for dataset_consumes_unknown_never_scheduled to None, run_after=None
[2025-01-21T01:17:50.444+0000] {logging_mixin.py:190} INFO - [2025-01-21T01:17:50.443+0000] {dag.py:4180} INFO - Setting next_dagrun for dataset_produces_1 to 2025-01-20 00:00:00+00:00, run_after=2025-01-21 00:00:00+00:00
[2025-01-21T01:17:50.445+0000] {logging_mixin.py:190} INFO - [2025-01-21T01:17:50.445+0000] {dag.py:4180} INFO - Setting next_dagrun for dataset_produces_2 to None, run_after=None
[2025-01-21T01:17:50.487+0000] {processor.py:208} INFO - Processing /home/airflow/.local/lib/python3.12/site-packages/airflow/example_dags/example_datasets.py took 0.679 seconds
[2025-01-21T01:18:20.628+0000] {processor.py:186} INFO - Started process (PID=567) to work on /home/airflow/.local/lib/python3.12/site-packages/airflow/example_dags/example_datasets.py
[2025-01-21T01:18:20.630+0000] {processor.py:914} INFO - Processing file /home/airflow/.local/lib/python3.12/site-packages/airflow/example_dags/example_datasets.py for tasks to queue
[2025-01-21T01:18:20.632+0000] {logging_mixin.py:190} INFO - [2025-01-21T01:18:20.632+0000] {dagbag.py:588} INFO - Filling up the DagBag from /home/airflow/.local/lib/python3.12/site-packages/airflow/example_dags/example_datasets.py
[2025-01-21T01:18:21.367+0000] {processor.py:925} INFO - DAG(s) 'dataset_consumes_1', 'consume_1_or_2_with_dataset_expressions', 'consume_1_or_both_2_and_3_with_dataset_expressions', 'consume_1_and_2_with_dataset_expressions', 'dataset_consumes_1_never_scheduled', 'dataset_produces_1', 'dataset_produces_2', 'dataset_consumes_unknown_never_scheduled', 'conditional_dataset_and_time_based_timetable', 'dataset_consumes_1_and_2' retrieved from /home/airflow/.local/lib/python3.12/site-packages/airflow/example_dags/example_datasets.py
[2025-01-21T01:18:21.419+0000] {logging_mixin.py:190} INFO - [2025-01-21T01:18:21.418+0000] {dag.py:3239} INFO - Sync 10 DAGs
[2025-01-21T01:18:21.457+0000] {logging_mixin.py:190} INFO - [2025-01-21T01:18:21.457+0000] {dag.py:4180} INFO - Setting next_dagrun for conditional_dataset_and_time_based_timetable to 2025-01-15 01:00:00+00:00, run_after=2025-01-15 01:00:00+00:00
[2025-01-21T01:18:21.463+0000] {logging_mixin.py:190} INFO - [2025-01-21T01:18:21.463+0000] {dag.py:4180} INFO - Setting next_dagrun for consume_1_and_2_with_dataset_expressions to None, run_after=None
[2025-01-21T01:18:21.467+0000] {logging_mixin.py:190} INFO - [2025-01-21T01:18:21.467+0000] {dag.py:4180} INFO - Setting next_dagrun for consume_1_or_2_with_dataset_expressions to None, run_after=None
[2025-01-21T01:18:21.469+0000] {logging_mixin.py:190} INFO - [2025-01-21T01:18:21.469+0000] {dag.py:4180} INFO - Setting next_dagrun for consume_1_or_both_2_and_3_with_dataset_expressions to None, run_after=None
[2025-01-21T01:18:21.471+0000] {logging_mixin.py:190} INFO - [2025-01-21T01:18:21.470+0000] {dag.py:4180} INFO - Setting next_dagrun for dataset_consumes_1 to None, run_after=None
[2025-01-21T01:18:21.473+0000] {logging_mixin.py:190} INFO - [2025-01-21T01:18:21.472+0000] {dag.py:4180} INFO - Setting next_dagrun for dataset_consumes_1_and_2 to None, run_after=None
[2025-01-21T01:18:21.474+0000] {logging_mixin.py:190} INFO - [2025-01-21T01:18:21.474+0000] {dag.py:4180} INFO - Setting next_dagrun for dataset_consumes_1_never_scheduled to None, run_after=None
[2025-01-21T01:18:21.476+0000] {logging_mixin.py:190} INFO - [2025-01-21T01:18:21.476+0000] {dag.py:4180} INFO - Setting next_dagrun for dataset_consumes_unknown_never_scheduled to None, run_after=None
[2025-01-21T01:18:21.480+0000] {logging_mixin.py:190} INFO - [2025-01-21T01:18:21.480+0000] {dag.py:4180} INFO - Setting next_dagrun for dataset_produces_1 to 2025-01-20 00:00:00+00:00, run_after=2025-01-21 00:00:00+00:00
[2025-01-21T01:18:21.482+0000] {logging_mixin.py:190} INFO - [2025-01-21T01:18:21.481+0000] {dag.py:4180} INFO - Setting next_dagrun for dataset_produces_2 to None, run_after=None
[2025-01-21T01:18:21.525+0000] {processor.py:208} INFO - Processing /home/airflow/.local/lib/python3.12/site-packages/airflow/example_dags/example_datasets.py took 0.903 seconds
[2025-01-21T01:18:52.261+0000] {processor.py:186} INFO - Started process (PID=631) to work on /home/airflow/.local/lib/python3.12/site-packages/airflow/example_dags/example_datasets.py
[2025-01-21T01:18:52.262+0000] {processor.py:914} INFO - Processing file /home/airflow/.local/lib/python3.12/site-packages/airflow/example_dags/example_datasets.py for tasks to queue
[2025-01-21T01:18:52.264+0000] {logging_mixin.py:190} INFO - [2025-01-21T01:18:52.264+0000] {dagbag.py:588} INFO - Filling up the DagBag from /home/airflow/.local/lib/python3.12/site-packages/airflow/example_dags/example_datasets.py
[2025-01-21T01:18:52.811+0000] {processor.py:925} INFO - DAG(s) 'conditional_dataset_and_time_based_timetable', 'dataset_produces_1', 'dataset_produces_2', 'consume_1_or_2_with_dataset_expressions', 'dataset_consumes_1_and_2', 'dataset_consumes_1', 'consume_1_and_2_with_dataset_expressions', 'consume_1_or_both_2_and_3_with_dataset_expressions', 'dataset_consumes_unknown_never_scheduled', 'dataset_consumes_1_never_scheduled' retrieved from /home/airflow/.local/lib/python3.12/site-packages/airflow/example_dags/example_datasets.py
[2025-01-21T01:18:52.871+0000] {logging_mixin.py:190} INFO - [2025-01-21T01:18:52.870+0000] {dag.py:3239} INFO - Sync 10 DAGs
[2025-01-21T01:18:52.907+0000] {logging_mixin.py:190} INFO - [2025-01-21T01:18:52.907+0000] {dag.py:4180} INFO - Setting next_dagrun for conditional_dataset_and_time_based_timetable to 2025-01-15 01:00:00+00:00, run_after=2025-01-15 01:00:00+00:00
[2025-01-21T01:18:52.912+0000] {logging_mixin.py:190} INFO - [2025-01-21T01:18:52.912+0000] {dag.py:4180} INFO - Setting next_dagrun for consume_1_and_2_with_dataset_expressions to None, run_after=None
[2025-01-21T01:18:52.915+0000] {logging_mixin.py:190} INFO - [2025-01-21T01:18:52.914+0000] {dag.py:4180} INFO - Setting next_dagrun for consume_1_or_2_with_dataset_expressions to None, run_after=None
[2025-01-21T01:18:52.917+0000] {logging_mixin.py:190} INFO - [2025-01-21T01:18:52.916+0000] {dag.py:4180} INFO - Setting next_dagrun for consume_1_or_both_2_and_3_with_dataset_expressions to None, run_after=None
[2025-01-21T01:18:52.918+0000] {logging_mixin.py:190} INFO - [2025-01-21T01:18:52.918+0000] {dag.py:4180} INFO - Setting next_dagrun for dataset_consumes_1 to None, run_after=None
[2025-01-21T01:18:52.920+0000] {logging_mixin.py:190} INFO - [2025-01-21T01:18:52.920+0000] {dag.py:4180} INFO - Setting next_dagrun for dataset_consumes_1_and_2 to None, run_after=None
[2025-01-21T01:18:52.922+0000] {logging_mixin.py:190} INFO - [2025-01-21T01:18:52.922+0000] {dag.py:4180} INFO - Setting next_dagrun for dataset_consumes_1_never_scheduled to None, run_after=None
[2025-01-21T01:18:52.923+0000] {logging_mixin.py:190} INFO - [2025-01-21T01:18:52.923+0000] {dag.py:4180} INFO - Setting next_dagrun for dataset_consumes_unknown_never_scheduled to None, run_after=None
[2025-01-21T01:18:52.927+0000] {logging_mixin.py:190} INFO - [2025-01-21T01:18:52.927+0000] {dag.py:4180} INFO - Setting next_dagrun for dataset_produces_1 to 2025-01-20 00:00:00+00:00, run_after=2025-01-21 00:00:00+00:00
[2025-01-21T01:18:52.930+0000] {logging_mixin.py:190} INFO - [2025-01-21T01:18:52.929+0000] {dag.py:4180} INFO - Setting next_dagrun for dataset_produces_2 to None, run_after=None
[2025-01-21T01:18:52.977+0000] {processor.py:208} INFO - Processing /home/airflow/.local/lib/python3.12/site-packages/airflow/example_dags/example_datasets.py took 0.722 seconds
[2025-01-21T01:19:23.209+0000] {processor.py:186} INFO - Started process (PID=695) to work on /home/airflow/.local/lib/python3.12/site-packages/airflow/example_dags/example_datasets.py
[2025-01-21T01:19:23.210+0000] {processor.py:914} INFO - Processing file /home/airflow/.local/lib/python3.12/site-packages/airflow/example_dags/example_datasets.py for tasks to queue
[2025-01-21T01:19:23.212+0000] {logging_mixin.py:190} INFO - [2025-01-21T01:19:23.212+0000] {dagbag.py:588} INFO - Filling up the DagBag from /home/airflow/.local/lib/python3.12/site-packages/airflow/example_dags/example_datasets.py
[2025-01-21T01:19:23.733+0000] {processor.py:925} INFO - DAG(s) 'dataset_produces_2', 'dataset_consumes_1_and_2', 'dataset_consumes_unknown_never_scheduled', 'dataset_produces_1', 'dataset_consumes_1_never_scheduled', 'consume_1_or_2_with_dataset_expressions', 'consume_1_and_2_with_dataset_expressions', 'conditional_dataset_and_time_based_timetable', 'dataset_consumes_1', 'consume_1_or_both_2_and_3_with_dataset_expressions' retrieved from /home/airflow/.local/lib/python3.12/site-packages/airflow/example_dags/example_datasets.py
[2025-01-21T01:19:23.790+0000] {logging_mixin.py:190} INFO - [2025-01-21T01:19:23.790+0000] {dag.py:3239} INFO - Sync 10 DAGs
[2025-01-21T01:19:23.822+0000] {logging_mixin.py:190} INFO - [2025-01-21T01:19:23.821+0000] {dag.py:4180} INFO - Setting next_dagrun for conditional_dataset_and_time_based_timetable to 2025-01-15 01:00:00+00:00, run_after=2025-01-15 01:00:00+00:00
[2025-01-21T01:19:23.826+0000] {logging_mixin.py:190} INFO - [2025-01-21T01:19:23.826+0000] {dag.py:4180} INFO - Setting next_dagrun for consume_1_and_2_with_dataset_expressions to None, run_after=None
[2025-01-21T01:19:23.828+0000] {logging_mixin.py:190} INFO - [2025-01-21T01:19:23.827+0000] {dag.py:4180} INFO - Setting next_dagrun for consume_1_or_2_with_dataset_expressions to None, run_after=None
[2025-01-21T01:19:23.829+0000] {logging_mixin.py:190} INFO - [2025-01-21T01:19:23.829+0000] {dag.py:4180} INFO - Setting next_dagrun for consume_1_or_both_2_and_3_with_dataset_expressions to None, run_after=None
[2025-01-21T01:19:23.830+0000] {logging_mixin.py:190} INFO - [2025-01-21T01:19:23.830+0000] {dag.py:4180} INFO - Setting next_dagrun for dataset_consumes_1 to None, run_after=None
[2025-01-21T01:19:23.832+0000] {logging_mixin.py:190} INFO - [2025-01-21T01:19:23.831+0000] {dag.py:4180} INFO - Setting next_dagrun for dataset_consumes_1_and_2 to None, run_after=None
[2025-01-21T01:19:23.833+0000] {logging_mixin.py:190} INFO - [2025-01-21T01:19:23.833+0000] {dag.py:4180} INFO - Setting next_dagrun for dataset_consumes_1_never_scheduled to None, run_after=None
[2025-01-21T01:19:23.834+0000] {logging_mixin.py:190} INFO - [2025-01-21T01:19:23.834+0000] {dag.py:4180} INFO - Setting next_dagrun for dataset_consumes_unknown_never_scheduled to None, run_after=None
[2025-01-21T01:19:23.838+0000] {logging_mixin.py:190} INFO - [2025-01-21T01:19:23.837+0000] {dag.py:4180} INFO - Setting next_dagrun for dataset_produces_1 to 2025-01-20 00:00:00+00:00, run_after=2025-01-21 00:00:00+00:00
[2025-01-21T01:19:23.839+0000] {logging_mixin.py:190} INFO - [2025-01-21T01:19:23.839+0000] {dag.py:4180} INFO - Setting next_dagrun for dataset_produces_2 to None, run_after=None
[2025-01-21T01:19:23.879+0000] {processor.py:208} INFO - Processing /home/airflow/.local/lib/python3.12/site-packages/airflow/example_dags/example_datasets.py took 0.675 seconds
[2025-01-21T01:19:54.687+0000] {processor.py:186} INFO - Started process (PID=757) to work on /home/airflow/.local/lib/python3.12/site-packages/airflow/example_dags/example_datasets.py
[2025-01-21T01:19:54.688+0000] {processor.py:914} INFO - Processing file /home/airflow/.local/lib/python3.12/site-packages/airflow/example_dags/example_datasets.py for tasks to queue
[2025-01-21T01:19:54.690+0000] {logging_mixin.py:190} INFO - [2025-01-21T01:19:54.689+0000] {dagbag.py:588} INFO - Filling up the DagBag from /home/airflow/.local/lib/python3.12/site-packages/airflow/example_dags/example_datasets.py
[2025-01-21T01:19:55.211+0000] {processor.py:925} INFO - DAG(s) 'consume_1_and_2_with_dataset_expressions', 'consume_1_or_2_with_dataset_expressions', 'consume_1_or_both_2_and_3_with_dataset_expressions', 'dataset_consumes_unknown_never_scheduled', 'conditional_dataset_and_time_based_timetable', 'dataset_consumes_1_never_scheduled', 'dataset_consumes_1_and_2', 'dataset_consumes_1', 'dataset_produces_1', 'dataset_produces_2' retrieved from /home/airflow/.local/lib/python3.12/site-packages/airflow/example_dags/example_datasets.py
[2025-01-21T01:19:55.262+0000] {logging_mixin.py:190} INFO - [2025-01-21T01:19:55.262+0000] {dag.py:3239} INFO - Sync 10 DAGs
[2025-01-21T01:19:55.288+0000] {logging_mixin.py:190} INFO - [2025-01-21T01:19:55.288+0000] {dag.py:4180} INFO - Setting next_dagrun for conditional_dataset_and_time_based_timetable to 2025-01-15 01:00:00+00:00, run_after=2025-01-15 01:00:00+00:00
[2025-01-21T01:19:55.293+0000] {logging_mixin.py:190} INFO - [2025-01-21T01:19:55.292+0000] {dag.py:4180} INFO - Setting next_dagrun for consume_1_and_2_with_dataset_expressions to None, run_after=None
[2025-01-21T01:19:55.294+0000] {logging_mixin.py:190} INFO - [2025-01-21T01:19:55.294+0000] {dag.py:4180} INFO - Setting next_dagrun for consume_1_or_2_with_dataset_expressions to None, run_after=None
[2025-01-21T01:19:55.296+0000] {logging_mixin.py:190} INFO - [2025-01-21T01:19:55.296+0000] {dag.py:4180} INFO - Setting next_dagrun for consume_1_or_both_2_and_3_with_dataset_expressions to None, run_after=None
[2025-01-21T01:19:55.297+0000] {logging_mixin.py:190} INFO - [2025-01-21T01:19:55.297+0000] {dag.py:4180} INFO - Setting next_dagrun for dataset_consumes_1 to None, run_after=None
[2025-01-21T01:19:55.299+0000] {logging_mixin.py:190} INFO - [2025-01-21T01:19:55.299+0000] {dag.py:4180} INFO - Setting next_dagrun for dataset_consumes_1_and_2 to None, run_after=None
[2025-01-21T01:19:55.300+0000] {logging_mixin.py:190} INFO - [2025-01-21T01:19:55.300+0000] {dag.py:4180} INFO - Setting next_dagrun for dataset_consumes_1_never_scheduled to None, run_after=None
[2025-01-21T01:19:55.302+0000] {logging_mixin.py:190} INFO - [2025-01-21T01:19:55.301+0000] {dag.py:4180} INFO - Setting next_dagrun for dataset_consumes_unknown_never_scheduled to None, run_after=None
[2025-01-21T01:19:55.304+0000] {logging_mixin.py:190} INFO - [2025-01-21T01:19:55.304+0000] {dag.py:4180} INFO - Setting next_dagrun for dataset_produces_1 to 2025-01-20 00:00:00+00:00, run_after=2025-01-21 00:00:00+00:00
[2025-01-21T01:19:55.305+0000] {logging_mixin.py:190} INFO - [2025-01-21T01:19:55.305+0000] {dag.py:4180} INFO - Setting next_dagrun for dataset_produces_2 to None, run_after=None
[2025-01-21T01:19:55.348+0000] {processor.py:208} INFO - Processing /home/airflow/.local/lib/python3.12/site-packages/airflow/example_dags/example_datasets.py took 0.666 seconds
[2025-01-21T01:20:25.573+0000] {processor.py:186} INFO - Started process (PID=821) to work on /home/airflow/.local/lib/python3.12/site-packages/airflow/example_dags/example_datasets.py
[2025-01-21T01:20:25.574+0000] {processor.py:914} INFO - Processing file /home/airflow/.local/lib/python3.12/site-packages/airflow/example_dags/example_datasets.py for tasks to queue
[2025-01-21T01:20:25.576+0000] {logging_mixin.py:190} INFO - [2025-01-21T01:20:25.576+0000] {dagbag.py:588} INFO - Filling up the DagBag from /home/airflow/.local/lib/python3.12/site-packages/airflow/example_dags/example_datasets.py
[2025-01-21T01:20:26.119+0000] {processor.py:925} INFO - DAG(s) 'dataset_consumes_1_and_2', 'consume_1_or_2_with_dataset_expressions', 'dataset_produces_1', 'conditional_dataset_and_time_based_timetable', 'dataset_consumes_unknown_never_scheduled', 'dataset_consumes_1', 'dataset_consumes_1_never_scheduled', 'dataset_produces_2', 'consume_1_or_both_2_and_3_with_dataset_expressions', 'consume_1_and_2_with_dataset_expressions' retrieved from /home/airflow/.local/lib/python3.12/site-packages/airflow/example_dags/example_datasets.py
[2025-01-21T01:20:26.165+0000] {logging_mixin.py:190} INFO - [2025-01-21T01:20:26.165+0000] {dag.py:3239} INFO - Sync 10 DAGs
[2025-01-21T01:20:26.196+0000] {logging_mixin.py:190} INFO - [2025-01-21T01:20:26.196+0000] {dag.py:4180} INFO - Setting next_dagrun for conditional_dataset_and_time_based_timetable to 2025-01-15 01:00:00+00:00, run_after=2025-01-15 01:00:00+00:00
[2025-01-21T01:20:26.200+0000] {logging_mixin.py:190} INFO - [2025-01-21T01:20:26.200+0000] {dag.py:4180} INFO - Setting next_dagrun for consume_1_and_2_with_dataset_expressions to None, run_after=None
[2025-01-21T01:20:26.201+0000] {logging_mixin.py:190} INFO - [2025-01-21T01:20:26.201+0000] {dag.py:4180} INFO - Setting next_dagrun for consume_1_or_2_with_dataset_expressions to None, run_after=None
[2025-01-21T01:20:26.203+0000] {logging_mixin.py:190} INFO - [2025-01-21T01:20:26.202+0000] {dag.py:4180} INFO - Setting next_dagrun for consume_1_or_both_2_and_3_with_dataset_expressions to None, run_after=None
[2025-01-21T01:20:26.204+0000] {logging_mixin.py:190} INFO - [2025-01-21T01:20:26.204+0000] {dag.py:4180} INFO - Setting next_dagrun for dataset_consumes_1 to None, run_after=None
[2025-01-21T01:20:26.205+0000] {logging_mixin.py:190} INFO - [2025-01-21T01:20:26.205+0000] {dag.py:4180} INFO - Setting next_dagrun for dataset_consumes_1_and_2 to None, run_after=None
[2025-01-21T01:20:26.206+0000] {logging_mixin.py:190} INFO - [2025-01-21T01:20:26.206+0000] {dag.py:4180} INFO - Setting next_dagrun for dataset_consumes_1_never_scheduled to None, run_after=None
[2025-01-21T01:20:26.207+0000] {logging_mixin.py:190} INFO - [2025-01-21T01:20:26.207+0000] {dag.py:4180} INFO - Setting next_dagrun for dataset_consumes_unknown_never_scheduled to None, run_after=None
[2025-01-21T01:20:26.210+0000] {logging_mixin.py:190} INFO - [2025-01-21T01:20:26.209+0000] {dag.py:4180} INFO - Setting next_dagrun for dataset_produces_1 to 2025-01-20 00:00:00+00:00, run_after=2025-01-21 00:00:00+00:00
[2025-01-21T01:20:26.211+0000] {logging_mixin.py:190} INFO - [2025-01-21T01:20:26.211+0000] {dag.py:4180} INFO - Setting next_dagrun for dataset_produces_2 to None, run_after=None
[2025-01-21T01:20:26.249+0000] {processor.py:208} INFO - Processing /home/airflow/.local/lib/python3.12/site-packages/airflow/example_dags/example_datasets.py took 0.682 seconds
[2025-01-21T01:20:56.719+0000] {processor.py:186} INFO - Started process (PID=885) to work on /home/airflow/.local/lib/python3.12/site-packages/airflow/example_dags/example_datasets.py
[2025-01-21T01:20:56.720+0000] {processor.py:914} INFO - Processing file /home/airflow/.local/lib/python3.12/site-packages/airflow/example_dags/example_datasets.py for tasks to queue
[2025-01-21T01:20:56.722+0000] {logging_mixin.py:190} INFO - [2025-01-21T01:20:56.721+0000] {dagbag.py:588} INFO - Filling up the DagBag from /home/airflow/.local/lib/python3.12/site-packages/airflow/example_dags/example_datasets.py
[2025-01-21T01:20:57.289+0000] {processor.py:925} INFO - DAG(s) 'dataset_consumes_1_and_2', 'dataset_produces_2', 'dataset_consumes_unknown_never_scheduled', 'dataset_produces_1', 'dataset_consumes_1_never_scheduled', 'consume_1_or_2_with_dataset_expressions', 'conditional_dataset_and_time_based_timetable', 'dataset_consumes_1', 'consume_1_and_2_with_dataset_expressions', 'consume_1_or_both_2_and_3_with_dataset_expressions' retrieved from /home/airflow/.local/lib/python3.12/site-packages/airflow/example_dags/example_datasets.py
[2025-01-21T01:20:57.354+0000] {logging_mixin.py:190} INFO - [2025-01-21T01:20:57.354+0000] {dag.py:3239} INFO - Sync 10 DAGs
[2025-01-21T01:20:57.387+0000] {logging_mixin.py:190} INFO - [2025-01-21T01:20:57.387+0000] {dag.py:4180} INFO - Setting next_dagrun for conditional_dataset_and_time_based_timetable to 2025-01-15 01:00:00+00:00, run_after=2025-01-15 01:00:00+00:00
[2025-01-21T01:20:57.393+0000] {logging_mixin.py:190} INFO - [2025-01-21T01:20:57.393+0000] {dag.py:4180} INFO - Setting next_dagrun for consume_1_and_2_with_dataset_expressions to None, run_after=None
[2025-01-21T01:20:57.395+0000] {logging_mixin.py:190} INFO - [2025-01-21T01:20:57.395+0000] {dag.py:4180} INFO - Setting next_dagrun for consume_1_or_2_with_dataset_expressions to None, run_after=None
[2025-01-21T01:20:57.397+0000] {logging_mixin.py:190} INFO - [2025-01-21T01:20:57.397+0000] {dag.py:4180} INFO - Setting next_dagrun for consume_1_or_both_2_and_3_with_dataset_expressions to None, run_after=None
[2025-01-21T01:20:57.400+0000] {logging_mixin.py:190} INFO - [2025-01-21T01:20:57.399+0000] {dag.py:4180} INFO - Setting next_dagrun for dataset_consumes_1 to None, run_after=None
[2025-01-21T01:20:57.402+0000] {logging_mixin.py:190} INFO - [2025-01-21T01:20:57.401+0000] {dag.py:4180} INFO - Setting next_dagrun for dataset_consumes_1_and_2 to None, run_after=None
[2025-01-21T01:20:57.404+0000] {logging_mixin.py:190} INFO - [2025-01-21T01:20:57.403+0000] {dag.py:4180} INFO - Setting next_dagrun for dataset_consumes_1_never_scheduled to None, run_after=None
[2025-01-21T01:20:57.406+0000] {logging_mixin.py:190} INFO - [2025-01-21T01:20:57.405+0000] {dag.py:4180} INFO - Setting next_dagrun for dataset_consumes_unknown_never_scheduled to None, run_after=None
[2025-01-21T01:20:57.410+0000] {logging_mixin.py:190} INFO - [2025-01-21T01:20:57.410+0000] {dag.py:4180} INFO - Setting next_dagrun for dataset_produces_1 to 2025-01-20 00:00:00+00:00, run_after=2025-01-21 00:00:00+00:00
[2025-01-21T01:20:57.412+0000] {logging_mixin.py:190} INFO - [2025-01-21T01:20:57.412+0000] {dag.py:4180} INFO - Setting next_dagrun for dataset_produces_2 to None, run_after=None
[2025-01-21T01:20:57.462+0000] {processor.py:208} INFO - Processing /home/airflow/.local/lib/python3.12/site-packages/airflow/example_dags/example_datasets.py took 0.749 seconds
[2025-01-21T01:21:27.832+0000] {processor.py:186} INFO - Started process (PID=949) to work on /home/airflow/.local/lib/python3.12/site-packages/airflow/example_dags/example_datasets.py
[2025-01-21T01:21:27.833+0000] {processor.py:914} INFO - Processing file /home/airflow/.local/lib/python3.12/site-packages/airflow/example_dags/example_datasets.py for tasks to queue
[2025-01-21T01:21:27.835+0000] {logging_mixin.py:190} INFO - [2025-01-21T01:21:27.835+0000] {dagbag.py:588} INFO - Filling up the DagBag from /home/airflow/.local/lib/python3.12/site-packages/airflow/example_dags/example_datasets.py
[2025-01-21T01:21:28.412+0000] {processor.py:925} INFO - DAG(s) 'consume_1_or_2_with_dataset_expressions', 'dataset_produces_2', 'dataset_consumes_1_and_2', 'dataset_consumes_1_never_scheduled', 'dataset_produces_1', 'dataset_consumes_unknown_never_scheduled', 'dataset_consumes_1', 'conditional_dataset_and_time_based_timetable', 'consume_1_or_both_2_and_3_with_dataset_expressions', 'consume_1_and_2_with_dataset_expressions' retrieved from /home/airflow/.local/lib/python3.12/site-packages/airflow/example_dags/example_datasets.py
[2025-01-21T01:21:28.460+0000] {logging_mixin.py:190} INFO - [2025-01-21T01:21:28.460+0000] {dag.py:3239} INFO - Sync 10 DAGs
[2025-01-21T01:21:28.494+0000] {logging_mixin.py:190} INFO - [2025-01-21T01:21:28.493+0000] {dag.py:4180} INFO - Setting next_dagrun for conditional_dataset_and_time_based_timetable to 2025-01-15 01:00:00+00:00, run_after=2025-01-15 01:00:00+00:00
[2025-01-21T01:21:28.499+0000] {logging_mixin.py:190} INFO - [2025-01-21T01:21:28.499+0000] {dag.py:4180} INFO - Setting next_dagrun for consume_1_and_2_with_dataset_expressions to None, run_after=None
[2025-01-21T01:21:28.501+0000] {logging_mixin.py:190} INFO - [2025-01-21T01:21:28.501+0000] {dag.py:4180} INFO - Setting next_dagrun for consume_1_or_2_with_dataset_expressions to None, run_after=None
[2025-01-21T01:21:28.503+0000] {logging_mixin.py:190} INFO - [2025-01-21T01:21:28.503+0000] {dag.py:4180} INFO - Setting next_dagrun for consume_1_or_both_2_and_3_with_dataset_expressions to None, run_after=None
[2025-01-21T01:21:28.505+0000] {logging_mixin.py:190} INFO - [2025-01-21T01:21:28.504+0000] {dag.py:4180} INFO - Setting next_dagrun for dataset_consumes_1 to None, run_after=None
[2025-01-21T01:21:28.506+0000] {logging_mixin.py:190} INFO - [2025-01-21T01:21:28.506+0000] {dag.py:4180} INFO - Setting next_dagrun for dataset_consumes_1_and_2 to None, run_after=None
[2025-01-21T01:21:28.508+0000] {logging_mixin.py:190} INFO - [2025-01-21T01:21:28.508+0000] {dag.py:4180} INFO - Setting next_dagrun for dataset_consumes_1_never_scheduled to None, run_after=None
[2025-01-21T01:21:28.510+0000] {logging_mixin.py:190} INFO - [2025-01-21T01:21:28.510+0000] {dag.py:4180} INFO - Setting next_dagrun for dataset_consumes_unknown_never_scheduled to None, run_after=None
[2025-01-21T01:21:28.514+0000] {logging_mixin.py:190} INFO - [2025-01-21T01:21:28.514+0000] {dag.py:4180} INFO - Setting next_dagrun for dataset_produces_1 to 2025-01-20 00:00:00+00:00, run_after=2025-01-21 00:00:00+00:00
[2025-01-21T01:21:28.516+0000] {logging_mixin.py:190} INFO - [2025-01-21T01:21:28.516+0000] {dag.py:4180} INFO - Setting next_dagrun for dataset_produces_2 to None, run_after=None
[2025-01-21T01:21:28.563+0000] {processor.py:208} INFO - Processing /home/airflow/.local/lib/python3.12/site-packages/airflow/example_dags/example_datasets.py took 0.736 seconds
[2025-01-21T01:21:59.088+0000] {processor.py:186} INFO - Started process (PID=1012) to work on /home/airflow/.local/lib/python3.12/site-packages/airflow/example_dags/example_datasets.py
[2025-01-21T01:21:59.089+0000] {processor.py:914} INFO - Processing file /home/airflow/.local/lib/python3.12/site-packages/airflow/example_dags/example_datasets.py for tasks to queue
[2025-01-21T01:21:59.092+0000] {logging_mixin.py:190} INFO - [2025-01-21T01:21:59.091+0000] {dagbag.py:588} INFO - Filling up the DagBag from /home/airflow/.local/lib/python3.12/site-packages/airflow/example_dags/example_datasets.py
[2025-01-21T01:21:59.718+0000] {processor.py:925} INFO - DAG(s) 'dataset_produces_2', 'conditional_dataset_and_time_based_timetable', 'dataset_consumes_1', 'dataset_consumes_1_never_scheduled', 'dataset_consumes_unknown_never_scheduled', 'consume_1_or_both_2_and_3_with_dataset_expressions', 'dataset_consumes_1_and_2', 'dataset_produces_1', 'consume_1_or_2_with_dataset_expressions', 'consume_1_and_2_with_dataset_expressions' retrieved from /home/airflow/.local/lib/python3.12/site-packages/airflow/example_dags/example_datasets.py
[2025-01-21T01:21:59.785+0000] {logging_mixin.py:190} INFO - [2025-01-21T01:21:59.785+0000] {dag.py:3239} INFO - Sync 10 DAGs
[2025-01-21T01:21:59.824+0000] {logging_mixin.py:190} INFO - [2025-01-21T01:21:59.824+0000] {dag.py:4180} INFO - Setting next_dagrun for conditional_dataset_and_time_based_timetable to 2025-01-15 01:00:00+00:00, run_after=2025-01-15 01:00:00+00:00
[2025-01-21T01:21:59.831+0000] {logging_mixin.py:190} INFO - [2025-01-21T01:21:59.831+0000] {dag.py:4180} INFO - Setting next_dagrun for consume_1_and_2_with_dataset_expressions to None, run_after=None
[2025-01-21T01:21:59.834+0000] {logging_mixin.py:190} INFO - [2025-01-21T01:21:59.834+0000] {dag.py:4180} INFO - Setting next_dagrun for consume_1_or_2_with_dataset_expressions to None, run_after=None
[2025-01-21T01:21:59.837+0000] {logging_mixin.py:190} INFO - [2025-01-21T01:21:59.837+0000] {dag.py:4180} INFO - Setting next_dagrun for consume_1_or_both_2_and_3_with_dataset_expressions to None, run_after=None
[2025-01-21T01:21:59.839+0000] {logging_mixin.py:190} INFO - [2025-01-21T01:21:59.839+0000] {dag.py:4180} INFO - Setting next_dagrun for dataset_consumes_1 to None, run_after=None
[2025-01-21T01:21:59.841+0000] {logging_mixin.py:190} INFO - [2025-01-21T01:21:59.840+0000] {dag.py:4180} INFO - Setting next_dagrun for dataset_consumes_1_and_2 to None, run_after=None
[2025-01-21T01:21:59.844+0000] {logging_mixin.py:190} INFO - [2025-01-21T01:21:59.843+0000] {dag.py:4180} INFO - Setting next_dagrun for dataset_consumes_1_never_scheduled to None, run_after=None
[2025-01-21T01:21:59.847+0000] {logging_mixin.py:190} INFO - [2025-01-21T01:21:59.847+0000] {dag.py:4180} INFO - Setting next_dagrun for dataset_consumes_unknown_never_scheduled to None, run_after=None
[2025-01-21T01:21:59.852+0000] {logging_mixin.py:190} INFO - [2025-01-21T01:21:59.851+0000] {dag.py:4180} INFO - Setting next_dagrun for dataset_produces_1 to 2025-01-20 00:00:00+00:00, run_after=2025-01-21 00:00:00+00:00
[2025-01-21T01:21:59.854+0000] {logging_mixin.py:190} INFO - [2025-01-21T01:21:59.854+0000] {dag.py:4180} INFO - Setting next_dagrun for dataset_produces_2 to None, run_after=None
[2025-01-21T01:21:59.903+0000] {processor.py:208} INFO - Processing /home/airflow/.local/lib/python3.12/site-packages/airflow/example_dags/example_datasets.py took 0.822 seconds
[2025-01-21T01:22:30.436+0000] {processor.py:186} INFO - Started process (PID=1080) to work on /home/airflow/.local/lib/python3.12/site-packages/airflow/example_dags/example_datasets.py
[2025-01-21T01:22:30.437+0000] {processor.py:914} INFO - Processing file /home/airflow/.local/lib/python3.12/site-packages/airflow/example_dags/example_datasets.py for tasks to queue
[2025-01-21T01:22:30.439+0000] {logging_mixin.py:190} INFO - [2025-01-21T01:22:30.439+0000] {dagbag.py:588} INFO - Filling up the DagBag from /home/airflow/.local/lib/python3.12/site-packages/airflow/example_dags/example_datasets.py
[2025-01-21T01:22:31.048+0000] {processor.py:925} INFO - DAG(s) 'dataset_produces_1', 'conditional_dataset_and_time_based_timetable', 'dataset_consumes_1', 'dataset_consumes_unknown_never_scheduled', 'consume_1_or_both_2_and_3_with_dataset_expressions', 'dataset_consumes_1_never_scheduled', 'dataset_consumes_1_and_2', 'dataset_produces_2', 'consume_1_and_2_with_dataset_expressions', 'consume_1_or_2_with_dataset_expressions' retrieved from /home/airflow/.local/lib/python3.12/site-packages/airflow/example_dags/example_datasets.py
[2025-01-21T01:22:31.106+0000] {logging_mixin.py:190} INFO - [2025-01-21T01:22:31.105+0000] {dag.py:3239} INFO - Sync 10 DAGs
[2025-01-21T01:22:31.142+0000] {logging_mixin.py:190} INFO - [2025-01-21T01:22:31.142+0000] {dag.py:4180} INFO - Setting next_dagrun for conditional_dataset_and_time_based_timetable to 2025-01-15 01:00:00+00:00, run_after=2025-01-15 01:00:00+00:00
[2025-01-21T01:22:31.147+0000] {logging_mixin.py:190} INFO - [2025-01-21T01:22:31.147+0000] {dag.py:4180} INFO - Setting next_dagrun for consume_1_and_2_with_dataset_expressions to None, run_after=None
[2025-01-21T01:22:31.149+0000] {logging_mixin.py:190} INFO - [2025-01-21T01:22:31.149+0000] {dag.py:4180} INFO - Setting next_dagrun for consume_1_or_2_with_dataset_expressions to None, run_after=None
[2025-01-21T01:22:31.151+0000] {logging_mixin.py:190} INFO - [2025-01-21T01:22:31.151+0000] {dag.py:4180} INFO - Setting next_dagrun for consume_1_or_both_2_and_3_with_dataset_expressions to None, run_after=None
[2025-01-21T01:22:31.153+0000] {logging_mixin.py:190} INFO - [2025-01-21T01:22:31.152+0000] {dag.py:4180} INFO - Setting next_dagrun for dataset_consumes_1 to None, run_after=None
[2025-01-21T01:22:31.154+0000] {logging_mixin.py:190} INFO - [2025-01-21T01:22:31.154+0000] {dag.py:4180} INFO - Setting next_dagrun for dataset_consumes_1_and_2 to None, run_after=None
[2025-01-21T01:22:31.155+0000] {logging_mixin.py:190} INFO - [2025-01-21T01:22:31.155+0000] {dag.py:4180} INFO - Setting next_dagrun for dataset_consumes_1_never_scheduled to None, run_after=None
[2025-01-21T01:22:31.157+0000] {logging_mixin.py:190} INFO - [2025-01-21T01:22:31.157+0000] {dag.py:4180} INFO - Setting next_dagrun for dataset_consumes_unknown_never_scheduled to None, run_after=None
[2025-01-21T01:22:31.160+0000] {logging_mixin.py:190} INFO - [2025-01-21T01:22:31.160+0000] {dag.py:4180} INFO - Setting next_dagrun for dataset_produces_1 to 2025-01-20 00:00:00+00:00, run_after=2025-01-21 00:00:00+00:00
[2025-01-21T01:22:31.162+0000] {logging_mixin.py:190} INFO - [2025-01-21T01:22:31.162+0000] {dag.py:4180} INFO - Setting next_dagrun for dataset_produces_2 to None, run_after=None
[2025-01-21T01:22:31.206+0000] {processor.py:208} INFO - Processing /home/airflow/.local/lib/python3.12/site-packages/airflow/example_dags/example_datasets.py took 0.775 seconds
[2025-01-21T01:23:01.316+0000] {processor.py:186} INFO - Started process (PID=1144) to work on /home/airflow/.local/lib/python3.12/site-packages/airflow/example_dags/example_datasets.py
[2025-01-21T01:23:01.318+0000] {processor.py:914} INFO - Processing file /home/airflow/.local/lib/python3.12/site-packages/airflow/example_dags/example_datasets.py for tasks to queue
[2025-01-21T01:23:01.321+0000] {logging_mixin.py:190} INFO - [2025-01-21T01:23:01.321+0000] {dagbag.py:588} INFO - Filling up the DagBag from /home/airflow/.local/lib/python3.12/site-packages/airflow/example_dags/example_datasets.py
[2025-01-21T01:23:01.999+0000] {processor.py:925} INFO - DAG(s) 'conditional_dataset_and_time_based_timetable', 'dataset_produces_2', 'consume_1_and_2_with_dataset_expressions', 'dataset_consumes_1_never_scheduled', 'consume_1_or_both_2_and_3_with_dataset_expressions', 'dataset_produces_1', 'dataset_consumes_1', 'dataset_consumes_1_and_2', 'dataset_consumes_unknown_never_scheduled', 'consume_1_or_2_with_dataset_expressions' retrieved from /home/airflow/.local/lib/python3.12/site-packages/airflow/example_dags/example_datasets.py
[2025-01-21T01:23:02.051+0000] {logging_mixin.py:190} INFO - [2025-01-21T01:23:02.051+0000] {dag.py:3239} INFO - Sync 10 DAGs
[2025-01-21T01:23:02.080+0000] {logging_mixin.py:190} INFO - [2025-01-21T01:23:02.080+0000] {dag.py:4180} INFO - Setting next_dagrun for conditional_dataset_and_time_based_timetable to 2025-01-15 01:00:00+00:00, run_after=2025-01-15 01:00:00+00:00
[2025-01-21T01:23:02.084+0000] {logging_mixin.py:190} INFO - [2025-01-21T01:23:02.084+0000] {dag.py:4180} INFO - Setting next_dagrun for consume_1_and_2_with_dataset_expressions to None, run_after=None
[2025-01-21T01:23:02.086+0000] {logging_mixin.py:190} INFO - [2025-01-21T01:23:02.086+0000] {dag.py:4180} INFO - Setting next_dagrun for consume_1_or_2_with_dataset_expressions to None, run_after=None
[2025-01-21T01:23:02.088+0000] {logging_mixin.py:190} INFO - [2025-01-21T01:23:02.088+0000] {dag.py:4180} INFO - Setting next_dagrun for consume_1_or_both_2_and_3_with_dataset_expressions to None, run_after=None
[2025-01-21T01:23:02.089+0000] {logging_mixin.py:190} INFO - [2025-01-21T01:23:02.089+0000] {dag.py:4180} INFO - Setting next_dagrun for dataset_consumes_1 to None, run_after=None
[2025-01-21T01:23:02.091+0000] {logging_mixin.py:190} INFO - [2025-01-21T01:23:02.090+0000] {dag.py:4180} INFO - Setting next_dagrun for dataset_consumes_1_and_2 to None, run_after=None
[2025-01-21T01:23:02.092+0000] {logging_mixin.py:190} INFO - [2025-01-21T01:23:02.092+0000] {dag.py:4180} INFO - Setting next_dagrun for dataset_consumes_1_never_scheduled to None, run_after=None
[2025-01-21T01:23:02.093+0000] {logging_mixin.py:190} INFO - [2025-01-21T01:23:02.093+0000] {dag.py:4180} INFO - Setting next_dagrun for dataset_consumes_unknown_never_scheduled to None, run_after=None
[2025-01-21T01:23:02.096+0000] {logging_mixin.py:190} INFO - [2025-01-21T01:23:02.096+0000] {dag.py:4180} INFO - Setting next_dagrun for dataset_produces_1 to 2025-01-20 00:00:00+00:00, run_after=2025-01-21 00:00:00+00:00
[2025-01-21T01:23:02.097+0000] {logging_mixin.py:190} INFO - [2025-01-21T01:23:02.097+0000] {dag.py:4180} INFO - Setting next_dagrun for dataset_produces_2 to None, run_after=None
[2025-01-21T01:23:02.144+0000] {processor.py:208} INFO - Processing /home/airflow/.local/lib/python3.12/site-packages/airflow/example_dags/example_datasets.py took 0.837 seconds
[2025-01-21T01:23:32.838+0000] {processor.py:186} INFO - Started process (PID=1209) to work on /home/airflow/.local/lib/python3.12/site-packages/airflow/example_dags/example_datasets.py
[2025-01-21T01:23:32.839+0000] {processor.py:914} INFO - Processing file /home/airflow/.local/lib/python3.12/site-packages/airflow/example_dags/example_datasets.py for tasks to queue
[2025-01-21T01:23:32.842+0000] {logging_mixin.py:190} INFO - [2025-01-21T01:23:32.842+0000] {dagbag.py:588} INFO - Filling up the DagBag from /home/airflow/.local/lib/python3.12/site-packages/airflow/example_dags/example_datasets.py
[2025-01-21T01:23:33.462+0000] {processor.py:925} INFO - DAG(s) 'dataset_produces_2', 'dataset_consumes_unknown_never_scheduled', 'dataset_consumes_1_and_2', 'conditional_dataset_and_time_based_timetable', 'consume_1_or_2_with_dataset_expressions', 'consume_1_and_2_with_dataset_expressions', 'dataset_consumes_1', 'consume_1_or_both_2_and_3_with_dataset_expressions', 'dataset_consumes_1_never_scheduled', 'dataset_produces_1' retrieved from /home/airflow/.local/lib/python3.12/site-packages/airflow/example_dags/example_datasets.py
[2025-01-21T01:23:33.536+0000] {logging_mixin.py:190} INFO - [2025-01-21T01:23:33.536+0000] {dag.py:3239} INFO - Sync 10 DAGs
[2025-01-21T01:23:33.578+0000] {logging_mixin.py:190} INFO - [2025-01-21T01:23:33.578+0000] {dag.py:4180} INFO - Setting next_dagrun for conditional_dataset_and_time_based_timetable to 2025-01-15 01:00:00+00:00, run_after=2025-01-15 01:00:00+00:00
[2025-01-21T01:23:33.587+0000] {logging_mixin.py:190} INFO - [2025-01-21T01:23:33.587+0000] {dag.py:4180} INFO - Setting next_dagrun for consume_1_and_2_with_dataset_expressions to None, run_after=None
[2025-01-21T01:23:33.590+0000] {logging_mixin.py:190} INFO - [2025-01-21T01:23:33.590+0000] {dag.py:4180} INFO - Setting next_dagrun for consume_1_or_2_with_dataset_expressions to None, run_after=None
[2025-01-21T01:23:33.592+0000] {logging_mixin.py:190} INFO - [2025-01-21T01:23:33.592+0000] {dag.py:4180} INFO - Setting next_dagrun for consume_1_or_both_2_and_3_with_dataset_expressions to None, run_after=None
[2025-01-21T01:23:33.594+0000] {logging_mixin.py:190} INFO - [2025-01-21T01:23:33.594+0000] {dag.py:4180} INFO - Setting next_dagrun for dataset_consumes_1 to None, run_after=None
[2025-01-21T01:23:33.596+0000] {logging_mixin.py:190} INFO - [2025-01-21T01:23:33.596+0000] {dag.py:4180} INFO - Setting next_dagrun for dataset_consumes_1_and_2 to None, run_after=None
[2025-01-21T01:23:33.599+0000] {logging_mixin.py:190} INFO - [2025-01-21T01:23:33.598+0000] {dag.py:4180} INFO - Setting next_dagrun for dataset_consumes_1_never_scheduled to None, run_after=None
[2025-01-21T01:23:33.601+0000] {logging_mixin.py:190} INFO - [2025-01-21T01:23:33.600+0000] {dag.py:4180} INFO - Setting next_dagrun for dataset_consumes_unknown_never_scheduled to None, run_after=None
[2025-01-21T01:23:33.605+0000] {logging_mixin.py:190} INFO - [2025-01-21T01:23:33.604+0000] {dag.py:4180} INFO - Setting next_dagrun for dataset_produces_1 to 2025-01-20 00:00:00+00:00, run_after=2025-01-21 00:00:00+00:00
[2025-01-21T01:23:33.608+0000] {logging_mixin.py:190} INFO - [2025-01-21T01:23:33.608+0000] {dag.py:4180} INFO - Setting next_dagrun for dataset_produces_2 to None, run_after=None
[2025-01-21T01:23:33.657+0000] {processor.py:208} INFO - Processing /home/airflow/.local/lib/python3.12/site-packages/airflow/example_dags/example_datasets.py took 0.825 seconds
[2025-01-21T01:24:03.719+0000] {processor.py:186} INFO - Started process (PID=1273) to work on /home/airflow/.local/lib/python3.12/site-packages/airflow/example_dags/example_datasets.py
[2025-01-21T01:24:03.720+0000] {processor.py:914} INFO - Processing file /home/airflow/.local/lib/python3.12/site-packages/airflow/example_dags/example_datasets.py for tasks to queue
[2025-01-21T01:24:03.723+0000] {logging_mixin.py:190} INFO - [2025-01-21T01:24:03.723+0000] {dagbag.py:588} INFO - Filling up the DagBag from /home/airflow/.local/lib/python3.12/site-packages/airflow/example_dags/example_datasets.py
[2025-01-21T01:24:04.456+0000] {processor.py:925} INFO - DAG(s) 'conditional_dataset_and_time_based_timetable', 'dataset_produces_1', 'dataset_produces_2', 'dataset_consumes_1_never_scheduled', 'consume_1_or_2_with_dataset_expressions', 'consume_1_or_both_2_and_3_with_dataset_expressions', 'consume_1_and_2_with_dataset_expressions', 'dataset_consumes_unknown_never_scheduled', 'dataset_consumes_1', 'dataset_consumes_1_and_2' retrieved from /home/airflow/.local/lib/python3.12/site-packages/airflow/example_dags/example_datasets.py
[2025-01-21T01:24:04.512+0000] {logging_mixin.py:190} INFO - [2025-01-21T01:24:04.512+0000] {dag.py:3239} INFO - Sync 10 DAGs
[2025-01-21T01:24:04.542+0000] {logging_mixin.py:190} INFO - [2025-01-21T01:24:04.542+0000] {dag.py:4180} INFO - Setting next_dagrun for conditional_dataset_and_time_based_timetable to 2025-01-15 01:00:00+00:00, run_after=2025-01-15 01:00:00+00:00
[2025-01-21T01:24:04.546+0000] {logging_mixin.py:190} INFO - [2025-01-21T01:24:04.546+0000] {dag.py:4180} INFO - Setting next_dagrun for consume_1_and_2_with_dataset_expressions to None, run_after=None
[2025-01-21T01:24:04.550+0000] {logging_mixin.py:190} INFO - [2025-01-21T01:24:04.549+0000] {dag.py:4180} INFO - Setting next_dagrun for consume_1_or_2_with_dataset_expressions to None, run_after=None
[2025-01-21T01:24:04.551+0000] {logging_mixin.py:190} INFO - [2025-01-21T01:24:04.551+0000] {dag.py:4180} INFO - Setting next_dagrun for consume_1_or_both_2_and_3_with_dataset_expressions to None, run_after=None
[2025-01-21T01:24:04.552+0000] {logging_mixin.py:190} INFO - [2025-01-21T01:24:04.552+0000] {dag.py:4180} INFO - Setting next_dagrun for dataset_consumes_1 to None, run_after=None
[2025-01-21T01:24:04.554+0000] {logging_mixin.py:190} INFO - [2025-01-21T01:24:04.554+0000] {dag.py:4180} INFO - Setting next_dagrun for dataset_consumes_1_and_2 to None, run_after=None
[2025-01-21T01:24:04.555+0000] {logging_mixin.py:190} INFO - [2025-01-21T01:24:04.555+0000] {dag.py:4180} INFO - Setting next_dagrun for dataset_consumes_1_never_scheduled to None, run_after=None
[2025-01-21T01:24:04.557+0000] {logging_mixin.py:190} INFO - [2025-01-21T01:24:04.557+0000] {dag.py:4180} INFO - Setting next_dagrun for dataset_consumes_unknown_never_scheduled to None, run_after=None
[2025-01-21T01:24:04.561+0000] {logging_mixin.py:190} INFO - [2025-01-21T01:24:04.561+0000] {dag.py:4180} INFO - Setting next_dagrun for dataset_produces_1 to 2025-01-20 00:00:00+00:00, run_after=2025-01-21 00:00:00+00:00
[2025-01-21T01:24:04.563+0000] {logging_mixin.py:190} INFO - [2025-01-21T01:24:04.562+0000] {dag.py:4180} INFO - Setting next_dagrun for dataset_produces_2 to None, run_after=None
[2025-01-21T01:24:04.604+0000] {processor.py:208} INFO - Processing /home/airflow/.local/lib/python3.12/site-packages/airflow/example_dags/example_datasets.py took 0.894 seconds
[2025-01-21T01:24:34.705+0000] {processor.py:186} INFO - Started process (PID=1337) to work on /home/airflow/.local/lib/python3.12/site-packages/airflow/example_dags/example_datasets.py
[2025-01-21T01:24:34.706+0000] {processor.py:914} INFO - Processing file /home/airflow/.local/lib/python3.12/site-packages/airflow/example_dags/example_datasets.py for tasks to queue
[2025-01-21T01:24:34.708+0000] {logging_mixin.py:190} INFO - [2025-01-21T01:24:34.708+0000] {dagbag.py:588} INFO - Filling up the DagBag from /home/airflow/.local/lib/python3.12/site-packages/airflow/example_dags/example_datasets.py
[2025-01-21T01:24:35.617+0000] {processor.py:925} INFO - DAG(s) 'dataset_consumes_1', 'dataset_consumes_1_and_2', 'conditional_dataset_and_time_based_timetable', 'dataset_consumes_unknown_never_scheduled', 'consume_1_or_2_with_dataset_expressions', 'consume_1_or_both_2_and_3_with_dataset_expressions', 'dataset_consumes_1_never_scheduled', 'dataset_produces_1', 'dataset_produces_2', 'consume_1_and_2_with_dataset_expressions' retrieved from /home/airflow/.local/lib/python3.12/site-packages/airflow/example_dags/example_datasets.py
[2025-01-21T01:24:35.670+0000] {logging_mixin.py:190} INFO - [2025-01-21T01:24:35.669+0000] {dag.py:3239} INFO - Sync 10 DAGs
[2025-01-21T01:24:35.702+0000] {logging_mixin.py:190} INFO - [2025-01-21T01:24:35.701+0000] {dag.py:4180} INFO - Setting next_dagrun for conditional_dataset_and_time_based_timetable to 2025-01-15 01:00:00+00:00, run_after=2025-01-15 01:00:00+00:00
[2025-01-21T01:24:35.707+0000] {logging_mixin.py:190} INFO - [2025-01-21T01:24:35.706+0000] {dag.py:4180} INFO - Setting next_dagrun for consume_1_and_2_with_dataset_expressions to None, run_after=None
[2025-01-21T01:24:35.709+0000] {logging_mixin.py:190} INFO - [2025-01-21T01:24:35.708+0000] {dag.py:4180} INFO - Setting next_dagrun for consume_1_or_2_with_dataset_expressions to None, run_after=None
[2025-01-21T01:24:35.710+0000] {logging_mixin.py:190} INFO - [2025-01-21T01:24:35.710+0000] {dag.py:4180} INFO - Setting next_dagrun for consume_1_or_both_2_and_3_with_dataset_expressions to None, run_after=None
[2025-01-21T01:24:35.712+0000] {logging_mixin.py:190} INFO - [2025-01-21T01:24:35.712+0000] {dag.py:4180} INFO - Setting next_dagrun for dataset_consumes_1 to None, run_after=None
[2025-01-21T01:24:35.714+0000] {logging_mixin.py:190} INFO - [2025-01-21T01:24:35.714+0000] {dag.py:4180} INFO - Setting next_dagrun for dataset_consumes_1_and_2 to None, run_after=None
[2025-01-21T01:24:35.716+0000] {logging_mixin.py:190} INFO - [2025-01-21T01:24:35.716+0000] {dag.py:4180} INFO - Setting next_dagrun for dataset_consumes_1_never_scheduled to None, run_after=None
[2025-01-21T01:24:35.718+0000] {logging_mixin.py:190} INFO - [2025-01-21T01:24:35.718+0000] {dag.py:4180} INFO - Setting next_dagrun for dataset_consumes_unknown_never_scheduled to None, run_after=None
[2025-01-21T01:24:35.721+0000] {logging_mixin.py:190} INFO - [2025-01-21T01:24:35.721+0000] {dag.py:4180} INFO - Setting next_dagrun for dataset_produces_1 to 2025-01-20 00:00:00+00:00, run_after=2025-01-21 00:00:00+00:00
[2025-01-21T01:24:35.723+0000] {logging_mixin.py:190} INFO - [2025-01-21T01:24:35.723+0000] {dag.py:4180} INFO - Setting next_dagrun for dataset_produces_2 to None, run_after=None
[2025-01-21T01:24:35.770+0000] {processor.py:208} INFO - Processing /home/airflow/.local/lib/python3.12/site-packages/airflow/example_dags/example_datasets.py took 1.073 seconds
[2025-01-21T01:25:06.202+0000] {processor.py:186} INFO - Started process (PID=1401) to work on /home/airflow/.local/lib/python3.12/site-packages/airflow/example_dags/example_datasets.py
[2025-01-21T01:25:06.204+0000] {processor.py:914} INFO - Processing file /home/airflow/.local/lib/python3.12/site-packages/airflow/example_dags/example_datasets.py for tasks to queue
[2025-01-21T01:25:06.207+0000] {logging_mixin.py:190} INFO - [2025-01-21T01:25:06.206+0000] {dagbag.py:588} INFO - Filling up the DagBag from /home/airflow/.local/lib/python3.12/site-packages/airflow/example_dags/example_datasets.py
[2025-01-21T01:25:07.285+0000] {processor.py:925} INFO - DAG(s) 'dataset_produces_1', 'dataset_consumes_unknown_never_scheduled', 'dataset_consumes_1_and_2', 'consume_1_and_2_with_dataset_expressions', 'consume_1_or_both_2_and_3_with_dataset_expressions', 'dataset_consumes_1_never_scheduled', 'conditional_dataset_and_time_based_timetable', 'consume_1_or_2_with_dataset_expressions', 'dataset_consumes_1', 'dataset_produces_2' retrieved from /home/airflow/.local/lib/python3.12/site-packages/airflow/example_dags/example_datasets.py
[2025-01-21T01:25:07.358+0000] {logging_mixin.py:190} INFO - [2025-01-21T01:25:07.358+0000] {dag.py:3239} INFO - Sync 10 DAGs
[2025-01-21T01:25:07.394+0000] {logging_mixin.py:190} INFO - [2025-01-21T01:25:07.393+0000] {dag.py:4180} INFO - Setting next_dagrun for conditional_dataset_and_time_based_timetable to 2025-01-15 01:00:00+00:00, run_after=2025-01-15 01:00:00+00:00
[2025-01-21T01:25:07.399+0000] {logging_mixin.py:190} INFO - [2025-01-21T01:25:07.399+0000] {dag.py:4180} INFO - Setting next_dagrun for consume_1_and_2_with_dataset_expressions to None, run_after=None
[2025-01-21T01:25:07.402+0000] {logging_mixin.py:190} INFO - [2025-01-21T01:25:07.401+0000] {dag.py:4180} INFO - Setting next_dagrun for consume_1_or_2_with_dataset_expressions to None, run_after=None
[2025-01-21T01:25:07.404+0000] {logging_mixin.py:190} INFO - [2025-01-21T01:25:07.403+0000] {dag.py:4180} INFO - Setting next_dagrun for consume_1_or_both_2_and_3_with_dataset_expressions to None, run_after=None
[2025-01-21T01:25:07.406+0000] {logging_mixin.py:190} INFO - [2025-01-21T01:25:07.406+0000] {dag.py:4180} INFO - Setting next_dagrun for dataset_consumes_1 to None, run_after=None
[2025-01-21T01:25:07.408+0000] {logging_mixin.py:190} INFO - [2025-01-21T01:25:07.408+0000] {dag.py:4180} INFO - Setting next_dagrun for dataset_consumes_1_and_2 to None, run_after=None
[2025-01-21T01:25:07.410+0000] {logging_mixin.py:190} INFO - [2025-01-21T01:25:07.410+0000] {dag.py:4180} INFO - Setting next_dagrun for dataset_consumes_1_never_scheduled to None, run_after=None
[2025-01-21T01:25:07.411+0000] {logging_mixin.py:190} INFO - [2025-01-21T01:25:07.411+0000] {dag.py:4180} INFO - Setting next_dagrun for dataset_consumes_unknown_never_scheduled to None, run_after=None
[2025-01-21T01:25:07.415+0000] {logging_mixin.py:190} INFO - [2025-01-21T01:25:07.415+0000] {dag.py:4180} INFO - Setting next_dagrun for dataset_produces_1 to 2025-01-20 00:00:00+00:00, run_after=2025-01-21 00:00:00+00:00
[2025-01-21T01:25:07.417+0000] {logging_mixin.py:190} INFO - [2025-01-21T01:25:07.417+0000] {dag.py:4180} INFO - Setting next_dagrun for dataset_produces_2 to None, run_after=None
[2025-01-21T01:25:07.465+0000] {processor.py:208} INFO - Processing /home/airflow/.local/lib/python3.12/site-packages/airflow/example_dags/example_datasets.py took 1.271 seconds
[2025-01-21T01:25:37.550+0000] {processor.py:186} INFO - Started process (PID=1469) to work on /home/airflow/.local/lib/python3.12/site-packages/airflow/example_dags/example_datasets.py
[2025-01-21T01:25:37.552+0000] {processor.py:914} INFO - Processing file /home/airflow/.local/lib/python3.12/site-packages/airflow/example_dags/example_datasets.py for tasks to queue
[2025-01-21T01:25:37.554+0000] {logging_mixin.py:190} INFO - [2025-01-21T01:25:37.554+0000] {dagbag.py:588} INFO - Filling up the DagBag from /home/airflow/.local/lib/python3.12/site-packages/airflow/example_dags/example_datasets.py
[2025-01-21T01:25:38.201+0000] {processor.py:925} INFO - DAG(s) 'consume_1_and_2_with_dataset_expressions', 'dataset_produces_2', 'consume_1_or_2_with_dataset_expressions', 'dataset_consumes_unknown_never_scheduled', 'conditional_dataset_and_time_based_timetable', 'dataset_consumes_1_never_scheduled', 'dataset_produces_1', 'dataset_consumes_1_and_2', 'dataset_consumes_1', 'consume_1_or_both_2_and_3_with_dataset_expressions' retrieved from /home/airflow/.local/lib/python3.12/site-packages/airflow/example_dags/example_datasets.py
[2025-01-21T01:25:38.267+0000] {logging_mixin.py:190} INFO - [2025-01-21T01:25:38.266+0000] {dag.py:3239} INFO - Sync 10 DAGs
[2025-01-21T01:25:38.305+0000] {logging_mixin.py:190} INFO - [2025-01-21T01:25:38.305+0000] {dag.py:4180} INFO - Setting next_dagrun for conditional_dataset_and_time_based_timetable to 2025-01-15 01:00:00+00:00, run_after=2025-01-15 01:00:00+00:00
[2025-01-21T01:25:38.311+0000] {logging_mixin.py:190} INFO - [2025-01-21T01:25:38.311+0000] {dag.py:4180} INFO - Setting next_dagrun for consume_1_and_2_with_dataset_expressions to None, run_after=None
[2025-01-21T01:25:38.314+0000] {logging_mixin.py:190} INFO - [2025-01-21T01:25:38.313+0000] {dag.py:4180} INFO - Setting next_dagrun for consume_1_or_2_with_dataset_expressions to None, run_after=None
[2025-01-21T01:25:38.316+0000] {logging_mixin.py:190} INFO - [2025-01-21T01:25:38.316+0000] {dag.py:4180} INFO - Setting next_dagrun for consume_1_or_both_2_and_3_with_dataset_expressions to None, run_after=None
[2025-01-21T01:25:38.318+0000] {logging_mixin.py:190} INFO - [2025-01-21T01:25:38.318+0000] {dag.py:4180} INFO - Setting next_dagrun for dataset_consumes_1 to None, run_after=None
[2025-01-21T01:25:38.321+0000] {logging_mixin.py:190} INFO - [2025-01-21T01:25:38.320+0000] {dag.py:4180} INFO - Setting next_dagrun for dataset_consumes_1_and_2 to None, run_after=None
[2025-01-21T01:25:38.323+0000] {logging_mixin.py:190} INFO - [2025-01-21T01:25:38.323+0000] {dag.py:4180} INFO - Setting next_dagrun for dataset_consumes_1_never_scheduled to None, run_after=None
[2025-01-21T01:25:38.326+0000] {logging_mixin.py:190} INFO - [2025-01-21T01:25:38.325+0000] {dag.py:4180} INFO - Setting next_dagrun for dataset_consumes_unknown_never_scheduled to None, run_after=None
[2025-01-21T01:25:38.329+0000] {logging_mixin.py:190} INFO - [2025-01-21T01:25:38.329+0000] {dag.py:4180} INFO - Setting next_dagrun for dataset_produces_1 to 2025-01-20 00:00:00+00:00, run_after=2025-01-21 00:00:00+00:00
[2025-01-21T01:25:38.331+0000] {logging_mixin.py:190} INFO - [2025-01-21T01:25:38.331+0000] {dag.py:4180} INFO - Setting next_dagrun for dataset_produces_2 to None, run_after=None
[2025-01-21T01:25:38.388+0000] {processor.py:208} INFO - Processing /home/airflow/.local/lib/python3.12/site-packages/airflow/example_dags/example_datasets.py took 0.844 seconds
[2025-01-21T01:26:08.695+0000] {processor.py:186} INFO - Started process (PID=1536) to work on /home/airflow/.local/lib/python3.12/site-packages/airflow/example_dags/example_datasets.py
[2025-01-21T01:26:08.697+0000] {processor.py:914} INFO - Processing file /home/airflow/.local/lib/python3.12/site-packages/airflow/example_dags/example_datasets.py for tasks to queue
[2025-01-21T01:26:08.699+0000] {logging_mixin.py:190} INFO - [2025-01-21T01:26:08.698+0000] {dagbag.py:588} INFO - Filling up the DagBag from /home/airflow/.local/lib/python3.12/site-packages/airflow/example_dags/example_datasets.py
[2025-01-21T01:26:09.230+0000] {processor.py:925} INFO - DAG(s) 'dataset_consumes_1_and_2', 'dataset_consumes_1_never_scheduled', 'conditional_dataset_and_time_based_timetable', 'dataset_produces_1', 'dataset_produces_2', 'consume_1_and_2_with_dataset_expressions', 'consume_1_or_2_with_dataset_expressions', 'dataset_consumes_unknown_never_scheduled', 'consume_1_or_both_2_and_3_with_dataset_expressions', 'dataset_consumes_1' retrieved from /home/airflow/.local/lib/python3.12/site-packages/airflow/example_dags/example_datasets.py
[2025-01-21T01:26:09.277+0000] {logging_mixin.py:190} INFO - [2025-01-21T01:26:09.277+0000] {dag.py:3239} INFO - Sync 10 DAGs
[2025-01-21T01:26:09.307+0000] {logging_mixin.py:190} INFO - [2025-01-21T01:26:09.306+0000] {dag.py:4180} INFO - Setting next_dagrun for conditional_dataset_and_time_based_timetable to 2025-01-15 01:00:00+00:00, run_after=2025-01-15 01:00:00+00:00
[2025-01-21T01:26:09.311+0000] {logging_mixin.py:190} INFO - [2025-01-21T01:26:09.310+0000] {dag.py:4180} INFO - Setting next_dagrun for consume_1_and_2_with_dataset_expressions to None, run_after=None
[2025-01-21T01:26:09.312+0000] {logging_mixin.py:190} INFO - [2025-01-21T01:26:09.312+0000] {dag.py:4180} INFO - Setting next_dagrun for consume_1_or_2_with_dataset_expressions to None, run_after=None
[2025-01-21T01:26:09.313+0000] {logging_mixin.py:190} INFO - [2025-01-21T01:26:09.313+0000] {dag.py:4180} INFO - Setting next_dagrun for consume_1_or_both_2_and_3_with_dataset_expressions to None, run_after=None
[2025-01-21T01:26:09.315+0000] {logging_mixin.py:190} INFO - [2025-01-21T01:26:09.314+0000] {dag.py:4180} INFO - Setting next_dagrun for dataset_consumes_1 to None, run_after=None
[2025-01-21T01:26:09.316+0000] {logging_mixin.py:190} INFO - [2025-01-21T01:26:09.316+0000] {dag.py:4180} INFO - Setting next_dagrun for dataset_consumes_1_and_2 to None, run_after=None
[2025-01-21T01:26:09.317+0000] {logging_mixin.py:190} INFO - [2025-01-21T01:26:09.317+0000] {dag.py:4180} INFO - Setting next_dagrun for dataset_consumes_1_never_scheduled to None, run_after=None
[2025-01-21T01:26:09.318+0000] {logging_mixin.py:190} INFO - [2025-01-21T01:26:09.318+0000] {dag.py:4180} INFO - Setting next_dagrun for dataset_consumes_unknown_never_scheduled to None, run_after=None
[2025-01-21T01:26:09.320+0000] {logging_mixin.py:190} INFO - [2025-01-21T01:26:09.320+0000] {dag.py:4180} INFO - Setting next_dagrun for dataset_produces_1 to 2025-01-20 00:00:00+00:00, run_after=2025-01-21 00:00:00+00:00
[2025-01-21T01:26:09.322+0000] {logging_mixin.py:190} INFO - [2025-01-21T01:26:09.322+0000] {dag.py:4180} INFO - Setting next_dagrun for dataset_produces_2 to None, run_after=None
[2025-01-21T01:26:09.378+0000] {processor.py:208} INFO - Processing /home/airflow/.local/lib/python3.12/site-packages/airflow/example_dags/example_datasets.py took 0.688 seconds
