[2025-02-01T00:00:26.817+0000] {processor.py:186} INFO - Started process (PID=234) to work on /opt/airflow/dags/hello_world.py
[2025-02-01T00:00:26.818+0000] {processor.py:914} INFO - Processing file /opt/airflow/dags/hello_world.py for tasks to queue
[2025-02-01T00:00:26.823+0000] {logging_mixin.py:190} INFO - [2025-02-01T00:00:26.822+0000] {dagbag.py:588} INFO - Filling up the DagBag from /opt/airflow/dags/hello_world.py
[2025-02-01T00:00:26.833+0000] {processor.py:925} INFO - DAG(s) 'hello_world_dag' retrieved from /opt/airflow/dags/hello_world.py
[2025-02-01T00:00:26.899+0000] {logging_mixin.py:190} INFO - [2025-02-01T00:00:26.899+0000] {dag.py:3239} INFO - Sync 1 DAGs
[2025-02-01T00:00:26.949+0000] {logging_mixin.py:190} INFO - [2025-02-01T00:00:26.948+0000] {dag.py:4180} INFO - Setting next_dagrun for hello_world_dag to None, run_after=None
[2025-02-01T00:00:27.008+0000] {processor.py:208} INFO - Processing /opt/airflow/dags/hello_world.py took 0.201 seconds
[2025-02-01T00:00:57.295+0000] {processor.py:186} INFO - Started process (PID=242) to work on /opt/airflow/dags/hello_world.py
[2025-02-01T00:00:57.297+0000] {processor.py:914} INFO - Processing file /opt/airflow/dags/hello_world.py for tasks to queue
[2025-02-01T00:00:57.299+0000] {logging_mixin.py:190} INFO - [2025-02-01T00:00:57.299+0000] {dagbag.py:588} INFO - Filling up the DagBag from /opt/airflow/dags/hello_world.py
[2025-02-01T00:00:57.303+0000] {processor.py:925} INFO - DAG(s) 'hello_world_dag' retrieved from /opt/airflow/dags/hello_world.py
[2025-02-01T00:00:57.324+0000] {logging_mixin.py:190} INFO - [2025-02-01T00:00:57.324+0000] {dag.py:3239} INFO - Sync 1 DAGs
[2025-02-01T00:00:57.337+0000] {logging_mixin.py:190} INFO - [2025-02-01T00:00:57.337+0000] {dag.py:4180} INFO - Setting next_dagrun for hello_world_dag to None, run_after=None
[2025-02-01T00:00:57.353+0000] {processor.py:208} INFO - Processing /opt/airflow/dags/hello_world.py took 0.062 seconds
[2025-02-01T00:01:27.522+0000] {processor.py:186} INFO - Started process (PID=250) to work on /opt/airflow/dags/hello_world.py
[2025-02-01T00:01:27.525+0000] {processor.py:914} INFO - Processing file /opt/airflow/dags/hello_world.py for tasks to queue
[2025-02-01T00:01:27.527+0000] {logging_mixin.py:190} INFO - [2025-02-01T00:01:27.527+0000] {dagbag.py:588} INFO - Filling up the DagBag from /opt/airflow/dags/hello_world.py
[2025-02-01T00:01:27.535+0000] {processor.py:925} INFO - DAG(s) 'hello_world_dag' retrieved from /opt/airflow/dags/hello_world.py
[2025-02-01T00:01:27.561+0000] {logging_mixin.py:190} INFO - [2025-02-01T00:01:27.561+0000] {dag.py:3239} INFO - Sync 1 DAGs
[2025-02-01T00:01:27.573+0000] {logging_mixin.py:190} INFO - [2025-02-01T00:01:27.573+0000] {dag.py:4180} INFO - Setting next_dagrun for hello_world_dag to None, run_after=None
[2025-02-01T00:01:27.591+0000] {processor.py:208} INFO - Processing /opt/airflow/dags/hello_world.py took 0.077 seconds
[2025-02-01T00:01:57.959+0000] {processor.py:186} INFO - Started process (PID=258) to work on /opt/airflow/dags/hello_world.py
[2025-02-01T00:01:57.962+0000] {processor.py:914} INFO - Processing file /opt/airflow/dags/hello_world.py for tasks to queue
[2025-02-01T00:01:57.966+0000] {logging_mixin.py:190} INFO - [2025-02-01T00:01:57.965+0000] {dagbag.py:588} INFO - Filling up the DagBag from /opt/airflow/dags/hello_world.py
[2025-02-01T00:01:57.975+0000] {processor.py:925} INFO - DAG(s) 'hello_world_dag' retrieved from /opt/airflow/dags/hello_world.py
[2025-02-01T00:01:58.001+0000] {logging_mixin.py:190} INFO - [2025-02-01T00:01:58.001+0000] {dag.py:3239} INFO - Sync 1 DAGs
[2025-02-01T00:01:58.012+0000] {logging_mixin.py:190} INFO - [2025-02-01T00:01:58.012+0000] {dag.py:4180} INFO - Setting next_dagrun for hello_world_dag to None, run_after=None
[2025-02-01T00:01:58.025+0000] {processor.py:208} INFO - Processing /opt/airflow/dags/hello_world.py took 0.081 seconds
[2025-02-01T00:02:28.390+0000] {processor.py:186} INFO - Started process (PID=266) to work on /opt/airflow/dags/hello_world.py
[2025-02-01T00:02:28.392+0000] {processor.py:914} INFO - Processing file /opt/airflow/dags/hello_world.py for tasks to queue
[2025-02-01T00:02:28.398+0000] {logging_mixin.py:190} INFO - [2025-02-01T00:02:28.397+0000] {dagbag.py:588} INFO - Filling up the DagBag from /opt/airflow/dags/hello_world.py
[2025-02-01T00:02:28.412+0000] {processor.py:925} INFO - DAG(s) 'hello_world_dag' retrieved from /opt/airflow/dags/hello_world.py
[2025-02-01T00:02:28.468+0000] {logging_mixin.py:190} INFO - [2025-02-01T00:02:28.467+0000] {dag.py:3239} INFO - Sync 1 DAGs
[2025-02-01T00:02:28.503+0000] {logging_mixin.py:190} INFO - [2025-02-01T00:02:28.502+0000] {dag.py:4180} INFO - Setting next_dagrun for hello_world_dag to None, run_after=None
[2025-02-01T00:02:28.542+0000] {processor.py:208} INFO - Processing /opt/airflow/dags/hello_world.py took 0.167 seconds
[2025-02-01T00:02:58.956+0000] {processor.py:186} INFO - Started process (PID=274) to work on /opt/airflow/dags/hello_world.py
[2025-02-01T00:02:58.958+0000] {processor.py:914} INFO - Processing file /opt/airflow/dags/hello_world.py for tasks to queue
[2025-02-01T00:02:58.964+0000] {logging_mixin.py:190} INFO - [2025-02-01T00:02:58.963+0000] {dagbag.py:588} INFO - Filling up the DagBag from /opt/airflow/dags/hello_world.py
[2025-02-01T00:02:58.981+0000] {processor.py:925} INFO - DAG(s) 'hello_world_dag' retrieved from /opt/airflow/dags/hello_world.py
[2025-02-01T00:02:59.036+0000] {logging_mixin.py:190} INFO - [2025-02-01T00:02:59.036+0000] {dag.py:3239} INFO - Sync 1 DAGs
[2025-02-01T00:02:59.053+0000] {logging_mixin.py:190} INFO - [2025-02-01T00:02:59.053+0000] {dag.py:4180} INFO - Setting next_dagrun for hello_world_dag to None, run_after=None
[2025-02-01T00:02:59.081+0000] {processor.py:208} INFO - Processing /opt/airflow/dags/hello_world.py took 0.144 seconds
[2025-02-01T00:03:29.423+0000] {processor.py:186} INFO - Started process (PID=282) to work on /opt/airflow/dags/hello_world.py
[2025-02-01T00:03:29.424+0000] {processor.py:914} INFO - Processing file /opt/airflow/dags/hello_world.py for tasks to queue
[2025-02-01T00:03:29.428+0000] {logging_mixin.py:190} INFO - [2025-02-01T00:03:29.427+0000] {dagbag.py:588} INFO - Filling up the DagBag from /opt/airflow/dags/hello_world.py
[2025-02-01T00:03:29.440+0000] {processor.py:925} INFO - DAG(s) 'hello_world_dag' retrieved from /opt/airflow/dags/hello_world.py
[2025-02-01T00:03:29.481+0000] {logging_mixin.py:190} INFO - [2025-02-01T00:03:29.481+0000] {dag.py:3239} INFO - Sync 1 DAGs
[2025-02-01T00:03:29.495+0000] {logging_mixin.py:190} INFO - [2025-02-01T00:03:29.495+0000] {dag.py:4180} INFO - Setting next_dagrun for hello_world_dag to None, run_after=None
[2025-02-01T00:03:29.524+0000] {processor.py:208} INFO - Processing /opt/airflow/dags/hello_world.py took 0.112 seconds
[2025-02-01T00:03:59.908+0000] {processor.py:186} INFO - Started process (PID=290) to work on /opt/airflow/dags/hello_world.py
[2025-02-01T00:03:59.911+0000] {processor.py:914} INFO - Processing file /opt/airflow/dags/hello_world.py for tasks to queue
[2025-02-01T00:03:59.916+0000] {logging_mixin.py:190} INFO - [2025-02-01T00:03:59.915+0000] {dagbag.py:588} INFO - Filling up the DagBag from /opt/airflow/dags/hello_world.py
[2025-02-01T00:03:59.927+0000] {processor.py:925} INFO - DAG(s) 'hello_world_dag' retrieved from /opt/airflow/dags/hello_world.py
[2025-02-01T00:03:59.974+0000] {logging_mixin.py:190} INFO - [2025-02-01T00:03:59.973+0000] {dag.py:3239} INFO - Sync 1 DAGs
[2025-02-01T00:03:59.998+0000] {logging_mixin.py:190} INFO - [2025-02-01T00:03:59.998+0000] {dag.py:4180} INFO - Setting next_dagrun for hello_world_dag to None, run_after=None
[2025-02-01T00:04:00.025+0000] {processor.py:208} INFO - Processing /opt/airflow/dags/hello_world.py took 0.139 seconds
[2025-02-01T00:04:30.412+0000] {processor.py:186} INFO - Started process (PID=299) to work on /opt/airflow/dags/hello_world.py
[2025-02-01T00:04:30.414+0000] {processor.py:914} INFO - Processing file /opt/airflow/dags/hello_world.py for tasks to queue
[2025-02-01T00:04:30.419+0000] {logging_mixin.py:190} INFO - [2025-02-01T00:04:30.419+0000] {dagbag.py:588} INFO - Filling up the DagBag from /opt/airflow/dags/hello_world.py
[2025-02-01T00:04:30.432+0000] {processor.py:925} INFO - DAG(s) 'hello_world_dag' retrieved from /opt/airflow/dags/hello_world.py
[2025-02-01T00:04:30.487+0000] {logging_mixin.py:190} INFO - [2025-02-01T00:04:30.486+0000] {dag.py:3239} INFO - Sync 1 DAGs
[2025-02-01T00:04:30.512+0000] {logging_mixin.py:190} INFO - [2025-02-01T00:04:30.512+0000] {dag.py:4180} INFO - Setting next_dagrun for hello_world_dag to None, run_after=None
[2025-02-01T00:04:30.544+0000] {processor.py:208} INFO - Processing /opt/airflow/dags/hello_world.py took 0.146 seconds
[2025-02-01T00:05:00.901+0000] {processor.py:186} INFO - Started process (PID=307) to work on /opt/airflow/dags/hello_world.py
[2025-02-01T00:05:00.903+0000] {processor.py:914} INFO - Processing file /opt/airflow/dags/hello_world.py for tasks to queue
[2025-02-01T00:05:00.909+0000] {logging_mixin.py:190} INFO - [2025-02-01T00:05:00.908+0000] {dagbag.py:588} INFO - Filling up the DagBag from /opt/airflow/dags/hello_world.py
[2025-02-01T00:05:00.919+0000] {processor.py:925} INFO - DAG(s) 'hello_world_dag' retrieved from /opt/airflow/dags/hello_world.py
[2025-02-01T00:05:00.952+0000] {logging_mixin.py:190} INFO - [2025-02-01T00:05:00.951+0000] {dag.py:3239} INFO - Sync 1 DAGs
[2025-02-01T00:05:00.962+0000] {logging_mixin.py:190} INFO - [2025-02-01T00:05:00.962+0000] {dag.py:4180} INFO - Setting next_dagrun for hello_world_dag to None, run_after=None
[2025-02-01T00:05:00.974+0000] {processor.py:208} INFO - Processing /opt/airflow/dags/hello_world.py took 0.088 seconds
[2025-02-01T00:05:31.270+0000] {processor.py:186} INFO - Started process (PID=321) to work on /opt/airflow/dags/hello_world.py
[2025-02-01T00:05:31.271+0000] {processor.py:914} INFO - Processing file /opt/airflow/dags/hello_world.py for tasks to queue
[2025-02-01T00:05:31.274+0000] {logging_mixin.py:190} INFO - [2025-02-01T00:05:31.273+0000] {dagbag.py:588} INFO - Filling up the DagBag from /opt/airflow/dags/hello_world.py
[2025-02-01T00:05:31.282+0000] {processor.py:925} INFO - DAG(s) 'hello_world_dag' retrieved from /opt/airflow/dags/hello_world.py
[2025-02-01T00:05:31.311+0000] {logging_mixin.py:190} INFO - [2025-02-01T00:05:31.311+0000] {dag.py:3239} INFO - Sync 1 DAGs
[2025-02-01T00:05:31.328+0000] {logging_mixin.py:190} INFO - [2025-02-01T00:05:31.328+0000] {dag.py:4180} INFO - Setting next_dagrun for hello_world_dag to None, run_after=None
[2025-02-01T00:05:31.350+0000] {processor.py:208} INFO - Processing /opt/airflow/dags/hello_world.py took 0.087 seconds
[2025-02-01T00:06:01.550+0000] {processor.py:186} INFO - Started process (PID=329) to work on /opt/airflow/dags/hello_world.py
[2025-02-01T00:06:01.551+0000] {processor.py:914} INFO - Processing file /opt/airflow/dags/hello_world.py for tasks to queue
[2025-02-01T00:06:01.553+0000] {logging_mixin.py:190} INFO - [2025-02-01T00:06:01.552+0000] {dagbag.py:588} INFO - Filling up the DagBag from /opt/airflow/dags/hello_world.py
[2025-02-01T00:06:01.558+0000] {processor.py:925} INFO - DAG(s) 'hello_world_dag' retrieved from /opt/airflow/dags/hello_world.py
[2025-02-01T00:06:01.582+0000] {logging_mixin.py:190} INFO - [2025-02-01T00:06:01.582+0000] {dag.py:3239} INFO - Sync 1 DAGs
[2025-02-01T00:06:01.599+0000] {logging_mixin.py:190} INFO - [2025-02-01T00:06:01.599+0000] {dag.py:4180} INFO - Setting next_dagrun for hello_world_dag to None, run_after=None
[2025-02-01T00:06:01.624+0000] {processor.py:208} INFO - Processing /opt/airflow/dags/hello_world.py took 0.080 seconds
[2025-02-01T00:06:32.021+0000] {processor.py:186} INFO - Started process (PID=337) to work on /opt/airflow/dags/hello_world.py
[2025-02-01T00:06:32.023+0000] {processor.py:914} INFO - Processing file /opt/airflow/dags/hello_world.py for tasks to queue
[2025-02-01T00:06:32.030+0000] {logging_mixin.py:190} INFO - [2025-02-01T00:06:32.028+0000] {dagbag.py:588} INFO - Filling up the DagBag from /opt/airflow/dags/hello_world.py
[2025-02-01T00:06:32.051+0000] {processor.py:925} INFO - DAG(s) 'hello_world_dag' retrieved from /opt/airflow/dags/hello_world.py
[2025-02-01T00:06:32.141+0000] {logging_mixin.py:190} INFO - [2025-02-01T00:06:32.140+0000] {dag.py:3239} INFO - Sync 1 DAGs
[2025-02-01T00:06:32.158+0000] {logging_mixin.py:190} INFO - [2025-02-01T00:06:32.158+0000] {dag.py:4180} INFO - Setting next_dagrun for hello_world_dag to None, run_after=None
[2025-02-01T00:06:32.175+0000] {processor.py:208} INFO - Processing /opt/airflow/dags/hello_world.py took 0.174 seconds
[2025-02-01T00:07:02.518+0000] {processor.py:186} INFO - Started process (PID=345) to work on /opt/airflow/dags/hello_world.py
[2025-02-01T00:07:02.520+0000] {processor.py:914} INFO - Processing file /opt/airflow/dags/hello_world.py for tasks to queue
[2025-02-01T00:07:02.524+0000] {logging_mixin.py:190} INFO - [2025-02-01T00:07:02.524+0000] {dagbag.py:588} INFO - Filling up the DagBag from /opt/airflow/dags/hello_world.py
[2025-02-01T00:07:02.536+0000] {processor.py:925} INFO - DAG(s) 'hello_world_dag' retrieved from /opt/airflow/dags/hello_world.py
[2025-02-01T00:07:02.580+0000] {logging_mixin.py:190} INFO - [2025-02-01T00:07:02.580+0000] {dag.py:3239} INFO - Sync 1 DAGs
[2025-02-01T00:07:02.597+0000] {logging_mixin.py:190} INFO - [2025-02-01T00:07:02.597+0000] {dag.py:4180} INFO - Setting next_dagrun for hello_world_dag to None, run_after=None
[2025-02-01T00:07:02.615+0000] {processor.py:208} INFO - Processing /opt/airflow/dags/hello_world.py took 0.107 seconds
[2025-02-01T00:07:32.952+0000] {processor.py:186} INFO - Started process (PID=353) to work on /opt/airflow/dags/hello_world.py
[2025-02-01T00:07:32.955+0000] {processor.py:914} INFO - Processing file /opt/airflow/dags/hello_world.py for tasks to queue
[2025-02-01T00:07:32.960+0000] {logging_mixin.py:190} INFO - [2025-02-01T00:07:32.960+0000] {dagbag.py:588} INFO - Filling up the DagBag from /opt/airflow/dags/hello_world.py
[2025-02-01T00:07:32.978+0000] {processor.py:925} INFO - DAG(s) 'hello_world_dag' retrieved from /opt/airflow/dags/hello_world.py
[2025-02-01T00:07:33.043+0000] {logging_mixin.py:190} INFO - [2025-02-01T00:07:33.043+0000] {dag.py:3239} INFO - Sync 1 DAGs
[2025-02-01T00:07:33.065+0000] {logging_mixin.py:190} INFO - [2025-02-01T00:07:33.064+0000] {dag.py:4180} INFO - Setting next_dagrun for hello_world_dag to None, run_after=None
[2025-02-01T00:07:33.092+0000] {processor.py:208} INFO - Processing /opt/airflow/dags/hello_world.py took 0.153 seconds
[2025-02-01T00:08:03.524+0000] {processor.py:186} INFO - Started process (PID=361) to work on /opt/airflow/dags/hello_world.py
[2025-02-01T00:08:03.525+0000] {processor.py:914} INFO - Processing file /opt/airflow/dags/hello_world.py for tasks to queue
[2025-02-01T00:08:03.531+0000] {logging_mixin.py:190} INFO - [2025-02-01T00:08:03.530+0000] {dagbag.py:588} INFO - Filling up the DagBag from /opt/airflow/dags/hello_world.py
[2025-02-01T00:08:03.549+0000] {processor.py:925} INFO - DAG(s) 'hello_world_dag' retrieved from /opt/airflow/dags/hello_world.py
[2025-02-01T00:08:03.627+0000] {logging_mixin.py:190} INFO - [2025-02-01T00:08:03.626+0000] {dag.py:3239} INFO - Sync 1 DAGs
[2025-02-01T00:08:03.660+0000] {logging_mixin.py:190} INFO - [2025-02-01T00:08:03.660+0000] {dag.py:4180} INFO - Setting next_dagrun for hello_world_dag to None, run_after=None
[2025-02-01T00:08:03.704+0000] {processor.py:208} INFO - Processing /opt/airflow/dags/hello_world.py took 0.194 seconds
[2025-02-01T00:08:34.095+0000] {processor.py:186} INFO - Started process (PID=369) to work on /opt/airflow/dags/hello_world.py
[2025-02-01T00:08:34.096+0000] {processor.py:914} INFO - Processing file /opt/airflow/dags/hello_world.py for tasks to queue
[2025-02-01T00:08:34.097+0000] {logging_mixin.py:190} INFO - [2025-02-01T00:08:34.097+0000] {dagbag.py:588} INFO - Filling up the DagBag from /opt/airflow/dags/hello_world.py
[2025-02-01T00:08:34.102+0000] {processor.py:925} INFO - DAG(s) 'hello_world_dag' retrieved from /opt/airflow/dags/hello_world.py
[2025-02-01T00:08:34.122+0000] {logging_mixin.py:190} INFO - [2025-02-01T00:08:34.122+0000] {dag.py:3239} INFO - Sync 1 DAGs
[2025-02-01T00:08:34.132+0000] {logging_mixin.py:190} INFO - [2025-02-01T00:08:34.132+0000] {dag.py:4180} INFO - Setting next_dagrun for hello_world_dag to None, run_after=None
[2025-02-01T00:08:34.150+0000] {processor.py:208} INFO - Processing /opt/airflow/dags/hello_world.py took 0.059 seconds
[2025-02-01T00:09:04.631+0000] {processor.py:186} INFO - Started process (PID=378) to work on /opt/airflow/dags/hello_world.py
[2025-02-01T00:09:04.633+0000] {processor.py:914} INFO - Processing file /opt/airflow/dags/hello_world.py for tasks to queue
[2025-02-01T00:09:04.638+0000] {logging_mixin.py:190} INFO - [2025-02-01T00:09:04.637+0000] {dagbag.py:588} INFO - Filling up the DagBag from /opt/airflow/dags/hello_world.py
[2025-02-01T00:09:04.653+0000] {processor.py:925} INFO - DAG(s) 'hello_world_dag' retrieved from /opt/airflow/dags/hello_world.py
[2025-02-01T00:09:04.719+0000] {logging_mixin.py:190} INFO - [2025-02-01T00:09:04.718+0000] {dag.py:3239} INFO - Sync 1 DAGs
[2025-02-01T00:09:04.742+0000] {logging_mixin.py:190} INFO - [2025-02-01T00:09:04.741+0000] {dag.py:4180} INFO - Setting next_dagrun for hello_world_dag to None, run_after=None
[2025-02-01T00:09:04.758+0000] {processor.py:208} INFO - Processing /opt/airflow/dags/hello_world.py took 0.147 seconds
[2025-02-01T00:09:34.938+0000] {processor.py:186} INFO - Started process (PID=386) to work on /opt/airflow/dags/hello_world.py
[2025-02-01T00:09:34.939+0000] {processor.py:914} INFO - Processing file /opt/airflow/dags/hello_world.py for tasks to queue
[2025-02-01T00:09:34.940+0000] {logging_mixin.py:190} INFO - [2025-02-01T00:09:34.940+0000] {dagbag.py:588} INFO - Filling up the DagBag from /opt/airflow/dags/hello_world.py
[2025-02-01T00:09:34.945+0000] {processor.py:925} INFO - DAG(s) 'hello_world_dag' retrieved from /opt/airflow/dags/hello_world.py
[2025-02-01T00:09:34.969+0000] {logging_mixin.py:190} INFO - [2025-02-01T00:09:34.968+0000] {dag.py:3239} INFO - Sync 1 DAGs
[2025-02-01T00:09:34.981+0000] {logging_mixin.py:190} INFO - [2025-02-01T00:09:34.981+0000] {dag.py:4180} INFO - Setting next_dagrun for hello_world_dag to None, run_after=None
[2025-02-01T00:09:34.997+0000] {processor.py:208} INFO - Processing /opt/airflow/dags/hello_world.py took 0.064 seconds
[2025-02-01T00:10:05.269+0000] {processor.py:186} INFO - Started process (PID=394) to work on /opt/airflow/dags/hello_world.py
[2025-02-01T00:10:05.270+0000] {processor.py:914} INFO - Processing file /opt/airflow/dags/hello_world.py for tasks to queue
[2025-02-01T00:10:05.273+0000] {logging_mixin.py:190} INFO - [2025-02-01T00:10:05.272+0000] {dagbag.py:588} INFO - Filling up the DagBag from /opt/airflow/dags/hello_world.py
[2025-02-01T00:10:05.285+0000] {processor.py:925} INFO - DAG(s) 'hello_world_dag' retrieved from /opt/airflow/dags/hello_world.py
[2025-02-01T00:10:05.328+0000] {logging_mixin.py:190} INFO - [2025-02-01T00:10:05.327+0000] {dag.py:3239} INFO - Sync 1 DAGs
[2025-02-01T00:10:05.349+0000] {logging_mixin.py:190} INFO - [2025-02-01T00:10:05.348+0000] {dag.py:4180} INFO - Setting next_dagrun for hello_world_dag to None, run_after=None
[2025-02-01T00:10:05.380+0000] {processor.py:208} INFO - Processing /opt/airflow/dags/hello_world.py took 0.121 seconds
[2025-02-01T00:10:35.745+0000] {processor.py:186} INFO - Started process (PID=402) to work on /opt/airflow/dags/hello_world.py
[2025-02-01T00:10:35.748+0000] {processor.py:914} INFO - Processing file /opt/airflow/dags/hello_world.py for tasks to queue
[2025-02-01T00:10:35.759+0000] {logging_mixin.py:190} INFO - [2025-02-01T00:10:35.758+0000] {dagbag.py:588} INFO - Filling up the DagBag from /opt/airflow/dags/hello_world.py
[2025-02-01T00:10:35.777+0000] {processor.py:925} INFO - DAG(s) 'hello_world_dag' retrieved from /opt/airflow/dags/hello_world.py
[2025-02-01T00:10:35.829+0000] {logging_mixin.py:190} INFO - [2025-02-01T00:10:35.828+0000] {dag.py:3239} INFO - Sync 1 DAGs
[2025-02-01T00:10:35.850+0000] {logging_mixin.py:190} INFO - [2025-02-01T00:10:35.849+0000] {dag.py:4180} INFO - Setting next_dagrun for hello_world_dag to None, run_after=None
[2025-02-01T00:10:35.878+0000] {processor.py:208} INFO - Processing /opt/airflow/dags/hello_world.py took 0.154 seconds
[2025-02-01T00:11:06.207+0000] {processor.py:186} INFO - Started process (PID=410) to work on /opt/airflow/dags/hello_world.py
[2025-02-01T00:11:06.208+0000] {processor.py:914} INFO - Processing file /opt/airflow/dags/hello_world.py for tasks to queue
[2025-02-01T00:11:06.210+0000] {logging_mixin.py:190} INFO - [2025-02-01T00:11:06.210+0000] {dagbag.py:588} INFO - Filling up the DagBag from /opt/airflow/dags/hello_world.py
[2025-02-01T00:11:06.215+0000] {processor.py:925} INFO - DAG(s) 'hello_world_dag' retrieved from /opt/airflow/dags/hello_world.py
[2025-02-01T00:11:06.239+0000] {logging_mixin.py:190} INFO - [2025-02-01T00:11:06.239+0000] {dag.py:3239} INFO - Sync 1 DAGs
[2025-02-01T00:11:06.253+0000] {logging_mixin.py:190} INFO - [2025-02-01T00:11:06.253+0000] {dag.py:4180} INFO - Setting next_dagrun for hello_world_dag to None, run_after=None
[2025-02-01T00:11:06.274+0000] {processor.py:208} INFO - Processing /opt/airflow/dags/hello_world.py took 0.071 seconds
[2025-02-01T00:11:36.585+0000] {processor.py:186} INFO - Started process (PID=419) to work on /opt/airflow/dags/hello_world.py
[2025-02-01T00:11:36.586+0000] {processor.py:914} INFO - Processing file /opt/airflow/dags/hello_world.py for tasks to queue
[2025-02-01T00:11:36.591+0000] {logging_mixin.py:190} INFO - [2025-02-01T00:11:36.590+0000] {dagbag.py:588} INFO - Filling up the DagBag from /opt/airflow/dags/hello_world.py
[2025-02-01T00:11:36.604+0000] {processor.py:925} INFO - DAG(s) 'hello_world_dag' retrieved from /opt/airflow/dags/hello_world.py
[2025-02-01T00:11:36.655+0000] {logging_mixin.py:190} INFO - [2025-02-01T00:11:36.654+0000] {dag.py:3239} INFO - Sync 1 DAGs
[2025-02-01T00:11:36.677+0000] {logging_mixin.py:190} INFO - [2025-02-01T00:11:36.676+0000] {dag.py:4180} INFO - Setting next_dagrun for hello_world_dag to None, run_after=None
[2025-02-01T00:11:36.707+0000] {processor.py:208} INFO - Processing /opt/airflow/dags/hello_world.py took 0.136 seconds
[2025-02-01T00:12:07.095+0000] {processor.py:186} INFO - Started process (PID=427) to work on /opt/airflow/dags/hello_world.py
[2025-02-01T00:12:07.096+0000] {processor.py:914} INFO - Processing file /opt/airflow/dags/hello_world.py for tasks to queue
[2025-02-01T00:12:07.099+0000] {logging_mixin.py:190} INFO - [2025-02-01T00:12:07.099+0000] {dagbag.py:588} INFO - Filling up the DagBag from /opt/airflow/dags/hello_world.py
[2025-02-01T00:12:07.114+0000] {processor.py:925} INFO - DAG(s) 'hello_world_dag' retrieved from /opt/airflow/dags/hello_world.py
[2025-02-01T00:12:07.162+0000] {logging_mixin.py:190} INFO - [2025-02-01T00:12:07.161+0000] {dag.py:3239} INFO - Sync 1 DAGs
[2025-02-01T00:12:07.179+0000] {logging_mixin.py:190} INFO - [2025-02-01T00:12:07.178+0000] {dag.py:4180} INFO - Setting next_dagrun for hello_world_dag to None, run_after=None
[2025-02-01T00:12:07.201+0000] {processor.py:208} INFO - Processing /opt/airflow/dags/hello_world.py took 0.116 seconds
[2025-02-01T00:12:37.813+0000] {processor.py:186} INFO - Started process (PID=437) to work on /opt/airflow/dags/hello_world.py
[2025-02-01T00:12:37.814+0000] {processor.py:914} INFO - Processing file /opt/airflow/dags/hello_world.py for tasks to queue
[2025-02-01T00:12:37.815+0000] {logging_mixin.py:190} INFO - [2025-02-01T00:12:37.815+0000] {dagbag.py:588} INFO - Filling up the DagBag from /opt/airflow/dags/hello_world.py
[2025-02-01T00:12:37.820+0000] {processor.py:925} INFO - DAG(s) 'hello_world_dag' retrieved from /opt/airflow/dags/hello_world.py
[2025-02-01T00:12:37.843+0000] {logging_mixin.py:190} INFO - [2025-02-01T00:12:37.843+0000] {dag.py:3239} INFO - Sync 1 DAGs
[2025-02-01T00:12:37.860+0000] {logging_mixin.py:190} INFO - [2025-02-01T00:12:37.860+0000] {dag.py:4180} INFO - Setting next_dagrun for hello_world_dag to None, run_after=None
[2025-02-01T00:12:37.877+0000] {processor.py:208} INFO - Processing /opt/airflow/dags/hello_world.py took 0.069 seconds
[2025-02-01T00:13:08.047+0000] {processor.py:186} INFO - Started process (PID=445) to work on /opt/airflow/dags/hello_world.py
[2025-02-01T00:13:08.048+0000] {processor.py:914} INFO - Processing file /opt/airflow/dags/hello_world.py for tasks to queue
[2025-02-01T00:13:08.050+0000] {logging_mixin.py:190} INFO - [2025-02-01T00:13:08.050+0000] {dagbag.py:588} INFO - Filling up the DagBag from /opt/airflow/dags/hello_world.py
[2025-02-01T00:13:08.055+0000] {processor.py:925} INFO - DAG(s) 'hello_world_dag' retrieved from /opt/airflow/dags/hello_world.py
[2025-02-01T00:13:08.075+0000] {logging_mixin.py:190} INFO - [2025-02-01T00:13:08.075+0000] {dag.py:3239} INFO - Sync 1 DAGs
[2025-02-01T00:13:08.085+0000] {logging_mixin.py:190} INFO - [2025-02-01T00:13:08.085+0000] {dag.py:4180} INFO - Setting next_dagrun for hello_world_dag to None, run_after=None
[2025-02-01T00:13:08.100+0000] {processor.py:208} INFO - Processing /opt/airflow/dags/hello_world.py took 0.057 seconds
[2025-02-01T00:13:38.433+0000] {processor.py:186} INFO - Started process (PID=453) to work on /opt/airflow/dags/hello_world.py
[2025-02-01T00:13:38.436+0000] {processor.py:914} INFO - Processing file /opt/airflow/dags/hello_world.py for tasks to queue
[2025-02-01T00:13:38.442+0000] {logging_mixin.py:190} INFO - [2025-02-01T00:13:38.441+0000] {dagbag.py:588} INFO - Filling up the DagBag from /opt/airflow/dags/hello_world.py
[2025-02-01T00:13:38.460+0000] {processor.py:925} INFO - DAG(s) 'hello_world_dag' retrieved from /opt/airflow/dags/hello_world.py
[2025-02-01T00:13:38.549+0000] {logging_mixin.py:190} INFO - [2025-02-01T00:13:38.548+0000] {dag.py:3239} INFO - Sync 1 DAGs
[2025-02-01T00:13:38.602+0000] {logging_mixin.py:190} INFO - [2025-02-01T00:13:38.602+0000] {dag.py:4180} INFO - Setting next_dagrun for hello_world_dag to None, run_after=None
[2025-02-01T00:13:38.627+0000] {processor.py:208} INFO - Processing /opt/airflow/dags/hello_world.py took 0.215 seconds
[2025-02-01T00:14:09.003+0000] {processor.py:186} INFO - Started process (PID=461) to work on /opt/airflow/dags/hello_world.py
[2025-02-01T00:14:09.004+0000] {processor.py:914} INFO - Processing file /opt/airflow/dags/hello_world.py for tasks to queue
[2025-02-01T00:14:09.008+0000] {logging_mixin.py:190} INFO - [2025-02-01T00:14:09.007+0000] {dagbag.py:588} INFO - Filling up the DagBag from /opt/airflow/dags/hello_world.py
[2025-02-01T00:14:09.017+0000] {processor.py:925} INFO - DAG(s) 'hello_world_dag' retrieved from /opt/airflow/dags/hello_world.py
[2025-02-01T00:14:09.053+0000] {logging_mixin.py:190} INFO - [2025-02-01T00:14:09.052+0000] {dag.py:3239} INFO - Sync 1 DAGs
[2025-02-01T00:14:09.075+0000] {logging_mixin.py:190} INFO - [2025-02-01T00:14:09.075+0000] {dag.py:4180} INFO - Setting next_dagrun for hello_world_dag to None, run_after=None
[2025-02-01T00:14:09.101+0000] {processor.py:208} INFO - Processing /opt/airflow/dags/hello_world.py took 0.108 seconds
[2025-02-01T00:14:39.482+0000] {processor.py:186} INFO - Started process (PID=470) to work on /opt/airflow/dags/hello_world.py
[2025-02-01T00:14:39.482+0000] {processor.py:914} INFO - Processing file /opt/airflow/dags/hello_world.py for tasks to queue
[2025-02-01T00:14:39.484+0000] {logging_mixin.py:190} INFO - [2025-02-01T00:14:39.483+0000] {dagbag.py:588} INFO - Filling up the DagBag from /opt/airflow/dags/hello_world.py
[2025-02-01T00:14:39.488+0000] {processor.py:925} INFO - DAG(s) 'hello_world_dag' retrieved from /opt/airflow/dags/hello_world.py
[2025-02-01T00:14:39.512+0000] {logging_mixin.py:190} INFO - [2025-02-01T00:14:39.511+0000] {dag.py:3239} INFO - Sync 1 DAGs
[2025-02-01T00:14:39.523+0000] {logging_mixin.py:190} INFO - [2025-02-01T00:14:39.523+0000] {dag.py:4180} INFO - Setting next_dagrun for hello_world_dag to None, run_after=None
[2025-02-01T00:14:39.539+0000] {processor.py:208} INFO - Processing /opt/airflow/dags/hello_world.py took 0.062 seconds
[2025-02-01T00:15:09.869+0000] {processor.py:186} INFO - Started process (PID=478) to work on /opt/airflow/dags/hello_world.py
[2025-02-01T00:15:09.870+0000] {processor.py:914} INFO - Processing file /opt/airflow/dags/hello_world.py for tasks to queue
[2025-02-01T00:15:09.873+0000] {logging_mixin.py:190} INFO - [2025-02-01T00:15:09.873+0000] {dagbag.py:588} INFO - Filling up the DagBag from /opt/airflow/dags/hello_world.py
[2025-02-01T00:15:09.887+0000] {processor.py:925} INFO - DAG(s) 'hello_world_dag' retrieved from /opt/airflow/dags/hello_world.py
[2025-02-01T00:15:09.919+0000] {logging_mixin.py:190} INFO - [2025-02-01T00:15:09.919+0000] {dag.py:3239} INFO - Sync 1 DAGs
[2025-02-01T00:15:09.930+0000] {logging_mixin.py:190} INFO - [2025-02-01T00:15:09.930+0000] {dag.py:4180} INFO - Setting next_dagrun for hello_world_dag to None, run_after=None
[2025-02-01T00:15:09.945+0000] {processor.py:208} INFO - Processing /opt/airflow/dags/hello_world.py took 0.086 seconds
[2025-02-01T00:15:40.303+0000] {processor.py:186} INFO - Started process (PID=486) to work on /opt/airflow/dags/hello_world.py
[2025-02-01T00:15:40.306+0000] {processor.py:914} INFO - Processing file /opt/airflow/dags/hello_world.py for tasks to queue
[2025-02-01T00:15:40.311+0000] {logging_mixin.py:190} INFO - [2025-02-01T00:15:40.310+0000] {dagbag.py:588} INFO - Filling up the DagBag from /opt/airflow/dags/hello_world.py
[2025-02-01T00:15:40.329+0000] {processor.py:925} INFO - DAG(s) 'hello_world_dag' retrieved from /opt/airflow/dags/hello_world.py
[2025-02-01T00:15:40.377+0000] {logging_mixin.py:190} INFO - [2025-02-01T00:15:40.377+0000] {dag.py:3239} INFO - Sync 1 DAGs
[2025-02-01T00:15:40.389+0000] {logging_mixin.py:190} INFO - [2025-02-01T00:15:40.389+0000] {dag.py:4180} INFO - Setting next_dagrun for hello_world_dag to None, run_after=None
[2025-02-01T00:15:40.405+0000] {processor.py:208} INFO - Processing /opt/airflow/dags/hello_world.py took 0.117 seconds
[2025-02-01T00:16:10.788+0000] {processor.py:186} INFO - Started process (PID=494) to work on /opt/airflow/dags/hello_world.py
[2025-02-01T00:16:10.790+0000] {processor.py:914} INFO - Processing file /opt/airflow/dags/hello_world.py for tasks to queue
[2025-02-01T00:16:10.797+0000] {logging_mixin.py:190} INFO - [2025-02-01T00:16:10.796+0000] {dagbag.py:588} INFO - Filling up the DagBag from /opt/airflow/dags/hello_world.py
[2025-02-01T00:16:10.814+0000] {processor.py:925} INFO - DAG(s) 'hello_world_dag' retrieved from /opt/airflow/dags/hello_world.py
[2025-02-01T00:16:10.861+0000] {logging_mixin.py:190} INFO - [2025-02-01T00:16:10.861+0000] {dag.py:3239} INFO - Sync 1 DAGs
[2025-02-01T00:16:10.872+0000] {logging_mixin.py:190} INFO - [2025-02-01T00:16:10.872+0000] {dag.py:4180} INFO - Setting next_dagrun for hello_world_dag to None, run_after=None
[2025-02-01T00:16:10.889+0000] {processor.py:208} INFO - Processing /opt/airflow/dags/hello_world.py took 0.121 seconds
[2025-02-01T00:16:41.261+0000] {processor.py:186} INFO - Started process (PID=502) to work on /opt/airflow/dags/hello_world.py
[2025-02-01T00:16:41.264+0000] {processor.py:914} INFO - Processing file /opt/airflow/dags/hello_world.py for tasks to queue
[2025-02-01T00:16:41.270+0000] {logging_mixin.py:190} INFO - [2025-02-01T00:16:41.269+0000] {dagbag.py:588} INFO - Filling up the DagBag from /opt/airflow/dags/hello_world.py
[2025-02-01T00:16:41.289+0000] {processor.py:925} INFO - DAG(s) 'hello_world_dag' retrieved from /opt/airflow/dags/hello_world.py
[2025-02-01T00:16:41.346+0000] {logging_mixin.py:190} INFO - [2025-02-01T00:16:41.346+0000] {dag.py:3239} INFO - Sync 1 DAGs
[2025-02-01T00:16:41.364+0000] {logging_mixin.py:190} INFO - [2025-02-01T00:16:41.364+0000] {dag.py:4180} INFO - Setting next_dagrun for hello_world_dag to None, run_after=None
[2025-02-01T00:16:41.398+0000] {processor.py:208} INFO - Processing /opt/airflow/dags/hello_world.py took 0.156 seconds
[2025-02-01T00:17:11.612+0000] {processor.py:186} INFO - Started process (PID=510) to work on /opt/airflow/dags/hello_world.py
[2025-02-01T00:17:11.614+0000] {processor.py:914} INFO - Processing file /opt/airflow/dags/hello_world.py for tasks to queue
[2025-02-01T00:17:11.619+0000] {logging_mixin.py:190} INFO - [2025-02-01T00:17:11.618+0000] {dagbag.py:588} INFO - Filling up the DagBag from /opt/airflow/dags/hello_world.py
[2025-02-01T00:17:11.636+0000] {processor.py:925} INFO - DAG(s) 'hello_world_dag' retrieved from /opt/airflow/dags/hello_world.py
[2025-02-01T00:17:11.694+0000] {logging_mixin.py:190} INFO - [2025-02-01T00:17:11.693+0000] {dag.py:3239} INFO - Sync 1 DAGs
[2025-02-01T00:17:11.738+0000] {logging_mixin.py:190} INFO - [2025-02-01T00:17:11.737+0000] {dag.py:4180} INFO - Setting next_dagrun for hello_world_dag to None, run_after=None
[2025-02-01T00:17:11.784+0000] {processor.py:208} INFO - Processing /opt/airflow/dags/hello_world.py took 0.191 seconds
[2025-02-01T00:17:42.137+0000] {processor.py:186} INFO - Started process (PID=518) to work on /opt/airflow/dags/hello_world.py
[2025-02-01T00:17:42.138+0000] {processor.py:914} INFO - Processing file /opt/airflow/dags/hello_world.py for tasks to queue
[2025-02-01T00:17:42.141+0000] {logging_mixin.py:190} INFO - [2025-02-01T00:17:42.140+0000] {dagbag.py:588} INFO - Filling up the DagBag from /opt/airflow/dags/hello_world.py
[2025-02-01T00:17:42.151+0000] {processor.py:925} INFO - DAG(s) 'hello_world_dag' retrieved from /opt/airflow/dags/hello_world.py
[2025-02-01T00:17:42.187+0000] {logging_mixin.py:190} INFO - [2025-02-01T00:17:42.186+0000] {dag.py:3239} INFO - Sync 1 DAGs
[2025-02-01T00:17:42.199+0000] {logging_mixin.py:190} INFO - [2025-02-01T00:17:42.199+0000] {dag.py:4180} INFO - Setting next_dagrun for hello_world_dag to None, run_after=None
[2025-02-01T00:17:42.217+0000] {processor.py:208} INFO - Processing /opt/airflow/dags/hello_world.py took 0.100 seconds
[2025-02-01T00:18:12.527+0000] {processor.py:186} INFO - Started process (PID=526) to work on /opt/airflow/dags/hello_world.py
[2025-02-01T00:18:12.528+0000] {processor.py:914} INFO - Processing file /opt/airflow/dags/hello_world.py for tasks to queue
[2025-02-01T00:18:12.531+0000] {logging_mixin.py:190} INFO - [2025-02-01T00:18:12.531+0000] {dagbag.py:588} INFO - Filling up the DagBag from /opt/airflow/dags/hello_world.py
[2025-02-01T00:18:12.539+0000] {processor.py:925} INFO - DAG(s) 'hello_world_dag' retrieved from /opt/airflow/dags/hello_world.py
[2025-02-01T00:18:12.569+0000] {logging_mixin.py:190} INFO - [2025-02-01T00:18:12.569+0000] {dag.py:3239} INFO - Sync 1 DAGs
[2025-02-01T00:18:12.586+0000] {logging_mixin.py:190} INFO - [2025-02-01T00:18:12.586+0000] {dag.py:4180} INFO - Setting next_dagrun for hello_world_dag to None, run_after=None
[2025-02-01T00:18:12.607+0000] {processor.py:208} INFO - Processing /opt/airflow/dags/hello_world.py took 0.090 seconds
[2025-02-01T00:18:42.916+0000] {processor.py:186} INFO - Started process (PID=533) to work on /opt/airflow/dags/hello_world.py
[2025-02-01T00:18:42.917+0000] {processor.py:914} INFO - Processing file /opt/airflow/dags/hello_world.py for tasks to queue
[2025-02-01T00:18:42.920+0000] {logging_mixin.py:190} INFO - [2025-02-01T00:18:42.919+0000] {dagbag.py:588} INFO - Filling up the DagBag from /opt/airflow/dags/hello_world.py
[2025-02-01T00:18:42.928+0000] {processor.py:925} INFO - DAG(s) 'hello_world_dag' retrieved from /opt/airflow/dags/hello_world.py
[2025-02-01T00:18:42.963+0000] {logging_mixin.py:190} INFO - [2025-02-01T00:18:42.962+0000] {dag.py:3239} INFO - Sync 1 DAGs
[2025-02-01T00:18:42.978+0000] {logging_mixin.py:190} INFO - [2025-02-01T00:18:42.978+0000] {dag.py:4180} INFO - Setting next_dagrun for hello_world_dag to None, run_after=None
[2025-02-01T00:18:42.999+0000] {processor.py:208} INFO - Processing /opt/airflow/dags/hello_world.py took 0.093 seconds
[2025-02-01T00:19:13.290+0000] {processor.py:186} INFO - Started process (PID=541) to work on /opt/airflow/dags/hello_world.py
[2025-02-01T00:19:13.292+0000] {processor.py:914} INFO - Processing file /opt/airflow/dags/hello_world.py for tasks to queue
[2025-02-01T00:19:13.295+0000] {logging_mixin.py:190} INFO - [2025-02-01T00:19:13.295+0000] {dagbag.py:588} INFO - Filling up the DagBag from /opt/airflow/dags/hello_world.py
[2025-02-01T00:19:13.305+0000] {processor.py:925} INFO - DAG(s) 'hello_world_dag' retrieved from /opt/airflow/dags/hello_world.py
[2025-02-01T00:19:13.350+0000] {logging_mixin.py:190} INFO - [2025-02-01T00:19:13.349+0000] {dag.py:3239} INFO - Sync 1 DAGs
[2025-02-01T00:19:13.375+0000] {logging_mixin.py:190} INFO - [2025-02-01T00:19:13.375+0000] {dag.py:4180} INFO - Setting next_dagrun for hello_world_dag to None, run_after=None
[2025-02-01T00:19:13.402+0000] {processor.py:208} INFO - Processing /opt/airflow/dags/hello_world.py took 0.122 seconds
[2025-02-01T00:19:43.676+0000] {processor.py:186} INFO - Started process (PID=549) to work on /opt/airflow/dags/hello_world.py
[2025-02-01T00:19:43.678+0000] {processor.py:914} INFO - Processing file /opt/airflow/dags/hello_world.py for tasks to queue
[2025-02-01T00:19:43.680+0000] {logging_mixin.py:190} INFO - [2025-02-01T00:19:43.679+0000] {dagbag.py:588} INFO - Filling up the DagBag from /opt/airflow/dags/hello_world.py
[2025-02-01T00:19:43.687+0000] {processor.py:925} INFO - DAG(s) 'hello_world_dag' retrieved from /opt/airflow/dags/hello_world.py
[2025-02-01T00:19:43.723+0000] {logging_mixin.py:190} INFO - [2025-02-01T00:19:43.723+0000] {dag.py:3239} INFO - Sync 1 DAGs
[2025-02-01T00:19:43.742+0000] {logging_mixin.py:190} INFO - [2025-02-01T00:19:43.742+0000] {dag.py:4180} INFO - Setting next_dagrun for hello_world_dag to None, run_after=None
[2025-02-01T00:19:43.772+0000] {processor.py:208} INFO - Processing /opt/airflow/dags/hello_world.py took 0.103 seconds
[2025-02-01T00:20:14.005+0000] {processor.py:186} INFO - Started process (PID=557) to work on /opt/airflow/dags/hello_world.py
[2025-02-01T00:20:14.010+0000] {processor.py:914} INFO - Processing file /opt/airflow/dags/hello_world.py for tasks to queue
[2025-02-01T00:20:14.021+0000] {logging_mixin.py:190} INFO - [2025-02-01T00:20:14.019+0000] {dagbag.py:588} INFO - Filling up the DagBag from /opt/airflow/dags/hello_world.py
[2025-02-01T00:20:14.045+0000] {processor.py:925} INFO - DAG(s) 'hello_world_dag' retrieved from /opt/airflow/dags/hello_world.py
[2025-02-01T00:20:14.095+0000] {logging_mixin.py:190} INFO - [2025-02-01T00:20:14.095+0000] {dag.py:3239} INFO - Sync 1 DAGs
[2025-02-01T00:20:14.113+0000] {logging_mixin.py:190} INFO - [2025-02-01T00:20:14.113+0000] {dag.py:4180} INFO - Setting next_dagrun for hello_world_dag to None, run_after=None
[2025-02-01T00:20:14.142+0000] {processor.py:208} INFO - Processing /opt/airflow/dags/hello_world.py took 0.155 seconds
[2025-02-01T00:20:44.435+0000] {processor.py:186} INFO - Started process (PID=565) to work on /opt/airflow/dags/hello_world.py
[2025-02-01T00:20:44.438+0000] {processor.py:914} INFO - Processing file /opt/airflow/dags/hello_world.py for tasks to queue
[2025-02-01T00:20:44.446+0000] {logging_mixin.py:190} INFO - [2025-02-01T00:20:44.445+0000] {dagbag.py:588} INFO - Filling up the DagBag from /opt/airflow/dags/hello_world.py
[2025-02-01T00:20:44.460+0000] {processor.py:925} INFO - DAG(s) 'hello_world_dag' retrieved from /opt/airflow/dags/hello_world.py
[2025-02-01T00:20:44.497+0000] {logging_mixin.py:190} INFO - [2025-02-01T00:20:44.497+0000] {dag.py:3239} INFO - Sync 1 DAGs
[2025-02-01T00:20:44.523+0000] {logging_mixin.py:190} INFO - [2025-02-01T00:20:44.522+0000] {dag.py:4180} INFO - Setting next_dagrun for hello_world_dag to None, run_after=None
[2025-02-01T00:20:44.567+0000] {processor.py:208} INFO - Processing /opt/airflow/dags/hello_world.py took 0.158 seconds
[2025-02-01T00:21:14.930+0000] {processor.py:186} INFO - Started process (PID=573) to work on /opt/airflow/dags/hello_world.py
[2025-02-01T00:21:14.932+0000] {processor.py:914} INFO - Processing file /opt/airflow/dags/hello_world.py for tasks to queue
[2025-02-01T00:21:14.937+0000] {logging_mixin.py:190} INFO - [2025-02-01T00:21:14.937+0000] {dagbag.py:588} INFO - Filling up the DagBag from /opt/airflow/dags/hello_world.py
[2025-02-01T00:21:14.951+0000] {processor.py:925} INFO - DAG(s) 'hello_world_dag' retrieved from /opt/airflow/dags/hello_world.py
[2025-02-01T00:21:15.004+0000] {logging_mixin.py:190} INFO - [2025-02-01T00:21:15.003+0000] {dag.py:3239} INFO - Sync 1 DAGs
[2025-02-01T00:21:15.033+0000] {logging_mixin.py:190} INFO - [2025-02-01T00:21:15.032+0000] {dag.py:4180} INFO - Setting next_dagrun for hello_world_dag to None, run_after=None
[2025-02-01T00:21:15.070+0000] {processor.py:208} INFO - Processing /opt/airflow/dags/hello_world.py took 0.152 seconds
[2025-02-01T00:21:45.454+0000] {processor.py:186} INFO - Started process (PID=581) to work on /opt/airflow/dags/hello_world.py
[2025-02-01T00:21:45.456+0000] {processor.py:914} INFO - Processing file /opt/airflow/dags/hello_world.py for tasks to queue
[2025-02-01T00:21:45.462+0000] {logging_mixin.py:190} INFO - [2025-02-01T00:21:45.461+0000] {dagbag.py:588} INFO - Filling up the DagBag from /opt/airflow/dags/hello_world.py
[2025-02-01T00:21:45.477+0000] {processor.py:925} INFO - DAG(s) 'hello_world_dag' retrieved from /opt/airflow/dags/hello_world.py
[2025-02-01T00:21:45.519+0000] {logging_mixin.py:190} INFO - [2025-02-01T00:21:45.518+0000] {dag.py:3239} INFO - Sync 1 DAGs
[2025-02-01T00:21:45.542+0000] {logging_mixin.py:190} INFO - [2025-02-01T00:21:45.541+0000] {dag.py:4180} INFO - Setting next_dagrun for hello_world_dag to None, run_after=None
[2025-02-01T00:21:45.560+0000] {processor.py:208} INFO - Processing /opt/airflow/dags/hello_world.py took 0.136 seconds
[2025-02-01T00:22:15.970+0000] {processor.py:186} INFO - Started process (PID=590) to work on /opt/airflow/dags/hello_world.py
[2025-02-01T00:22:15.973+0000] {processor.py:914} INFO - Processing file /opt/airflow/dags/hello_world.py for tasks to queue
[2025-02-01T00:22:15.981+0000] {logging_mixin.py:190} INFO - [2025-02-01T00:22:15.980+0000] {dagbag.py:588} INFO - Filling up the DagBag from /opt/airflow/dags/hello_world.py
[2025-02-01T00:22:15.994+0000] {processor.py:925} INFO - DAG(s) 'hello_world_dag' retrieved from /opt/airflow/dags/hello_world.py
[2025-02-01T00:22:16.038+0000] {logging_mixin.py:190} INFO - [2025-02-01T00:22:16.037+0000] {dag.py:3239} INFO - Sync 1 DAGs
[2025-02-01T00:22:16.054+0000] {logging_mixin.py:190} INFO - [2025-02-01T00:22:16.053+0000] {dag.py:4180} INFO - Setting next_dagrun for hello_world_dag to None, run_after=None
[2025-02-01T00:22:16.077+0000] {processor.py:208} INFO - Processing /opt/airflow/dags/hello_world.py took 0.120 seconds
[2025-02-01T00:22:46.178+0000] {processor.py:186} INFO - Started process (PID=598) to work on /opt/airflow/dags/hello_world.py
[2025-02-01T00:22:46.179+0000] {processor.py:914} INFO - Processing file /opt/airflow/dags/hello_world.py for tasks to queue
[2025-02-01T00:22:46.181+0000] {logging_mixin.py:190} INFO - [2025-02-01T00:22:46.180+0000] {dagbag.py:588} INFO - Filling up the DagBag from /opt/airflow/dags/hello_world.py
[2025-02-01T00:22:46.185+0000] {processor.py:925} INFO - DAG(s) 'hello_world_dag' retrieved from /opt/airflow/dags/hello_world.py
[2025-02-01T00:22:46.203+0000] {logging_mixin.py:190} INFO - [2025-02-01T00:22:46.202+0000] {dag.py:3239} INFO - Sync 1 DAGs
[2025-02-01T00:22:46.213+0000] {logging_mixin.py:190} INFO - [2025-02-01T00:22:46.213+0000] {dag.py:4180} INFO - Setting next_dagrun for hello_world_dag to None, run_after=None
[2025-02-01T00:22:46.227+0000] {processor.py:208} INFO - Processing /opt/airflow/dags/hello_world.py took 0.053 seconds
[2025-02-01T00:23:16.398+0000] {processor.py:186} INFO - Started process (PID=606) to work on /opt/airflow/dags/hello_world.py
[2025-02-01T00:23:16.400+0000] {processor.py:914} INFO - Processing file /opt/airflow/dags/hello_world.py for tasks to queue
[2025-02-01T00:23:16.402+0000] {logging_mixin.py:190} INFO - [2025-02-01T00:23:16.402+0000] {dagbag.py:588} INFO - Filling up the DagBag from /opt/airflow/dags/hello_world.py
[2025-02-01T00:23:16.408+0000] {processor.py:925} INFO - DAG(s) 'hello_world_dag' retrieved from /opt/airflow/dags/hello_world.py
[2025-02-01T00:23:16.432+0000] {logging_mixin.py:190} INFO - [2025-02-01T00:23:16.431+0000] {dag.py:3239} INFO - Sync 1 DAGs
[2025-02-01T00:23:16.446+0000] {logging_mixin.py:190} INFO - [2025-02-01T00:23:16.446+0000] {dag.py:4180} INFO - Setting next_dagrun for hello_world_dag to None, run_after=None
[2025-02-01T00:23:16.464+0000] {processor.py:208} INFO - Processing /opt/airflow/dags/hello_world.py took 0.072 seconds
[2025-02-01T00:23:46.624+0000] {processor.py:186} INFO - Started process (PID=614) to work on /opt/airflow/dags/hello_world.py
[2025-02-01T00:23:46.625+0000] {processor.py:914} INFO - Processing file /opt/airflow/dags/hello_world.py for tasks to queue
[2025-02-01T00:23:46.627+0000] {logging_mixin.py:190} INFO - [2025-02-01T00:23:46.626+0000] {dagbag.py:588} INFO - Filling up the DagBag from /opt/airflow/dags/hello_world.py
[2025-02-01T00:23:46.631+0000] {processor.py:925} INFO - DAG(s) 'hello_world_dag' retrieved from /opt/airflow/dags/hello_world.py
[2025-02-01T00:23:46.648+0000] {logging_mixin.py:190} INFO - [2025-02-01T00:23:46.648+0000] {dag.py:3239} INFO - Sync 1 DAGs
[2025-02-01T00:23:46.658+0000] {logging_mixin.py:190} INFO - [2025-02-01T00:23:46.658+0000] {dag.py:4180} INFO - Setting next_dagrun for hello_world_dag to None, run_after=None
[2025-02-01T00:23:46.671+0000] {processor.py:208} INFO - Processing /opt/airflow/dags/hello_world.py took 0.051 seconds
[2025-02-01T00:24:16.856+0000] {processor.py:186} INFO - Started process (PID=622) to work on /opt/airflow/dags/hello_world.py
[2025-02-01T00:24:16.857+0000] {processor.py:914} INFO - Processing file /opt/airflow/dags/hello_world.py for tasks to queue
[2025-02-01T00:24:16.860+0000] {logging_mixin.py:190} INFO - [2025-02-01T00:24:16.860+0000] {dagbag.py:588} INFO - Filling up the DagBag from /opt/airflow/dags/hello_world.py
[2025-02-01T00:24:16.867+0000] {processor.py:925} INFO - DAG(s) 'hello_world_dag' retrieved from /opt/airflow/dags/hello_world.py
[2025-02-01T00:24:16.894+0000] {logging_mixin.py:190} INFO - [2025-02-01T00:24:16.894+0000] {dag.py:3239} INFO - Sync 1 DAGs
[2025-02-01T00:24:16.911+0000] {logging_mixin.py:190} INFO - [2025-02-01T00:24:16.910+0000] {dag.py:4180} INFO - Setting next_dagrun for hello_world_dag to None, run_after=None
[2025-02-01T00:24:16.931+0000] {processor.py:208} INFO - Processing /opt/airflow/dags/hello_world.py took 0.080 seconds
[2025-02-01T00:24:47.141+0000] {processor.py:186} INFO - Started process (PID=630) to work on /opt/airflow/dags/hello_world.py
[2025-02-01T00:24:47.145+0000] {processor.py:914} INFO - Processing file /opt/airflow/dags/hello_world.py for tasks to queue
[2025-02-01T00:24:47.155+0000] {logging_mixin.py:190} INFO - [2025-02-01T00:24:47.153+0000] {dagbag.py:588} INFO - Filling up the DagBag from /opt/airflow/dags/hello_world.py
[2025-02-01T00:24:47.179+0000] {processor.py:925} INFO - DAG(s) 'hello_world_dag' retrieved from /opt/airflow/dags/hello_world.py
[2025-02-01T00:24:47.216+0000] {logging_mixin.py:190} INFO - [2025-02-01T00:24:47.216+0000] {dag.py:3239} INFO - Sync 1 DAGs
[2025-02-01T00:24:47.235+0000] {logging_mixin.py:190} INFO - [2025-02-01T00:24:47.234+0000] {dag.py:4180} INFO - Setting next_dagrun for hello_world_dag to None, run_after=None
[2025-02-01T00:24:47.261+0000] {processor.py:208} INFO - Processing /opt/airflow/dags/hello_world.py took 0.133 seconds
[2025-02-01T00:25:17.591+0000] {processor.py:186} INFO - Started process (PID=637) to work on /opt/airflow/dags/hello_world.py
[2025-02-01T00:25:17.594+0000] {processor.py:914} INFO - Processing file /opt/airflow/dags/hello_world.py for tasks to queue
[2025-02-01T00:25:17.602+0000] {logging_mixin.py:190} INFO - [2025-02-01T00:25:17.600+0000] {dagbag.py:588} INFO - Filling up the DagBag from /opt/airflow/dags/hello_world.py
[2025-02-01T00:25:17.615+0000] {processor.py:925} INFO - DAG(s) 'hello_world_dag' retrieved from /opt/airflow/dags/hello_world.py
[2025-02-01T00:25:17.671+0000] {logging_mixin.py:190} INFO - [2025-02-01T00:25:17.671+0000] {dag.py:3239} INFO - Sync 1 DAGs
[2025-02-01T00:25:17.687+0000] {logging_mixin.py:190} INFO - [2025-02-01T00:25:17.687+0000] {dag.py:4180} INFO - Setting next_dagrun for hello_world_dag to None, run_after=None
[2025-02-01T00:25:17.704+0000] {processor.py:208} INFO - Processing /opt/airflow/dags/hello_world.py took 0.131 seconds
[2025-02-01T00:25:47.862+0000] {processor.py:186} INFO - Started process (PID=645) to work on /opt/airflow/dags/hello_world.py
[2025-02-01T00:25:47.862+0000] {processor.py:914} INFO - Processing file /opt/airflow/dags/hello_world.py for tasks to queue
[2025-02-01T00:25:47.864+0000] {logging_mixin.py:190} INFO - [2025-02-01T00:25:47.864+0000] {dagbag.py:588} INFO - Filling up the DagBag from /opt/airflow/dags/hello_world.py
[2025-02-01T00:25:47.868+0000] {processor.py:925} INFO - DAG(s) 'hello_world_dag' retrieved from /opt/airflow/dags/hello_world.py
[2025-02-01T00:25:47.888+0000] {logging_mixin.py:190} INFO - [2025-02-01T00:25:47.888+0000] {dag.py:3239} INFO - Sync 1 DAGs
[2025-02-01T00:25:47.900+0000] {logging_mixin.py:190} INFO - [2025-02-01T00:25:47.900+0000] {dag.py:4180} INFO - Setting next_dagrun for hello_world_dag to None, run_after=None
[2025-02-01T00:25:47.914+0000] {processor.py:208} INFO - Processing /opt/airflow/dags/hello_world.py took 0.056 seconds
[2025-02-01T00:26:18.073+0000] {processor.py:186} INFO - Started process (PID=653) to work on /opt/airflow/dags/hello_world.py
[2025-02-01T00:26:18.074+0000] {processor.py:914} INFO - Processing file /opt/airflow/dags/hello_world.py for tasks to queue
[2025-02-01T00:26:18.076+0000] {logging_mixin.py:190} INFO - [2025-02-01T00:26:18.076+0000] {dagbag.py:588} INFO - Filling up the DagBag from /opt/airflow/dags/hello_world.py
[2025-02-01T00:26:18.083+0000] {processor.py:925} INFO - DAG(s) 'hello_world_dag' retrieved from /opt/airflow/dags/hello_world.py
[2025-02-01T00:26:18.108+0000] {logging_mixin.py:190} INFO - [2025-02-01T00:26:18.108+0000] {dag.py:3239} INFO - Sync 1 DAGs
[2025-02-01T00:26:18.122+0000] {logging_mixin.py:190} INFO - [2025-02-01T00:26:18.122+0000] {dag.py:4180} INFO - Setting next_dagrun for hello_world_dag to None, run_after=None
[2025-02-01T00:26:18.135+0000] {processor.py:208} INFO - Processing /opt/airflow/dags/hello_world.py took 0.068 seconds
[2025-02-01T00:26:48.354+0000] {processor.py:186} INFO - Started process (PID=662) to work on /opt/airflow/dags/hello_world.py
[2025-02-01T00:26:48.355+0000] {processor.py:914} INFO - Processing file /opt/airflow/dags/hello_world.py for tasks to queue
[2025-02-01T00:26:48.357+0000] {logging_mixin.py:190} INFO - [2025-02-01T00:26:48.356+0000] {dagbag.py:588} INFO - Filling up the DagBag from /opt/airflow/dags/hello_world.py
[2025-02-01T00:26:48.363+0000] {processor.py:925} INFO - DAG(s) 'hello_world_dag' retrieved from /opt/airflow/dags/hello_world.py
[2025-02-01T00:26:48.388+0000] {logging_mixin.py:190} INFO - [2025-02-01T00:26:48.388+0000] {dag.py:3239} INFO - Sync 1 DAGs
[2025-02-01T00:26:48.415+0000] {logging_mixin.py:190} INFO - [2025-02-01T00:26:48.415+0000] {dag.py:4180} INFO - Setting next_dagrun for hello_world_dag to None, run_after=None
[2025-02-01T00:26:48.442+0000] {processor.py:208} INFO - Processing /opt/airflow/dags/hello_world.py took 0.093 seconds
[2025-02-01T00:27:18.602+0000] {processor.py:186} INFO - Started process (PID=670) to work on /opt/airflow/dags/hello_world.py
[2025-02-01T00:27:18.603+0000] {processor.py:914} INFO - Processing file /opt/airflow/dags/hello_world.py for tasks to queue
[2025-02-01T00:27:18.605+0000] {logging_mixin.py:190} INFO - [2025-02-01T00:27:18.604+0000] {dagbag.py:588} INFO - Filling up the DagBag from /opt/airflow/dags/hello_world.py
[2025-02-01T00:27:18.611+0000] {processor.py:925} INFO - DAG(s) 'hello_world_dag' retrieved from /opt/airflow/dags/hello_world.py
[2025-02-01T00:27:18.637+0000] {logging_mixin.py:190} INFO - [2025-02-01T00:27:18.636+0000] {dag.py:3239} INFO - Sync 1 DAGs
[2025-02-01T00:27:18.650+0000] {logging_mixin.py:190} INFO - [2025-02-01T00:27:18.650+0000] {dag.py:4180} INFO - Setting next_dagrun for hello_world_dag to None, run_after=None
[2025-02-01T00:27:18.666+0000] {processor.py:208} INFO - Processing /opt/airflow/dags/hello_world.py took 0.069 seconds
[2025-02-01T00:27:48.836+0000] {processor.py:186} INFO - Started process (PID=678) to work on /opt/airflow/dags/hello_world.py
[2025-02-01T00:27:48.837+0000] {processor.py:914} INFO - Processing file /opt/airflow/dags/hello_world.py for tasks to queue
[2025-02-01T00:27:48.839+0000] {logging_mixin.py:190} INFO - [2025-02-01T00:27:48.839+0000] {dagbag.py:588} INFO - Filling up the DagBag from /opt/airflow/dags/hello_world.py
[2025-02-01T00:27:48.844+0000] {processor.py:925} INFO - DAG(s) 'hello_world_dag' retrieved from /opt/airflow/dags/hello_world.py
[2025-02-01T00:27:48.866+0000] {logging_mixin.py:190} INFO - [2025-02-01T00:27:48.866+0000] {dag.py:3239} INFO - Sync 1 DAGs
[2025-02-01T00:27:48.878+0000] {logging_mixin.py:190} INFO - [2025-02-01T00:27:48.878+0000] {dag.py:4180} INFO - Setting next_dagrun for hello_world_dag to None, run_after=None
[2025-02-01T00:27:48.897+0000] {processor.py:208} INFO - Processing /opt/airflow/dags/hello_world.py took 0.065 seconds
[2025-02-01T00:28:19.132+0000] {processor.py:186} INFO - Started process (PID=686) to work on /opt/airflow/dags/hello_world.py
[2025-02-01T00:28:19.134+0000] {processor.py:914} INFO - Processing file /opt/airflow/dags/hello_world.py for tasks to queue
[2025-02-01T00:28:19.138+0000] {logging_mixin.py:190} INFO - [2025-02-01T00:28:19.137+0000] {dagbag.py:588} INFO - Filling up the DagBag from /opt/airflow/dags/hello_world.py
[2025-02-01T00:28:19.152+0000] {processor.py:925} INFO - DAG(s) 'hello_world_dag' retrieved from /opt/airflow/dags/hello_world.py
[2025-02-01T00:28:19.206+0000] {logging_mixin.py:190} INFO - [2025-02-01T00:28:19.205+0000] {dag.py:3239} INFO - Sync 1 DAGs
[2025-02-01T00:28:19.234+0000] {logging_mixin.py:190} INFO - [2025-02-01T00:28:19.233+0000] {dag.py:4180} INFO - Setting next_dagrun for hello_world_dag to None, run_after=None
[2025-02-01T00:28:19.291+0000] {processor.py:208} INFO - Processing /opt/airflow/dags/hello_world.py took 0.171 seconds
[2025-02-01T00:28:49.623+0000] {processor.py:186} INFO - Started process (PID=694) to work on /opt/airflow/dags/hello_world.py
[2025-02-01T00:28:49.623+0000] {processor.py:914} INFO - Processing file /opt/airflow/dags/hello_world.py for tasks to queue
[2025-02-01T00:28:49.625+0000] {logging_mixin.py:190} INFO - [2025-02-01T00:28:49.624+0000] {dagbag.py:588} INFO - Filling up the DagBag from /opt/airflow/dags/hello_world.py
[2025-02-01T00:28:49.629+0000] {processor.py:925} INFO - DAG(s) 'hello_world_dag' retrieved from /opt/airflow/dags/hello_world.py
[2025-02-01T00:28:49.652+0000] {logging_mixin.py:190} INFO - [2025-02-01T00:28:49.652+0000] {dag.py:3239} INFO - Sync 1 DAGs
[2025-02-01T00:28:49.666+0000] {logging_mixin.py:190} INFO - [2025-02-01T00:28:49.666+0000] {dag.py:4180} INFO - Setting next_dagrun for hello_world_dag to None, run_after=None
[2025-02-01T00:28:49.684+0000] {processor.py:208} INFO - Processing /opt/airflow/dags/hello_world.py took 0.065 seconds
[2025-02-01T00:29:19.884+0000] {processor.py:186} INFO - Started process (PID=702) to work on /opt/airflow/dags/hello_world.py
[2025-02-01T00:29:19.885+0000] {processor.py:914} INFO - Processing file /opt/airflow/dags/hello_world.py for tasks to queue
[2025-02-01T00:29:19.887+0000] {logging_mixin.py:190} INFO - [2025-02-01T00:29:19.886+0000] {dagbag.py:588} INFO - Filling up the DagBag from /opt/airflow/dags/hello_world.py
[2025-02-01T00:29:19.892+0000] {processor.py:925} INFO - DAG(s) 'hello_world_dag' retrieved from /opt/airflow/dags/hello_world.py
[2025-02-01T00:29:19.917+0000] {logging_mixin.py:190} INFO - [2025-02-01T00:29:19.917+0000] {dag.py:3239} INFO - Sync 1 DAGs
[2025-02-01T00:29:19.931+0000] {logging_mixin.py:190} INFO - [2025-02-01T00:29:19.931+0000] {dag.py:4180} INFO - Setting next_dagrun for hello_world_dag to None, run_after=None
[2025-02-01T00:29:19.950+0000] {processor.py:208} INFO - Processing /opt/airflow/dags/hello_world.py took 0.070 seconds
[2025-02-01T00:29:50.116+0000] {processor.py:186} INFO - Started process (PID=710) to work on /opt/airflow/dags/hello_world.py
[2025-02-01T00:29:50.116+0000] {processor.py:914} INFO - Processing file /opt/airflow/dags/hello_world.py for tasks to queue
[2025-02-01T00:29:50.118+0000] {logging_mixin.py:190} INFO - [2025-02-01T00:29:50.118+0000] {dagbag.py:588} INFO - Filling up the DagBag from /opt/airflow/dags/hello_world.py
[2025-02-01T00:29:50.122+0000] {processor.py:925} INFO - DAG(s) 'hello_world_dag' retrieved from /opt/airflow/dags/hello_world.py
[2025-02-01T00:29:50.141+0000] {logging_mixin.py:190} INFO - [2025-02-01T00:29:50.140+0000] {dag.py:3239} INFO - Sync 1 DAGs
[2025-02-01T00:29:50.150+0000] {logging_mixin.py:190} INFO - [2025-02-01T00:29:50.150+0000] {dag.py:4180} INFO - Setting next_dagrun for hello_world_dag to None, run_after=None
[2025-02-01T00:29:50.163+0000] {processor.py:208} INFO - Processing /opt/airflow/dags/hello_world.py took 0.051 seconds
[2025-02-01T00:30:20.406+0000] {processor.py:186} INFO - Started process (PID=718) to work on /opt/airflow/dags/hello_world.py
[2025-02-01T00:30:20.408+0000] {processor.py:914} INFO - Processing file /opt/airflow/dags/hello_world.py for tasks to queue
[2025-02-01T00:30:20.409+0000] {logging_mixin.py:190} INFO - [2025-02-01T00:30:20.409+0000] {dagbag.py:588} INFO - Filling up the DagBag from /opt/airflow/dags/hello_world.py
[2025-02-01T00:30:20.414+0000] {processor.py:925} INFO - DAG(s) 'hello_world_dag' retrieved from /opt/airflow/dags/hello_world.py
[2025-02-01T00:30:20.436+0000] {logging_mixin.py:190} INFO - [2025-02-01T00:30:20.436+0000] {dag.py:3239} INFO - Sync 1 DAGs
[2025-02-01T00:30:20.448+0000] {logging_mixin.py:190} INFO - [2025-02-01T00:30:20.448+0000] {dag.py:4180} INFO - Setting next_dagrun for hello_world_dag to None, run_after=None
[2025-02-01T00:30:20.464+0000] {processor.py:208} INFO - Processing /opt/airflow/dags/hello_world.py took 0.063 seconds
[2025-02-01T00:30:50.756+0000] {processor.py:186} INFO - Started process (PID=726) to work on /opt/airflow/dags/hello_world.py
[2025-02-01T00:30:50.758+0000] {processor.py:914} INFO - Processing file /opt/airflow/dags/hello_world.py for tasks to queue
[2025-02-01T00:30:50.759+0000] {logging_mixin.py:190} INFO - [2025-02-01T00:30:50.759+0000] {dagbag.py:588} INFO - Filling up the DagBag from /opt/airflow/dags/hello_world.py
[2025-02-01T00:30:50.764+0000] {processor.py:925} INFO - DAG(s) 'hello_world_dag' retrieved from /opt/airflow/dags/hello_world.py
[2025-02-01T00:30:50.783+0000] {logging_mixin.py:190} INFO - [2025-02-01T00:30:50.783+0000] {dag.py:3239} INFO - Sync 1 DAGs
[2025-02-01T00:30:50.792+0000] {logging_mixin.py:190} INFO - [2025-02-01T00:30:50.792+0000] {dag.py:4180} INFO - Setting next_dagrun for hello_world_dag to None, run_after=None
[2025-02-01T00:30:50.808+0000] {processor.py:208} INFO - Processing /opt/airflow/dags/hello_world.py took 0.056 seconds
[2025-02-01T00:31:21.251+0000] {processor.py:186} INFO - Started process (PID=735) to work on /opt/airflow/dags/hello_world.py
[2025-02-01T00:31:21.252+0000] {processor.py:914} INFO - Processing file /opt/airflow/dags/hello_world.py for tasks to queue
[2025-02-01T00:31:21.255+0000] {logging_mixin.py:190} INFO - [2025-02-01T00:31:21.255+0000] {dagbag.py:588} INFO - Filling up the DagBag from /opt/airflow/dags/hello_world.py
[2025-02-01T00:31:21.263+0000] {processor.py:925} INFO - DAG(s) 'hello_world_dag' retrieved from /opt/airflow/dags/hello_world.py
[2025-02-01T00:31:21.293+0000] {logging_mixin.py:190} INFO - [2025-02-01T00:31:21.292+0000] {dag.py:3239} INFO - Sync 1 DAGs
[2025-02-01T00:31:21.309+0000] {logging_mixin.py:190} INFO - [2025-02-01T00:31:21.309+0000] {dag.py:4180} INFO - Setting next_dagrun for hello_world_dag to None, run_after=None
[2025-02-01T00:31:21.329+0000] {processor.py:208} INFO - Processing /opt/airflow/dags/hello_world.py took 0.086 seconds
[2025-02-01T00:31:51.620+0000] {processor.py:186} INFO - Started process (PID=743) to work on /opt/airflow/dags/hello_world.py
[2025-02-01T00:31:51.623+0000] {processor.py:914} INFO - Processing file /opt/airflow/dags/hello_world.py for tasks to queue
[2025-02-01T00:31:51.626+0000] {logging_mixin.py:190} INFO - [2025-02-01T00:31:51.626+0000] {dagbag.py:588} INFO - Filling up the DagBag from /opt/airflow/dags/hello_world.py
[2025-02-01T00:31:51.633+0000] {processor.py:925} INFO - DAG(s) 'hello_world_dag' retrieved from /opt/airflow/dags/hello_world.py
[2025-02-01T00:31:51.662+0000] {logging_mixin.py:190} INFO - [2025-02-01T00:31:51.662+0000] {dag.py:3239} INFO - Sync 1 DAGs
[2025-02-01T00:31:51.677+0000] {logging_mixin.py:190} INFO - [2025-02-01T00:31:51.677+0000] {dag.py:4180} INFO - Setting next_dagrun for hello_world_dag to None, run_after=None
[2025-02-01T00:31:51.693+0000] {processor.py:208} INFO - Processing /opt/airflow/dags/hello_world.py took 0.079 seconds
[2025-02-01T00:32:21.882+0000] {processor.py:186} INFO - Started process (PID=757) to work on /opt/airflow/dags/hello_world.py
[2025-02-01T00:32:21.883+0000] {processor.py:914} INFO - Processing file /opt/airflow/dags/hello_world.py for tasks to queue
[2025-02-01T00:32:21.887+0000] {logging_mixin.py:190} INFO - [2025-02-01T00:32:21.887+0000] {dagbag.py:588} INFO - Filling up the DagBag from /opt/airflow/dags/hello_world.py
[2025-02-01T00:32:21.893+0000] {processor.py:925} INFO - DAG(s) 'hello_world_dag' retrieved from /opt/airflow/dags/hello_world.py
[2025-02-01T00:32:21.923+0000] {logging_mixin.py:190} INFO - [2025-02-01T00:32:21.923+0000] {dag.py:3239} INFO - Sync 1 DAGs
[2025-02-01T00:32:21.939+0000] {logging_mixin.py:190} INFO - [2025-02-01T00:32:21.939+0000] {dag.py:4180} INFO - Setting next_dagrun for hello_world_dag to None, run_after=None
[2025-02-01T00:32:21.961+0000] {processor.py:208} INFO - Processing /opt/airflow/dags/hello_world.py took 0.085 seconds
[2025-02-01T00:32:52.162+0000] {processor.py:186} INFO - Started process (PID=765) to work on /opt/airflow/dags/hello_world.py
[2025-02-01T00:32:52.164+0000] {processor.py:914} INFO - Processing file /opt/airflow/dags/hello_world.py for tasks to queue
[2025-02-01T00:32:52.167+0000] {logging_mixin.py:190} INFO - [2025-02-01T00:32:52.166+0000] {dagbag.py:588} INFO - Filling up the DagBag from /opt/airflow/dags/hello_world.py
[2025-02-01T00:32:52.173+0000] {processor.py:925} INFO - DAG(s) 'hello_world_dag' retrieved from /opt/airflow/dags/hello_world.py
[2025-02-01T00:32:52.201+0000] {logging_mixin.py:190} INFO - [2025-02-01T00:32:52.201+0000] {dag.py:3239} INFO - Sync 1 DAGs
[2025-02-01T00:32:52.218+0000] {logging_mixin.py:190} INFO - [2025-02-01T00:32:52.217+0000] {dag.py:4180} INFO - Setting next_dagrun for hello_world_dag to None, run_after=None
[2025-02-01T00:32:52.238+0000] {processor.py:208} INFO - Processing /opt/airflow/dags/hello_world.py took 0.083 seconds
[2025-02-01T00:33:22.605+0000] {processor.py:186} INFO - Started process (PID=773) to work on /opt/airflow/dags/hello_world.py
[2025-02-01T00:33:22.608+0000] {processor.py:914} INFO - Processing file /opt/airflow/dags/hello_world.py for tasks to queue
[2025-02-01T00:33:22.617+0000] {logging_mixin.py:190} INFO - [2025-02-01T00:33:22.616+0000] {dagbag.py:588} INFO - Filling up the DagBag from /opt/airflow/dags/hello_world.py
[2025-02-01T00:33:22.636+0000] {processor.py:925} INFO - DAG(s) 'hello_world_dag' retrieved from /opt/airflow/dags/hello_world.py
[2025-02-01T00:33:22.725+0000] {logging_mixin.py:190} INFO - [2025-02-01T00:33:22.724+0000] {dag.py:3239} INFO - Sync 1 DAGs
[2025-02-01T00:33:22.766+0000] {logging_mixin.py:190} INFO - [2025-02-01T00:33:22.765+0000] {dag.py:4180} INFO - Setting next_dagrun for hello_world_dag to None, run_after=None
[2025-02-01T00:33:22.835+0000] {processor.py:208} INFO - Processing /opt/airflow/dags/hello_world.py took 0.246 seconds
