[2025-02-12T00:36:12.539+0000] {local_task_job_runner.py:123} INFO - ::group::Pre task execution logs
[2025-02-12T00:36:12.580+0000] {taskinstance.py:2613} INFO - Dependencies all met for dep_context=non-requeueable deps ti=<TaskInstance: manage_airflow_roles.get_dags_by_owner_interface manual__2025-02-12T00:34:12.728305+00:00 [queued]>
[2025-02-12T00:36:12.618+0000] {taskinstance.py:2613} INFO - Dependencies all met for dep_context=requeueable deps ti=<TaskInstance: manage_airflow_roles.get_dags_by_owner_interface manual__2025-02-12T00:34:12.728305+00:00 [queued]>
[2025-02-12T00:36:12.619+0000] {taskinstance.py:2866} INFO - Starting attempt 3 of 3
[2025-02-12T00:36:12.647+0000] {taskinstance.py:2889} INFO - Executing <Task(_PythonDecoratedOperator): get_dags_by_owner_interface> on 2025-02-12 00:34:12.728305+00:00
[2025-02-12T00:36:12.657+0000] {warnings.py:112} WARNING - /home/***/.local/lib/python3.12/site-packages/***/task/task_runner/standard_task_runner.py:70: DeprecationWarning: This process (pid=619) is multi-threaded, use of fork() may lead to deadlocks in the child.
  pid = os.fork()

[2025-02-12T00:36:12.660+0000] {standard_task_runner.py:72} INFO - Started process 620 to run task
[2025-02-12T00:36:12.659+0000] {standard_task_runner.py:104} INFO - Running: ['***', 'tasks', 'run', 'manage_***_roles', 'get_dags_by_owner_interface', 'manual__2025-02-12T00:34:12.728305+00:00', '--job-id', '261', '--raw', '--subdir', 'DAGS_FOLDER/dag.py', '--cfg-path', '/tmp/tmpknsog03v']
[2025-02-12T00:36:12.661+0000] {standard_task_runner.py:105} INFO - Job 261: Subtask get_dags_by_owner_interface
[2025-02-12T00:36:12.750+0000] {task_command.py:467} INFO - Running <TaskInstance: manage_airflow_roles.get_dags_by_owner_interface manual__2025-02-12T00:34:12.728305+00:00 [running]> on host 3f11f16c6f4b
[2025-02-12T00:36:12.981+0000] {taskinstance.py:3132} INFO - Exporting env vars: AIRFLOW_CTX_DAG_OWNER='data-team' AIRFLOW_CTX_DAG_ID='manage_***_roles' AIRFLOW_CTX_TASK_ID='get_dags_by_owner_interface' AIRFLOW_CTX_EXECUTION_DATE='2025-02-12T00:34:12.728305+00:00' AIRFLOW_CTX_TRY_NUMBER='3' AIRFLOW_CTX_DAG_RUN_ID='manual__2025-02-12T00:34:12.728305+00:00'
[2025-02-12T00:36:12.983+0000] {taskinstance.py:731} INFO - ::endgroup::
[2025-02-12T00:36:15.613+0000] {logging_mixin.py:190} INFO - [{'dag_id': 'hello_world_dag', 'fileloc': '/opt/***/dags/hello_world.py', 'owners': ['dados'], 'is_paused': 'True'}, {'dag_id': 'manage_***_roles', 'fileloc': '/opt/***/dags/dag.py', 'owners': ['data-team'], 'is_paused': 'False'}]
[2025-02-12T00:36:15.614+0000] {python.py:240} INFO - Done. Returned value was: {'hello_world_dag': ['dados'], 'manage_airflow_roles': ['data-team']}
[2025-02-12T00:36:15.631+0000] {taskinstance.py:340} INFO - ::group::Post task execution logs
[2025-02-12T00:36:15.632+0000] {taskinstance.py:352} INFO - Marking task as SUCCESS. dag_id=manage_***_roles, task_id=get_dags_by_owner_interface, run_id=manual__2025-02-12T00:34:12.728305+00:00, execution_date=20250212T003412, start_date=20250212T003612, end_date=20250212T003615
[2025-02-12T00:36:15.649+0000] {local_task_job_runner.py:266} INFO - Task exited with return code 0
[2025-02-12T00:36:15.685+0000] {taskinstance.py:3895} INFO - 1 downstream tasks scheduled from follow-on schedule check
[2025-02-12T00:36:15.688+0000] {local_task_job_runner.py:245} INFO - ::endgroup::
