[2025-02-12T00:41:06.377+0000] {local_task_job_runner.py:123} INFO - ::group::Pre task execution logs
[2025-02-12T00:41:06.422+0000] {taskinstance.py:2613} INFO - Dependencies all met for dep_context=non-requeueable deps ti=<TaskInstance: manage_airflow_roles.get_dags_by_owner_interface manual__2025-02-12T00:34:12.728305+00:00 [queued]>
[2025-02-12T00:41:06.446+0000] {taskinstance.py:2613} INFO - Dependencies all met for dep_context=requeueable deps ti=<TaskInstance: manage_airflow_roles.get_dags_by_owner_interface manual__2025-02-12T00:34:12.728305+00:00 [queued]>
[2025-02-12T00:41:06.447+0000] {taskinstance.py:2866} INFO - Starting attempt 4 of 4
[2025-02-12T00:41:06.476+0000] {taskinstance.py:2889} INFO - Executing <Task(_PythonDecoratedOperator): get_dags_by_owner_interface> on 2025-02-12 00:34:12.728305+00:00
[2025-02-12T00:41:06.483+0000] {warnings.py:112} WARNING - /home/***/.local/lib/python3.12/site-packages/***/task/task_runner/standard_task_runner.py:70: DeprecationWarning: This process (pid=718) is multi-threaded, use of fork() may lead to deadlocks in the child.
  pid = os.fork()

[2025-02-12T00:41:06.485+0000] {standard_task_runner.py:72} INFO - Started process 719 to run task
[2025-02-12T00:41:06.486+0000] {standard_task_runner.py:104} INFO - Running: ['***', 'tasks', 'run', 'manage_***_roles', 'get_dags_by_owner_interface', 'manual__2025-02-12T00:34:12.728305+00:00', '--job-id', '263', '--raw', '--subdir', 'DAGS_FOLDER/dag.py', '--cfg-path', '/tmp/tmpha8amhv5']
[2025-02-12T00:41:06.487+0000] {standard_task_runner.py:105} INFO - Job 263: Subtask get_dags_by_owner_interface
[2025-02-12T00:41:06.560+0000] {task_command.py:467} INFO - Running <TaskInstance: manage_airflow_roles.get_dags_by_owner_interface manual__2025-02-12T00:34:12.728305+00:00 [running]> on host 3f11f16c6f4b
[2025-02-12T00:41:06.727+0000] {taskinstance.py:3132} INFO - Exporting env vars: AIRFLOW_CTX_DAG_OWNER='data-team' AIRFLOW_CTX_DAG_ID='manage_***_roles' AIRFLOW_CTX_TASK_ID='get_dags_by_owner_interface' AIRFLOW_CTX_EXECUTION_DATE='2025-02-12T00:34:12.728305+00:00' AIRFLOW_CTX_TRY_NUMBER='4' AIRFLOW_CTX_DAG_RUN_ID='manual__2025-02-12T00:34:12.728305+00:00'
[2025-02-12T00:41:06.728+0000] {taskinstance.py:731} INFO - ::endgroup::
[2025-02-12T00:41:09.612+0000] {logging_mixin.py:190} INFO - [{'name': 'Admin'}, {'name': 'Op'}, {'name': 'Public'}, {'name': 'User'}, {'name': 'Viewer'}, {'name': 'dados'}, {'name': 'data-team'}]
[2025-02-12T00:41:09.613+0000] {python.py:240} INFO - Done. Returned value was: None
[2025-02-12T00:41:09.621+0000] {taskinstance.py:340} INFO - ::group::Post task execution logs
[2025-02-12T00:41:09.621+0000] {taskinstance.py:352} INFO - Marking task as SUCCESS. dag_id=manage_***_roles, task_id=get_dags_by_owner_interface, run_id=manual__2025-02-12T00:34:12.728305+00:00, execution_date=20250212T003412, start_date=20250212T004106, end_date=20250212T004109
[2025-02-12T00:41:09.670+0000] {local_task_job_runner.py:266} INFO - Task exited with return code 0
[2025-02-12T00:41:09.711+0000] {taskinstance.py:3895} INFO - 1 downstream tasks scheduled from follow-on schedule check
[2025-02-12T00:41:09.713+0000] {local_task_job_runner.py:245} INFO - ::endgroup::
