[2025-01-30T00:44:50.515+0000] {local_task_job_runner.py:123} INFO - ::group::Pre task execution logs
[2025-01-30T00:44:50.540+0000] {taskinstance.py:2613} INFO - Dependencies all met for dep_context=non-requeueable deps ti=<TaskInstance: manage_airflow_roles.create_roles manual__2025-01-30T00:44:42.164833+00:00 [queued]>
[2025-01-30T00:44:50.553+0000] {taskinstance.py:2613} INFO - Dependencies all met for dep_context=requeueable deps ti=<TaskInstance: manage_airflow_roles.create_roles manual__2025-01-30T00:44:42.164833+00:00 [queued]>
[2025-01-30T00:44:50.554+0000] {taskinstance.py:2866} INFO - Starting attempt 1 of 1
[2025-01-30T00:44:50.575+0000] {taskinstance.py:2889} INFO - Executing <Task(_PythonDecoratedOperator): create_roles> on 2025-01-30 00:44:42.164833+00:00
[2025-01-30T00:44:50.582+0000] {warnings.py:112} WARNING - /home/***/.local/lib/python3.12/site-packages/***/task/task_runner/standard_task_runner.py:70: DeprecationWarning: This process (pid=590) is multi-threaded, use of fork() may lead to deadlocks in the child.
  pid = os.fork()

[2025-01-30T00:44:50.584+0000] {standard_task_runner.py:72} INFO - Started process 592 to run task
[2025-01-30T00:44:50.585+0000] {standard_task_runner.py:104} INFO - Running: ['***', 'tasks', 'run', 'manage_***_roles', 'create_roles', 'manual__2025-01-30T00:44:42.164833+00:00', '--job-id', '46', '--raw', '--subdir', 'DAGS_FOLDER/dag.py', '--cfg-path', '/tmp/tmprw_h6s0s']
[2025-01-30T00:44:50.586+0000] {standard_task_runner.py:105} INFO - Job 46: Subtask create_roles
[2025-01-30T00:44:50.796+0000] {task_command.py:467} INFO - Running <TaskInstance: manage_airflow_roles.create_roles manual__2025-01-30T00:44:42.164833+00:00 [running]> on host 156798cb3511
[2025-01-30T00:44:50.869+0000] {taskinstance.py:3132} INFO - Exporting env vars: AIRFLOW_CTX_DAG_OWNER='data-team' AIRFLOW_CTX_DAG_ID='manage_***_roles' AIRFLOW_CTX_TASK_ID='create_roles' AIRFLOW_CTX_EXECUTION_DATE='2025-01-30T00:44:42.164833+00:00' AIRFLOW_CTX_TRY_NUMBER='1' AIRFLOW_CTX_DAG_RUN_ID='manual__2025-01-30T00:44:42.164833+00:00'
[2025-01-30T00:44:50.870+0000] {logging_mixin.py:190} INFO - Task instance is in running state
[2025-01-30T00:44:50.870+0000] {logging_mixin.py:190} INFO -  Previous state of the Task instance: queued
[2025-01-30T00:44:50.870+0000] {logging_mixin.py:190} INFO - Current task name:create_roles state:running start_date:2025-01-30 00:44:50.540531+00:00
[2025-01-30T00:44:50.870+0000] {logging_mixin.py:190} INFO - Dag name:manage_***_roles and current dag run status:running
[2025-01-30T00:44:50.871+0000] {taskinstance.py:731} INFO - ::endgroup::
[2025-01-30T00:44:50.871+0000] {python.py:240} INFO - Done. Returned value was: None
[2025-01-30T00:44:50.882+0000] {taskinstance.py:340} INFO - ::group::Post task execution logs
[2025-01-30T00:44:50.883+0000] {taskinstance.py:352} INFO - Marking task as SUCCESS. dag_id=manage_***_roles, task_id=create_roles, run_id=manual__2025-01-30T00:44:42.164833+00:00, execution_date=20250130T004442, start_date=20250130T004450, end_date=20250130T004450
[2025-01-30T00:44:50.895+0000] {logging_mixin.py:190} INFO - Task instance in success state
[2025-01-30T00:44:50.896+0000] {logging_mixin.py:190} INFO -  Previous state of the Task instance: running
[2025-01-30T00:44:50.897+0000] {logging_mixin.py:190} INFO - Dag name:manage_***_roles queued_at:2025-01-30 00:44:42.195644+00:00
[2025-01-30T00:44:50.897+0000] {logging_mixin.py:190} INFO - Task hostname:156798cb3511 operator:_PythonDecoratedOperator
[2025-01-30T00:44:50.919+0000] {local_task_job_runner.py:266} INFO - Task exited with return code 0
[2025-01-30T00:44:51.109+0000] {taskinstance.py:3895} INFO - 1 downstream tasks scheduled from follow-on schedule check
[2025-01-30T00:44:51.111+0000] {local_task_job_runner.py:245} INFO - ::endgroup::
