[2025-01-19T16:07:52.893+0000] {processor.py:186} INFO - Started process (PID=108) to work on /home/airflow/.local/lib/python3.12/site-packages/airflow/example_dags/example_task_group_decorator.py
[2025-01-19T16:07:52.893+0000] {processor.py:914} INFO - Processing file /home/airflow/.local/lib/python3.12/site-packages/airflow/example_dags/example_task_group_decorator.py for tasks to queue
[2025-01-19T16:07:52.895+0000] {logging_mixin.py:190} INFO - [2025-01-19T16:07:52.895+0000] {dagbag.py:588} INFO - Filling up the DagBag from /home/airflow/.local/lib/python3.12/site-packages/airflow/example_dags/example_task_group_decorator.py
[2025-01-19T16:07:52.904+0000] {processor.py:925} INFO - DAG(s) 'example_task_group_decorator' retrieved from /home/airflow/.local/lib/python3.12/site-packages/airflow/example_dags/example_task_group_decorator.py
[2025-01-19T16:07:52.985+0000] {logging_mixin.py:190} INFO - [2025-01-19T16:07:52.985+0000] {override.py:1911} INFO - Created Permission View: can edit on DAG:example_task_group_decorator
[2025-01-19T16:07:52.993+0000] {logging_mixin.py:190} INFO - [2025-01-19T16:07:52.993+0000] {override.py:1911} INFO - Created Permission View: can delete on DAG:example_task_group_decorator
[2025-01-19T16:07:52.997+0000] {logging_mixin.py:190} INFO - [2025-01-19T16:07:52.997+0000] {override.py:1911} INFO - Created Permission View: can read on DAG:example_task_group_decorator
[2025-01-19T16:07:53.003+0000] {logging_mixin.py:190} INFO - [2025-01-19T16:07:53.002+0000] {override.py:1911} INFO - Created Permission View: can delete on DAG Run:example_task_group_decorator
[2025-01-19T16:07:53.008+0000] {logging_mixin.py:190} INFO - [2025-01-19T16:07:53.008+0000] {override.py:1911} INFO - Created Permission View: can create on DAG Run:example_task_group_decorator
[2025-01-19T16:07:53.014+0000] {logging_mixin.py:190} INFO - [2025-01-19T16:07:53.014+0000] {override.py:1911} INFO - Created Permission View: menu access on DAG Run:example_task_group_decorator
[2025-01-19T16:07:53.020+0000] {logging_mixin.py:190} INFO - [2025-01-19T16:07:53.019+0000] {override.py:1911} INFO - Created Permission View: can read on DAG Run:example_task_group_decorator
[2025-01-19T16:07:53.020+0000] {logging_mixin.py:190} INFO - [2025-01-19T16:07:53.020+0000] {dag.py:3239} INFO - Sync 1 DAGs
[2025-01-19T16:07:53.032+0000] {logging_mixin.py:190} INFO - [2025-01-19T16:07:53.032+0000] {dag.py:3262} INFO - Creating ORM DAG for example_task_group_decorator
[2025-01-19T16:07:53.032+0000] {logging_mixin.py:190} INFO - [2025-01-19T16:07:53.032+0000] {dag.py:4180} INFO - Setting next_dagrun for example_task_group_decorator to None, run_after=None
[2025-01-19T16:07:53.046+0000] {processor.py:208} INFO - Processing /home/airflow/.local/lib/python3.12/site-packages/airflow/example_dags/example_task_group_decorator.py took 0.157 seconds
[2025-01-19T16:08:23.986+0000] {processor.py:186} INFO - Started process (PID=171) to work on /home/airflow/.local/lib/python3.12/site-packages/airflow/example_dags/example_task_group_decorator.py
[2025-01-19T16:08:23.986+0000] {processor.py:914} INFO - Processing file /home/airflow/.local/lib/python3.12/site-packages/airflow/example_dags/example_task_group_decorator.py for tasks to queue
[2025-01-19T16:08:23.989+0000] {logging_mixin.py:190} INFO - [2025-01-19T16:08:23.989+0000] {dagbag.py:588} INFO - Filling up the DagBag from /home/airflow/.local/lib/python3.12/site-packages/airflow/example_dags/example_task_group_decorator.py
[2025-01-19T16:08:24.007+0000] {processor.py:925} INFO - DAG(s) 'example_task_group_decorator' retrieved from /home/airflow/.local/lib/python3.12/site-packages/airflow/example_dags/example_task_group_decorator.py
[2025-01-19T16:08:24.040+0000] {logging_mixin.py:190} INFO - [2025-01-19T16:08:24.040+0000] {dag.py:3239} INFO - Sync 1 DAGs
[2025-01-19T16:08:24.053+0000] {logging_mixin.py:190} INFO - [2025-01-19T16:08:24.052+0000] {dag.py:4180} INFO - Setting next_dagrun for example_task_group_decorator to None, run_after=None
[2025-01-19T16:08:24.067+0000] {processor.py:208} INFO - Processing /home/airflow/.local/lib/python3.12/site-packages/airflow/example_dags/example_task_group_decorator.py took 0.088 seconds
[2025-01-19T16:08:54.774+0000] {processor.py:186} INFO - Started process (PID=234) to work on /home/airflow/.local/lib/python3.12/site-packages/airflow/example_dags/example_task_group_decorator.py
[2025-01-19T16:08:54.776+0000] {processor.py:914} INFO - Processing file /home/airflow/.local/lib/python3.12/site-packages/airflow/example_dags/example_task_group_decorator.py for tasks to queue
[2025-01-19T16:08:54.781+0000] {logging_mixin.py:190} INFO - [2025-01-19T16:08:54.780+0000] {dagbag.py:588} INFO - Filling up the DagBag from /home/airflow/.local/lib/python3.12/site-packages/airflow/example_dags/example_task_group_decorator.py
[2025-01-19T16:08:54.820+0000] {processor.py:925} INFO - DAG(s) 'example_task_group_decorator' retrieved from /home/airflow/.local/lib/python3.12/site-packages/airflow/example_dags/example_task_group_decorator.py
[2025-01-19T16:08:54.846+0000] {logging_mixin.py:190} INFO - [2025-01-19T16:08:54.846+0000] {dag.py:3239} INFO - Sync 1 DAGs
[2025-01-19T16:08:54.856+0000] {logging_mixin.py:190} INFO - [2025-01-19T16:08:54.855+0000] {dag.py:4180} INFO - Setting next_dagrun for example_task_group_decorator to None, run_after=None
[2025-01-19T16:08:54.870+0000] {processor.py:208} INFO - Processing /home/airflow/.local/lib/python3.12/site-packages/airflow/example_dags/example_task_group_decorator.py took 0.110 seconds
