[2025-01-19T16:07:49.733+0000] {processor.py:186} INFO - Started process (PID=72) to work on /home/airflow/.local/lib/python3.12/site-packages/airflow/example_dags/example_branch_labels.py
[2025-01-19T16:07:49.734+0000] {processor.py:914} INFO - Processing file /home/airflow/.local/lib/python3.12/site-packages/airflow/example_dags/example_branch_labels.py for tasks to queue
[2025-01-19T16:07:49.735+0000] {logging_mixin.py:190} INFO - [2025-01-19T16:07:49.735+0000] {dagbag.py:588} INFO - Filling up the DagBag from /home/airflow/.local/lib/python3.12/site-packages/airflow/example_dags/example_branch_labels.py
[2025-01-19T16:07:49.745+0000] {processor.py:925} INFO - DAG(s) 'example_branch_labels' retrieved from /home/airflow/.local/lib/python3.12/site-packages/airflow/example_dags/example_branch_labels.py
[2025-01-19T16:07:49.822+0000] {logging_mixin.py:190} INFO - [2025-01-19T16:07:49.822+0000] {override.py:1911} INFO - Created Permission View: can edit on DAG:example_branch_labels
[2025-01-19T16:07:49.828+0000] {logging_mixin.py:190} INFO - [2025-01-19T16:07:49.828+0000] {override.py:1911} INFO - Created Permission View: can delete on DAG:example_branch_labels
[2025-01-19T16:07:49.832+0000] {logging_mixin.py:190} INFO - [2025-01-19T16:07:49.831+0000] {override.py:1911} INFO - Created Permission View: can read on DAG:example_branch_labels
[2025-01-19T16:07:49.837+0000] {logging_mixin.py:190} INFO - [2025-01-19T16:07:49.837+0000] {override.py:1911} INFO - Created Permission View: can delete on DAG Run:example_branch_labels
[2025-01-19T16:07:49.841+0000] {logging_mixin.py:190} INFO - [2025-01-19T16:07:49.841+0000] {override.py:1911} INFO - Created Permission View: can create on DAG Run:example_branch_labels
[2025-01-19T16:07:49.846+0000] {logging_mixin.py:190} INFO - [2025-01-19T16:07:49.846+0000] {override.py:1911} INFO - Created Permission View: menu access on DAG Run:example_branch_labels
[2025-01-19T16:07:49.850+0000] {logging_mixin.py:190} INFO - [2025-01-19T16:07:49.850+0000] {override.py:1911} INFO - Created Permission View: can read on DAG Run:example_branch_labels
[2025-01-19T16:07:49.851+0000] {logging_mixin.py:190} INFO - [2025-01-19T16:07:49.850+0000] {dag.py:3239} INFO - Sync 1 DAGs
[2025-01-19T16:07:49.862+0000] {logging_mixin.py:190} INFO - [2025-01-19T16:07:49.862+0000] {dag.py:3262} INFO - Creating ORM DAG for example_branch_labels
[2025-01-19T16:07:49.871+0000] {logging_mixin.py:190} INFO - [2025-01-19T16:07:49.871+0000] {dag.py:4180} INFO - Setting next_dagrun for example_branch_labels to 2025-01-18 00:00:00+00:00, run_after=2025-01-19 00:00:00+00:00
[2025-01-19T16:07:49.882+0000] {processor.py:208} INFO - Processing /home/airflow/.local/lib/python3.12/site-packages/airflow/example_dags/example_branch_labels.py took 0.153 seconds
[2025-01-19T16:08:20.618+0000] {processor.py:186} INFO - Started process (PID=134) to work on /home/airflow/.local/lib/python3.12/site-packages/airflow/example_dags/example_branch_labels.py
[2025-01-19T16:08:20.619+0000] {processor.py:914} INFO - Processing file /home/airflow/.local/lib/python3.12/site-packages/airflow/example_dags/example_branch_labels.py for tasks to queue
[2025-01-19T16:08:20.622+0000] {logging_mixin.py:190} INFO - [2025-01-19T16:08:20.621+0000] {dagbag.py:588} INFO - Filling up the DagBag from /home/airflow/.local/lib/python3.12/site-packages/airflow/example_dags/example_branch_labels.py
[2025-01-19T16:08:20.633+0000] {processor.py:925} INFO - DAG(s) 'example_branch_labels' retrieved from /home/airflow/.local/lib/python3.12/site-packages/airflow/example_dags/example_branch_labels.py
[2025-01-19T16:08:20.662+0000] {logging_mixin.py:190} INFO - [2025-01-19T16:08:20.662+0000] {dag.py:3239} INFO - Sync 1 DAGs
[2025-01-19T16:08:20.691+0000] {logging_mixin.py:190} INFO - [2025-01-19T16:08:20.690+0000] {dag.py:4180} INFO - Setting next_dagrun for example_branch_labels to 2025-01-18 00:00:00+00:00, run_after=2025-01-19 00:00:00+00:00
[2025-01-19T16:08:20.712+0000] {processor.py:208} INFO - Processing /home/airflow/.local/lib/python3.12/site-packages/airflow/example_dags/example_branch_labels.py took 0.102 seconds
[2025-01-19T16:08:50.760+0000] {processor.py:186} INFO - Started process (PID=197) to work on /home/airflow/.local/lib/python3.12/site-packages/airflow/example_dags/example_branch_labels.py
[2025-01-19T16:08:50.760+0000] {processor.py:914} INFO - Processing file /home/airflow/.local/lib/python3.12/site-packages/airflow/example_dags/example_branch_labels.py for tasks to queue
[2025-01-19T16:08:50.763+0000] {logging_mixin.py:190} INFO - [2025-01-19T16:08:50.762+0000] {dagbag.py:588} INFO - Filling up the DagBag from /home/airflow/.local/lib/python3.12/site-packages/airflow/example_dags/example_branch_labels.py
[2025-01-19T16:08:50.772+0000] {processor.py:925} INFO - DAG(s) 'example_branch_labels' retrieved from /home/airflow/.local/lib/python3.12/site-packages/airflow/example_dags/example_branch_labels.py
[2025-01-19T16:08:50.792+0000] {logging_mixin.py:190} INFO - [2025-01-19T16:08:50.792+0000] {dag.py:3239} INFO - Sync 1 DAGs
[2025-01-19T16:08:50.816+0000] {logging_mixin.py:190} INFO - [2025-01-19T16:08:50.816+0000] {dag.py:4180} INFO - Setting next_dagrun for example_branch_labels to 2025-01-18 00:00:00+00:00, run_after=2025-01-19 00:00:00+00:00
[2025-01-19T16:08:50.835+0000] {processor.py:208} INFO - Processing /home/airflow/.local/lib/python3.12/site-packages/airflow/example_dags/example_branch_labels.py took 0.082 seconds
