[2025-01-19T16:07:54.009+0000] {processor.py:186} INFO - Started process (PID=116) to work on /home/airflow/.local/lib/python3.12/site-packages/airflow/example_dags/example_branch_operator.py
[2025-01-19T16:07:54.009+0000] {processor.py:914} INFO - Processing file /home/airflow/.local/lib/python3.12/site-packages/airflow/example_dags/example_branch_operator.py for tasks to queue
[2025-01-19T16:07:54.010+0000] {logging_mixin.py:190} INFO - [2025-01-19T16:07:54.010+0000] {dagbag.py:588} INFO - Filling up the DagBag from /home/airflow/.local/lib/python3.12/site-packages/airflow/example_dags/example_branch_operator.py
[2025-01-19T16:07:54.021+0000] {processor.py:925} INFO - DAG(s) 'example_branch_operator' retrieved from /home/airflow/.local/lib/python3.12/site-packages/airflow/example_dags/example_branch_operator.py
[2025-01-19T16:07:54.119+0000] {logging_mixin.py:190} INFO - [2025-01-19T16:07:54.118+0000] {override.py:1911} INFO - Created Permission View: can edit on DAG:example_branch_operator
[2025-01-19T16:07:54.128+0000] {logging_mixin.py:190} INFO - [2025-01-19T16:07:54.127+0000] {override.py:1911} INFO - Created Permission View: can delete on DAG:example_branch_operator
[2025-01-19T16:07:54.133+0000] {logging_mixin.py:190} INFO - [2025-01-19T16:07:54.133+0000] {override.py:1911} INFO - Created Permission View: can read on DAG:example_branch_operator
[2025-01-19T16:07:54.138+0000] {logging_mixin.py:190} INFO - [2025-01-19T16:07:54.137+0000] {override.py:1911} INFO - Created Permission View: can delete on DAG Run:example_branch_operator
[2025-01-19T16:07:54.143+0000] {logging_mixin.py:190} INFO - [2025-01-19T16:07:54.142+0000] {override.py:1911} INFO - Created Permission View: can create on DAG Run:example_branch_operator
[2025-01-19T16:07:54.147+0000] {logging_mixin.py:190} INFO - [2025-01-19T16:07:54.147+0000] {override.py:1911} INFO - Created Permission View: menu access on DAG Run:example_branch_operator
[2025-01-19T16:07:54.152+0000] {logging_mixin.py:190} INFO - [2025-01-19T16:07:54.152+0000] {override.py:1911} INFO - Created Permission View: can read on DAG Run:example_branch_operator
[2025-01-19T16:07:54.152+0000] {logging_mixin.py:190} INFO - [2025-01-19T16:07:54.152+0000] {dag.py:3239} INFO - Sync 1 DAGs
[2025-01-19T16:07:54.166+0000] {logging_mixin.py:190} INFO - [2025-01-19T16:07:54.166+0000] {dag.py:3262} INFO - Creating ORM DAG for example_branch_operator
[2025-01-19T16:07:54.178+0000] {logging_mixin.py:190} INFO - [2025-01-19T16:07:54.177+0000] {dag.py:4180} INFO - Setting next_dagrun for example_branch_operator to 2025-01-18 00:00:00+00:00, run_after=2025-01-19 00:00:00+00:00
[2025-01-19T16:07:54.194+0000] {processor.py:208} INFO - Processing /home/airflow/.local/lib/python3.12/site-packages/airflow/example_dags/example_branch_operator.py took 0.188 seconds
[2025-01-19T16:08:24.755+0000] {processor.py:186} INFO - Started process (PID=179) to work on /home/airflow/.local/lib/python3.12/site-packages/airflow/example_dags/example_branch_operator.py
[2025-01-19T16:08:24.757+0000] {processor.py:914} INFO - Processing file /home/airflow/.local/lib/python3.12/site-packages/airflow/example_dags/example_branch_operator.py for tasks to queue
[2025-01-19T16:08:24.759+0000] {logging_mixin.py:190} INFO - [2025-01-19T16:08:24.758+0000] {dagbag.py:588} INFO - Filling up the DagBag from /home/airflow/.local/lib/python3.12/site-packages/airflow/example_dags/example_branch_operator.py
[2025-01-19T16:08:24.777+0000] {processor.py:925} INFO - DAG(s) 'example_branch_operator' retrieved from /home/airflow/.local/lib/python3.12/site-packages/airflow/example_dags/example_branch_operator.py
[2025-01-19T16:08:24.804+0000] {logging_mixin.py:190} INFO - [2025-01-19T16:08:24.804+0000] {dag.py:3239} INFO - Sync 1 DAGs
[2025-01-19T16:08:24.831+0000] {logging_mixin.py:190} INFO - [2025-01-19T16:08:24.830+0000] {dag.py:4180} INFO - Setting next_dagrun for example_branch_operator to 2025-01-18 00:00:00+00:00, run_after=2025-01-19 00:00:00+00:00
[2025-01-19T16:08:24.853+0000] {processor.py:208} INFO - Processing /home/airflow/.local/lib/python3.12/site-packages/airflow/example_dags/example_branch_operator.py took 0.105 seconds
[2025-01-19T16:08:55.598+0000] {processor.py:186} INFO - Started process (PID=242) to work on /home/airflow/.local/lib/python3.12/site-packages/airflow/example_dags/example_branch_operator.py
[2025-01-19T16:08:55.600+0000] {processor.py:914} INFO - Processing file /home/airflow/.local/lib/python3.12/site-packages/airflow/example_dags/example_branch_operator.py for tasks to queue
[2025-01-19T16:08:55.606+0000] {logging_mixin.py:190} INFO - [2025-01-19T16:08:55.605+0000] {dagbag.py:588} INFO - Filling up the DagBag from /home/airflow/.local/lib/python3.12/site-packages/airflow/example_dags/example_branch_operator.py
[2025-01-19T16:08:55.644+0000] {processor.py:925} INFO - DAG(s) 'example_branch_operator' retrieved from /home/airflow/.local/lib/python3.12/site-packages/airflow/example_dags/example_branch_operator.py
[2025-01-19T16:08:55.673+0000] {logging_mixin.py:190} INFO - [2025-01-19T16:08:55.673+0000] {dag.py:3239} INFO - Sync 1 DAGs
[2025-01-19T16:08:55.688+0000] {logging_mixin.py:190} INFO - [2025-01-19T16:08:55.688+0000] {dag.py:4180} INFO - Setting next_dagrun for example_branch_operator to 2025-01-18 00:00:00+00:00, run_after=2025-01-19 00:00:00+00:00
[2025-01-19T16:08:55.704+0000] {processor.py:208} INFO - Processing /home/airflow/.local/lib/python3.12/site-packages/airflow/example_dags/example_branch_operator.py took 0.120 seconds
