[2025-01-19T16:07:49.370+0000] {processor.py:186} INFO - Started process (PID=69) to work on /home/airflow/.local/lib/python3.12/site-packages/airflow/example_dags/example_setup_teardown.py
[2025-01-19T16:07:49.370+0000] {processor.py:914} INFO - Processing file /home/airflow/.local/lib/python3.12/site-packages/airflow/example_dags/example_setup_teardown.py for tasks to queue
[2025-01-19T16:07:49.372+0000] {logging_mixin.py:190} INFO - [2025-01-19T16:07:49.371+0000] {dagbag.py:588} INFO - Filling up the DagBag from /home/airflow/.local/lib/python3.12/site-packages/airflow/example_dags/example_setup_teardown.py
[2025-01-19T16:07:49.378+0000] {processor.py:925} INFO - DAG(s) 'example_setup_teardown' retrieved from /home/airflow/.local/lib/python3.12/site-packages/airflow/example_dags/example_setup_teardown.py
[2025-01-19T16:07:49.464+0000] {logging_mixin.py:190} INFO - [2025-01-19T16:07:49.463+0000] {override.py:1911} INFO - Created Permission View: can edit on DAG:example_setup_teardown
[2025-01-19T16:07:49.471+0000] {logging_mixin.py:190} INFO - [2025-01-19T16:07:49.471+0000] {override.py:1911} INFO - Created Permission View: can delete on DAG:example_setup_teardown
[2025-01-19T16:07:49.475+0000] {logging_mixin.py:190} INFO - [2025-01-19T16:07:49.475+0000] {override.py:1911} INFO - Created Permission View: can read on DAG:example_setup_teardown
[2025-01-19T16:07:49.478+0000] {logging_mixin.py:190} INFO - [2025-01-19T16:07:49.478+0000] {override.py:1911} INFO - Created Permission View: can delete on DAG Run:example_setup_teardown
[2025-01-19T16:07:49.481+0000] {logging_mixin.py:190} INFO - [2025-01-19T16:07:49.481+0000] {override.py:1911} INFO - Created Permission View: can create on DAG Run:example_setup_teardown
[2025-01-19T16:07:49.486+0000] {logging_mixin.py:190} INFO - [2025-01-19T16:07:49.486+0000] {override.py:1911} INFO - Created Permission View: menu access on DAG Run:example_setup_teardown
[2025-01-19T16:07:49.491+0000] {logging_mixin.py:190} INFO - [2025-01-19T16:07:49.490+0000] {override.py:1911} INFO - Created Permission View: can read on DAG Run:example_setup_teardown
[2025-01-19T16:07:49.491+0000] {logging_mixin.py:190} INFO - [2025-01-19T16:07:49.491+0000] {dag.py:3239} INFO - Sync 1 DAGs
[2025-01-19T16:07:49.500+0000] {logging_mixin.py:190} INFO - [2025-01-19T16:07:49.500+0000] {dag.py:3262} INFO - Creating ORM DAG for example_setup_teardown
[2025-01-19T16:07:49.500+0000] {logging_mixin.py:190} INFO - [2025-01-19T16:07:49.500+0000] {dag.py:4180} INFO - Setting next_dagrun for example_setup_teardown to None, run_after=None
[2025-01-19T16:07:49.512+0000] {processor.py:208} INFO - Processing /home/airflow/.local/lib/python3.12/site-packages/airflow/example_dags/example_setup_teardown.py took 0.151 seconds
[2025-01-19T16:08:19.580+0000] {processor.py:186} INFO - Started process (PID=132) to work on /home/airflow/.local/lib/python3.12/site-packages/airflow/example_dags/example_setup_teardown.py
[2025-01-19T16:08:19.581+0000] {processor.py:914} INFO - Processing file /home/airflow/.local/lib/python3.12/site-packages/airflow/example_dags/example_setup_teardown.py for tasks to queue
[2025-01-19T16:08:19.582+0000] {logging_mixin.py:190} INFO - [2025-01-19T16:08:19.582+0000] {dagbag.py:588} INFO - Filling up the DagBag from /home/airflow/.local/lib/python3.12/site-packages/airflow/example_dags/example_setup_teardown.py
[2025-01-19T16:08:19.588+0000] {processor.py:925} INFO - DAG(s) 'example_setup_teardown' retrieved from /home/airflow/.local/lib/python3.12/site-packages/airflow/example_dags/example_setup_teardown.py
[2025-01-19T16:08:19.605+0000] {logging_mixin.py:190} INFO - [2025-01-19T16:08:19.605+0000] {dag.py:3239} INFO - Sync 1 DAGs
[2025-01-19T16:08:19.617+0000] {logging_mixin.py:190} INFO - [2025-01-19T16:08:19.617+0000] {dag.py:4180} INFO - Setting next_dagrun for example_setup_teardown to None, run_after=None
[2025-01-19T16:08:19.632+0000] {processor.py:208} INFO - Processing /home/airflow/.local/lib/python3.12/site-packages/airflow/example_dags/example_setup_teardown.py took 0.055 seconds
[2025-01-19T16:08:49.683+0000] {processor.py:186} INFO - Started process (PID=195) to work on /home/airflow/.local/lib/python3.12/site-packages/airflow/example_dags/example_setup_teardown.py
[2025-01-19T16:08:49.683+0000] {processor.py:914} INFO - Processing file /home/airflow/.local/lib/python3.12/site-packages/airflow/example_dags/example_setup_teardown.py for tasks to queue
[2025-01-19T16:08:49.684+0000] {logging_mixin.py:190} INFO - [2025-01-19T16:08:49.684+0000] {dagbag.py:588} INFO - Filling up the DagBag from /home/airflow/.local/lib/python3.12/site-packages/airflow/example_dags/example_setup_teardown.py
[2025-01-19T16:08:49.689+0000] {processor.py:925} INFO - DAG(s) 'example_setup_teardown' retrieved from /home/airflow/.local/lib/python3.12/site-packages/airflow/example_dags/example_setup_teardown.py
[2025-01-19T16:08:49.704+0000] {logging_mixin.py:190} INFO - [2025-01-19T16:08:49.704+0000] {dag.py:3239} INFO - Sync 1 DAGs
[2025-01-19T16:08:49.713+0000] {logging_mixin.py:190} INFO - [2025-01-19T16:08:49.713+0000] {dag.py:4180} INFO - Setting next_dagrun for example_setup_teardown to None, run_after=None
[2025-01-19T16:08:49.725+0000] {processor.py:208} INFO - Processing /home/airflow/.local/lib/python3.12/site-packages/airflow/example_dags/example_setup_teardown.py took 0.046 seconds
