[2025-01-19T16:07:48.972+0000] {processor.py:186} INFO - Started process (PID=65) to work on /home/airflow/.local/lib/python3.12/site-packages/airflow/example_dags/example_local_kubernetes_executor.py
[2025-01-19T16:07:48.972+0000] {processor.py:914} INFO - Processing file /home/airflow/.local/lib/python3.12/site-packages/airflow/example_dags/example_local_kubernetes_executor.py for tasks to queue
[2025-01-19T16:07:48.974+0000] {logging_mixin.py:190} INFO - [2025-01-19T16:07:48.974+0000] {dagbag.py:588} INFO - Filling up the DagBag from /home/airflow/.local/lib/python3.12/site-packages/airflow/example_dags/example_local_kubernetes_executor.py
[2025-01-19T16:07:48.986+0000] {processor.py:925} INFO - DAG(s) 'example_local_kubernetes_executor' retrieved from /home/airflow/.local/lib/python3.12/site-packages/airflow/example_dags/example_local_kubernetes_executor.py
[2025-01-19T16:07:49.149+0000] {logging_mixin.py:190} INFO - [2025-01-19T16:07:49.149+0000] {override.py:1911} INFO - Created Permission View: can edit on DAG:example_local_kubernetes_executor
[2025-01-19T16:07:49.157+0000] {logging_mixin.py:190} INFO - [2025-01-19T16:07:49.157+0000] {override.py:1911} INFO - Created Permission View: can delete on DAG:example_local_kubernetes_executor
[2025-01-19T16:07:49.162+0000] {logging_mixin.py:190} INFO - [2025-01-19T16:07:49.162+0000] {override.py:1911} INFO - Created Permission View: can read on DAG:example_local_kubernetes_executor
[2025-01-19T16:07:49.167+0000] {logging_mixin.py:190} INFO - [2025-01-19T16:07:49.167+0000] {override.py:1911} INFO - Created Permission View: can delete on DAG Run:example_local_kubernetes_executor
[2025-01-19T16:07:49.171+0000] {logging_mixin.py:190} INFO - [2025-01-19T16:07:49.171+0000] {override.py:1911} INFO - Created Permission View: can create on DAG Run:example_local_kubernetes_executor
[2025-01-19T16:07:49.175+0000] {logging_mixin.py:190} INFO - [2025-01-19T16:07:49.174+0000] {override.py:1911} INFO - Created Permission View: menu access on DAG Run:example_local_kubernetes_executor
[2025-01-19T16:07:49.178+0000] {logging_mixin.py:190} INFO - [2025-01-19T16:07:49.178+0000] {override.py:1911} INFO - Created Permission View: can read on DAG Run:example_local_kubernetes_executor
[2025-01-19T16:07:49.178+0000] {logging_mixin.py:190} INFO - [2025-01-19T16:07:49.178+0000] {dag.py:3239} INFO - Sync 1 DAGs
[2025-01-19T16:07:49.185+0000] {logging_mixin.py:190} INFO - [2025-01-19T16:07:49.185+0000] {dag.py:3262} INFO - Creating ORM DAG for example_local_kubernetes_executor
[2025-01-19T16:07:49.186+0000] {logging_mixin.py:190} INFO - [2025-01-19T16:07:49.185+0000] {dag.py:4180} INFO - Setting next_dagrun for example_local_kubernetes_executor to None, run_after=None
[2025-01-19T16:07:49.199+0000] {processor.py:208} INFO - Processing /home/airflow/.local/lib/python3.12/site-packages/airflow/example_dags/example_local_kubernetes_executor.py took 0.231 seconds
[2025-01-19T16:08:19.383+0000] {processor.py:186} INFO - Started process (PID=128) to work on /home/airflow/.local/lib/python3.12/site-packages/airflow/example_dags/example_local_kubernetes_executor.py
[2025-01-19T16:08:19.384+0000] {processor.py:914} INFO - Processing file /home/airflow/.local/lib/python3.12/site-packages/airflow/example_dags/example_local_kubernetes_executor.py for tasks to queue
[2025-01-19T16:08:19.386+0000] {logging_mixin.py:190} INFO - [2025-01-19T16:08:19.386+0000] {dagbag.py:588} INFO - Filling up the DagBag from /home/airflow/.local/lib/python3.12/site-packages/airflow/example_dags/example_local_kubernetes_executor.py
[2025-01-19T16:08:19.393+0000] {processor.py:925} INFO - DAG(s) 'example_local_kubernetes_executor' retrieved from /home/airflow/.local/lib/python3.12/site-packages/airflow/example_dags/example_local_kubernetes_executor.py
[2025-01-19T16:08:19.408+0000] {logging_mixin.py:190} INFO - [2025-01-19T16:08:19.408+0000] {dag.py:3239} INFO - Sync 1 DAGs
[2025-01-19T16:08:19.416+0000] {logging_mixin.py:190} INFO - [2025-01-19T16:08:19.416+0000] {dag.py:4180} INFO - Setting next_dagrun for example_local_kubernetes_executor to None, run_after=None
[2025-01-19T16:08:19.428+0000] {processor.py:208} INFO - Processing /home/airflow/.local/lib/python3.12/site-packages/airflow/example_dags/example_local_kubernetes_executor.py took 0.049 seconds
[2025-01-19T16:08:49.488+0000] {processor.py:186} INFO - Started process (PID=191) to work on /home/airflow/.local/lib/python3.12/site-packages/airflow/example_dags/example_local_kubernetes_executor.py
[2025-01-19T16:08:49.490+0000] {processor.py:914} INFO - Processing file /home/airflow/.local/lib/python3.12/site-packages/airflow/example_dags/example_local_kubernetes_executor.py for tasks to queue
[2025-01-19T16:08:49.492+0000] {logging_mixin.py:190} INFO - [2025-01-19T16:08:49.492+0000] {dagbag.py:588} INFO - Filling up the DagBag from /home/airflow/.local/lib/python3.12/site-packages/airflow/example_dags/example_local_kubernetes_executor.py
[2025-01-19T16:08:49.503+0000] {processor.py:925} INFO - DAG(s) 'example_local_kubernetes_executor' retrieved from /home/airflow/.local/lib/python3.12/site-packages/airflow/example_dags/example_local_kubernetes_executor.py
[2025-01-19T16:08:49.530+0000] {logging_mixin.py:190} INFO - [2025-01-19T16:08:49.529+0000] {dag.py:3239} INFO - Sync 1 DAGs
[2025-01-19T16:08:49.548+0000] {logging_mixin.py:190} INFO - [2025-01-19T16:08:49.548+0000] {dag.py:4180} INFO - Setting next_dagrun for example_local_kubernetes_executor to None, run_after=None
[2025-01-19T16:08:49.572+0000] {processor.py:208} INFO - Processing /home/airflow/.local/lib/python3.12/site-packages/airflow/example_dags/example_local_kubernetes_executor.py took 0.090 seconds
