[2025-01-19T16:07:51.340+0000] {processor.py:186} INFO - Started process (PID=82) to work on /home/airflow/.local/lib/python3.12/site-packages/airflow/example_dags/example_kubernetes_executor.py
[2025-01-19T16:07:51.340+0000] {processor.py:914} INFO - Processing file /home/airflow/.local/lib/python3.12/site-packages/airflow/example_dags/example_kubernetes_executor.py for tasks to queue
[2025-01-19T16:07:51.341+0000] {logging_mixin.py:190} INFO - [2025-01-19T16:07:51.341+0000] {dagbag.py:588} INFO - Filling up the DagBag from /home/airflow/.local/lib/python3.12/site-packages/airflow/example_dags/example_kubernetes_executor.py
[2025-01-19T16:07:51.353+0000] {processor.py:925} INFO - DAG(s) 'example_kubernetes_executor' retrieved from /home/airflow/.local/lib/python3.12/site-packages/airflow/example_dags/example_kubernetes_executor.py
[2025-01-19T16:07:51.446+0000] {logging_mixin.py:190} INFO - [2025-01-19T16:07:51.446+0000] {override.py:1911} INFO - Created Permission View: can edit on DAG:example_kubernetes_executor
[2025-01-19T16:07:51.454+0000] {logging_mixin.py:190} INFO - [2025-01-19T16:07:51.453+0000] {override.py:1911} INFO - Created Permission View: can delete on DAG:example_kubernetes_executor
[2025-01-19T16:07:51.458+0000] {logging_mixin.py:190} INFO - [2025-01-19T16:07:51.458+0000] {override.py:1911} INFO - Created Permission View: can read on DAG:example_kubernetes_executor
[2025-01-19T16:07:51.464+0000] {logging_mixin.py:190} INFO - [2025-01-19T16:07:51.463+0000] {override.py:1911} INFO - Created Permission View: can delete on DAG Run:example_kubernetes_executor
[2025-01-19T16:07:51.468+0000] {logging_mixin.py:190} INFO - [2025-01-19T16:07:51.467+0000] {override.py:1911} INFO - Created Permission View: can create on DAG Run:example_kubernetes_executor
[2025-01-19T16:07:51.471+0000] {logging_mixin.py:190} INFO - [2025-01-19T16:07:51.471+0000] {override.py:1911} INFO - Created Permission View: menu access on DAG Run:example_kubernetes_executor
[2025-01-19T16:07:51.476+0000] {logging_mixin.py:190} INFO - [2025-01-19T16:07:51.475+0000] {override.py:1911} INFO - Created Permission View: can read on DAG Run:example_kubernetes_executor
[2025-01-19T16:07:51.476+0000] {logging_mixin.py:190} INFO - [2025-01-19T16:07:51.476+0000] {dag.py:3239} INFO - Sync 1 DAGs
[2025-01-19T16:07:51.484+0000] {logging_mixin.py:190} INFO - [2025-01-19T16:07:51.484+0000] {dag.py:3262} INFO - Creating ORM DAG for example_kubernetes_executor
[2025-01-19T16:07:51.484+0000] {logging_mixin.py:190} INFO - [2025-01-19T16:07:51.484+0000] {dag.py:4180} INFO - Setting next_dagrun for example_kubernetes_executor to None, run_after=None
[2025-01-19T16:07:51.495+0000] {processor.py:208} INFO - Processing /home/airflow/.local/lib/python3.12/site-packages/airflow/example_dags/example_kubernetes_executor.py took 0.160 seconds
[2025-01-19T16:08:21.898+0000] {processor.py:186} INFO - Started process (PID=145) to work on /home/airflow/.local/lib/python3.12/site-packages/airflow/example_dags/example_kubernetes_executor.py
[2025-01-19T16:08:21.898+0000] {processor.py:914} INFO - Processing file /home/airflow/.local/lib/python3.12/site-packages/airflow/example_dags/example_kubernetes_executor.py for tasks to queue
[2025-01-19T16:08:21.899+0000] {logging_mixin.py:190} INFO - [2025-01-19T16:08:21.899+0000] {dagbag.py:588} INFO - Filling up the DagBag from /home/airflow/.local/lib/python3.12/site-packages/airflow/example_dags/example_kubernetes_executor.py
[2025-01-19T16:08:21.906+0000] {processor.py:925} INFO - DAG(s) 'example_kubernetes_executor' retrieved from /home/airflow/.local/lib/python3.12/site-packages/airflow/example_dags/example_kubernetes_executor.py
[2025-01-19T16:08:21.921+0000] {logging_mixin.py:190} INFO - [2025-01-19T16:08:21.920+0000] {dag.py:3239} INFO - Sync 1 DAGs
[2025-01-19T16:08:21.928+0000] {logging_mixin.py:190} INFO - [2025-01-19T16:08:21.928+0000] {dag.py:4180} INFO - Setting next_dagrun for example_kubernetes_executor to None, run_after=None
[2025-01-19T16:08:21.941+0000] {processor.py:208} INFO - Processing /home/airflow/.local/lib/python3.12/site-packages/airflow/example_dags/example_kubernetes_executor.py took 0.047 seconds
[2025-01-19T16:08:52.755+0000] {processor.py:186} INFO - Started process (PID=214) to work on /home/airflow/.local/lib/python3.12/site-packages/airflow/example_dags/example_kubernetes_executor.py
[2025-01-19T16:08:52.756+0000] {processor.py:914} INFO - Processing file /home/airflow/.local/lib/python3.12/site-packages/airflow/example_dags/example_kubernetes_executor.py for tasks to queue
[2025-01-19T16:08:52.757+0000] {logging_mixin.py:190} INFO - [2025-01-19T16:08:52.757+0000] {dagbag.py:588} INFO - Filling up the DagBag from /home/airflow/.local/lib/python3.12/site-packages/airflow/example_dags/example_kubernetes_executor.py
[2025-01-19T16:08:52.765+0000] {processor.py:925} INFO - DAG(s) 'example_kubernetes_executor' retrieved from /home/airflow/.local/lib/python3.12/site-packages/airflow/example_dags/example_kubernetes_executor.py
[2025-01-19T16:08:52.786+0000] {logging_mixin.py:190} INFO - [2025-01-19T16:08:52.786+0000] {dag.py:3239} INFO - Sync 1 DAGs
[2025-01-19T16:08:52.797+0000] {logging_mixin.py:190} INFO - [2025-01-19T16:08:52.797+0000] {dag.py:4180} INFO - Setting next_dagrun for example_kubernetes_executor to None, run_after=None
[2025-01-19T16:08:52.812+0000] {processor.py:208} INFO - Processing /home/airflow/.local/lib/python3.12/site-packages/airflow/example_dags/example_kubernetes_executor.py took 0.060 seconds
