[2025-01-19T16:07:54.065+0000] {processor.py:186} INFO - Started process (PID=117) to work on /home/airflow/.local/lib/python3.12/site-packages/airflow/example_dags/example_xcomargs.py
[2025-01-19T16:07:54.066+0000] {processor.py:914} INFO - Processing file /home/airflow/.local/lib/python3.12/site-packages/airflow/example_dags/example_xcomargs.py for tasks to queue
[2025-01-19T16:07:54.068+0000] {logging_mixin.py:190} INFO - [2025-01-19T16:07:54.067+0000] {dagbag.py:588} INFO - Filling up the DagBag from /home/airflow/.local/lib/python3.12/site-packages/airflow/example_dags/example_xcomargs.py
[2025-01-19T16:07:54.076+0000] {processor.py:925} INFO - DAG(s) 'example_xcom_args_with_operators', 'example_xcom_args' retrieved from /home/airflow/.local/lib/python3.12/site-packages/airflow/example_dags/example_xcomargs.py
[2025-01-19T16:07:54.160+0000] {logging_mixin.py:190} INFO - [2025-01-19T16:07:54.159+0000] {override.py:1911} INFO - Created Permission View: can edit on DAG:example_xcom_args_with_operators
[2025-01-19T16:07:54.170+0000] {logging_mixin.py:190} INFO - [2025-01-19T16:07:54.170+0000] {override.py:1911} INFO - Created Permission View: can delete on DAG:example_xcom_args_with_operators
[2025-01-19T16:07:54.176+0000] {logging_mixin.py:190} INFO - [2025-01-19T16:07:54.176+0000] {override.py:1911} INFO - Created Permission View: can read on DAG:example_xcom_args_with_operators
[2025-01-19T16:07:54.183+0000] {logging_mixin.py:190} INFO - [2025-01-19T16:07:54.182+0000] {override.py:1911} INFO - Created Permission View: can delete on DAG Run:example_xcom_args_with_operators
[2025-01-19T16:07:54.188+0000] {logging_mixin.py:190} INFO - [2025-01-19T16:07:54.188+0000] {override.py:1911} INFO - Created Permission View: can create on DAG Run:example_xcom_args_with_operators
[2025-01-19T16:07:54.195+0000] {logging_mixin.py:190} INFO - [2025-01-19T16:07:54.195+0000] {override.py:1911} INFO - Created Permission View: menu access on DAG Run:example_xcom_args_with_operators
[2025-01-19T16:07:54.202+0000] {logging_mixin.py:190} INFO - [2025-01-19T16:07:54.202+0000] {override.py:1911} INFO - Created Permission View: can read on DAG Run:example_xcom_args_with_operators
[2025-01-19T16:07:54.218+0000] {logging_mixin.py:190} INFO - [2025-01-19T16:07:54.218+0000] {override.py:1911} INFO - Created Permission View: can edit on DAG:example_xcom_args
[2025-01-19T16:07:54.223+0000] {logging_mixin.py:190} INFO - [2025-01-19T16:07:54.223+0000] {override.py:1911} INFO - Created Permission View: can delete on DAG:example_xcom_args
[2025-01-19T16:07:54.229+0000] {logging_mixin.py:190} INFO - [2025-01-19T16:07:54.229+0000] {override.py:1911} INFO - Created Permission View: can read on DAG:example_xcom_args
[2025-01-19T16:07:54.234+0000] {logging_mixin.py:190} INFO - [2025-01-19T16:07:54.234+0000] {override.py:1911} INFO - Created Permission View: can delete on DAG Run:example_xcom_args
[2025-01-19T16:07:54.240+0000] {logging_mixin.py:190} INFO - [2025-01-19T16:07:54.240+0000] {override.py:1911} INFO - Created Permission View: can create on DAG Run:example_xcom_args
[2025-01-19T16:07:54.246+0000] {logging_mixin.py:190} INFO - [2025-01-19T16:07:54.246+0000] {override.py:1911} INFO - Created Permission View: menu access on DAG Run:example_xcom_args
[2025-01-19T16:07:54.251+0000] {logging_mixin.py:190} INFO - [2025-01-19T16:07:54.251+0000] {override.py:1911} INFO - Created Permission View: can read on DAG Run:example_xcom_args
[2025-01-19T16:07:54.252+0000] {logging_mixin.py:190} INFO - [2025-01-19T16:07:54.251+0000] {dag.py:3239} INFO - Sync 2 DAGs
[2025-01-19T16:07:54.266+0000] {logging_mixin.py:190} INFO - [2025-01-19T16:07:54.266+0000] {dag.py:3262} INFO - Creating ORM DAG for example_xcom_args
[2025-01-19T16:07:54.267+0000] {logging_mixin.py:190} INFO - [2025-01-19T16:07:54.267+0000] {dag.py:3262} INFO - Creating ORM DAG for example_xcom_args_with_operators
[2025-01-19T16:07:54.267+0000] {logging_mixin.py:190} INFO - [2025-01-19T16:07:54.267+0000] {dag.py:4180} INFO - Setting next_dagrun for example_xcom_args to None, run_after=None
[2025-01-19T16:07:54.268+0000] {logging_mixin.py:190} INFO - [2025-01-19T16:07:54.268+0000] {dag.py:4180} INFO - Setting next_dagrun for example_xcom_args_with_operators to None, run_after=None
[2025-01-19T16:07:54.290+0000] {processor.py:208} INFO - Processing /home/airflow/.local/lib/python3.12/site-packages/airflow/example_dags/example_xcomargs.py took 0.229 seconds
[2025-01-19T16:08:24.819+0000] {processor.py:186} INFO - Started process (PID=180) to work on /home/airflow/.local/lib/python3.12/site-packages/airflow/example_dags/example_xcomargs.py
[2025-01-19T16:08:24.821+0000] {processor.py:914} INFO - Processing file /home/airflow/.local/lib/python3.12/site-packages/airflow/example_dags/example_xcomargs.py for tasks to queue
[2025-01-19T16:08:24.822+0000] {logging_mixin.py:190} INFO - [2025-01-19T16:08:24.822+0000] {dagbag.py:588} INFO - Filling up the DagBag from /home/airflow/.local/lib/python3.12/site-packages/airflow/example_dags/example_xcomargs.py
[2025-01-19T16:08:24.832+0000] {processor.py:925} INFO - DAG(s) 'example_xcom_args_with_operators', 'example_xcom_args' retrieved from /home/airflow/.local/lib/python3.12/site-packages/airflow/example_dags/example_xcomargs.py
[2025-01-19T16:08:24.859+0000] {logging_mixin.py:190} INFO - [2025-01-19T16:08:24.858+0000] {dag.py:3239} INFO - Sync 2 DAGs
[2025-01-19T16:08:24.872+0000] {logging_mixin.py:190} INFO - [2025-01-19T16:08:24.872+0000] {dag.py:4180} INFO - Setting next_dagrun for example_xcom_args to None, run_after=None
[2025-01-19T16:08:24.878+0000] {logging_mixin.py:190} INFO - [2025-01-19T16:08:24.877+0000] {dag.py:4180} INFO - Setting next_dagrun for example_xcom_args_with_operators to None, run_after=None
[2025-01-19T16:08:24.899+0000] {processor.py:208} INFO - Processing /home/airflow/.local/lib/python3.12/site-packages/airflow/example_dags/example_xcomargs.py took 0.083 seconds
[2025-01-19T16:08:55.612+0000] {processor.py:186} INFO - Started process (PID=243) to work on /home/airflow/.local/lib/python3.12/site-packages/airflow/example_dags/example_xcomargs.py
[2025-01-19T16:08:55.614+0000] {processor.py:914} INFO - Processing file /home/airflow/.local/lib/python3.12/site-packages/airflow/example_dags/example_xcomargs.py for tasks to queue
[2025-01-19T16:08:55.618+0000] {logging_mixin.py:190} INFO - [2025-01-19T16:08:55.617+0000] {dagbag.py:588} INFO - Filling up the DagBag from /home/airflow/.local/lib/python3.12/site-packages/airflow/example_dags/example_xcomargs.py
[2025-01-19T16:08:55.634+0000] {processor.py:925} INFO - DAG(s) 'example_xcom_args_with_operators', 'example_xcom_args' retrieved from /home/airflow/.local/lib/python3.12/site-packages/airflow/example_dags/example_xcomargs.py
[2025-01-19T16:08:55.664+0000] {logging_mixin.py:190} INFO - [2025-01-19T16:08:55.664+0000] {dag.py:3239} INFO - Sync 2 DAGs
[2025-01-19T16:08:55.676+0000] {logging_mixin.py:190} INFO - [2025-01-19T16:08:55.676+0000] {dag.py:4180} INFO - Setting next_dagrun for example_xcom_args to None, run_after=None
[2025-01-19T16:08:55.679+0000] {logging_mixin.py:190} INFO - [2025-01-19T16:08:55.679+0000] {dag.py:4180} INFO - Setting next_dagrun for example_xcom_args_with_operators to None, run_after=None
[2025-01-19T16:08:55.691+0000] {processor.py:208} INFO - Processing /home/airflow/.local/lib/python3.12/site-packages/airflow/example_dags/example_xcomargs.py took 0.091 seconds
