[2025-01-19T16:07:51.224+0000] {processor.py:186} INFO - Started process (PID=81) to work on /home/airflow/.local/lib/python3.12/site-packages/airflow/example_dags/example_trigger_target_dag.py
[2025-01-19T16:07:51.225+0000] {processor.py:914} INFO - Processing file /home/airflow/.local/lib/python3.12/site-packages/airflow/example_dags/example_trigger_target_dag.py for tasks to queue
[2025-01-19T16:07:51.227+0000] {logging_mixin.py:190} INFO - [2025-01-19T16:07:51.226+0000] {dagbag.py:588} INFO - Filling up the DagBag from /home/airflow/.local/lib/python3.12/site-packages/airflow/example_dags/example_trigger_target_dag.py
[2025-01-19T16:07:51.233+0000] {processor.py:925} INFO - DAG(s) 'example_trigger_target_dag' retrieved from /home/airflow/.local/lib/python3.12/site-packages/airflow/example_dags/example_trigger_target_dag.py
[2025-01-19T16:07:51.298+0000] {logging_mixin.py:190} INFO - [2025-01-19T16:07:51.297+0000] {override.py:1911} INFO - Created Permission View: can edit on DAG:example_trigger_target_dag
[2025-01-19T16:07:51.305+0000] {logging_mixin.py:190} INFO - [2025-01-19T16:07:51.304+0000] {override.py:1911} INFO - Created Permission View: can delete on DAG:example_trigger_target_dag
[2025-01-19T16:07:51.309+0000] {logging_mixin.py:190} INFO - [2025-01-19T16:07:51.309+0000] {override.py:1911} INFO - Created Permission View: can read on DAG:example_trigger_target_dag
[2025-01-19T16:07:51.313+0000] {logging_mixin.py:190} INFO - [2025-01-19T16:07:51.313+0000] {override.py:1911} INFO - Created Permission View: can delete on DAG Run:example_trigger_target_dag
[2025-01-19T16:07:51.317+0000] {logging_mixin.py:190} INFO - [2025-01-19T16:07:51.317+0000] {override.py:1911} INFO - Created Permission View: can create on DAG Run:example_trigger_target_dag
[2025-01-19T16:07:51.321+0000] {logging_mixin.py:190} INFO - [2025-01-19T16:07:51.321+0000] {override.py:1911} INFO - Created Permission View: menu access on DAG Run:example_trigger_target_dag
[2025-01-19T16:07:51.324+0000] {logging_mixin.py:190} INFO - [2025-01-19T16:07:51.324+0000] {override.py:1911} INFO - Created Permission View: can read on DAG Run:example_trigger_target_dag
[2025-01-19T16:07:51.324+0000] {logging_mixin.py:190} INFO - [2025-01-19T16:07:51.324+0000] {dag.py:3239} INFO - Sync 1 DAGs
[2025-01-19T16:07:51.332+0000] {logging_mixin.py:190} INFO - [2025-01-19T16:07:51.332+0000] {dag.py:3262} INFO - Creating ORM DAG for example_trigger_target_dag
[2025-01-19T16:07:51.332+0000] {logging_mixin.py:190} INFO - [2025-01-19T16:07:51.332+0000] {dag.py:4180} INFO - Setting next_dagrun for example_trigger_target_dag to None, run_after=None
[2025-01-19T16:07:51.341+0000] {processor.py:208} INFO - Processing /home/airflow/.local/lib/python3.12/site-packages/airflow/example_dags/example_trigger_target_dag.py took 0.121 seconds
[2025-01-19T16:08:21.887+0000] {processor.py:186} INFO - Started process (PID=144) to work on /home/airflow/.local/lib/python3.12/site-packages/airflow/example_dags/example_trigger_target_dag.py
[2025-01-19T16:08:21.888+0000] {processor.py:914} INFO - Processing file /home/airflow/.local/lib/python3.12/site-packages/airflow/example_dags/example_trigger_target_dag.py for tasks to queue
[2025-01-19T16:08:21.889+0000] {logging_mixin.py:190} INFO - [2025-01-19T16:08:21.889+0000] {dagbag.py:588} INFO - Filling up the DagBag from /home/airflow/.local/lib/python3.12/site-packages/airflow/example_dags/example_trigger_target_dag.py
[2025-01-19T16:08:21.894+0000] {processor.py:925} INFO - DAG(s) 'example_trigger_target_dag' retrieved from /home/airflow/.local/lib/python3.12/site-packages/airflow/example_dags/example_trigger_target_dag.py
[2025-01-19T16:08:21.906+0000] {logging_mixin.py:190} INFO - [2025-01-19T16:08:21.906+0000] {dag.py:3239} INFO - Sync 1 DAGs
[2025-01-19T16:08:21.914+0000] {logging_mixin.py:190} INFO - [2025-01-19T16:08:21.914+0000] {dag.py:4180} INFO - Setting next_dagrun for example_trigger_target_dag to None, run_after=None
[2025-01-19T16:08:21.928+0000] {processor.py:208} INFO - Processing /home/airflow/.local/lib/python3.12/site-packages/airflow/example_dags/example_trigger_target_dag.py took 0.044 seconds
[2025-01-19T16:08:52.719+0000] {processor.py:186} INFO - Started process (PID=213) to work on /home/airflow/.local/lib/python3.12/site-packages/airflow/example_dags/example_trigger_target_dag.py
[2025-01-19T16:08:52.719+0000] {processor.py:914} INFO - Processing file /home/airflow/.local/lib/python3.12/site-packages/airflow/example_dags/example_trigger_target_dag.py for tasks to queue
[2025-01-19T16:08:52.721+0000] {logging_mixin.py:190} INFO - [2025-01-19T16:08:52.720+0000] {dagbag.py:588} INFO - Filling up the DagBag from /home/airflow/.local/lib/python3.12/site-packages/airflow/example_dags/example_trigger_target_dag.py
[2025-01-19T16:08:52.725+0000] {processor.py:925} INFO - DAG(s) 'example_trigger_target_dag' retrieved from /home/airflow/.local/lib/python3.12/site-packages/airflow/example_dags/example_trigger_target_dag.py
[2025-01-19T16:08:52.739+0000] {logging_mixin.py:190} INFO - [2025-01-19T16:08:52.739+0000] {dag.py:3239} INFO - Sync 1 DAGs
[2025-01-19T16:08:52.751+0000] {logging_mixin.py:190} INFO - [2025-01-19T16:08:52.750+0000] {dag.py:4180} INFO - Setting next_dagrun for example_trigger_target_dag to None, run_after=None
[2025-01-19T16:08:52.765+0000] {processor.py:208} INFO - Processing /home/airflow/.local/lib/python3.12/site-packages/airflow/example_dags/example_trigger_target_dag.py took 0.049 seconds
