[2025-01-19T16:07:52.137+0000] {processor.py:186} INFO - Started process (PID=98) to work on /home/airflow/.local/lib/python3.12/site-packages/airflow/example_dags/example_dynamic_task_mapping.py
[2025-01-19T16:07:52.138+0000] {processor.py:914} INFO - Processing file /home/airflow/.local/lib/python3.12/site-packages/airflow/example_dags/example_dynamic_task_mapping.py for tasks to queue
[2025-01-19T16:07:52.139+0000] {logging_mixin.py:190} INFO - [2025-01-19T16:07:52.138+0000] {dagbag.py:588} INFO - Filling up the DagBag from /home/airflow/.local/lib/python3.12/site-packages/airflow/example_dags/example_dynamic_task_mapping.py
[2025-01-19T16:07:52.144+0000] {processor.py:925} INFO - DAG(s) 'example_dynamic_task_mapping' retrieved from /home/airflow/.local/lib/python3.12/site-packages/airflow/example_dags/example_dynamic_task_mapping.py
[2025-01-19T16:07:52.218+0000] {logging_mixin.py:190} INFO - [2025-01-19T16:07:52.218+0000] {override.py:1911} INFO - Created Permission View: can edit on DAG:example_dynamic_task_mapping
[2025-01-19T16:07:52.223+0000] {logging_mixin.py:190} INFO - [2025-01-19T16:07:52.223+0000] {override.py:1911} INFO - Created Permission View: can delete on DAG:example_dynamic_task_mapping
[2025-01-19T16:07:52.227+0000] {logging_mixin.py:190} INFO - [2025-01-19T16:07:52.226+0000] {override.py:1911} INFO - Created Permission View: can read on DAG:example_dynamic_task_mapping
[2025-01-19T16:07:52.230+0000] {logging_mixin.py:190} INFO - [2025-01-19T16:07:52.230+0000] {override.py:1911} INFO - Created Permission View: can delete on DAG Run:example_dynamic_task_mapping
[2025-01-19T16:07:52.235+0000] {logging_mixin.py:190} INFO - [2025-01-19T16:07:52.234+0000] {override.py:1911} INFO - Created Permission View: can create on DAG Run:example_dynamic_task_mapping
[2025-01-19T16:07:52.240+0000] {logging_mixin.py:190} INFO - [2025-01-19T16:07:52.239+0000] {override.py:1911} INFO - Created Permission View: menu access on DAG Run:example_dynamic_task_mapping
[2025-01-19T16:07:52.244+0000] {logging_mixin.py:190} INFO - [2025-01-19T16:07:52.244+0000] {override.py:1911} INFO - Created Permission View: can read on DAG Run:example_dynamic_task_mapping
[2025-01-19T16:07:52.245+0000] {logging_mixin.py:190} INFO - [2025-01-19T16:07:52.245+0000] {dag.py:3239} INFO - Sync 1 DAGs
[2025-01-19T16:07:52.256+0000] {logging_mixin.py:190} INFO - [2025-01-19T16:07:52.256+0000] {dag.py:3262} INFO - Creating ORM DAG for example_dynamic_task_mapping
[2025-01-19T16:07:52.256+0000] {logging_mixin.py:190} INFO - [2025-01-19T16:07:52.256+0000] {dag.py:4180} INFO - Setting next_dagrun for example_dynamic_task_mapping to None, run_after=None
[2025-01-19T16:07:52.266+0000] {processor.py:208} INFO - Processing /home/airflow/.local/lib/python3.12/site-packages/airflow/example_dags/example_dynamic_task_mapping.py took 0.132 seconds
[2025-01-19T16:08:22.304+0000] {processor.py:186} INFO - Started process (PID=161) to work on /home/airflow/.local/lib/python3.12/site-packages/airflow/example_dags/example_dynamic_task_mapping.py
[2025-01-19T16:08:22.305+0000] {processor.py:914} INFO - Processing file /home/airflow/.local/lib/python3.12/site-packages/airflow/example_dags/example_dynamic_task_mapping.py for tasks to queue
[2025-01-19T16:08:22.307+0000] {logging_mixin.py:190} INFO - [2025-01-19T16:08:22.307+0000] {dagbag.py:588} INFO - Filling up the DagBag from /home/airflow/.local/lib/python3.12/site-packages/airflow/example_dags/example_dynamic_task_mapping.py
[2025-01-19T16:08:22.313+0000] {processor.py:925} INFO - DAG(s) 'example_dynamic_task_mapping' retrieved from /home/airflow/.local/lib/python3.12/site-packages/airflow/example_dags/example_dynamic_task_mapping.py
[2025-01-19T16:08:22.328+0000] {logging_mixin.py:190} INFO - [2025-01-19T16:08:22.328+0000] {dag.py:3239} INFO - Sync 1 DAGs
[2025-01-19T16:08:22.339+0000] {logging_mixin.py:190} INFO - [2025-01-19T16:08:22.338+0000] {dag.py:4180} INFO - Setting next_dagrun for example_dynamic_task_mapping to None, run_after=None
[2025-01-19T16:08:22.350+0000] {processor.py:208} INFO - Processing /home/airflow/.local/lib/python3.12/site-packages/airflow/example_dags/example_dynamic_task_mapping.py took 0.049 seconds
[2025-01-19T16:08:53.270+0000] {processor.py:186} INFO - Started process (PID=224) to work on /home/airflow/.local/lib/python3.12/site-packages/airflow/example_dags/example_dynamic_task_mapping.py
[2025-01-19T16:08:53.271+0000] {processor.py:914} INFO - Processing file /home/airflow/.local/lib/python3.12/site-packages/airflow/example_dags/example_dynamic_task_mapping.py for tasks to queue
[2025-01-19T16:08:53.273+0000] {logging_mixin.py:190} INFO - [2025-01-19T16:08:53.272+0000] {dagbag.py:588} INFO - Filling up the DagBag from /home/airflow/.local/lib/python3.12/site-packages/airflow/example_dags/example_dynamic_task_mapping.py
[2025-01-19T16:08:53.278+0000] {processor.py:925} INFO - DAG(s) 'example_dynamic_task_mapping' retrieved from /home/airflow/.local/lib/python3.12/site-packages/airflow/example_dags/example_dynamic_task_mapping.py
[2025-01-19T16:08:53.296+0000] {logging_mixin.py:190} INFO - [2025-01-19T16:08:53.296+0000] {dag.py:3239} INFO - Sync 1 DAGs
[2025-01-19T16:08:53.313+0000] {logging_mixin.py:190} INFO - [2025-01-19T16:08:53.312+0000] {dag.py:4180} INFO - Setting next_dagrun for example_dynamic_task_mapping to None, run_after=None
[2025-01-19T16:08:53.331+0000] {processor.py:208} INFO - Processing /home/airflow/.local/lib/python3.12/site-packages/airflow/example_dags/example_dynamic_task_mapping.py took 0.065 seconds
