[2025-01-19T16:07:52.752+0000] {processor.py:186} INFO - Started process (PID=106) to work on /home/airflow/.local/lib/python3.12/site-packages/airflow/example_dags/example_short_circuit_decorator.py
[2025-01-19T16:07:52.752+0000] {processor.py:914} INFO - Processing file /home/airflow/.local/lib/python3.12/site-packages/airflow/example_dags/example_short_circuit_decorator.py for tasks to queue
[2025-01-19T16:07:52.754+0000] {logging_mixin.py:190} INFO - [2025-01-19T16:07:52.753+0000] {dagbag.py:588} INFO - Filling up the DagBag from /home/airflow/.local/lib/python3.12/site-packages/airflow/example_dags/example_short_circuit_decorator.py
[2025-01-19T16:07:52.760+0000] {processor.py:925} INFO - DAG(s) 'example_short_circuit_decorator' retrieved from /home/airflow/.local/lib/python3.12/site-packages/airflow/example_dags/example_short_circuit_decorator.py
[2025-01-19T16:07:52.829+0000] {logging_mixin.py:190} INFO - [2025-01-19T16:07:52.828+0000] {override.py:1911} INFO - Created Permission View: can edit on DAG:example_short_circuit_decorator
[2025-01-19T16:07:52.835+0000] {logging_mixin.py:190} INFO - [2025-01-19T16:07:52.835+0000] {override.py:1911} INFO - Created Permission View: can delete on DAG:example_short_circuit_decorator
[2025-01-19T16:07:52.838+0000] {logging_mixin.py:190} INFO - [2025-01-19T16:07:52.838+0000] {override.py:1911} INFO - Created Permission View: can read on DAG:example_short_circuit_decorator
[2025-01-19T16:07:52.842+0000] {logging_mixin.py:190} INFO - [2025-01-19T16:07:52.841+0000] {override.py:1911} INFO - Created Permission View: can delete on DAG Run:example_short_circuit_decorator
[2025-01-19T16:07:52.845+0000] {logging_mixin.py:190} INFO - [2025-01-19T16:07:52.845+0000] {override.py:1911} INFO - Created Permission View: can create on DAG Run:example_short_circuit_decorator
[2025-01-19T16:07:52.849+0000] {logging_mixin.py:190} INFO - [2025-01-19T16:07:52.849+0000] {override.py:1911} INFO - Created Permission View: menu access on DAG Run:example_short_circuit_decorator
[2025-01-19T16:07:52.853+0000] {logging_mixin.py:190} INFO - [2025-01-19T16:07:52.852+0000] {override.py:1911} INFO - Created Permission View: can read on DAG Run:example_short_circuit_decorator
[2025-01-19T16:07:52.853+0000] {logging_mixin.py:190} INFO - [2025-01-19T16:07:52.853+0000] {dag.py:3239} INFO - Sync 1 DAGs
[2025-01-19T16:07:52.863+0000] {logging_mixin.py:190} INFO - [2025-01-19T16:07:52.863+0000] {dag.py:3262} INFO - Creating ORM DAG for example_short_circuit_decorator
[2025-01-19T16:07:52.863+0000] {logging_mixin.py:190} INFO - [2025-01-19T16:07:52.863+0000] {dag.py:4180} INFO - Setting next_dagrun for example_short_circuit_decorator to None, run_after=None
[2025-01-19T16:07:52.874+0000] {processor.py:208} INFO - Processing /home/airflow/.local/lib/python3.12/site-packages/airflow/example_dags/example_short_circuit_decorator.py took 0.126 seconds
[2025-01-19T16:08:22.962+0000] {processor.py:186} INFO - Started process (PID=169) to work on /home/airflow/.local/lib/python3.12/site-packages/airflow/example_dags/example_short_circuit_decorator.py
[2025-01-19T16:08:22.963+0000] {processor.py:914} INFO - Processing file /home/airflow/.local/lib/python3.12/site-packages/airflow/example_dags/example_short_circuit_decorator.py for tasks to queue
[2025-01-19T16:08:22.965+0000] {logging_mixin.py:190} INFO - [2025-01-19T16:08:22.965+0000] {dagbag.py:588} INFO - Filling up the DagBag from /home/airflow/.local/lib/python3.12/site-packages/airflow/example_dags/example_short_circuit_decorator.py
[2025-01-19T16:08:22.975+0000] {processor.py:925} INFO - DAG(s) 'example_short_circuit_decorator' retrieved from /home/airflow/.local/lib/python3.12/site-packages/airflow/example_dags/example_short_circuit_decorator.py
[2025-01-19T16:08:22.997+0000] {logging_mixin.py:190} INFO - [2025-01-19T16:08:22.997+0000] {dag.py:3239} INFO - Sync 1 DAGs
[2025-01-19T16:08:23.007+0000] {logging_mixin.py:190} INFO - [2025-01-19T16:08:23.007+0000] {dag.py:4180} INFO - Setting next_dagrun for example_short_circuit_decorator to None, run_after=None
[2025-01-19T16:08:23.026+0000] {processor.py:208} INFO - Processing /home/airflow/.local/lib/python3.12/site-packages/airflow/example_dags/example_short_circuit_decorator.py took 0.070 seconds
[2025-01-19T16:08:53.735+0000] {processor.py:186} INFO - Started process (PID=232) to work on /home/airflow/.local/lib/python3.12/site-packages/airflow/example_dags/example_short_circuit_decorator.py
[2025-01-19T16:08:53.736+0000] {processor.py:914} INFO - Processing file /home/airflow/.local/lib/python3.12/site-packages/airflow/example_dags/example_short_circuit_decorator.py for tasks to queue
[2025-01-19T16:08:53.737+0000] {logging_mixin.py:190} INFO - [2025-01-19T16:08:53.737+0000] {dagbag.py:588} INFO - Filling up the DagBag from /home/airflow/.local/lib/python3.12/site-packages/airflow/example_dags/example_short_circuit_decorator.py
[2025-01-19T16:08:53.744+0000] {processor.py:925} INFO - DAG(s) 'example_short_circuit_decorator' retrieved from /home/airflow/.local/lib/python3.12/site-packages/airflow/example_dags/example_short_circuit_decorator.py
[2025-01-19T16:08:53.760+0000] {logging_mixin.py:190} INFO - [2025-01-19T16:08:53.760+0000] {dag.py:3239} INFO - Sync 1 DAGs
[2025-01-19T16:08:53.768+0000] {logging_mixin.py:190} INFO - [2025-01-19T16:08:53.768+0000] {dag.py:4180} INFO - Setting next_dagrun for example_short_circuit_decorator to None, run_after=None
[2025-01-19T16:08:53.778+0000] {processor.py:208} INFO - Processing /home/airflow/.local/lib/python3.12/site-packages/airflow/example_dags/example_short_circuit_decorator.py took 0.048 seconds
