[2025-01-19T16:07:52.820+0000] {processor.py:186} INFO - Started process (PID=107) to work on /home/airflow/.local/lib/python3.12/site-packages/airflow/example_dags/example_outlet_event_extra.py
[2025-01-19T16:07:52.820+0000] {processor.py:914} INFO - Processing file /home/airflow/.local/lib/python3.12/site-packages/airflow/example_dags/example_outlet_event_extra.py for tasks to queue
[2025-01-19T16:07:52.822+0000] {logging_mixin.py:190} INFO - [2025-01-19T16:07:52.821+0000] {dagbag.py:588} INFO - Filling up the DagBag from /home/airflow/.local/lib/python3.12/site-packages/airflow/example_dags/example_outlet_event_extra.py
[2025-01-19T16:07:53.175+0000] {processor.py:925} INFO - DAG(s) 'dataset_with_extra_from_classic_operator', 'dataset_with_extra_by_context', 'dataset_with_extra_by_yield' retrieved from /home/airflow/.local/lib/python3.12/site-packages/airflow/example_dags/example_outlet_event_extra.py
[2025-01-19T16:07:53.231+0000] {logging_mixin.py:190} INFO - [2025-01-19T16:07:53.231+0000] {override.py:1911} INFO - Created Permission View: can edit on DAG:dataset_with_extra_from_classic_operator
[2025-01-19T16:07:53.237+0000] {logging_mixin.py:190} INFO - [2025-01-19T16:07:53.237+0000] {override.py:1911} INFO - Created Permission View: can delete on DAG:dataset_with_extra_from_classic_operator
[2025-01-19T16:07:53.241+0000] {logging_mixin.py:190} INFO - [2025-01-19T16:07:53.241+0000] {override.py:1911} INFO - Created Permission View: can read on DAG:dataset_with_extra_from_classic_operator
[2025-01-19T16:07:53.245+0000] {logging_mixin.py:190} INFO - [2025-01-19T16:07:53.245+0000] {override.py:1911} INFO - Created Permission View: can delete on DAG Run:dataset_with_extra_from_classic_operator
[2025-01-19T16:07:53.249+0000] {logging_mixin.py:190} INFO - [2025-01-19T16:07:53.249+0000] {override.py:1911} INFO - Created Permission View: can create on DAG Run:dataset_with_extra_from_classic_operator
[2025-01-19T16:07:53.252+0000] {logging_mixin.py:190} INFO - [2025-01-19T16:07:53.252+0000] {override.py:1911} INFO - Created Permission View: menu access on DAG Run:dataset_with_extra_from_classic_operator
[2025-01-19T16:07:53.256+0000] {logging_mixin.py:190} INFO - [2025-01-19T16:07:53.255+0000] {override.py:1911} INFO - Created Permission View: can read on DAG Run:dataset_with_extra_from_classic_operator
[2025-01-19T16:07:53.262+0000] {logging_mixin.py:190} INFO - [2025-01-19T16:07:53.261+0000] {override.py:1911} INFO - Created Permission View: can edit on DAG:dataset_with_extra_by_context
[2025-01-19T16:07:53.265+0000] {logging_mixin.py:190} INFO - [2025-01-19T16:07:53.264+0000] {override.py:1911} INFO - Created Permission View: can delete on DAG:dataset_with_extra_by_context
[2025-01-19T16:07:53.268+0000] {logging_mixin.py:190} INFO - [2025-01-19T16:07:53.267+0000] {override.py:1911} INFO - Created Permission View: can read on DAG:dataset_with_extra_by_context
[2025-01-19T16:07:53.272+0000] {logging_mixin.py:190} INFO - [2025-01-19T16:07:53.271+0000] {override.py:1911} INFO - Created Permission View: can delete on DAG Run:dataset_with_extra_by_context
[2025-01-19T16:07:53.275+0000] {logging_mixin.py:190} INFO - [2025-01-19T16:07:53.274+0000] {override.py:1911} INFO - Created Permission View: can create on DAG Run:dataset_with_extra_by_context
[2025-01-19T16:07:53.278+0000] {logging_mixin.py:190} INFO - [2025-01-19T16:07:53.277+0000] {override.py:1911} INFO - Created Permission View: menu access on DAG Run:dataset_with_extra_by_context
[2025-01-19T16:07:53.281+0000] {logging_mixin.py:190} INFO - [2025-01-19T16:07:53.280+0000] {override.py:1911} INFO - Created Permission View: can read on DAG Run:dataset_with_extra_by_context
[2025-01-19T16:07:53.286+0000] {logging_mixin.py:190} INFO - [2025-01-19T16:07:53.286+0000] {override.py:1911} INFO - Created Permission View: can edit on DAG:dataset_with_extra_by_yield
[2025-01-19T16:07:53.289+0000] {logging_mixin.py:190} INFO - [2025-01-19T16:07:53.289+0000] {override.py:1911} INFO - Created Permission View: can delete on DAG:dataset_with_extra_by_yield
[2025-01-19T16:07:53.292+0000] {logging_mixin.py:190} INFO - [2025-01-19T16:07:53.292+0000] {override.py:1911} INFO - Created Permission View: can read on DAG:dataset_with_extra_by_yield
[2025-01-19T16:07:53.295+0000] {logging_mixin.py:190} INFO - [2025-01-19T16:07:53.295+0000] {override.py:1911} INFO - Created Permission View: can delete on DAG Run:dataset_with_extra_by_yield
[2025-01-19T16:07:53.298+0000] {logging_mixin.py:190} INFO - [2025-01-19T16:07:53.298+0000] {override.py:1911} INFO - Created Permission View: can create on DAG Run:dataset_with_extra_by_yield
[2025-01-19T16:07:53.301+0000] {logging_mixin.py:190} INFO - [2025-01-19T16:07:53.301+0000] {override.py:1911} INFO - Created Permission View: menu access on DAG Run:dataset_with_extra_by_yield
[2025-01-19T16:07:53.304+0000] {logging_mixin.py:190} INFO - [2025-01-19T16:07:53.304+0000] {override.py:1911} INFO - Created Permission View: can read on DAG Run:dataset_with_extra_by_yield
[2025-01-19T16:07:53.305+0000] {logging_mixin.py:190} INFO - [2025-01-19T16:07:53.305+0000] {dag.py:3239} INFO - Sync 3 DAGs
[2025-01-19T16:07:53.313+0000] {logging_mixin.py:190} INFO - [2025-01-19T16:07:53.313+0000] {dag.py:3262} INFO - Creating ORM DAG for dataset_with_extra_from_classic_operator
[2025-01-19T16:07:53.314+0000] {logging_mixin.py:190} INFO - [2025-01-19T16:07:53.313+0000] {dag.py:3262} INFO - Creating ORM DAG for dataset_with_extra_by_context
[2025-01-19T16:07:53.314+0000] {logging_mixin.py:190} INFO - [2025-01-19T16:07:53.314+0000] {dag.py:3262} INFO - Creating ORM DAG for dataset_with_extra_by_yield
[2025-01-19T16:07:53.321+0000] {logging_mixin.py:190} INFO - [2025-01-19T16:07:53.321+0000] {dag.py:4180} INFO - Setting next_dagrun for dataset_with_extra_by_context to 2025-01-18 00:00:00+00:00, run_after=2025-01-19 00:00:00+00:00
[2025-01-19T16:07:53.322+0000] {logging_mixin.py:190} INFO - [2025-01-19T16:07:53.322+0000] {dag.py:4180} INFO - Setting next_dagrun for dataset_with_extra_by_yield to 2025-01-18 00:00:00+00:00, run_after=2025-01-19 00:00:00+00:00
[2025-01-19T16:07:53.323+0000] {logging_mixin.py:190} INFO - [2025-01-19T16:07:53.323+0000] {dag.py:4180} INFO - Setting next_dagrun for dataset_with_extra_from_classic_operator to 2025-01-18 00:00:00+00:00, run_after=2025-01-19 00:00:00+00:00
[2025-01-19T16:07:53.338+0000] {processor.py:208} INFO - Processing /home/airflow/.local/lib/python3.12/site-packages/airflow/example_dags/example_outlet_event_extra.py took 0.522 seconds
[2025-01-19T16:08:23.980+0000] {processor.py:186} INFO - Started process (PID=170) to work on /home/airflow/.local/lib/python3.12/site-packages/airflow/example_dags/example_outlet_event_extra.py
[2025-01-19T16:08:23.982+0000] {processor.py:914} INFO - Processing file /home/airflow/.local/lib/python3.12/site-packages/airflow/example_dags/example_outlet_event_extra.py for tasks to queue
[2025-01-19T16:08:23.985+0000] {logging_mixin.py:190} INFO - [2025-01-19T16:08:23.984+0000] {dagbag.py:588} INFO - Filling up the DagBag from /home/airflow/.local/lib/python3.12/site-packages/airflow/example_dags/example_outlet_event_extra.py
[2025-01-19T16:08:24.357+0000] {processor.py:925} INFO - DAG(s) 'dataset_with_extra_by_context', 'dataset_with_extra_from_classic_operator', 'dataset_with_extra_by_yield' retrieved from /home/airflow/.local/lib/python3.12/site-packages/airflow/example_dags/example_outlet_event_extra.py
[2025-01-19T16:08:24.372+0000] {logging_mixin.py:190} INFO - [2025-01-19T16:08:24.372+0000] {dag.py:3239} INFO - Sync 3 DAGs
[2025-01-19T16:08:24.390+0000] {logging_mixin.py:190} INFO - [2025-01-19T16:08:24.390+0000] {dag.py:4180} INFO - Setting next_dagrun for dataset_with_extra_by_context to 2025-01-18 00:00:00+00:00, run_after=2025-01-19 00:00:00+00:00
[2025-01-19T16:08:24.394+0000] {logging_mixin.py:190} INFO - [2025-01-19T16:08:24.393+0000] {dag.py:4180} INFO - Setting next_dagrun for dataset_with_extra_by_yield to 2025-01-18 00:00:00+00:00, run_after=2025-01-19 00:00:00+00:00
[2025-01-19T16:08:24.395+0000] {logging_mixin.py:190} INFO - [2025-01-19T16:08:24.395+0000] {dag.py:4180} INFO - Setting next_dagrun for dataset_with_extra_from_classic_operator to 2025-01-18 00:00:00+00:00, run_after=2025-01-19 00:00:00+00:00
[2025-01-19T16:08:24.412+0000] {processor.py:208} INFO - Processing /home/airflow/.local/lib/python3.12/site-packages/airflow/example_dags/example_outlet_event_extra.py took 0.438 seconds
[2025-01-19T16:08:54.761+0000] {processor.py:186} INFO - Started process (PID=233) to work on /home/airflow/.local/lib/python3.12/site-packages/airflow/example_dags/example_outlet_event_extra.py
[2025-01-19T16:08:54.764+0000] {processor.py:914} INFO - Processing file /home/airflow/.local/lib/python3.12/site-packages/airflow/example_dags/example_outlet_event_extra.py for tasks to queue
[2025-01-19T16:08:54.769+0000] {logging_mixin.py:190} INFO - [2025-01-19T16:08:54.768+0000] {dagbag.py:588} INFO - Filling up the DagBag from /home/airflow/.local/lib/python3.12/site-packages/airflow/example_dags/example_outlet_event_extra.py
[2025-01-19T16:08:55.172+0000] {processor.py:925} INFO - DAG(s) 'dataset_with_extra_from_classic_operator', 'dataset_with_extra_by_context', 'dataset_with_extra_by_yield' retrieved from /home/airflow/.local/lib/python3.12/site-packages/airflow/example_dags/example_outlet_event_extra.py
[2025-01-19T16:08:55.191+0000] {logging_mixin.py:190} INFO - [2025-01-19T16:08:55.191+0000] {dag.py:3239} INFO - Sync 3 DAGs
[2025-01-19T16:08:55.209+0000] {logging_mixin.py:190} INFO - [2025-01-19T16:08:55.209+0000] {dag.py:4180} INFO - Setting next_dagrun for dataset_with_extra_by_context to 2025-01-18 00:00:00+00:00, run_after=2025-01-19 00:00:00+00:00
[2025-01-19T16:08:55.213+0000] {logging_mixin.py:190} INFO - [2025-01-19T16:08:55.213+0000] {dag.py:4180} INFO - Setting next_dagrun for dataset_with_extra_by_yield to 2025-01-18 00:00:00+00:00, run_after=2025-01-19 00:00:00+00:00
[2025-01-19T16:08:55.216+0000] {logging_mixin.py:190} INFO - [2025-01-19T16:08:55.216+0000] {dag.py:4180} INFO - Setting next_dagrun for dataset_with_extra_from_classic_operator to 2025-01-18 00:00:00+00:00, run_after=2025-01-19 00:00:00+00:00
[2025-01-19T16:08:55.232+0000] {processor.py:208} INFO - Processing /home/airflow/.local/lib/python3.12/site-packages/airflow/example_dags/example_outlet_event_extra.py took 0.486 seconds
