[2025-01-19T16:07:51.066+0000] {processor.py:186} INFO - Started process (PID=80) to work on /home/airflow/.local/lib/python3.12/site-packages/airflow/example_dags/example_task_group.py
[2025-01-19T16:07:51.066+0000] {processor.py:914} INFO - Processing file /home/airflow/.local/lib/python3.12/site-packages/airflow/example_dags/example_task_group.py for tasks to queue
[2025-01-19T16:07:51.068+0000] {logging_mixin.py:190} INFO - [2025-01-19T16:07:51.068+0000] {dagbag.py:588} INFO - Filling up the DagBag from /home/airflow/.local/lib/python3.12/site-packages/airflow/example_dags/example_task_group.py
[2025-01-19T16:07:51.080+0000] {processor.py:925} INFO - DAG(s) 'example_task_group' retrieved from /home/airflow/.local/lib/python3.12/site-packages/airflow/example_dags/example_task_group.py
[2025-01-19T16:07:51.165+0000] {logging_mixin.py:190} INFO - [2025-01-19T16:07:51.165+0000] {override.py:1911} INFO - Created Permission View: can edit on DAG:example_task_group
[2025-01-19T16:07:51.171+0000] {logging_mixin.py:190} INFO - [2025-01-19T16:07:51.171+0000] {override.py:1911} INFO - Created Permission View: can delete on DAG:example_task_group
[2025-01-19T16:07:51.175+0000] {logging_mixin.py:190} INFO - [2025-01-19T16:07:51.175+0000] {override.py:1911} INFO - Created Permission View: can read on DAG:example_task_group
[2025-01-19T16:07:51.178+0000] {logging_mixin.py:190} INFO - [2025-01-19T16:07:51.178+0000] {override.py:1911} INFO - Created Permission View: can delete on DAG Run:example_task_group
[2025-01-19T16:07:51.182+0000] {logging_mixin.py:190} INFO - [2025-01-19T16:07:51.181+0000] {override.py:1911} INFO - Created Permission View: can create on DAG Run:example_task_group
[2025-01-19T16:07:51.185+0000] {logging_mixin.py:190} INFO - [2025-01-19T16:07:51.184+0000] {override.py:1911} INFO - Created Permission View: menu access on DAG Run:example_task_group
[2025-01-19T16:07:51.187+0000] {logging_mixin.py:190} INFO - [2025-01-19T16:07:51.187+0000] {override.py:1911} INFO - Created Permission View: can read on DAG Run:example_task_group
[2025-01-19T16:07:51.188+0000] {logging_mixin.py:190} INFO - [2025-01-19T16:07:51.188+0000] {dag.py:3239} INFO - Sync 1 DAGs
[2025-01-19T16:07:51.197+0000] {logging_mixin.py:190} INFO - [2025-01-19T16:07:51.197+0000] {dag.py:3262} INFO - Creating ORM DAG for example_task_group
[2025-01-19T16:07:51.198+0000] {logging_mixin.py:190} INFO - [2025-01-19T16:07:51.198+0000] {dag.py:4180} INFO - Setting next_dagrun for example_task_group to None, run_after=None
[2025-01-19T16:07:51.208+0000] {processor.py:208} INFO - Processing /home/airflow/.local/lib/python3.12/site-packages/airflow/example_dags/example_task_group.py took 0.147 seconds
[2025-01-19T16:08:21.817+0000] {processor.py:186} INFO - Started process (PID=143) to work on /home/airflow/.local/lib/python3.12/site-packages/airflow/example_dags/example_task_group.py
[2025-01-19T16:08:21.817+0000] {processor.py:914} INFO - Processing file /home/airflow/.local/lib/python3.12/site-packages/airflow/example_dags/example_task_group.py for tasks to queue
[2025-01-19T16:08:21.819+0000] {logging_mixin.py:190} INFO - [2025-01-19T16:08:21.818+0000] {dagbag.py:588} INFO - Filling up the DagBag from /home/airflow/.local/lib/python3.12/site-packages/airflow/example_dags/example_task_group.py
[2025-01-19T16:08:21.823+0000] {processor.py:925} INFO - DAG(s) 'example_task_group' retrieved from /home/airflow/.local/lib/python3.12/site-packages/airflow/example_dags/example_task_group.py
[2025-01-19T16:08:21.835+0000] {logging_mixin.py:190} INFO - [2025-01-19T16:08:21.835+0000] {dag.py:3239} INFO - Sync 1 DAGs
[2025-01-19T16:08:21.847+0000] {logging_mixin.py:190} INFO - [2025-01-19T16:08:21.847+0000] {dag.py:4180} INFO - Setting next_dagrun for example_task_group to None, run_after=None
[2025-01-19T16:08:21.866+0000] {processor.py:208} INFO - Processing /home/airflow/.local/lib/python3.12/site-packages/airflow/example_dags/example_task_group.py took 0.052 seconds
[2025-01-19T16:08:52.694+0000] {processor.py:186} INFO - Started process (PID=212) to work on /home/airflow/.local/lib/python3.12/site-packages/airflow/example_dags/example_task_group.py
[2025-01-19T16:08:52.695+0000] {processor.py:914} INFO - Processing file /home/airflow/.local/lib/python3.12/site-packages/airflow/example_dags/example_task_group.py for tasks to queue
[2025-01-19T16:08:52.696+0000] {logging_mixin.py:190} INFO - [2025-01-19T16:08:52.696+0000] {dagbag.py:588} INFO - Filling up the DagBag from /home/airflow/.local/lib/python3.12/site-packages/airflow/example_dags/example_task_group.py
[2025-01-19T16:08:52.701+0000] {processor.py:925} INFO - DAG(s) 'example_task_group' retrieved from /home/airflow/.local/lib/python3.12/site-packages/airflow/example_dags/example_task_group.py
[2025-01-19T16:08:52.714+0000] {logging_mixin.py:190} INFO - [2025-01-19T16:08:52.713+0000] {dag.py:3239} INFO - Sync 1 DAGs
[2025-01-19T16:08:52.722+0000] {logging_mixin.py:190} INFO - [2025-01-19T16:08:52.722+0000] {dag.py:4180} INFO - Setting next_dagrun for example_task_group to None, run_after=None
[2025-01-19T16:08:52.735+0000] {processor.py:208} INFO - Processing /home/airflow/.local/lib/python3.12/site-packages/airflow/example_dags/example_task_group.py took 0.044 seconds
