[2025-01-19T16:07:52.083+0000] {processor.py:186} INFO - Started process (PID=97) to work on /home/airflow/.local/lib/python3.12/site-packages/airflow/example_dags/example_sensors.py
[2025-01-19T16:07:52.083+0000] {processor.py:914} INFO - Processing file /home/airflow/.local/lib/python3.12/site-packages/airflow/example_dags/example_sensors.py for tasks to queue
[2025-01-19T16:07:52.084+0000] {logging_mixin.py:190} INFO - [2025-01-19T16:07:52.084+0000] {dagbag.py:588} INFO - Filling up the DagBag from /home/airflow/.local/lib/python3.12/site-packages/airflow/example_dags/example_sensors.py
[2025-01-19T16:07:52.092+0000] {processor.py:925} INFO - DAG(s) 'example_sensors' retrieved from /home/airflow/.local/lib/python3.12/site-packages/airflow/example_dags/example_sensors.py
[2025-01-19T16:07:52.159+0000] {logging_mixin.py:190} INFO - [2025-01-19T16:07:52.158+0000] {override.py:1911} INFO - Created Permission View: can edit on DAG:example_sensors
[2025-01-19T16:07:52.167+0000] {logging_mixin.py:190} INFO - [2025-01-19T16:07:52.167+0000] {override.py:1911} INFO - Created Permission View: can delete on DAG:example_sensors
[2025-01-19T16:07:52.171+0000] {logging_mixin.py:190} INFO - [2025-01-19T16:07:52.171+0000] {override.py:1911} INFO - Created Permission View: can read on DAG:example_sensors
[2025-01-19T16:07:52.174+0000] {logging_mixin.py:190} INFO - [2025-01-19T16:07:52.174+0000] {override.py:1911} INFO - Created Permission View: can delete on DAG Run:example_sensors
[2025-01-19T16:07:52.177+0000] {logging_mixin.py:190} INFO - [2025-01-19T16:07:52.177+0000] {override.py:1911} INFO - Created Permission View: can create on DAG Run:example_sensors
[2025-01-19T16:07:52.180+0000] {logging_mixin.py:190} INFO - [2025-01-19T16:07:52.180+0000] {override.py:1911} INFO - Created Permission View: menu access on DAG Run:example_sensors
[2025-01-19T16:07:52.183+0000] {logging_mixin.py:190} INFO - [2025-01-19T16:07:52.183+0000] {override.py:1911} INFO - Created Permission View: can read on DAG Run:example_sensors
[2025-01-19T16:07:52.183+0000] {logging_mixin.py:190} INFO - [2025-01-19T16:07:52.183+0000] {dag.py:3239} INFO - Sync 1 DAGs
[2025-01-19T16:07:52.191+0000] {logging_mixin.py:190} INFO - [2025-01-19T16:07:52.191+0000] {dag.py:3262} INFO - Creating ORM DAG for example_sensors
[2025-01-19T16:07:52.191+0000] {logging_mixin.py:190} INFO - [2025-01-19T16:07:52.191+0000] {dag.py:4180} INFO - Setting next_dagrun for example_sensors to None, run_after=None
[2025-01-19T16:07:52.202+0000] {processor.py:208} INFO - Processing /home/airflow/.local/lib/python3.12/site-packages/airflow/example_dags/example_sensors.py took 0.123 seconds
[2025-01-19T16:08:22.278+0000] {processor.py:186} INFO - Started process (PID=160) to work on /home/airflow/.local/lib/python3.12/site-packages/airflow/example_dags/example_sensors.py
[2025-01-19T16:08:22.279+0000] {processor.py:914} INFO - Processing file /home/airflow/.local/lib/python3.12/site-packages/airflow/example_dags/example_sensors.py for tasks to queue
[2025-01-19T16:08:22.280+0000] {logging_mixin.py:190} INFO - [2025-01-19T16:08:22.280+0000] {dagbag.py:588} INFO - Filling up the DagBag from /home/airflow/.local/lib/python3.12/site-packages/airflow/example_dags/example_sensors.py
[2025-01-19T16:08:22.286+0000] {processor.py:925} INFO - DAG(s) 'example_sensors' retrieved from /home/airflow/.local/lib/python3.12/site-packages/airflow/example_dags/example_sensors.py
[2025-01-19T16:08:22.301+0000] {logging_mixin.py:190} INFO - [2025-01-19T16:08:22.301+0000] {dag.py:3239} INFO - Sync 1 DAGs
[2025-01-19T16:08:22.310+0000] {logging_mixin.py:190} INFO - [2025-01-19T16:08:22.310+0000] {dag.py:4180} INFO - Setting next_dagrun for example_sensors to None, run_after=None
[2025-01-19T16:08:22.328+0000] {processor.py:208} INFO - Processing /home/airflow/.local/lib/python3.12/site-packages/airflow/example_dags/example_sensors.py took 0.053 seconds
[2025-01-19T16:08:53.198+0000] {processor.py:186} INFO - Started process (PID=223) to work on /home/airflow/.local/lib/python3.12/site-packages/airflow/example_dags/example_sensors.py
[2025-01-19T16:08:53.199+0000] {processor.py:914} INFO - Processing file /home/airflow/.local/lib/python3.12/site-packages/airflow/example_dags/example_sensors.py for tasks to queue
[2025-01-19T16:08:53.201+0000] {logging_mixin.py:190} INFO - [2025-01-19T16:08:53.201+0000] {dagbag.py:588} INFO - Filling up the DagBag from /home/airflow/.local/lib/python3.12/site-packages/airflow/example_dags/example_sensors.py
[2025-01-19T16:08:53.209+0000] {processor.py:925} INFO - DAG(s) 'example_sensors' retrieved from /home/airflow/.local/lib/python3.12/site-packages/airflow/example_dags/example_sensors.py
[2025-01-19T16:08:53.230+0000] {logging_mixin.py:190} INFO - [2025-01-19T16:08:53.230+0000] {dag.py:3239} INFO - Sync 1 DAGs
[2025-01-19T16:08:53.239+0000] {logging_mixin.py:190} INFO - [2025-01-19T16:08:53.239+0000] {dag.py:4180} INFO - Setting next_dagrun for example_sensors to None, run_after=None
[2025-01-19T16:08:53.253+0000] {processor.py:208} INFO - Processing /home/airflow/.local/lib/python3.12/site-packages/airflow/example_dags/example_sensors.py took 0.058 seconds
