[2025-01-19T16:07:53.932+0000] {processor.py:186} INFO - Started process (PID=115) to work on /home/airflow/.local/lib/python3.12/site-packages/airflow/example_dags/example_short_circuit_operator.py
[2025-01-19T16:07:53.933+0000] {processor.py:914} INFO - Processing file /home/airflow/.local/lib/python3.12/site-packages/airflow/example_dags/example_short_circuit_operator.py for tasks to queue
[2025-01-19T16:07:53.934+0000] {logging_mixin.py:190} INFO - [2025-01-19T16:07:53.934+0000] {dagbag.py:588} INFO - Filling up the DagBag from /home/airflow/.local/lib/python3.12/site-packages/airflow/example_dags/example_short_circuit_operator.py
[2025-01-19T16:07:53.940+0000] {processor.py:925} INFO - DAG(s) 'example_short_circuit_operator' retrieved from /home/airflow/.local/lib/python3.12/site-packages/airflow/example_dags/example_short_circuit_operator.py
[2025-01-19T16:07:53.999+0000] {logging_mixin.py:190} INFO - [2025-01-19T16:07:53.999+0000] {override.py:1911} INFO - Created Permission View: can edit on DAG:example_short_circuit_operator
[2025-01-19T16:07:54.005+0000] {logging_mixin.py:190} INFO - [2025-01-19T16:07:54.005+0000] {override.py:1911} INFO - Created Permission View: can delete on DAG:example_short_circuit_operator
[2025-01-19T16:07:54.008+0000] {logging_mixin.py:190} INFO - [2025-01-19T16:07:54.008+0000] {override.py:1911} INFO - Created Permission View: can read on DAG:example_short_circuit_operator
[2025-01-19T16:07:54.011+0000] {logging_mixin.py:190} INFO - [2025-01-19T16:07:54.011+0000] {override.py:1911} INFO - Created Permission View: can delete on DAG Run:example_short_circuit_operator
[2025-01-19T16:07:54.014+0000] {logging_mixin.py:190} INFO - [2025-01-19T16:07:54.014+0000] {override.py:1911} INFO - Created Permission View: can create on DAG Run:example_short_circuit_operator
[2025-01-19T16:07:54.017+0000] {logging_mixin.py:190} INFO - [2025-01-19T16:07:54.016+0000] {override.py:1911} INFO - Created Permission View: menu access on DAG Run:example_short_circuit_operator
[2025-01-19T16:07:54.019+0000] {logging_mixin.py:190} INFO - [2025-01-19T16:07:54.019+0000] {override.py:1911} INFO - Created Permission View: can read on DAG Run:example_short_circuit_operator
[2025-01-19T16:07:54.019+0000] {logging_mixin.py:190} INFO - [2025-01-19T16:07:54.019+0000] {dag.py:3239} INFO - Sync 1 DAGs
[2025-01-19T16:07:54.028+0000] {logging_mixin.py:190} INFO - [2025-01-19T16:07:54.027+0000] {dag.py:3262} INFO - Creating ORM DAG for example_short_circuit_operator
[2025-01-19T16:07:54.028+0000] {logging_mixin.py:190} INFO - [2025-01-19T16:07:54.028+0000] {dag.py:4180} INFO - Setting next_dagrun for example_short_circuit_operator to None, run_after=None
[2025-01-19T16:07:54.040+0000] {processor.py:208} INFO - Processing /home/airflow/.local/lib/python3.12/site-packages/airflow/example_dags/example_short_circuit_operator.py took 0.111 seconds
[2025-01-19T16:08:24.713+0000] {processor.py:186} INFO - Started process (PID=178) to work on /home/airflow/.local/lib/python3.12/site-packages/airflow/example_dags/example_short_circuit_operator.py
[2025-01-19T16:08:24.714+0000] {processor.py:914} INFO - Processing file /home/airflow/.local/lib/python3.12/site-packages/airflow/example_dags/example_short_circuit_operator.py for tasks to queue
[2025-01-19T16:08:24.716+0000] {logging_mixin.py:190} INFO - [2025-01-19T16:08:24.716+0000] {dagbag.py:588} INFO - Filling up the DagBag from /home/airflow/.local/lib/python3.12/site-packages/airflow/example_dags/example_short_circuit_operator.py
[2025-01-19T16:08:24.726+0000] {processor.py:925} INFO - DAG(s) 'example_short_circuit_operator' retrieved from /home/airflow/.local/lib/python3.12/site-packages/airflow/example_dags/example_short_circuit_operator.py
[2025-01-19T16:08:24.759+0000] {logging_mixin.py:190} INFO - [2025-01-19T16:08:24.758+0000] {dag.py:3239} INFO - Sync 1 DAGs
[2025-01-19T16:08:24.776+0000] {logging_mixin.py:190} INFO - [2025-01-19T16:08:24.775+0000] {dag.py:4180} INFO - Setting next_dagrun for example_short_circuit_operator to None, run_after=None
[2025-01-19T16:08:24.801+0000] {processor.py:208} INFO - Processing /home/airflow/.local/lib/python3.12/site-packages/airflow/example_dags/example_short_circuit_operator.py took 0.092 seconds
[2025-01-19T16:08:55.471+0000] {processor.py:186} INFO - Started process (PID=241) to work on /home/airflow/.local/lib/python3.12/site-packages/airflow/example_dags/example_short_circuit_operator.py
[2025-01-19T16:08:55.472+0000] {processor.py:914} INFO - Processing file /home/airflow/.local/lib/python3.12/site-packages/airflow/example_dags/example_short_circuit_operator.py for tasks to queue
[2025-01-19T16:08:55.474+0000] {logging_mixin.py:190} INFO - [2025-01-19T16:08:55.474+0000] {dagbag.py:588} INFO - Filling up the DagBag from /home/airflow/.local/lib/python3.12/site-packages/airflow/example_dags/example_short_circuit_operator.py
[2025-01-19T16:08:55.482+0000] {processor.py:925} INFO - DAG(s) 'example_short_circuit_operator' retrieved from /home/airflow/.local/lib/python3.12/site-packages/airflow/example_dags/example_short_circuit_operator.py
[2025-01-19T16:08:55.512+0000] {logging_mixin.py:190} INFO - [2025-01-19T16:08:55.511+0000] {dag.py:3239} INFO - Sync 1 DAGs
[2025-01-19T16:08:55.534+0000] {logging_mixin.py:190} INFO - [2025-01-19T16:08:55.534+0000] {dag.py:4180} INFO - Setting next_dagrun for example_short_circuit_operator to None, run_after=None
[2025-01-19T16:08:55.558+0000] {processor.py:208} INFO - Processing /home/airflow/.local/lib/python3.12/site-packages/airflow/example_dags/example_short_circuit_operator.py took 0.091 seconds
