[2025-01-19T16:07:51.686+0000] {processor.py:186} INFO - Started process (PID=86) to work on /home/airflow/.local/lib/python3.12/site-packages/airflow/example_dags/example_dag_decorator.py
[2025-01-19T16:07:51.686+0000] {processor.py:914} INFO - Processing file /home/airflow/.local/lib/python3.12/site-packages/airflow/example_dags/example_dag_decorator.py for tasks to queue
[2025-01-19T16:07:51.688+0000] {logging_mixin.py:190} INFO - [2025-01-19T16:07:51.688+0000] {dagbag.py:588} INFO - Filling up the DagBag from /home/airflow/.local/lib/python3.12/site-packages/airflow/example_dags/example_dag_decorator.py
[2025-01-19T16:07:51.696+0000] {processor.py:925} INFO - DAG(s) 'example_dag_decorator' retrieved from /home/airflow/.local/lib/python3.12/site-packages/airflow/example_dags/example_dag_decorator.py
[2025-01-19T16:07:51.768+0000] {logging_mixin.py:190} INFO - [2025-01-19T16:07:51.768+0000] {override.py:1911} INFO - Created Permission View: can edit on DAG:example_dag_decorator
[2025-01-19T16:07:51.776+0000] {logging_mixin.py:190} INFO - [2025-01-19T16:07:51.776+0000] {override.py:1911} INFO - Created Permission View: can delete on DAG:example_dag_decorator
[2025-01-19T16:07:51.782+0000] {logging_mixin.py:190} INFO - [2025-01-19T16:07:51.781+0000] {override.py:1911} INFO - Created Permission View: can read on DAG:example_dag_decorator
[2025-01-19T16:07:51.787+0000] {logging_mixin.py:190} INFO - [2025-01-19T16:07:51.786+0000] {override.py:1911} INFO - Created Permission View: can delete on DAG Run:example_dag_decorator
[2025-01-19T16:07:51.792+0000] {logging_mixin.py:190} INFO - [2025-01-19T16:07:51.792+0000] {override.py:1911} INFO - Created Permission View: can create on DAG Run:example_dag_decorator
[2025-01-19T16:07:51.797+0000] {logging_mixin.py:190} INFO - [2025-01-19T16:07:51.797+0000] {override.py:1911} INFO - Created Permission View: menu access on DAG Run:example_dag_decorator
[2025-01-19T16:07:51.801+0000] {logging_mixin.py:190} INFO - [2025-01-19T16:07:51.801+0000] {override.py:1911} INFO - Created Permission View: can read on DAG Run:example_dag_decorator
[2025-01-19T16:07:51.801+0000] {logging_mixin.py:190} INFO - [2025-01-19T16:07:51.801+0000] {dag.py:3239} INFO - Sync 1 DAGs
[2025-01-19T16:07:51.811+0000] {logging_mixin.py:190} INFO - [2025-01-19T16:07:51.811+0000] {dag.py:3262} INFO - Creating ORM DAG for example_dag_decorator
[2025-01-19T16:07:51.811+0000] {logging_mixin.py:190} INFO - [2025-01-19T16:07:51.811+0000] {dag.py:4180} INFO - Setting next_dagrun for example_dag_decorator to None, run_after=None
[2025-01-19T16:07:51.821+0000] {processor.py:208} INFO - Processing /home/airflow/.local/lib/python3.12/site-packages/airflow/example_dags/example_dag_decorator.py took 0.139 seconds
[2025-01-19T16:08:22.062+0000] {processor.py:186} INFO - Started process (PID=155) to work on /home/airflow/.local/lib/python3.12/site-packages/airflow/example_dags/example_dag_decorator.py
[2025-01-19T16:08:22.063+0000] {processor.py:914} INFO - Processing file /home/airflow/.local/lib/python3.12/site-packages/airflow/example_dags/example_dag_decorator.py for tasks to queue
[2025-01-19T16:08:22.064+0000] {logging_mixin.py:190} INFO - [2025-01-19T16:08:22.064+0000] {dagbag.py:588} INFO - Filling up the DagBag from /home/airflow/.local/lib/python3.12/site-packages/airflow/example_dags/example_dag_decorator.py
[2025-01-19T16:08:22.074+0000] {processor.py:925} INFO - DAG(s) 'example_dag_decorator' retrieved from /home/airflow/.local/lib/python3.12/site-packages/airflow/example_dags/example_dag_decorator.py
[2025-01-19T16:08:22.173+0000] {logging_mixin.py:190} INFO - [2025-01-19T16:08:22.173+0000] {dag.py:3239} INFO - Sync 1 DAGs
[2025-01-19T16:08:22.181+0000] {logging_mixin.py:190} INFO - [2025-01-19T16:08:22.181+0000] {dag.py:4180} INFO - Setting next_dagrun for example_dag_decorator to None, run_after=None
[2025-01-19T16:08:22.195+0000] {processor.py:208} INFO - Processing /home/airflow/.local/lib/python3.12/site-packages/airflow/example_dags/example_dag_decorator.py took 0.136 seconds
[2025-01-19T16:08:52.912+0000] {processor.py:186} INFO - Started process (PID=218) to work on /home/airflow/.local/lib/python3.12/site-packages/airflow/example_dags/example_dag_decorator.py
[2025-01-19T16:08:52.913+0000] {processor.py:914} INFO - Processing file /home/airflow/.local/lib/python3.12/site-packages/airflow/example_dags/example_dag_decorator.py for tasks to queue
[2025-01-19T16:08:52.915+0000] {logging_mixin.py:190} INFO - [2025-01-19T16:08:52.915+0000] {dagbag.py:588} INFO - Filling up the DagBag from /home/airflow/.local/lib/python3.12/site-packages/airflow/example_dags/example_dag_decorator.py
[2025-01-19T16:08:52.926+0000] {processor.py:925} INFO - DAG(s) 'example_dag_decorator' retrieved from /home/airflow/.local/lib/python3.12/site-packages/airflow/example_dags/example_dag_decorator.py
[2025-01-19T16:08:53.052+0000] {logging_mixin.py:190} INFO - [2025-01-19T16:08:53.052+0000] {dag.py:3239} INFO - Sync 1 DAGs
[2025-01-19T16:08:53.061+0000] {logging_mixin.py:190} INFO - [2025-01-19T16:08:53.061+0000] {dag.py:4180} INFO - Setting next_dagrun for example_dag_decorator to None, run_after=None
[2025-01-19T16:08:53.087+0000] {processor.py:208} INFO - Processing /home/airflow/.local/lib/python3.12/site-packages/airflow/example_dags/example_dag_decorator.py took 0.179 seconds
