[2025-01-30T00:32:14.652+0000] {local_task_job_runner.py:123} INFO - ::group::Pre task execution logs
[2025-01-30T00:32:14.684+0000] {taskinstance.py:2613} INFO - Dependencies all met for dep_context=non-requeueable deps ti=<TaskInstance: manage_airflow_roles.create_roles manual__2025-01-30T00:32:06.973791+00:00 [queued]>
[2025-01-30T00:32:14.699+0000] {taskinstance.py:2613} INFO - Dependencies all met for dep_context=requeueable deps ti=<TaskInstance: manage_airflow_roles.create_roles manual__2025-01-30T00:32:06.973791+00:00 [queued]>
[2025-01-30T00:32:14.700+0000] {taskinstance.py:2866} INFO - Starting attempt 1 of 1
[2025-01-30T00:32:14.729+0000] {taskinstance.py:2889} INFO - Executing <Task(_PythonDecoratedOperator): create_roles> on 2025-01-30 00:32:06.973791+00:00
[2025-01-30T00:32:14.738+0000] {warnings.py:112} WARNING - /home/***/.local/lib/python3.12/site-packages/***/task/task_runner/standard_task_runner.py:70: DeprecationWarning: This process (pid=367) is multi-threaded, use of fork() may lead to deadlocks in the child.
  pid = os.fork()

[2025-01-30T00:32:14.740+0000] {standard_task_runner.py:72} INFO - Started process 369 to run task
[2025-01-30T00:32:14.741+0000] {standard_task_runner.py:104} INFO - Running: ['***', 'tasks', 'run', 'manage_***_roles', 'create_roles', 'manual__2025-01-30T00:32:06.973791+00:00', '--job-id', '40', '--raw', '--subdir', 'DAGS_FOLDER/dag.py', '--cfg-path', '/tmp/tmpxxuhz95e']
[2025-01-30T00:32:14.742+0000] {standard_task_runner.py:105} INFO - Job 40: Subtask create_roles
[2025-01-30T00:32:14.953+0000] {task_command.py:467} INFO - Running <TaskInstance: manage_airflow_roles.create_roles manual__2025-01-30T00:32:06.973791+00:00 [running]> on host 156798cb3511
[2025-01-30T00:32:15.019+0000] {taskinstance.py:3132} INFO - Exporting env vars: AIRFLOW_CTX_DAG_OWNER='data-team' AIRFLOW_CTX_DAG_ID='manage_***_roles' AIRFLOW_CTX_TASK_ID='create_roles' AIRFLOW_CTX_EXECUTION_DATE='2025-01-30T00:32:06.973791+00:00' AIRFLOW_CTX_TRY_NUMBER='1' AIRFLOW_CTX_DAG_RUN_ID='manual__2025-01-30T00:32:06.973791+00:00'
[2025-01-30T00:32:15.020+0000] {logging_mixin.py:190} INFO - Task instance is in running state
[2025-01-30T00:32:15.020+0000] {logging_mixin.py:190} INFO -  Previous state of the Task instance: queued
[2025-01-30T00:32:15.020+0000] {logging_mixin.py:190} INFO - Current task name:create_roles state:running start_date:2025-01-30 00:32:14.684726+00:00
[2025-01-30T00:32:15.021+0000] {logging_mixin.py:190} INFO - Dag name:manage_***_roles and current dag run status:running
[2025-01-30T00:32:15.021+0000] {taskinstance.py:731} INFO - ::endgroup::
[2025-01-30T00:32:15.022+0000] {python.py:240} INFO - Done. Returned value was: None
[2025-01-30T00:32:15.034+0000] {taskinstance.py:340} INFO - ::group::Post task execution logs
[2025-01-30T00:32:15.034+0000] {taskinstance.py:352} INFO - Marking task as SUCCESS. dag_id=manage_***_roles, task_id=create_roles, run_id=manual__2025-01-30T00:32:06.973791+00:00, execution_date=20250130T003206, start_date=20250130T003214, end_date=20250130T003215
[2025-01-30T00:32:15.049+0000] {logging_mixin.py:190} INFO - Task instance in success state
[2025-01-30T00:32:15.050+0000] {logging_mixin.py:190} INFO -  Previous state of the Task instance: running
[2025-01-30T00:32:15.050+0000] {logging_mixin.py:190} INFO - Dag name:manage_***_roles queued_at:2025-01-30 00:32:06.999346+00:00
[2025-01-30T00:32:15.051+0000] {logging_mixin.py:190} INFO - Task hostname:156798cb3511 operator:_PythonDecoratedOperator
[2025-01-30T00:32:15.075+0000] {local_task_job_runner.py:266} INFO - Task exited with return code 0
[2025-01-30T00:32:15.248+0000] {taskinstance.py:3895} INFO - 1 downstream tasks scheduled from follow-on schedule check
[2025-01-30T00:32:15.252+0000] {local_task_job_runner.py:245} INFO - ::endgroup::
