[2025-01-23T23:34:55.551+0000] {processor.py:186} INFO - Started process (PID=63) to work on /opt/airflow/dags/dag.py
[2025-01-23T23:34:55.551+0000] {processor.py:914} INFO - Processing file /opt/airflow/dags/dag.py for tasks to queue
[2025-01-23T23:34:55.553+0000] {logging_mixin.py:190} INFO - [2025-01-23T23:34:55.553+0000] {dagbag.py:588} INFO - Filling up the DagBag from /opt/airflow/dags/dag.py
[2025-01-23T23:34:55.568+0000] {processor.py:925} INFO - DAG(s) 'manage_airflow_roles' retrieved from /opt/airflow/dags/dag.py
[2025-01-23T23:34:55.751+0000] {logging_mixin.py:190} INFO - [2025-01-23T23:34:55.751+0000] {dag.py:3239} INFO - Sync 1 DAGs
[2025-01-23T23:34:55.778+0000] {logging_mixin.py:190} INFO - [2025-01-23T23:34:55.777+0000] {dag.py:4180} INFO - Setting next_dagrun for manage_airflow_roles to 2025-01-20 10:00:00+00:00, run_after=2025-01-27 10:00:00+00:00
[2025-01-23T23:34:55.797+0000] {processor.py:208} INFO - Processing /opt/airflow/dags/dag.py took 0.250 seconds
[2025-01-23T23:36:03.746+0000] {processor.py:186} INFO - Started process (PID=66) to work on /opt/airflow/dags/dag.py
[2025-01-23T23:36:03.747+0000] {processor.py:914} INFO - Processing file /opt/airflow/dags/dag.py for tasks to queue
[2025-01-23T23:36:03.749+0000] {logging_mixin.py:190} INFO - [2025-01-23T23:36:03.749+0000] {dagbag.py:588} INFO - Filling up the DagBag from /opt/airflow/dags/dag.py
[2025-01-23T23:36:03.763+0000] {processor.py:925} INFO - DAG(s) 'manage_airflow_roles' retrieved from /opt/airflow/dags/dag.py
[2025-01-23T23:36:03.797+0000] {logging_mixin.py:190} INFO - [2025-01-23T23:36:03.797+0000] {dag.py:3239} INFO - Sync 1 DAGs
[2025-01-23T23:36:03.820+0000] {logging_mixin.py:190} INFO - [2025-01-23T23:36:03.819+0000] {dag.py:4180} INFO - Setting next_dagrun for manage_airflow_roles to 2025-01-20 10:00:00+00:00, run_after=2025-01-27 10:00:00+00:00
[2025-01-23T23:36:03.836+0000] {processor.py:208} INFO - Processing /opt/airflow/dags/dag.py took 0.096 seconds
[2025-01-23T23:36:34.520+0000] {processor.py:186} INFO - Started process (PID=130) to work on /opt/airflow/dags/dag.py
[2025-01-23T23:36:34.522+0000] {processor.py:914} INFO - Processing file /opt/airflow/dags/dag.py for tasks to queue
[2025-01-23T23:36:34.525+0000] {logging_mixin.py:190} INFO - [2025-01-23T23:36:34.524+0000] {dagbag.py:588} INFO - Filling up the DagBag from /opt/airflow/dags/dag.py
[2025-01-23T23:36:34.535+0000] {processor.py:925} INFO - DAG(s) 'manage_airflow_roles' retrieved from /opt/airflow/dags/dag.py
[2025-01-23T23:36:34.559+0000] {logging_mixin.py:190} INFO - [2025-01-23T23:36:34.559+0000] {dag.py:3239} INFO - Sync 1 DAGs
[2025-01-23T23:36:34.590+0000] {logging_mixin.py:190} INFO - [2025-01-23T23:36:34.590+0000] {dag.py:4180} INFO - Setting next_dagrun for manage_airflow_roles to 2025-01-20 10:00:00+00:00, run_after=2025-01-27 10:00:00+00:00
[2025-01-23T23:36:34.611+0000] {processor.py:208} INFO - Processing /opt/airflow/dags/dag.py took 0.096 seconds
[2025-01-23T23:37:04.684+0000] {processor.py:186} INFO - Started process (PID=196) to work on /opt/airflow/dags/dag.py
[2025-01-23T23:37:04.685+0000] {processor.py:914} INFO - Processing file /opt/airflow/dags/dag.py for tasks to queue
[2025-01-23T23:37:04.688+0000] {logging_mixin.py:190} INFO - [2025-01-23T23:37:04.688+0000] {dagbag.py:588} INFO - Filling up the DagBag from /opt/airflow/dags/dag.py
[2025-01-23T23:37:04.698+0000] {processor.py:925} INFO - DAG(s) 'manage_airflow_roles' retrieved from /opt/airflow/dags/dag.py
[2025-01-23T23:37:04.725+0000] {logging_mixin.py:190} INFO - [2025-01-23T23:37:04.724+0000] {dag.py:3239} INFO - Sync 1 DAGs
[2025-01-23T23:37:04.755+0000] {logging_mixin.py:190} INFO - [2025-01-23T23:37:04.754+0000] {dag.py:4180} INFO - Setting next_dagrun for manage_airflow_roles to 2025-01-20 10:00:00+00:00, run_after=2025-01-27 10:00:00+00:00
[2025-01-23T23:37:04.772+0000] {processor.py:208} INFO - Processing /opt/airflow/dags/dag.py took 0.098 seconds
[2025-01-23T23:37:35.612+0000] {processor.py:186} INFO - Started process (PID=259) to work on /opt/airflow/dags/dag.py
[2025-01-23T23:37:35.615+0000] {processor.py:914} INFO - Processing file /opt/airflow/dags/dag.py for tasks to queue
[2025-01-23T23:37:35.621+0000] {logging_mixin.py:190} INFO - [2025-01-23T23:37:35.620+0000] {dagbag.py:588} INFO - Filling up the DagBag from /opt/airflow/dags/dag.py
[2025-01-23T23:37:35.647+0000] {processor.py:925} INFO - DAG(s) 'manage_airflow_roles' retrieved from /opt/airflow/dags/dag.py
[2025-01-23T23:37:35.681+0000] {logging_mixin.py:190} INFO - [2025-01-23T23:37:35.681+0000] {dag.py:3239} INFO - Sync 1 DAGs
[2025-01-23T23:37:35.716+0000] {logging_mixin.py:190} INFO - [2025-01-23T23:37:35.715+0000] {dag.py:4180} INFO - Setting next_dagrun for manage_airflow_roles to 2025-01-20 10:00:00+00:00, run_after=2025-01-27 10:00:00+00:00
[2025-01-23T23:37:35.741+0000] {processor.py:208} INFO - Processing /opt/airflow/dags/dag.py took 0.145 seconds
[2025-01-23T23:38:06.089+0000] {processor.py:186} INFO - Started process (PID=324) to work on /opt/airflow/dags/dag.py
[2025-01-23T23:38:06.091+0000] {processor.py:914} INFO - Processing file /opt/airflow/dags/dag.py for tasks to queue
[2025-01-23T23:38:06.093+0000] {logging_mixin.py:190} INFO - [2025-01-23T23:38:06.093+0000] {dagbag.py:588} INFO - Filling up the DagBag from /opt/airflow/dags/dag.py
[2025-01-23T23:38:06.103+0000] {processor.py:925} INFO - DAG(s) 'manage_airflow_roles' retrieved from /opt/airflow/dags/dag.py
[2025-01-23T23:38:06.120+0000] {logging_mixin.py:190} INFO - [2025-01-23T23:38:06.120+0000] {dag.py:3239} INFO - Sync 1 DAGs
[2025-01-23T23:38:06.141+0000] {logging_mixin.py:190} INFO - [2025-01-23T23:38:06.140+0000] {dag.py:4180} INFO - Setting next_dagrun for manage_airflow_roles to 2025-01-20 10:00:00+00:00, run_after=2025-01-27 10:00:00+00:00
[2025-01-23T23:38:06.158+0000] {processor.py:208} INFO - Processing /opt/airflow/dags/dag.py took 0.075 seconds
[2025-01-23T23:38:36.956+0000] {processor.py:186} INFO - Started process (PID=388) to work on /opt/airflow/dags/dag.py
[2025-01-23T23:38:36.959+0000] {processor.py:914} INFO - Processing file /opt/airflow/dags/dag.py for tasks to queue
[2025-01-23T23:38:36.964+0000] {logging_mixin.py:190} INFO - [2025-01-23T23:38:36.963+0000] {dagbag.py:588} INFO - Filling up the DagBag from /opt/airflow/dags/dag.py
[2025-01-23T23:38:36.984+0000] {processor.py:925} INFO - DAG(s) 'manage_airflow_roles' retrieved from /opt/airflow/dags/dag.py
[2025-01-23T23:38:37.026+0000] {logging_mixin.py:190} INFO - [2025-01-23T23:38:37.025+0000] {dag.py:3239} INFO - Sync 1 DAGs
[2025-01-23T23:38:37.068+0000] {logging_mixin.py:190} INFO - [2025-01-23T23:38:37.067+0000] {dag.py:4180} INFO - Setting next_dagrun for manage_airflow_roles to 2025-01-20 10:00:00+00:00, run_after=2025-01-27 10:00:00+00:00
[2025-01-23T23:38:37.084+0000] {processor.py:208} INFO - Processing /opt/airflow/dags/dag.py took 0.142 seconds
[2025-01-23T23:39:07.232+0000] {processor.py:186} INFO - Started process (PID=452) to work on /opt/airflow/dags/dag.py
[2025-01-23T23:39:07.236+0000] {processor.py:914} INFO - Processing file /opt/airflow/dags/dag.py for tasks to queue
[2025-01-23T23:39:07.240+0000] {logging_mixin.py:190} INFO - [2025-01-23T23:39:07.240+0000] {dagbag.py:588} INFO - Filling up the DagBag from /opt/airflow/dags/dag.py
[2025-01-23T23:39:07.254+0000] {processor.py:925} INFO - DAG(s) 'manage_airflow_roles' retrieved from /opt/airflow/dags/dag.py
[2025-01-23T23:39:07.271+0000] {logging_mixin.py:190} INFO - [2025-01-23T23:39:07.270+0000] {dag.py:3239} INFO - Sync 1 DAGs
[2025-01-23T23:39:07.291+0000] {logging_mixin.py:190} INFO - [2025-01-23T23:39:07.291+0000] {dag.py:4180} INFO - Setting next_dagrun for manage_airflow_roles to 2025-01-20 10:00:00+00:00, run_after=2025-01-27 10:00:00+00:00
[2025-01-23T23:39:07.310+0000] {processor.py:208} INFO - Processing /opt/airflow/dags/dag.py took 0.092 seconds
[2025-01-23T23:39:37.857+0000] {processor.py:186} INFO - Started process (PID=522) to work on /opt/airflow/dags/dag.py
[2025-01-23T23:39:37.860+0000] {processor.py:914} INFO - Processing file /opt/airflow/dags/dag.py for tasks to queue
[2025-01-23T23:39:37.865+0000] {logging_mixin.py:190} INFO - [2025-01-23T23:39:37.865+0000] {dagbag.py:588} INFO - Filling up the DagBag from /opt/airflow/dags/dag.py
[2025-01-23T23:39:37.886+0000] {processor.py:925} INFO - DAG(s) 'manage_airflow_roles' retrieved from /opt/airflow/dags/dag.py
[2025-01-23T23:39:37.939+0000] {logging_mixin.py:190} INFO - [2025-01-23T23:39:37.939+0000] {dag.py:3239} INFO - Sync 1 DAGs
[2025-01-23T23:39:37.971+0000] {logging_mixin.py:190} INFO - [2025-01-23T23:39:37.971+0000] {dag.py:4180} INFO - Setting next_dagrun for manage_airflow_roles to 2025-01-20 10:00:00+00:00, run_after=2025-01-27 10:00:00+00:00
[2025-01-23T23:39:37.993+0000] {processor.py:208} INFO - Processing /opt/airflow/dags/dag.py took 0.155 seconds
[2025-01-23T23:40:08.348+0000] {processor.py:186} INFO - Started process (PID=586) to work on /opt/airflow/dags/dag.py
[2025-01-23T23:40:08.351+0000] {processor.py:914} INFO - Processing file /opt/airflow/dags/dag.py for tasks to queue
[2025-01-23T23:40:08.357+0000] {logging_mixin.py:190} INFO - [2025-01-23T23:40:08.357+0000] {dagbag.py:588} INFO - Filling up the DagBag from /opt/airflow/dags/dag.py
[2025-01-23T23:40:08.381+0000] {processor.py:925} INFO - DAG(s) 'manage_airflow_roles' retrieved from /opt/airflow/dags/dag.py
[2025-01-23T23:40:08.418+0000] {logging_mixin.py:190} INFO - [2025-01-23T23:40:08.418+0000] {dag.py:3239} INFO - Sync 1 DAGs
[2025-01-23T23:40:08.452+0000] {logging_mixin.py:190} INFO - [2025-01-23T23:40:08.451+0000] {dag.py:4180} INFO - Setting next_dagrun for manage_airflow_roles to 2025-01-20 10:00:00+00:00, run_after=2025-01-27 10:00:00+00:00
[2025-01-23T23:40:08.494+0000] {processor.py:208} INFO - Processing /opt/airflow/dags/dag.py took 0.170 seconds
[2025-01-23T23:40:38.587+0000] {processor.py:186} INFO - Started process (PID=650) to work on /opt/airflow/dags/dag.py
[2025-01-23T23:40:38.591+0000] {processor.py:914} INFO - Processing file /opt/airflow/dags/dag.py for tasks to queue
[2025-01-23T23:40:38.601+0000] {logging_mixin.py:190} INFO - [2025-01-23T23:40:38.599+0000] {dagbag.py:588} INFO - Filling up the DagBag from /opt/airflow/dags/dag.py
[2025-01-23T23:40:38.624+0000] {processor.py:925} INFO - DAG(s) 'manage_airflow_roles' retrieved from /opt/airflow/dags/dag.py
[2025-01-23T23:40:38.682+0000] {logging_mixin.py:190} INFO - [2025-01-23T23:40:38.681+0000] {dag.py:3239} INFO - Sync 1 DAGs
[2025-01-23T23:40:38.720+0000] {logging_mixin.py:190} INFO - [2025-01-23T23:40:38.720+0000] {dag.py:4180} INFO - Setting next_dagrun for manage_airflow_roles to 2025-01-20 10:00:00+00:00, run_after=2025-01-27 10:00:00+00:00
[2025-01-23T23:40:38.739+0000] {processor.py:208} INFO - Processing /opt/airflow/dags/dag.py took 0.173 seconds
[2025-01-23T23:41:09.333+0000] {processor.py:186} INFO - Started process (PID=714) to work on /opt/airflow/dags/dag.py
[2025-01-23T23:41:09.335+0000] {processor.py:914} INFO - Processing file /opt/airflow/dags/dag.py for tasks to queue
[2025-01-23T23:41:09.339+0000] {logging_mixin.py:190} INFO - [2025-01-23T23:41:09.338+0000] {dagbag.py:588} INFO - Filling up the DagBag from /opt/airflow/dags/dag.py
[2025-01-23T23:41:09.354+0000] {processor.py:925} INFO - DAG(s) 'manage_airflow_roles' retrieved from /opt/airflow/dags/dag.py
[2025-01-23T23:41:09.384+0000] {logging_mixin.py:190} INFO - [2025-01-23T23:41:09.383+0000] {dag.py:3239} INFO - Sync 1 DAGs
[2025-01-23T23:41:09.417+0000] {logging_mixin.py:190} INFO - [2025-01-23T23:41:09.417+0000] {dag.py:4180} INFO - Setting next_dagrun for manage_airflow_roles to 2025-01-20 10:00:00+00:00, run_after=2025-01-27 10:00:00+00:00
[2025-01-23T23:41:09.440+0000] {processor.py:208} INFO - Processing /opt/airflow/dags/dag.py took 0.119 seconds
[2025-01-23T23:41:39.531+0000] {processor.py:186} INFO - Started process (PID=778) to work on /opt/airflow/dags/dag.py
[2025-01-23T23:41:39.535+0000] {processor.py:914} INFO - Processing file /opt/airflow/dags/dag.py for tasks to queue
[2025-01-23T23:41:39.541+0000] {logging_mixin.py:190} INFO - [2025-01-23T23:41:39.540+0000] {dagbag.py:588} INFO - Filling up the DagBag from /opt/airflow/dags/dag.py
[2025-01-23T23:41:39.559+0000] {processor.py:925} INFO - DAG(s) 'manage_airflow_roles' retrieved from /opt/airflow/dags/dag.py
[2025-01-23T23:41:39.603+0000] {logging_mixin.py:190} INFO - [2025-01-23T23:41:39.602+0000] {dag.py:3239} INFO - Sync 1 DAGs
[2025-01-23T23:41:39.642+0000] {logging_mixin.py:190} INFO - [2025-01-23T23:41:39.642+0000] {dag.py:4180} INFO - Setting next_dagrun for manage_airflow_roles to 2025-01-20 10:00:00+00:00, run_after=2025-01-27 10:00:00+00:00
[2025-01-23T23:41:39.668+0000] {processor.py:208} INFO - Processing /opt/airflow/dags/dag.py took 0.147 seconds
[2025-01-23T23:42:09.931+0000] {processor.py:186} INFO - Started process (PID=842) to work on /opt/airflow/dags/dag.py
[2025-01-23T23:42:09.934+0000] {processor.py:914} INFO - Processing file /opt/airflow/dags/dag.py for tasks to queue
[2025-01-23T23:42:09.936+0000] {logging_mixin.py:190} INFO - [2025-01-23T23:42:09.936+0000] {dagbag.py:588} INFO - Filling up the DagBag from /opt/airflow/dags/dag.py
[2025-01-23T23:42:09.944+0000] {processor.py:925} INFO - DAG(s) 'manage_airflow_roles' retrieved from /opt/airflow/dags/dag.py
[2025-01-23T23:42:09.962+0000] {logging_mixin.py:190} INFO - [2025-01-23T23:42:09.962+0000] {dag.py:3239} INFO - Sync 1 DAGs
[2025-01-23T23:42:09.980+0000] {logging_mixin.py:190} INFO - [2025-01-23T23:42:09.980+0000] {dag.py:4180} INFO - Setting next_dagrun for manage_airflow_roles to 2025-01-20 10:00:00+00:00, run_after=2025-01-27 10:00:00+00:00
[2025-01-23T23:42:09.994+0000] {processor.py:208} INFO - Processing /opt/airflow/dags/dag.py took 0.069 seconds
[2025-01-23T23:42:40.167+0000] {processor.py:186} INFO - Started process (PID=906) to work on /opt/airflow/dags/dag.py
[2025-01-23T23:42:40.170+0000] {processor.py:914} INFO - Processing file /opt/airflow/dags/dag.py for tasks to queue
[2025-01-23T23:42:40.177+0000] {logging_mixin.py:190} INFO - [2025-01-23T23:42:40.176+0000] {dagbag.py:588} INFO - Filling up the DagBag from /opt/airflow/dags/dag.py
[2025-01-23T23:42:40.198+0000] {processor.py:925} INFO - DAG(s) 'manage_airflow_roles' retrieved from /opt/airflow/dags/dag.py
[2025-01-23T23:42:40.225+0000] {logging_mixin.py:190} INFO - [2025-01-23T23:42:40.225+0000] {dag.py:3239} INFO - Sync 1 DAGs
[2025-01-23T23:42:40.262+0000] {logging_mixin.py:190} INFO - [2025-01-23T23:42:40.262+0000] {dag.py:4180} INFO - Setting next_dagrun for manage_airflow_roles to 2025-01-20 10:00:00+00:00, run_after=2025-01-27 10:00:00+00:00
[2025-01-23T23:42:40.291+0000] {processor.py:208} INFO - Processing /opt/airflow/dags/dag.py took 0.135 seconds
[2025-01-23T23:43:10.454+0000] {processor.py:186} INFO - Started process (PID=970) to work on /opt/airflow/dags/dag.py
[2025-01-23T23:43:10.458+0000] {processor.py:914} INFO - Processing file /opt/airflow/dags/dag.py for tasks to queue
[2025-01-23T23:43:10.464+0000] {logging_mixin.py:190} INFO - [2025-01-23T23:43:10.463+0000] {dagbag.py:588} INFO - Filling up the DagBag from /opt/airflow/dags/dag.py
[2025-01-23T23:43:10.479+0000] {processor.py:925} INFO - DAG(s) 'manage_airflow_roles' retrieved from /opt/airflow/dags/dag.py
[2025-01-23T23:43:10.505+0000] {logging_mixin.py:190} INFO - [2025-01-23T23:43:10.505+0000] {dag.py:3239} INFO - Sync 1 DAGs
[2025-01-23T23:43:10.526+0000] {logging_mixin.py:190} INFO - [2025-01-23T23:43:10.525+0000] {dag.py:4180} INFO - Setting next_dagrun for manage_airflow_roles to 2025-01-20 10:00:00+00:00, run_after=2025-01-27 10:00:00+00:00
[2025-01-23T23:43:10.547+0000] {processor.py:208} INFO - Processing /opt/airflow/dags/dag.py took 0.103 seconds
[2025-01-23T23:43:41.077+0000] {processor.py:186} INFO - Started process (PID=1034) to work on /opt/airflow/dags/dag.py
[2025-01-23T23:43:41.081+0000] {processor.py:914} INFO - Processing file /opt/airflow/dags/dag.py for tasks to queue
[2025-01-23T23:43:41.089+0000] {logging_mixin.py:190} INFO - [2025-01-23T23:43:41.088+0000] {dagbag.py:588} INFO - Filling up the DagBag from /opt/airflow/dags/dag.py
[2025-01-23T23:43:41.110+0000] {processor.py:925} INFO - DAG(s) 'manage_airflow_roles' retrieved from /opt/airflow/dags/dag.py
[2025-01-23T23:43:41.139+0000] {logging_mixin.py:190} INFO - [2025-01-23T23:43:41.139+0000] {dag.py:3239} INFO - Sync 1 DAGs
[2025-01-23T23:43:41.170+0000] {logging_mixin.py:190} INFO - [2025-01-23T23:43:41.169+0000] {dag.py:4180} INFO - Setting next_dagrun for manage_airflow_roles to 2025-01-20 10:00:00+00:00, run_after=2025-01-27 10:00:00+00:00
[2025-01-23T23:43:41.194+0000] {processor.py:208} INFO - Processing /opt/airflow/dags/dag.py took 0.130 seconds
[2025-01-23T23:44:11.455+0000] {processor.py:186} INFO - Started process (PID=1098) to work on /opt/airflow/dags/dag.py
[2025-01-23T23:44:11.458+0000] {processor.py:914} INFO - Processing file /opt/airflow/dags/dag.py for tasks to queue
[2025-01-23T23:44:11.462+0000] {logging_mixin.py:190} INFO - [2025-01-23T23:44:11.462+0000] {dagbag.py:588} INFO - Filling up the DagBag from /opt/airflow/dags/dag.py
[2025-01-23T23:44:11.478+0000] {processor.py:925} INFO - DAG(s) 'manage_airflow_roles' retrieved from /opt/airflow/dags/dag.py
[2025-01-23T23:44:11.511+0000] {logging_mixin.py:190} INFO - [2025-01-23T23:44:11.511+0000] {dag.py:3239} INFO - Sync 1 DAGs
[2025-01-23T23:44:11.543+0000] {logging_mixin.py:190} INFO - [2025-01-23T23:44:11.542+0000] {dag.py:4180} INFO - Setting next_dagrun for manage_airflow_roles to 2025-01-20 10:00:00+00:00, run_after=2025-01-27 10:00:00+00:00
[2025-01-23T23:44:11.561+0000] {processor.py:208} INFO - Processing /opt/airflow/dags/dag.py took 0.114 seconds
[2025-01-23T23:44:42.012+0000] {processor.py:186} INFO - Started process (PID=1162) to work on /opt/airflow/dags/dag.py
[2025-01-23T23:44:42.014+0000] {processor.py:914} INFO - Processing file /opt/airflow/dags/dag.py for tasks to queue
[2025-01-23T23:44:42.017+0000] {logging_mixin.py:190} INFO - [2025-01-23T23:44:42.016+0000] {dagbag.py:588} INFO - Filling up the DagBag from /opt/airflow/dags/dag.py
[2025-01-23T23:44:42.026+0000] {processor.py:925} INFO - DAG(s) 'manage_airflow_roles' retrieved from /opt/airflow/dags/dag.py
[2025-01-23T23:44:42.046+0000] {logging_mixin.py:190} INFO - [2025-01-23T23:44:42.046+0000] {dag.py:3239} INFO - Sync 1 DAGs
[2025-01-23T23:44:42.067+0000] {logging_mixin.py:190} INFO - [2025-01-23T23:44:42.066+0000] {dag.py:4180} INFO - Setting next_dagrun for manage_airflow_roles to 2025-01-20 10:00:00+00:00, run_after=2025-01-27 10:00:00+00:00
[2025-01-23T23:44:42.082+0000] {processor.py:208} INFO - Processing /opt/airflow/dags/dag.py took 0.076 seconds
[2025-01-23T23:45:12.340+0000] {processor.py:186} INFO - Started process (PID=1226) to work on /opt/airflow/dags/dag.py
[2025-01-23T23:45:12.342+0000] {processor.py:914} INFO - Processing file /opt/airflow/dags/dag.py for tasks to queue
[2025-01-23T23:45:12.346+0000] {logging_mixin.py:190} INFO - [2025-01-23T23:45:12.346+0000] {dagbag.py:588} INFO - Filling up the DagBag from /opt/airflow/dags/dag.py
[2025-01-23T23:45:12.363+0000] {processor.py:925} INFO - DAG(s) 'manage_airflow_roles' retrieved from /opt/airflow/dags/dag.py
[2025-01-23T23:45:12.396+0000] {logging_mixin.py:190} INFO - [2025-01-23T23:45:12.396+0000] {dag.py:3239} INFO - Sync 1 DAGs
[2025-01-23T23:45:12.455+0000] {logging_mixin.py:190} INFO - [2025-01-23T23:45:12.455+0000] {dag.py:4180} INFO - Setting next_dagrun for manage_airflow_roles to 2025-01-20 10:00:00+00:00, run_after=2025-01-27 10:00:00+00:00
[2025-01-23T23:45:12.477+0000] {processor.py:208} INFO - Processing /opt/airflow/dags/dag.py took 0.147 seconds
[2025-01-23T23:45:42.831+0000] {processor.py:186} INFO - Started process (PID=1290) to work on /opt/airflow/dags/dag.py
[2025-01-23T23:45:42.833+0000] {processor.py:914} INFO - Processing file /opt/airflow/dags/dag.py for tasks to queue
[2025-01-23T23:45:42.836+0000] {logging_mixin.py:190} INFO - [2025-01-23T23:45:42.836+0000] {dagbag.py:588} INFO - Filling up the DagBag from /opt/airflow/dags/dag.py
[2025-01-23T23:45:42.849+0000] {processor.py:925} INFO - DAG(s) 'manage_airflow_roles' retrieved from /opt/airflow/dags/dag.py
[2025-01-23T23:45:42.871+0000] {logging_mixin.py:190} INFO - [2025-01-23T23:45:42.870+0000] {dag.py:3239} INFO - Sync 1 DAGs
[2025-01-23T23:45:42.895+0000] {logging_mixin.py:190} INFO - [2025-01-23T23:45:42.894+0000] {dag.py:4180} INFO - Setting next_dagrun for manage_airflow_roles to 2025-01-20 10:00:00+00:00, run_after=2025-01-27 10:00:00+00:00
[2025-01-23T23:45:42.915+0000] {processor.py:208} INFO - Processing /opt/airflow/dags/dag.py took 0.092 seconds
[2025-01-23T23:46:13.127+0000] {processor.py:186} INFO - Started process (PID=1354) to work on /opt/airflow/dags/dag.py
[2025-01-23T23:46:13.129+0000] {processor.py:914} INFO - Processing file /opt/airflow/dags/dag.py for tasks to queue
[2025-01-23T23:46:13.131+0000] {logging_mixin.py:190} INFO - [2025-01-23T23:46:13.131+0000] {dagbag.py:588} INFO - Filling up the DagBag from /opt/airflow/dags/dag.py
[2025-01-23T23:46:13.140+0000] {processor.py:925} INFO - DAG(s) 'manage_airflow_roles' retrieved from /opt/airflow/dags/dag.py
[2025-01-23T23:46:13.157+0000] {logging_mixin.py:190} INFO - [2025-01-23T23:46:13.157+0000] {dag.py:3239} INFO - Sync 1 DAGs
[2025-01-23T23:46:13.183+0000] {logging_mixin.py:190} INFO - [2025-01-23T23:46:13.183+0000] {dag.py:4180} INFO - Setting next_dagrun for manage_airflow_roles to 2025-01-20 10:00:00+00:00, run_after=2025-01-27 10:00:00+00:00
[2025-01-23T23:46:13.201+0000] {processor.py:208} INFO - Processing /opt/airflow/dags/dag.py took 0.082 seconds
[2025-01-23T23:46:44.022+0000] {processor.py:186} INFO - Started process (PID=1418) to work on /opt/airflow/dags/dag.py
[2025-01-23T23:46:44.025+0000] {processor.py:914} INFO - Processing file /opt/airflow/dags/dag.py for tasks to queue
[2025-01-23T23:46:44.027+0000] {logging_mixin.py:190} INFO - [2025-01-23T23:46:44.027+0000] {dagbag.py:588} INFO - Filling up the DagBag from /opt/airflow/dags/dag.py
[2025-01-23T23:46:44.037+0000] {processor.py:925} INFO - DAG(s) 'manage_airflow_roles' retrieved from /opt/airflow/dags/dag.py
[2025-01-23T23:46:44.061+0000] {logging_mixin.py:190} INFO - [2025-01-23T23:46:44.061+0000] {dag.py:3239} INFO - Sync 1 DAGs
[2025-01-23T23:46:44.097+0000] {logging_mixin.py:190} INFO - [2025-01-23T23:46:44.096+0000] {dag.py:4180} INFO - Setting next_dagrun for manage_airflow_roles to 2025-01-20 10:00:00+00:00, run_after=2025-01-27 10:00:00+00:00
[2025-01-23T23:46:44.119+0000] {processor.py:208} INFO - Processing /opt/airflow/dags/dag.py took 0.102 seconds
[2025-01-23T23:47:14.578+0000] {processor.py:186} INFO - Started process (PID=1482) to work on /opt/airflow/dags/dag.py
[2025-01-23T23:47:14.582+0000] {processor.py:914} INFO - Processing file /opt/airflow/dags/dag.py for tasks to queue
[2025-01-23T23:47:14.589+0000] {logging_mixin.py:190} INFO - [2025-01-23T23:47:14.588+0000] {dagbag.py:588} INFO - Filling up the DagBag from /opt/airflow/dags/dag.py
[2025-01-23T23:47:14.617+0000] {processor.py:925} INFO - DAG(s) 'manage_airflow_roles' retrieved from /opt/airflow/dags/dag.py
[2025-01-23T23:47:14.658+0000] {logging_mixin.py:190} INFO - [2025-01-23T23:47:14.658+0000] {dag.py:3239} INFO - Sync 1 DAGs
[2025-01-23T23:47:14.706+0000] {logging_mixin.py:190} INFO - [2025-01-23T23:47:14.706+0000] {dag.py:4180} INFO - Setting next_dagrun for manage_airflow_roles to 2025-01-20 10:00:00+00:00, run_after=2025-01-27 10:00:00+00:00
[2025-01-23T23:47:14.730+0000] {processor.py:208} INFO - Processing /opt/airflow/dags/dag.py took 0.169 seconds
[2025-01-23T23:47:45.414+0000] {processor.py:186} INFO - Started process (PID=1546) to work on /opt/airflow/dags/dag.py
[2025-01-23T23:47:45.419+0000] {processor.py:914} INFO - Processing file /opt/airflow/dags/dag.py for tasks to queue
[2025-01-23T23:47:45.429+0000] {logging_mixin.py:190} INFO - [2025-01-23T23:47:45.427+0000] {dagbag.py:588} INFO - Filling up the DagBag from /opt/airflow/dags/dag.py
[2025-01-23T23:47:45.460+0000] {processor.py:925} INFO - DAG(s) 'manage_airflow_roles' retrieved from /opt/airflow/dags/dag.py
[2025-01-23T23:47:45.491+0000] {logging_mixin.py:190} INFO - [2025-01-23T23:47:45.491+0000] {dag.py:3239} INFO - Sync 1 DAGs
[2025-01-23T23:47:45.520+0000] {logging_mixin.py:190} INFO - [2025-01-23T23:47:45.520+0000] {dag.py:4180} INFO - Setting next_dagrun for manage_airflow_roles to 2025-01-20 10:00:00+00:00, run_after=2025-01-27 10:00:00+00:00
[2025-01-23T23:47:45.549+0000] {processor.py:208} INFO - Processing /opt/airflow/dags/dag.py took 0.157 seconds
[2025-01-23T23:48:16.573+0000] {processor.py:186} INFO - Started process (PID=1610) to work on /opt/airflow/dags/dag.py
[2025-01-23T23:48:16.576+0000] {processor.py:914} INFO - Processing file /opt/airflow/dags/dag.py for tasks to queue
[2025-01-23T23:48:16.580+0000] {logging_mixin.py:190} INFO - [2025-01-23T23:48:16.579+0000] {dagbag.py:588} INFO - Filling up the DagBag from /opt/airflow/dags/dag.py
[2025-01-23T23:48:16.599+0000] {processor.py:925} INFO - DAG(s) 'manage_airflow_roles' retrieved from /opt/airflow/dags/dag.py
[2025-01-23T23:48:16.632+0000] {logging_mixin.py:190} INFO - [2025-01-23T23:48:16.631+0000] {dag.py:3239} INFO - Sync 1 DAGs
[2025-01-23T23:48:16.673+0000] {logging_mixin.py:190} INFO - [2025-01-23T23:48:16.672+0000] {dag.py:4180} INFO - Setting next_dagrun for manage_airflow_roles to 2025-01-20 10:00:00+00:00, run_after=2025-01-27 10:00:00+00:00
[2025-01-23T23:48:16.713+0000] {processor.py:208} INFO - Processing /opt/airflow/dags/dag.py took 0.149 seconds
[2025-01-23T23:48:47.642+0000] {processor.py:186} INFO - Started process (PID=1674) to work on /opt/airflow/dags/dag.py
[2025-01-23T23:48:47.644+0000] {processor.py:914} INFO - Processing file /opt/airflow/dags/dag.py for tasks to queue
[2025-01-23T23:48:47.647+0000] {logging_mixin.py:190} INFO - [2025-01-23T23:48:47.647+0000] {dagbag.py:588} INFO - Filling up the DagBag from /opt/airflow/dags/dag.py
[2025-01-23T23:48:47.658+0000] {processor.py:925} INFO - DAG(s) 'manage_airflow_roles' retrieved from /opt/airflow/dags/dag.py
[2025-01-23T23:48:47.672+0000] {logging_mixin.py:190} INFO - [2025-01-23T23:48:47.671+0000] {dag.py:3239} INFO - Sync 1 DAGs
[2025-01-23T23:48:47.693+0000] {logging_mixin.py:190} INFO - [2025-01-23T23:48:47.692+0000] {dag.py:4180} INFO - Setting next_dagrun for manage_airflow_roles to 2025-01-20 10:00:00+00:00, run_after=2025-01-27 10:00:00+00:00
[2025-01-23T23:48:47.711+0000] {processor.py:208} INFO - Processing /opt/airflow/dags/dag.py took 0.079 seconds
[2025-01-23T23:49:18.063+0000] {processor.py:186} INFO - Started process (PID=1738) to work on /opt/airflow/dags/dag.py
[2025-01-23T23:49:18.065+0000] {processor.py:914} INFO - Processing file /opt/airflow/dags/dag.py for tasks to queue
[2025-01-23T23:49:18.069+0000] {logging_mixin.py:190} INFO - [2025-01-23T23:49:18.068+0000] {dagbag.py:588} INFO - Filling up the DagBag from /opt/airflow/dags/dag.py
[2025-01-23T23:49:18.080+0000] {processor.py:925} INFO - DAG(s) 'manage_airflow_roles' retrieved from /opt/airflow/dags/dag.py
[2025-01-23T23:49:18.100+0000] {logging_mixin.py:190} INFO - [2025-01-23T23:49:18.100+0000] {dag.py:3239} INFO - Sync 1 DAGs
[2025-01-23T23:49:18.127+0000] {logging_mixin.py:190} INFO - [2025-01-23T23:49:18.127+0000] {dag.py:4180} INFO - Setting next_dagrun for manage_airflow_roles to 2025-01-20 10:00:00+00:00, run_after=2025-01-27 10:00:00+00:00
[2025-01-23T23:49:18.146+0000] {processor.py:208} INFO - Processing /opt/airflow/dags/dag.py took 0.091 seconds
[2025-01-23T23:49:48.518+0000] {processor.py:186} INFO - Started process (PID=1802) to work on /opt/airflow/dags/dag.py
[2025-01-23T23:49:48.521+0000] {processor.py:914} INFO - Processing file /opt/airflow/dags/dag.py for tasks to queue
[2025-01-23T23:49:48.527+0000] {logging_mixin.py:190} INFO - [2025-01-23T23:49:48.526+0000] {dagbag.py:588} INFO - Filling up the DagBag from /opt/airflow/dags/dag.py
[2025-01-23T23:49:48.551+0000] {processor.py:925} INFO - DAG(s) 'manage_airflow_roles' retrieved from /opt/airflow/dags/dag.py
[2025-01-23T23:49:48.592+0000] {logging_mixin.py:190} INFO - [2025-01-23T23:49:48.592+0000] {dag.py:3239} INFO - Sync 1 DAGs
[2025-01-23T23:49:48.620+0000] {logging_mixin.py:190} INFO - [2025-01-23T23:49:48.620+0000] {dag.py:4180} INFO - Setting next_dagrun for manage_airflow_roles to 2025-01-20 10:00:00+00:00, run_after=2025-01-27 10:00:00+00:00
[2025-01-23T23:49:48.649+0000] {processor.py:208} INFO - Processing /opt/airflow/dags/dag.py took 0.143 seconds
[2025-01-23T23:50:18.879+0000] {processor.py:186} INFO - Started process (PID=1866) to work on /opt/airflow/dags/dag.py
[2025-01-23T23:50:18.881+0000] {processor.py:914} INFO - Processing file /opt/airflow/dags/dag.py for tasks to queue
[2025-01-23T23:50:18.885+0000] {logging_mixin.py:190} INFO - [2025-01-23T23:50:18.885+0000] {dagbag.py:588} INFO - Filling up the DagBag from /opt/airflow/dags/dag.py
[2025-01-23T23:50:18.903+0000] {processor.py:925} INFO - DAG(s) 'manage_airflow_roles' retrieved from /opt/airflow/dags/dag.py
[2025-01-23T23:50:18.962+0000] {logging_mixin.py:190} INFO - [2025-01-23T23:50:18.962+0000] {dag.py:3239} INFO - Sync 1 DAGs
[2025-01-23T23:50:19.002+0000] {logging_mixin.py:190} INFO - [2025-01-23T23:50:19.002+0000] {dag.py:4180} INFO - Setting next_dagrun for manage_airflow_roles to 2025-01-20 10:00:00+00:00, run_after=2025-01-27 10:00:00+00:00
[2025-01-23T23:50:19.018+0000] {processor.py:208} INFO - Processing /opt/airflow/dags/dag.py took 0.149 seconds
[2025-01-23T23:50:49.472+0000] {processor.py:186} INFO - Started process (PID=1930) to work on /opt/airflow/dags/dag.py
[2025-01-23T23:50:49.474+0000] {processor.py:914} INFO - Processing file /opt/airflow/dags/dag.py for tasks to queue
[2025-01-23T23:50:49.476+0000] {logging_mixin.py:190} INFO - [2025-01-23T23:50:49.476+0000] {dagbag.py:588} INFO - Filling up the DagBag from /opt/airflow/dags/dag.py
[2025-01-23T23:50:49.483+0000] {processor.py:925} INFO - DAG(s) 'manage_airflow_roles' retrieved from /opt/airflow/dags/dag.py
[2025-01-23T23:50:49.501+0000] {logging_mixin.py:190} INFO - [2025-01-23T23:50:49.501+0000] {dag.py:3239} INFO - Sync 1 DAGs
[2025-01-23T23:50:49.570+0000] {logging_mixin.py:190} INFO - [2025-01-23T23:50:49.569+0000] {dag.py:4180} INFO - Setting next_dagrun for manage_airflow_roles to 2025-01-20 10:00:00+00:00, run_after=2025-01-27 10:00:00+00:00
[2025-01-23T23:50:49.597+0000] {processor.py:208} INFO - Processing /opt/airflow/dags/dag.py took 0.135 seconds
[2025-01-23T23:51:20.130+0000] {processor.py:186} INFO - Started process (PID=1994) to work on /opt/airflow/dags/dag.py
[2025-01-23T23:51:20.134+0000] {processor.py:914} INFO - Processing file /opt/airflow/dags/dag.py for tasks to queue
[2025-01-23T23:51:20.140+0000] {logging_mixin.py:190} INFO - [2025-01-23T23:51:20.139+0000] {dagbag.py:588} INFO - Filling up the DagBag from /opt/airflow/dags/dag.py
[2025-01-23T23:51:20.162+0000] {processor.py:925} INFO - DAG(s) 'manage_airflow_roles' retrieved from /opt/airflow/dags/dag.py
[2025-01-23T23:51:20.185+0000] {logging_mixin.py:190} INFO - [2025-01-23T23:51:20.185+0000] {dag.py:3239} INFO - Sync 1 DAGs
[2025-01-23T23:51:20.209+0000] {logging_mixin.py:190} INFO - [2025-01-23T23:51:20.209+0000] {dag.py:4180} INFO - Setting next_dagrun for manage_airflow_roles to 2025-01-20 10:00:00+00:00, run_after=2025-01-27 10:00:00+00:00
[2025-01-23T23:51:20.247+0000] {processor.py:208} INFO - Processing /opt/airflow/dags/dag.py took 0.127 seconds
[2025-01-23T23:51:50.307+0000] {processor.py:186} INFO - Started process (PID=2058) to work on /opt/airflow/dags/dag.py
[2025-01-23T23:51:50.311+0000] {processor.py:914} INFO - Processing file /opt/airflow/dags/dag.py for tasks to queue
[2025-01-23T23:51:50.316+0000] {logging_mixin.py:190} INFO - [2025-01-23T23:51:50.315+0000] {dagbag.py:588} INFO - Filling up the DagBag from /opt/airflow/dags/dag.py
[2025-01-23T23:51:50.337+0000] {processor.py:925} INFO - DAG(s) 'manage_airflow_roles' retrieved from /opt/airflow/dags/dag.py
[2025-01-23T23:51:50.373+0000] {logging_mixin.py:190} INFO - [2025-01-23T23:51:50.372+0000] {dag.py:3239} INFO - Sync 1 DAGs
[2025-01-23T23:51:50.403+0000] {logging_mixin.py:190} INFO - [2025-01-23T23:51:50.403+0000] {dag.py:4180} INFO - Setting next_dagrun for manage_airflow_roles to 2025-01-20 10:00:00+00:00, run_after=2025-01-27 10:00:00+00:00
[2025-01-23T23:51:50.420+0000] {processor.py:208} INFO - Processing /opt/airflow/dags/dag.py took 0.122 seconds
[2025-01-23T23:52:20.709+0000] {processor.py:186} INFO - Started process (PID=2122) to work on /opt/airflow/dags/dag.py
[2025-01-23T23:52:20.713+0000] {processor.py:914} INFO - Processing file /opt/airflow/dags/dag.py for tasks to queue
[2025-01-23T23:52:20.718+0000] {logging_mixin.py:190} INFO - [2025-01-23T23:52:20.718+0000] {dagbag.py:588} INFO - Filling up the DagBag from /opt/airflow/dags/dag.py
[2025-01-23T23:52:20.743+0000] {processor.py:925} INFO - DAG(s) 'manage_airflow_roles' retrieved from /opt/airflow/dags/dag.py
[2025-01-23T23:52:20.791+0000] {logging_mixin.py:190} INFO - [2025-01-23T23:52:20.790+0000] {dag.py:3239} INFO - Sync 1 DAGs
[2025-01-23T23:52:20.812+0000] {logging_mixin.py:190} INFO - [2025-01-23T23:52:20.812+0000] {dag.py:4180} INFO - Setting next_dagrun for manage_airflow_roles to 2025-01-20 10:00:00+00:00, run_after=2025-01-27 10:00:00+00:00
[2025-01-23T23:52:20.826+0000] {processor.py:208} INFO - Processing /opt/airflow/dags/dag.py took 0.128 seconds
[2025-01-23T23:52:51.654+0000] {processor.py:186} INFO - Started process (PID=2186) to work on /opt/airflow/dags/dag.py
[2025-01-23T23:52:51.657+0000] {processor.py:914} INFO - Processing file /opt/airflow/dags/dag.py for tasks to queue
[2025-01-23T23:52:51.660+0000] {logging_mixin.py:190} INFO - [2025-01-23T23:52:51.659+0000] {dagbag.py:588} INFO - Filling up the DagBag from /opt/airflow/dags/dag.py
[2025-01-23T23:52:51.677+0000] {processor.py:925} INFO - DAG(s) 'manage_airflow_roles' retrieved from /opt/airflow/dags/dag.py
[2025-01-23T23:52:51.718+0000] {logging_mixin.py:190} INFO - [2025-01-23T23:52:51.717+0000] {dag.py:3239} INFO - Sync 1 DAGs
[2025-01-23T23:52:51.777+0000] {logging_mixin.py:190} INFO - [2025-01-23T23:52:51.776+0000] {dag.py:4180} INFO - Setting next_dagrun for manage_airflow_roles to 2025-01-20 10:00:00+00:00, run_after=2025-01-27 10:00:00+00:00
[2025-01-23T23:52:51.815+0000] {processor.py:208} INFO - Processing /opt/airflow/dags/dag.py took 0.171 seconds
[2025-01-23T23:53:22.077+0000] {processor.py:186} INFO - Started process (PID=2250) to work on /opt/airflow/dags/dag.py
[2025-01-23T23:53:22.080+0000] {processor.py:914} INFO - Processing file /opt/airflow/dags/dag.py for tasks to queue
[2025-01-23T23:53:22.084+0000] {logging_mixin.py:190} INFO - [2025-01-23T23:53:22.083+0000] {dagbag.py:588} INFO - Filling up the DagBag from /opt/airflow/dags/dag.py
[2025-01-23T23:53:22.102+0000] {processor.py:925} INFO - DAG(s) 'manage_airflow_roles' retrieved from /opt/airflow/dags/dag.py
[2025-01-23T23:53:22.138+0000] {logging_mixin.py:190} INFO - [2025-01-23T23:53:22.137+0000] {dag.py:3239} INFO - Sync 1 DAGs
[2025-01-23T23:53:22.169+0000] {logging_mixin.py:190} INFO - [2025-01-23T23:53:22.169+0000] {dag.py:4180} INFO - Setting next_dagrun for manage_airflow_roles to 2025-01-20 10:00:00+00:00, run_after=2025-01-27 10:00:00+00:00
[2025-01-23T23:53:22.190+0000] {processor.py:208} INFO - Processing /opt/airflow/dags/dag.py took 0.123 seconds
[2025-01-23T23:53:46.970+0000] {processor.py:186} INFO - Started process (PID=2314) to work on /opt/airflow/dags/dag.py
[2025-01-23T23:53:46.971+0000] {processor.py:914} INFO - Processing file /opt/airflow/dags/dag.py for tasks to queue
[2025-01-23T23:53:46.975+0000] {logging_mixin.py:190} INFO - [2025-01-23T23:53:46.975+0000] {dagbag.py:588} INFO - Filling up the DagBag from /opt/airflow/dags/dag.py
[2025-01-23T23:53:46.990+0000] {processor.py:925} INFO - DAG(s) 'manage_airflow_roles' retrieved from /opt/airflow/dags/dag.py
[2025-01-23T23:53:47.021+0000] {logging_mixin.py:190} INFO - [2025-01-23T23:53:47.021+0000] {dag.py:3239} INFO - Sync 1 DAGs
[2025-01-23T23:53:47.046+0000] {logging_mixin.py:190} INFO - [2025-01-23T23:53:47.045+0000] {dag.py:4180} INFO - Setting next_dagrun for manage_airflow_roles to 2025-01-20 10:00:00+00:00, run_after=2025-01-27 10:00:00+00:00
[2025-01-23T23:53:47.063+0000] {processor.py:208} INFO - Processing /opt/airflow/dags/dag.py took 0.103 seconds
[2025-01-23T23:54:17.199+0000] {processor.py:186} INFO - Started process (PID=2377) to work on /opt/airflow/dags/dag.py
[2025-01-23T23:54:17.201+0000] {processor.py:914} INFO - Processing file /opt/airflow/dags/dag.py for tasks to queue
[2025-01-23T23:54:17.204+0000] {logging_mixin.py:190} INFO - [2025-01-23T23:54:17.203+0000] {dagbag.py:588} INFO - Filling up the DagBag from /opt/airflow/dags/dag.py
[2025-01-23T23:54:17.215+0000] {processor.py:925} INFO - DAG(s) 'manage_airflow_roles' retrieved from /opt/airflow/dags/dag.py
[2025-01-23T23:54:17.238+0000] {logging_mixin.py:190} INFO - [2025-01-23T23:54:17.238+0000] {dag.py:3239} INFO - Sync 1 DAGs
[2025-01-23T23:54:17.266+0000] {logging_mixin.py:190} INFO - [2025-01-23T23:54:17.265+0000] {dag.py:4180} INFO - Setting next_dagrun for manage_airflow_roles to 2025-01-20 10:00:00+00:00, run_after=2025-01-27 10:00:00+00:00
[2025-01-23T23:54:17.285+0000] {processor.py:208} INFO - Processing /opt/airflow/dags/dag.py took 0.092 seconds
[2025-01-23T23:54:47.794+0000] {processor.py:186} INFO - Started process (PID=2441) to work on /opt/airflow/dags/dag.py
[2025-01-23T23:54:47.797+0000] {processor.py:914} INFO - Processing file /opt/airflow/dags/dag.py for tasks to queue
[2025-01-23T23:54:47.799+0000] {logging_mixin.py:190} INFO - [2025-01-23T23:54:47.798+0000] {dagbag.py:588} INFO - Filling up the DagBag from /opt/airflow/dags/dag.py
[2025-01-23T23:54:47.810+0000] {processor.py:925} INFO - DAG(s) 'manage_airflow_roles' retrieved from /opt/airflow/dags/dag.py
[2025-01-23T23:54:47.828+0000] {logging_mixin.py:190} INFO - [2025-01-23T23:54:47.828+0000] {dag.py:3239} INFO - Sync 1 DAGs
[2025-01-23T23:54:47.857+0000] {logging_mixin.py:190} INFO - [2025-01-23T23:54:47.856+0000] {dag.py:4180} INFO - Setting next_dagrun for manage_airflow_roles to 2025-01-20 10:00:00+00:00, run_after=2025-01-27 10:00:00+00:00
[2025-01-23T23:54:47.877+0000] {processor.py:208} INFO - Processing /opt/airflow/dags/dag.py took 0.090 seconds
[2025-01-23T23:55:18.444+0000] {processor.py:186} INFO - Started process (PID=2505) to work on /opt/airflow/dags/dag.py
[2025-01-23T23:55:18.448+0000] {processor.py:914} INFO - Processing file /opt/airflow/dags/dag.py for tasks to queue
[2025-01-23T23:55:18.454+0000] {logging_mixin.py:190} INFO - [2025-01-23T23:55:18.453+0000] {dagbag.py:588} INFO - Filling up the DagBag from /opt/airflow/dags/dag.py
[2025-01-23T23:55:18.479+0000] {processor.py:925} INFO - DAG(s) 'manage_airflow_roles' retrieved from /opt/airflow/dags/dag.py
[2025-01-23T23:55:18.513+0000] {logging_mixin.py:190} INFO - [2025-01-23T23:55:18.512+0000] {dag.py:3239} INFO - Sync 1 DAGs
[2025-01-23T23:55:18.544+0000] {logging_mixin.py:190} INFO - [2025-01-23T23:55:18.544+0000] {dag.py:4180} INFO - Setting next_dagrun for manage_airflow_roles to 2025-01-20 10:00:00+00:00, run_after=2025-01-27 10:00:00+00:00
[2025-01-23T23:55:18.566+0000] {processor.py:208} INFO - Processing /opt/airflow/dags/dag.py took 0.132 seconds
[2025-01-23T23:55:49.337+0000] {processor.py:186} INFO - Started process (PID=2569) to work on /opt/airflow/dags/dag.py
[2025-01-23T23:55:49.339+0000] {processor.py:914} INFO - Processing file /opt/airflow/dags/dag.py for tasks to queue
[2025-01-23T23:55:49.345+0000] {logging_mixin.py:190} INFO - [2025-01-23T23:55:49.344+0000] {dagbag.py:588} INFO - Filling up the DagBag from /opt/airflow/dags/dag.py
[2025-01-23T23:55:49.360+0000] {processor.py:925} INFO - DAG(s) 'manage_airflow_roles' retrieved from /opt/airflow/dags/dag.py
[2025-01-23T23:55:49.394+0000] {logging_mixin.py:190} INFO - [2025-01-23T23:55:49.394+0000] {dag.py:3239} INFO - Sync 1 DAGs
[2025-01-23T23:55:49.440+0000] {logging_mixin.py:190} INFO - [2025-01-23T23:55:49.439+0000] {dag.py:4180} INFO - Setting next_dagrun for manage_airflow_roles to 2025-01-20 10:00:00+00:00, run_after=2025-01-27 10:00:00+00:00
[2025-01-23T23:55:49.474+0000] {processor.py:208} INFO - Processing /opt/airflow/dags/dag.py took 0.150 seconds
[2025-01-23T23:55:50.401+0000] {processor.py:186} INFO - Started process (PID=2570) to work on /opt/airflow/dags/dag.py
[2025-01-23T23:55:50.402+0000] {processor.py:914} INFO - Processing file /opt/airflow/dags/dag.py for tasks to queue
[2025-01-23T23:55:50.407+0000] {logging_mixin.py:190} INFO - [2025-01-23T23:55:50.406+0000] {dagbag.py:588} INFO - Filling up the DagBag from /opt/airflow/dags/dag.py
[2025-01-23T23:55:50.427+0000] {processor.py:925} INFO - DAG(s) 'manage_airflow_roles' retrieved from /opt/airflow/dags/dag.py
[2025-01-23T23:55:50.459+0000] {logging_mixin.py:190} INFO - [2025-01-23T23:55:50.459+0000] {dag.py:3239} INFO - Sync 1 DAGs
[2025-01-23T23:55:50.514+0000] {logging_mixin.py:190} INFO - [2025-01-23T23:55:50.513+0000] {dag.py:4180} INFO - Setting next_dagrun for manage_airflow_roles to 2025-01-20 10:00:00+00:00, run_after=2025-01-27 10:00:00+00:00
[2025-01-23T23:55:50.566+0000] {processor.py:208} INFO - Processing /opt/airflow/dags/dag.py took 0.179 seconds
[2025-01-23T23:56:20.834+0000] {processor.py:186} INFO - Started process (PID=2635) to work on /opt/airflow/dags/dag.py
[2025-01-23T23:56:20.838+0000] {processor.py:914} INFO - Processing file /opt/airflow/dags/dag.py for tasks to queue
[2025-01-23T23:56:20.843+0000] {logging_mixin.py:190} INFO - [2025-01-23T23:56:20.842+0000] {dagbag.py:588} INFO - Filling up the DagBag from /opt/airflow/dags/dag.py
[2025-01-23T23:56:20.873+0000] {processor.py:925} INFO - DAG(s) 'manage_airflow_roles' retrieved from /opt/airflow/dags/dag.py
[2025-01-23T23:56:20.942+0000] {logging_mixin.py:190} INFO - [2025-01-23T23:56:20.941+0000] {dag.py:3239} INFO - Sync 1 DAGs
[2025-01-23T23:56:20.988+0000] {logging_mixin.py:190} INFO - [2025-01-23T23:56:20.987+0000] {dag.py:4180} INFO - Setting next_dagrun for manage_airflow_roles to 2025-01-20 10:00:00+00:00, run_after=2025-01-27 10:00:00+00:00
[2025-01-23T23:56:21.018+0000] {processor.py:208} INFO - Processing /opt/airflow/dags/dag.py took 0.201 seconds
[2025-01-23T23:56:51.123+0000] {processor.py:186} INFO - Started process (PID=2700) to work on /opt/airflow/dags/dag.py
[2025-01-23T23:56:51.126+0000] {processor.py:914} INFO - Processing file /opt/airflow/dags/dag.py for tasks to queue
[2025-01-23T23:56:51.132+0000] {logging_mixin.py:190} INFO - [2025-01-23T23:56:51.131+0000] {dagbag.py:588} INFO - Filling up the DagBag from /opt/airflow/dags/dag.py
[2025-01-23T23:56:51.153+0000] {processor.py:925} INFO - DAG(s) 'manage_airflow_roles' retrieved from /opt/airflow/dags/dag.py
[2025-01-23T23:56:51.182+0000] {logging_mixin.py:190} INFO - [2025-01-23T23:56:51.181+0000] {dag.py:3239} INFO - Sync 1 DAGs
[2025-01-23T23:56:51.247+0000] {logging_mixin.py:190} INFO - [2025-01-23T23:56:51.246+0000] {dag.py:4180} INFO - Setting next_dagrun for manage_airflow_roles to 2025-01-20 10:00:00+00:00, run_after=2025-01-27 10:00:00+00:00
[2025-01-23T23:56:51.297+0000] {processor.py:208} INFO - Processing /opt/airflow/dags/dag.py took 0.189 seconds
[2025-01-23T23:57:21.393+0000] {processor.py:186} INFO - Started process (PID=2765) to work on /opt/airflow/dags/dag.py
[2025-01-23T23:57:21.396+0000] {processor.py:914} INFO - Processing file /opt/airflow/dags/dag.py for tasks to queue
[2025-01-23T23:57:21.401+0000] {logging_mixin.py:190} INFO - [2025-01-23T23:57:21.400+0000] {dagbag.py:588} INFO - Filling up the DagBag from /opt/airflow/dags/dag.py
[2025-01-23T23:57:21.422+0000] {processor.py:925} INFO - DAG(s) 'manage_airflow_roles' retrieved from /opt/airflow/dags/dag.py
[2025-01-23T23:57:21.461+0000] {logging_mixin.py:190} INFO - [2025-01-23T23:57:21.461+0000] {dag.py:3239} INFO - Sync 1 DAGs
[2025-01-23T23:57:21.499+0000] {logging_mixin.py:190} INFO - [2025-01-23T23:57:21.499+0000] {dag.py:4180} INFO - Setting next_dagrun for manage_airflow_roles to 2025-01-20 10:00:00+00:00, run_after=2025-01-27 10:00:00+00:00
[2025-01-23T23:57:21.523+0000] {processor.py:208} INFO - Processing /opt/airflow/dags/dag.py took 0.142 seconds
[2025-01-23T23:57:51.926+0000] {processor.py:186} INFO - Started process (PID=2830) to work on /opt/airflow/dags/dag.py
[2025-01-23T23:57:51.929+0000] {processor.py:914} INFO - Processing file /opt/airflow/dags/dag.py for tasks to queue
[2025-01-23T23:57:51.935+0000] {logging_mixin.py:190} INFO - [2025-01-23T23:57:51.934+0000] {dagbag.py:588} INFO - Filling up the DagBag from /opt/airflow/dags/dag.py
[2025-01-23T23:57:51.955+0000] {processor.py:925} INFO - DAG(s) 'manage_airflow_roles' retrieved from /opt/airflow/dags/dag.py
[2025-01-23T23:57:51.988+0000] {logging_mixin.py:190} INFO - [2025-01-23T23:57:51.987+0000] {dag.py:3239} INFO - Sync 1 DAGs
[2025-01-23T23:57:52.019+0000] {logging_mixin.py:190} INFO - [2025-01-23T23:57:52.019+0000] {dag.py:4180} INFO - Setting next_dagrun for manage_airflow_roles to 2025-01-20 10:00:00+00:00, run_after=2025-01-27 10:00:00+00:00
[2025-01-23T23:57:52.037+0000] {processor.py:208} INFO - Processing /opt/airflow/dags/dag.py took 0.124 seconds
