[2025-02-14T23:29:27.103+0000] {local_task_job_runner.py:123} INFO - ::group::Pre task execution logs
[2025-02-14T23:29:27.132+0000] {taskinstance.py:2613} INFO - Dependencies all met for dep_context=non-requeueable deps ti=<TaskInstance: manage_airflow_roles.create_roles manual__2025-02-14T23:29:21.176656+00:00 [queued]>
[2025-02-14T23:29:27.154+0000] {taskinstance.py:2613} INFO - Dependencies all met for dep_context=requeueable deps ti=<TaskInstance: manage_airflow_roles.create_roles manual__2025-02-14T23:29:21.176656+00:00 [queued]>
[2025-02-14T23:29:27.155+0000] {taskinstance.py:2866} INFO - Starting attempt 1 of 1
[2025-02-14T23:29:27.177+0000] {taskinstance.py:2889} INFO - Executing <Task(_PythonDecoratedOperator): create_roles> on 2025-02-14 23:29:21.176656+00:00
[2025-02-14T23:29:27.185+0000] {warnings.py:112} WARNING - /home/***/.local/lib/python3.12/site-packages/***/task/task_runner/standard_task_runner.py:70: DeprecationWarning: This process (pid=1673) is multi-threaded, use of fork() may lead to deadlocks in the child.
  pid = os.fork()

[2025-02-14T23:29:27.187+0000] {standard_task_runner.py:72} INFO - Started process 1674 to run task
[2025-02-14T23:29:27.188+0000] {standard_task_runner.py:104} INFO - Running: ['***', 'tasks', 'run', 'manage_***_roles', 'create_roles', 'manual__2025-02-14T23:29:21.176656+00:00', '--job-id', '363', '--raw', '--subdir', 'DAGS_FOLDER/dag.py', '--cfg-path', '/tmp/tmpb88ckr7s']
[2025-02-14T23:29:27.190+0000] {standard_task_runner.py:105} INFO - Job 363: Subtask create_roles
[2025-02-14T23:29:27.270+0000] {task_command.py:467} INFO - Running <TaskInstance: manage_airflow_roles.create_roles manual__2025-02-14T23:29:21.176656+00:00 [running]> on host 71404c6b5320
[2025-02-14T23:29:27.482+0000] {taskinstance.py:3132} INFO - Exporting env vars: AIRFLOW_CTX_DAG_OWNER='data-team' AIRFLOW_CTX_DAG_ID='manage_***_roles' AIRFLOW_CTX_TASK_ID='create_roles' AIRFLOW_CTX_EXECUTION_DATE='2025-02-14T23:29:21.176656+00:00' AIRFLOW_CTX_TRY_NUMBER='1' AIRFLOW_CTX_DAG_RUN_ID='manual__2025-02-14T23:29:21.176656+00:00'
[2025-02-14T23:29:27.484+0000] {taskinstance.py:731} INFO - ::endgroup::
[2025-02-14T23:29:30.930+0000] {dag.py:99} INFO - Creating role: team-hello-world
[2025-02-14T23:29:30.930+0000] {python.py:240} INFO - Done. Returned value was: None
[2025-02-14T23:29:30.937+0000] {taskinstance.py:340} INFO - ::group::Post task execution logs
[2025-02-14T23:29:30.937+0000] {taskinstance.py:352} INFO - Marking task as SUCCESS. dag_id=manage_***_roles, task_id=create_roles, run_id=manual__2025-02-14T23:29:21.176656+00:00, execution_date=20250214T232921, start_date=20250214T232927, end_date=20250214T232930
[2025-02-14T23:29:30.979+0000] {local_task_job_runner.py:266} INFO - Task exited with return code 0
[2025-02-14T23:29:31.000+0000] {taskinstance.py:3895} INFO - 1 downstream tasks scheduled from follow-on schedule check
[2025-02-14T23:29:31.002+0000] {local_task_job_runner.py:245} INFO - ::endgroup::
