[2025-01-28T00:42:19.519+0000] {processor.py:186} INFO - Started process (PID=106) to work on /home/airflow/.local/lib/python3.12/site-packages/airflow/example_dags/example_latest_only.py
[2025-01-28T00:42:19.520+0000] {processor.py:914} INFO - Processing file /home/airflow/.local/lib/python3.12/site-packages/airflow/example_dags/example_latest_only.py for tasks to queue
[2025-01-28T00:42:19.523+0000] {logging_mixin.py:190} INFO - [2025-01-28T00:42:19.522+0000] {dagbag.py:588} INFO - Filling up the DagBag from /home/airflow/.local/lib/python3.12/site-packages/airflow/example_dags/example_latest_only.py
[2025-01-28T00:42:19.531+0000] {processor.py:925} INFO - DAG(s) 'latest_only' retrieved from /home/airflow/.local/lib/python3.12/site-packages/airflow/example_dags/example_latest_only.py
[2025-01-28T00:42:19.559+0000] {logging_mixin.py:190} INFO - [2025-01-28T00:42:19.558+0000] {dag.py:3239} INFO - Sync 1 DAGs
[2025-01-28T00:42:19.590+0000] {logging_mixin.py:190} INFO - [2025-01-28T00:42:19.590+0000] {dag.py:4180} INFO - Setting next_dagrun for latest_only to 2025-01-27 20:00:00+00:00, run_after=2025-01-28 00:00:00+00:00
[2025-01-28T00:42:19.608+0000] {processor.py:208} INFO - Processing /home/airflow/.local/lib/python3.12/site-packages/airflow/example_dags/example_latest_only.py took 0.095 seconds
[2025-01-28T00:42:35.989+0000] {processor.py:186} INFO - Started process (PID=88) to work on /home/airflow/.local/lib/python3.12/site-packages/airflow/example_dags/example_latest_only.py
[2025-01-28T00:42:36.003+0000] {processor.py:914} INFO - Processing file /home/airflow/.local/lib/python3.12/site-packages/airflow/example_dags/example_latest_only.py for tasks to queue
[2025-01-28T00:42:36.005+0000] {logging_mixin.py:190} INFO - [2025-01-28T00:42:36.005+0000] {dagbag.py:588} INFO - Filling up the DagBag from /home/airflow/.local/lib/python3.12/site-packages/airflow/example_dags/example_latest_only.py
[2025-01-28T00:42:36.012+0000] {processor.py:925} INFO - DAG(s) 'latest_only' retrieved from /home/airflow/.local/lib/python3.12/site-packages/airflow/example_dags/example_latest_only.py
[2025-01-28T00:42:36.030+0000] {logging_mixin.py:190} INFO - [2025-01-28T00:42:36.030+0000] {dag.py:3239} INFO - Sync 1 DAGs
[2025-01-28T00:42:36.052+0000] {logging_mixin.py:190} INFO - [2025-01-28T00:42:36.052+0000] {dag.py:4180} INFO - Setting next_dagrun for latest_only to 2025-01-27 20:00:00+00:00, run_after=2025-01-28 00:00:00+00:00
[2025-01-28T00:42:36.072+0000] {processor.py:208} INFO - Processing /home/airflow/.local/lib/python3.12/site-packages/airflow/example_dags/example_latest_only.py took 0.087 seconds
[2025-01-28T00:43:06.678+0000] {processor.py:186} INFO - Started process (PID=152) to work on /home/airflow/.local/lib/python3.12/site-packages/airflow/example_dags/example_latest_only.py
[2025-01-28T00:43:06.679+0000] {processor.py:914} INFO - Processing file /home/airflow/.local/lib/python3.12/site-packages/airflow/example_dags/example_latest_only.py for tasks to queue
[2025-01-28T00:43:06.682+0000] {logging_mixin.py:190} INFO - [2025-01-28T00:43:06.681+0000] {dagbag.py:588} INFO - Filling up the DagBag from /home/airflow/.local/lib/python3.12/site-packages/airflow/example_dags/example_latest_only.py
[2025-01-28T00:43:06.692+0000] {processor.py:925} INFO - DAG(s) 'latest_only' retrieved from /home/airflow/.local/lib/python3.12/site-packages/airflow/example_dags/example_latest_only.py
[2025-01-28T00:43:06.714+0000] {logging_mixin.py:190} INFO - [2025-01-28T00:43:06.714+0000] {dag.py:3239} INFO - Sync 1 DAGs
[2025-01-28T00:43:06.740+0000] {logging_mixin.py:190} INFO - [2025-01-28T00:43:06.740+0000] {dag.py:4180} INFO - Setting next_dagrun for latest_only to 2025-01-27 20:00:00+00:00, run_after=2025-01-28 00:00:00+00:00
[2025-01-28T00:43:06.767+0000] {processor.py:208} INFO - Processing /home/airflow/.local/lib/python3.12/site-packages/airflow/example_dags/example_latest_only.py took 0.100 seconds
[2025-01-28T00:43:37.794+0000] {processor.py:186} INFO - Started process (PID=217) to work on /home/airflow/.local/lib/python3.12/site-packages/airflow/example_dags/example_latest_only.py
[2025-01-28T00:43:37.795+0000] {processor.py:914} INFO - Processing file /home/airflow/.local/lib/python3.12/site-packages/airflow/example_dags/example_latest_only.py for tasks to queue
[2025-01-28T00:43:37.798+0000] {logging_mixin.py:190} INFO - [2025-01-28T00:43:37.797+0000] {dagbag.py:588} INFO - Filling up the DagBag from /home/airflow/.local/lib/python3.12/site-packages/airflow/example_dags/example_latest_only.py
[2025-01-28T00:43:37.806+0000] {processor.py:925} INFO - DAG(s) 'latest_only' retrieved from /home/airflow/.local/lib/python3.12/site-packages/airflow/example_dags/example_latest_only.py
[2025-01-28T00:43:37.828+0000] {logging_mixin.py:190} INFO - [2025-01-28T00:43:37.828+0000] {dag.py:3239} INFO - Sync 1 DAGs
[2025-01-28T00:43:37.851+0000] {logging_mixin.py:190} INFO - [2025-01-28T00:43:37.851+0000] {dag.py:4180} INFO - Setting next_dagrun for latest_only to 2025-01-27 20:00:00+00:00, run_after=2025-01-28 00:00:00+00:00
[2025-01-28T00:43:37.870+0000] {processor.py:208} INFO - Processing /home/airflow/.local/lib/python3.12/site-packages/airflow/example_dags/example_latest_only.py took 0.084 seconds
[2025-01-28T00:44:08.848+0000] {processor.py:186} INFO - Started process (PID=288) to work on /home/airflow/.local/lib/python3.12/site-packages/airflow/example_dags/example_latest_only.py
[2025-01-28T00:44:08.849+0000] {processor.py:914} INFO - Processing file /home/airflow/.local/lib/python3.12/site-packages/airflow/example_dags/example_latest_only.py for tasks to queue
[2025-01-28T00:44:08.851+0000] {logging_mixin.py:190} INFO - [2025-01-28T00:44:08.851+0000] {dagbag.py:588} INFO - Filling up the DagBag from /home/airflow/.local/lib/python3.12/site-packages/airflow/example_dags/example_latest_only.py
[2025-01-28T00:44:08.859+0000] {processor.py:925} INFO - DAG(s) 'latest_only' retrieved from /home/airflow/.local/lib/python3.12/site-packages/airflow/example_dags/example_latest_only.py
[2025-01-28T00:44:08.904+0000] {logging_mixin.py:190} INFO - [2025-01-28T00:44:08.904+0000] {dag.py:3239} INFO - Sync 1 DAGs
[2025-01-28T00:44:08.937+0000] {logging_mixin.py:190} INFO - [2025-01-28T00:44:08.936+0000] {dag.py:4180} INFO - Setting next_dagrun for latest_only to 2025-01-27 20:00:00+00:00, run_after=2025-01-28 00:00:00+00:00
[2025-01-28T00:44:08.965+0000] {processor.py:208} INFO - Processing /home/airflow/.local/lib/python3.12/site-packages/airflow/example_dags/example_latest_only.py took 0.121 seconds
[2025-01-28T00:44:39.267+0000] {processor.py:186} INFO - Started process (PID=353) to work on /home/airflow/.local/lib/python3.12/site-packages/airflow/example_dags/example_latest_only.py
[2025-01-28T00:44:39.268+0000] {processor.py:914} INFO - Processing file /home/airflow/.local/lib/python3.12/site-packages/airflow/example_dags/example_latest_only.py for tasks to queue
[2025-01-28T00:44:39.269+0000] {logging_mixin.py:190} INFO - [2025-01-28T00:44:39.269+0000] {dagbag.py:588} INFO - Filling up the DagBag from /home/airflow/.local/lib/python3.12/site-packages/airflow/example_dags/example_latest_only.py
[2025-01-28T00:44:39.274+0000] {processor.py:925} INFO - DAG(s) 'latest_only' retrieved from /home/airflow/.local/lib/python3.12/site-packages/airflow/example_dags/example_latest_only.py
[2025-01-28T00:44:39.286+0000] {logging_mixin.py:190} INFO - [2025-01-28T00:44:39.286+0000] {dag.py:3239} INFO - Sync 1 DAGs
[2025-01-28T00:44:39.303+0000] {logging_mixin.py:190} INFO - [2025-01-28T00:44:39.303+0000] {dag.py:4180} INFO - Setting next_dagrun for latest_only to 2025-01-27 20:00:00+00:00, run_after=2025-01-28 00:00:00+00:00
[2025-01-28T00:44:39.315+0000] {processor.py:208} INFO - Processing /home/airflow/.local/lib/python3.12/site-packages/airflow/example_dags/example_latest_only.py took 0.051 seconds
[2025-01-28T00:45:09.807+0000] {processor.py:186} INFO - Started process (PID=418) to work on /home/airflow/.local/lib/python3.12/site-packages/airflow/example_dags/example_latest_only.py
[2025-01-28T00:45:09.809+0000] {processor.py:914} INFO - Processing file /home/airflow/.local/lib/python3.12/site-packages/airflow/example_dags/example_latest_only.py for tasks to queue
[2025-01-28T00:45:09.811+0000] {logging_mixin.py:190} INFO - [2025-01-28T00:45:09.811+0000] {dagbag.py:588} INFO - Filling up the DagBag from /home/airflow/.local/lib/python3.12/site-packages/airflow/example_dags/example_latest_only.py
[2025-01-28T00:45:09.818+0000] {processor.py:925} INFO - DAG(s) 'latest_only' retrieved from /home/airflow/.local/lib/python3.12/site-packages/airflow/example_dags/example_latest_only.py
[2025-01-28T00:45:09.846+0000] {logging_mixin.py:190} INFO - [2025-01-28T00:45:09.846+0000] {dag.py:3239} INFO - Sync 1 DAGs
[2025-01-28T00:45:09.876+0000] {logging_mixin.py:190} INFO - [2025-01-28T00:45:09.875+0000] {dag.py:4180} INFO - Setting next_dagrun for latest_only to 2025-01-27 20:00:00+00:00, run_after=2025-01-28 00:00:00+00:00
[2025-01-28T00:45:09.898+0000] {processor.py:208} INFO - Processing /home/airflow/.local/lib/python3.12/site-packages/airflow/example_dags/example_latest_only.py took 0.095 seconds
[2025-01-28T00:45:40.624+0000] {processor.py:186} INFO - Started process (PID=483) to work on /home/airflow/.local/lib/python3.12/site-packages/airflow/example_dags/example_latest_only.py
[2025-01-28T00:45:40.625+0000] {processor.py:914} INFO - Processing file /home/airflow/.local/lib/python3.12/site-packages/airflow/example_dags/example_latest_only.py for tasks to queue
[2025-01-28T00:45:40.626+0000] {logging_mixin.py:190} INFO - [2025-01-28T00:45:40.626+0000] {dagbag.py:588} INFO - Filling up the DagBag from /home/airflow/.local/lib/python3.12/site-packages/airflow/example_dags/example_latest_only.py
[2025-01-28T00:45:40.631+0000] {processor.py:925} INFO - DAG(s) 'latest_only' retrieved from /home/airflow/.local/lib/python3.12/site-packages/airflow/example_dags/example_latest_only.py
[2025-01-28T00:45:40.647+0000] {logging_mixin.py:190} INFO - [2025-01-28T00:45:40.647+0000] {dag.py:3239} INFO - Sync 1 DAGs
[2025-01-28T00:45:40.667+0000] {logging_mixin.py:190} INFO - [2025-01-28T00:45:40.667+0000] {dag.py:4180} INFO - Setting next_dagrun for latest_only to 2025-01-27 20:00:00+00:00, run_after=2025-01-28 00:00:00+00:00
[2025-01-28T00:45:40.681+0000] {processor.py:208} INFO - Processing /home/airflow/.local/lib/python3.12/site-packages/airflow/example_dags/example_latest_only.py took 0.061 seconds
[2025-01-28T00:46:10.853+0000] {processor.py:186} INFO - Started process (PID=548) to work on /home/airflow/.local/lib/python3.12/site-packages/airflow/example_dags/example_latest_only.py
[2025-01-28T00:46:10.854+0000] {processor.py:914} INFO - Processing file /home/airflow/.local/lib/python3.12/site-packages/airflow/example_dags/example_latest_only.py for tasks to queue
[2025-01-28T00:46:10.855+0000] {logging_mixin.py:190} INFO - [2025-01-28T00:46:10.855+0000] {dagbag.py:588} INFO - Filling up the DagBag from /home/airflow/.local/lib/python3.12/site-packages/airflow/example_dags/example_latest_only.py
[2025-01-28T00:46:10.859+0000] {processor.py:925} INFO - DAG(s) 'latest_only' retrieved from /home/airflow/.local/lib/python3.12/site-packages/airflow/example_dags/example_latest_only.py
[2025-01-28T00:46:10.871+0000] {logging_mixin.py:190} INFO - [2025-01-28T00:46:10.871+0000] {dag.py:3239} INFO - Sync 1 DAGs
[2025-01-28T00:46:10.885+0000] {logging_mixin.py:190} INFO - [2025-01-28T00:46:10.885+0000] {dag.py:4180} INFO - Setting next_dagrun for latest_only to 2025-01-27 20:00:00+00:00, run_after=2025-01-28 00:00:00+00:00
[2025-01-28T00:46:10.896+0000] {processor.py:208} INFO - Processing /home/airflow/.local/lib/python3.12/site-packages/airflow/example_dags/example_latest_only.py took 0.047 seconds
[2025-01-28T00:46:41.952+0000] {processor.py:186} INFO - Started process (PID=613) to work on /home/airflow/.local/lib/python3.12/site-packages/airflow/example_dags/example_latest_only.py
[2025-01-28T00:46:41.953+0000] {processor.py:914} INFO - Processing file /home/airflow/.local/lib/python3.12/site-packages/airflow/example_dags/example_latest_only.py for tasks to queue
[2025-01-28T00:46:41.954+0000] {logging_mixin.py:190} INFO - [2025-01-28T00:46:41.954+0000] {dagbag.py:588} INFO - Filling up the DagBag from /home/airflow/.local/lib/python3.12/site-packages/airflow/example_dags/example_latest_only.py
[2025-01-28T00:46:41.962+0000] {processor.py:925} INFO - DAG(s) 'latest_only' retrieved from /home/airflow/.local/lib/python3.12/site-packages/airflow/example_dags/example_latest_only.py
[2025-01-28T00:46:41.993+0000] {logging_mixin.py:190} INFO - [2025-01-28T00:46:41.992+0000] {dag.py:3239} INFO - Sync 1 DAGs
[2025-01-28T00:46:42.023+0000] {logging_mixin.py:190} INFO - [2025-01-28T00:46:42.022+0000] {dag.py:4180} INFO - Setting next_dagrun for latest_only to 2025-01-27 20:00:00+00:00, run_after=2025-01-28 00:00:00+00:00
[2025-01-28T00:46:42.046+0000] {processor.py:208} INFO - Processing /home/airflow/.local/lib/python3.12/site-packages/airflow/example_dags/example_latest_only.py took 0.104 seconds
[2025-01-28T00:47:12.424+0000] {processor.py:186} INFO - Started process (PID=678) to work on /home/airflow/.local/lib/python3.12/site-packages/airflow/example_dags/example_latest_only.py
[2025-01-28T00:47:12.424+0000] {processor.py:914} INFO - Processing file /home/airflow/.local/lib/python3.12/site-packages/airflow/example_dags/example_latest_only.py for tasks to queue
[2025-01-28T00:47:12.426+0000] {logging_mixin.py:190} INFO - [2025-01-28T00:47:12.426+0000] {dagbag.py:588} INFO - Filling up the DagBag from /home/airflow/.local/lib/python3.12/site-packages/airflow/example_dags/example_latest_only.py
[2025-01-28T00:47:12.430+0000] {processor.py:925} INFO - DAG(s) 'latest_only' retrieved from /home/airflow/.local/lib/python3.12/site-packages/airflow/example_dags/example_latest_only.py
[2025-01-28T00:47:12.443+0000] {logging_mixin.py:190} INFO - [2025-01-28T00:47:12.443+0000] {dag.py:3239} INFO - Sync 1 DAGs
[2025-01-28T00:47:12.466+0000] {logging_mixin.py:190} INFO - [2025-01-28T00:47:12.466+0000] {dag.py:4180} INFO - Setting next_dagrun for latest_only to 2025-01-27 20:00:00+00:00, run_after=2025-01-28 00:00:00+00:00
[2025-01-28T00:47:12.489+0000] {processor.py:208} INFO - Processing /home/airflow/.local/lib/python3.12/site-packages/airflow/example_dags/example_latest_only.py took 0.074 seconds
[2025-01-28T00:47:42.927+0000] {processor.py:186} INFO - Started process (PID=743) to work on /home/airflow/.local/lib/python3.12/site-packages/airflow/example_dags/example_latest_only.py
[2025-01-28T00:47:42.928+0000] {processor.py:914} INFO - Processing file /home/airflow/.local/lib/python3.12/site-packages/airflow/example_dags/example_latest_only.py for tasks to queue
[2025-01-28T00:47:42.929+0000] {logging_mixin.py:190} INFO - [2025-01-28T00:47:42.929+0000] {dagbag.py:588} INFO - Filling up the DagBag from /home/airflow/.local/lib/python3.12/site-packages/airflow/example_dags/example_latest_only.py
[2025-01-28T00:47:42.933+0000] {processor.py:925} INFO - DAG(s) 'latest_only' retrieved from /home/airflow/.local/lib/python3.12/site-packages/airflow/example_dags/example_latest_only.py
[2025-01-28T00:47:42.944+0000] {logging_mixin.py:190} INFO - [2025-01-28T00:47:42.944+0000] {dag.py:3239} INFO - Sync 1 DAGs
[2025-01-28T00:47:42.958+0000] {logging_mixin.py:190} INFO - [2025-01-28T00:47:42.958+0000] {dag.py:4180} INFO - Setting next_dagrun for latest_only to 2025-01-27 20:00:00+00:00, run_after=2025-01-28 00:00:00+00:00
[2025-01-28T00:47:42.970+0000] {processor.py:208} INFO - Processing /home/airflow/.local/lib/python3.12/site-packages/airflow/example_dags/example_latest_only.py took 0.047 seconds
[2025-01-28T00:48:13.673+0000] {processor.py:186} INFO - Started process (PID=808) to work on /home/airflow/.local/lib/python3.12/site-packages/airflow/example_dags/example_latest_only.py
[2025-01-28T00:48:13.674+0000] {processor.py:914} INFO - Processing file /home/airflow/.local/lib/python3.12/site-packages/airflow/example_dags/example_latest_only.py for tasks to queue
[2025-01-28T00:48:13.675+0000] {logging_mixin.py:190} INFO - [2025-01-28T00:48:13.675+0000] {dagbag.py:588} INFO - Filling up the DagBag from /home/airflow/.local/lib/python3.12/site-packages/airflow/example_dags/example_latest_only.py
[2025-01-28T00:48:13.680+0000] {processor.py:925} INFO - DAG(s) 'latest_only' retrieved from /home/airflow/.local/lib/python3.12/site-packages/airflow/example_dags/example_latest_only.py
[2025-01-28T00:48:13.699+0000] {logging_mixin.py:190} INFO - [2025-01-28T00:48:13.699+0000] {dag.py:3239} INFO - Sync 1 DAGs
[2025-01-28T00:48:13.720+0000] {logging_mixin.py:190} INFO - [2025-01-28T00:48:13.720+0000] {dag.py:4180} INFO - Setting next_dagrun for latest_only to 2025-01-27 20:00:00+00:00, run_after=2025-01-28 00:00:00+00:00
[2025-01-28T00:48:13.735+0000] {processor.py:208} INFO - Processing /home/airflow/.local/lib/python3.12/site-packages/airflow/example_dags/example_latest_only.py took 0.065 seconds
[2025-01-28T00:48:44.815+0000] {processor.py:186} INFO - Started process (PID=873) to work on /home/airflow/.local/lib/python3.12/site-packages/airflow/example_dags/example_latest_only.py
[2025-01-28T00:48:44.816+0000] {processor.py:914} INFO - Processing file /home/airflow/.local/lib/python3.12/site-packages/airflow/example_dags/example_latest_only.py for tasks to queue
[2025-01-28T00:48:44.818+0000] {logging_mixin.py:190} INFO - [2025-01-28T00:48:44.817+0000] {dagbag.py:588} INFO - Filling up the DagBag from /home/airflow/.local/lib/python3.12/site-packages/airflow/example_dags/example_latest_only.py
[2025-01-28T00:48:44.822+0000] {processor.py:925} INFO - DAG(s) 'latest_only' retrieved from /home/airflow/.local/lib/python3.12/site-packages/airflow/example_dags/example_latest_only.py
[2025-01-28T00:48:44.838+0000] {logging_mixin.py:190} INFO - [2025-01-28T00:48:44.837+0000] {dag.py:3239} INFO - Sync 1 DAGs
[2025-01-28T00:48:44.858+0000] {logging_mixin.py:190} INFO - [2025-01-28T00:48:44.857+0000] {dag.py:4180} INFO - Setting next_dagrun for latest_only to 2025-01-27 20:00:00+00:00, run_after=2025-01-28 00:00:00+00:00
[2025-01-28T00:48:44.873+0000] {processor.py:208} INFO - Processing /home/airflow/.local/lib/python3.12/site-packages/airflow/example_dags/example_latest_only.py took 0.061 seconds
[2025-01-28T00:49:16.227+0000] {processor.py:186} INFO - Started process (PID=938) to work on /home/airflow/.local/lib/python3.12/site-packages/airflow/example_dags/example_latest_only.py
[2025-01-28T00:49:16.228+0000] {processor.py:914} INFO - Processing file /home/airflow/.local/lib/python3.12/site-packages/airflow/example_dags/example_latest_only.py for tasks to queue
[2025-01-28T00:49:16.230+0000] {logging_mixin.py:190} INFO - [2025-01-28T00:49:16.229+0000] {dagbag.py:588} INFO - Filling up the DagBag from /home/airflow/.local/lib/python3.12/site-packages/airflow/example_dags/example_latest_only.py
[2025-01-28T00:49:16.235+0000] {processor.py:925} INFO - DAG(s) 'latest_only' retrieved from /home/airflow/.local/lib/python3.12/site-packages/airflow/example_dags/example_latest_only.py
[2025-01-28T00:49:16.249+0000] {logging_mixin.py:190} INFO - [2025-01-28T00:49:16.249+0000] {dag.py:3239} INFO - Sync 1 DAGs
[2025-01-28T00:49:16.274+0000] {logging_mixin.py:190} INFO - [2025-01-28T00:49:16.274+0000] {dag.py:4180} INFO - Setting next_dagrun for latest_only to 2025-01-27 20:00:00+00:00, run_after=2025-01-28 00:00:00+00:00
[2025-01-28T00:49:16.293+0000] {processor.py:208} INFO - Processing /home/airflow/.local/lib/python3.12/site-packages/airflow/example_dags/example_latest_only.py took 0.070 seconds
[2025-01-28T00:49:46.491+0000] {processor.py:186} INFO - Started process (PID=1003) to work on /home/airflow/.local/lib/python3.12/site-packages/airflow/example_dags/example_latest_only.py
[2025-01-28T00:49:46.492+0000] {processor.py:914} INFO - Processing file /home/airflow/.local/lib/python3.12/site-packages/airflow/example_dags/example_latest_only.py for tasks to queue
[2025-01-28T00:49:46.494+0000] {logging_mixin.py:190} INFO - [2025-01-28T00:49:46.494+0000] {dagbag.py:588} INFO - Filling up the DagBag from /home/airflow/.local/lib/python3.12/site-packages/airflow/example_dags/example_latest_only.py
[2025-01-28T00:49:46.501+0000] {processor.py:925} INFO - DAG(s) 'latest_only' retrieved from /home/airflow/.local/lib/python3.12/site-packages/airflow/example_dags/example_latest_only.py
[2025-01-28T00:49:46.524+0000] {logging_mixin.py:190} INFO - [2025-01-28T00:49:46.524+0000] {dag.py:3239} INFO - Sync 1 DAGs
[2025-01-28T00:49:46.554+0000] {logging_mixin.py:190} INFO - [2025-01-28T00:49:46.554+0000] {dag.py:4180} INFO - Setting next_dagrun for latest_only to 2025-01-27 20:00:00+00:00, run_after=2025-01-28 00:00:00+00:00
[2025-01-28T00:49:46.575+0000] {processor.py:208} INFO - Processing /home/airflow/.local/lib/python3.12/site-packages/airflow/example_dags/example_latest_only.py took 0.089 seconds
[2025-01-28T00:50:17.387+0000] {processor.py:186} INFO - Started process (PID=1068) to work on /home/airflow/.local/lib/python3.12/site-packages/airflow/example_dags/example_latest_only.py
[2025-01-28T00:50:17.387+0000] {processor.py:914} INFO - Processing file /home/airflow/.local/lib/python3.12/site-packages/airflow/example_dags/example_latest_only.py for tasks to queue
[2025-01-28T00:50:17.389+0000] {logging_mixin.py:190} INFO - [2025-01-28T00:50:17.388+0000] {dagbag.py:588} INFO - Filling up the DagBag from /home/airflow/.local/lib/python3.12/site-packages/airflow/example_dags/example_latest_only.py
[2025-01-28T00:50:17.393+0000] {processor.py:925} INFO - DAG(s) 'latest_only' retrieved from /home/airflow/.local/lib/python3.12/site-packages/airflow/example_dags/example_latest_only.py
[2025-01-28T00:50:17.405+0000] {logging_mixin.py:190} INFO - [2025-01-28T00:50:17.405+0000] {dag.py:3239} INFO - Sync 1 DAGs
[2025-01-28T00:50:17.421+0000] {logging_mixin.py:190} INFO - [2025-01-28T00:50:17.421+0000] {dag.py:4180} INFO - Setting next_dagrun for latest_only to 2025-01-27 20:00:00+00:00, run_after=2025-01-28 00:00:00+00:00
[2025-01-28T00:50:17.435+0000] {processor.py:208} INFO - Processing /home/airflow/.local/lib/python3.12/site-packages/airflow/example_dags/example_latest_only.py took 0.051 seconds
[2025-01-28T00:50:48.468+0000] {processor.py:186} INFO - Started process (PID=1133) to work on /home/airflow/.local/lib/python3.12/site-packages/airflow/example_dags/example_latest_only.py
[2025-01-28T00:50:48.469+0000] {processor.py:914} INFO - Processing file /home/airflow/.local/lib/python3.12/site-packages/airflow/example_dags/example_latest_only.py for tasks to queue
[2025-01-28T00:50:48.471+0000] {logging_mixin.py:190} INFO - [2025-01-28T00:50:48.471+0000] {dagbag.py:588} INFO - Filling up the DagBag from /home/airflow/.local/lib/python3.12/site-packages/airflow/example_dags/example_latest_only.py
[2025-01-28T00:50:48.477+0000] {processor.py:925} INFO - DAG(s) 'latest_only' retrieved from /home/airflow/.local/lib/python3.12/site-packages/airflow/example_dags/example_latest_only.py
[2025-01-28T00:50:48.491+0000] {logging_mixin.py:190} INFO - [2025-01-28T00:50:48.491+0000] {dag.py:3239} INFO - Sync 1 DAGs
[2025-01-28T00:50:48.512+0000] {logging_mixin.py:190} INFO - [2025-01-28T00:50:48.512+0000] {dag.py:4180} INFO - Setting next_dagrun for latest_only to 2025-01-27 20:00:00+00:00, run_after=2025-01-28 00:00:00+00:00
[2025-01-28T00:50:48.528+0000] {processor.py:208} INFO - Processing /home/airflow/.local/lib/python3.12/site-packages/airflow/example_dags/example_latest_only.py took 0.064 seconds
[2025-01-28T00:51:20.241+0000] {processor.py:186} INFO - Started process (PID=1198) to work on /home/airflow/.local/lib/python3.12/site-packages/airflow/example_dags/example_latest_only.py
[2025-01-28T00:51:20.242+0000] {processor.py:914} INFO - Processing file /home/airflow/.local/lib/python3.12/site-packages/airflow/example_dags/example_latest_only.py for tasks to queue
[2025-01-28T00:51:20.244+0000] {logging_mixin.py:190} INFO - [2025-01-28T00:51:20.244+0000] {dagbag.py:588} INFO - Filling up the DagBag from /home/airflow/.local/lib/python3.12/site-packages/airflow/example_dags/example_latest_only.py
[2025-01-28T00:51:20.252+0000] {processor.py:925} INFO - DAG(s) 'latest_only' retrieved from /home/airflow/.local/lib/python3.12/site-packages/airflow/example_dags/example_latest_only.py
[2025-01-28T00:51:20.270+0000] {logging_mixin.py:190} INFO - [2025-01-28T00:51:20.269+0000] {dag.py:3239} INFO - Sync 1 DAGs
[2025-01-28T00:51:20.297+0000] {logging_mixin.py:190} INFO - [2025-01-28T00:51:20.296+0000] {dag.py:4180} INFO - Setting next_dagrun for latest_only to 2025-01-27 20:00:00+00:00, run_after=2025-01-28 00:00:00+00:00
[2025-01-28T00:51:20.316+0000] {processor.py:208} INFO - Processing /home/airflow/.local/lib/python3.12/site-packages/airflow/example_dags/example_latest_only.py took 0.079 seconds
[2025-01-28T00:51:50.509+0000] {processor.py:186} INFO - Started process (PID=1263) to work on /home/airflow/.local/lib/python3.12/site-packages/airflow/example_dags/example_latest_only.py
[2025-01-28T00:51:50.510+0000] {processor.py:914} INFO - Processing file /home/airflow/.local/lib/python3.12/site-packages/airflow/example_dags/example_latest_only.py for tasks to queue
[2025-01-28T00:51:50.512+0000] {logging_mixin.py:190} INFO - [2025-01-28T00:51:50.512+0000] {dagbag.py:588} INFO - Filling up the DagBag from /home/airflow/.local/lib/python3.12/site-packages/airflow/example_dags/example_latest_only.py
[2025-01-28T00:51:50.516+0000] {processor.py:925} INFO - DAG(s) 'latest_only' retrieved from /home/airflow/.local/lib/python3.12/site-packages/airflow/example_dags/example_latest_only.py
[2025-01-28T00:51:50.530+0000] {logging_mixin.py:190} INFO - [2025-01-28T00:51:50.530+0000] {dag.py:3239} INFO - Sync 1 DAGs
[2025-01-28T00:51:50.553+0000] {logging_mixin.py:190} INFO - [2025-01-28T00:51:50.553+0000] {dag.py:4180} INFO - Setting next_dagrun for latest_only to 2025-01-27 20:00:00+00:00, run_after=2025-01-28 00:00:00+00:00
[2025-01-28T00:51:50.564+0000] {processor.py:208} INFO - Processing /home/airflow/.local/lib/python3.12/site-packages/airflow/example_dags/example_latest_only.py took 0.058 seconds
[2025-01-28T00:52:22.021+0000] {processor.py:186} INFO - Started process (PID=1328) to work on /home/airflow/.local/lib/python3.12/site-packages/airflow/example_dags/example_latest_only.py
[2025-01-28T00:52:22.022+0000] {processor.py:914} INFO - Processing file /home/airflow/.local/lib/python3.12/site-packages/airflow/example_dags/example_latest_only.py for tasks to queue
[2025-01-28T00:52:22.023+0000] {logging_mixin.py:190} INFO - [2025-01-28T00:52:22.023+0000] {dagbag.py:588} INFO - Filling up the DagBag from /home/airflow/.local/lib/python3.12/site-packages/airflow/example_dags/example_latest_only.py
[2025-01-28T00:52:22.027+0000] {processor.py:925} INFO - DAG(s) 'latest_only' retrieved from /home/airflow/.local/lib/python3.12/site-packages/airflow/example_dags/example_latest_only.py
[2025-01-28T00:52:22.043+0000] {logging_mixin.py:190} INFO - [2025-01-28T00:52:22.042+0000] {dag.py:3239} INFO - Sync 1 DAGs
[2025-01-28T00:52:22.058+0000] {logging_mixin.py:190} INFO - [2025-01-28T00:52:22.057+0000] {dag.py:4180} INFO - Setting next_dagrun for latest_only to 2025-01-27 20:00:00+00:00, run_after=2025-01-28 00:00:00+00:00
[2025-01-28T00:52:22.071+0000] {processor.py:208} INFO - Processing /home/airflow/.local/lib/python3.12/site-packages/airflow/example_dags/example_latest_only.py took 0.053 seconds
[2025-01-28T00:52:52.698+0000] {processor.py:186} INFO - Started process (PID=1393) to work on /home/airflow/.local/lib/python3.12/site-packages/airflow/example_dags/example_latest_only.py
[2025-01-28T00:52:52.699+0000] {processor.py:914} INFO - Processing file /home/airflow/.local/lib/python3.12/site-packages/airflow/example_dags/example_latest_only.py for tasks to queue
[2025-01-28T00:52:52.700+0000] {logging_mixin.py:190} INFO - [2025-01-28T00:52:52.700+0000] {dagbag.py:588} INFO - Filling up the DagBag from /home/airflow/.local/lib/python3.12/site-packages/airflow/example_dags/example_latest_only.py
[2025-01-28T00:52:52.704+0000] {processor.py:925} INFO - DAG(s) 'latest_only' retrieved from /home/airflow/.local/lib/python3.12/site-packages/airflow/example_dags/example_latest_only.py
[2025-01-28T00:52:52.715+0000] {logging_mixin.py:190} INFO - [2025-01-28T00:52:52.715+0000] {dag.py:3239} INFO - Sync 1 DAGs
[2025-01-28T00:52:52.731+0000] {logging_mixin.py:190} INFO - [2025-01-28T00:52:52.731+0000] {dag.py:4180} INFO - Setting next_dagrun for latest_only to 2025-01-27 20:00:00+00:00, run_after=2025-01-28 00:00:00+00:00
[2025-01-28T00:52:52.745+0000] {processor.py:208} INFO - Processing /home/airflow/.local/lib/python3.12/site-packages/airflow/example_dags/example_latest_only.py took 0.050 seconds
[2025-01-28T00:53:24.173+0000] {processor.py:186} INFO - Started process (PID=1458) to work on /home/airflow/.local/lib/python3.12/site-packages/airflow/example_dags/example_latest_only.py
[2025-01-28T00:53:24.173+0000] {processor.py:914} INFO - Processing file /home/airflow/.local/lib/python3.12/site-packages/airflow/example_dags/example_latest_only.py for tasks to queue
[2025-01-28T00:53:24.175+0000] {logging_mixin.py:190} INFO - [2025-01-28T00:53:24.175+0000] {dagbag.py:588} INFO - Filling up the DagBag from /home/airflow/.local/lib/python3.12/site-packages/airflow/example_dags/example_latest_only.py
[2025-01-28T00:53:24.181+0000] {processor.py:925} INFO - DAG(s) 'latest_only' retrieved from /home/airflow/.local/lib/python3.12/site-packages/airflow/example_dags/example_latest_only.py
[2025-01-28T00:53:24.198+0000] {logging_mixin.py:190} INFO - [2025-01-28T00:53:24.198+0000] {dag.py:3239} INFO - Sync 1 DAGs
[2025-01-28T00:53:24.224+0000] {logging_mixin.py:190} INFO - [2025-01-28T00:53:24.224+0000] {dag.py:4180} INFO - Setting next_dagrun for latest_only to 2025-01-27 20:00:00+00:00, run_after=2025-01-28 00:00:00+00:00
[2025-01-28T00:53:24.246+0000] {processor.py:208} INFO - Processing /home/airflow/.local/lib/python3.12/site-packages/airflow/example_dags/example_latest_only.py took 0.077 seconds
[2025-01-28T00:53:54.545+0000] {processor.py:186} INFO - Started process (PID=1523) to work on /home/airflow/.local/lib/python3.12/site-packages/airflow/example_dags/example_latest_only.py
[2025-01-28T00:53:54.546+0000] {processor.py:914} INFO - Processing file /home/airflow/.local/lib/python3.12/site-packages/airflow/example_dags/example_latest_only.py for tasks to queue
[2025-01-28T00:53:54.548+0000] {logging_mixin.py:190} INFO - [2025-01-28T00:53:54.547+0000] {dagbag.py:588} INFO - Filling up the DagBag from /home/airflow/.local/lib/python3.12/site-packages/airflow/example_dags/example_latest_only.py
[2025-01-28T00:53:54.554+0000] {processor.py:925} INFO - DAG(s) 'latest_only' retrieved from /home/airflow/.local/lib/python3.12/site-packages/airflow/example_dags/example_latest_only.py
[2025-01-28T00:53:54.571+0000] {logging_mixin.py:190} INFO - [2025-01-28T00:53:54.571+0000] {dag.py:3239} INFO - Sync 1 DAGs
[2025-01-28T00:53:54.593+0000] {logging_mixin.py:190} INFO - [2025-01-28T00:53:54.593+0000] {dag.py:4180} INFO - Setting next_dagrun for latest_only to 2025-01-27 20:00:00+00:00, run_after=2025-01-28 00:00:00+00:00
[2025-01-28T00:53:54.609+0000] {processor.py:208} INFO - Processing /home/airflow/.local/lib/python3.12/site-packages/airflow/example_dags/example_latest_only.py took 0.069 seconds
[2025-01-28T00:54:25.179+0000] {processor.py:186} INFO - Started process (PID=1588) to work on /home/airflow/.local/lib/python3.12/site-packages/airflow/example_dags/example_latest_only.py
[2025-01-28T00:54:25.181+0000] {processor.py:914} INFO - Processing file /home/airflow/.local/lib/python3.12/site-packages/airflow/example_dags/example_latest_only.py for tasks to queue
[2025-01-28T00:54:25.182+0000] {logging_mixin.py:190} INFO - [2025-01-28T00:54:25.182+0000] {dagbag.py:588} INFO - Filling up the DagBag from /home/airflow/.local/lib/python3.12/site-packages/airflow/example_dags/example_latest_only.py
[2025-01-28T00:54:25.188+0000] {processor.py:925} INFO - DAG(s) 'latest_only' retrieved from /home/airflow/.local/lib/python3.12/site-packages/airflow/example_dags/example_latest_only.py
[2025-01-28T00:54:25.205+0000] {logging_mixin.py:190} INFO - [2025-01-28T00:54:25.205+0000] {dag.py:3239} INFO - Sync 1 DAGs
[2025-01-28T00:54:25.228+0000] {logging_mixin.py:190} INFO - [2025-01-28T00:54:25.228+0000] {dag.py:4180} INFO - Setting next_dagrun for latest_only to 2025-01-27 20:00:00+00:00, run_after=2025-01-28 00:00:00+00:00
[2025-01-28T00:54:25.241+0000] {processor.py:208} INFO - Processing /home/airflow/.local/lib/python3.12/site-packages/airflow/example_dags/example_latest_only.py took 0.066 seconds
[2025-01-28T00:54:56.279+0000] {processor.py:186} INFO - Started process (PID=1653) to work on /home/airflow/.local/lib/python3.12/site-packages/airflow/example_dags/example_latest_only.py
[2025-01-28T00:54:56.280+0000] {processor.py:914} INFO - Processing file /home/airflow/.local/lib/python3.12/site-packages/airflow/example_dags/example_latest_only.py for tasks to queue
[2025-01-28T00:54:56.281+0000] {logging_mixin.py:190} INFO - [2025-01-28T00:54:56.281+0000] {dagbag.py:588} INFO - Filling up the DagBag from /home/airflow/.local/lib/python3.12/site-packages/airflow/example_dags/example_latest_only.py
[2025-01-28T00:54:56.285+0000] {processor.py:925} INFO - DAG(s) 'latest_only' retrieved from /home/airflow/.local/lib/python3.12/site-packages/airflow/example_dags/example_latest_only.py
[2025-01-28T00:54:56.301+0000] {logging_mixin.py:190} INFO - [2025-01-28T00:54:56.300+0000] {dag.py:3239} INFO - Sync 1 DAGs
[2025-01-28T00:54:56.333+0000] {logging_mixin.py:190} INFO - [2025-01-28T00:54:56.333+0000] {dag.py:4180} INFO - Setting next_dagrun for latest_only to 2025-01-27 20:00:00+00:00, run_after=2025-01-28 00:00:00+00:00
[2025-01-28T00:54:56.350+0000] {processor.py:208} INFO - Processing /home/airflow/.local/lib/python3.12/site-packages/airflow/example_dags/example_latest_only.py took 0.073 seconds
[2025-01-28T00:55:27.061+0000] {processor.py:186} INFO - Started process (PID=1718) to work on /home/airflow/.local/lib/python3.12/site-packages/airflow/example_dags/example_latest_only.py
[2025-01-28T00:55:27.061+0000] {processor.py:914} INFO - Processing file /home/airflow/.local/lib/python3.12/site-packages/airflow/example_dags/example_latest_only.py for tasks to queue
[2025-01-28T00:55:27.065+0000] {logging_mixin.py:190} INFO - [2025-01-28T00:55:27.064+0000] {dagbag.py:588} INFO - Filling up the DagBag from /home/airflow/.local/lib/python3.12/site-packages/airflow/example_dags/example_latest_only.py
[2025-01-28T00:55:27.073+0000] {processor.py:925} INFO - DAG(s) 'latest_only' retrieved from /home/airflow/.local/lib/python3.12/site-packages/airflow/example_dags/example_latest_only.py
[2025-01-28T00:55:27.094+0000] {logging_mixin.py:190} INFO - [2025-01-28T00:55:27.094+0000] {dag.py:3239} INFO - Sync 1 DAGs
[2025-01-28T00:55:27.113+0000] {logging_mixin.py:190} INFO - [2025-01-28T00:55:27.112+0000] {dag.py:4180} INFO - Setting next_dagrun for latest_only to 2025-01-27 20:00:00+00:00, run_after=2025-01-28 00:00:00+00:00
[2025-01-28T00:55:27.129+0000] {processor.py:208} INFO - Processing /home/airflow/.local/lib/python3.12/site-packages/airflow/example_dags/example_latest_only.py took 0.075 seconds
[2025-01-28T00:55:57.980+0000] {processor.py:186} INFO - Started process (PID=1783) to work on /home/airflow/.local/lib/python3.12/site-packages/airflow/example_dags/example_latest_only.py
[2025-01-28T00:55:57.981+0000] {processor.py:914} INFO - Processing file /home/airflow/.local/lib/python3.12/site-packages/airflow/example_dags/example_latest_only.py for tasks to queue
[2025-01-28T00:55:57.984+0000] {logging_mixin.py:190} INFO - [2025-01-28T00:55:57.983+0000] {dagbag.py:588} INFO - Filling up the DagBag from /home/airflow/.local/lib/python3.12/site-packages/airflow/example_dags/example_latest_only.py
[2025-01-28T00:55:57.990+0000] {processor.py:925} INFO - DAG(s) 'latest_only' retrieved from /home/airflow/.local/lib/python3.12/site-packages/airflow/example_dags/example_latest_only.py
[2025-01-28T00:55:58.010+0000] {logging_mixin.py:190} INFO - [2025-01-28T00:55:58.010+0000] {dag.py:3239} INFO - Sync 1 DAGs
[2025-01-28T00:55:58.038+0000] {logging_mixin.py:190} INFO - [2025-01-28T00:55:58.038+0000] {dag.py:4180} INFO - Setting next_dagrun for latest_only to 2025-01-27 20:00:00+00:00, run_after=2025-01-28 00:00:00+00:00
[2025-01-28T00:55:58.060+0000] {processor.py:208} INFO - Processing /home/airflow/.local/lib/python3.12/site-packages/airflow/example_dags/example_latest_only.py took 0.084 seconds
[2025-01-28T00:56:28.999+0000] {processor.py:186} INFO - Started process (PID=1848) to work on /home/airflow/.local/lib/python3.12/site-packages/airflow/example_dags/example_latest_only.py
[2025-01-28T00:56:28.999+0000] {processor.py:914} INFO - Processing file /home/airflow/.local/lib/python3.12/site-packages/airflow/example_dags/example_latest_only.py for tasks to queue
[2025-01-28T00:56:29.000+0000] {logging_mixin.py:190} INFO - [2025-01-28T00:56:29.000+0000] {dagbag.py:588} INFO - Filling up the DagBag from /home/airflow/.local/lib/python3.12/site-packages/airflow/example_dags/example_latest_only.py
[2025-01-28T00:56:29.005+0000] {processor.py:925} INFO - DAG(s) 'latest_only' retrieved from /home/airflow/.local/lib/python3.12/site-packages/airflow/example_dags/example_latest_only.py
[2025-01-28T00:56:29.017+0000] {logging_mixin.py:190} INFO - [2025-01-28T00:56:29.016+0000] {dag.py:3239} INFO - Sync 1 DAGs
[2025-01-28T00:56:29.035+0000] {logging_mixin.py:190} INFO - [2025-01-28T00:56:29.034+0000] {dag.py:4180} INFO - Setting next_dagrun for latest_only to 2025-01-27 20:00:00+00:00, run_after=2025-01-28 00:00:00+00:00
[2025-01-28T00:56:29.047+0000] {processor.py:208} INFO - Processing /home/airflow/.local/lib/python3.12/site-packages/airflow/example_dags/example_latest_only.py took 0.052 seconds
[2025-01-28T00:56:59.722+0000] {processor.py:186} INFO - Started process (PID=1913) to work on /home/airflow/.local/lib/python3.12/site-packages/airflow/example_dags/example_latest_only.py
[2025-01-28T00:56:59.723+0000] {processor.py:914} INFO - Processing file /home/airflow/.local/lib/python3.12/site-packages/airflow/example_dags/example_latest_only.py for tasks to queue
[2025-01-28T00:56:59.724+0000] {logging_mixin.py:190} INFO - [2025-01-28T00:56:59.724+0000] {dagbag.py:588} INFO - Filling up the DagBag from /home/airflow/.local/lib/python3.12/site-packages/airflow/example_dags/example_latest_only.py
[2025-01-28T00:56:59.728+0000] {processor.py:925} INFO - DAG(s) 'latest_only' retrieved from /home/airflow/.local/lib/python3.12/site-packages/airflow/example_dags/example_latest_only.py
[2025-01-28T00:56:59.740+0000] {logging_mixin.py:190} INFO - [2025-01-28T00:56:59.740+0000] {dag.py:3239} INFO - Sync 1 DAGs
[2025-01-28T00:56:59.759+0000] {logging_mixin.py:190} INFO - [2025-01-28T00:56:59.759+0000] {dag.py:4180} INFO - Setting next_dagrun for latest_only to 2025-01-27 20:00:00+00:00, run_after=2025-01-28 00:00:00+00:00
[2025-01-28T00:56:59.775+0000] {processor.py:208} INFO - Processing /home/airflow/.local/lib/python3.12/site-packages/airflow/example_dags/example_latest_only.py took 0.056 seconds
[2025-01-28T00:57:30.870+0000] {processor.py:186} INFO - Started process (PID=1978) to work on /home/airflow/.local/lib/python3.12/site-packages/airflow/example_dags/example_latest_only.py
[2025-01-28T00:57:30.871+0000] {processor.py:914} INFO - Processing file /home/airflow/.local/lib/python3.12/site-packages/airflow/example_dags/example_latest_only.py for tasks to queue
[2025-01-28T00:57:30.873+0000] {logging_mixin.py:190} INFO - [2025-01-28T00:57:30.872+0000] {dagbag.py:588} INFO - Filling up the DagBag from /home/airflow/.local/lib/python3.12/site-packages/airflow/example_dags/example_latest_only.py
[2025-01-28T00:57:30.879+0000] {processor.py:925} INFO - DAG(s) 'latest_only' retrieved from /home/airflow/.local/lib/python3.12/site-packages/airflow/example_dags/example_latest_only.py
[2025-01-28T00:57:30.895+0000] {logging_mixin.py:190} INFO - [2025-01-28T00:57:30.895+0000] {dag.py:3239} INFO - Sync 1 DAGs
[2025-01-28T00:57:30.920+0000] {logging_mixin.py:190} INFO - [2025-01-28T00:57:30.920+0000] {dag.py:4180} INFO - Setting next_dagrun for latest_only to 2025-01-27 20:00:00+00:00, run_after=2025-01-28 00:00:00+00:00
[2025-01-28T00:57:30.937+0000] {processor.py:208} INFO - Processing /home/airflow/.local/lib/python3.12/site-packages/airflow/example_dags/example_latest_only.py took 0.070 seconds
[2025-01-28T00:58:01.602+0000] {processor.py:186} INFO - Started process (PID=2042) to work on /home/airflow/.local/lib/python3.12/site-packages/airflow/example_dags/example_latest_only.py
[2025-01-28T00:58:01.603+0000] {processor.py:914} INFO - Processing file /home/airflow/.local/lib/python3.12/site-packages/airflow/example_dags/example_latest_only.py for tasks to queue
[2025-01-28T00:58:01.604+0000] {logging_mixin.py:190} INFO - [2025-01-28T00:58:01.604+0000] {dagbag.py:588} INFO - Filling up the DagBag from /home/airflow/.local/lib/python3.12/site-packages/airflow/example_dags/example_latest_only.py
[2025-01-28T00:58:01.610+0000] {processor.py:925} INFO - DAG(s) 'latest_only' retrieved from /home/airflow/.local/lib/python3.12/site-packages/airflow/example_dags/example_latest_only.py
[2025-01-28T00:58:01.624+0000] {logging_mixin.py:190} INFO - [2025-01-28T00:58:01.624+0000] {dag.py:3239} INFO - Sync 1 DAGs
[2025-01-28T00:58:01.639+0000] {logging_mixin.py:190} INFO - [2025-01-28T00:58:01.639+0000] {dag.py:4180} INFO - Setting next_dagrun for latest_only to 2025-01-27 20:00:00+00:00, run_after=2025-01-28 00:00:00+00:00
[2025-01-28T00:58:01.654+0000] {processor.py:208} INFO - Processing /home/airflow/.local/lib/python3.12/site-packages/airflow/example_dags/example_latest_only.py took 0.056 seconds
[2025-01-28T00:58:32.945+0000] {processor.py:186} INFO - Started process (PID=2107) to work on /home/airflow/.local/lib/python3.12/site-packages/airflow/example_dags/example_latest_only.py
[2025-01-28T00:58:32.945+0000] {processor.py:914} INFO - Processing file /home/airflow/.local/lib/python3.12/site-packages/airflow/example_dags/example_latest_only.py for tasks to queue
[2025-01-28T00:58:32.946+0000] {logging_mixin.py:190} INFO - [2025-01-28T00:58:32.946+0000] {dagbag.py:588} INFO - Filling up the DagBag from /home/airflow/.local/lib/python3.12/site-packages/airflow/example_dags/example_latest_only.py
[2025-01-28T00:58:32.950+0000] {processor.py:925} INFO - DAG(s) 'latest_only' retrieved from /home/airflow/.local/lib/python3.12/site-packages/airflow/example_dags/example_latest_only.py
[2025-01-28T00:58:32.965+0000] {logging_mixin.py:190} INFO - [2025-01-28T00:58:32.964+0000] {dag.py:3239} INFO - Sync 1 DAGs
[2025-01-28T00:58:32.980+0000] {logging_mixin.py:190} INFO - [2025-01-28T00:58:32.980+0000] {dag.py:4180} INFO - Setting next_dagrun for latest_only to 2025-01-27 20:00:00+00:00, run_after=2025-01-28 00:00:00+00:00
[2025-01-28T00:58:32.990+0000] {processor.py:208} INFO - Processing /home/airflow/.local/lib/python3.12/site-packages/airflow/example_dags/example_latest_only.py took 0.049 seconds
[2025-01-28T00:59:03.595+0000] {processor.py:186} INFO - Started process (PID=2172) to work on /home/airflow/.local/lib/python3.12/site-packages/airflow/example_dags/example_latest_only.py
[2025-01-28T00:59:03.596+0000] {processor.py:914} INFO - Processing file /home/airflow/.local/lib/python3.12/site-packages/airflow/example_dags/example_latest_only.py for tasks to queue
[2025-01-28T00:59:03.597+0000] {logging_mixin.py:190} INFO - [2025-01-28T00:59:03.597+0000] {dagbag.py:588} INFO - Filling up the DagBag from /home/airflow/.local/lib/python3.12/site-packages/airflow/example_dags/example_latest_only.py
[2025-01-28T00:59:03.601+0000] {processor.py:925} INFO - DAG(s) 'latest_only' retrieved from /home/airflow/.local/lib/python3.12/site-packages/airflow/example_dags/example_latest_only.py
[2025-01-28T00:59:03.616+0000] {logging_mixin.py:190} INFO - [2025-01-28T00:59:03.615+0000] {dag.py:3239} INFO - Sync 1 DAGs
[2025-01-28T00:59:03.630+0000] {logging_mixin.py:190} INFO - [2025-01-28T00:59:03.630+0000] {dag.py:4180} INFO - Setting next_dagrun for latest_only to 2025-01-27 20:00:00+00:00, run_after=2025-01-28 00:00:00+00:00
[2025-01-28T00:59:03.653+0000] {processor.py:208} INFO - Processing /home/airflow/.local/lib/python3.12/site-packages/airflow/example_dags/example_latest_only.py took 0.061 seconds
[2025-01-28T00:59:34.297+0000] {processor.py:186} INFO - Started process (PID=2237) to work on /home/airflow/.local/lib/python3.12/site-packages/airflow/example_dags/example_latest_only.py
[2025-01-28T00:59:34.298+0000] {processor.py:914} INFO - Processing file /home/airflow/.local/lib/python3.12/site-packages/airflow/example_dags/example_latest_only.py for tasks to queue
[2025-01-28T00:59:34.299+0000] {logging_mixin.py:190} INFO - [2025-01-28T00:59:34.299+0000] {dagbag.py:588} INFO - Filling up the DagBag from /home/airflow/.local/lib/python3.12/site-packages/airflow/example_dags/example_latest_only.py
[2025-01-28T00:59:34.303+0000] {processor.py:925} INFO - DAG(s) 'latest_only' retrieved from /home/airflow/.local/lib/python3.12/site-packages/airflow/example_dags/example_latest_only.py
[2025-01-28T00:59:34.319+0000] {logging_mixin.py:190} INFO - [2025-01-28T00:59:34.319+0000] {dag.py:3239} INFO - Sync 1 DAGs
[2025-01-28T00:59:34.339+0000] {logging_mixin.py:190} INFO - [2025-01-28T00:59:34.338+0000] {dag.py:4180} INFO - Setting next_dagrun for latest_only to 2025-01-27 20:00:00+00:00, run_after=2025-01-28 00:00:00+00:00
[2025-01-28T00:59:34.352+0000] {processor.py:208} INFO - Processing /home/airflow/.local/lib/python3.12/site-packages/airflow/example_dags/example_latest_only.py took 0.058 seconds
[2025-01-28T01:00:05.868+0000] {processor.py:186} INFO - Started process (PID=2302) to work on /home/airflow/.local/lib/python3.12/site-packages/airflow/example_dags/example_latest_only.py
[2025-01-28T01:00:05.883+0000] {processor.py:914} INFO - Processing file /home/airflow/.local/lib/python3.12/site-packages/airflow/example_dags/example_latest_only.py for tasks to queue
[2025-01-28T01:00:05.884+0000] {logging_mixin.py:190} INFO - [2025-01-28T01:00:05.884+0000] {dagbag.py:588} INFO - Filling up the DagBag from /home/airflow/.local/lib/python3.12/site-packages/airflow/example_dags/example_latest_only.py
[2025-01-28T01:00:05.888+0000] {processor.py:925} INFO - DAG(s) 'latest_only' retrieved from /home/airflow/.local/lib/python3.12/site-packages/airflow/example_dags/example_latest_only.py
[2025-01-28T01:00:05.904+0000] {logging_mixin.py:190} INFO - [2025-01-28T01:00:05.903+0000] {dag.py:3239} INFO - Sync 1 DAGs
[2025-01-28T01:00:05.920+0000] {logging_mixin.py:190} INFO - [2025-01-28T01:00:05.920+0000] {dag.py:4180} INFO - Setting next_dagrun for latest_only to 2025-01-27 20:00:00+00:00, run_after=2025-01-28 00:00:00+00:00
[2025-01-28T01:00:05.932+0000] {processor.py:208} INFO - Processing /home/airflow/.local/lib/python3.12/site-packages/airflow/example_dags/example_latest_only.py took 0.067 seconds
[2025-01-28T01:00:36.536+0000] {processor.py:186} INFO - Started process (PID=2367) to work on /home/airflow/.local/lib/python3.12/site-packages/airflow/example_dags/example_latest_only.py
[2025-01-28T01:00:36.536+0000] {processor.py:914} INFO - Processing file /home/airflow/.local/lib/python3.12/site-packages/airflow/example_dags/example_latest_only.py for tasks to queue
[2025-01-28T01:00:36.538+0000] {logging_mixin.py:190} INFO - [2025-01-28T01:00:36.538+0000] {dagbag.py:588} INFO - Filling up the DagBag from /home/airflow/.local/lib/python3.12/site-packages/airflow/example_dags/example_latest_only.py
[2025-01-28T01:00:36.544+0000] {processor.py:925} INFO - DAG(s) 'latest_only' retrieved from /home/airflow/.local/lib/python3.12/site-packages/airflow/example_dags/example_latest_only.py
[2025-01-28T01:00:36.558+0000] {logging_mixin.py:190} INFO - [2025-01-28T01:00:36.558+0000] {dag.py:3239} INFO - Sync 1 DAGs
[2025-01-28T01:00:36.578+0000] {logging_mixin.py:190} INFO - [2025-01-28T01:00:36.577+0000] {dag.py:4180} INFO - Setting next_dagrun for latest_only to 2025-01-27 20:00:00+00:00, run_after=2025-01-28 00:00:00+00:00
[2025-01-28T01:00:36.593+0000] {processor.py:208} INFO - Processing /home/airflow/.local/lib/python3.12/site-packages/airflow/example_dags/example_latest_only.py took 0.062 seconds
[2025-01-28T01:01:07.042+0000] {processor.py:186} INFO - Started process (PID=2432) to work on /home/airflow/.local/lib/python3.12/site-packages/airflow/example_dags/example_latest_only.py
[2025-01-28T01:01:07.042+0000] {processor.py:914} INFO - Processing file /home/airflow/.local/lib/python3.12/site-packages/airflow/example_dags/example_latest_only.py for tasks to queue
[2025-01-28T01:01:07.043+0000] {logging_mixin.py:190} INFO - [2025-01-28T01:01:07.043+0000] {dagbag.py:588} INFO - Filling up the DagBag from /home/airflow/.local/lib/python3.12/site-packages/airflow/example_dags/example_latest_only.py
[2025-01-28T01:01:07.047+0000] {processor.py:925} INFO - DAG(s) 'latest_only' retrieved from /home/airflow/.local/lib/python3.12/site-packages/airflow/example_dags/example_latest_only.py
[2025-01-28T01:01:07.061+0000] {logging_mixin.py:190} INFO - [2025-01-28T01:01:07.061+0000] {dag.py:3239} INFO - Sync 1 DAGs
[2025-01-28T01:01:07.082+0000] {logging_mixin.py:190} INFO - [2025-01-28T01:01:07.081+0000] {dag.py:4180} INFO - Setting next_dagrun for latest_only to 2025-01-27 20:00:00+00:00, run_after=2025-01-28 00:00:00+00:00
[2025-01-28T01:01:07.096+0000] {processor.py:208} INFO - Processing /home/airflow/.local/lib/python3.12/site-packages/airflow/example_dags/example_latest_only.py took 0.057 seconds
[2025-01-28T01:01:37.421+0000] {processor.py:186} INFO - Started process (PID=2497) to work on /home/airflow/.local/lib/python3.12/site-packages/airflow/example_dags/example_latest_only.py
[2025-01-28T01:01:37.422+0000] {processor.py:914} INFO - Processing file /home/airflow/.local/lib/python3.12/site-packages/airflow/example_dags/example_latest_only.py for tasks to queue
[2025-01-28T01:01:37.423+0000] {logging_mixin.py:190} INFO - [2025-01-28T01:01:37.423+0000] {dagbag.py:588} INFO - Filling up the DagBag from /home/airflow/.local/lib/python3.12/site-packages/airflow/example_dags/example_latest_only.py
[2025-01-28T01:01:37.427+0000] {processor.py:925} INFO - DAG(s) 'latest_only' retrieved from /home/airflow/.local/lib/python3.12/site-packages/airflow/example_dags/example_latest_only.py
[2025-01-28T01:01:37.447+0000] {logging_mixin.py:190} INFO - [2025-01-28T01:01:37.447+0000] {dag.py:3239} INFO - Sync 1 DAGs
[2025-01-28T01:01:37.463+0000] {logging_mixin.py:190} INFO - [2025-01-28T01:01:37.463+0000] {dag.py:4180} INFO - Setting next_dagrun for latest_only to 2025-01-27 20:00:00+00:00, run_after=2025-01-28 00:00:00+00:00
[2025-01-28T01:01:37.477+0000] {processor.py:208} INFO - Processing /home/airflow/.local/lib/python3.12/site-packages/airflow/example_dags/example_latest_only.py took 0.059 seconds
[2025-01-28T01:02:08.866+0000] {processor.py:186} INFO - Started process (PID=2562) to work on /home/airflow/.local/lib/python3.12/site-packages/airflow/example_dags/example_latest_only.py
[2025-01-28T01:02:08.867+0000] {processor.py:914} INFO - Processing file /home/airflow/.local/lib/python3.12/site-packages/airflow/example_dags/example_latest_only.py for tasks to queue
[2025-01-28T01:02:08.868+0000] {logging_mixin.py:190} INFO - [2025-01-28T01:02:08.868+0000] {dagbag.py:588} INFO - Filling up the DagBag from /home/airflow/.local/lib/python3.12/site-packages/airflow/example_dags/example_latest_only.py
[2025-01-28T01:02:08.873+0000] {processor.py:925} INFO - DAG(s) 'latest_only' retrieved from /home/airflow/.local/lib/python3.12/site-packages/airflow/example_dags/example_latest_only.py
[2025-01-28T01:02:08.888+0000] {logging_mixin.py:190} INFO - [2025-01-28T01:02:08.887+0000] {dag.py:3239} INFO - Sync 1 DAGs
[2025-01-28T01:02:08.909+0000] {logging_mixin.py:190} INFO - [2025-01-28T01:02:08.909+0000] {dag.py:4180} INFO - Setting next_dagrun for latest_only to 2025-01-27 20:00:00+00:00, run_after=2025-01-28 00:00:00+00:00
[2025-01-28T01:02:08.924+0000] {processor.py:208} INFO - Processing /home/airflow/.local/lib/python3.12/site-packages/airflow/example_dags/example_latest_only.py took 0.061 seconds
[2025-01-28T01:02:40.317+0000] {processor.py:186} INFO - Started process (PID=2627) to work on /home/airflow/.local/lib/python3.12/site-packages/airflow/example_dags/example_latest_only.py
[2025-01-28T01:02:40.318+0000] {processor.py:914} INFO - Processing file /home/airflow/.local/lib/python3.12/site-packages/airflow/example_dags/example_latest_only.py for tasks to queue
[2025-01-28T01:02:40.319+0000] {logging_mixin.py:190} INFO - [2025-01-28T01:02:40.319+0000] {dagbag.py:588} INFO - Filling up the DagBag from /home/airflow/.local/lib/python3.12/site-packages/airflow/example_dags/example_latest_only.py
[2025-01-28T01:02:40.323+0000] {processor.py:925} INFO - DAG(s) 'latest_only' retrieved from /home/airflow/.local/lib/python3.12/site-packages/airflow/example_dags/example_latest_only.py
[2025-01-28T01:02:40.335+0000] {logging_mixin.py:190} INFO - [2025-01-28T01:02:40.335+0000] {dag.py:3239} INFO - Sync 1 DAGs
[2025-01-28T01:02:40.352+0000] {logging_mixin.py:190} INFO - [2025-01-28T01:02:40.352+0000] {dag.py:4180} INFO - Setting next_dagrun for latest_only to 2025-01-27 20:00:00+00:00, run_after=2025-01-28 00:00:00+00:00
[2025-01-28T01:02:40.364+0000] {processor.py:208} INFO - Processing /home/airflow/.local/lib/python3.12/site-packages/airflow/example_dags/example_latest_only.py took 0.049 seconds
[2025-01-28T01:03:11.627+0000] {processor.py:186} INFO - Started process (PID=2692) to work on /home/airflow/.local/lib/python3.12/site-packages/airflow/example_dags/example_latest_only.py
[2025-01-28T01:03:11.628+0000] {processor.py:914} INFO - Processing file /home/airflow/.local/lib/python3.12/site-packages/airflow/example_dags/example_latest_only.py for tasks to queue
[2025-01-28T01:03:11.630+0000] {logging_mixin.py:190} INFO - [2025-01-28T01:03:11.629+0000] {dagbag.py:588} INFO - Filling up the DagBag from /home/airflow/.local/lib/python3.12/site-packages/airflow/example_dags/example_latest_only.py
[2025-01-28T01:03:11.636+0000] {processor.py:925} INFO - DAG(s) 'latest_only' retrieved from /home/airflow/.local/lib/python3.12/site-packages/airflow/example_dags/example_latest_only.py
[2025-01-28T01:03:11.649+0000] {logging_mixin.py:190} INFO - [2025-01-28T01:03:11.649+0000] {dag.py:3239} INFO - Sync 1 DAGs
[2025-01-28T01:03:11.666+0000] {logging_mixin.py:190} INFO - [2025-01-28T01:03:11.666+0000] {dag.py:4180} INFO - Setting next_dagrun for latest_only to 2025-01-27 20:00:00+00:00, run_after=2025-01-28 00:00:00+00:00
[2025-01-28T01:03:11.683+0000] {processor.py:208} INFO - Processing /home/airflow/.local/lib/python3.12/site-packages/airflow/example_dags/example_latest_only.py took 0.061 seconds
[2025-01-28T01:03:42.269+0000] {processor.py:186} INFO - Started process (PID=2764) to work on /home/airflow/.local/lib/python3.12/site-packages/airflow/example_dags/example_latest_only.py
[2025-01-28T01:03:42.270+0000] {processor.py:914} INFO - Processing file /home/airflow/.local/lib/python3.12/site-packages/airflow/example_dags/example_latest_only.py for tasks to queue
[2025-01-28T01:03:42.271+0000] {logging_mixin.py:190} INFO - [2025-01-28T01:03:42.271+0000] {dagbag.py:588} INFO - Filling up the DagBag from /home/airflow/.local/lib/python3.12/site-packages/airflow/example_dags/example_latest_only.py
[2025-01-28T01:03:42.275+0000] {processor.py:925} INFO - DAG(s) 'latest_only' retrieved from /home/airflow/.local/lib/python3.12/site-packages/airflow/example_dags/example_latest_only.py
[2025-01-28T01:03:42.287+0000] {logging_mixin.py:190} INFO - [2025-01-28T01:03:42.287+0000] {dag.py:3239} INFO - Sync 1 DAGs
[2025-01-28T01:03:42.302+0000] {logging_mixin.py:190} INFO - [2025-01-28T01:03:42.302+0000] {dag.py:4180} INFO - Setting next_dagrun for latest_only to 2025-01-27 20:00:00+00:00, run_after=2025-01-28 00:00:00+00:00
[2025-01-28T01:03:42.316+0000] {processor.py:208} INFO - Processing /home/airflow/.local/lib/python3.12/site-packages/airflow/example_dags/example_latest_only.py took 0.050 seconds
[2025-01-28T01:04:12.987+0000] {processor.py:186} INFO - Started process (PID=2829) to work on /home/airflow/.local/lib/python3.12/site-packages/airflow/example_dags/example_latest_only.py
[2025-01-28T01:04:12.994+0000] {processor.py:914} INFO - Processing file /home/airflow/.local/lib/python3.12/site-packages/airflow/example_dags/example_latest_only.py for tasks to queue
[2025-01-28T01:04:12.996+0000] {logging_mixin.py:190} INFO - [2025-01-28T01:04:12.995+0000] {dagbag.py:588} INFO - Filling up the DagBag from /home/airflow/.local/lib/python3.12/site-packages/airflow/example_dags/example_latest_only.py
[2025-01-28T01:04:13.000+0000] {processor.py:925} INFO - DAG(s) 'latest_only' retrieved from /home/airflow/.local/lib/python3.12/site-packages/airflow/example_dags/example_latest_only.py
[2025-01-28T01:04:13.012+0000] {logging_mixin.py:190} INFO - [2025-01-28T01:04:13.011+0000] {dag.py:3239} INFO - Sync 1 DAGs
[2025-01-28T01:04:13.027+0000] {logging_mixin.py:190} INFO - [2025-01-28T01:04:13.027+0000] {dag.py:4180} INFO - Setting next_dagrun for latest_only to 2025-01-27 20:00:00+00:00, run_after=2025-01-28 00:00:00+00:00
[2025-01-28T01:04:13.043+0000] {processor.py:208} INFO - Processing /home/airflow/.local/lib/python3.12/site-packages/airflow/example_dags/example_latest_only.py took 0.059 seconds
[2025-01-28T01:04:44.033+0000] {processor.py:186} INFO - Started process (PID=2894) to work on /home/airflow/.local/lib/python3.12/site-packages/airflow/example_dags/example_latest_only.py
[2025-01-28T01:04:44.045+0000] {processor.py:914} INFO - Processing file /home/airflow/.local/lib/python3.12/site-packages/airflow/example_dags/example_latest_only.py for tasks to queue
[2025-01-28T01:04:44.046+0000] {logging_mixin.py:190} INFO - [2025-01-28T01:04:44.046+0000] {dagbag.py:588} INFO - Filling up the DagBag from /home/airflow/.local/lib/python3.12/site-packages/airflow/example_dags/example_latest_only.py
[2025-01-28T01:04:44.053+0000] {processor.py:925} INFO - DAG(s) 'latest_only' retrieved from /home/airflow/.local/lib/python3.12/site-packages/airflow/example_dags/example_latest_only.py
[2025-01-28T01:04:44.067+0000] {logging_mixin.py:190} INFO - [2025-01-28T01:04:44.067+0000] {dag.py:3239} INFO - Sync 1 DAGs
[2025-01-28T01:04:44.083+0000] {logging_mixin.py:190} INFO - [2025-01-28T01:04:44.082+0000] {dag.py:4180} INFO - Setting next_dagrun for latest_only to 2025-01-27 20:00:00+00:00, run_after=2025-01-28 00:00:00+00:00
[2025-01-28T01:04:44.094+0000] {processor.py:208} INFO - Processing /home/airflow/.local/lib/python3.12/site-packages/airflow/example_dags/example_latest_only.py took 0.066 seconds
[2025-01-28T01:05:15.293+0000] {processor.py:186} INFO - Started process (PID=2959) to work on /home/airflow/.local/lib/python3.12/site-packages/airflow/example_dags/example_latest_only.py
[2025-01-28T01:05:15.307+0000] {processor.py:914} INFO - Processing file /home/airflow/.local/lib/python3.12/site-packages/airflow/example_dags/example_latest_only.py for tasks to queue
[2025-01-28T01:05:15.310+0000] {logging_mixin.py:190} INFO - [2025-01-28T01:05:15.309+0000] {dagbag.py:588} INFO - Filling up the DagBag from /home/airflow/.local/lib/python3.12/site-packages/airflow/example_dags/example_latest_only.py
[2025-01-28T01:05:15.317+0000] {processor.py:925} INFO - DAG(s) 'latest_only' retrieved from /home/airflow/.local/lib/python3.12/site-packages/airflow/example_dags/example_latest_only.py
[2025-01-28T01:05:15.345+0000] {logging_mixin.py:190} INFO - [2025-01-28T01:05:15.345+0000] {dag.py:3239} INFO - Sync 1 DAGs
[2025-01-28T01:05:15.385+0000] {logging_mixin.py:190} INFO - [2025-01-28T01:05:15.385+0000] {dag.py:4180} INFO - Setting next_dagrun for latest_only to 2025-01-27 20:00:00+00:00, run_after=2025-01-28 00:00:00+00:00
[2025-01-28T01:05:15.418+0000] {processor.py:208} INFO - Processing /home/airflow/.local/lib/python3.12/site-packages/airflow/example_dags/example_latest_only.py took 0.129 seconds
[2025-01-28T01:05:46.393+0000] {processor.py:186} INFO - Started process (PID=3024) to work on /home/airflow/.local/lib/python3.12/site-packages/airflow/example_dags/example_latest_only.py
[2025-01-28T01:05:46.394+0000] {processor.py:914} INFO - Processing file /home/airflow/.local/lib/python3.12/site-packages/airflow/example_dags/example_latest_only.py for tasks to queue
[2025-01-28T01:05:46.395+0000] {logging_mixin.py:190} INFO - [2025-01-28T01:05:46.395+0000] {dagbag.py:588} INFO - Filling up the DagBag from /home/airflow/.local/lib/python3.12/site-packages/airflow/example_dags/example_latest_only.py
[2025-01-28T01:05:46.399+0000] {processor.py:925} INFO - DAG(s) 'latest_only' retrieved from /home/airflow/.local/lib/python3.12/site-packages/airflow/example_dags/example_latest_only.py
[2025-01-28T01:05:46.416+0000] {logging_mixin.py:190} INFO - [2025-01-28T01:05:46.416+0000] {dag.py:3239} INFO - Sync 1 DAGs
[2025-01-28T01:05:46.438+0000] {logging_mixin.py:190} INFO - [2025-01-28T01:05:46.437+0000] {dag.py:4180} INFO - Setting next_dagrun for latest_only to 2025-01-27 20:00:00+00:00, run_after=2025-01-28 00:00:00+00:00
[2025-01-28T01:05:46.453+0000] {processor.py:208} INFO - Processing /home/airflow/.local/lib/python3.12/site-packages/airflow/example_dags/example_latest_only.py took 0.062 seconds
[2025-01-28T01:06:16.727+0000] {processor.py:186} INFO - Started process (PID=3089) to work on /home/airflow/.local/lib/python3.12/site-packages/airflow/example_dags/example_latest_only.py
[2025-01-28T01:06:16.728+0000] {processor.py:914} INFO - Processing file /home/airflow/.local/lib/python3.12/site-packages/airflow/example_dags/example_latest_only.py for tasks to queue
[2025-01-28T01:06:16.730+0000] {logging_mixin.py:190} INFO - [2025-01-28T01:06:16.730+0000] {dagbag.py:588} INFO - Filling up the DagBag from /home/airflow/.local/lib/python3.12/site-packages/airflow/example_dags/example_latest_only.py
[2025-01-28T01:06:16.735+0000] {processor.py:925} INFO - DAG(s) 'latest_only' retrieved from /home/airflow/.local/lib/python3.12/site-packages/airflow/example_dags/example_latest_only.py
[2025-01-28T01:06:16.750+0000] {logging_mixin.py:190} INFO - [2025-01-28T01:06:16.750+0000] {dag.py:3239} INFO - Sync 1 DAGs
[2025-01-28T01:06:16.764+0000] {logging_mixin.py:190} INFO - [2025-01-28T01:06:16.764+0000] {dag.py:4180} INFO - Setting next_dagrun for latest_only to 2025-01-27 20:00:00+00:00, run_after=2025-01-28 00:00:00+00:00
[2025-01-28T01:06:16.777+0000] {processor.py:208} INFO - Processing /home/airflow/.local/lib/python3.12/site-packages/airflow/example_dags/example_latest_only.py took 0.055 seconds
[2025-01-28T01:06:48.083+0000] {processor.py:186} INFO - Started process (PID=3154) to work on /home/airflow/.local/lib/python3.12/site-packages/airflow/example_dags/example_latest_only.py
[2025-01-28T01:06:48.083+0000] {processor.py:914} INFO - Processing file /home/airflow/.local/lib/python3.12/site-packages/airflow/example_dags/example_latest_only.py for tasks to queue
[2025-01-28T01:06:48.085+0000] {logging_mixin.py:190} INFO - [2025-01-28T01:06:48.085+0000] {dagbag.py:588} INFO - Filling up the DagBag from /home/airflow/.local/lib/python3.12/site-packages/airflow/example_dags/example_latest_only.py
[2025-01-28T01:06:48.090+0000] {processor.py:925} INFO - DAG(s) 'latest_only' retrieved from /home/airflow/.local/lib/python3.12/site-packages/airflow/example_dags/example_latest_only.py
[2025-01-28T01:06:48.103+0000] {logging_mixin.py:190} INFO - [2025-01-28T01:06:48.103+0000] {dag.py:3239} INFO - Sync 1 DAGs
[2025-01-28T01:06:48.122+0000] {logging_mixin.py:190} INFO - [2025-01-28T01:06:48.122+0000] {dag.py:4180} INFO - Setting next_dagrun for latest_only to 2025-01-27 20:00:00+00:00, run_after=2025-01-28 00:00:00+00:00
[2025-01-28T01:06:48.136+0000] {processor.py:208} INFO - Processing /home/airflow/.local/lib/python3.12/site-packages/airflow/example_dags/example_latest_only.py took 0.057 seconds
[2025-01-28T01:07:19.144+0000] {processor.py:186} INFO - Started process (PID=3219) to work on /home/airflow/.local/lib/python3.12/site-packages/airflow/example_dags/example_latest_only.py
[2025-01-28T01:07:19.145+0000] {processor.py:914} INFO - Processing file /home/airflow/.local/lib/python3.12/site-packages/airflow/example_dags/example_latest_only.py for tasks to queue
[2025-01-28T01:07:19.147+0000] {logging_mixin.py:190} INFO - [2025-01-28T01:07:19.147+0000] {dagbag.py:588} INFO - Filling up the DagBag from /home/airflow/.local/lib/python3.12/site-packages/airflow/example_dags/example_latest_only.py
[2025-01-28T01:07:19.152+0000] {processor.py:925} INFO - DAG(s) 'latest_only' retrieved from /home/airflow/.local/lib/python3.12/site-packages/airflow/example_dags/example_latest_only.py
[2025-01-28T01:07:19.166+0000] {logging_mixin.py:190} INFO - [2025-01-28T01:07:19.166+0000] {dag.py:3239} INFO - Sync 1 DAGs
[2025-01-28T01:07:19.182+0000] {logging_mixin.py:190} INFO - [2025-01-28T01:07:19.182+0000] {dag.py:4180} INFO - Setting next_dagrun for latest_only to 2025-01-27 20:00:00+00:00, run_after=2025-01-28 00:00:00+00:00
[2025-01-28T01:07:19.199+0000] {processor.py:208} INFO - Processing /home/airflow/.local/lib/python3.12/site-packages/airflow/example_dags/example_latest_only.py took 0.058 seconds
[2025-01-28T01:07:50.481+0000] {processor.py:186} INFO - Started process (PID=3284) to work on /home/airflow/.local/lib/python3.12/site-packages/airflow/example_dags/example_latest_only.py
[2025-01-28T01:07:50.482+0000] {processor.py:914} INFO - Processing file /home/airflow/.local/lib/python3.12/site-packages/airflow/example_dags/example_latest_only.py for tasks to queue
[2025-01-28T01:07:50.483+0000] {logging_mixin.py:190} INFO - [2025-01-28T01:07:50.483+0000] {dagbag.py:588} INFO - Filling up the DagBag from /home/airflow/.local/lib/python3.12/site-packages/airflow/example_dags/example_latest_only.py
[2025-01-28T01:07:50.488+0000] {processor.py:925} INFO - DAG(s) 'latest_only' retrieved from /home/airflow/.local/lib/python3.12/site-packages/airflow/example_dags/example_latest_only.py
[2025-01-28T01:07:50.501+0000] {logging_mixin.py:190} INFO - [2025-01-28T01:07:50.501+0000] {dag.py:3239} INFO - Sync 1 DAGs
[2025-01-28T01:07:50.518+0000] {logging_mixin.py:190} INFO - [2025-01-28T01:07:50.518+0000] {dag.py:4180} INFO - Setting next_dagrun for latest_only to 2025-01-27 20:00:00+00:00, run_after=2025-01-28 00:00:00+00:00
[2025-01-28T01:07:50.534+0000] {processor.py:208} INFO - Processing /home/airflow/.local/lib/python3.12/site-packages/airflow/example_dags/example_latest_only.py took 0.056 seconds
[2025-01-28T01:08:22.155+0000] {processor.py:186} INFO - Started process (PID=3348) to work on /home/airflow/.local/lib/python3.12/site-packages/airflow/example_dags/example_latest_only.py
[2025-01-28T01:08:22.156+0000] {processor.py:914} INFO - Processing file /home/airflow/.local/lib/python3.12/site-packages/airflow/example_dags/example_latest_only.py for tasks to queue
[2025-01-28T01:08:22.158+0000] {logging_mixin.py:190} INFO - [2025-01-28T01:08:22.157+0000] {dagbag.py:588} INFO - Filling up the DagBag from /home/airflow/.local/lib/python3.12/site-packages/airflow/example_dags/example_latest_only.py
[2025-01-28T01:08:22.162+0000] {processor.py:925} INFO - DAG(s) 'latest_only' retrieved from /home/airflow/.local/lib/python3.12/site-packages/airflow/example_dags/example_latest_only.py
[2025-01-28T01:08:22.177+0000] {logging_mixin.py:190} INFO - [2025-01-28T01:08:22.176+0000] {dag.py:3239} INFO - Sync 1 DAGs
[2025-01-28T01:08:22.321+0000] {logging_mixin.py:190} INFO - [2025-01-28T01:08:22.321+0000] {dag.py:4180} INFO - Setting next_dagrun for latest_only to 2025-01-27 20:00:00+00:00, run_after=2025-01-28 00:00:00+00:00
[2025-01-28T01:08:22.332+0000] {processor.py:208} INFO - Processing /home/airflow/.local/lib/python3.12/site-packages/airflow/example_dags/example_latest_only.py took 0.180 seconds
