[2025-01-28T00:42:18.478+0000] {processor.py:186} INFO - Started process (PID=86) to work on /home/airflow/.local/lib/python3.12/site-packages/airflow/example_dags/example_external_task_marker_dag.py
[2025-01-28T00:42:18.479+0000] {processor.py:914} INFO - Processing file /home/airflow/.local/lib/python3.12/site-packages/airflow/example_dags/example_external_task_marker_dag.py for tasks to queue
[2025-01-28T00:42:18.481+0000] {logging_mixin.py:190} INFO - [2025-01-28T00:42:18.481+0000] {dagbag.py:588} INFO - Filling up the DagBag from /home/airflow/.local/lib/python3.12/site-packages/airflow/example_dags/example_external_task_marker_dag.py
[2025-01-28T00:42:18.492+0000] {processor.py:925} INFO - DAG(s) 'example_external_task_marker_child', 'example_external_task_marker_parent' retrieved from /home/airflow/.local/lib/python3.12/site-packages/airflow/example_dags/example_external_task_marker_dag.py
[2025-01-28T00:42:18.524+0000] {logging_mixin.py:190} INFO - [2025-01-28T00:42:18.524+0000] {dag.py:3239} INFO - Sync 2 DAGs
[2025-01-28T00:42:18.545+0000] {logging_mixin.py:190} INFO - [2025-01-28T00:42:18.545+0000] {dag.py:4180} INFO - Setting next_dagrun for example_external_task_marker_child to None, run_after=None
[2025-01-28T00:42:18.552+0000] {logging_mixin.py:190} INFO - [2025-01-28T00:42:18.551+0000] {dag.py:4180} INFO - Setting next_dagrun for example_external_task_marker_parent to None, run_after=None
[2025-01-28T00:42:18.571+0000] {processor.py:208} INFO - Processing /home/airflow/.local/lib/python3.12/site-packages/airflow/example_dags/example_external_task_marker_dag.py took 0.099 seconds
[2025-01-28T00:42:35.072+0000] {processor.py:186} INFO - Started process (PID=74) to work on /home/airflow/.local/lib/python3.12/site-packages/airflow/example_dags/example_external_task_marker_dag.py
[2025-01-28T00:42:35.073+0000] {processor.py:914} INFO - Processing file /home/airflow/.local/lib/python3.12/site-packages/airflow/example_dags/example_external_task_marker_dag.py for tasks to queue
[2025-01-28T00:42:35.075+0000] {logging_mixin.py:190} INFO - [2025-01-28T00:42:35.075+0000] {dagbag.py:588} INFO - Filling up the DagBag from /home/airflow/.local/lib/python3.12/site-packages/airflow/example_dags/example_external_task_marker_dag.py
[2025-01-28T00:42:35.085+0000] {processor.py:925} INFO - DAG(s) 'example_external_task_marker_child', 'example_external_task_marker_parent' retrieved from /home/airflow/.local/lib/python3.12/site-packages/airflow/example_dags/example_external_task_marker_dag.py
[2025-01-28T00:42:35.107+0000] {logging_mixin.py:190} INFO - [2025-01-28T00:42:35.106+0000] {dag.py:3239} INFO - Sync 2 DAGs
[2025-01-28T00:42:35.121+0000] {logging_mixin.py:190} INFO - [2025-01-28T00:42:35.120+0000] {dag.py:4180} INFO - Setting next_dagrun for example_external_task_marker_child to None, run_after=None
[2025-01-28T00:42:35.126+0000] {logging_mixin.py:190} INFO - [2025-01-28T00:42:35.125+0000] {dag.py:4180} INFO - Setting next_dagrun for example_external_task_marker_parent to None, run_after=None
[2025-01-28T00:42:35.152+0000] {processor.py:208} INFO - Processing /home/airflow/.local/lib/python3.12/site-packages/airflow/example_dags/example_external_task_marker_dag.py took 0.085 seconds
[2025-01-28T00:43:05.755+0000] {processor.py:186} INFO - Started process (PID=138) to work on /home/airflow/.local/lib/python3.12/site-packages/airflow/example_dags/example_external_task_marker_dag.py
[2025-01-28T00:43:05.756+0000] {processor.py:914} INFO - Processing file /home/airflow/.local/lib/python3.12/site-packages/airflow/example_dags/example_external_task_marker_dag.py for tasks to queue
[2025-01-28T00:43:05.759+0000] {logging_mixin.py:190} INFO - [2025-01-28T00:43:05.758+0000] {dagbag.py:588} INFO - Filling up the DagBag from /home/airflow/.local/lib/python3.12/site-packages/airflow/example_dags/example_external_task_marker_dag.py
[2025-01-28T00:43:05.767+0000] {processor.py:925} INFO - DAG(s) 'example_external_task_marker_parent', 'example_external_task_marker_child' retrieved from /home/airflow/.local/lib/python3.12/site-packages/airflow/example_dags/example_external_task_marker_dag.py
[2025-01-28T00:43:05.792+0000] {logging_mixin.py:190} INFO - [2025-01-28T00:43:05.792+0000] {dag.py:3239} INFO - Sync 2 DAGs
[2025-01-28T00:43:05.806+0000] {logging_mixin.py:190} INFO - [2025-01-28T00:43:05.806+0000] {dag.py:4180} INFO - Setting next_dagrun for example_external_task_marker_child to None, run_after=None
[2025-01-28T00:43:05.810+0000] {logging_mixin.py:190} INFO - [2025-01-28T00:43:05.809+0000] {dag.py:4180} INFO - Setting next_dagrun for example_external_task_marker_parent to None, run_after=None
[2025-01-28T00:43:05.826+0000] {processor.py:208} INFO - Processing /home/airflow/.local/lib/python3.12/site-packages/airflow/example_dags/example_external_task_marker_dag.py took 0.079 seconds
[2025-01-28T00:43:36.602+0000] {processor.py:186} INFO - Started process (PID=203) to work on /home/airflow/.local/lib/python3.12/site-packages/airflow/example_dags/example_external_task_marker_dag.py
[2025-01-28T00:43:36.603+0000] {processor.py:914} INFO - Processing file /home/airflow/.local/lib/python3.12/site-packages/airflow/example_dags/example_external_task_marker_dag.py for tasks to queue
[2025-01-28T00:43:36.608+0000] {logging_mixin.py:190} INFO - [2025-01-28T00:43:36.607+0000] {dagbag.py:588} INFO - Filling up the DagBag from /home/airflow/.local/lib/python3.12/site-packages/airflow/example_dags/example_external_task_marker_dag.py
[2025-01-28T00:43:36.620+0000] {processor.py:925} INFO - DAG(s) 'example_external_task_marker_parent', 'example_external_task_marker_child' retrieved from /home/airflow/.local/lib/python3.12/site-packages/airflow/example_dags/example_external_task_marker_dag.py
[2025-01-28T00:43:36.700+0000] {logging_mixin.py:190} INFO - [2025-01-28T00:43:36.698+0000] {dag.py:3239} INFO - Sync 2 DAGs
[2025-01-28T00:43:36.742+0000] {logging_mixin.py:190} INFO - [2025-01-28T00:43:36.742+0000] {dag.py:4180} INFO - Setting next_dagrun for example_external_task_marker_child to None, run_after=None
[2025-01-28T00:43:36.748+0000] {logging_mixin.py:190} INFO - [2025-01-28T00:43:36.748+0000] {dag.py:4180} INFO - Setting next_dagrun for example_external_task_marker_parent to None, run_after=None
[2025-01-28T00:43:36.785+0000] {processor.py:208} INFO - Processing /home/airflow/.local/lib/python3.12/site-packages/airflow/example_dags/example_external_task_marker_dag.py took 0.192 seconds
[2025-01-28T00:44:06.987+0000] {processor.py:186} INFO - Started process (PID=268) to work on /home/airflow/.local/lib/python3.12/site-packages/airflow/example_dags/example_external_task_marker_dag.py
[2025-01-28T00:44:06.988+0000] {processor.py:914} INFO - Processing file /home/airflow/.local/lib/python3.12/site-packages/airflow/example_dags/example_external_task_marker_dag.py for tasks to queue
[2025-01-28T00:44:06.990+0000] {logging_mixin.py:190} INFO - [2025-01-28T00:44:06.990+0000] {dagbag.py:588} INFO - Filling up the DagBag from /home/airflow/.local/lib/python3.12/site-packages/airflow/example_dags/example_external_task_marker_dag.py
[2025-01-28T00:44:06.997+0000] {processor.py:925} INFO - DAG(s) 'example_external_task_marker_parent', 'example_external_task_marker_child' retrieved from /home/airflow/.local/lib/python3.12/site-packages/airflow/example_dags/example_external_task_marker_dag.py
[2025-01-28T00:44:07.019+0000] {logging_mixin.py:190} INFO - [2025-01-28T00:44:07.019+0000] {dag.py:3239} INFO - Sync 2 DAGs
[2025-01-28T00:44:07.034+0000] {logging_mixin.py:190} INFO - [2025-01-28T00:44:07.033+0000] {dag.py:4180} INFO - Setting next_dagrun for example_external_task_marker_child to None, run_after=None
[2025-01-28T00:44:07.037+0000] {logging_mixin.py:190} INFO - [2025-01-28T00:44:07.037+0000] {dag.py:4180} INFO - Setting next_dagrun for example_external_task_marker_parent to None, run_after=None
[2025-01-28T00:44:07.054+0000] {processor.py:208} INFO - Processing /home/airflow/.local/lib/python3.12/site-packages/airflow/example_dags/example_external_task_marker_dag.py took 0.071 seconds
[2025-01-28T00:44:37.532+0000] {processor.py:186} INFO - Started process (PID=333) to work on /home/airflow/.local/lib/python3.12/site-packages/airflow/example_dags/example_external_task_marker_dag.py
[2025-01-28T00:44:37.533+0000] {processor.py:914} INFO - Processing file /home/airflow/.local/lib/python3.12/site-packages/airflow/example_dags/example_external_task_marker_dag.py for tasks to queue
[2025-01-28T00:44:37.534+0000] {logging_mixin.py:190} INFO - [2025-01-28T00:44:37.534+0000] {dagbag.py:588} INFO - Filling up the DagBag from /home/airflow/.local/lib/python3.12/site-packages/airflow/example_dags/example_external_task_marker_dag.py
[2025-01-28T00:44:37.541+0000] {processor.py:925} INFO - DAG(s) 'example_external_task_marker_child', 'example_external_task_marker_parent' retrieved from /home/airflow/.local/lib/python3.12/site-packages/airflow/example_dags/example_external_task_marker_dag.py
[2025-01-28T00:44:37.559+0000] {logging_mixin.py:190} INFO - [2025-01-28T00:44:37.558+0000] {dag.py:3239} INFO - Sync 2 DAGs
[2025-01-28T00:44:37.570+0000] {logging_mixin.py:190} INFO - [2025-01-28T00:44:37.570+0000] {dag.py:4180} INFO - Setting next_dagrun for example_external_task_marker_child to None, run_after=None
[2025-01-28T00:44:37.574+0000] {logging_mixin.py:190} INFO - [2025-01-28T00:44:37.574+0000] {dag.py:4180} INFO - Setting next_dagrun for example_external_task_marker_parent to None, run_after=None
[2025-01-28T00:44:37.587+0000] {processor.py:208} INFO - Processing /home/airflow/.local/lib/python3.12/site-packages/airflow/example_dags/example_external_task_marker_dag.py took 0.060 seconds
[2025-01-28T00:45:07.765+0000] {processor.py:186} INFO - Started process (PID=397) to work on /home/airflow/.local/lib/python3.12/site-packages/airflow/example_dags/example_external_task_marker_dag.py
[2025-01-28T00:45:07.766+0000] {processor.py:914} INFO - Processing file /home/airflow/.local/lib/python3.12/site-packages/airflow/example_dags/example_external_task_marker_dag.py for tasks to queue
[2025-01-28T00:45:07.767+0000] {logging_mixin.py:190} INFO - [2025-01-28T00:45:07.767+0000] {dagbag.py:588} INFO - Filling up the DagBag from /home/airflow/.local/lib/python3.12/site-packages/airflow/example_dags/example_external_task_marker_dag.py
[2025-01-28T00:45:07.772+0000] {processor.py:925} INFO - DAG(s) 'example_external_task_marker_parent', 'example_external_task_marker_child' retrieved from /home/airflow/.local/lib/python3.12/site-packages/airflow/example_dags/example_external_task_marker_dag.py
[2025-01-28T00:45:07.789+0000] {logging_mixin.py:190} INFO - [2025-01-28T00:45:07.789+0000] {dag.py:3239} INFO - Sync 2 DAGs
[2025-01-28T00:45:07.803+0000] {logging_mixin.py:190} INFO - [2025-01-28T00:45:07.802+0000] {dag.py:4180} INFO - Setting next_dagrun for example_external_task_marker_child to None, run_after=None
[2025-01-28T00:45:07.807+0000] {logging_mixin.py:190} INFO - [2025-01-28T00:45:07.807+0000] {dag.py:4180} INFO - Setting next_dagrun for example_external_task_marker_parent to None, run_after=None
[2025-01-28T00:45:07.819+0000] {processor.py:208} INFO - Processing /home/airflow/.local/lib/python3.12/site-packages/airflow/example_dags/example_external_task_marker_dag.py took 0.057 seconds
[2025-01-28T00:45:38.991+0000] {processor.py:186} INFO - Started process (PID=469) to work on /home/airflow/.local/lib/python3.12/site-packages/airflow/example_dags/example_external_task_marker_dag.py
[2025-01-28T00:45:38.992+0000] {processor.py:914} INFO - Processing file /home/airflow/.local/lib/python3.12/site-packages/airflow/example_dags/example_external_task_marker_dag.py for tasks to queue
[2025-01-28T00:45:38.994+0000] {logging_mixin.py:190} INFO - [2025-01-28T00:45:38.994+0000] {dagbag.py:588} INFO - Filling up the DagBag from /home/airflow/.local/lib/python3.12/site-packages/airflow/example_dags/example_external_task_marker_dag.py
[2025-01-28T00:45:39.001+0000] {processor.py:925} INFO - DAG(s) 'example_external_task_marker_child', 'example_external_task_marker_parent' retrieved from /home/airflow/.local/lib/python3.12/site-packages/airflow/example_dags/example_external_task_marker_dag.py
[2025-01-28T00:45:39.055+0000] {logging_mixin.py:190} INFO - [2025-01-28T00:45:39.055+0000] {dag.py:3239} INFO - Sync 2 DAGs
[2025-01-28T00:45:39.077+0000] {logging_mixin.py:190} INFO - [2025-01-28T00:45:39.076+0000] {dag.py:4180} INFO - Setting next_dagrun for example_external_task_marker_child to None, run_after=None
[2025-01-28T00:45:39.081+0000] {logging_mixin.py:190} INFO - [2025-01-28T00:45:39.081+0000] {dag.py:4180} INFO - Setting next_dagrun for example_external_task_marker_parent to None, run_after=None
[2025-01-28T00:45:39.098+0000] {processor.py:208} INFO - Processing /home/airflow/.local/lib/python3.12/site-packages/airflow/example_dags/example_external_task_marker_dag.py took 0.111 seconds
[2025-01-28T00:46:09.921+0000] {processor.py:186} INFO - Started process (PID=534) to work on /home/airflow/.local/lib/python3.12/site-packages/airflow/example_dags/example_external_task_marker_dag.py
[2025-01-28T00:46:09.921+0000] {processor.py:914} INFO - Processing file /home/airflow/.local/lib/python3.12/site-packages/airflow/example_dags/example_external_task_marker_dag.py for tasks to queue
[2025-01-28T00:46:09.922+0000] {logging_mixin.py:190} INFO - [2025-01-28T00:46:09.922+0000] {dagbag.py:588} INFO - Filling up the DagBag from /home/airflow/.local/lib/python3.12/site-packages/airflow/example_dags/example_external_task_marker_dag.py
[2025-01-28T00:46:09.927+0000] {processor.py:925} INFO - DAG(s) 'example_external_task_marker_parent', 'example_external_task_marker_child' retrieved from /home/airflow/.local/lib/python3.12/site-packages/airflow/example_dags/example_external_task_marker_dag.py
[2025-01-28T00:46:09.952+0000] {logging_mixin.py:190} INFO - [2025-01-28T00:46:09.952+0000] {dag.py:3239} INFO - Sync 2 DAGs
[2025-01-28T00:46:09.967+0000] {logging_mixin.py:190} INFO - [2025-01-28T00:46:09.967+0000] {dag.py:4180} INFO - Setting next_dagrun for example_external_task_marker_child to None, run_after=None
[2025-01-28T00:46:09.972+0000] {logging_mixin.py:190} INFO - [2025-01-28T00:46:09.972+0000] {dag.py:4180} INFO - Setting next_dagrun for example_external_task_marker_parent to None, run_after=None
[2025-01-28T00:46:09.990+0000] {processor.py:208} INFO - Processing /home/airflow/.local/lib/python3.12/site-packages/airflow/example_dags/example_external_task_marker_dag.py took 0.073 seconds
[2025-01-28T00:46:41.100+0000] {processor.py:186} INFO - Started process (PID=599) to work on /home/airflow/.local/lib/python3.12/site-packages/airflow/example_dags/example_external_task_marker_dag.py
[2025-01-28T00:46:41.101+0000] {processor.py:914} INFO - Processing file /home/airflow/.local/lib/python3.12/site-packages/airflow/example_dags/example_external_task_marker_dag.py for tasks to queue
[2025-01-28T00:46:41.103+0000] {logging_mixin.py:190} INFO - [2025-01-28T00:46:41.103+0000] {dagbag.py:588} INFO - Filling up the DagBag from /home/airflow/.local/lib/python3.12/site-packages/airflow/example_dags/example_external_task_marker_dag.py
[2025-01-28T00:46:41.113+0000] {processor.py:925} INFO - DAG(s) 'example_external_task_marker_parent', 'example_external_task_marker_child' retrieved from /home/airflow/.local/lib/python3.12/site-packages/airflow/example_dags/example_external_task_marker_dag.py
[2025-01-28T00:46:41.143+0000] {logging_mixin.py:190} INFO - [2025-01-28T00:46:41.143+0000] {dag.py:3239} INFO - Sync 2 DAGs
[2025-01-28T00:46:41.156+0000] {logging_mixin.py:190} INFO - [2025-01-28T00:46:41.156+0000] {dag.py:4180} INFO - Setting next_dagrun for example_external_task_marker_child to None, run_after=None
[2025-01-28T00:46:41.160+0000] {logging_mixin.py:190} INFO - [2025-01-28T00:46:41.160+0000] {dag.py:4180} INFO - Setting next_dagrun for example_external_task_marker_parent to None, run_after=None
[2025-01-28T00:46:41.187+0000] {processor.py:208} INFO - Processing /home/airflow/.local/lib/python3.12/site-packages/airflow/example_dags/example_external_task_marker_dag.py took 0.093 seconds
[2025-01-28T00:47:11.787+0000] {processor.py:186} INFO - Started process (PID=664) to work on /home/airflow/.local/lib/python3.12/site-packages/airflow/example_dags/example_external_task_marker_dag.py
[2025-01-28T00:47:11.788+0000] {processor.py:914} INFO - Processing file /home/airflow/.local/lib/python3.12/site-packages/airflow/example_dags/example_external_task_marker_dag.py for tasks to queue
[2025-01-28T00:47:11.789+0000] {logging_mixin.py:190} INFO - [2025-01-28T00:47:11.789+0000] {dagbag.py:588} INFO - Filling up the DagBag from /home/airflow/.local/lib/python3.12/site-packages/airflow/example_dags/example_external_task_marker_dag.py
[2025-01-28T00:47:11.794+0000] {processor.py:925} INFO - DAG(s) 'example_external_task_marker_child', 'example_external_task_marker_parent' retrieved from /home/airflow/.local/lib/python3.12/site-packages/airflow/example_dags/example_external_task_marker_dag.py
[2025-01-28T00:47:11.807+0000] {logging_mixin.py:190} INFO - [2025-01-28T00:47:11.807+0000] {dag.py:3239} INFO - Sync 2 DAGs
[2025-01-28T00:47:11.816+0000] {logging_mixin.py:190} INFO - [2025-01-28T00:47:11.816+0000] {dag.py:4180} INFO - Setting next_dagrun for example_external_task_marker_child to None, run_after=None
[2025-01-28T00:47:11.818+0000] {logging_mixin.py:190} INFO - [2025-01-28T00:47:11.818+0000] {dag.py:4180} INFO - Setting next_dagrun for example_external_task_marker_parent to None, run_after=None
[2025-01-28T00:47:11.829+0000] {processor.py:208} INFO - Processing /home/airflow/.local/lib/python3.12/site-packages/airflow/example_dags/example_external_task_marker_dag.py took 0.045 seconds
[2025-01-28T00:47:42.338+0000] {processor.py:186} INFO - Started process (PID=729) to work on /home/airflow/.local/lib/python3.12/site-packages/airflow/example_dags/example_external_task_marker_dag.py
[2025-01-28T00:47:42.339+0000] {processor.py:914} INFO - Processing file /home/airflow/.local/lib/python3.12/site-packages/airflow/example_dags/example_external_task_marker_dag.py for tasks to queue
[2025-01-28T00:47:42.340+0000] {logging_mixin.py:190} INFO - [2025-01-28T00:47:42.340+0000] {dagbag.py:588} INFO - Filling up the DagBag from /home/airflow/.local/lib/python3.12/site-packages/airflow/example_dags/example_external_task_marker_dag.py
[2025-01-28T00:47:42.347+0000] {processor.py:925} INFO - DAG(s) 'example_external_task_marker_parent', 'example_external_task_marker_child' retrieved from /home/airflow/.local/lib/python3.12/site-packages/airflow/example_dags/example_external_task_marker_dag.py
[2025-01-28T00:47:42.367+0000] {logging_mixin.py:190} INFO - [2025-01-28T00:47:42.367+0000] {dag.py:3239} INFO - Sync 2 DAGs
[2025-01-28T00:47:42.378+0000] {logging_mixin.py:190} INFO - [2025-01-28T00:47:42.377+0000] {dag.py:4180} INFO - Setting next_dagrun for example_external_task_marker_child to None, run_after=None
[2025-01-28T00:47:42.381+0000] {logging_mixin.py:190} INFO - [2025-01-28T00:47:42.381+0000] {dag.py:4180} INFO - Setting next_dagrun for example_external_task_marker_parent to None, run_after=None
[2025-01-28T00:47:42.394+0000] {processor.py:208} INFO - Processing /home/airflow/.local/lib/python3.12/site-packages/airflow/example_dags/example_external_task_marker_dag.py took 0.061 seconds
[2025-01-28T00:48:13.100+0000] {processor.py:186} INFO - Started process (PID=794) to work on /home/airflow/.local/lib/python3.12/site-packages/airflow/example_dags/example_external_task_marker_dag.py
[2025-01-28T00:48:13.102+0000] {processor.py:914} INFO - Processing file /home/airflow/.local/lib/python3.12/site-packages/airflow/example_dags/example_external_task_marker_dag.py for tasks to queue
[2025-01-28T00:48:13.103+0000] {logging_mixin.py:190} INFO - [2025-01-28T00:48:13.103+0000] {dagbag.py:588} INFO - Filling up the DagBag from /home/airflow/.local/lib/python3.12/site-packages/airflow/example_dags/example_external_task_marker_dag.py
[2025-01-28T00:48:13.112+0000] {processor.py:925} INFO - DAG(s) 'example_external_task_marker_parent', 'example_external_task_marker_child' retrieved from /home/airflow/.local/lib/python3.12/site-packages/airflow/example_dags/example_external_task_marker_dag.py
[2025-01-28T00:48:13.135+0000] {logging_mixin.py:190} INFO - [2025-01-28T00:48:13.135+0000] {dag.py:3239} INFO - Sync 2 DAGs
[2025-01-28T00:48:13.150+0000] {logging_mixin.py:190} INFO - [2025-01-28T00:48:13.150+0000] {dag.py:4180} INFO - Setting next_dagrun for example_external_task_marker_child to None, run_after=None
[2025-01-28T00:48:13.154+0000] {logging_mixin.py:190} INFO - [2025-01-28T00:48:13.154+0000] {dag.py:4180} INFO - Setting next_dagrun for example_external_task_marker_parent to None, run_after=None
[2025-01-28T00:48:13.168+0000] {processor.py:208} INFO - Processing /home/airflow/.local/lib/python3.12/site-packages/airflow/example_dags/example_external_task_marker_dag.py took 0.075 seconds
[2025-01-28T00:48:43.916+0000] {processor.py:186} INFO - Started process (PID=859) to work on /home/airflow/.local/lib/python3.12/site-packages/airflow/example_dags/example_external_task_marker_dag.py
[2025-01-28T00:48:43.916+0000] {processor.py:914} INFO - Processing file /home/airflow/.local/lib/python3.12/site-packages/airflow/example_dags/example_external_task_marker_dag.py for tasks to queue
[2025-01-28T00:48:43.918+0000] {logging_mixin.py:190} INFO - [2025-01-28T00:48:43.917+0000] {dagbag.py:588} INFO - Filling up the DagBag from /home/airflow/.local/lib/python3.12/site-packages/airflow/example_dags/example_external_task_marker_dag.py
[2025-01-28T00:48:43.923+0000] {processor.py:925} INFO - DAG(s) 'example_external_task_marker_child', 'example_external_task_marker_parent' retrieved from /home/airflow/.local/lib/python3.12/site-packages/airflow/example_dags/example_external_task_marker_dag.py
[2025-01-28T00:48:43.942+0000] {logging_mixin.py:190} INFO - [2025-01-28T00:48:43.941+0000] {dag.py:3239} INFO - Sync 2 DAGs
[2025-01-28T00:48:43.950+0000] {logging_mixin.py:190} INFO - [2025-01-28T00:48:43.950+0000] {dag.py:4180} INFO - Setting next_dagrun for example_external_task_marker_child to None, run_after=None
[2025-01-28T00:48:43.952+0000] {logging_mixin.py:190} INFO - [2025-01-28T00:48:43.952+0000] {dag.py:4180} INFO - Setting next_dagrun for example_external_task_marker_parent to None, run_after=None
[2025-01-28T00:48:43.963+0000] {processor.py:208} INFO - Processing /home/airflow/.local/lib/python3.12/site-packages/airflow/example_dags/example_external_task_marker_dag.py took 0.051 seconds
[2025-01-28T00:49:15.180+0000] {processor.py:186} INFO - Started process (PID=924) to work on /home/airflow/.local/lib/python3.12/site-packages/airflow/example_dags/example_external_task_marker_dag.py
[2025-01-28T00:49:15.182+0000] {processor.py:914} INFO - Processing file /home/airflow/.local/lib/python3.12/site-packages/airflow/example_dags/example_external_task_marker_dag.py for tasks to queue
[2025-01-28T00:49:15.184+0000] {logging_mixin.py:190} INFO - [2025-01-28T00:49:15.184+0000] {dagbag.py:588} INFO - Filling up the DagBag from /home/airflow/.local/lib/python3.12/site-packages/airflow/example_dags/example_external_task_marker_dag.py
[2025-01-28T00:49:15.192+0000] {processor.py:925} INFO - DAG(s) 'example_external_task_marker_parent', 'example_external_task_marker_child' retrieved from /home/airflow/.local/lib/python3.12/site-packages/airflow/example_dags/example_external_task_marker_dag.py
[2025-01-28T00:49:15.215+0000] {logging_mixin.py:190} INFO - [2025-01-28T00:49:15.215+0000] {dag.py:3239} INFO - Sync 2 DAGs
[2025-01-28T00:49:15.233+0000] {logging_mixin.py:190} INFO - [2025-01-28T00:49:15.233+0000] {dag.py:4180} INFO - Setting next_dagrun for example_external_task_marker_child to None, run_after=None
[2025-01-28T00:49:15.238+0000] {logging_mixin.py:190} INFO - [2025-01-28T00:49:15.238+0000] {dag.py:4180} INFO - Setting next_dagrun for example_external_task_marker_parent to None, run_after=None
[2025-01-28T00:49:15.255+0000] {processor.py:208} INFO - Processing /home/airflow/.local/lib/python3.12/site-packages/airflow/example_dags/example_external_task_marker_dag.py took 0.084 seconds
[2025-01-28T00:49:45.819+0000] {processor.py:186} INFO - Started process (PID=989) to work on /home/airflow/.local/lib/python3.12/site-packages/airflow/example_dags/example_external_task_marker_dag.py
[2025-01-28T00:49:45.820+0000] {processor.py:914} INFO - Processing file /home/airflow/.local/lib/python3.12/site-packages/airflow/example_dags/example_external_task_marker_dag.py for tasks to queue
[2025-01-28T00:49:45.822+0000] {logging_mixin.py:190} INFO - [2025-01-28T00:49:45.822+0000] {dagbag.py:588} INFO - Filling up the DagBag from /home/airflow/.local/lib/python3.12/site-packages/airflow/example_dags/example_external_task_marker_dag.py
[2025-01-28T00:49:45.828+0000] {processor.py:925} INFO - DAG(s) 'example_external_task_marker_parent', 'example_external_task_marker_child' retrieved from /home/airflow/.local/lib/python3.12/site-packages/airflow/example_dags/example_external_task_marker_dag.py
[2025-01-28T00:49:45.857+0000] {logging_mixin.py:190} INFO - [2025-01-28T00:49:45.856+0000] {dag.py:3239} INFO - Sync 2 DAGs
[2025-01-28T00:49:45.878+0000] {logging_mixin.py:190} INFO - [2025-01-28T00:49:45.878+0000] {dag.py:4180} INFO - Setting next_dagrun for example_external_task_marker_child to None, run_after=None
[2025-01-28T00:49:45.884+0000] {logging_mixin.py:190} INFO - [2025-01-28T00:49:45.884+0000] {dag.py:4180} INFO - Setting next_dagrun for example_external_task_marker_parent to None, run_after=None
[2025-01-28T00:49:45.900+0000] {processor.py:208} INFO - Processing /home/airflow/.local/lib/python3.12/site-packages/airflow/example_dags/example_external_task_marker_dag.py took 0.085 seconds
[2025-01-28T00:50:16.814+0000] {processor.py:186} INFO - Started process (PID=1054) to work on /home/airflow/.local/lib/python3.12/site-packages/airflow/example_dags/example_external_task_marker_dag.py
[2025-01-28T00:50:16.815+0000] {processor.py:914} INFO - Processing file /home/airflow/.local/lib/python3.12/site-packages/airflow/example_dags/example_external_task_marker_dag.py for tasks to queue
[2025-01-28T00:50:16.817+0000] {logging_mixin.py:190} INFO - [2025-01-28T00:50:16.816+0000] {dagbag.py:588} INFO - Filling up the DagBag from /home/airflow/.local/lib/python3.12/site-packages/airflow/example_dags/example_external_task_marker_dag.py
[2025-01-28T00:50:16.821+0000] {processor.py:925} INFO - DAG(s) 'example_external_task_marker_parent', 'example_external_task_marker_child' retrieved from /home/airflow/.local/lib/python3.12/site-packages/airflow/example_dags/example_external_task_marker_dag.py
[2025-01-28T00:50:16.837+0000] {logging_mixin.py:190} INFO - [2025-01-28T00:50:16.837+0000] {dag.py:3239} INFO - Sync 2 DAGs
[2025-01-28T00:50:16.849+0000] {logging_mixin.py:190} INFO - [2025-01-28T00:50:16.849+0000] {dag.py:4180} INFO - Setting next_dagrun for example_external_task_marker_child to None, run_after=None
[2025-01-28T00:50:16.852+0000] {logging_mixin.py:190} INFO - [2025-01-28T00:50:16.852+0000] {dag.py:4180} INFO - Setting next_dagrun for example_external_task_marker_parent to None, run_after=None
[2025-01-28T00:50:16.866+0000] {processor.py:208} INFO - Processing /home/airflow/.local/lib/python3.12/site-packages/airflow/example_dags/example_external_task_marker_dag.py took 0.054 seconds
[2025-01-28T00:50:47.949+0000] {processor.py:186} INFO - Started process (PID=1119) to work on /home/airflow/.local/lib/python3.12/site-packages/airflow/example_dags/example_external_task_marker_dag.py
[2025-01-28T00:50:47.950+0000] {processor.py:914} INFO - Processing file /home/airflow/.local/lib/python3.12/site-packages/airflow/example_dags/example_external_task_marker_dag.py for tasks to queue
[2025-01-28T00:50:47.951+0000] {logging_mixin.py:190} INFO - [2025-01-28T00:50:47.951+0000] {dagbag.py:588} INFO - Filling up the DagBag from /home/airflow/.local/lib/python3.12/site-packages/airflow/example_dags/example_external_task_marker_dag.py
[2025-01-28T00:50:47.955+0000] {processor.py:925} INFO - DAG(s) 'example_external_task_marker_child', 'example_external_task_marker_parent' retrieved from /home/airflow/.local/lib/python3.12/site-packages/airflow/example_dags/example_external_task_marker_dag.py
[2025-01-28T00:50:47.968+0000] {logging_mixin.py:190} INFO - [2025-01-28T00:50:47.968+0000] {dag.py:3239} INFO - Sync 2 DAGs
[2025-01-28T00:50:47.978+0000] {logging_mixin.py:190} INFO - [2025-01-28T00:50:47.978+0000] {dag.py:4180} INFO - Setting next_dagrun for example_external_task_marker_child to None, run_after=None
[2025-01-28T00:50:47.982+0000] {logging_mixin.py:190} INFO - [2025-01-28T00:50:47.982+0000] {dag.py:4180} INFO - Setting next_dagrun for example_external_task_marker_parent to None, run_after=None
[2025-01-28T00:50:47.994+0000] {processor.py:208} INFO - Processing /home/airflow/.local/lib/python3.12/site-packages/airflow/example_dags/example_external_task_marker_dag.py took 0.048 seconds
[2025-01-28T00:51:19.440+0000] {processor.py:186} INFO - Started process (PID=1184) to work on /home/airflow/.local/lib/python3.12/site-packages/airflow/example_dags/example_external_task_marker_dag.py
[2025-01-28T00:51:19.440+0000] {processor.py:914} INFO - Processing file /home/airflow/.local/lib/python3.12/site-packages/airflow/example_dags/example_external_task_marker_dag.py for tasks to queue
[2025-01-28T00:51:19.442+0000] {logging_mixin.py:190} INFO - [2025-01-28T00:51:19.441+0000] {dagbag.py:588} INFO - Filling up the DagBag from /home/airflow/.local/lib/python3.12/site-packages/airflow/example_dags/example_external_task_marker_dag.py
[2025-01-28T00:51:19.446+0000] {processor.py:925} INFO - DAG(s) 'example_external_task_marker_child', 'example_external_task_marker_parent' retrieved from /home/airflow/.local/lib/python3.12/site-packages/airflow/example_dags/example_external_task_marker_dag.py
[2025-01-28T00:51:19.465+0000] {logging_mixin.py:190} INFO - [2025-01-28T00:51:19.465+0000] {dag.py:3239} INFO - Sync 2 DAGs
[2025-01-28T00:51:19.475+0000] {logging_mixin.py:190} INFO - [2025-01-28T00:51:19.475+0000] {dag.py:4180} INFO - Setting next_dagrun for example_external_task_marker_child to None, run_after=None
[2025-01-28T00:51:19.478+0000] {logging_mixin.py:190} INFO - [2025-01-28T00:51:19.478+0000] {dag.py:4180} INFO - Setting next_dagrun for example_external_task_marker_parent to None, run_after=None
[2025-01-28T00:51:19.489+0000] {processor.py:208} INFO - Processing /home/airflow/.local/lib/python3.12/site-packages/airflow/example_dags/example_external_task_marker_dag.py took 0.053 seconds
[2025-01-28T00:51:49.884+0000] {processor.py:186} INFO - Started process (PID=1249) to work on /home/airflow/.local/lib/python3.12/site-packages/airflow/example_dags/example_external_task_marker_dag.py
[2025-01-28T00:51:49.885+0000] {processor.py:914} INFO - Processing file /home/airflow/.local/lib/python3.12/site-packages/airflow/example_dags/example_external_task_marker_dag.py for tasks to queue
[2025-01-28T00:51:49.887+0000] {logging_mixin.py:190} INFO - [2025-01-28T00:51:49.886+0000] {dagbag.py:588} INFO - Filling up the DagBag from /home/airflow/.local/lib/python3.12/site-packages/airflow/example_dags/example_external_task_marker_dag.py
[2025-01-28T00:51:49.891+0000] {processor.py:925} INFO - DAG(s) 'example_external_task_marker_child', 'example_external_task_marker_parent' retrieved from /home/airflow/.local/lib/python3.12/site-packages/airflow/example_dags/example_external_task_marker_dag.py
[2025-01-28T00:51:49.905+0000] {logging_mixin.py:190} INFO - [2025-01-28T00:51:49.905+0000] {dag.py:3239} INFO - Sync 2 DAGs
[2025-01-28T00:51:49.915+0000] {logging_mixin.py:190} INFO - [2025-01-28T00:51:49.914+0000] {dag.py:4180} INFO - Setting next_dagrun for example_external_task_marker_child to None, run_after=None
[2025-01-28T00:51:49.919+0000] {logging_mixin.py:190} INFO - [2025-01-28T00:51:49.919+0000] {dag.py:4180} INFO - Setting next_dagrun for example_external_task_marker_parent to None, run_after=None
[2025-01-28T00:51:49.933+0000] {processor.py:208} INFO - Processing /home/airflow/.local/lib/python3.12/site-packages/airflow/example_dags/example_external_task_marker_dag.py took 0.052 seconds
[2025-01-28T00:52:21.286+0000] {processor.py:186} INFO - Started process (PID=1314) to work on /home/airflow/.local/lib/python3.12/site-packages/airflow/example_dags/example_external_task_marker_dag.py
[2025-01-28T00:52:21.287+0000] {processor.py:914} INFO - Processing file /home/airflow/.local/lib/python3.12/site-packages/airflow/example_dags/example_external_task_marker_dag.py for tasks to queue
[2025-01-28T00:52:21.289+0000] {logging_mixin.py:190} INFO - [2025-01-28T00:52:21.288+0000] {dagbag.py:588} INFO - Filling up the DagBag from /home/airflow/.local/lib/python3.12/site-packages/airflow/example_dags/example_external_task_marker_dag.py
[2025-01-28T00:52:21.295+0000] {processor.py:925} INFO - DAG(s) 'example_external_task_marker_parent', 'example_external_task_marker_child' retrieved from /home/airflow/.local/lib/python3.12/site-packages/airflow/example_dags/example_external_task_marker_dag.py
[2025-01-28T00:52:21.315+0000] {logging_mixin.py:190} INFO - [2025-01-28T00:52:21.315+0000] {dag.py:3239} INFO - Sync 2 DAGs
[2025-01-28T00:52:21.327+0000] {logging_mixin.py:190} INFO - [2025-01-28T00:52:21.327+0000] {dag.py:4180} INFO - Setting next_dagrun for example_external_task_marker_child to None, run_after=None
[2025-01-28T00:52:21.332+0000] {logging_mixin.py:190} INFO - [2025-01-28T00:52:21.332+0000] {dag.py:4180} INFO - Setting next_dagrun for example_external_task_marker_parent to None, run_after=None
[2025-01-28T00:52:21.349+0000] {processor.py:208} INFO - Processing /home/airflow/.local/lib/python3.12/site-packages/airflow/example_dags/example_external_task_marker_dag.py took 0.067 seconds
[2025-01-28T00:52:52.063+0000] {processor.py:186} INFO - Started process (PID=1379) to work on /home/airflow/.local/lib/python3.12/site-packages/airflow/example_dags/example_external_task_marker_dag.py
[2025-01-28T00:52:52.064+0000] {processor.py:914} INFO - Processing file /home/airflow/.local/lib/python3.12/site-packages/airflow/example_dags/example_external_task_marker_dag.py for tasks to queue
[2025-01-28T00:52:52.065+0000] {logging_mixin.py:190} INFO - [2025-01-28T00:52:52.065+0000] {dagbag.py:588} INFO - Filling up the DagBag from /home/airflow/.local/lib/python3.12/site-packages/airflow/example_dags/example_external_task_marker_dag.py
[2025-01-28T00:52:52.069+0000] {processor.py:925} INFO - DAG(s) 'example_external_task_marker_parent', 'example_external_task_marker_child' retrieved from /home/airflow/.local/lib/python3.12/site-packages/airflow/example_dags/example_external_task_marker_dag.py
[2025-01-28T00:52:52.087+0000] {logging_mixin.py:190} INFO - [2025-01-28T00:52:52.087+0000] {dag.py:3239} INFO - Sync 2 DAGs
[2025-01-28T00:52:52.101+0000] {logging_mixin.py:190} INFO - [2025-01-28T00:52:52.101+0000] {dag.py:4180} INFO - Setting next_dagrun for example_external_task_marker_child to None, run_after=None
[2025-01-28T00:52:52.105+0000] {logging_mixin.py:190} INFO - [2025-01-28T00:52:52.105+0000] {dag.py:4180} INFO - Setting next_dagrun for example_external_task_marker_parent to None, run_after=None
[2025-01-28T00:52:52.120+0000] {processor.py:208} INFO - Processing /home/airflow/.local/lib/python3.12/site-packages/airflow/example_dags/example_external_task_marker_dag.py took 0.060 seconds
[2025-01-28T00:53:23.306+0000] {processor.py:186} INFO - Started process (PID=1444) to work on /home/airflow/.local/lib/python3.12/site-packages/airflow/example_dags/example_external_task_marker_dag.py
[2025-01-28T00:53:23.307+0000] {processor.py:914} INFO - Processing file /home/airflow/.local/lib/python3.12/site-packages/airflow/example_dags/example_external_task_marker_dag.py for tasks to queue
[2025-01-28T00:53:23.309+0000] {logging_mixin.py:190} INFO - [2025-01-28T00:53:23.309+0000] {dagbag.py:588} INFO - Filling up the DagBag from /home/airflow/.local/lib/python3.12/site-packages/airflow/example_dags/example_external_task_marker_dag.py
[2025-01-28T00:53:23.313+0000] {processor.py:925} INFO - DAG(s) 'example_external_task_marker_parent', 'example_external_task_marker_child' retrieved from /home/airflow/.local/lib/python3.12/site-packages/airflow/example_dags/example_external_task_marker_dag.py
[2025-01-28T00:53:23.332+0000] {logging_mixin.py:190} INFO - [2025-01-28T00:53:23.331+0000] {dag.py:3239} INFO - Sync 2 DAGs
[2025-01-28T00:53:23.345+0000] {logging_mixin.py:190} INFO - [2025-01-28T00:53:23.345+0000] {dag.py:4180} INFO - Setting next_dagrun for example_external_task_marker_child to None, run_after=None
[2025-01-28T00:53:23.349+0000] {logging_mixin.py:190} INFO - [2025-01-28T00:53:23.348+0000] {dag.py:4180} INFO - Setting next_dagrun for example_external_task_marker_parent to None, run_after=None
[2025-01-28T00:53:23.364+0000] {processor.py:208} INFO - Processing /home/airflow/.local/lib/python3.12/site-packages/airflow/example_dags/example_external_task_marker_dag.py took 0.060 seconds
[2025-01-28T00:53:53.963+0000] {processor.py:186} INFO - Started process (PID=1509) to work on /home/airflow/.local/lib/python3.12/site-packages/airflow/example_dags/example_external_task_marker_dag.py
[2025-01-28T00:53:53.965+0000] {processor.py:914} INFO - Processing file /home/airflow/.local/lib/python3.12/site-packages/airflow/example_dags/example_external_task_marker_dag.py for tasks to queue
[2025-01-28T00:53:53.967+0000] {logging_mixin.py:190} INFO - [2025-01-28T00:53:53.966+0000] {dagbag.py:588} INFO - Filling up the DagBag from /home/airflow/.local/lib/python3.12/site-packages/airflow/example_dags/example_external_task_marker_dag.py
[2025-01-28T00:53:53.976+0000] {processor.py:925} INFO - DAG(s) 'example_external_task_marker_child', 'example_external_task_marker_parent' retrieved from /home/airflow/.local/lib/python3.12/site-packages/airflow/example_dags/example_external_task_marker_dag.py
[2025-01-28T00:53:53.994+0000] {logging_mixin.py:190} INFO - [2025-01-28T00:53:53.994+0000] {dag.py:3239} INFO - Sync 2 DAGs
[2025-01-28T00:53:54.007+0000] {logging_mixin.py:190} INFO - [2025-01-28T00:53:54.007+0000] {dag.py:4180} INFO - Setting next_dagrun for example_external_task_marker_child to None, run_after=None
[2025-01-28T00:53:54.011+0000] {logging_mixin.py:190} INFO - [2025-01-28T00:53:54.011+0000] {dag.py:4180} INFO - Setting next_dagrun for example_external_task_marker_parent to None, run_after=None
[2025-01-28T00:53:54.024+0000] {processor.py:208} INFO - Processing /home/airflow/.local/lib/python3.12/site-packages/airflow/example_dags/example_external_task_marker_dag.py took 0.066 seconds
[2025-01-28T00:54:24.547+0000] {processor.py:186} INFO - Started process (PID=1574) to work on /home/airflow/.local/lib/python3.12/site-packages/airflow/example_dags/example_external_task_marker_dag.py
[2025-01-28T00:54:24.548+0000] {processor.py:914} INFO - Processing file /home/airflow/.local/lib/python3.12/site-packages/airflow/example_dags/example_external_task_marker_dag.py for tasks to queue
[2025-01-28T00:54:24.549+0000] {logging_mixin.py:190} INFO - [2025-01-28T00:54:24.549+0000] {dagbag.py:588} INFO - Filling up the DagBag from /home/airflow/.local/lib/python3.12/site-packages/airflow/example_dags/example_external_task_marker_dag.py
[2025-01-28T00:54:24.553+0000] {processor.py:925} INFO - DAG(s) 'example_external_task_marker_child', 'example_external_task_marker_parent' retrieved from /home/airflow/.local/lib/python3.12/site-packages/airflow/example_dags/example_external_task_marker_dag.py
[2025-01-28T00:54:24.572+0000] {logging_mixin.py:190} INFO - [2025-01-28T00:54:24.572+0000] {dag.py:3239} INFO - Sync 2 DAGs
[2025-01-28T00:54:24.585+0000] {logging_mixin.py:190} INFO - [2025-01-28T00:54:24.585+0000] {dag.py:4180} INFO - Setting next_dagrun for example_external_task_marker_child to None, run_after=None
[2025-01-28T00:54:24.589+0000] {logging_mixin.py:190} INFO - [2025-01-28T00:54:24.588+0000] {dag.py:4180} INFO - Setting next_dagrun for example_external_task_marker_parent to None, run_after=None
[2025-01-28T00:54:24.602+0000] {processor.py:208} INFO - Processing /home/airflow/.local/lib/python3.12/site-packages/airflow/example_dags/example_external_task_marker_dag.py took 0.058 seconds
[2025-01-28T00:54:55.747+0000] {processor.py:186} INFO - Started process (PID=1639) to work on /home/airflow/.local/lib/python3.12/site-packages/airflow/example_dags/example_external_task_marker_dag.py
[2025-01-28T00:54:55.749+0000] {processor.py:914} INFO - Processing file /home/airflow/.local/lib/python3.12/site-packages/airflow/example_dags/example_external_task_marker_dag.py for tasks to queue
[2025-01-28T00:54:55.752+0000] {logging_mixin.py:190} INFO - [2025-01-28T00:54:55.752+0000] {dagbag.py:588} INFO - Filling up the DagBag from /home/airflow/.local/lib/python3.12/site-packages/airflow/example_dags/example_external_task_marker_dag.py
[2025-01-28T00:54:55.762+0000] {processor.py:925} INFO - DAG(s) 'example_external_task_marker_child', 'example_external_task_marker_parent' retrieved from /home/airflow/.local/lib/python3.12/site-packages/airflow/example_dags/example_external_task_marker_dag.py
[2025-01-28T00:54:55.782+0000] {logging_mixin.py:190} INFO - [2025-01-28T00:54:55.782+0000] {dag.py:3239} INFO - Sync 2 DAGs
[2025-01-28T00:54:55.792+0000] {logging_mixin.py:190} INFO - [2025-01-28T00:54:55.792+0000] {dag.py:4180} INFO - Setting next_dagrun for example_external_task_marker_child to None, run_after=None
[2025-01-28T00:54:55.794+0000] {logging_mixin.py:190} INFO - [2025-01-28T00:54:55.794+0000] {dag.py:4180} INFO - Setting next_dagrun for example_external_task_marker_parent to None, run_after=None
[2025-01-28T00:54:55.804+0000] {processor.py:208} INFO - Processing /home/airflow/.local/lib/python3.12/site-packages/airflow/example_dags/example_external_task_marker_dag.py took 0.064 seconds
[2025-01-28T00:55:26.328+0000] {processor.py:186} INFO - Started process (PID=1704) to work on /home/airflow/.local/lib/python3.12/site-packages/airflow/example_dags/example_external_task_marker_dag.py
[2025-01-28T00:55:26.328+0000] {processor.py:914} INFO - Processing file /home/airflow/.local/lib/python3.12/site-packages/airflow/example_dags/example_external_task_marker_dag.py for tasks to queue
[2025-01-28T00:55:26.329+0000] {logging_mixin.py:190} INFO - [2025-01-28T00:55:26.329+0000] {dagbag.py:588} INFO - Filling up the DagBag from /home/airflow/.local/lib/python3.12/site-packages/airflow/example_dags/example_external_task_marker_dag.py
[2025-01-28T00:55:26.334+0000] {processor.py:925} INFO - DAG(s) 'example_external_task_marker_parent', 'example_external_task_marker_child' retrieved from /home/airflow/.local/lib/python3.12/site-packages/airflow/example_dags/example_external_task_marker_dag.py
[2025-01-28T00:55:26.347+0000] {logging_mixin.py:190} INFO - [2025-01-28T00:55:26.347+0000] {dag.py:3239} INFO - Sync 2 DAGs
[2025-01-28T00:55:26.355+0000] {logging_mixin.py:190} INFO - [2025-01-28T00:55:26.355+0000] {dag.py:4180} INFO - Setting next_dagrun for example_external_task_marker_child to None, run_after=None
[2025-01-28T00:55:26.357+0000] {logging_mixin.py:190} INFO - [2025-01-28T00:55:26.357+0000] {dag.py:4180} INFO - Setting next_dagrun for example_external_task_marker_parent to None, run_after=None
[2025-01-28T00:55:26.367+0000] {processor.py:208} INFO - Processing /home/airflow/.local/lib/python3.12/site-packages/airflow/example_dags/example_external_task_marker_dag.py took 0.043 seconds
[2025-01-28T00:55:57.256+0000] {processor.py:186} INFO - Started process (PID=1769) to work on /home/airflow/.local/lib/python3.12/site-packages/airflow/example_dags/example_external_task_marker_dag.py
[2025-01-28T00:55:57.258+0000] {processor.py:914} INFO - Processing file /home/airflow/.local/lib/python3.12/site-packages/airflow/example_dags/example_external_task_marker_dag.py for tasks to queue
[2025-01-28T00:55:57.265+0000] {logging_mixin.py:190} INFO - [2025-01-28T00:55:57.264+0000] {dagbag.py:588} INFO - Filling up the DagBag from /home/airflow/.local/lib/python3.12/site-packages/airflow/example_dags/example_external_task_marker_dag.py
[2025-01-28T00:55:57.289+0000] {processor.py:925} INFO - DAG(s) 'example_external_task_marker_child', 'example_external_task_marker_parent' retrieved from /home/airflow/.local/lib/python3.12/site-packages/airflow/example_dags/example_external_task_marker_dag.py
[2025-01-28T00:55:57.333+0000] {logging_mixin.py:190} INFO - [2025-01-28T00:55:57.333+0000] {dag.py:3239} INFO - Sync 2 DAGs
[2025-01-28T00:55:57.352+0000] {logging_mixin.py:190} INFO - [2025-01-28T00:55:57.351+0000] {dag.py:4180} INFO - Setting next_dagrun for example_external_task_marker_child to None, run_after=None
[2025-01-28T00:55:57.359+0000] {logging_mixin.py:190} INFO - [2025-01-28T00:55:57.358+0000] {dag.py:4180} INFO - Setting next_dagrun for example_external_task_marker_parent to None, run_after=None
[2025-01-28T00:55:57.386+0000] {processor.py:208} INFO - Processing /home/airflow/.local/lib/python3.12/site-packages/airflow/example_dags/example_external_task_marker_dag.py took 0.138 seconds
[2025-01-28T00:56:28.443+0000] {processor.py:186} INFO - Started process (PID=1834) to work on /home/airflow/.local/lib/python3.12/site-packages/airflow/example_dags/example_external_task_marker_dag.py
[2025-01-28T00:56:28.443+0000] {processor.py:914} INFO - Processing file /home/airflow/.local/lib/python3.12/site-packages/airflow/example_dags/example_external_task_marker_dag.py for tasks to queue
[2025-01-28T00:56:28.445+0000] {logging_mixin.py:190} INFO - [2025-01-28T00:56:28.444+0000] {dagbag.py:588} INFO - Filling up the DagBag from /home/airflow/.local/lib/python3.12/site-packages/airflow/example_dags/example_external_task_marker_dag.py
[2025-01-28T00:56:28.449+0000] {processor.py:925} INFO - DAG(s) 'example_external_task_marker_child', 'example_external_task_marker_parent' retrieved from /home/airflow/.local/lib/python3.12/site-packages/airflow/example_dags/example_external_task_marker_dag.py
[2025-01-28T00:56:28.465+0000] {logging_mixin.py:190} INFO - [2025-01-28T00:56:28.465+0000] {dag.py:3239} INFO - Sync 2 DAGs
[2025-01-28T00:56:28.478+0000] {logging_mixin.py:190} INFO - [2025-01-28T00:56:28.478+0000] {dag.py:4180} INFO - Setting next_dagrun for example_external_task_marker_child to None, run_after=None
[2025-01-28T00:56:28.481+0000] {logging_mixin.py:190} INFO - [2025-01-28T00:56:28.481+0000] {dag.py:4180} INFO - Setting next_dagrun for example_external_task_marker_parent to None, run_after=None
[2025-01-28T00:56:28.497+0000] {processor.py:208} INFO - Processing /home/airflow/.local/lib/python3.12/site-packages/airflow/example_dags/example_external_task_marker_dag.py took 0.057 seconds
[2025-01-28T00:56:59.125+0000] {processor.py:186} INFO - Started process (PID=1899) to work on /home/airflow/.local/lib/python3.12/site-packages/airflow/example_dags/example_external_task_marker_dag.py
[2025-01-28T00:56:59.126+0000] {processor.py:914} INFO - Processing file /home/airflow/.local/lib/python3.12/site-packages/airflow/example_dags/example_external_task_marker_dag.py for tasks to queue
[2025-01-28T00:56:59.127+0000] {logging_mixin.py:190} INFO - [2025-01-28T00:56:59.127+0000] {dagbag.py:588} INFO - Filling up the DagBag from /home/airflow/.local/lib/python3.12/site-packages/airflow/example_dags/example_external_task_marker_dag.py
[2025-01-28T00:56:59.132+0000] {processor.py:925} INFO - DAG(s) 'example_external_task_marker_parent', 'example_external_task_marker_child' retrieved from /home/airflow/.local/lib/python3.12/site-packages/airflow/example_dags/example_external_task_marker_dag.py
[2025-01-28T00:56:59.149+0000] {logging_mixin.py:190} INFO - [2025-01-28T00:56:59.149+0000] {dag.py:3239} INFO - Sync 2 DAGs
[2025-01-28T00:56:59.159+0000] {logging_mixin.py:190} INFO - [2025-01-28T00:56:59.159+0000] {dag.py:4180} INFO - Setting next_dagrun for example_external_task_marker_child to None, run_after=None
[2025-01-28T00:56:59.162+0000] {logging_mixin.py:190} INFO - [2025-01-28T00:56:59.161+0000] {dag.py:4180} INFO - Setting next_dagrun for example_external_task_marker_parent to None, run_after=None
[2025-01-28T00:56:59.175+0000] {processor.py:208} INFO - Processing /home/airflow/.local/lib/python3.12/site-packages/airflow/example_dags/example_external_task_marker_dag.py took 0.053 seconds
[2025-01-28T00:57:30.041+0000] {processor.py:186} INFO - Started process (PID=1964) to work on /home/airflow/.local/lib/python3.12/site-packages/airflow/example_dags/example_external_task_marker_dag.py
[2025-01-28T00:57:30.042+0000] {processor.py:914} INFO - Processing file /home/airflow/.local/lib/python3.12/site-packages/airflow/example_dags/example_external_task_marker_dag.py for tasks to queue
[2025-01-28T00:57:30.044+0000] {logging_mixin.py:190} INFO - [2025-01-28T00:57:30.044+0000] {dagbag.py:588} INFO - Filling up the DagBag from /home/airflow/.local/lib/python3.12/site-packages/airflow/example_dags/example_external_task_marker_dag.py
[2025-01-28T00:57:30.050+0000] {processor.py:925} INFO - DAG(s) 'example_external_task_marker_child', 'example_external_task_marker_parent' retrieved from /home/airflow/.local/lib/python3.12/site-packages/airflow/example_dags/example_external_task_marker_dag.py
[2025-01-28T00:57:30.066+0000] {logging_mixin.py:190} INFO - [2025-01-28T00:57:30.065+0000] {dag.py:3239} INFO - Sync 2 DAGs
[2025-01-28T00:57:30.079+0000] {logging_mixin.py:190} INFO - [2025-01-28T00:57:30.078+0000] {dag.py:4180} INFO - Setting next_dagrun for example_external_task_marker_child to None, run_after=None
[2025-01-28T00:57:30.083+0000] {logging_mixin.py:190} INFO - [2025-01-28T00:57:30.083+0000] {dag.py:4180} INFO - Setting next_dagrun for example_external_task_marker_parent to None, run_after=None
[2025-01-28T00:57:30.100+0000] {processor.py:208} INFO - Processing /home/airflow/.local/lib/python3.12/site-packages/airflow/example_dags/example_external_task_marker_dag.py took 0.063 seconds
[2025-01-28T00:58:01.007+0000] {processor.py:186} INFO - Started process (PID=2028) to work on /home/airflow/.local/lib/python3.12/site-packages/airflow/example_dags/example_external_task_marker_dag.py
[2025-01-28T00:58:01.008+0000] {processor.py:914} INFO - Processing file /home/airflow/.local/lib/python3.12/site-packages/airflow/example_dags/example_external_task_marker_dag.py for tasks to queue
[2025-01-28T00:58:01.009+0000] {logging_mixin.py:190} INFO - [2025-01-28T00:58:01.009+0000] {dagbag.py:588} INFO - Filling up the DagBag from /home/airflow/.local/lib/python3.12/site-packages/airflow/example_dags/example_external_task_marker_dag.py
[2025-01-28T00:58:01.013+0000] {processor.py:925} INFO - DAG(s) 'example_external_task_marker_child', 'example_external_task_marker_parent' retrieved from /home/airflow/.local/lib/python3.12/site-packages/airflow/example_dags/example_external_task_marker_dag.py
[2025-01-28T00:58:01.030+0000] {logging_mixin.py:190} INFO - [2025-01-28T00:58:01.030+0000] {dag.py:3239} INFO - Sync 2 DAGs
[2025-01-28T00:58:01.041+0000] {logging_mixin.py:190} INFO - [2025-01-28T00:58:01.041+0000] {dag.py:4180} INFO - Setting next_dagrun for example_external_task_marker_child to None, run_after=None
[2025-01-28T00:58:01.043+0000] {logging_mixin.py:190} INFO - [2025-01-28T00:58:01.043+0000] {dag.py:4180} INFO - Setting next_dagrun for example_external_task_marker_parent to None, run_after=None
[2025-01-28T00:58:01.053+0000] {processor.py:208} INFO - Processing /home/airflow/.local/lib/python3.12/site-packages/airflow/example_dags/example_external_task_marker_dag.py took 0.050 seconds
[2025-01-28T00:58:32.370+0000] {processor.py:186} INFO - Started process (PID=2093) to work on /home/airflow/.local/lib/python3.12/site-packages/airflow/example_dags/example_external_task_marker_dag.py
[2025-01-28T00:58:32.371+0000] {processor.py:914} INFO - Processing file /home/airflow/.local/lib/python3.12/site-packages/airflow/example_dags/example_external_task_marker_dag.py for tasks to queue
[2025-01-28T00:58:32.372+0000] {logging_mixin.py:190} INFO - [2025-01-28T00:58:32.372+0000] {dagbag.py:588} INFO - Filling up the DagBag from /home/airflow/.local/lib/python3.12/site-packages/airflow/example_dags/example_external_task_marker_dag.py
[2025-01-28T00:58:32.376+0000] {processor.py:925} INFO - DAG(s) 'example_external_task_marker_child', 'example_external_task_marker_parent' retrieved from /home/airflow/.local/lib/python3.12/site-packages/airflow/example_dags/example_external_task_marker_dag.py
[2025-01-28T00:58:32.396+0000] {logging_mixin.py:190} INFO - [2025-01-28T00:58:32.395+0000] {dag.py:3239} INFO - Sync 2 DAGs
[2025-01-28T00:58:32.404+0000] {logging_mixin.py:190} INFO - [2025-01-28T00:58:32.404+0000] {dag.py:4180} INFO - Setting next_dagrun for example_external_task_marker_child to None, run_after=None
[2025-01-28T00:58:32.407+0000] {logging_mixin.py:190} INFO - [2025-01-28T00:58:32.407+0000] {dag.py:4180} INFO - Setting next_dagrun for example_external_task_marker_parent to None, run_after=None
[2025-01-28T00:58:32.420+0000] {processor.py:208} INFO - Processing /home/airflow/.local/lib/python3.12/site-packages/airflow/example_dags/example_external_task_marker_dag.py took 0.052 seconds
[2025-01-28T00:59:02.988+0000] {processor.py:186} INFO - Started process (PID=2158) to work on /home/airflow/.local/lib/python3.12/site-packages/airflow/example_dags/example_external_task_marker_dag.py
[2025-01-28T00:59:02.988+0000] {processor.py:914} INFO - Processing file /home/airflow/.local/lib/python3.12/site-packages/airflow/example_dags/example_external_task_marker_dag.py for tasks to queue
[2025-01-28T00:59:02.990+0000] {logging_mixin.py:190} INFO - [2025-01-28T00:59:02.990+0000] {dagbag.py:588} INFO - Filling up the DagBag from /home/airflow/.local/lib/python3.12/site-packages/airflow/example_dags/example_external_task_marker_dag.py
[2025-01-28T00:59:02.996+0000] {processor.py:925} INFO - DAG(s) 'example_external_task_marker_parent', 'example_external_task_marker_child' retrieved from /home/airflow/.local/lib/python3.12/site-packages/airflow/example_dags/example_external_task_marker_dag.py
[2025-01-28T00:59:03.021+0000] {logging_mixin.py:190} INFO - [2025-01-28T00:59:03.021+0000] {dag.py:3239} INFO - Sync 2 DAGs
[2025-01-28T00:59:03.035+0000] {logging_mixin.py:190} INFO - [2025-01-28T00:59:03.035+0000] {dag.py:4180} INFO - Setting next_dagrun for example_external_task_marker_child to None, run_after=None
[2025-01-28T00:59:03.039+0000] {logging_mixin.py:190} INFO - [2025-01-28T00:59:03.039+0000] {dag.py:4180} INFO - Setting next_dagrun for example_external_task_marker_parent to None, run_after=None
[2025-01-28T00:59:03.052+0000] {processor.py:208} INFO - Processing /home/airflow/.local/lib/python3.12/site-packages/airflow/example_dags/example_external_task_marker_dag.py took 0.069 seconds
[2025-01-28T00:59:33.690+0000] {processor.py:186} INFO - Started process (PID=2223) to work on /home/airflow/.local/lib/python3.12/site-packages/airflow/example_dags/example_external_task_marker_dag.py
[2025-01-28T00:59:33.697+0000] {processor.py:914} INFO - Processing file /home/airflow/.local/lib/python3.12/site-packages/airflow/example_dags/example_external_task_marker_dag.py for tasks to queue
[2025-01-28T00:59:33.701+0000] {logging_mixin.py:190} INFO - [2025-01-28T00:59:33.700+0000] {dagbag.py:588} INFO - Filling up the DagBag from /home/airflow/.local/lib/python3.12/site-packages/airflow/example_dags/example_external_task_marker_dag.py
[2025-01-28T00:59:33.708+0000] {processor.py:925} INFO - DAG(s) 'example_external_task_marker_parent', 'example_external_task_marker_child' retrieved from /home/airflow/.local/lib/python3.12/site-packages/airflow/example_dags/example_external_task_marker_dag.py
[2025-01-28T00:59:33.729+0000] {logging_mixin.py:190} INFO - [2025-01-28T00:59:33.728+0000] {dag.py:3239} INFO - Sync 2 DAGs
[2025-01-28T00:59:33.743+0000] {logging_mixin.py:190} INFO - [2025-01-28T00:59:33.743+0000] {dag.py:4180} INFO - Setting next_dagrun for example_external_task_marker_child to None, run_after=None
[2025-01-28T00:59:33.747+0000] {logging_mixin.py:190} INFO - [2025-01-28T00:59:33.747+0000] {dag.py:4180} INFO - Setting next_dagrun for example_external_task_marker_parent to None, run_after=None
[2025-01-28T00:59:33.764+0000] {processor.py:208} INFO - Processing /home/airflow/.local/lib/python3.12/site-packages/airflow/example_dags/example_external_task_marker_dag.py took 0.080 seconds
[2025-01-28T01:00:04.885+0000] {processor.py:186} INFO - Started process (PID=2288) to work on /home/airflow/.local/lib/python3.12/site-packages/airflow/example_dags/example_external_task_marker_dag.py
[2025-01-28T01:00:04.891+0000] {processor.py:914} INFO - Processing file /home/airflow/.local/lib/python3.12/site-packages/airflow/example_dags/example_external_task_marker_dag.py for tasks to queue
[2025-01-28T01:00:04.893+0000] {logging_mixin.py:190} INFO - [2025-01-28T01:00:04.892+0000] {dagbag.py:588} INFO - Filling up the DagBag from /home/airflow/.local/lib/python3.12/site-packages/airflow/example_dags/example_external_task_marker_dag.py
[2025-01-28T01:00:04.899+0000] {processor.py:925} INFO - DAG(s) 'example_external_task_marker_parent', 'example_external_task_marker_child' retrieved from /home/airflow/.local/lib/python3.12/site-packages/airflow/example_dags/example_external_task_marker_dag.py
[2025-01-28T01:00:04.919+0000] {logging_mixin.py:190} INFO - [2025-01-28T01:00:04.919+0000] {dag.py:3239} INFO - Sync 2 DAGs
[2025-01-28T01:00:04.932+0000] {logging_mixin.py:190} INFO - [2025-01-28T01:00:04.931+0000] {dag.py:4180} INFO - Setting next_dagrun for example_external_task_marker_child to None, run_after=None
[2025-01-28T01:00:04.935+0000] {logging_mixin.py:190} INFO - [2025-01-28T01:00:04.935+0000] {dag.py:4180} INFO - Setting next_dagrun for example_external_task_marker_parent to None, run_after=None
[2025-01-28T01:00:04.949+0000] {processor.py:208} INFO - Processing /home/airflow/.local/lib/python3.12/site-packages/airflow/example_dags/example_external_task_marker_dag.py took 0.069 seconds
[2025-01-28T01:00:35.969+0000] {processor.py:186} INFO - Started process (PID=2353) to work on /home/airflow/.local/lib/python3.12/site-packages/airflow/example_dags/example_external_task_marker_dag.py
[2025-01-28T01:00:35.970+0000] {processor.py:914} INFO - Processing file /home/airflow/.local/lib/python3.12/site-packages/airflow/example_dags/example_external_task_marker_dag.py for tasks to queue
[2025-01-28T01:00:35.972+0000] {logging_mixin.py:190} INFO - [2025-01-28T01:00:35.972+0000] {dagbag.py:588} INFO - Filling up the DagBag from /home/airflow/.local/lib/python3.12/site-packages/airflow/example_dags/example_external_task_marker_dag.py
[2025-01-28T01:00:35.978+0000] {processor.py:925} INFO - DAG(s) 'example_external_task_marker_child', 'example_external_task_marker_parent' retrieved from /home/airflow/.local/lib/python3.12/site-packages/airflow/example_dags/example_external_task_marker_dag.py
[2025-01-28T01:00:35.998+0000] {logging_mixin.py:190} INFO - [2025-01-28T01:00:35.998+0000] {dag.py:3239} INFO - Sync 2 DAGs
[2025-01-28T01:00:36.009+0000] {logging_mixin.py:190} INFO - [2025-01-28T01:00:36.009+0000] {dag.py:4180} INFO - Setting next_dagrun for example_external_task_marker_child to None, run_after=None
[2025-01-28T01:00:36.012+0000] {logging_mixin.py:190} INFO - [2025-01-28T01:00:36.012+0000] {dag.py:4180} INFO - Setting next_dagrun for example_external_task_marker_parent to None, run_after=None
[2025-01-28T01:00:36.026+0000] {processor.py:208} INFO - Processing /home/airflow/.local/lib/python3.12/site-packages/airflow/example_dags/example_external_task_marker_dag.py took 0.061 seconds
[2025-01-28T01:01:06.519+0000] {processor.py:186} INFO - Started process (PID=2418) to work on /home/airflow/.local/lib/python3.12/site-packages/airflow/example_dags/example_external_task_marker_dag.py
[2025-01-28T01:01:06.519+0000] {processor.py:914} INFO - Processing file /home/airflow/.local/lib/python3.12/site-packages/airflow/example_dags/example_external_task_marker_dag.py for tasks to queue
[2025-01-28T01:01:06.521+0000] {logging_mixin.py:190} INFO - [2025-01-28T01:01:06.521+0000] {dagbag.py:588} INFO - Filling up the DagBag from /home/airflow/.local/lib/python3.12/site-packages/airflow/example_dags/example_external_task_marker_dag.py
[2025-01-28T01:01:06.527+0000] {processor.py:925} INFO - DAG(s) 'example_external_task_marker_child', 'example_external_task_marker_parent' retrieved from /home/airflow/.local/lib/python3.12/site-packages/airflow/example_dags/example_external_task_marker_dag.py
[2025-01-28T01:01:06.543+0000] {logging_mixin.py:190} INFO - [2025-01-28T01:01:06.543+0000] {dag.py:3239} INFO - Sync 2 DAGs
[2025-01-28T01:01:06.554+0000] {logging_mixin.py:190} INFO - [2025-01-28T01:01:06.554+0000] {dag.py:4180} INFO - Setting next_dagrun for example_external_task_marker_child to None, run_after=None
[2025-01-28T01:01:06.558+0000] {logging_mixin.py:190} INFO - [2025-01-28T01:01:06.558+0000] {dag.py:4180} INFO - Setting next_dagrun for example_external_task_marker_parent to None, run_after=None
[2025-01-28T01:01:06.569+0000] {processor.py:208} INFO - Processing /home/airflow/.local/lib/python3.12/site-packages/airflow/example_dags/example_external_task_marker_dag.py took 0.054 seconds
[2025-01-28T01:01:36.891+0000] {processor.py:186} INFO - Started process (PID=2483) to work on /home/airflow/.local/lib/python3.12/site-packages/airflow/example_dags/example_external_task_marker_dag.py
[2025-01-28T01:01:36.892+0000] {processor.py:914} INFO - Processing file /home/airflow/.local/lib/python3.12/site-packages/airflow/example_dags/example_external_task_marker_dag.py for tasks to queue
[2025-01-28T01:01:36.894+0000] {logging_mixin.py:190} INFO - [2025-01-28T01:01:36.893+0000] {dagbag.py:588} INFO - Filling up the DagBag from /home/airflow/.local/lib/python3.12/site-packages/airflow/example_dags/example_external_task_marker_dag.py
[2025-01-28T01:01:36.898+0000] {processor.py:925} INFO - DAG(s) 'example_external_task_marker_child', 'example_external_task_marker_parent' retrieved from /home/airflow/.local/lib/python3.12/site-packages/airflow/example_dags/example_external_task_marker_dag.py
[2025-01-28T01:01:36.912+0000] {logging_mixin.py:190} INFO - [2025-01-28T01:01:36.912+0000] {dag.py:3239} INFO - Sync 2 DAGs
[2025-01-28T01:01:36.923+0000] {logging_mixin.py:190} INFO - [2025-01-28T01:01:36.922+0000] {dag.py:4180} INFO - Setting next_dagrun for example_external_task_marker_child to None, run_after=None
[2025-01-28T01:01:36.927+0000] {logging_mixin.py:190} INFO - [2025-01-28T01:01:36.926+0000] {dag.py:4180} INFO - Setting next_dagrun for example_external_task_marker_parent to None, run_after=None
[2025-01-28T01:01:36.942+0000] {processor.py:208} INFO - Processing /home/airflow/.local/lib/python3.12/site-packages/airflow/example_dags/example_external_task_marker_dag.py took 0.053 seconds
[2025-01-28T01:02:08.320+0000] {processor.py:186} INFO - Started process (PID=2548) to work on /home/airflow/.local/lib/python3.12/site-packages/airflow/example_dags/example_external_task_marker_dag.py
[2025-01-28T01:02:08.321+0000] {processor.py:914} INFO - Processing file /home/airflow/.local/lib/python3.12/site-packages/airflow/example_dags/example_external_task_marker_dag.py for tasks to queue
[2025-01-28T01:02:08.323+0000] {logging_mixin.py:190} INFO - [2025-01-28T01:02:08.322+0000] {dagbag.py:588} INFO - Filling up the DagBag from /home/airflow/.local/lib/python3.12/site-packages/airflow/example_dags/example_external_task_marker_dag.py
[2025-01-28T01:02:08.330+0000] {processor.py:925} INFO - DAG(s) 'example_external_task_marker_parent', 'example_external_task_marker_child' retrieved from /home/airflow/.local/lib/python3.12/site-packages/airflow/example_dags/example_external_task_marker_dag.py
[2025-01-28T01:02:08.348+0000] {logging_mixin.py:190} INFO - [2025-01-28T01:02:08.347+0000] {dag.py:3239} INFO - Sync 2 DAGs
[2025-01-28T01:02:08.360+0000] {logging_mixin.py:190} INFO - [2025-01-28T01:02:08.360+0000] {dag.py:4180} INFO - Setting next_dagrun for example_external_task_marker_child to None, run_after=None
[2025-01-28T01:02:08.364+0000] {logging_mixin.py:190} INFO - [2025-01-28T01:02:08.364+0000] {dag.py:4180} INFO - Setting next_dagrun for example_external_task_marker_parent to None, run_after=None
[2025-01-28T01:02:08.378+0000] {processor.py:208} INFO - Processing /home/airflow/.local/lib/python3.12/site-packages/airflow/example_dags/example_external_task_marker_dag.py took 0.063 seconds
[2025-01-28T01:02:39.722+0000] {processor.py:186} INFO - Started process (PID=2613) to work on /home/airflow/.local/lib/python3.12/site-packages/airflow/example_dags/example_external_task_marker_dag.py
[2025-01-28T01:02:39.723+0000] {processor.py:914} INFO - Processing file /home/airflow/.local/lib/python3.12/site-packages/airflow/example_dags/example_external_task_marker_dag.py for tasks to queue
[2025-01-28T01:02:39.724+0000] {logging_mixin.py:190} INFO - [2025-01-28T01:02:39.724+0000] {dagbag.py:588} INFO - Filling up the DagBag from /home/airflow/.local/lib/python3.12/site-packages/airflow/example_dags/example_external_task_marker_dag.py
[2025-01-28T01:02:39.729+0000] {processor.py:925} INFO - DAG(s) 'example_external_task_marker_parent', 'example_external_task_marker_child' retrieved from /home/airflow/.local/lib/python3.12/site-packages/airflow/example_dags/example_external_task_marker_dag.py
[2025-01-28T01:02:39.746+0000] {logging_mixin.py:190} INFO - [2025-01-28T01:02:39.746+0000] {dag.py:3239} INFO - Sync 2 DAGs
[2025-01-28T01:02:39.757+0000] {logging_mixin.py:190} INFO - [2025-01-28T01:02:39.757+0000] {dag.py:4180} INFO - Setting next_dagrun for example_external_task_marker_child to None, run_after=None
[2025-01-28T01:02:39.759+0000] {logging_mixin.py:190} INFO - [2025-01-28T01:02:39.759+0000] {dag.py:4180} INFO - Setting next_dagrun for example_external_task_marker_parent to None, run_after=None
[2025-01-28T01:02:39.772+0000] {processor.py:208} INFO - Processing /home/airflow/.local/lib/python3.12/site-packages/airflow/example_dags/example_external_task_marker_dag.py took 0.053 seconds
[2025-01-28T01:03:11.036+0000] {processor.py:186} INFO - Started process (PID=2678) to work on /home/airflow/.local/lib/python3.12/site-packages/airflow/example_dags/example_external_task_marker_dag.py
[2025-01-28T01:03:11.037+0000] {processor.py:914} INFO - Processing file /home/airflow/.local/lib/python3.12/site-packages/airflow/example_dags/example_external_task_marker_dag.py for tasks to queue
[2025-01-28T01:03:11.039+0000] {logging_mixin.py:190} INFO - [2025-01-28T01:03:11.038+0000] {dagbag.py:588} INFO - Filling up the DagBag from /home/airflow/.local/lib/python3.12/site-packages/airflow/example_dags/example_external_task_marker_dag.py
[2025-01-28T01:03:11.044+0000] {processor.py:925} INFO - DAG(s) 'example_external_task_marker_child', 'example_external_task_marker_parent' retrieved from /home/airflow/.local/lib/python3.12/site-packages/airflow/example_dags/example_external_task_marker_dag.py
[2025-01-28T01:03:11.063+0000] {logging_mixin.py:190} INFO - [2025-01-28T01:03:11.063+0000] {dag.py:3239} INFO - Sync 2 DAGs
[2025-01-28T01:03:11.073+0000] {logging_mixin.py:190} INFO - [2025-01-28T01:03:11.073+0000] {dag.py:4180} INFO - Setting next_dagrun for example_external_task_marker_child to None, run_after=None
[2025-01-28T01:03:11.076+0000] {logging_mixin.py:190} INFO - [2025-01-28T01:03:11.076+0000] {dag.py:4180} INFO - Setting next_dagrun for example_external_task_marker_parent to None, run_after=None
[2025-01-28T01:03:11.086+0000] {processor.py:208} INFO - Processing /home/airflow/.local/lib/python3.12/site-packages/airflow/example_dags/example_external_task_marker_dag.py took 0.055 seconds
[2025-01-28T01:03:41.685+0000] {processor.py:186} INFO - Started process (PID=2743) to work on /home/airflow/.local/lib/python3.12/site-packages/airflow/example_dags/example_external_task_marker_dag.py
[2025-01-28T01:03:41.686+0000] {processor.py:914} INFO - Processing file /home/airflow/.local/lib/python3.12/site-packages/airflow/example_dags/example_external_task_marker_dag.py for tasks to queue
[2025-01-28T01:03:41.688+0000] {logging_mixin.py:190} INFO - [2025-01-28T01:03:41.687+0000] {dagbag.py:588} INFO - Filling up the DagBag from /home/airflow/.local/lib/python3.12/site-packages/airflow/example_dags/example_external_task_marker_dag.py
[2025-01-28T01:03:41.694+0000] {processor.py:925} INFO - DAG(s) 'example_external_task_marker_parent', 'example_external_task_marker_child' retrieved from /home/airflow/.local/lib/python3.12/site-packages/airflow/example_dags/example_external_task_marker_dag.py
[2025-01-28T01:03:41.711+0000] {logging_mixin.py:190} INFO - [2025-01-28T01:03:41.711+0000] {dag.py:3239} INFO - Sync 2 DAGs
[2025-01-28T01:03:41.720+0000] {logging_mixin.py:190} INFO - [2025-01-28T01:03:41.719+0000] {dag.py:4180} INFO - Setting next_dagrun for example_external_task_marker_child to None, run_after=None
[2025-01-28T01:03:41.722+0000] {logging_mixin.py:190} INFO - [2025-01-28T01:03:41.722+0000] {dag.py:4180} INFO - Setting next_dagrun for example_external_task_marker_parent to None, run_after=None
[2025-01-28T01:03:41.736+0000] {processor.py:208} INFO - Processing /home/airflow/.local/lib/python3.12/site-packages/airflow/example_dags/example_external_task_marker_dag.py took 0.055 seconds
[2025-01-28T01:04:12.225+0000] {processor.py:186} INFO - Started process (PID=2815) to work on /home/airflow/.local/lib/python3.12/site-packages/airflow/example_dags/example_external_task_marker_dag.py
[2025-01-28T01:04:12.225+0000] {processor.py:914} INFO - Processing file /home/airflow/.local/lib/python3.12/site-packages/airflow/example_dags/example_external_task_marker_dag.py for tasks to queue
[2025-01-28T01:04:12.227+0000] {logging_mixin.py:190} INFO - [2025-01-28T01:04:12.227+0000] {dagbag.py:588} INFO - Filling up the DagBag from /home/airflow/.local/lib/python3.12/site-packages/airflow/example_dags/example_external_task_marker_dag.py
[2025-01-28T01:04:12.233+0000] {processor.py:925} INFO - DAG(s) 'example_external_task_marker_child', 'example_external_task_marker_parent' retrieved from /home/airflow/.local/lib/python3.12/site-packages/airflow/example_dags/example_external_task_marker_dag.py
[2025-01-28T01:04:12.251+0000] {logging_mixin.py:190} INFO - [2025-01-28T01:04:12.251+0000] {dag.py:3239} INFO - Sync 2 DAGs
[2025-01-28T01:04:12.260+0000] {logging_mixin.py:190} INFO - [2025-01-28T01:04:12.260+0000] {dag.py:4180} INFO - Setting next_dagrun for example_external_task_marker_child to None, run_after=None
[2025-01-28T01:04:12.262+0000] {logging_mixin.py:190} INFO - [2025-01-28T01:04:12.262+0000] {dag.py:4180} INFO - Setting next_dagrun for example_external_task_marker_parent to None, run_after=None
[2025-01-28T01:04:12.272+0000] {processor.py:208} INFO - Processing /home/airflow/.local/lib/python3.12/site-packages/airflow/example_dags/example_external_task_marker_dag.py took 0.051 seconds
[2025-01-28T01:04:43.288+0000] {processor.py:186} INFO - Started process (PID=2880) to work on /home/airflow/.local/lib/python3.12/site-packages/airflow/example_dags/example_external_task_marker_dag.py
[2025-01-28T01:04:43.290+0000] {processor.py:914} INFO - Processing file /home/airflow/.local/lib/python3.12/site-packages/airflow/example_dags/example_external_task_marker_dag.py for tasks to queue
[2025-01-28T01:04:43.291+0000] {logging_mixin.py:190} INFO - [2025-01-28T01:04:43.291+0000] {dagbag.py:588} INFO - Filling up the DagBag from /home/airflow/.local/lib/python3.12/site-packages/airflow/example_dags/example_external_task_marker_dag.py
[2025-01-28T01:04:43.296+0000] {processor.py:925} INFO - DAG(s) 'example_external_task_marker_parent', 'example_external_task_marker_child' retrieved from /home/airflow/.local/lib/python3.12/site-packages/airflow/example_dags/example_external_task_marker_dag.py
[2025-01-28T01:04:43.311+0000] {logging_mixin.py:190} INFO - [2025-01-28T01:04:43.311+0000] {dag.py:3239} INFO - Sync 2 DAGs
[2025-01-28T01:04:43.321+0000] {logging_mixin.py:190} INFO - [2025-01-28T01:04:43.321+0000] {dag.py:4180} INFO - Setting next_dagrun for example_external_task_marker_child to None, run_after=None
[2025-01-28T01:04:43.324+0000] {logging_mixin.py:190} INFO - [2025-01-28T01:04:43.324+0000] {dag.py:4180} INFO - Setting next_dagrun for example_external_task_marker_parent to None, run_after=None
[2025-01-28T01:04:43.338+0000] {processor.py:208} INFO - Processing /home/airflow/.local/lib/python3.12/site-packages/airflow/example_dags/example_external_task_marker_dag.py took 0.054 seconds
[2025-01-28T01:05:14.499+0000] {processor.py:186} INFO - Started process (PID=2945) to work on /home/airflow/.local/lib/python3.12/site-packages/airflow/example_dags/example_external_task_marker_dag.py
[2025-01-28T01:05:14.499+0000] {processor.py:914} INFO - Processing file /home/airflow/.local/lib/python3.12/site-packages/airflow/example_dags/example_external_task_marker_dag.py for tasks to queue
[2025-01-28T01:05:14.500+0000] {logging_mixin.py:190} INFO - [2025-01-28T01:05:14.500+0000] {dagbag.py:588} INFO - Filling up the DagBag from /home/airflow/.local/lib/python3.12/site-packages/airflow/example_dags/example_external_task_marker_dag.py
[2025-01-28T01:05:14.505+0000] {processor.py:925} INFO - DAG(s) 'example_external_task_marker_parent', 'example_external_task_marker_child' retrieved from /home/airflow/.local/lib/python3.12/site-packages/airflow/example_dags/example_external_task_marker_dag.py
[2025-01-28T01:05:14.521+0000] {logging_mixin.py:190} INFO - [2025-01-28T01:05:14.521+0000] {dag.py:3239} INFO - Sync 2 DAGs
[2025-01-28T01:05:14.533+0000] {logging_mixin.py:190} INFO - [2025-01-28T01:05:14.532+0000] {dag.py:4180} INFO - Setting next_dagrun for example_external_task_marker_child to None, run_after=None
[2025-01-28T01:05:14.535+0000] {logging_mixin.py:190} INFO - [2025-01-28T01:05:14.535+0000] {dag.py:4180} INFO - Setting next_dagrun for example_external_task_marker_parent to None, run_after=None
[2025-01-28T01:05:14.557+0000] {processor.py:208} INFO - Processing /home/airflow/.local/lib/python3.12/site-packages/airflow/example_dags/example_external_task_marker_dag.py took 0.061 seconds
[2025-01-28T01:05:45.680+0000] {processor.py:186} INFO - Started process (PID=3010) to work on /home/airflow/.local/lib/python3.12/site-packages/airflow/example_dags/example_external_task_marker_dag.py
[2025-01-28T01:05:45.681+0000] {processor.py:914} INFO - Processing file /home/airflow/.local/lib/python3.12/site-packages/airflow/example_dags/example_external_task_marker_dag.py for tasks to queue
[2025-01-28T01:05:45.682+0000] {logging_mixin.py:190} INFO - [2025-01-28T01:05:45.682+0000] {dagbag.py:588} INFO - Filling up the DagBag from /home/airflow/.local/lib/python3.12/site-packages/airflow/example_dags/example_external_task_marker_dag.py
[2025-01-28T01:05:45.690+0000] {processor.py:925} INFO - DAG(s) 'example_external_task_marker_parent', 'example_external_task_marker_child' retrieved from /home/airflow/.local/lib/python3.12/site-packages/airflow/example_dags/example_external_task_marker_dag.py
[2025-01-28T01:05:45.710+0000] {logging_mixin.py:190} INFO - [2025-01-28T01:05:45.710+0000] {dag.py:3239} INFO - Sync 2 DAGs
[2025-01-28T01:05:45.719+0000] {logging_mixin.py:190} INFO - [2025-01-28T01:05:45.719+0000] {dag.py:4180} INFO - Setting next_dagrun for example_external_task_marker_child to None, run_after=None
[2025-01-28T01:05:45.722+0000] {logging_mixin.py:190} INFO - [2025-01-28T01:05:45.722+0000] {dag.py:4180} INFO - Setting next_dagrun for example_external_task_marker_parent to None, run_after=None
[2025-01-28T01:05:45.734+0000] {processor.py:208} INFO - Processing /home/airflow/.local/lib/python3.12/site-packages/airflow/example_dags/example_external_task_marker_dag.py took 0.057 seconds
[2025-01-28T01:06:16.125+0000] {processor.py:186} INFO - Started process (PID=3075) to work on /home/airflow/.local/lib/python3.12/site-packages/airflow/example_dags/example_external_task_marker_dag.py
[2025-01-28T01:06:16.126+0000] {processor.py:914} INFO - Processing file /home/airflow/.local/lib/python3.12/site-packages/airflow/example_dags/example_external_task_marker_dag.py for tasks to queue
[2025-01-28T01:06:16.127+0000] {logging_mixin.py:190} INFO - [2025-01-28T01:06:16.127+0000] {dagbag.py:588} INFO - Filling up the DagBag from /home/airflow/.local/lib/python3.12/site-packages/airflow/example_dags/example_external_task_marker_dag.py
[2025-01-28T01:06:16.132+0000] {processor.py:925} INFO - DAG(s) 'example_external_task_marker_child', 'example_external_task_marker_parent' retrieved from /home/airflow/.local/lib/python3.12/site-packages/airflow/example_dags/example_external_task_marker_dag.py
[2025-01-28T01:06:16.145+0000] {logging_mixin.py:190} INFO - [2025-01-28T01:06:16.145+0000] {dag.py:3239} INFO - Sync 2 DAGs
[2025-01-28T01:06:16.153+0000] {logging_mixin.py:190} INFO - [2025-01-28T01:06:16.153+0000] {dag.py:4180} INFO - Setting next_dagrun for example_external_task_marker_child to None, run_after=None
[2025-01-28T01:06:16.156+0000] {logging_mixin.py:190} INFO - [2025-01-28T01:06:16.156+0000] {dag.py:4180} INFO - Setting next_dagrun for example_external_task_marker_parent to None, run_after=None
[2025-01-28T01:06:16.169+0000] {processor.py:208} INFO - Processing /home/airflow/.local/lib/python3.12/site-packages/airflow/example_dags/example_external_task_marker_dag.py took 0.047 seconds
[2025-01-28T01:06:47.486+0000] {processor.py:186} INFO - Started process (PID=3140) to work on /home/airflow/.local/lib/python3.12/site-packages/airflow/example_dags/example_external_task_marker_dag.py
[2025-01-28T01:06:47.486+0000] {processor.py:914} INFO - Processing file /home/airflow/.local/lib/python3.12/site-packages/airflow/example_dags/example_external_task_marker_dag.py for tasks to queue
[2025-01-28T01:06:47.488+0000] {logging_mixin.py:190} INFO - [2025-01-28T01:06:47.487+0000] {dagbag.py:588} INFO - Filling up the DagBag from /home/airflow/.local/lib/python3.12/site-packages/airflow/example_dags/example_external_task_marker_dag.py
[2025-01-28T01:06:47.493+0000] {processor.py:925} INFO - DAG(s) 'example_external_task_marker_child', 'example_external_task_marker_parent' retrieved from /home/airflow/.local/lib/python3.12/site-packages/airflow/example_dags/example_external_task_marker_dag.py
[2025-01-28T01:06:47.508+0000] {logging_mixin.py:190} INFO - [2025-01-28T01:06:47.508+0000] {dag.py:3239} INFO - Sync 2 DAGs
[2025-01-28T01:06:47.520+0000] {logging_mixin.py:190} INFO - [2025-01-28T01:06:47.520+0000] {dag.py:4180} INFO - Setting next_dagrun for example_external_task_marker_child to None, run_after=None
[2025-01-28T01:06:47.523+0000] {logging_mixin.py:190} INFO - [2025-01-28T01:06:47.523+0000] {dag.py:4180} INFO - Setting next_dagrun for example_external_task_marker_parent to None, run_after=None
[2025-01-28T01:06:47.533+0000] {processor.py:208} INFO - Processing /home/airflow/.local/lib/python3.12/site-packages/airflow/example_dags/example_external_task_marker_dag.py took 0.051 seconds
[2025-01-28T01:07:18.367+0000] {processor.py:186} INFO - Started process (PID=3205) to work on /home/airflow/.local/lib/python3.12/site-packages/airflow/example_dags/example_external_task_marker_dag.py
[2025-01-28T01:07:18.368+0000] {processor.py:914} INFO - Processing file /home/airflow/.local/lib/python3.12/site-packages/airflow/example_dags/example_external_task_marker_dag.py for tasks to queue
[2025-01-28T01:07:18.369+0000] {logging_mixin.py:190} INFO - [2025-01-28T01:07:18.369+0000] {dagbag.py:588} INFO - Filling up the DagBag from /home/airflow/.local/lib/python3.12/site-packages/airflow/example_dags/example_external_task_marker_dag.py
[2025-01-28T01:07:18.373+0000] {processor.py:925} INFO - DAG(s) 'example_external_task_marker_parent', 'example_external_task_marker_child' retrieved from /home/airflow/.local/lib/python3.12/site-packages/airflow/example_dags/example_external_task_marker_dag.py
[2025-01-28T01:07:18.391+0000] {logging_mixin.py:190} INFO - [2025-01-28T01:07:18.391+0000] {dag.py:3239} INFO - Sync 2 DAGs
[2025-01-28T01:07:18.401+0000] {logging_mixin.py:190} INFO - [2025-01-28T01:07:18.401+0000] {dag.py:4180} INFO - Setting next_dagrun for example_external_task_marker_child to None, run_after=None
[2025-01-28T01:07:18.404+0000] {logging_mixin.py:190} INFO - [2025-01-28T01:07:18.404+0000] {dag.py:4180} INFO - Setting next_dagrun for example_external_task_marker_parent to None, run_after=None
[2025-01-28T01:07:18.417+0000] {processor.py:208} INFO - Processing /home/airflow/.local/lib/python3.12/site-packages/airflow/example_dags/example_external_task_marker_dag.py took 0.053 seconds
[2025-01-28T01:07:49.569+0000] {processor.py:186} INFO - Started process (PID=3270) to work on /home/airflow/.local/lib/python3.12/site-packages/airflow/example_dags/example_external_task_marker_dag.py
[2025-01-28T01:07:49.570+0000] {processor.py:914} INFO - Processing file /home/airflow/.local/lib/python3.12/site-packages/airflow/example_dags/example_external_task_marker_dag.py for tasks to queue
[2025-01-28T01:07:49.571+0000] {logging_mixin.py:190} INFO - [2025-01-28T01:07:49.571+0000] {dagbag.py:588} INFO - Filling up the DagBag from /home/airflow/.local/lib/python3.12/site-packages/airflow/example_dags/example_external_task_marker_dag.py
[2025-01-28T01:07:49.576+0000] {processor.py:925} INFO - DAG(s) 'example_external_task_marker_child', 'example_external_task_marker_parent' retrieved from /home/airflow/.local/lib/python3.12/site-packages/airflow/example_dags/example_external_task_marker_dag.py
[2025-01-28T01:07:49.591+0000] {logging_mixin.py:190} INFO - [2025-01-28T01:07:49.591+0000] {dag.py:3239} INFO - Sync 2 DAGs
[2025-01-28T01:07:49.600+0000] {logging_mixin.py:190} INFO - [2025-01-28T01:07:49.600+0000] {dag.py:4180} INFO - Setting next_dagrun for example_external_task_marker_child to None, run_after=None
[2025-01-28T01:07:49.724+0000] {logging_mixin.py:190} INFO - [2025-01-28T01:07:49.724+0000] {dag.py:4180} INFO - Setting next_dagrun for example_external_task_marker_parent to None, run_after=None
[2025-01-28T01:07:49.735+0000] {processor.py:208} INFO - Processing /home/airflow/.local/lib/python3.12/site-packages/airflow/example_dags/example_external_task_marker_dag.py took 0.170 seconds
[2025-01-28T01:08:20.941+0000] {processor.py:186} INFO - Started process (PID=3334) to work on /home/airflow/.local/lib/python3.12/site-packages/airflow/example_dags/example_external_task_marker_dag.py
[2025-01-28T01:08:20.941+0000] {processor.py:914} INFO - Processing file /home/airflow/.local/lib/python3.12/site-packages/airflow/example_dags/example_external_task_marker_dag.py for tasks to queue
[2025-01-28T01:08:20.943+0000] {logging_mixin.py:190} INFO - [2025-01-28T01:08:20.942+0000] {dagbag.py:588} INFO - Filling up the DagBag from /home/airflow/.local/lib/python3.12/site-packages/airflow/example_dags/example_external_task_marker_dag.py
[2025-01-28T01:08:20.947+0000] {processor.py:925} INFO - DAG(s) 'example_external_task_marker_parent', 'example_external_task_marker_child' retrieved from /home/airflow/.local/lib/python3.12/site-packages/airflow/example_dags/example_external_task_marker_dag.py
[2025-01-28T01:08:20.965+0000] {logging_mixin.py:190} INFO - [2025-01-28T01:08:20.965+0000] {dag.py:3239} INFO - Sync 2 DAGs
[2025-01-28T01:08:20.976+0000] {logging_mixin.py:190} INFO - [2025-01-28T01:08:20.976+0000] {dag.py:4180} INFO - Setting next_dagrun for example_external_task_marker_child to None, run_after=None
[2025-01-28T01:08:20.980+0000] {logging_mixin.py:190} INFO - [2025-01-28T01:08:20.979+0000] {dag.py:4180} INFO - Setting next_dagrun for example_external_task_marker_parent to None, run_after=None
[2025-01-28T01:08:20.991+0000] {processor.py:208} INFO - Processing /home/airflow/.local/lib/python3.12/site-packages/airflow/example_dags/example_external_task_marker_dag.py took 0.053 seconds
