[2025-01-28T00:42:16.426+0000] {processor.py:186} INFO - Started process (PID=73) to work on /home/airflow/.local/lib/python3.12/site-packages/airflow/example_dags/example_branch_labels.py
[2025-01-28T00:42:16.427+0000] {processor.py:914} INFO - Processing file /home/airflow/.local/lib/python3.12/site-packages/airflow/example_dags/example_branch_labels.py for tasks to queue
[2025-01-28T00:42:16.429+0000] {logging_mixin.py:190} INFO - [2025-01-28T00:42:16.429+0000] {dagbag.py:588} INFO - Filling up the DagBag from /home/airflow/.local/lib/python3.12/site-packages/airflow/example_dags/example_branch_labels.py
[2025-01-28T00:42:16.442+0000] {processor.py:925} INFO - DAG(s) 'example_branch_labels' retrieved from /home/airflow/.local/lib/python3.12/site-packages/airflow/example_dags/example_branch_labels.py
[2025-01-28T00:42:16.477+0000] {logging_mixin.py:190} INFO - [2025-01-28T00:42:16.477+0000] {dag.py:3239} INFO - Sync 1 DAGs
[2025-01-28T00:42:16.506+0000] {logging_mixin.py:190} INFO - [2025-01-28T00:42:16.506+0000] {dag.py:4180} INFO - Setting next_dagrun for example_branch_labels to 2025-01-27 00:00:00+00:00, run_after=2025-01-28 00:00:00+00:00
[2025-01-28T00:42:16.530+0000] {processor.py:208} INFO - Processing /home/airflow/.local/lib/python3.12/site-packages/airflow/example_dags/example_branch_labels.py took 0.110 seconds
[2025-01-28T00:42:33.281+0000] {processor.py:186} INFO - Started process (PID=61) to work on /home/airflow/.local/lib/python3.12/site-packages/airflow/example_dags/example_branch_labels.py
[2025-01-28T00:42:33.293+0000] {processor.py:914} INFO - Processing file /home/airflow/.local/lib/python3.12/site-packages/airflow/example_dags/example_branch_labels.py for tasks to queue
[2025-01-28T00:42:33.294+0000] {logging_mixin.py:190} INFO - [2025-01-28T00:42:33.294+0000] {dagbag.py:588} INFO - Filling up the DagBag from /home/airflow/.local/lib/python3.12/site-packages/airflow/example_dags/example_branch_labels.py
[2025-01-28T00:42:33.299+0000] {processor.py:925} INFO - DAG(s) 'example_branch_labels' retrieved from /home/airflow/.local/lib/python3.12/site-packages/airflow/example_dags/example_branch_labels.py
[2025-01-28T00:42:33.322+0000] {logging_mixin.py:190} INFO - [2025-01-28T00:42:33.322+0000] {dag.py:3239} INFO - Sync 1 DAGs
[2025-01-28T00:42:33.345+0000] {logging_mixin.py:190} INFO - [2025-01-28T00:42:33.345+0000] {dag.py:4180} INFO - Setting next_dagrun for example_branch_labels to 2025-01-27 00:00:00+00:00, run_after=2025-01-28 00:00:00+00:00
[2025-01-28T00:42:33.362+0000] {processor.py:208} INFO - Processing /home/airflow/.local/lib/python3.12/site-packages/airflow/example_dags/example_branch_labels.py took 0.085 seconds
[2025-01-28T00:43:03.678+0000] {processor.py:186} INFO - Started process (PID=124) to work on /home/airflow/.local/lib/python3.12/site-packages/airflow/example_dags/example_branch_labels.py
[2025-01-28T00:43:03.679+0000] {processor.py:914} INFO - Processing file /home/airflow/.local/lib/python3.12/site-packages/airflow/example_dags/example_branch_labels.py for tasks to queue
[2025-01-28T00:43:03.681+0000] {logging_mixin.py:190} INFO - [2025-01-28T00:43:03.680+0000] {dagbag.py:588} INFO - Filling up the DagBag from /home/airflow/.local/lib/python3.12/site-packages/airflow/example_dags/example_branch_labels.py
[2025-01-28T00:43:03.688+0000] {processor.py:925} INFO - DAG(s) 'example_branch_labels' retrieved from /home/airflow/.local/lib/python3.12/site-packages/airflow/example_dags/example_branch_labels.py
[2025-01-28T00:43:03.709+0000] {logging_mixin.py:190} INFO - [2025-01-28T00:43:03.708+0000] {dag.py:3239} INFO - Sync 1 DAGs
[2025-01-28T00:43:03.734+0000] {logging_mixin.py:190} INFO - [2025-01-28T00:43:03.733+0000] {dag.py:4180} INFO - Setting next_dagrun for example_branch_labels to 2025-01-27 00:00:00+00:00, run_after=2025-01-28 00:00:00+00:00
[2025-01-28T00:43:03.754+0000] {processor.py:208} INFO - Processing /home/airflow/.local/lib/python3.12/site-packages/airflow/example_dags/example_branch_labels.py took 0.080 seconds
[2025-01-28T00:43:34.525+0000] {processor.py:186} INFO - Started process (PID=189) to work on /home/airflow/.local/lib/python3.12/site-packages/airflow/example_dags/example_branch_labels.py
[2025-01-28T00:43:34.526+0000] {processor.py:914} INFO - Processing file /home/airflow/.local/lib/python3.12/site-packages/airflow/example_dags/example_branch_labels.py for tasks to queue
[2025-01-28T00:43:34.527+0000] {logging_mixin.py:190} INFO - [2025-01-28T00:43:34.527+0000] {dagbag.py:588} INFO - Filling up the DagBag from /home/airflow/.local/lib/python3.12/site-packages/airflow/example_dags/example_branch_labels.py
[2025-01-28T00:43:34.535+0000] {processor.py:925} INFO - DAG(s) 'example_branch_labels' retrieved from /home/airflow/.local/lib/python3.12/site-packages/airflow/example_dags/example_branch_labels.py
[2025-01-28T00:43:34.555+0000] {logging_mixin.py:190} INFO - [2025-01-28T00:43:34.554+0000] {dag.py:3239} INFO - Sync 1 DAGs
[2025-01-28T00:43:34.576+0000] {logging_mixin.py:190} INFO - [2025-01-28T00:43:34.576+0000] {dag.py:4180} INFO - Setting next_dagrun for example_branch_labels to 2025-01-27 00:00:00+00:00, run_after=2025-01-28 00:00:00+00:00
[2025-01-28T00:43:34.588+0000] {processor.py:208} INFO - Processing /home/airflow/.local/lib/python3.12/site-packages/airflow/example_dags/example_branch_labels.py took 0.068 seconds
[2025-01-28T00:44:05.628+0000] {processor.py:186} INFO - Started process (PID=254) to work on /home/airflow/.local/lib/python3.12/site-packages/airflow/example_dags/example_branch_labels.py
[2025-01-28T00:44:05.629+0000] {processor.py:914} INFO - Processing file /home/airflow/.local/lib/python3.12/site-packages/airflow/example_dags/example_branch_labels.py for tasks to queue
[2025-01-28T00:44:05.630+0000] {logging_mixin.py:190} INFO - [2025-01-28T00:44:05.630+0000] {dagbag.py:588} INFO - Filling up the DagBag from /home/airflow/.local/lib/python3.12/site-packages/airflow/example_dags/example_branch_labels.py
[2025-01-28T00:44:05.638+0000] {processor.py:925} INFO - DAG(s) 'example_branch_labels' retrieved from /home/airflow/.local/lib/python3.12/site-packages/airflow/example_dags/example_branch_labels.py
[2025-01-28T00:44:05.657+0000] {logging_mixin.py:190} INFO - [2025-01-28T00:44:05.656+0000] {dag.py:3239} INFO - Sync 1 DAGs
[2025-01-28T00:44:05.680+0000] {logging_mixin.py:190} INFO - [2025-01-28T00:44:05.679+0000] {dag.py:4180} INFO - Setting next_dagrun for example_branch_labels to 2025-01-27 00:00:00+00:00, run_after=2025-01-28 00:00:00+00:00
[2025-01-28T00:44:05.695+0000] {processor.py:208} INFO - Processing /home/airflow/.local/lib/python3.12/site-packages/airflow/example_dags/example_branch_labels.py took 0.072 seconds
[2025-01-28T00:44:36.690+0000] {processor.py:186} INFO - Started process (PID=319) to work on /home/airflow/.local/lib/python3.12/site-packages/airflow/example_dags/example_branch_labels.py
[2025-01-28T00:44:36.691+0000] {processor.py:914} INFO - Processing file /home/airflow/.local/lib/python3.12/site-packages/airflow/example_dags/example_branch_labels.py for tasks to queue
[2025-01-28T00:44:36.693+0000] {logging_mixin.py:190} INFO - [2025-01-28T00:44:36.692+0000] {dagbag.py:588} INFO - Filling up the DagBag from /home/airflow/.local/lib/python3.12/site-packages/airflow/example_dags/example_branch_labels.py
[2025-01-28T00:44:36.702+0000] {processor.py:925} INFO - DAG(s) 'example_branch_labels' retrieved from /home/airflow/.local/lib/python3.12/site-packages/airflow/example_dags/example_branch_labels.py
[2025-01-28T00:44:36.723+0000] {logging_mixin.py:190} INFO - [2025-01-28T00:44:36.723+0000] {dag.py:3239} INFO - Sync 1 DAGs
[2025-01-28T00:44:36.760+0000] {logging_mixin.py:190} INFO - [2025-01-28T00:44:36.760+0000] {dag.py:4180} INFO - Setting next_dagrun for example_branch_labels to 2025-01-27 00:00:00+00:00, run_after=2025-01-28 00:00:00+00:00
[2025-01-28T00:44:36.783+0000] {processor.py:208} INFO - Processing /home/airflow/.local/lib/python3.12/site-packages/airflow/example_dags/example_branch_labels.py took 0.097 seconds
[2025-01-28T00:45:07.126+0000] {processor.py:186} INFO - Started process (PID=384) to work on /home/airflow/.local/lib/python3.12/site-packages/airflow/example_dags/example_branch_labels.py
[2025-01-28T00:45:07.127+0000] {processor.py:914} INFO - Processing file /home/airflow/.local/lib/python3.12/site-packages/airflow/example_dags/example_branch_labels.py for tasks to queue
[2025-01-28T00:45:07.129+0000] {logging_mixin.py:190} INFO - [2025-01-28T00:45:07.129+0000] {dagbag.py:588} INFO - Filling up the DagBag from /home/airflow/.local/lib/python3.12/site-packages/airflow/example_dags/example_branch_labels.py
[2025-01-28T00:45:07.140+0000] {processor.py:925} INFO - DAG(s) 'example_branch_labels' retrieved from /home/airflow/.local/lib/python3.12/site-packages/airflow/example_dags/example_branch_labels.py
[2025-01-28T00:45:07.158+0000] {logging_mixin.py:190} INFO - [2025-01-28T00:45:07.158+0000] {dag.py:3239} INFO - Sync 1 DAGs
[2025-01-28T00:45:07.184+0000] {logging_mixin.py:190} INFO - [2025-01-28T00:45:07.184+0000] {dag.py:4180} INFO - Setting next_dagrun for example_branch_labels to 2025-01-27 00:00:00+00:00, run_after=2025-01-28 00:00:00+00:00
[2025-01-28T00:45:07.208+0000] {processor.py:208} INFO - Processing /home/airflow/.local/lib/python3.12/site-packages/airflow/example_dags/example_branch_labels.py took 0.085 seconds
[2025-01-28T00:45:38.034+0000] {processor.py:186} INFO - Started process (PID=449) to work on /home/airflow/.local/lib/python3.12/site-packages/airflow/example_dags/example_branch_labels.py
[2025-01-28T00:45:38.035+0000] {processor.py:914} INFO - Processing file /home/airflow/.local/lib/python3.12/site-packages/airflow/example_dags/example_branch_labels.py for tasks to queue
[2025-01-28T00:45:38.036+0000] {logging_mixin.py:190} INFO - [2025-01-28T00:45:38.036+0000] {dagbag.py:588} INFO - Filling up the DagBag from /home/airflow/.local/lib/python3.12/site-packages/airflow/example_dags/example_branch_labels.py
[2025-01-28T00:45:38.042+0000] {processor.py:925} INFO - DAG(s) 'example_branch_labels' retrieved from /home/airflow/.local/lib/python3.12/site-packages/airflow/example_dags/example_branch_labels.py
[2025-01-28T00:45:38.057+0000] {logging_mixin.py:190} INFO - [2025-01-28T00:45:38.057+0000] {dag.py:3239} INFO - Sync 1 DAGs
[2025-01-28T00:45:38.079+0000] {logging_mixin.py:190} INFO - [2025-01-28T00:45:38.078+0000] {dag.py:4180} INFO - Setting next_dagrun for example_branch_labels to 2025-01-27 00:00:00+00:00, run_after=2025-01-28 00:00:00+00:00
[2025-01-28T00:45:38.096+0000] {processor.py:208} INFO - Processing /home/airflow/.local/lib/python3.12/site-packages/airflow/example_dags/example_branch_labels.py took 0.065 seconds
[2025-01-28T00:46:08.701+0000] {processor.py:186} INFO - Started process (PID=520) to work on /home/airflow/.local/lib/python3.12/site-packages/airflow/example_dags/example_branch_labels.py
[2025-01-28T00:46:08.702+0000] {processor.py:914} INFO - Processing file /home/airflow/.local/lib/python3.12/site-packages/airflow/example_dags/example_branch_labels.py for tasks to queue
[2025-01-28T00:46:08.703+0000] {logging_mixin.py:190} INFO - [2025-01-28T00:46:08.703+0000] {dagbag.py:588} INFO - Filling up the DagBag from /home/airflow/.local/lib/python3.12/site-packages/airflow/example_dags/example_branch_labels.py
[2025-01-28T00:46:08.708+0000] {processor.py:925} INFO - DAG(s) 'example_branch_labels' retrieved from /home/airflow/.local/lib/python3.12/site-packages/airflow/example_dags/example_branch_labels.py
[2025-01-28T00:46:08.722+0000] {logging_mixin.py:190} INFO - [2025-01-28T00:46:08.722+0000] {dag.py:3239} INFO - Sync 1 DAGs
[2025-01-28T00:46:08.735+0000] {logging_mixin.py:190} INFO - [2025-01-28T00:46:08.735+0000] {dag.py:4180} INFO - Setting next_dagrun for example_branch_labels to 2025-01-27 00:00:00+00:00, run_after=2025-01-28 00:00:00+00:00
[2025-01-28T00:46:08.744+0000] {processor.py:208} INFO - Processing /home/airflow/.local/lib/python3.12/site-packages/airflow/example_dags/example_branch_labels.py took 0.047 seconds
[2025-01-28T00:46:38.956+0000] {processor.py:186} INFO - Started process (PID=585) to work on /home/airflow/.local/lib/python3.12/site-packages/airflow/example_dags/example_branch_labels.py
[2025-01-28T00:46:38.958+0000] {processor.py:914} INFO - Processing file /home/airflow/.local/lib/python3.12/site-packages/airflow/example_dags/example_branch_labels.py for tasks to queue
[2025-01-28T00:46:38.962+0000] {logging_mixin.py:190} INFO - [2025-01-28T00:46:38.962+0000] {dagbag.py:588} INFO - Filling up the DagBag from /home/airflow/.local/lib/python3.12/site-packages/airflow/example_dags/example_branch_labels.py
[2025-01-28T00:46:38.986+0000] {processor.py:925} INFO - DAG(s) 'example_branch_labels' retrieved from /home/airflow/.local/lib/python3.12/site-packages/airflow/example_dags/example_branch_labels.py
[2025-01-28T00:46:39.030+0000] {logging_mixin.py:190} INFO - [2025-01-28T00:46:39.029+0000] {dag.py:3239} INFO - Sync 1 DAGs
[2025-01-28T00:46:39.050+0000] {logging_mixin.py:190} INFO - [2025-01-28T00:46:39.050+0000] {dag.py:4180} INFO - Setting next_dagrun for example_branch_labels to 2025-01-27 00:00:00+00:00, run_after=2025-01-28 00:00:00+00:00
[2025-01-28T00:46:39.067+0000] {processor.py:208} INFO - Processing /home/airflow/.local/lib/python3.12/site-packages/airflow/example_dags/example_branch_labels.py took 0.118 seconds
[2025-01-28T00:47:09.679+0000] {processor.py:186} INFO - Started process (PID=650) to work on /home/airflow/.local/lib/python3.12/site-packages/airflow/example_dags/example_branch_labels.py
[2025-01-28T00:47:09.680+0000] {processor.py:914} INFO - Processing file /home/airflow/.local/lib/python3.12/site-packages/airflow/example_dags/example_branch_labels.py for tasks to queue
[2025-01-28T00:47:09.683+0000] {logging_mixin.py:190} INFO - [2025-01-28T00:47:09.683+0000] {dagbag.py:588} INFO - Filling up the DagBag from /home/airflow/.local/lib/python3.12/site-packages/airflow/example_dags/example_branch_labels.py
[2025-01-28T00:47:09.692+0000] {processor.py:925} INFO - DAG(s) 'example_branch_labels' retrieved from /home/airflow/.local/lib/python3.12/site-packages/airflow/example_dags/example_branch_labels.py
[2025-01-28T00:47:09.706+0000] {logging_mixin.py:190} INFO - [2025-01-28T00:47:09.706+0000] {dag.py:3239} INFO - Sync 1 DAGs
[2025-01-28T00:47:09.722+0000] {logging_mixin.py:190} INFO - [2025-01-28T00:47:09.722+0000] {dag.py:4180} INFO - Setting next_dagrun for example_branch_labels to 2025-01-27 00:00:00+00:00, run_after=2025-01-28 00:00:00+00:00
[2025-01-28T00:47:09.733+0000] {processor.py:208} INFO - Processing /home/airflow/.local/lib/python3.12/site-packages/airflow/example_dags/example_branch_labels.py took 0.059 seconds
[2025-01-28T00:47:40.403+0000] {processor.py:186} INFO - Started process (PID=715) to work on /home/airflow/.local/lib/python3.12/site-packages/airflow/example_dags/example_branch_labels.py
[2025-01-28T00:47:40.404+0000] {processor.py:914} INFO - Processing file /home/airflow/.local/lib/python3.12/site-packages/airflow/example_dags/example_branch_labels.py for tasks to queue
[2025-01-28T00:47:40.406+0000] {logging_mixin.py:190} INFO - [2025-01-28T00:47:40.406+0000] {dagbag.py:588} INFO - Filling up the DagBag from /home/airflow/.local/lib/python3.12/site-packages/airflow/example_dags/example_branch_labels.py
[2025-01-28T00:47:40.413+0000] {processor.py:925} INFO - DAG(s) 'example_branch_labels' retrieved from /home/airflow/.local/lib/python3.12/site-packages/airflow/example_dags/example_branch_labels.py
[2025-01-28T00:47:40.428+0000] {logging_mixin.py:190} INFO - [2025-01-28T00:47:40.428+0000] {dag.py:3239} INFO - Sync 1 DAGs
[2025-01-28T00:47:40.443+0000] {logging_mixin.py:190} INFO - [2025-01-28T00:47:40.443+0000] {dag.py:4180} INFO - Setting next_dagrun for example_branch_labels to 2025-01-27 00:00:00+00:00, run_after=2025-01-28 00:00:00+00:00
[2025-01-28T00:47:40.459+0000] {processor.py:208} INFO - Processing /home/airflow/.local/lib/python3.12/site-packages/airflow/example_dags/example_branch_labels.py took 0.060 seconds
[2025-01-28T00:48:11.123+0000] {processor.py:186} INFO - Started process (PID=780) to work on /home/airflow/.local/lib/python3.12/site-packages/airflow/example_dags/example_branch_labels.py
[2025-01-28T00:48:11.124+0000] {processor.py:914} INFO - Processing file /home/airflow/.local/lib/python3.12/site-packages/airflow/example_dags/example_branch_labels.py for tasks to queue
[2025-01-28T00:48:11.126+0000] {logging_mixin.py:190} INFO - [2025-01-28T00:48:11.126+0000] {dagbag.py:588} INFO - Filling up the DagBag from /home/airflow/.local/lib/python3.12/site-packages/airflow/example_dags/example_branch_labels.py
[2025-01-28T00:48:11.133+0000] {processor.py:925} INFO - DAG(s) 'example_branch_labels' retrieved from /home/airflow/.local/lib/python3.12/site-packages/airflow/example_dags/example_branch_labels.py
[2025-01-28T00:48:11.150+0000] {logging_mixin.py:190} INFO - [2025-01-28T00:48:11.150+0000] {dag.py:3239} INFO - Sync 1 DAGs
[2025-01-28T00:48:11.169+0000] {logging_mixin.py:190} INFO - [2025-01-28T00:48:11.168+0000] {dag.py:4180} INFO - Setting next_dagrun for example_branch_labels to 2025-01-27 00:00:00+00:00, run_after=2025-01-28 00:00:00+00:00
[2025-01-28T00:48:11.182+0000] {processor.py:208} INFO - Processing /home/airflow/.local/lib/python3.12/site-packages/airflow/example_dags/example_branch_labels.py took 0.063 seconds
[2025-01-28T00:48:41.971+0000] {processor.py:186} INFO - Started process (PID=845) to work on /home/airflow/.local/lib/python3.12/site-packages/airflow/example_dags/example_branch_labels.py
[2025-01-28T00:48:41.972+0000] {processor.py:914} INFO - Processing file /home/airflow/.local/lib/python3.12/site-packages/airflow/example_dags/example_branch_labels.py for tasks to queue
[2025-01-28T00:48:41.973+0000] {logging_mixin.py:190} INFO - [2025-01-28T00:48:41.973+0000] {dagbag.py:588} INFO - Filling up the DagBag from /home/airflow/.local/lib/python3.12/site-packages/airflow/example_dags/example_branch_labels.py
[2025-01-28T00:48:41.980+0000] {processor.py:925} INFO - DAG(s) 'example_branch_labels' retrieved from /home/airflow/.local/lib/python3.12/site-packages/airflow/example_dags/example_branch_labels.py
[2025-01-28T00:48:41.996+0000] {logging_mixin.py:190} INFO - [2025-01-28T00:48:41.996+0000] {dag.py:3239} INFO - Sync 1 DAGs
[2025-01-28T00:48:42.019+0000] {logging_mixin.py:190} INFO - [2025-01-28T00:48:42.018+0000] {dag.py:4180} INFO - Setting next_dagrun for example_branch_labels to 2025-01-27 00:00:00+00:00, run_after=2025-01-28 00:00:00+00:00
[2025-01-28T00:48:42.034+0000] {processor.py:208} INFO - Processing /home/airflow/.local/lib/python3.12/site-packages/airflow/example_dags/example_branch_labels.py took 0.068 seconds
[2025-01-28T00:49:12.119+0000] {processor.py:186} INFO - Started process (PID=910) to work on /home/airflow/.local/lib/python3.12/site-packages/airflow/example_dags/example_branch_labels.py
[2025-01-28T00:49:12.120+0000] {processor.py:914} INFO - Processing file /home/airflow/.local/lib/python3.12/site-packages/airflow/example_dags/example_branch_labels.py for tasks to queue
[2025-01-28T00:49:12.122+0000] {logging_mixin.py:190} INFO - [2025-01-28T00:49:12.121+0000] {dagbag.py:588} INFO - Filling up the DagBag from /home/airflow/.local/lib/python3.12/site-packages/airflow/example_dags/example_branch_labels.py
[2025-01-28T00:49:12.130+0000] {processor.py:925} INFO - DAG(s) 'example_branch_labels' retrieved from /home/airflow/.local/lib/python3.12/site-packages/airflow/example_dags/example_branch_labels.py
[2025-01-28T00:49:12.151+0000] {logging_mixin.py:190} INFO - [2025-01-28T00:49:12.151+0000] {dag.py:3239} INFO - Sync 1 DAGs
[2025-01-28T00:49:12.175+0000] {logging_mixin.py:190} INFO - [2025-01-28T00:49:12.175+0000] {dag.py:4180} INFO - Setting next_dagrun for example_branch_labels to 2025-01-27 00:00:00+00:00, run_after=2025-01-28 00:00:00+00:00
[2025-01-28T00:49:12.199+0000] {processor.py:208} INFO - Processing /home/airflow/.local/lib/python3.12/site-packages/airflow/example_dags/example_branch_labels.py took 0.086 seconds
[2025-01-28T00:49:42.586+0000] {processor.py:186} INFO - Started process (PID=975) to work on /home/airflow/.local/lib/python3.12/site-packages/airflow/example_dags/example_branch_labels.py
[2025-01-28T00:49:42.586+0000] {processor.py:914} INFO - Processing file /home/airflow/.local/lib/python3.12/site-packages/airflow/example_dags/example_branch_labels.py for tasks to queue
[2025-01-28T00:49:42.588+0000] {logging_mixin.py:190} INFO - [2025-01-28T00:49:42.587+0000] {dagbag.py:588} INFO - Filling up the DagBag from /home/airflow/.local/lib/python3.12/site-packages/airflow/example_dags/example_branch_labels.py
[2025-01-28T00:49:42.594+0000] {processor.py:925} INFO - DAG(s) 'example_branch_labels' retrieved from /home/airflow/.local/lib/python3.12/site-packages/airflow/example_dags/example_branch_labels.py
[2025-01-28T00:49:42.619+0000] {logging_mixin.py:190} INFO - [2025-01-28T00:49:42.619+0000] {dag.py:3239} INFO - Sync 1 DAGs
[2025-01-28T00:49:42.664+0000] {logging_mixin.py:190} INFO - [2025-01-28T00:49:42.663+0000] {dag.py:4180} INFO - Setting next_dagrun for example_branch_labels to 2025-01-27 00:00:00+00:00, run_after=2025-01-28 00:00:00+00:00
[2025-01-28T00:49:42.705+0000] {processor.py:208} INFO - Processing /home/airflow/.local/lib/python3.12/site-packages/airflow/example_dags/example_branch_labels.py took 0.124 seconds
[2025-01-28T00:50:12.905+0000] {processor.py:186} INFO - Started process (PID=1040) to work on /home/airflow/.local/lib/python3.12/site-packages/airflow/example_dags/example_branch_labels.py
[2025-01-28T00:50:12.906+0000] {processor.py:914} INFO - Processing file /home/airflow/.local/lib/python3.12/site-packages/airflow/example_dags/example_branch_labels.py for tasks to queue
[2025-01-28T00:50:12.908+0000] {logging_mixin.py:190} INFO - [2025-01-28T00:50:12.908+0000] {dagbag.py:588} INFO - Filling up the DagBag from /home/airflow/.local/lib/python3.12/site-packages/airflow/example_dags/example_branch_labels.py
[2025-01-28T00:50:12.915+0000] {processor.py:925} INFO - DAG(s) 'example_branch_labels' retrieved from /home/airflow/.local/lib/python3.12/site-packages/airflow/example_dags/example_branch_labels.py
[2025-01-28T00:50:12.932+0000] {logging_mixin.py:190} INFO - [2025-01-28T00:50:12.932+0000] {dag.py:3239} INFO - Sync 1 DAGs
[2025-01-28T00:50:12.956+0000] {logging_mixin.py:190} INFO - [2025-01-28T00:50:12.956+0000] {dag.py:4180} INFO - Setting next_dagrun for example_branch_labels to 2025-01-27 00:00:00+00:00, run_after=2025-01-28 00:00:00+00:00
[2025-01-28T00:50:12.975+0000] {processor.py:208} INFO - Processing /home/airflow/.local/lib/python3.12/site-packages/airflow/example_dags/example_branch_labels.py took 0.075 seconds
[2025-01-28T00:50:43.082+0000] {processor.py:186} INFO - Started process (PID=1105) to work on /home/airflow/.local/lib/python3.12/site-packages/airflow/example_dags/example_branch_labels.py
[2025-01-28T00:50:43.083+0000] {processor.py:914} INFO - Processing file /home/airflow/.local/lib/python3.12/site-packages/airflow/example_dags/example_branch_labels.py for tasks to queue
[2025-01-28T00:50:43.085+0000] {logging_mixin.py:190} INFO - [2025-01-28T00:50:43.084+0000] {dagbag.py:588} INFO - Filling up the DagBag from /home/airflow/.local/lib/python3.12/site-packages/airflow/example_dags/example_branch_labels.py
[2025-01-28T00:50:43.093+0000] {processor.py:925} INFO - DAG(s) 'example_branch_labels' retrieved from /home/airflow/.local/lib/python3.12/site-packages/airflow/example_dags/example_branch_labels.py
[2025-01-28T00:50:43.111+0000] {logging_mixin.py:190} INFO - [2025-01-28T00:50:43.111+0000] {dag.py:3239} INFO - Sync 1 DAGs
[2025-01-28T00:50:43.132+0000] {logging_mixin.py:190} INFO - [2025-01-28T00:50:43.132+0000] {dag.py:4180} INFO - Setting next_dagrun for example_branch_labels to 2025-01-27 00:00:00+00:00, run_after=2025-01-28 00:00:00+00:00
[2025-01-28T00:50:43.150+0000] {processor.py:208} INFO - Processing /home/airflow/.local/lib/python3.12/site-packages/airflow/example_dags/example_branch_labels.py took 0.073 seconds
[2025-01-28T00:51:13.380+0000] {processor.py:186} INFO - Started process (PID=1170) to work on /home/airflow/.local/lib/python3.12/site-packages/airflow/example_dags/example_branch_labels.py
[2025-01-28T00:51:13.381+0000] {processor.py:914} INFO - Processing file /home/airflow/.local/lib/python3.12/site-packages/airflow/example_dags/example_branch_labels.py for tasks to queue
[2025-01-28T00:51:13.382+0000] {logging_mixin.py:190} INFO - [2025-01-28T00:51:13.382+0000] {dagbag.py:588} INFO - Filling up the DagBag from /home/airflow/.local/lib/python3.12/site-packages/airflow/example_dags/example_branch_labels.py
[2025-01-28T00:51:13.387+0000] {processor.py:925} INFO - DAG(s) 'example_branch_labels' retrieved from /home/airflow/.local/lib/python3.12/site-packages/airflow/example_dags/example_branch_labels.py
[2025-01-28T00:51:13.402+0000] {logging_mixin.py:190} INFO - [2025-01-28T00:51:13.401+0000] {dag.py:3239} INFO - Sync 1 DAGs
[2025-01-28T00:51:13.421+0000] {logging_mixin.py:190} INFO - [2025-01-28T00:51:13.421+0000] {dag.py:4180} INFO - Setting next_dagrun for example_branch_labels to 2025-01-27 00:00:00+00:00, run_after=2025-01-28 00:00:00+00:00
[2025-01-28T00:51:13.432+0000] {processor.py:208} INFO - Processing /home/airflow/.local/lib/python3.12/site-packages/airflow/example_dags/example_branch_labels.py took 0.055 seconds
[2025-01-28T00:51:43.870+0000] {processor.py:186} INFO - Started process (PID=1235) to work on /home/airflow/.local/lib/python3.12/site-packages/airflow/example_dags/example_branch_labels.py
[2025-01-28T00:51:43.871+0000] {processor.py:914} INFO - Processing file /home/airflow/.local/lib/python3.12/site-packages/airflow/example_dags/example_branch_labels.py for tasks to queue
[2025-01-28T00:51:43.873+0000] {logging_mixin.py:190} INFO - [2025-01-28T00:51:43.872+0000] {dagbag.py:588} INFO - Filling up the DagBag from /home/airflow/.local/lib/python3.12/site-packages/airflow/example_dags/example_branch_labels.py
[2025-01-28T00:51:43.878+0000] {processor.py:925} INFO - DAG(s) 'example_branch_labels' retrieved from /home/airflow/.local/lib/python3.12/site-packages/airflow/example_dags/example_branch_labels.py
[2025-01-28T00:51:43.891+0000] {logging_mixin.py:190} INFO - [2025-01-28T00:51:43.891+0000] {dag.py:3239} INFO - Sync 1 DAGs
[2025-01-28T00:51:43.905+0000] {logging_mixin.py:190} INFO - [2025-01-28T00:51:43.905+0000] {dag.py:4180} INFO - Setting next_dagrun for example_branch_labels to 2025-01-27 00:00:00+00:00, run_after=2025-01-28 00:00:00+00:00
[2025-01-28T00:51:43.919+0000] {processor.py:208} INFO - Processing /home/airflow/.local/lib/python3.12/site-packages/airflow/example_dags/example_branch_labels.py took 0.052 seconds
[2025-01-28T00:52:14.155+0000] {processor.py:186} INFO - Started process (PID=1300) to work on /home/airflow/.local/lib/python3.12/site-packages/airflow/example_dags/example_branch_labels.py
[2025-01-28T00:52:14.155+0000] {processor.py:914} INFO - Processing file /home/airflow/.local/lib/python3.12/site-packages/airflow/example_dags/example_branch_labels.py for tasks to queue
[2025-01-28T00:52:14.157+0000] {logging_mixin.py:190} INFO - [2025-01-28T00:52:14.157+0000] {dagbag.py:588} INFO - Filling up the DagBag from /home/airflow/.local/lib/python3.12/site-packages/airflow/example_dags/example_branch_labels.py
[2025-01-28T00:52:14.166+0000] {processor.py:925} INFO - DAG(s) 'example_branch_labels' retrieved from /home/airflow/.local/lib/python3.12/site-packages/airflow/example_dags/example_branch_labels.py
[2025-01-28T00:52:14.182+0000] {logging_mixin.py:190} INFO - [2025-01-28T00:52:14.182+0000] {dag.py:3239} INFO - Sync 1 DAGs
[2025-01-28T00:52:14.210+0000] {logging_mixin.py:190} INFO - [2025-01-28T00:52:14.210+0000] {dag.py:4180} INFO - Setting next_dagrun for example_branch_labels to 2025-01-27 00:00:00+00:00, run_after=2025-01-28 00:00:00+00:00
[2025-01-28T00:52:14.237+0000] {processor.py:208} INFO - Processing /home/airflow/.local/lib/python3.12/site-packages/airflow/example_dags/example_branch_labels.py took 0.089 seconds
[2025-01-28T00:52:45.100+0000] {processor.py:186} INFO - Started process (PID=1365) to work on /home/airflow/.local/lib/python3.12/site-packages/airflow/example_dags/example_branch_labels.py
[2025-01-28T00:52:45.100+0000] {processor.py:914} INFO - Processing file /home/airflow/.local/lib/python3.12/site-packages/airflow/example_dags/example_branch_labels.py for tasks to queue
[2025-01-28T00:52:45.102+0000] {logging_mixin.py:190} INFO - [2025-01-28T00:52:45.101+0000] {dagbag.py:588} INFO - Filling up the DagBag from /home/airflow/.local/lib/python3.12/site-packages/airflow/example_dags/example_branch_labels.py
[2025-01-28T00:52:45.107+0000] {processor.py:925} INFO - DAG(s) 'example_branch_labels' retrieved from /home/airflow/.local/lib/python3.12/site-packages/airflow/example_dags/example_branch_labels.py
[2025-01-28T00:52:45.120+0000] {logging_mixin.py:190} INFO - [2025-01-28T00:52:45.120+0000] {dag.py:3239} INFO - Sync 1 DAGs
[2025-01-28T00:52:45.135+0000] {logging_mixin.py:190} INFO - [2025-01-28T00:52:45.135+0000] {dag.py:4180} INFO - Setting next_dagrun for example_branch_labels to 2025-01-27 00:00:00+00:00, run_after=2025-01-28 00:00:00+00:00
[2025-01-28T00:52:45.149+0000] {processor.py:208} INFO - Processing /home/airflow/.local/lib/python3.12/site-packages/airflow/example_dags/example_branch_labels.py took 0.052 seconds
[2025-01-28T00:53:15.265+0000] {processor.py:186} INFO - Started process (PID=1430) to work on /home/airflow/.local/lib/python3.12/site-packages/airflow/example_dags/example_branch_labels.py
[2025-01-28T00:53:15.266+0000] {processor.py:914} INFO - Processing file /home/airflow/.local/lib/python3.12/site-packages/airflow/example_dags/example_branch_labels.py for tasks to queue
[2025-01-28T00:53:15.268+0000] {logging_mixin.py:190} INFO - [2025-01-28T00:53:15.268+0000] {dagbag.py:588} INFO - Filling up the DagBag from /home/airflow/.local/lib/python3.12/site-packages/airflow/example_dags/example_branch_labels.py
[2025-01-28T00:53:15.279+0000] {processor.py:925} INFO - DAG(s) 'example_branch_labels' retrieved from /home/airflow/.local/lib/python3.12/site-packages/airflow/example_dags/example_branch_labels.py
[2025-01-28T00:53:15.296+0000] {logging_mixin.py:190} INFO - [2025-01-28T00:53:15.295+0000] {dag.py:3239} INFO - Sync 1 DAGs
[2025-01-28T00:53:15.313+0000] {logging_mixin.py:190} INFO - [2025-01-28T00:53:15.313+0000] {dag.py:4180} INFO - Setting next_dagrun for example_branch_labels to 2025-01-27 00:00:00+00:00, run_after=2025-01-28 00:00:00+00:00
[2025-01-28T00:53:15.327+0000] {processor.py:208} INFO - Processing /home/airflow/.local/lib/python3.12/site-packages/airflow/example_dags/example_branch_labels.py took 0.066 seconds
[2025-01-28T00:53:45.732+0000] {processor.py:186} INFO - Started process (PID=1495) to work on /home/airflow/.local/lib/python3.12/site-packages/airflow/example_dags/example_branch_labels.py
[2025-01-28T00:53:45.733+0000] {processor.py:914} INFO - Processing file /home/airflow/.local/lib/python3.12/site-packages/airflow/example_dags/example_branch_labels.py for tasks to queue
[2025-01-28T00:53:45.734+0000] {logging_mixin.py:190} INFO - [2025-01-28T00:53:45.734+0000] {dagbag.py:588} INFO - Filling up the DagBag from /home/airflow/.local/lib/python3.12/site-packages/airflow/example_dags/example_branch_labels.py
[2025-01-28T00:53:45.742+0000] {processor.py:925} INFO - DAG(s) 'example_branch_labels' retrieved from /home/airflow/.local/lib/python3.12/site-packages/airflow/example_dags/example_branch_labels.py
[2025-01-28T00:53:45.758+0000] {logging_mixin.py:190} INFO - [2025-01-28T00:53:45.758+0000] {dag.py:3239} INFO - Sync 1 DAGs
[2025-01-28T00:53:45.780+0000] {logging_mixin.py:190} INFO - [2025-01-28T00:53:45.779+0000] {dag.py:4180} INFO - Setting next_dagrun for example_branch_labels to 2025-01-27 00:00:00+00:00, run_after=2025-01-28 00:00:00+00:00
[2025-01-28T00:53:45.799+0000] {processor.py:208} INFO - Processing /home/airflow/.local/lib/python3.12/site-packages/airflow/example_dags/example_branch_labels.py took 0.071 seconds
[2025-01-28T00:54:16.627+0000] {processor.py:186} INFO - Started process (PID=1560) to work on /home/airflow/.local/lib/python3.12/site-packages/airflow/example_dags/example_branch_labels.py
[2025-01-28T00:54:16.628+0000] {processor.py:914} INFO - Processing file /home/airflow/.local/lib/python3.12/site-packages/airflow/example_dags/example_branch_labels.py for tasks to queue
[2025-01-28T00:54:16.630+0000] {logging_mixin.py:190} INFO - [2025-01-28T00:54:16.630+0000] {dagbag.py:588} INFO - Filling up the DagBag from /home/airflow/.local/lib/python3.12/site-packages/airflow/example_dags/example_branch_labels.py
[2025-01-28T00:54:16.635+0000] {processor.py:925} INFO - DAG(s) 'example_branch_labels' retrieved from /home/airflow/.local/lib/python3.12/site-packages/airflow/example_dags/example_branch_labels.py
[2025-01-28T00:54:16.648+0000] {logging_mixin.py:190} INFO - [2025-01-28T00:54:16.648+0000] {dag.py:3239} INFO - Sync 1 DAGs
[2025-01-28T00:54:16.665+0000] {logging_mixin.py:190} INFO - [2025-01-28T00:54:16.665+0000] {dag.py:4180} INFO - Setting next_dagrun for example_branch_labels to 2025-01-27 00:00:00+00:00, run_after=2025-01-28 00:00:00+00:00
[2025-01-28T00:54:16.677+0000] {processor.py:208} INFO - Processing /home/airflow/.local/lib/python3.12/site-packages/airflow/example_dags/example_branch_labels.py took 0.053 seconds
[2025-01-28T00:54:47.689+0000] {processor.py:186} INFO - Started process (PID=1625) to work on /home/airflow/.local/lib/python3.12/site-packages/airflow/example_dags/example_branch_labels.py
[2025-01-28T00:54:47.690+0000] {processor.py:914} INFO - Processing file /home/airflow/.local/lib/python3.12/site-packages/airflow/example_dags/example_branch_labels.py for tasks to queue
[2025-01-28T00:54:47.692+0000] {logging_mixin.py:190} INFO - [2025-01-28T00:54:47.692+0000] {dagbag.py:588} INFO - Filling up the DagBag from /home/airflow/.local/lib/python3.12/site-packages/airflow/example_dags/example_branch_labels.py
[2025-01-28T00:54:47.699+0000] {processor.py:925} INFO - DAG(s) 'example_branch_labels' retrieved from /home/airflow/.local/lib/python3.12/site-packages/airflow/example_dags/example_branch_labels.py
[2025-01-28T00:54:47.719+0000] {logging_mixin.py:190} INFO - [2025-01-28T00:54:47.718+0000] {dag.py:3239} INFO - Sync 1 DAGs
[2025-01-28T00:54:47.745+0000] {logging_mixin.py:190} INFO - [2025-01-28T00:54:47.745+0000] {dag.py:4180} INFO - Setting next_dagrun for example_branch_labels to 2025-01-27 00:00:00+00:00, run_after=2025-01-28 00:00:00+00:00
[2025-01-28T00:54:47.765+0000] {processor.py:208} INFO - Processing /home/airflow/.local/lib/python3.12/site-packages/airflow/example_dags/example_branch_labels.py took 0.080 seconds
[2025-01-28T00:55:18.267+0000] {processor.py:186} INFO - Started process (PID=1690) to work on /home/airflow/.local/lib/python3.12/site-packages/airflow/example_dags/example_branch_labels.py
[2025-01-28T00:55:18.267+0000] {processor.py:914} INFO - Processing file /home/airflow/.local/lib/python3.12/site-packages/airflow/example_dags/example_branch_labels.py for tasks to queue
[2025-01-28T00:55:18.268+0000] {logging_mixin.py:190} INFO - [2025-01-28T00:55:18.268+0000] {dagbag.py:588} INFO - Filling up the DagBag from /home/airflow/.local/lib/python3.12/site-packages/airflow/example_dags/example_branch_labels.py
[2025-01-28T00:55:18.274+0000] {processor.py:925} INFO - DAG(s) 'example_branch_labels' retrieved from /home/airflow/.local/lib/python3.12/site-packages/airflow/example_dags/example_branch_labels.py
[2025-01-28T00:55:18.286+0000] {logging_mixin.py:190} INFO - [2025-01-28T00:55:18.286+0000] {dag.py:3239} INFO - Sync 1 DAGs
[2025-01-28T00:55:18.303+0000] {logging_mixin.py:190} INFO - [2025-01-28T00:55:18.303+0000] {dag.py:4180} INFO - Setting next_dagrun for example_branch_labels to 2025-01-27 00:00:00+00:00, run_after=2025-01-28 00:00:00+00:00
[2025-01-28T00:55:18.318+0000] {processor.py:208} INFO - Processing /home/airflow/.local/lib/python3.12/site-packages/airflow/example_dags/example_branch_labels.py took 0.054 seconds
[2025-01-28T00:55:49.271+0000] {processor.py:186} INFO - Started process (PID=1755) to work on /home/airflow/.local/lib/python3.12/site-packages/airflow/example_dags/example_branch_labels.py
[2025-01-28T00:55:49.272+0000] {processor.py:914} INFO - Processing file /home/airflow/.local/lib/python3.12/site-packages/airflow/example_dags/example_branch_labels.py for tasks to queue
[2025-01-28T00:55:49.273+0000] {logging_mixin.py:190} INFO - [2025-01-28T00:55:49.273+0000] {dagbag.py:588} INFO - Filling up the DagBag from /home/airflow/.local/lib/python3.12/site-packages/airflow/example_dags/example_branch_labels.py
[2025-01-28T00:55:49.280+0000] {processor.py:925} INFO - DAG(s) 'example_branch_labels' retrieved from /home/airflow/.local/lib/python3.12/site-packages/airflow/example_dags/example_branch_labels.py
[2025-01-28T00:55:49.297+0000] {logging_mixin.py:190} INFO - [2025-01-28T00:55:49.297+0000] {dag.py:3239} INFO - Sync 1 DAGs
[2025-01-28T00:55:49.323+0000] {logging_mixin.py:190} INFO - [2025-01-28T00:55:49.323+0000] {dag.py:4180} INFO - Setting next_dagrun for example_branch_labels to 2025-01-27 00:00:00+00:00, run_after=2025-01-28 00:00:00+00:00
[2025-01-28T00:55:49.340+0000] {processor.py:208} INFO - Processing /home/airflow/.local/lib/python3.12/site-packages/airflow/example_dags/example_branch_labels.py took 0.072 seconds
[2025-01-28T00:56:19.439+0000] {processor.py:186} INFO - Started process (PID=1820) to work on /home/airflow/.local/lib/python3.12/site-packages/airflow/example_dags/example_branch_labels.py
[2025-01-28T00:56:19.440+0000] {processor.py:914} INFO - Processing file /home/airflow/.local/lib/python3.12/site-packages/airflow/example_dags/example_branch_labels.py for tasks to queue
[2025-01-28T00:56:19.441+0000] {logging_mixin.py:190} INFO - [2025-01-28T00:56:19.441+0000] {dagbag.py:588} INFO - Filling up the DagBag from /home/airflow/.local/lib/python3.12/site-packages/airflow/example_dags/example_branch_labels.py
[2025-01-28T00:56:19.446+0000] {processor.py:925} INFO - DAG(s) 'example_branch_labels' retrieved from /home/airflow/.local/lib/python3.12/site-packages/airflow/example_dags/example_branch_labels.py
[2025-01-28T00:56:19.460+0000] {logging_mixin.py:190} INFO - [2025-01-28T00:56:19.460+0000] {dag.py:3239} INFO - Sync 1 DAGs
[2025-01-28T00:56:19.474+0000] {logging_mixin.py:190} INFO - [2025-01-28T00:56:19.474+0000] {dag.py:4180} INFO - Setting next_dagrun for example_branch_labels to 2025-01-27 00:00:00+00:00, run_after=2025-01-28 00:00:00+00:00
[2025-01-28T00:56:19.487+0000] {processor.py:208} INFO - Processing /home/airflow/.local/lib/python3.12/site-packages/airflow/example_dags/example_branch_labels.py took 0.052 seconds
[2025-01-28T00:56:50.038+0000] {processor.py:186} INFO - Started process (PID=1885) to work on /home/airflow/.local/lib/python3.12/site-packages/airflow/example_dags/example_branch_labels.py
[2025-01-28T00:56:50.039+0000] {processor.py:914} INFO - Processing file /home/airflow/.local/lib/python3.12/site-packages/airflow/example_dags/example_branch_labels.py for tasks to queue
[2025-01-28T00:56:50.040+0000] {logging_mixin.py:190} INFO - [2025-01-28T00:56:50.040+0000] {dagbag.py:588} INFO - Filling up the DagBag from /home/airflow/.local/lib/python3.12/site-packages/airflow/example_dags/example_branch_labels.py
[2025-01-28T00:56:50.050+0000] {processor.py:925} INFO - DAG(s) 'example_branch_labels' retrieved from /home/airflow/.local/lib/python3.12/site-packages/airflow/example_dags/example_branch_labels.py
[2025-01-28T00:56:50.065+0000] {logging_mixin.py:190} INFO - [2025-01-28T00:56:50.065+0000] {dag.py:3239} INFO - Sync 1 DAGs
[2025-01-28T00:56:50.089+0000] {logging_mixin.py:190} INFO - [2025-01-28T00:56:50.088+0000] {dag.py:4180} INFO - Setting next_dagrun for example_branch_labels to 2025-01-27 00:00:00+00:00, run_after=2025-01-28 00:00:00+00:00
[2025-01-28T00:56:50.104+0000] {processor.py:208} INFO - Processing /home/airflow/.local/lib/python3.12/site-packages/airflow/example_dags/example_branch_labels.py took 0.074 seconds
[2025-01-28T00:57:20.910+0000] {processor.py:186} INFO - Started process (PID=1950) to work on /home/airflow/.local/lib/python3.12/site-packages/airflow/example_dags/example_branch_labels.py
[2025-01-28T00:57:20.911+0000] {processor.py:914} INFO - Processing file /home/airflow/.local/lib/python3.12/site-packages/airflow/example_dags/example_branch_labels.py for tasks to queue
[2025-01-28T00:57:20.914+0000] {logging_mixin.py:190} INFO - [2025-01-28T00:57:20.913+0000] {dagbag.py:588} INFO - Filling up the DagBag from /home/airflow/.local/lib/python3.12/site-packages/airflow/example_dags/example_branch_labels.py
[2025-01-28T00:57:20.923+0000] {processor.py:925} INFO - DAG(s) 'example_branch_labels' retrieved from /home/airflow/.local/lib/python3.12/site-packages/airflow/example_dags/example_branch_labels.py
[2025-01-28T00:57:20.946+0000] {logging_mixin.py:190} INFO - [2025-01-28T00:57:20.945+0000] {dag.py:3239} INFO - Sync 1 DAGs
[2025-01-28T00:57:20.981+0000] {logging_mixin.py:190} INFO - [2025-01-28T00:57:20.981+0000] {dag.py:4180} INFO - Setting next_dagrun for example_branch_labels to 2025-01-27 00:00:00+00:00, run_after=2025-01-28 00:00:00+00:00
[2025-01-28T00:57:20.998+0000] {processor.py:208} INFO - Processing /home/airflow/.local/lib/python3.12/site-packages/airflow/example_dags/example_branch_labels.py took 0.094 seconds
[2025-01-28T00:57:52.072+0000] {processor.py:186} INFO - Started process (PID=2014) to work on /home/airflow/.local/lib/python3.12/site-packages/airflow/example_dags/example_branch_labels.py
[2025-01-28T00:57:52.073+0000] {processor.py:914} INFO - Processing file /home/airflow/.local/lib/python3.12/site-packages/airflow/example_dags/example_branch_labels.py for tasks to queue
[2025-01-28T00:57:52.076+0000] {logging_mixin.py:190} INFO - [2025-01-28T00:57:52.075+0000] {dagbag.py:588} INFO - Filling up the DagBag from /home/airflow/.local/lib/python3.12/site-packages/airflow/example_dags/example_branch_labels.py
[2025-01-28T00:57:52.087+0000] {processor.py:925} INFO - DAG(s) 'example_branch_labels' retrieved from /home/airflow/.local/lib/python3.12/site-packages/airflow/example_dags/example_branch_labels.py
[2025-01-28T00:57:52.108+0000] {logging_mixin.py:190} INFO - [2025-01-28T00:57:52.107+0000] {dag.py:3239} INFO - Sync 1 DAGs
[2025-01-28T00:57:52.126+0000] {logging_mixin.py:190} INFO - [2025-01-28T00:57:52.126+0000] {dag.py:4180} INFO - Setting next_dagrun for example_branch_labels to 2025-01-27 00:00:00+00:00, run_after=2025-01-28 00:00:00+00:00
[2025-01-28T00:57:52.140+0000] {processor.py:208} INFO - Processing /home/airflow/.local/lib/python3.12/site-packages/airflow/example_dags/example_branch_labels.py took 0.075 seconds
[2025-01-28T00:58:22.413+0000] {processor.py:186} INFO - Started process (PID=2079) to work on /home/airflow/.local/lib/python3.12/site-packages/airflow/example_dags/example_branch_labels.py
[2025-01-28T00:58:22.414+0000] {processor.py:914} INFO - Processing file /home/airflow/.local/lib/python3.12/site-packages/airflow/example_dags/example_branch_labels.py for tasks to queue
[2025-01-28T00:58:22.415+0000] {logging_mixin.py:190} INFO - [2025-01-28T00:58:22.415+0000] {dagbag.py:588} INFO - Filling up the DagBag from /home/airflow/.local/lib/python3.12/site-packages/airflow/example_dags/example_branch_labels.py
[2025-01-28T00:58:22.422+0000] {processor.py:925} INFO - DAG(s) 'example_branch_labels' retrieved from /home/airflow/.local/lib/python3.12/site-packages/airflow/example_dags/example_branch_labels.py
[2025-01-28T00:58:22.443+0000] {logging_mixin.py:190} INFO - [2025-01-28T00:58:22.443+0000] {dag.py:3239} INFO - Sync 1 DAGs
[2025-01-28T00:58:22.481+0000] {logging_mixin.py:190} INFO - [2025-01-28T00:58:22.481+0000] {dag.py:4180} INFO - Setting next_dagrun for example_branch_labels to 2025-01-27 00:00:00+00:00, run_after=2025-01-28 00:00:00+00:00
[2025-01-28T00:58:22.506+0000] {processor.py:208} INFO - Processing /home/airflow/.local/lib/python3.12/site-packages/airflow/example_dags/example_branch_labels.py took 0.096 seconds
[2025-01-28T00:58:52.880+0000] {processor.py:186} INFO - Started process (PID=2144) to work on /home/airflow/.local/lib/python3.12/site-packages/airflow/example_dags/example_branch_labels.py
[2025-01-28T00:58:52.889+0000] {processor.py:914} INFO - Processing file /home/airflow/.local/lib/python3.12/site-packages/airflow/example_dags/example_branch_labels.py for tasks to queue
[2025-01-28T00:58:52.891+0000] {logging_mixin.py:190} INFO - [2025-01-28T00:58:52.890+0000] {dagbag.py:588} INFO - Filling up the DagBag from /home/airflow/.local/lib/python3.12/site-packages/airflow/example_dags/example_branch_labels.py
[2025-01-28T00:58:52.896+0000] {processor.py:925} INFO - DAG(s) 'example_branch_labels' retrieved from /home/airflow/.local/lib/python3.12/site-packages/airflow/example_dags/example_branch_labels.py
[2025-01-28T00:58:52.915+0000] {logging_mixin.py:190} INFO - [2025-01-28T00:58:52.915+0000] {dag.py:3239} INFO - Sync 1 DAGs
[2025-01-28T00:58:52.938+0000] {logging_mixin.py:190} INFO - [2025-01-28T00:58:52.938+0000] {dag.py:4180} INFO - Setting next_dagrun for example_branch_labels to 2025-01-27 00:00:00+00:00, run_after=2025-01-28 00:00:00+00:00
[2025-01-28T00:58:52.955+0000] {processor.py:208} INFO - Processing /home/airflow/.local/lib/python3.12/site-packages/airflow/example_dags/example_branch_labels.py took 0.078 seconds
[2025-01-28T00:59:23.460+0000] {processor.py:186} INFO - Started process (PID=2209) to work on /home/airflow/.local/lib/python3.12/site-packages/airflow/example_dags/example_branch_labels.py
[2025-01-28T00:59:23.461+0000] {processor.py:914} INFO - Processing file /home/airflow/.local/lib/python3.12/site-packages/airflow/example_dags/example_branch_labels.py for tasks to queue
[2025-01-28T00:59:23.462+0000] {logging_mixin.py:190} INFO - [2025-01-28T00:59:23.462+0000] {dagbag.py:588} INFO - Filling up the DagBag from /home/airflow/.local/lib/python3.12/site-packages/airflow/example_dags/example_branch_labels.py
[2025-01-28T00:59:23.469+0000] {processor.py:925} INFO - DAG(s) 'example_branch_labels' retrieved from /home/airflow/.local/lib/python3.12/site-packages/airflow/example_dags/example_branch_labels.py
[2025-01-28T00:59:23.485+0000] {logging_mixin.py:190} INFO - [2025-01-28T00:59:23.485+0000] {dag.py:3239} INFO - Sync 1 DAGs
[2025-01-28T00:59:23.500+0000] {logging_mixin.py:190} INFO - [2025-01-28T00:59:23.500+0000] {dag.py:4180} INFO - Setting next_dagrun for example_branch_labels to 2025-01-27 00:00:00+00:00, run_after=2025-01-28 00:00:00+00:00
[2025-01-28T00:59:23.514+0000] {processor.py:208} INFO - Processing /home/airflow/.local/lib/python3.12/site-packages/airflow/example_dags/example_branch_labels.py took 0.058 seconds
[2025-01-28T00:59:53.699+0000] {processor.py:186} INFO - Started process (PID=2274) to work on /home/airflow/.local/lib/python3.12/site-packages/airflow/example_dags/example_branch_labels.py
[2025-01-28T00:59:53.700+0000] {processor.py:914} INFO - Processing file /home/airflow/.local/lib/python3.12/site-packages/airflow/example_dags/example_branch_labels.py for tasks to queue
[2025-01-28T00:59:53.702+0000] {logging_mixin.py:190} INFO - [2025-01-28T00:59:53.701+0000] {dagbag.py:588} INFO - Filling up the DagBag from /home/airflow/.local/lib/python3.12/site-packages/airflow/example_dags/example_branch_labels.py
[2025-01-28T00:59:53.710+0000] {processor.py:925} INFO - DAG(s) 'example_branch_labels' retrieved from /home/airflow/.local/lib/python3.12/site-packages/airflow/example_dags/example_branch_labels.py
[2025-01-28T00:59:53.725+0000] {logging_mixin.py:190} INFO - [2025-01-28T00:59:53.725+0000] {dag.py:3239} INFO - Sync 1 DAGs
[2025-01-28T00:59:53.741+0000] {logging_mixin.py:190} INFO - [2025-01-28T00:59:53.741+0000] {dag.py:4180} INFO - Setting next_dagrun for example_branch_labels to 2025-01-27 00:00:00+00:00, run_after=2025-01-28 00:00:00+00:00
[2025-01-28T00:59:53.759+0000] {processor.py:208} INFO - Processing /home/airflow/.local/lib/python3.12/site-packages/airflow/example_dags/example_branch_labels.py took 0.068 seconds
[2025-01-28T01:00:23.791+0000] {processor.py:186} INFO - Started process (PID=2338) to work on /home/airflow/.local/lib/python3.12/site-packages/airflow/example_dags/example_branch_labels.py
[2025-01-28T01:00:23.792+0000] {processor.py:914} INFO - Processing file /home/airflow/.local/lib/python3.12/site-packages/airflow/example_dags/example_branch_labels.py for tasks to queue
[2025-01-28T01:00:23.794+0000] {logging_mixin.py:190} INFO - [2025-01-28T01:00:23.793+0000] {dagbag.py:588} INFO - Filling up the DagBag from /home/airflow/.local/lib/python3.12/site-packages/airflow/example_dags/example_branch_labels.py
[2025-01-28T01:00:23.801+0000] {processor.py:925} INFO - DAG(s) 'example_branch_labels' retrieved from /home/airflow/.local/lib/python3.12/site-packages/airflow/example_dags/example_branch_labels.py
[2025-01-28T01:00:23.814+0000] {logging_mixin.py:190} INFO - [2025-01-28T01:00:23.814+0000] {dag.py:3239} INFO - Sync 1 DAGs
[2025-01-28T01:00:23.831+0000] {logging_mixin.py:190} INFO - [2025-01-28T01:00:23.831+0000] {dag.py:4180} INFO - Setting next_dagrun for example_branch_labels to 2025-01-27 00:00:00+00:00, run_after=2025-01-28 00:00:00+00:00
[2025-01-28T01:00:23.846+0000] {processor.py:208} INFO - Processing /home/airflow/.local/lib/python3.12/site-packages/airflow/example_dags/example_branch_labels.py took 0.059 seconds
[2025-01-28T01:00:54.420+0000] {processor.py:186} INFO - Started process (PID=2404) to work on /home/airflow/.local/lib/python3.12/site-packages/airflow/example_dags/example_branch_labels.py
[2025-01-28T01:00:54.421+0000] {processor.py:914} INFO - Processing file /home/airflow/.local/lib/python3.12/site-packages/airflow/example_dags/example_branch_labels.py for tasks to queue
[2025-01-28T01:00:54.422+0000] {logging_mixin.py:190} INFO - [2025-01-28T01:00:54.422+0000] {dagbag.py:588} INFO - Filling up the DagBag from /home/airflow/.local/lib/python3.12/site-packages/airflow/example_dags/example_branch_labels.py
[2025-01-28T01:00:54.431+0000] {processor.py:925} INFO - DAG(s) 'example_branch_labels' retrieved from /home/airflow/.local/lib/python3.12/site-packages/airflow/example_dags/example_branch_labels.py
[2025-01-28T01:00:54.450+0000] {logging_mixin.py:190} INFO - [2025-01-28T01:00:54.450+0000] {dag.py:3239} INFO - Sync 1 DAGs
[2025-01-28T01:00:54.482+0000] {logging_mixin.py:190} INFO - [2025-01-28T01:00:54.481+0000] {dag.py:4180} INFO - Setting next_dagrun for example_branch_labels to 2025-01-27 00:00:00+00:00, run_after=2025-01-28 00:00:00+00:00
[2025-01-28T01:00:54.518+0000] {processor.py:208} INFO - Processing /home/airflow/.local/lib/python3.12/site-packages/airflow/example_dags/example_branch_labels.py took 0.101 seconds
[2025-01-28T01:01:24.845+0000] {processor.py:186} INFO - Started process (PID=2469) to work on /home/airflow/.local/lib/python3.12/site-packages/airflow/example_dags/example_branch_labels.py
[2025-01-28T01:01:24.846+0000] {processor.py:914} INFO - Processing file /home/airflow/.local/lib/python3.12/site-packages/airflow/example_dags/example_branch_labels.py for tasks to queue
[2025-01-28T01:01:24.848+0000] {logging_mixin.py:190} INFO - [2025-01-28T01:01:24.847+0000] {dagbag.py:588} INFO - Filling up the DagBag from /home/airflow/.local/lib/python3.12/site-packages/airflow/example_dags/example_branch_labels.py
[2025-01-28T01:01:24.856+0000] {processor.py:925} INFO - DAG(s) 'example_branch_labels' retrieved from /home/airflow/.local/lib/python3.12/site-packages/airflow/example_dags/example_branch_labels.py
[2025-01-28T01:01:24.874+0000] {logging_mixin.py:190} INFO - [2025-01-28T01:01:24.874+0000] {dag.py:3239} INFO - Sync 1 DAGs
[2025-01-28T01:01:24.897+0000] {logging_mixin.py:190} INFO - [2025-01-28T01:01:24.897+0000] {dag.py:4180} INFO - Setting next_dagrun for example_branch_labels to 2025-01-27 00:00:00+00:00, run_after=2025-01-28 00:00:00+00:00
[2025-01-28T01:01:24.913+0000] {processor.py:208} INFO - Processing /home/airflow/.local/lib/python3.12/site-packages/airflow/example_dags/example_branch_labels.py took 0.073 seconds
[2025-01-28T01:01:55.239+0000] {processor.py:186} INFO - Started process (PID=2534) to work on /home/airflow/.local/lib/python3.12/site-packages/airflow/example_dags/example_branch_labels.py
[2025-01-28T01:01:55.239+0000] {processor.py:914} INFO - Processing file /home/airflow/.local/lib/python3.12/site-packages/airflow/example_dags/example_branch_labels.py for tasks to queue
[2025-01-28T01:01:55.241+0000] {logging_mixin.py:190} INFO - [2025-01-28T01:01:55.241+0000] {dagbag.py:588} INFO - Filling up the DagBag from /home/airflow/.local/lib/python3.12/site-packages/airflow/example_dags/example_branch_labels.py
[2025-01-28T01:01:55.250+0000] {processor.py:925} INFO - DAG(s) 'example_branch_labels' retrieved from /home/airflow/.local/lib/python3.12/site-packages/airflow/example_dags/example_branch_labels.py
[2025-01-28T01:01:55.269+0000] {logging_mixin.py:190} INFO - [2025-01-28T01:01:55.268+0000] {dag.py:3239} INFO - Sync 1 DAGs
[2025-01-28T01:01:55.288+0000] {logging_mixin.py:190} INFO - [2025-01-28T01:01:55.288+0000] {dag.py:4180} INFO - Setting next_dagrun for example_branch_labels to 2025-01-27 00:00:00+00:00, run_after=2025-01-28 00:00:00+00:00
[2025-01-28T01:01:55.304+0000] {processor.py:208} INFO - Processing /home/airflow/.local/lib/python3.12/site-packages/airflow/example_dags/example_branch_labels.py took 0.070 seconds
[2025-01-28T01:02:25.629+0000] {processor.py:186} INFO - Started process (PID=2599) to work on /home/airflow/.local/lib/python3.12/site-packages/airflow/example_dags/example_branch_labels.py
[2025-01-28T01:02:25.630+0000] {processor.py:914} INFO - Processing file /home/airflow/.local/lib/python3.12/site-packages/airflow/example_dags/example_branch_labels.py for tasks to queue
[2025-01-28T01:02:25.631+0000] {logging_mixin.py:190} INFO - [2025-01-28T01:02:25.631+0000] {dagbag.py:588} INFO - Filling up the DagBag from /home/airflow/.local/lib/python3.12/site-packages/airflow/example_dags/example_branch_labels.py
[2025-01-28T01:02:25.637+0000] {processor.py:925} INFO - DAG(s) 'example_branch_labels' retrieved from /home/airflow/.local/lib/python3.12/site-packages/airflow/example_dags/example_branch_labels.py
[2025-01-28T01:02:25.654+0000] {logging_mixin.py:190} INFO - [2025-01-28T01:02:25.653+0000] {dag.py:3239} INFO - Sync 1 DAGs
[2025-01-28T01:02:25.672+0000] {logging_mixin.py:190} INFO - [2025-01-28T01:02:25.672+0000] {dag.py:4180} INFO - Setting next_dagrun for example_branch_labels to 2025-01-27 00:00:00+00:00, run_after=2025-01-28 00:00:00+00:00
[2025-01-28T01:02:25.691+0000] {processor.py:208} INFO - Processing /home/airflow/.local/lib/python3.12/site-packages/airflow/example_dags/example_branch_labels.py took 0.065 seconds
[2025-01-28T01:02:55.951+0000] {processor.py:186} INFO - Started process (PID=2664) to work on /home/airflow/.local/lib/python3.12/site-packages/airflow/example_dags/example_branch_labels.py
[2025-01-28T01:02:55.952+0000] {processor.py:914} INFO - Processing file /home/airflow/.local/lib/python3.12/site-packages/airflow/example_dags/example_branch_labels.py for tasks to queue
[2025-01-28T01:02:55.953+0000] {logging_mixin.py:190} INFO - [2025-01-28T01:02:55.953+0000] {dagbag.py:588} INFO - Filling up the DagBag from /home/airflow/.local/lib/python3.12/site-packages/airflow/example_dags/example_branch_labels.py
[2025-01-28T01:02:55.958+0000] {processor.py:925} INFO - DAG(s) 'example_branch_labels' retrieved from /home/airflow/.local/lib/python3.12/site-packages/airflow/example_dags/example_branch_labels.py
[2025-01-28T01:02:55.969+0000] {logging_mixin.py:190} INFO - [2025-01-28T01:02:55.969+0000] {dag.py:3239} INFO - Sync 1 DAGs
[2025-01-28T01:02:55.984+0000] {logging_mixin.py:190} INFO - [2025-01-28T01:02:55.984+0000] {dag.py:4180} INFO - Setting next_dagrun for example_branch_labels to 2025-01-27 00:00:00+00:00, run_after=2025-01-28 00:00:00+00:00
[2025-01-28T01:02:55.996+0000] {processor.py:208} INFO - Processing /home/airflow/.local/lib/python3.12/site-packages/airflow/example_dags/example_branch_labels.py took 0.048 seconds
[2025-01-28T01:03:26.520+0000] {processor.py:186} INFO - Started process (PID=2729) to work on /home/airflow/.local/lib/python3.12/site-packages/airflow/example_dags/example_branch_labels.py
[2025-01-28T01:03:26.521+0000] {processor.py:914} INFO - Processing file /home/airflow/.local/lib/python3.12/site-packages/airflow/example_dags/example_branch_labels.py for tasks to queue
[2025-01-28T01:03:26.522+0000] {logging_mixin.py:190} INFO - [2025-01-28T01:03:26.522+0000] {dagbag.py:588} INFO - Filling up the DagBag from /home/airflow/.local/lib/python3.12/site-packages/airflow/example_dags/example_branch_labels.py
[2025-01-28T01:03:26.529+0000] {processor.py:925} INFO - DAG(s) 'example_branch_labels' retrieved from /home/airflow/.local/lib/python3.12/site-packages/airflow/example_dags/example_branch_labels.py
[2025-01-28T01:03:26.547+0000] {logging_mixin.py:190} INFO - [2025-01-28T01:03:26.546+0000] {dag.py:3239} INFO - Sync 1 DAGs
[2025-01-28T01:03:26.582+0000] {logging_mixin.py:190} INFO - [2025-01-28T01:03:26.582+0000] {dag.py:4180} INFO - Setting next_dagrun for example_branch_labels to 2025-01-27 00:00:00+00:00, run_after=2025-01-28 00:00:00+00:00
[2025-01-28T01:03:26.608+0000] {processor.py:208} INFO - Processing /home/airflow/.local/lib/python3.12/site-packages/airflow/example_dags/example_branch_labels.py took 0.092 seconds
[2025-01-28T01:03:56.846+0000] {processor.py:186} INFO - Started process (PID=2795) to work on /home/airflow/.local/lib/python3.12/site-packages/airflow/example_dags/example_branch_labels.py
[2025-01-28T01:03:56.848+0000] {processor.py:914} INFO - Processing file /home/airflow/.local/lib/python3.12/site-packages/airflow/example_dags/example_branch_labels.py for tasks to queue
[2025-01-28T01:03:56.850+0000] {logging_mixin.py:190} INFO - [2025-01-28T01:03:56.850+0000] {dagbag.py:588} INFO - Filling up the DagBag from /home/airflow/.local/lib/python3.12/site-packages/airflow/example_dags/example_branch_labels.py
[2025-01-28T01:03:56.860+0000] {processor.py:925} INFO - DAG(s) 'example_branch_labels' retrieved from /home/airflow/.local/lib/python3.12/site-packages/airflow/example_dags/example_branch_labels.py
[2025-01-28T01:03:56.882+0000] {logging_mixin.py:190} INFO - [2025-01-28T01:03:56.882+0000] {dag.py:3239} INFO - Sync 1 DAGs
[2025-01-28T01:03:56.908+0000] {logging_mixin.py:190} INFO - [2025-01-28T01:03:56.908+0000] {dag.py:4180} INFO - Setting next_dagrun for example_branch_labels to 2025-01-27 00:00:00+00:00, run_after=2025-01-28 00:00:00+00:00
[2025-01-28T01:03:56.928+0000] {processor.py:208} INFO - Processing /home/airflow/.local/lib/python3.12/site-packages/airflow/example_dags/example_branch_labels.py took 0.088 seconds
[2025-01-28T01:04:27.112+0000] {processor.py:186} INFO - Started process (PID=2860) to work on /home/airflow/.local/lib/python3.12/site-packages/airflow/example_dags/example_branch_labels.py
[2025-01-28T01:04:27.126+0000] {processor.py:914} INFO - Processing file /home/airflow/.local/lib/python3.12/site-packages/airflow/example_dags/example_branch_labels.py for tasks to queue
[2025-01-28T01:04:27.128+0000] {logging_mixin.py:190} INFO - [2025-01-28T01:04:27.128+0000] {dagbag.py:588} INFO - Filling up the DagBag from /home/airflow/.local/lib/python3.12/site-packages/airflow/example_dags/example_branch_labels.py
[2025-01-28T01:04:27.136+0000] {processor.py:925} INFO - DAG(s) 'example_branch_labels' retrieved from /home/airflow/.local/lib/python3.12/site-packages/airflow/example_dags/example_branch_labels.py
[2025-01-28T01:04:27.152+0000] {logging_mixin.py:190} INFO - [2025-01-28T01:04:27.151+0000] {dag.py:3239} INFO - Sync 1 DAGs
[2025-01-28T01:04:27.174+0000] {logging_mixin.py:190} INFO - [2025-01-28T01:04:27.174+0000] {dag.py:4180} INFO - Setting next_dagrun for example_branch_labels to 2025-01-27 00:00:00+00:00, run_after=2025-01-28 00:00:00+00:00
[2025-01-28T01:04:27.210+0000] {processor.py:208} INFO - Processing /home/airflow/.local/lib/python3.12/site-packages/airflow/example_dags/example_branch_labels.py took 0.104 seconds
[2025-01-28T01:04:57.418+0000] {processor.py:186} INFO - Started process (PID=2925) to work on /home/airflow/.local/lib/python3.12/site-packages/airflow/example_dags/example_branch_labels.py
[2025-01-28T01:04:57.426+0000] {processor.py:914} INFO - Processing file /home/airflow/.local/lib/python3.12/site-packages/airflow/example_dags/example_branch_labels.py for tasks to queue
[2025-01-28T01:04:57.429+0000] {logging_mixin.py:190} INFO - [2025-01-28T01:04:57.428+0000] {dagbag.py:588} INFO - Filling up the DagBag from /home/airflow/.local/lib/python3.12/site-packages/airflow/example_dags/example_branch_labels.py
[2025-01-28T01:04:57.443+0000] {processor.py:925} INFO - DAG(s) 'example_branch_labels' retrieved from /home/airflow/.local/lib/python3.12/site-packages/airflow/example_dags/example_branch_labels.py
[2025-01-28T01:04:57.469+0000] {logging_mixin.py:190} INFO - [2025-01-28T01:04:57.469+0000] {dag.py:3239} INFO - Sync 1 DAGs
[2025-01-28T01:04:57.490+0000] {logging_mixin.py:190} INFO - [2025-01-28T01:04:57.490+0000] {dag.py:4180} INFO - Setting next_dagrun for example_branch_labels to 2025-01-27 00:00:00+00:00, run_after=2025-01-28 00:00:00+00:00
[2025-01-28T01:04:57.505+0000] {processor.py:208} INFO - Processing /home/airflow/.local/lib/python3.12/site-packages/airflow/example_dags/example_branch_labels.py took 0.094 seconds
[2025-01-28T01:05:27.533+0000] {processor.py:186} INFO - Started process (PID=2990) to work on /home/airflow/.local/lib/python3.12/site-packages/airflow/example_dags/example_branch_labels.py
[2025-01-28T01:05:27.534+0000] {processor.py:914} INFO - Processing file /home/airflow/.local/lib/python3.12/site-packages/airflow/example_dags/example_branch_labels.py for tasks to queue
[2025-01-28T01:05:27.536+0000] {logging_mixin.py:190} INFO - [2025-01-28T01:05:27.535+0000] {dagbag.py:588} INFO - Filling up the DagBag from /home/airflow/.local/lib/python3.12/site-packages/airflow/example_dags/example_branch_labels.py
[2025-01-28T01:05:27.542+0000] {processor.py:925} INFO - DAG(s) 'example_branch_labels' retrieved from /home/airflow/.local/lib/python3.12/site-packages/airflow/example_dags/example_branch_labels.py
[2025-01-28T01:05:27.562+0000] {logging_mixin.py:190} INFO - [2025-01-28T01:05:27.562+0000] {dag.py:3239} INFO - Sync 1 DAGs
[2025-01-28T01:05:27.585+0000] {logging_mixin.py:190} INFO - [2025-01-28T01:05:27.584+0000] {dag.py:4180} INFO - Setting next_dagrun for example_branch_labels to 2025-01-27 00:00:00+00:00, run_after=2025-01-28 00:00:00+00:00
[2025-01-28T01:05:27.596+0000] {processor.py:208} INFO - Processing /home/airflow/.local/lib/python3.12/site-packages/airflow/example_dags/example_branch_labels.py took 0.067 seconds
[2025-01-28T01:05:58.114+0000] {processor.py:186} INFO - Started process (PID=3055) to work on /home/airflow/.local/lib/python3.12/site-packages/airflow/example_dags/example_branch_labels.py
[2025-01-28T01:05:58.115+0000] {processor.py:914} INFO - Processing file /home/airflow/.local/lib/python3.12/site-packages/airflow/example_dags/example_branch_labels.py for tasks to queue
[2025-01-28T01:05:58.116+0000] {logging_mixin.py:190} INFO - [2025-01-28T01:05:58.116+0000] {dagbag.py:588} INFO - Filling up the DagBag from /home/airflow/.local/lib/python3.12/site-packages/airflow/example_dags/example_branch_labels.py
[2025-01-28T01:05:58.122+0000] {processor.py:925} INFO - DAG(s) 'example_branch_labels' retrieved from /home/airflow/.local/lib/python3.12/site-packages/airflow/example_dags/example_branch_labels.py
[2025-01-28T01:05:58.139+0000] {logging_mixin.py:190} INFO - [2025-01-28T01:05:58.139+0000] {dag.py:3239} INFO - Sync 1 DAGs
[2025-01-28T01:05:58.160+0000] {logging_mixin.py:190} INFO - [2025-01-28T01:05:58.160+0000] {dag.py:4180} INFO - Setting next_dagrun for example_branch_labels to 2025-01-27 00:00:00+00:00, run_after=2025-01-28 00:00:00+00:00
[2025-01-28T01:05:58.178+0000] {processor.py:208} INFO - Processing /home/airflow/.local/lib/python3.12/site-packages/airflow/example_dags/example_branch_labels.py took 0.067 seconds
[2025-01-28T01:06:28.361+0000] {processor.py:186} INFO - Started process (PID=3120) to work on /home/airflow/.local/lib/python3.12/site-packages/airflow/example_dags/example_branch_labels.py
[2025-01-28T01:06:28.362+0000] {processor.py:914} INFO - Processing file /home/airflow/.local/lib/python3.12/site-packages/airflow/example_dags/example_branch_labels.py for tasks to queue
[2025-01-28T01:06:28.363+0000] {logging_mixin.py:190} INFO - [2025-01-28T01:06:28.363+0000] {dagbag.py:588} INFO - Filling up the DagBag from /home/airflow/.local/lib/python3.12/site-packages/airflow/example_dags/example_branch_labels.py
[2025-01-28T01:06:28.371+0000] {processor.py:925} INFO - DAG(s) 'example_branch_labels' retrieved from /home/airflow/.local/lib/python3.12/site-packages/airflow/example_dags/example_branch_labels.py
[2025-01-28T01:06:28.386+0000] {logging_mixin.py:190} INFO - [2025-01-28T01:06:28.386+0000] {dag.py:3239} INFO - Sync 1 DAGs
[2025-01-28T01:06:28.408+0000] {logging_mixin.py:190} INFO - [2025-01-28T01:06:28.408+0000] {dag.py:4180} INFO - Setting next_dagrun for example_branch_labels to 2025-01-27 00:00:00+00:00, run_after=2025-01-28 00:00:00+00:00
[2025-01-28T01:06:28.424+0000] {processor.py:208} INFO - Processing /home/airflow/.local/lib/python3.12/site-packages/airflow/example_dags/example_branch_labels.py took 0.066 seconds
[2025-01-28T01:06:58.744+0000] {processor.py:186} INFO - Started process (PID=3185) to work on /home/airflow/.local/lib/python3.12/site-packages/airflow/example_dags/example_branch_labels.py
[2025-01-28T01:06:58.745+0000] {processor.py:914} INFO - Processing file /home/airflow/.local/lib/python3.12/site-packages/airflow/example_dags/example_branch_labels.py for tasks to queue
[2025-01-28T01:06:58.746+0000] {logging_mixin.py:190} INFO - [2025-01-28T01:06:58.746+0000] {dagbag.py:588} INFO - Filling up the DagBag from /home/airflow/.local/lib/python3.12/site-packages/airflow/example_dags/example_branch_labels.py
[2025-01-28T01:06:58.751+0000] {processor.py:925} INFO - DAG(s) 'example_branch_labels' retrieved from /home/airflow/.local/lib/python3.12/site-packages/airflow/example_dags/example_branch_labels.py
[2025-01-28T01:06:58.765+0000] {logging_mixin.py:190} INFO - [2025-01-28T01:06:58.764+0000] {dag.py:3239} INFO - Sync 1 DAGs
[2025-01-28T01:06:58.780+0000] {logging_mixin.py:190} INFO - [2025-01-28T01:06:58.780+0000] {dag.py:4180} INFO - Setting next_dagrun for example_branch_labels to 2025-01-27 00:00:00+00:00, run_after=2025-01-28 00:00:00+00:00
[2025-01-28T01:06:58.911+0000] {processor.py:208} INFO - Processing /home/airflow/.local/lib/python3.12/site-packages/airflow/example_dags/example_branch_labels.py took 0.170 seconds
[2025-01-28T01:07:29.077+0000] {processor.py:186} INFO - Started process (PID=3250) to work on /home/airflow/.local/lib/python3.12/site-packages/airflow/example_dags/example_branch_labels.py
[2025-01-28T01:07:29.078+0000] {processor.py:914} INFO - Processing file /home/airflow/.local/lib/python3.12/site-packages/airflow/example_dags/example_branch_labels.py for tasks to queue
[2025-01-28T01:07:29.081+0000] {logging_mixin.py:190} INFO - [2025-01-28T01:07:29.080+0000] {dagbag.py:588} INFO - Filling up the DagBag from /home/airflow/.local/lib/python3.12/site-packages/airflow/example_dags/example_branch_labels.py
[2025-01-28T01:07:29.092+0000] {processor.py:925} INFO - DAG(s) 'example_branch_labels' retrieved from /home/airflow/.local/lib/python3.12/site-packages/airflow/example_dags/example_branch_labels.py
[2025-01-28T01:07:29.107+0000] {logging_mixin.py:190} INFO - [2025-01-28T01:07:29.107+0000] {dag.py:3239} INFO - Sync 1 DAGs
[2025-01-28T01:07:29.128+0000] {logging_mixin.py:190} INFO - [2025-01-28T01:07:29.128+0000] {dag.py:4180} INFO - Setting next_dagrun for example_branch_labels to 2025-01-27 00:00:00+00:00, run_after=2025-01-28 00:00:00+00:00
[2025-01-28T01:07:29.144+0000] {processor.py:208} INFO - Processing /home/airflow/.local/lib/python3.12/site-packages/airflow/example_dags/example_branch_labels.py took 0.071 seconds
[2025-01-28T01:07:59.655+0000] {processor.py:186} INFO - Started process (PID=3315) to work on /home/airflow/.local/lib/python3.12/site-packages/airflow/example_dags/example_branch_labels.py
[2025-01-28T01:07:59.655+0000] {processor.py:914} INFO - Processing file /home/airflow/.local/lib/python3.12/site-packages/airflow/example_dags/example_branch_labels.py for tasks to queue
[2025-01-28T01:07:59.657+0000] {logging_mixin.py:190} INFO - [2025-01-28T01:07:59.656+0000] {dagbag.py:588} INFO - Filling up the DagBag from /home/airflow/.local/lib/python3.12/site-packages/airflow/example_dags/example_branch_labels.py
[2025-01-28T01:07:59.663+0000] {processor.py:925} INFO - DAG(s) 'example_branch_labels' retrieved from /home/airflow/.local/lib/python3.12/site-packages/airflow/example_dags/example_branch_labels.py
[2025-01-28T01:07:59.676+0000] {logging_mixin.py:190} INFO - [2025-01-28T01:07:59.675+0000] {dag.py:3239} INFO - Sync 1 DAGs
[2025-01-28T01:07:59.689+0000] {logging_mixin.py:190} INFO - [2025-01-28T01:07:59.689+0000] {dag.py:4180} INFO - Setting next_dagrun for example_branch_labels to 2025-01-27 00:00:00+00:00, run_after=2025-01-28 00:00:00+00:00
[2025-01-28T01:07:59.699+0000] {processor.py:208} INFO - Processing /home/airflow/.local/lib/python3.12/site-packages/airflow/example_dags/example_branch_labels.py took 0.048 seconds
[2025-01-28T01:08:29.910+0000] {processor.py:186} INFO - Started process (PID=3379) to work on /home/airflow/.local/lib/python3.12/site-packages/airflow/example_dags/example_branch_labels.py
[2025-01-28T01:08:29.911+0000] {processor.py:914} INFO - Processing file /home/airflow/.local/lib/python3.12/site-packages/airflow/example_dags/example_branch_labels.py for tasks to queue
[2025-01-28T01:08:29.912+0000] {logging_mixin.py:190} INFO - [2025-01-28T01:08:29.912+0000] {dagbag.py:588} INFO - Filling up the DagBag from /home/airflow/.local/lib/python3.12/site-packages/airflow/example_dags/example_branch_labels.py
[2025-01-28T01:08:29.920+0000] {processor.py:925} INFO - DAG(s) 'example_branch_labels' retrieved from /home/airflow/.local/lib/python3.12/site-packages/airflow/example_dags/example_branch_labels.py
[2025-01-28T01:08:29.949+0000] {logging_mixin.py:190} INFO - [2025-01-28T01:08:29.948+0000] {dag.py:3239} INFO - Sync 1 DAGs
[2025-01-28T01:08:29.981+0000] {logging_mixin.py:190} INFO - [2025-01-28T01:08:29.981+0000] {dag.py:4180} INFO - Setting next_dagrun for example_branch_labels to 2025-01-27 00:00:00+00:00, run_after=2025-01-28 00:00:00+00:00
[2025-01-28T01:08:29.998+0000] {processor.py:208} INFO - Processing /home/airflow/.local/lib/python3.12/site-packages/airflow/example_dags/example_branch_labels.py took 0.092 seconds
