[2025-01-28T00:42:18.350+0000] {processor.py:186} INFO - Started process (PID=84) to work on /home/airflow/.local/lib/python3.12/site-packages/airflow/example_dags/example_latest_only_with_trigger.py
[2025-01-28T00:42:18.351+0000] {processor.py:914} INFO - Processing file /home/airflow/.local/lib/python3.12/site-packages/airflow/example_dags/example_latest_only_with_trigger.py for tasks to queue
[2025-01-28T00:42:18.353+0000] {logging_mixin.py:190} INFO - [2025-01-28T00:42:18.352+0000] {dagbag.py:588} INFO - Filling up the DagBag from /home/airflow/.local/lib/python3.12/site-packages/airflow/example_dags/example_latest_only_with_trigger.py
[2025-01-28T00:42:18.362+0000] {processor.py:925} INFO - DAG(s) 'latest_only_with_trigger' retrieved from /home/airflow/.local/lib/python3.12/site-packages/airflow/example_dags/example_latest_only_with_trigger.py
[2025-01-28T00:42:18.392+0000] {logging_mixin.py:190} INFO - [2025-01-28T00:42:18.391+0000] {dag.py:3239} INFO - Sync 1 DAGs
[2025-01-28T00:42:18.419+0000] {logging_mixin.py:190} INFO - [2025-01-28T00:42:18.419+0000] {dag.py:4180} INFO - Setting next_dagrun for latest_only_with_trigger to 2025-01-27 20:00:00+00:00, run_after=2025-01-28 00:00:00+00:00
[2025-01-28T00:42:18.441+0000] {processor.py:208} INFO - Processing /home/airflow/.local/lib/python3.12/site-packages/airflow/example_dags/example_latest_only_with_trigger.py took 0.098 seconds
[2025-01-28T00:42:34.839+0000] {processor.py:186} INFO - Started process (PID=72) to work on /home/airflow/.local/lib/python3.12/site-packages/airflow/example_dags/example_latest_only_with_trigger.py
[2025-01-28T00:42:34.843+0000] {processor.py:914} INFO - Processing file /home/airflow/.local/lib/python3.12/site-packages/airflow/example_dags/example_latest_only_with_trigger.py for tasks to queue
[2025-01-28T00:42:34.845+0000] {logging_mixin.py:190} INFO - [2025-01-28T00:42:34.845+0000] {dagbag.py:588} INFO - Filling up the DagBag from /home/airflow/.local/lib/python3.12/site-packages/airflow/example_dags/example_latest_only_with_trigger.py
[2025-01-28T00:42:34.851+0000] {processor.py:925} INFO - DAG(s) 'latest_only_with_trigger' retrieved from /home/airflow/.local/lib/python3.12/site-packages/airflow/example_dags/example_latest_only_with_trigger.py
[2025-01-28T00:42:34.882+0000] {logging_mixin.py:190} INFO - [2025-01-28T00:42:34.882+0000] {dag.py:3239} INFO - Sync 1 DAGs
[2025-01-28T00:42:34.908+0000] {logging_mixin.py:190} INFO - [2025-01-28T00:42:34.908+0000] {dag.py:4180} INFO - Setting next_dagrun for latest_only_with_trigger to 2025-01-27 20:00:00+00:00, run_after=2025-01-28 00:00:00+00:00
[2025-01-28T00:42:34.939+0000] {processor.py:208} INFO - Processing /home/airflow/.local/lib/python3.12/site-packages/airflow/example_dags/example_latest_only_with_trigger.py took 0.104 seconds
[2025-01-28T00:43:05.587+0000] {processor.py:186} INFO - Started process (PID=136) to work on /home/airflow/.local/lib/python3.12/site-packages/airflow/example_dags/example_latest_only_with_trigger.py
[2025-01-28T00:43:05.587+0000] {processor.py:914} INFO - Processing file /home/airflow/.local/lib/python3.12/site-packages/airflow/example_dags/example_latest_only_with_trigger.py for tasks to queue
[2025-01-28T00:43:05.589+0000] {logging_mixin.py:190} INFO - [2025-01-28T00:43:05.588+0000] {dagbag.py:588} INFO - Filling up the DagBag from /home/airflow/.local/lib/python3.12/site-packages/airflow/example_dags/example_latest_only_with_trigger.py
[2025-01-28T00:43:05.594+0000] {processor.py:925} INFO - DAG(s) 'latest_only_with_trigger' retrieved from /home/airflow/.local/lib/python3.12/site-packages/airflow/example_dags/example_latest_only_with_trigger.py
[2025-01-28T00:43:05.616+0000] {logging_mixin.py:190} INFO - [2025-01-28T00:43:05.616+0000] {dag.py:3239} INFO - Sync 1 DAGs
[2025-01-28T00:43:05.638+0000] {logging_mixin.py:190} INFO - [2025-01-28T00:43:05.638+0000] {dag.py:4180} INFO - Setting next_dagrun for latest_only_with_trigger to 2025-01-27 20:00:00+00:00, run_after=2025-01-28 00:00:00+00:00
[2025-01-28T00:43:05.651+0000] {processor.py:208} INFO - Processing /home/airflow/.local/lib/python3.12/site-packages/airflow/example_dags/example_latest_only_with_trigger.py took 0.068 seconds
[2025-01-28T00:43:36.436+0000] {processor.py:186} INFO - Started process (PID=201) to work on /home/airflow/.local/lib/python3.12/site-packages/airflow/example_dags/example_latest_only_with_trigger.py
[2025-01-28T00:43:36.437+0000] {processor.py:914} INFO - Processing file /home/airflow/.local/lib/python3.12/site-packages/airflow/example_dags/example_latest_only_with_trigger.py for tasks to queue
[2025-01-28T00:43:36.439+0000] {logging_mixin.py:190} INFO - [2025-01-28T00:43:36.439+0000] {dagbag.py:588} INFO - Filling up the DagBag from /home/airflow/.local/lib/python3.12/site-packages/airflow/example_dags/example_latest_only_with_trigger.py
[2025-01-28T00:43:36.444+0000] {processor.py:925} INFO - DAG(s) 'latest_only_with_trigger' retrieved from /home/airflow/.local/lib/python3.12/site-packages/airflow/example_dags/example_latest_only_with_trigger.py
[2025-01-28T00:43:36.462+0000] {logging_mixin.py:190} INFO - [2025-01-28T00:43:36.462+0000] {dag.py:3239} INFO - Sync 1 DAGs
[2025-01-28T00:43:36.485+0000] {logging_mixin.py:190} INFO - [2025-01-28T00:43:36.485+0000] {dag.py:4180} INFO - Setting next_dagrun for latest_only_with_trigger to 2025-01-27 20:00:00+00:00, run_after=2025-01-28 00:00:00+00:00
[2025-01-28T00:43:36.501+0000] {processor.py:208} INFO - Processing /home/airflow/.local/lib/python3.12/site-packages/airflow/example_dags/example_latest_only_with_trigger.py took 0.068 seconds
[2025-01-28T00:44:06.760+0000] {processor.py:186} INFO - Started process (PID=266) to work on /home/airflow/.local/lib/python3.12/site-packages/airflow/example_dags/example_latest_only_with_trigger.py
[2025-01-28T00:44:06.761+0000] {processor.py:914} INFO - Processing file /home/airflow/.local/lib/python3.12/site-packages/airflow/example_dags/example_latest_only_with_trigger.py for tasks to queue
[2025-01-28T00:44:06.763+0000] {logging_mixin.py:190} INFO - [2025-01-28T00:44:06.762+0000] {dagbag.py:588} INFO - Filling up the DagBag from /home/airflow/.local/lib/python3.12/site-packages/airflow/example_dags/example_latest_only_with_trigger.py
[2025-01-28T00:44:06.770+0000] {processor.py:925} INFO - DAG(s) 'latest_only_with_trigger' retrieved from /home/airflow/.local/lib/python3.12/site-packages/airflow/example_dags/example_latest_only_with_trigger.py
[2025-01-28T00:44:06.789+0000] {logging_mixin.py:190} INFO - [2025-01-28T00:44:06.789+0000] {dag.py:3239} INFO - Sync 1 DAGs
[2025-01-28T00:44:06.814+0000] {logging_mixin.py:190} INFO - [2025-01-28T00:44:06.814+0000] {dag.py:4180} INFO - Setting next_dagrun for latest_only_with_trigger to 2025-01-27 20:00:00+00:00, run_after=2025-01-28 00:00:00+00:00
[2025-01-28T00:44:06.833+0000] {processor.py:208} INFO - Processing /home/airflow/.local/lib/python3.12/site-packages/airflow/example_dags/example_latest_only_with_trigger.py took 0.078 seconds
[2025-01-28T00:44:37.250+0000] {processor.py:186} INFO - Started process (PID=330) to work on /home/airflow/.local/lib/python3.12/site-packages/airflow/example_dags/example_latest_only_with_trigger.py
[2025-01-28T00:44:37.251+0000] {processor.py:914} INFO - Processing file /home/airflow/.local/lib/python3.12/site-packages/airflow/example_dags/example_latest_only_with_trigger.py for tasks to queue
[2025-01-28T00:44:37.253+0000] {logging_mixin.py:190} INFO - [2025-01-28T00:44:37.253+0000] {dagbag.py:588} INFO - Filling up the DagBag from /home/airflow/.local/lib/python3.12/site-packages/airflow/example_dags/example_latest_only_with_trigger.py
[2025-01-28T00:44:37.259+0000] {processor.py:925} INFO - DAG(s) 'latest_only_with_trigger' retrieved from /home/airflow/.local/lib/python3.12/site-packages/airflow/example_dags/example_latest_only_with_trigger.py
[2025-01-28T00:44:37.277+0000] {logging_mixin.py:190} INFO - [2025-01-28T00:44:37.276+0000] {dag.py:3239} INFO - Sync 1 DAGs
[2025-01-28T00:44:37.293+0000] {logging_mixin.py:190} INFO - [2025-01-28T00:44:37.292+0000] {dag.py:4180} INFO - Setting next_dagrun for latest_only_with_trigger to 2025-01-27 20:00:00+00:00, run_after=2025-01-28 00:00:00+00:00
[2025-01-28T00:44:37.304+0000] {processor.py:208} INFO - Processing /home/airflow/.local/lib/python3.12/site-packages/airflow/example_dags/example_latest_only_with_trigger.py took 0.059 seconds
[2025-01-28T00:45:07.611+0000] {processor.py:186} INFO - Started process (PID=395) to work on /home/airflow/.local/lib/python3.12/site-packages/airflow/example_dags/example_latest_only_with_trigger.py
[2025-01-28T00:45:07.612+0000] {processor.py:914} INFO - Processing file /home/airflow/.local/lib/python3.12/site-packages/airflow/example_dags/example_latest_only_with_trigger.py for tasks to queue
[2025-01-28T00:45:07.613+0000] {logging_mixin.py:190} INFO - [2025-01-28T00:45:07.613+0000] {dagbag.py:588} INFO - Filling up the DagBag from /home/airflow/.local/lib/python3.12/site-packages/airflow/example_dags/example_latest_only_with_trigger.py
[2025-01-28T00:45:07.617+0000] {processor.py:925} INFO - DAG(s) 'latest_only_with_trigger' retrieved from /home/airflow/.local/lib/python3.12/site-packages/airflow/example_dags/example_latest_only_with_trigger.py
[2025-01-28T00:45:07.628+0000] {logging_mixin.py:190} INFO - [2025-01-28T00:45:07.628+0000] {dag.py:3239} INFO - Sync 1 DAGs
[2025-01-28T00:45:07.643+0000] {logging_mixin.py:190} INFO - [2025-01-28T00:45:07.643+0000] {dag.py:4180} INFO - Setting next_dagrun for latest_only_with_trigger to 2025-01-27 20:00:00+00:00, run_after=2025-01-28 00:00:00+00:00
[2025-01-28T00:45:07.656+0000] {processor.py:208} INFO - Processing /home/airflow/.local/lib/python3.12/site-packages/airflow/example_dags/example_latest_only_with_trigger.py took 0.048 seconds
[2025-01-28T00:45:38.478+0000] {processor.py:186} INFO - Started process (PID=465) to work on /home/airflow/.local/lib/python3.12/site-packages/airflow/example_dags/example_latest_only_with_trigger.py
[2025-01-28T00:45:38.479+0000] {processor.py:914} INFO - Processing file /home/airflow/.local/lib/python3.12/site-packages/airflow/example_dags/example_latest_only_with_trigger.py for tasks to queue
[2025-01-28T00:45:38.480+0000] {logging_mixin.py:190} INFO - [2025-01-28T00:45:38.480+0000] {dagbag.py:588} INFO - Filling up the DagBag from /home/airflow/.local/lib/python3.12/site-packages/airflow/example_dags/example_latest_only_with_trigger.py
[2025-01-28T00:45:38.488+0000] {processor.py:925} INFO - DAG(s) 'latest_only_with_trigger' retrieved from /home/airflow/.local/lib/python3.12/site-packages/airflow/example_dags/example_latest_only_with_trigger.py
[2025-01-28T00:45:38.505+0000] {logging_mixin.py:190} INFO - [2025-01-28T00:45:38.505+0000] {dag.py:3239} INFO - Sync 1 DAGs
[2025-01-28T00:45:38.527+0000] {logging_mixin.py:190} INFO - [2025-01-28T00:45:38.527+0000] {dag.py:4180} INFO - Setting next_dagrun for latest_only_with_trigger to 2025-01-27 20:00:00+00:00, run_after=2025-01-28 00:00:00+00:00
[2025-01-28T00:45:38.543+0000] {processor.py:208} INFO - Processing /home/airflow/.local/lib/python3.12/site-packages/airflow/example_dags/example_latest_only_with_trigger.py took 0.070 seconds
[2025-01-28T00:46:09.759+0000] {processor.py:186} INFO - Started process (PID=532) to work on /home/airflow/.local/lib/python3.12/site-packages/airflow/example_dags/example_latest_only_with_trigger.py
[2025-01-28T00:46:09.760+0000] {processor.py:914} INFO - Processing file /home/airflow/.local/lib/python3.12/site-packages/airflow/example_dags/example_latest_only_with_trigger.py for tasks to queue
[2025-01-28T00:46:09.761+0000] {logging_mixin.py:190} INFO - [2025-01-28T00:46:09.761+0000] {dagbag.py:588} INFO - Filling up the DagBag from /home/airflow/.local/lib/python3.12/site-packages/airflow/example_dags/example_latest_only_with_trigger.py
[2025-01-28T00:46:09.766+0000] {processor.py:925} INFO - DAG(s) 'latest_only_with_trigger' retrieved from /home/airflow/.local/lib/python3.12/site-packages/airflow/example_dags/example_latest_only_with_trigger.py
[2025-01-28T00:46:09.784+0000] {logging_mixin.py:190} INFO - [2025-01-28T00:46:09.784+0000] {dag.py:3239} INFO - Sync 1 DAGs
[2025-01-28T00:46:09.804+0000] {logging_mixin.py:190} INFO - [2025-01-28T00:46:09.804+0000] {dag.py:4180} INFO - Setting next_dagrun for latest_only_with_trigger to 2025-01-27 20:00:00+00:00, run_after=2025-01-28 00:00:00+00:00
[2025-01-28T00:46:09.821+0000] {processor.py:208} INFO - Processing /home/airflow/.local/lib/python3.12/site-packages/airflow/example_dags/example_latest_only_with_trigger.py took 0.064 seconds
[2025-01-28T00:46:40.971+0000] {processor.py:186} INFO - Started process (PID=597) to work on /home/airflow/.local/lib/python3.12/site-packages/airflow/example_dags/example_latest_only_with_trigger.py
[2025-01-28T00:46:40.972+0000] {processor.py:914} INFO - Processing file /home/airflow/.local/lib/python3.12/site-packages/airflow/example_dags/example_latest_only_with_trigger.py for tasks to queue
[2025-01-28T00:46:40.976+0000] {logging_mixin.py:190} INFO - [2025-01-28T00:46:40.976+0000] {dagbag.py:588} INFO - Filling up the DagBag from /home/airflow/.local/lib/python3.12/site-packages/airflow/example_dags/example_latest_only_with_trigger.py
[2025-01-28T00:46:40.986+0000] {processor.py:925} INFO - DAG(s) 'latest_only_with_trigger' retrieved from /home/airflow/.local/lib/python3.12/site-packages/airflow/example_dags/example_latest_only_with_trigger.py
[2025-01-28T00:46:41.005+0000] {logging_mixin.py:190} INFO - [2025-01-28T00:46:41.005+0000] {dag.py:3239} INFO - Sync 1 DAGs
[2025-01-28T00:46:41.029+0000] {logging_mixin.py:190} INFO - [2025-01-28T00:46:41.029+0000] {dag.py:4180} INFO - Setting next_dagrun for latest_only_with_trigger to 2025-01-27 20:00:00+00:00, run_after=2025-01-28 00:00:00+00:00
[2025-01-28T00:46:41.059+0000] {processor.py:208} INFO - Processing /home/airflow/.local/lib/python3.12/site-packages/airflow/example_dags/example_latest_only_with_trigger.py took 0.098 seconds
[2025-01-28T00:47:11.719+0000] {processor.py:186} INFO - Started process (PID=662) to work on /home/airflow/.local/lib/python3.12/site-packages/airflow/example_dags/example_latest_only_with_trigger.py
[2025-01-28T00:47:11.719+0000] {processor.py:914} INFO - Processing file /home/airflow/.local/lib/python3.12/site-packages/airflow/example_dags/example_latest_only_with_trigger.py for tasks to queue
[2025-01-28T00:47:11.721+0000] {logging_mixin.py:190} INFO - [2025-01-28T00:47:11.721+0000] {dagbag.py:588} INFO - Filling up the DagBag from /home/airflow/.local/lib/python3.12/site-packages/airflow/example_dags/example_latest_only_with_trigger.py
[2025-01-28T00:47:11.725+0000] {processor.py:925} INFO - DAG(s) 'latest_only_with_trigger' retrieved from /home/airflow/.local/lib/python3.12/site-packages/airflow/example_dags/example_latest_only_with_trigger.py
[2025-01-28T00:47:11.740+0000] {logging_mixin.py:190} INFO - [2025-01-28T00:47:11.740+0000] {dag.py:3239} INFO - Sync 1 DAGs
[2025-01-28T00:47:11.756+0000] {logging_mixin.py:190} INFO - [2025-01-28T00:47:11.756+0000] {dag.py:4180} INFO - Setting next_dagrun for latest_only_with_trigger to 2025-01-27 20:00:00+00:00, run_after=2025-01-28 00:00:00+00:00
[2025-01-28T00:47:11.769+0000] {processor.py:208} INFO - Processing /home/airflow/.local/lib/python3.12/site-packages/airflow/example_dags/example_latest_only_with_trigger.py took 0.054 seconds
[2025-01-28T00:47:42.267+0000] {processor.py:186} INFO - Started process (PID=727) to work on /home/airflow/.local/lib/python3.12/site-packages/airflow/example_dags/example_latest_only_with_trigger.py
[2025-01-28T00:47:42.268+0000] {processor.py:914} INFO - Processing file /home/airflow/.local/lib/python3.12/site-packages/airflow/example_dags/example_latest_only_with_trigger.py for tasks to queue
[2025-01-28T00:47:42.269+0000] {logging_mixin.py:190} INFO - [2025-01-28T00:47:42.269+0000] {dagbag.py:588} INFO - Filling up the DagBag from /home/airflow/.local/lib/python3.12/site-packages/airflow/example_dags/example_latest_only_with_trigger.py
[2025-01-28T00:47:42.274+0000] {processor.py:925} INFO - DAG(s) 'latest_only_with_trigger' retrieved from /home/airflow/.local/lib/python3.12/site-packages/airflow/example_dags/example_latest_only_with_trigger.py
[2025-01-28T00:47:42.288+0000] {logging_mixin.py:190} INFO - [2025-01-28T00:47:42.288+0000] {dag.py:3239} INFO - Sync 1 DAGs
[2025-01-28T00:47:42.302+0000] {logging_mixin.py:190} INFO - [2025-01-28T00:47:42.302+0000] {dag.py:4180} INFO - Setting next_dagrun for latest_only_with_trigger to 2025-01-27 20:00:00+00:00, run_after=2025-01-28 00:00:00+00:00
[2025-01-28T00:47:42.315+0000] {processor.py:208} INFO - Processing /home/airflow/.local/lib/python3.12/site-packages/airflow/example_dags/example_latest_only_with_trigger.py took 0.051 seconds
[2025-01-28T00:48:12.978+0000] {processor.py:186} INFO - Started process (PID=792) to work on /home/airflow/.local/lib/python3.12/site-packages/airflow/example_dags/example_latest_only_with_trigger.py
[2025-01-28T00:48:12.979+0000] {processor.py:914} INFO - Processing file /home/airflow/.local/lib/python3.12/site-packages/airflow/example_dags/example_latest_only_with_trigger.py for tasks to queue
[2025-01-28T00:48:12.981+0000] {logging_mixin.py:190} INFO - [2025-01-28T00:48:12.980+0000] {dagbag.py:588} INFO - Filling up the DagBag from /home/airflow/.local/lib/python3.12/site-packages/airflow/example_dags/example_latest_only_with_trigger.py
[2025-01-28T00:48:12.988+0000] {processor.py:925} INFO - DAG(s) 'latest_only_with_trigger' retrieved from /home/airflow/.local/lib/python3.12/site-packages/airflow/example_dags/example_latest_only_with_trigger.py
[2025-01-28T00:48:13.012+0000] {logging_mixin.py:190} INFO - [2025-01-28T00:48:13.011+0000] {dag.py:3239} INFO - Sync 1 DAGs
[2025-01-28T00:48:13.041+0000] {logging_mixin.py:190} INFO - [2025-01-28T00:48:13.041+0000] {dag.py:4180} INFO - Setting next_dagrun for latest_only_with_trigger to 2025-01-27 20:00:00+00:00, run_after=2025-01-28 00:00:00+00:00
[2025-01-28T00:48:13.067+0000] {processor.py:208} INFO - Processing /home/airflow/.local/lib/python3.12/site-packages/airflow/example_dags/example_latest_only_with_trigger.py took 0.094 seconds
[2025-01-28T00:48:43.839+0000] {processor.py:186} INFO - Started process (PID=857) to work on /home/airflow/.local/lib/python3.12/site-packages/airflow/example_dags/example_latest_only_with_trigger.py
[2025-01-28T00:48:43.840+0000] {processor.py:914} INFO - Processing file /home/airflow/.local/lib/python3.12/site-packages/airflow/example_dags/example_latest_only_with_trigger.py for tasks to queue
[2025-01-28T00:48:43.841+0000] {logging_mixin.py:190} INFO - [2025-01-28T00:48:43.841+0000] {dagbag.py:588} INFO - Filling up the DagBag from /home/airflow/.local/lib/python3.12/site-packages/airflow/example_dags/example_latest_only_with_trigger.py
[2025-01-28T00:48:43.846+0000] {processor.py:925} INFO - DAG(s) 'latest_only_with_trigger' retrieved from /home/airflow/.local/lib/python3.12/site-packages/airflow/example_dags/example_latest_only_with_trigger.py
[2025-01-28T00:48:43.862+0000] {logging_mixin.py:190} INFO - [2025-01-28T00:48:43.862+0000] {dag.py:3239} INFO - Sync 1 DAGs
[2025-01-28T00:48:43.884+0000] {logging_mixin.py:190} INFO - [2025-01-28T00:48:43.884+0000] {dag.py:4180} INFO - Setting next_dagrun for latest_only_with_trigger to 2025-01-27 20:00:00+00:00, run_after=2025-01-28 00:00:00+00:00
[2025-01-28T00:48:43.897+0000] {processor.py:208} INFO - Processing /home/airflow/.local/lib/python3.12/site-packages/airflow/example_dags/example_latest_only_with_trigger.py took 0.062 seconds
[2025-01-28T00:49:15.088+0000] {processor.py:186} INFO - Started process (PID=922) to work on /home/airflow/.local/lib/python3.12/site-packages/airflow/example_dags/example_latest_only_with_trigger.py
[2025-01-28T00:49:15.089+0000] {processor.py:914} INFO - Processing file /home/airflow/.local/lib/python3.12/site-packages/airflow/example_dags/example_latest_only_with_trigger.py for tasks to queue
[2025-01-28T00:49:15.091+0000] {logging_mixin.py:190} INFO - [2025-01-28T00:49:15.090+0000] {dagbag.py:588} INFO - Filling up the DagBag from /home/airflow/.local/lib/python3.12/site-packages/airflow/example_dags/example_latest_only_with_trigger.py
[2025-01-28T00:49:15.095+0000] {processor.py:925} INFO - DAG(s) 'latest_only_with_trigger' retrieved from /home/airflow/.local/lib/python3.12/site-packages/airflow/example_dags/example_latest_only_with_trigger.py
[2025-01-28T00:49:15.110+0000] {logging_mixin.py:190} INFO - [2025-01-28T00:49:15.110+0000] {dag.py:3239} INFO - Sync 1 DAGs
[2025-01-28T00:49:15.128+0000] {logging_mixin.py:190} INFO - [2025-01-28T00:49:15.127+0000] {dag.py:4180} INFO - Setting next_dagrun for latest_only_with_trigger to 2025-01-27 20:00:00+00:00, run_after=2025-01-28 00:00:00+00:00
[2025-01-28T00:49:15.141+0000] {processor.py:208} INFO - Processing /home/airflow/.local/lib/python3.12/site-packages/airflow/example_dags/example_latest_only_with_trigger.py took 0.056 seconds
[2025-01-28T00:49:45.724+0000] {processor.py:186} INFO - Started process (PID=987) to work on /home/airflow/.local/lib/python3.12/site-packages/airflow/example_dags/example_latest_only_with_trigger.py
[2025-01-28T00:49:45.725+0000] {processor.py:914} INFO - Processing file /home/airflow/.local/lib/python3.12/site-packages/airflow/example_dags/example_latest_only_with_trigger.py for tasks to queue
[2025-01-28T00:49:45.726+0000] {logging_mixin.py:190} INFO - [2025-01-28T00:49:45.726+0000] {dagbag.py:588} INFO - Filling up the DagBag from /home/airflow/.local/lib/python3.12/site-packages/airflow/example_dags/example_latest_only_with_trigger.py
[2025-01-28T00:49:45.732+0000] {processor.py:925} INFO - DAG(s) 'latest_only_with_trigger' retrieved from /home/airflow/.local/lib/python3.12/site-packages/airflow/example_dags/example_latest_only_with_trigger.py
[2025-01-28T00:49:45.752+0000] {logging_mixin.py:190} INFO - [2025-01-28T00:49:45.752+0000] {dag.py:3239} INFO - Sync 1 DAGs
[2025-01-28T00:49:45.773+0000] {logging_mixin.py:190} INFO - [2025-01-28T00:49:45.773+0000] {dag.py:4180} INFO - Setting next_dagrun for latest_only_with_trigger to 2025-01-27 20:00:00+00:00, run_after=2025-01-28 00:00:00+00:00
[2025-01-28T00:49:45.793+0000] {processor.py:208} INFO - Processing /home/airflow/.local/lib/python3.12/site-packages/airflow/example_dags/example_latest_only_with_trigger.py took 0.074 seconds
[2025-01-28T00:50:16.736+0000] {processor.py:186} INFO - Started process (PID=1052) to work on /home/airflow/.local/lib/python3.12/site-packages/airflow/example_dags/example_latest_only_with_trigger.py
[2025-01-28T00:50:16.736+0000] {processor.py:914} INFO - Processing file /home/airflow/.local/lib/python3.12/site-packages/airflow/example_dags/example_latest_only_with_trigger.py for tasks to queue
[2025-01-28T00:50:16.738+0000] {logging_mixin.py:190} INFO - [2025-01-28T00:50:16.738+0000] {dagbag.py:588} INFO - Filling up the DagBag from /home/airflow/.local/lib/python3.12/site-packages/airflow/example_dags/example_latest_only_with_trigger.py
[2025-01-28T00:50:16.744+0000] {processor.py:925} INFO - DAG(s) 'latest_only_with_trigger' retrieved from /home/airflow/.local/lib/python3.12/site-packages/airflow/example_dags/example_latest_only_with_trigger.py
[2025-01-28T00:50:16.762+0000] {logging_mixin.py:190} INFO - [2025-01-28T00:50:16.762+0000] {dag.py:3239} INFO - Sync 1 DAGs
[2025-01-28T00:50:16.783+0000] {logging_mixin.py:190} INFO - [2025-01-28T00:50:16.783+0000] {dag.py:4180} INFO - Setting next_dagrun for latest_only_with_trigger to 2025-01-27 20:00:00+00:00, run_after=2025-01-28 00:00:00+00:00
[2025-01-28T00:50:16.798+0000] {processor.py:208} INFO - Processing /home/airflow/.local/lib/python3.12/site-packages/airflow/example_dags/example_latest_only_with_trigger.py took 0.068 seconds
[2025-01-28T00:50:47.871+0000] {processor.py:186} INFO - Started process (PID=1117) to work on /home/airflow/.local/lib/python3.12/site-packages/airflow/example_dags/example_latest_only_with_trigger.py
[2025-01-28T00:50:47.872+0000] {processor.py:914} INFO - Processing file /home/airflow/.local/lib/python3.12/site-packages/airflow/example_dags/example_latest_only_with_trigger.py for tasks to queue
[2025-01-28T00:50:47.873+0000] {logging_mixin.py:190} INFO - [2025-01-28T00:50:47.873+0000] {dagbag.py:588} INFO - Filling up the DagBag from /home/airflow/.local/lib/python3.12/site-packages/airflow/example_dags/example_latest_only_with_trigger.py
[2025-01-28T00:50:47.877+0000] {processor.py:925} INFO - DAG(s) 'latest_only_with_trigger' retrieved from /home/airflow/.local/lib/python3.12/site-packages/airflow/example_dags/example_latest_only_with_trigger.py
[2025-01-28T00:50:47.893+0000] {logging_mixin.py:190} INFO - [2025-01-28T00:50:47.893+0000] {dag.py:3239} INFO - Sync 1 DAGs
[2025-01-28T00:50:47.915+0000] {logging_mixin.py:190} INFO - [2025-01-28T00:50:47.915+0000] {dag.py:4180} INFO - Setting next_dagrun for latest_only_with_trigger to 2025-01-27 20:00:00+00:00, run_after=2025-01-28 00:00:00+00:00
[2025-01-28T00:50:47.931+0000] {processor.py:208} INFO - Processing /home/airflow/.local/lib/python3.12/site-packages/airflow/example_dags/example_latest_only_with_trigger.py took 0.064 seconds
[2025-01-28T00:51:19.324+0000] {processor.py:186} INFO - Started process (PID=1182) to work on /home/airflow/.local/lib/python3.12/site-packages/airflow/example_dags/example_latest_only_with_trigger.py
[2025-01-28T00:51:19.325+0000] {processor.py:914} INFO - Processing file /home/airflow/.local/lib/python3.12/site-packages/airflow/example_dags/example_latest_only_with_trigger.py for tasks to queue
[2025-01-28T00:51:19.327+0000] {logging_mixin.py:190} INFO - [2025-01-28T00:51:19.326+0000] {dagbag.py:588} INFO - Filling up the DagBag from /home/airflow/.local/lib/python3.12/site-packages/airflow/example_dags/example_latest_only_with_trigger.py
[2025-01-28T00:51:19.333+0000] {processor.py:925} INFO - DAG(s) 'latest_only_with_trigger' retrieved from /home/airflow/.local/lib/python3.12/site-packages/airflow/example_dags/example_latest_only_with_trigger.py
[2025-01-28T00:51:19.351+0000] {logging_mixin.py:190} INFO - [2025-01-28T00:51:19.350+0000] {dag.py:3239} INFO - Sync 1 DAGs
[2025-01-28T00:51:19.379+0000] {logging_mixin.py:190} INFO - [2025-01-28T00:51:19.379+0000] {dag.py:4180} INFO - Setting next_dagrun for latest_only_with_trigger to 2025-01-27 20:00:00+00:00, run_after=2025-01-28 00:00:00+00:00
[2025-01-28T00:51:19.415+0000] {processor.py:208} INFO - Processing /home/airflow/.local/lib/python3.12/site-packages/airflow/example_dags/example_latest_only_with_trigger.py took 0.099 seconds
[2025-01-28T00:51:49.810+0000] {processor.py:186} INFO - Started process (PID=1247) to work on /home/airflow/.local/lib/python3.12/site-packages/airflow/example_dags/example_latest_only_with_trigger.py
[2025-01-28T00:51:49.811+0000] {processor.py:914} INFO - Processing file /home/airflow/.local/lib/python3.12/site-packages/airflow/example_dags/example_latest_only_with_trigger.py for tasks to queue
[2025-01-28T00:51:49.813+0000] {logging_mixin.py:190} INFO - [2025-01-28T00:51:49.812+0000] {dagbag.py:588} INFO - Filling up the DagBag from /home/airflow/.local/lib/python3.12/site-packages/airflow/example_dags/example_latest_only_with_trigger.py
[2025-01-28T00:51:49.818+0000] {processor.py:925} INFO - DAG(s) 'latest_only_with_trigger' retrieved from /home/airflow/.local/lib/python3.12/site-packages/airflow/example_dags/example_latest_only_with_trigger.py
[2025-01-28T00:51:49.832+0000] {logging_mixin.py:190} INFO - [2025-01-28T00:51:49.832+0000] {dag.py:3239} INFO - Sync 1 DAGs
[2025-01-28T00:51:49.849+0000] {logging_mixin.py:190} INFO - [2025-01-28T00:51:49.849+0000] {dag.py:4180} INFO - Setting next_dagrun for latest_only_with_trigger to 2025-01-27 20:00:00+00:00, run_after=2025-01-28 00:00:00+00:00
[2025-01-28T00:51:49.863+0000] {processor.py:208} INFO - Processing /home/airflow/.local/lib/python3.12/site-packages/airflow/example_dags/example_latest_only_with_trigger.py took 0.057 seconds
[2025-01-28T00:52:21.205+0000] {processor.py:186} INFO - Started process (PID=1312) to work on /home/airflow/.local/lib/python3.12/site-packages/airflow/example_dags/example_latest_only_with_trigger.py
[2025-01-28T00:52:21.206+0000] {processor.py:914} INFO - Processing file /home/airflow/.local/lib/python3.12/site-packages/airflow/example_dags/example_latest_only_with_trigger.py for tasks to queue
[2025-01-28T00:52:21.208+0000] {logging_mixin.py:190} INFO - [2025-01-28T00:52:21.208+0000] {dagbag.py:588} INFO - Filling up the DagBag from /home/airflow/.local/lib/python3.12/site-packages/airflow/example_dags/example_latest_only_with_trigger.py
[2025-01-28T00:52:21.213+0000] {processor.py:925} INFO - DAG(s) 'latest_only_with_trigger' retrieved from /home/airflow/.local/lib/python3.12/site-packages/airflow/example_dags/example_latest_only_with_trigger.py
[2025-01-28T00:52:21.231+0000] {logging_mixin.py:190} INFO - [2025-01-28T00:52:21.231+0000] {dag.py:3239} INFO - Sync 1 DAGs
[2025-01-28T00:52:21.252+0000] {logging_mixin.py:190} INFO - [2025-01-28T00:52:21.252+0000] {dag.py:4180} INFO - Setting next_dagrun for latest_only_with_trigger to 2025-01-27 20:00:00+00:00, run_after=2025-01-28 00:00:00+00:00
[2025-01-28T00:52:21.267+0000] {processor.py:208} INFO - Processing /home/airflow/.local/lib/python3.12/site-packages/airflow/example_dags/example_latest_only_with_trigger.py took 0.066 seconds
[2025-01-28T00:52:51.978+0000] {processor.py:186} INFO - Started process (PID=1377) to work on /home/airflow/.local/lib/python3.12/site-packages/airflow/example_dags/example_latest_only_with_trigger.py
[2025-01-28T00:52:51.979+0000] {processor.py:914} INFO - Processing file /home/airflow/.local/lib/python3.12/site-packages/airflow/example_dags/example_latest_only_with_trigger.py for tasks to queue
[2025-01-28T00:52:51.981+0000] {logging_mixin.py:190} INFO - [2025-01-28T00:52:51.980+0000] {dagbag.py:588} INFO - Filling up the DagBag from /home/airflow/.local/lib/python3.12/site-packages/airflow/example_dags/example_latest_only_with_trigger.py
[2025-01-28T00:52:51.986+0000] {processor.py:925} INFO - DAG(s) 'latest_only_with_trigger' retrieved from /home/airflow/.local/lib/python3.12/site-packages/airflow/example_dags/example_latest_only_with_trigger.py
[2025-01-28T00:52:52.004+0000] {logging_mixin.py:190} INFO - [2025-01-28T00:52:52.004+0000] {dag.py:3239} INFO - Sync 1 DAGs
[2025-01-28T00:52:52.026+0000] {logging_mixin.py:190} INFO - [2025-01-28T00:52:52.025+0000] {dag.py:4180} INFO - Setting next_dagrun for latest_only_with_trigger to 2025-01-27 20:00:00+00:00, run_after=2025-01-28 00:00:00+00:00
[2025-01-28T00:52:52.043+0000] {processor.py:208} INFO - Processing /home/airflow/.local/lib/python3.12/site-packages/airflow/example_dags/example_latest_only_with_trigger.py took 0.069 seconds
[2025-01-28T00:53:23.223+0000] {processor.py:186} INFO - Started process (PID=1442) to work on /home/airflow/.local/lib/python3.12/site-packages/airflow/example_dags/example_latest_only_with_trigger.py
[2025-01-28T00:53:23.223+0000] {processor.py:914} INFO - Processing file /home/airflow/.local/lib/python3.12/site-packages/airflow/example_dags/example_latest_only_with_trigger.py for tasks to queue
[2025-01-28T00:53:23.225+0000] {logging_mixin.py:190} INFO - [2025-01-28T00:53:23.224+0000] {dagbag.py:588} INFO - Filling up the DagBag from /home/airflow/.local/lib/python3.12/site-packages/airflow/example_dags/example_latest_only_with_trigger.py
[2025-01-28T00:53:23.229+0000] {processor.py:925} INFO - DAG(s) 'latest_only_with_trigger' retrieved from /home/airflow/.local/lib/python3.12/site-packages/airflow/example_dags/example_latest_only_with_trigger.py
[2025-01-28T00:53:23.245+0000] {logging_mixin.py:190} INFO - [2025-01-28T00:53:23.245+0000] {dag.py:3239} INFO - Sync 1 DAGs
[2025-01-28T00:53:23.269+0000] {logging_mixin.py:190} INFO - [2025-01-28T00:53:23.268+0000] {dag.py:4180} INFO - Setting next_dagrun for latest_only_with_trigger to 2025-01-27 20:00:00+00:00, run_after=2025-01-28 00:00:00+00:00
[2025-01-28T00:53:23.286+0000] {processor.py:208} INFO - Processing /home/airflow/.local/lib/python3.12/site-packages/airflow/example_dags/example_latest_only_with_trigger.py took 0.066 seconds
[2025-01-28T00:53:53.876+0000] {processor.py:186} INFO - Started process (PID=1507) to work on /home/airflow/.local/lib/python3.12/site-packages/airflow/example_dags/example_latest_only_with_trigger.py
[2025-01-28T00:53:53.876+0000] {processor.py:914} INFO - Processing file /home/airflow/.local/lib/python3.12/site-packages/airflow/example_dags/example_latest_only_with_trigger.py for tasks to queue
[2025-01-28T00:53:53.878+0000] {logging_mixin.py:190} INFO - [2025-01-28T00:53:53.877+0000] {dagbag.py:588} INFO - Filling up the DagBag from /home/airflow/.local/lib/python3.12/site-packages/airflow/example_dags/example_latest_only_with_trigger.py
[2025-01-28T00:53:53.883+0000] {processor.py:925} INFO - DAG(s) 'latest_only_with_trigger' retrieved from /home/airflow/.local/lib/python3.12/site-packages/airflow/example_dags/example_latest_only_with_trigger.py
[2025-01-28T00:53:53.899+0000] {logging_mixin.py:190} INFO - [2025-01-28T00:53:53.899+0000] {dag.py:3239} INFO - Sync 1 DAGs
[2025-01-28T00:53:53.923+0000] {logging_mixin.py:190} INFO - [2025-01-28T00:53:53.922+0000] {dag.py:4180} INFO - Setting next_dagrun for latest_only_with_trigger to 2025-01-27 20:00:00+00:00, run_after=2025-01-28 00:00:00+00:00
[2025-01-28T00:53:53.940+0000] {processor.py:208} INFO - Processing /home/airflow/.local/lib/python3.12/site-packages/airflow/example_dags/example_latest_only_with_trigger.py took 0.068 seconds
[2025-01-28T00:54:24.479+0000] {processor.py:186} INFO - Started process (PID=1572) to work on /home/airflow/.local/lib/python3.12/site-packages/airflow/example_dags/example_latest_only_with_trigger.py
[2025-01-28T00:54:24.480+0000] {processor.py:914} INFO - Processing file /home/airflow/.local/lib/python3.12/site-packages/airflow/example_dags/example_latest_only_with_trigger.py for tasks to queue
[2025-01-28T00:54:24.481+0000] {logging_mixin.py:190} INFO - [2025-01-28T00:54:24.481+0000] {dagbag.py:588} INFO - Filling up the DagBag from /home/airflow/.local/lib/python3.12/site-packages/airflow/example_dags/example_latest_only_with_trigger.py
[2025-01-28T00:54:24.485+0000] {processor.py:925} INFO - DAG(s) 'latest_only_with_trigger' retrieved from /home/airflow/.local/lib/python3.12/site-packages/airflow/example_dags/example_latest_only_with_trigger.py
[2025-01-28T00:54:24.500+0000] {logging_mixin.py:190} INFO - [2025-01-28T00:54:24.499+0000] {dag.py:3239} INFO - Sync 1 DAGs
[2025-01-28T00:54:24.517+0000] {logging_mixin.py:190} INFO - [2025-01-28T00:54:24.517+0000] {dag.py:4180} INFO - Setting next_dagrun for latest_only_with_trigger to 2025-01-27 20:00:00+00:00, run_after=2025-01-28 00:00:00+00:00
[2025-01-28T00:54:24.531+0000] {processor.py:208} INFO - Processing /home/airflow/.local/lib/python3.12/site-packages/airflow/example_dags/example_latest_only_with_trigger.py took 0.055 seconds
[2025-01-28T00:54:55.632+0000] {processor.py:186} INFO - Started process (PID=1637) to work on /home/airflow/.local/lib/python3.12/site-packages/airflow/example_dags/example_latest_only_with_trigger.py
[2025-01-28T00:54:55.633+0000] {processor.py:914} INFO - Processing file /home/airflow/.local/lib/python3.12/site-packages/airflow/example_dags/example_latest_only_with_trigger.py for tasks to queue
[2025-01-28T00:54:55.634+0000] {logging_mixin.py:190} INFO - [2025-01-28T00:54:55.634+0000] {dagbag.py:588} INFO - Filling up the DagBag from /home/airflow/.local/lib/python3.12/site-packages/airflow/example_dags/example_latest_only_with_trigger.py
[2025-01-28T00:54:55.639+0000] {processor.py:925} INFO - DAG(s) 'latest_only_with_trigger' retrieved from /home/airflow/.local/lib/python3.12/site-packages/airflow/example_dags/example_latest_only_with_trigger.py
[2025-01-28T00:54:55.652+0000] {logging_mixin.py:190} INFO - [2025-01-28T00:54:55.652+0000] {dag.py:3239} INFO - Sync 1 DAGs
[2025-01-28T00:54:55.671+0000] {logging_mixin.py:190} INFO - [2025-01-28T00:54:55.670+0000] {dag.py:4180} INFO - Setting next_dagrun for latest_only_with_trigger to 2025-01-27 20:00:00+00:00, run_after=2025-01-28 00:00:00+00:00
[2025-01-28T00:54:55.683+0000] {processor.py:208} INFO - Processing /home/airflow/.local/lib/python3.12/site-packages/airflow/example_dags/example_latest_only_with_trigger.py took 0.054 seconds
[2025-01-28T00:55:26.255+0000] {processor.py:186} INFO - Started process (PID=1702) to work on /home/airflow/.local/lib/python3.12/site-packages/airflow/example_dags/example_latest_only_with_trigger.py
[2025-01-28T00:55:26.255+0000] {processor.py:914} INFO - Processing file /home/airflow/.local/lib/python3.12/site-packages/airflow/example_dags/example_latest_only_with_trigger.py for tasks to queue
[2025-01-28T00:55:26.257+0000] {logging_mixin.py:190} INFO - [2025-01-28T00:55:26.257+0000] {dagbag.py:588} INFO - Filling up the DagBag from /home/airflow/.local/lib/python3.12/site-packages/airflow/example_dags/example_latest_only_with_trigger.py
[2025-01-28T00:55:26.263+0000] {processor.py:925} INFO - DAG(s) 'latest_only_with_trigger' retrieved from /home/airflow/.local/lib/python3.12/site-packages/airflow/example_dags/example_latest_only_with_trigger.py
[2025-01-28T00:55:26.278+0000] {logging_mixin.py:190} INFO - [2025-01-28T00:55:26.277+0000] {dag.py:3239} INFO - Sync 1 DAGs
[2025-01-28T00:55:26.296+0000] {logging_mixin.py:190} INFO - [2025-01-28T00:55:26.296+0000] {dag.py:4180} INFO - Setting next_dagrun for latest_only_with_trigger to 2025-01-27 20:00:00+00:00, run_after=2025-01-28 00:00:00+00:00
[2025-01-28T00:55:26.311+0000] {processor.py:208} INFO - Processing /home/airflow/.local/lib/python3.12/site-packages/airflow/example_dags/example_latest_only_with_trigger.py took 0.062 seconds
[2025-01-28T00:55:57.149+0000] {processor.py:186} INFO - Started process (PID=1767) to work on /home/airflow/.local/lib/python3.12/site-packages/airflow/example_dags/example_latest_only_with_trigger.py
[2025-01-28T00:55:57.150+0000] {processor.py:914} INFO - Processing file /home/airflow/.local/lib/python3.12/site-packages/airflow/example_dags/example_latest_only_with_trigger.py for tasks to queue
[2025-01-28T00:55:57.152+0000] {logging_mixin.py:190} INFO - [2025-01-28T00:55:57.152+0000] {dagbag.py:588} INFO - Filling up the DagBag from /home/airflow/.local/lib/python3.12/site-packages/airflow/example_dags/example_latest_only_with_trigger.py
[2025-01-28T00:55:57.158+0000] {processor.py:925} INFO - DAG(s) 'latest_only_with_trigger' retrieved from /home/airflow/.local/lib/python3.12/site-packages/airflow/example_dags/example_latest_only_with_trigger.py
[2025-01-28T00:55:57.178+0000] {logging_mixin.py:190} INFO - [2025-01-28T00:55:57.178+0000] {dag.py:3239} INFO - Sync 1 DAGs
[2025-01-28T00:55:57.201+0000] {logging_mixin.py:190} INFO - [2025-01-28T00:55:57.201+0000] {dag.py:4180} INFO - Setting next_dagrun for latest_only_with_trigger to 2025-01-27 20:00:00+00:00, run_after=2025-01-28 00:00:00+00:00
[2025-01-28T00:55:57.220+0000] {processor.py:208} INFO - Processing /home/airflow/.local/lib/python3.12/site-packages/airflow/example_dags/example_latest_only_with_trigger.py took 0.077 seconds
[2025-01-28T00:56:28.365+0000] {processor.py:186} INFO - Started process (PID=1832) to work on /home/airflow/.local/lib/python3.12/site-packages/airflow/example_dags/example_latest_only_with_trigger.py
[2025-01-28T00:56:28.366+0000] {processor.py:914} INFO - Processing file /home/airflow/.local/lib/python3.12/site-packages/airflow/example_dags/example_latest_only_with_trigger.py for tasks to queue
[2025-01-28T00:56:28.368+0000] {logging_mixin.py:190} INFO - [2025-01-28T00:56:28.367+0000] {dagbag.py:588} INFO - Filling up the DagBag from /home/airflow/.local/lib/python3.12/site-packages/airflow/example_dags/example_latest_only_with_trigger.py
[2025-01-28T00:56:28.372+0000] {processor.py:925} INFO - DAG(s) 'latest_only_with_trigger' retrieved from /home/airflow/.local/lib/python3.12/site-packages/airflow/example_dags/example_latest_only_with_trigger.py
[2025-01-28T00:56:28.388+0000] {logging_mixin.py:190} INFO - [2025-01-28T00:56:28.387+0000] {dag.py:3239} INFO - Sync 1 DAGs
[2025-01-28T00:56:28.408+0000] {logging_mixin.py:190} INFO - [2025-01-28T00:56:28.408+0000] {dag.py:4180} INFO - Setting next_dagrun for latest_only_with_trigger to 2025-01-27 20:00:00+00:00, run_after=2025-01-28 00:00:00+00:00
[2025-01-28T00:56:28.424+0000] {processor.py:208} INFO - Processing /home/airflow/.local/lib/python3.12/site-packages/airflow/example_dags/example_latest_only_with_trigger.py took 0.063 seconds
[2025-01-28T00:56:59.044+0000] {processor.py:186} INFO - Started process (PID=1897) to work on /home/airflow/.local/lib/python3.12/site-packages/airflow/example_dags/example_latest_only_with_trigger.py
[2025-01-28T00:56:59.045+0000] {processor.py:914} INFO - Processing file /home/airflow/.local/lib/python3.12/site-packages/airflow/example_dags/example_latest_only_with_trigger.py for tasks to queue
[2025-01-28T00:56:59.046+0000] {logging_mixin.py:190} INFO - [2025-01-28T00:56:59.046+0000] {dagbag.py:588} INFO - Filling up the DagBag from /home/airflow/.local/lib/python3.12/site-packages/airflow/example_dags/example_latest_only_with_trigger.py
[2025-01-28T00:56:59.051+0000] {processor.py:925} INFO - DAG(s) 'latest_only_with_trigger' retrieved from /home/airflow/.local/lib/python3.12/site-packages/airflow/example_dags/example_latest_only_with_trigger.py
[2025-01-28T00:56:59.071+0000] {logging_mixin.py:190} INFO - [2025-01-28T00:56:59.071+0000] {dag.py:3239} INFO - Sync 1 DAGs
[2025-01-28T00:56:59.092+0000] {logging_mixin.py:190} INFO - [2025-01-28T00:56:59.092+0000] {dag.py:4180} INFO - Setting next_dagrun for latest_only_with_trigger to 2025-01-27 20:00:00+00:00, run_after=2025-01-28 00:00:00+00:00
[2025-01-28T00:56:59.107+0000] {processor.py:208} INFO - Processing /home/airflow/.local/lib/python3.12/site-packages/airflow/example_dags/example_latest_only_with_trigger.py took 0.066 seconds
[2025-01-28T00:57:29.924+0000] {processor.py:186} INFO - Started process (PID=1962) to work on /home/airflow/.local/lib/python3.12/site-packages/airflow/example_dags/example_latest_only_with_trigger.py
[2025-01-28T00:57:29.925+0000] {processor.py:914} INFO - Processing file /home/airflow/.local/lib/python3.12/site-packages/airflow/example_dags/example_latest_only_with_trigger.py for tasks to queue
[2025-01-28T00:57:29.926+0000] {logging_mixin.py:190} INFO - [2025-01-28T00:57:29.926+0000] {dagbag.py:588} INFO - Filling up the DagBag from /home/airflow/.local/lib/python3.12/site-packages/airflow/example_dags/example_latest_only_with_trigger.py
[2025-01-28T00:57:29.933+0000] {processor.py:925} INFO - DAG(s) 'latest_only_with_trigger' retrieved from /home/airflow/.local/lib/python3.12/site-packages/airflow/example_dags/example_latest_only_with_trigger.py
[2025-01-28T00:57:29.961+0000] {logging_mixin.py:190} INFO - [2025-01-28T00:57:29.961+0000] {dag.py:3239} INFO - Sync 1 DAGs
[2025-01-28T00:57:29.988+0000] {logging_mixin.py:190} INFO - [2025-01-28T00:57:29.988+0000] {dag.py:4180} INFO - Setting next_dagrun for latest_only_with_trigger to 2025-01-27 20:00:00+00:00, run_after=2025-01-28 00:00:00+00:00
[2025-01-28T00:57:30.016+0000] {processor.py:208} INFO - Processing /home/airflow/.local/lib/python3.12/site-packages/airflow/example_dags/example_latest_only_with_trigger.py took 0.096 seconds
[2025-01-28T00:58:00.935+0000] {processor.py:186} INFO - Started process (PID=2026) to work on /home/airflow/.local/lib/python3.12/site-packages/airflow/example_dags/example_latest_only_with_trigger.py
[2025-01-28T00:58:00.936+0000] {processor.py:914} INFO - Processing file /home/airflow/.local/lib/python3.12/site-packages/airflow/example_dags/example_latest_only_with_trigger.py for tasks to queue
[2025-01-28T00:58:00.938+0000] {logging_mixin.py:190} INFO - [2025-01-28T00:58:00.938+0000] {dagbag.py:588} INFO - Filling up the DagBag from /home/airflow/.local/lib/python3.12/site-packages/airflow/example_dags/example_latest_only_with_trigger.py
[2025-01-28T00:58:00.943+0000] {processor.py:925} INFO - DAG(s) 'latest_only_with_trigger' retrieved from /home/airflow/.local/lib/python3.12/site-packages/airflow/example_dags/example_latest_only_with_trigger.py
[2025-01-28T00:58:00.957+0000] {logging_mixin.py:190} INFO - [2025-01-28T00:58:00.957+0000] {dag.py:3239} INFO - Sync 1 DAGs
[2025-01-28T00:58:00.973+0000] {logging_mixin.py:190} INFO - [2025-01-28T00:58:00.973+0000] {dag.py:4180} INFO - Setting next_dagrun for latest_only_with_trigger to 2025-01-27 20:00:00+00:00, run_after=2025-01-28 00:00:00+00:00
[2025-01-28T00:58:00.988+0000] {processor.py:208} INFO - Processing /home/airflow/.local/lib/python3.12/site-packages/airflow/example_dags/example_latest_only_with_trigger.py took 0.056 seconds
[2025-01-28T00:58:32.296+0000] {processor.py:186} INFO - Started process (PID=2091) to work on /home/airflow/.local/lib/python3.12/site-packages/airflow/example_dags/example_latest_only_with_trigger.py
[2025-01-28T00:58:32.297+0000] {processor.py:914} INFO - Processing file /home/airflow/.local/lib/python3.12/site-packages/airflow/example_dags/example_latest_only_with_trigger.py for tasks to queue
[2025-01-28T00:58:32.298+0000] {logging_mixin.py:190} INFO - [2025-01-28T00:58:32.297+0000] {dagbag.py:588} INFO - Filling up the DagBag from /home/airflow/.local/lib/python3.12/site-packages/airflow/example_dags/example_latest_only_with_trigger.py
[2025-01-28T00:58:32.302+0000] {processor.py:925} INFO - DAG(s) 'latest_only_with_trigger' retrieved from /home/airflow/.local/lib/python3.12/site-packages/airflow/example_dags/example_latest_only_with_trigger.py
[2025-01-28T00:58:32.317+0000] {logging_mixin.py:190} INFO - [2025-01-28T00:58:32.317+0000] {dag.py:3239} INFO - Sync 1 DAGs
[2025-01-28T00:58:32.337+0000] {logging_mixin.py:190} INFO - [2025-01-28T00:58:32.337+0000] {dag.py:4180} INFO - Setting next_dagrun for latest_only_with_trigger to 2025-01-27 20:00:00+00:00, run_after=2025-01-28 00:00:00+00:00
[2025-01-28T00:58:32.352+0000] {processor.py:208} INFO - Processing /home/airflow/.local/lib/python3.12/site-packages/airflow/example_dags/example_latest_only_with_trigger.py took 0.059 seconds
[2025-01-28T00:59:02.900+0000] {processor.py:186} INFO - Started process (PID=2156) to work on /home/airflow/.local/lib/python3.12/site-packages/airflow/example_dags/example_latest_only_with_trigger.py
[2025-01-28T00:59:02.901+0000] {processor.py:914} INFO - Processing file /home/airflow/.local/lib/python3.12/site-packages/airflow/example_dags/example_latest_only_with_trigger.py for tasks to queue
[2025-01-28T00:59:02.902+0000] {logging_mixin.py:190} INFO - [2025-01-28T00:59:02.902+0000] {dagbag.py:588} INFO - Filling up the DagBag from /home/airflow/.local/lib/python3.12/site-packages/airflow/example_dags/example_latest_only_with_trigger.py
[2025-01-28T00:59:02.907+0000] {processor.py:925} INFO - DAG(s) 'latest_only_with_trigger' retrieved from /home/airflow/.local/lib/python3.12/site-packages/airflow/example_dags/example_latest_only_with_trigger.py
[2025-01-28T00:59:02.926+0000] {logging_mixin.py:190} INFO - [2025-01-28T00:59:02.926+0000] {dag.py:3239} INFO - Sync 1 DAGs
[2025-01-28T00:59:02.954+0000] {logging_mixin.py:190} INFO - [2025-01-28T00:59:02.953+0000] {dag.py:4180} INFO - Setting next_dagrun for latest_only_with_trigger to 2025-01-27 20:00:00+00:00, run_after=2025-01-28 00:00:00+00:00
[2025-01-28T00:59:02.967+0000] {processor.py:208} INFO - Processing /home/airflow/.local/lib/python3.12/site-packages/airflow/example_dags/example_latest_only_with_trigger.py took 0.071 seconds
[2025-01-28T00:59:33.584+0000] {processor.py:186} INFO - Started process (PID=2221) to work on /home/airflow/.local/lib/python3.12/site-packages/airflow/example_dags/example_latest_only_with_trigger.py
[2025-01-28T00:59:33.599+0000] {processor.py:914} INFO - Processing file /home/airflow/.local/lib/python3.12/site-packages/airflow/example_dags/example_latest_only_with_trigger.py for tasks to queue
[2025-01-28T00:59:33.600+0000] {logging_mixin.py:190} INFO - [2025-01-28T00:59:33.600+0000] {dagbag.py:588} INFO - Filling up the DagBag from /home/airflow/.local/lib/python3.12/site-packages/airflow/example_dags/example_latest_only_with_trigger.py
[2025-01-28T00:59:33.607+0000] {processor.py:925} INFO - DAG(s) 'latest_only_with_trigger' retrieved from /home/airflow/.local/lib/python3.12/site-packages/airflow/example_dags/example_latest_only_with_trigger.py
[2025-01-28T00:59:33.624+0000] {logging_mixin.py:190} INFO - [2025-01-28T00:59:33.623+0000] {dag.py:3239} INFO - Sync 1 DAGs
[2025-01-28T00:59:33.647+0000] {logging_mixin.py:190} INFO - [2025-01-28T00:59:33.646+0000] {dag.py:4180} INFO - Setting next_dagrun for latest_only_with_trigger to 2025-01-27 20:00:00+00:00, run_after=2025-01-28 00:00:00+00:00
[2025-01-28T00:59:33.664+0000] {processor.py:208} INFO - Processing /home/airflow/.local/lib/python3.12/site-packages/airflow/example_dags/example_latest_only_with_trigger.py took 0.084 seconds
[2025-01-28T01:00:04.798+0000] {processor.py:186} INFO - Started process (PID=2286) to work on /home/airflow/.local/lib/python3.12/site-packages/airflow/example_dags/example_latest_only_with_trigger.py
[2025-01-28T01:00:04.805+0000] {processor.py:914} INFO - Processing file /home/airflow/.local/lib/python3.12/site-packages/airflow/example_dags/example_latest_only_with_trigger.py for tasks to queue
[2025-01-28T01:00:04.807+0000] {logging_mixin.py:190} INFO - [2025-01-28T01:00:04.807+0000] {dagbag.py:588} INFO - Filling up the DagBag from /home/airflow/.local/lib/python3.12/site-packages/airflow/example_dags/example_latest_only_with_trigger.py
[2025-01-28T01:00:04.812+0000] {processor.py:925} INFO - DAG(s) 'latest_only_with_trigger' retrieved from /home/airflow/.local/lib/python3.12/site-packages/airflow/example_dags/example_latest_only_with_trigger.py
[2025-01-28T01:00:04.823+0000] {logging_mixin.py:190} INFO - [2025-01-28T01:00:04.823+0000] {dag.py:3239} INFO - Sync 1 DAGs
[2025-01-28T01:00:04.835+0000] {logging_mixin.py:190} INFO - [2025-01-28T01:00:04.835+0000] {dag.py:4180} INFO - Setting next_dagrun for latest_only_with_trigger to 2025-01-27 20:00:00+00:00, run_after=2025-01-28 00:00:00+00:00
[2025-01-28T01:00:04.850+0000] {processor.py:208} INFO - Processing /home/airflow/.local/lib/python3.12/site-packages/airflow/example_dags/example_latest_only_with_trigger.py took 0.055 seconds
[2025-01-28T01:00:35.889+0000] {processor.py:186} INFO - Started process (PID=2351) to work on /home/airflow/.local/lib/python3.12/site-packages/airflow/example_dags/example_latest_only_with_trigger.py
[2025-01-28T01:00:35.890+0000] {processor.py:914} INFO - Processing file /home/airflow/.local/lib/python3.12/site-packages/airflow/example_dags/example_latest_only_with_trigger.py for tasks to queue
[2025-01-28T01:00:35.891+0000] {logging_mixin.py:190} INFO - [2025-01-28T01:00:35.891+0000] {dagbag.py:588} INFO - Filling up the DagBag from /home/airflow/.local/lib/python3.12/site-packages/airflow/example_dags/example_latest_only_with_trigger.py
[2025-01-28T01:00:35.897+0000] {processor.py:925} INFO - DAG(s) 'latest_only_with_trigger' retrieved from /home/airflow/.local/lib/python3.12/site-packages/airflow/example_dags/example_latest_only_with_trigger.py
[2025-01-28T01:00:35.914+0000] {logging_mixin.py:190} INFO - [2025-01-28T01:00:35.913+0000] {dag.py:3239} INFO - Sync 1 DAGs
[2025-01-28T01:00:35.932+0000] {logging_mixin.py:190} INFO - [2025-01-28T01:00:35.932+0000] {dag.py:4180} INFO - Setting next_dagrun for latest_only_with_trigger to 2025-01-27 20:00:00+00:00, run_after=2025-01-28 00:00:00+00:00
[2025-01-28T01:00:35.946+0000] {processor.py:208} INFO - Processing /home/airflow/.local/lib/python3.12/site-packages/airflow/example_dags/example_latest_only_with_trigger.py took 0.062 seconds
[2025-01-28T01:01:06.423+0000] {processor.py:186} INFO - Started process (PID=2416) to work on /home/airflow/.local/lib/python3.12/site-packages/airflow/example_dags/example_latest_only_with_trigger.py
[2025-01-28T01:01:06.425+0000] {processor.py:914} INFO - Processing file /home/airflow/.local/lib/python3.12/site-packages/airflow/example_dags/example_latest_only_with_trigger.py for tasks to queue
[2025-01-28T01:01:06.427+0000] {logging_mixin.py:190} INFO - [2025-01-28T01:01:06.427+0000] {dagbag.py:588} INFO - Filling up the DagBag from /home/airflow/.local/lib/python3.12/site-packages/airflow/example_dags/example_latest_only_with_trigger.py
[2025-01-28T01:01:06.434+0000] {processor.py:925} INFO - DAG(s) 'latest_only_with_trigger' retrieved from /home/airflow/.local/lib/python3.12/site-packages/airflow/example_dags/example_latest_only_with_trigger.py
[2025-01-28T01:01:06.452+0000] {logging_mixin.py:190} INFO - [2025-01-28T01:01:06.452+0000] {dag.py:3239} INFO - Sync 1 DAGs
[2025-01-28T01:01:06.470+0000] {logging_mixin.py:190} INFO - [2025-01-28T01:01:06.469+0000] {dag.py:4180} INFO - Setting next_dagrun for latest_only_with_trigger to 2025-01-27 20:00:00+00:00, run_after=2025-01-28 00:00:00+00:00
[2025-01-28T01:01:06.495+0000] {processor.py:208} INFO - Processing /home/airflow/.local/lib/python3.12/site-packages/airflow/example_dags/example_latest_only_with_trigger.py took 0.077 seconds
[2025-01-28T01:01:36.816+0000] {processor.py:186} INFO - Started process (PID=2481) to work on /home/airflow/.local/lib/python3.12/site-packages/airflow/example_dags/example_latest_only_with_trigger.py
[2025-01-28T01:01:36.817+0000] {processor.py:914} INFO - Processing file /home/airflow/.local/lib/python3.12/site-packages/airflow/example_dags/example_latest_only_with_trigger.py for tasks to queue
[2025-01-28T01:01:36.818+0000] {logging_mixin.py:190} INFO - [2025-01-28T01:01:36.818+0000] {dagbag.py:588} INFO - Filling up the DagBag from /home/airflow/.local/lib/python3.12/site-packages/airflow/example_dags/example_latest_only_with_trigger.py
[2025-01-28T01:01:36.824+0000] {processor.py:925} INFO - DAG(s) 'latest_only_with_trigger' retrieved from /home/airflow/.local/lib/python3.12/site-packages/airflow/example_dags/example_latest_only_with_trigger.py
[2025-01-28T01:01:36.841+0000] {logging_mixin.py:190} INFO - [2025-01-28T01:01:36.840+0000] {dag.py:3239} INFO - Sync 1 DAGs
[2025-01-28T01:01:36.860+0000] {logging_mixin.py:190} INFO - [2025-01-28T01:01:36.860+0000] {dag.py:4180} INFO - Setting next_dagrun for latest_only_with_trigger to 2025-01-27 20:00:00+00:00, run_after=2025-01-28 00:00:00+00:00
[2025-01-28T01:01:36.875+0000] {processor.py:208} INFO - Processing /home/airflow/.local/lib/python3.12/site-packages/airflow/example_dags/example_latest_only_with_trigger.py took 0.064 seconds
[2025-01-28T01:02:08.246+0000] {processor.py:186} INFO - Started process (PID=2546) to work on /home/airflow/.local/lib/python3.12/site-packages/airflow/example_dags/example_latest_only_with_trigger.py
[2025-01-28T01:02:08.247+0000] {processor.py:914} INFO - Processing file /home/airflow/.local/lib/python3.12/site-packages/airflow/example_dags/example_latest_only_with_trigger.py for tasks to queue
[2025-01-28T01:02:08.249+0000] {logging_mixin.py:190} INFO - [2025-01-28T01:02:08.248+0000] {dagbag.py:588} INFO - Filling up the DagBag from /home/airflow/.local/lib/python3.12/site-packages/airflow/example_dags/example_latest_only_with_trigger.py
[2025-01-28T01:02:08.253+0000] {processor.py:925} INFO - DAG(s) 'latest_only_with_trigger' retrieved from /home/airflow/.local/lib/python3.12/site-packages/airflow/example_dags/example_latest_only_with_trigger.py
[2025-01-28T01:02:08.266+0000] {logging_mixin.py:190} INFO - [2025-01-28T01:02:08.266+0000] {dag.py:3239} INFO - Sync 1 DAGs
[2025-01-28T01:02:08.283+0000] {logging_mixin.py:190} INFO - [2025-01-28T01:02:08.283+0000] {dag.py:4180} INFO - Setting next_dagrun for latest_only_with_trigger to 2025-01-27 20:00:00+00:00, run_after=2025-01-28 00:00:00+00:00
[2025-01-28T01:02:08.298+0000] {processor.py:208} INFO - Processing /home/airflow/.local/lib/python3.12/site-packages/airflow/example_dags/example_latest_only_with_trigger.py took 0.055 seconds
[2025-01-28T01:02:39.642+0000] {processor.py:186} INFO - Started process (PID=2611) to work on /home/airflow/.local/lib/python3.12/site-packages/airflow/example_dags/example_latest_only_with_trigger.py
[2025-01-28T01:02:39.643+0000] {processor.py:914} INFO - Processing file /home/airflow/.local/lib/python3.12/site-packages/airflow/example_dags/example_latest_only_with_trigger.py for tasks to queue
[2025-01-28T01:02:39.644+0000] {logging_mixin.py:190} INFO - [2025-01-28T01:02:39.644+0000] {dagbag.py:588} INFO - Filling up the DagBag from /home/airflow/.local/lib/python3.12/site-packages/airflow/example_dags/example_latest_only_with_trigger.py
[2025-01-28T01:02:39.649+0000] {processor.py:925} INFO - DAG(s) 'latest_only_with_trigger' retrieved from /home/airflow/.local/lib/python3.12/site-packages/airflow/example_dags/example_latest_only_with_trigger.py
[2025-01-28T01:02:39.664+0000] {logging_mixin.py:190} INFO - [2025-01-28T01:02:39.664+0000] {dag.py:3239} INFO - Sync 1 DAGs
[2025-01-28T01:02:39.690+0000] {logging_mixin.py:190} INFO - [2025-01-28T01:02:39.690+0000] {dag.py:4180} INFO - Setting next_dagrun for latest_only_with_trigger to 2025-01-27 20:00:00+00:00, run_after=2025-01-28 00:00:00+00:00
[2025-01-28T01:02:39.704+0000] {processor.py:208} INFO - Processing /home/airflow/.local/lib/python3.12/site-packages/airflow/example_dags/example_latest_only_with_trigger.py took 0.065 seconds
[2025-01-28T01:03:10.944+0000] {processor.py:186} INFO - Started process (PID=2676) to work on /home/airflow/.local/lib/python3.12/site-packages/airflow/example_dags/example_latest_only_with_trigger.py
[2025-01-28T01:03:10.945+0000] {processor.py:914} INFO - Processing file /home/airflow/.local/lib/python3.12/site-packages/airflow/example_dags/example_latest_only_with_trigger.py for tasks to queue
[2025-01-28T01:03:10.947+0000] {logging_mixin.py:190} INFO - [2025-01-28T01:03:10.946+0000] {dagbag.py:588} INFO - Filling up the DagBag from /home/airflow/.local/lib/python3.12/site-packages/airflow/example_dags/example_latest_only_with_trigger.py
[2025-01-28T01:03:10.953+0000] {processor.py:925} INFO - DAG(s) 'latest_only_with_trigger' retrieved from /home/airflow/.local/lib/python3.12/site-packages/airflow/example_dags/example_latest_only_with_trigger.py
[2025-01-28T01:03:10.971+0000] {logging_mixin.py:190} INFO - [2025-01-28T01:03:10.971+0000] {dag.py:3239} INFO - Sync 1 DAGs
[2025-01-28T01:03:10.994+0000] {logging_mixin.py:190} INFO - [2025-01-28T01:03:10.994+0000] {dag.py:4180} INFO - Setting next_dagrun for latest_only_with_trigger to 2025-01-27 20:00:00+00:00, run_after=2025-01-28 00:00:00+00:00
[2025-01-28T01:03:11.012+0000] {processor.py:208} INFO - Processing /home/airflow/.local/lib/python3.12/site-packages/airflow/example_dags/example_latest_only_with_trigger.py took 0.073 seconds
[2025-01-28T01:03:41.602+0000] {processor.py:186} INFO - Started process (PID=2741) to work on /home/airflow/.local/lib/python3.12/site-packages/airflow/example_dags/example_latest_only_with_trigger.py
[2025-01-28T01:03:41.603+0000] {processor.py:914} INFO - Processing file /home/airflow/.local/lib/python3.12/site-packages/airflow/example_dags/example_latest_only_with_trigger.py for tasks to queue
[2025-01-28T01:03:41.605+0000] {logging_mixin.py:190} INFO - [2025-01-28T01:03:41.605+0000] {dagbag.py:588} INFO - Filling up the DagBag from /home/airflow/.local/lib/python3.12/site-packages/airflow/example_dags/example_latest_only_with_trigger.py
[2025-01-28T01:03:41.611+0000] {processor.py:925} INFO - DAG(s) 'latest_only_with_trigger' retrieved from /home/airflow/.local/lib/python3.12/site-packages/airflow/example_dags/example_latest_only_with_trigger.py
[2025-01-28T01:03:41.625+0000] {logging_mixin.py:190} INFO - [2025-01-28T01:03:41.625+0000] {dag.py:3239} INFO - Sync 1 DAGs
[2025-01-28T01:03:41.648+0000] {logging_mixin.py:190} INFO - [2025-01-28T01:03:41.648+0000] {dag.py:4180} INFO - Setting next_dagrun for latest_only_with_trigger to 2025-01-27 20:00:00+00:00, run_after=2025-01-28 00:00:00+00:00
[2025-01-28T01:03:41.663+0000] {processor.py:208} INFO - Processing /home/airflow/.local/lib/python3.12/site-packages/airflow/example_dags/example_latest_only_with_trigger.py took 0.066 seconds
[2025-01-28T01:04:12.130+0000] {processor.py:186} INFO - Started process (PID=2813) to work on /home/airflow/.local/lib/python3.12/site-packages/airflow/example_dags/example_latest_only_with_trigger.py
[2025-01-28T01:04:12.131+0000] {processor.py:914} INFO - Processing file /home/airflow/.local/lib/python3.12/site-packages/airflow/example_dags/example_latest_only_with_trigger.py for tasks to queue
[2025-01-28T01:04:12.133+0000] {logging_mixin.py:190} INFO - [2025-01-28T01:04:12.132+0000] {dagbag.py:588} INFO - Filling up the DagBag from /home/airflow/.local/lib/python3.12/site-packages/airflow/example_dags/example_latest_only_with_trigger.py
[2025-01-28T01:04:12.140+0000] {processor.py:925} INFO - DAG(s) 'latest_only_with_trigger' retrieved from /home/airflow/.local/lib/python3.12/site-packages/airflow/example_dags/example_latest_only_with_trigger.py
[2025-01-28T01:04:12.158+0000] {logging_mixin.py:190} INFO - [2025-01-28T01:04:12.158+0000] {dag.py:3239} INFO - Sync 1 DAGs
[2025-01-28T01:04:12.182+0000] {logging_mixin.py:190} INFO - [2025-01-28T01:04:12.182+0000] {dag.py:4180} INFO - Setting next_dagrun for latest_only_with_trigger to 2025-01-27 20:00:00+00:00, run_after=2025-01-28 00:00:00+00:00
[2025-01-28T01:04:12.202+0000] {processor.py:208} INFO - Processing /home/airflow/.local/lib/python3.12/site-packages/airflow/example_dags/example_latest_only_with_trigger.py took 0.077 seconds
[2025-01-28T01:04:43.218+0000] {processor.py:186} INFO - Started process (PID=2878) to work on /home/airflow/.local/lib/python3.12/site-packages/airflow/example_dags/example_latest_only_with_trigger.py
[2025-01-28T01:04:43.218+0000] {processor.py:914} INFO - Processing file /home/airflow/.local/lib/python3.12/site-packages/airflow/example_dags/example_latest_only_with_trigger.py for tasks to queue
[2025-01-28T01:04:43.219+0000] {logging_mixin.py:190} INFO - [2025-01-28T01:04:43.219+0000] {dagbag.py:588} INFO - Filling up the DagBag from /home/airflow/.local/lib/python3.12/site-packages/airflow/example_dags/example_latest_only_with_trigger.py
[2025-01-28T01:04:43.224+0000] {processor.py:925} INFO - DAG(s) 'latest_only_with_trigger' retrieved from /home/airflow/.local/lib/python3.12/site-packages/airflow/example_dags/example_latest_only_with_trigger.py
[2025-01-28T01:04:43.243+0000] {logging_mixin.py:190} INFO - [2025-01-28T01:04:43.243+0000] {dag.py:3239} INFO - Sync 1 DAGs
[2025-01-28T01:04:43.258+0000] {logging_mixin.py:190} INFO - [2025-01-28T01:04:43.257+0000] {dag.py:4180} INFO - Setting next_dagrun for latest_only_with_trigger to 2025-01-27 20:00:00+00:00, run_after=2025-01-28 00:00:00+00:00
[2025-01-28T01:04:43.271+0000] {processor.py:208} INFO - Processing /home/airflow/.local/lib/python3.12/site-packages/airflow/example_dags/example_latest_only_with_trigger.py took 0.057 seconds
[2025-01-28T01:05:14.421+0000] {processor.py:186} INFO - Started process (PID=2943) to work on /home/airflow/.local/lib/python3.12/site-packages/airflow/example_dags/example_latest_only_with_trigger.py
[2025-01-28T01:05:14.425+0000] {processor.py:914} INFO - Processing file /home/airflow/.local/lib/python3.12/site-packages/airflow/example_dags/example_latest_only_with_trigger.py for tasks to queue
[2025-01-28T01:05:14.426+0000] {logging_mixin.py:190} INFO - [2025-01-28T01:05:14.426+0000] {dagbag.py:588} INFO - Filling up the DagBag from /home/airflow/.local/lib/python3.12/site-packages/airflow/example_dags/example_latest_only_with_trigger.py
[2025-01-28T01:05:14.430+0000] {processor.py:925} INFO - DAG(s) 'latest_only_with_trigger' retrieved from /home/airflow/.local/lib/python3.12/site-packages/airflow/example_dags/example_latest_only_with_trigger.py
[2025-01-28T01:05:14.445+0000] {logging_mixin.py:190} INFO - [2025-01-28T01:05:14.445+0000] {dag.py:3239} INFO - Sync 1 DAGs
[2025-01-28T01:05:14.464+0000] {logging_mixin.py:190} INFO - [2025-01-28T01:05:14.464+0000] {dag.py:4180} INFO - Setting next_dagrun for latest_only_with_trigger to 2025-01-27 20:00:00+00:00, run_after=2025-01-28 00:00:00+00:00
[2025-01-28T01:05:14.480+0000] {processor.py:208} INFO - Processing /home/airflow/.local/lib/python3.12/site-packages/airflow/example_dags/example_latest_only_with_trigger.py took 0.062 seconds
[2025-01-28T01:05:45.599+0000] {processor.py:186} INFO - Started process (PID=3008) to work on /home/airflow/.local/lib/python3.12/site-packages/airflow/example_dags/example_latest_only_with_trigger.py
[2025-01-28T01:05:45.600+0000] {processor.py:914} INFO - Processing file /home/airflow/.local/lib/python3.12/site-packages/airflow/example_dags/example_latest_only_with_trigger.py for tasks to queue
[2025-01-28T01:05:45.601+0000] {logging_mixin.py:190} INFO - [2025-01-28T01:05:45.601+0000] {dagbag.py:588} INFO - Filling up the DagBag from /home/airflow/.local/lib/python3.12/site-packages/airflow/example_dags/example_latest_only_with_trigger.py
[2025-01-28T01:05:45.606+0000] {processor.py:925} INFO - DAG(s) 'latest_only_with_trigger' retrieved from /home/airflow/.local/lib/python3.12/site-packages/airflow/example_dags/example_latest_only_with_trigger.py
[2025-01-28T01:05:45.620+0000] {logging_mixin.py:190} INFO - [2025-01-28T01:05:45.620+0000] {dag.py:3239} INFO - Sync 1 DAGs
[2025-01-28T01:05:45.643+0000] {logging_mixin.py:190} INFO - [2025-01-28T01:05:45.643+0000] {dag.py:4180} INFO - Setting next_dagrun for latest_only_with_trigger to 2025-01-27 20:00:00+00:00, run_after=2025-01-28 00:00:00+00:00
[2025-01-28T01:05:45.661+0000] {processor.py:208} INFO - Processing /home/airflow/.local/lib/python3.12/site-packages/airflow/example_dags/example_latest_only_with_trigger.py took 0.065 seconds
[2025-01-28T01:06:16.059+0000] {processor.py:186} INFO - Started process (PID=3073) to work on /home/airflow/.local/lib/python3.12/site-packages/airflow/example_dags/example_latest_only_with_trigger.py
[2025-01-28T01:06:16.060+0000] {processor.py:914} INFO - Processing file /home/airflow/.local/lib/python3.12/site-packages/airflow/example_dags/example_latest_only_with_trigger.py for tasks to queue
[2025-01-28T01:06:16.061+0000] {logging_mixin.py:190} INFO - [2025-01-28T01:06:16.061+0000] {dagbag.py:588} INFO - Filling up the DagBag from /home/airflow/.local/lib/python3.12/site-packages/airflow/example_dags/example_latest_only_with_trigger.py
[2025-01-28T01:06:16.065+0000] {processor.py:925} INFO - DAG(s) 'latest_only_with_trigger' retrieved from /home/airflow/.local/lib/python3.12/site-packages/airflow/example_dags/example_latest_only_with_trigger.py
[2025-01-28T01:06:16.079+0000] {logging_mixin.py:190} INFO - [2025-01-28T01:06:16.079+0000] {dag.py:3239} INFO - Sync 1 DAGs
[2025-01-28T01:06:16.096+0000] {logging_mixin.py:190} INFO - [2025-01-28T01:06:16.096+0000] {dag.py:4180} INFO - Setting next_dagrun for latest_only_with_trigger to 2025-01-27 20:00:00+00:00, run_after=2025-01-28 00:00:00+00:00
[2025-01-28T01:06:16.108+0000] {processor.py:208} INFO - Processing /home/airflow/.local/lib/python3.12/site-packages/airflow/example_dags/example_latest_only_with_trigger.py took 0.052 seconds
[2025-01-28T01:06:47.407+0000] {processor.py:186} INFO - Started process (PID=3138) to work on /home/airflow/.local/lib/python3.12/site-packages/airflow/example_dags/example_latest_only_with_trigger.py
[2025-01-28T01:06:47.408+0000] {processor.py:914} INFO - Processing file /home/airflow/.local/lib/python3.12/site-packages/airflow/example_dags/example_latest_only_with_trigger.py for tasks to queue
[2025-01-28T01:06:47.410+0000] {logging_mixin.py:190} INFO - [2025-01-28T01:06:47.410+0000] {dagbag.py:588} INFO - Filling up the DagBag from /home/airflow/.local/lib/python3.12/site-packages/airflow/example_dags/example_latest_only_with_trigger.py
[2025-01-28T01:06:47.418+0000] {processor.py:925} INFO - DAG(s) 'latest_only_with_trigger' retrieved from /home/airflow/.local/lib/python3.12/site-packages/airflow/example_dags/example_latest_only_with_trigger.py
[2025-01-28T01:06:47.434+0000] {logging_mixin.py:190} INFO - [2025-01-28T01:06:47.434+0000] {dag.py:3239} INFO - Sync 1 DAGs
[2025-01-28T01:06:47.453+0000] {logging_mixin.py:190} INFO - [2025-01-28T01:06:47.453+0000] {dag.py:4180} INFO - Setting next_dagrun for latest_only_with_trigger to 2025-01-27 20:00:00+00:00, run_after=2025-01-28 00:00:00+00:00
[2025-01-28T01:06:47.467+0000] {processor.py:208} INFO - Processing /home/airflow/.local/lib/python3.12/site-packages/airflow/example_dags/example_latest_only_with_trigger.py took 0.064 seconds
[2025-01-28T01:07:18.269+0000] {processor.py:186} INFO - Started process (PID=3203) to work on /home/airflow/.local/lib/python3.12/site-packages/airflow/example_dags/example_latest_only_with_trigger.py
[2025-01-28T01:07:18.270+0000] {processor.py:914} INFO - Processing file /home/airflow/.local/lib/python3.12/site-packages/airflow/example_dags/example_latest_only_with_trigger.py for tasks to queue
[2025-01-28T01:07:18.272+0000] {logging_mixin.py:190} INFO - [2025-01-28T01:07:18.271+0000] {dagbag.py:588} INFO - Filling up the DagBag from /home/airflow/.local/lib/python3.12/site-packages/airflow/example_dags/example_latest_only_with_trigger.py
[2025-01-28T01:07:18.280+0000] {processor.py:925} INFO - DAG(s) 'latest_only_with_trigger' retrieved from /home/airflow/.local/lib/python3.12/site-packages/airflow/example_dags/example_latest_only_with_trigger.py
[2025-01-28T01:07:18.302+0000] {logging_mixin.py:190} INFO - [2025-01-28T01:07:18.302+0000] {dag.py:3239} INFO - Sync 1 DAGs
[2025-01-28T01:07:18.332+0000] {logging_mixin.py:190} INFO - [2025-01-28T01:07:18.332+0000] {dag.py:4180} INFO - Setting next_dagrun for latest_only_with_trigger to 2025-01-27 20:00:00+00:00, run_after=2025-01-28 00:00:00+00:00
[2025-01-28T01:07:18.348+0000] {processor.py:208} INFO - Processing /home/airflow/.local/lib/python3.12/site-packages/airflow/example_dags/example_latest_only_with_trigger.py took 0.085 seconds
[2025-01-28T01:07:49.412+0000] {processor.py:186} INFO - Started process (PID=3268) to work on /home/airflow/.local/lib/python3.12/site-packages/airflow/example_dags/example_latest_only_with_trigger.py
[2025-01-28T01:07:49.413+0000] {processor.py:914} INFO - Processing file /home/airflow/.local/lib/python3.12/site-packages/airflow/example_dags/example_latest_only_with_trigger.py for tasks to queue
[2025-01-28T01:07:49.414+0000] {logging_mixin.py:190} INFO - [2025-01-28T01:07:49.414+0000] {dagbag.py:588} INFO - Filling up the DagBag from /home/airflow/.local/lib/python3.12/site-packages/airflow/example_dags/example_latest_only_with_trigger.py
[2025-01-28T01:07:49.419+0000] {processor.py:925} INFO - DAG(s) 'latest_only_with_trigger' retrieved from /home/airflow/.local/lib/python3.12/site-packages/airflow/example_dags/example_latest_only_with_trigger.py
[2025-01-28T01:07:49.435+0000] {logging_mixin.py:190} INFO - [2025-01-28T01:07:49.435+0000] {dag.py:3239} INFO - Sync 1 DAGs
[2025-01-28T01:07:49.572+0000] {logging_mixin.py:190} INFO - [2025-01-28T01:07:49.572+0000] {dag.py:4180} INFO - Setting next_dagrun for latest_only_with_trigger to 2025-01-27 20:00:00+00:00, run_after=2025-01-28 00:00:00+00:00
[2025-01-28T01:07:49.584+0000] {processor.py:208} INFO - Processing /home/airflow/.local/lib/python3.12/site-packages/airflow/example_dags/example_latest_only_with_trigger.py took 0.175 seconds
[2025-01-28T01:08:20.705+0000] {processor.py:186} INFO - Started process (PID=3332) to work on /home/airflow/.local/lib/python3.12/site-packages/airflow/example_dags/example_latest_only_with_trigger.py
[2025-01-28T01:08:20.706+0000] {processor.py:914} INFO - Processing file /home/airflow/.local/lib/python3.12/site-packages/airflow/example_dags/example_latest_only_with_trigger.py for tasks to queue
[2025-01-28T01:08:20.707+0000] {logging_mixin.py:190} INFO - [2025-01-28T01:08:20.707+0000] {dagbag.py:588} INFO - Filling up the DagBag from /home/airflow/.local/lib/python3.12/site-packages/airflow/example_dags/example_latest_only_with_trigger.py
[2025-01-28T01:08:20.713+0000] {processor.py:925} INFO - DAG(s) 'latest_only_with_trigger' retrieved from /home/airflow/.local/lib/python3.12/site-packages/airflow/example_dags/example_latest_only_with_trigger.py
[2025-01-28T01:08:20.727+0000] {logging_mixin.py:190} INFO - [2025-01-28T01:08:20.727+0000] {dag.py:3239} INFO - Sync 1 DAGs
[2025-01-28T01:08:20.744+0000] {logging_mixin.py:190} INFO - [2025-01-28T01:08:20.744+0000] {dag.py:4180} INFO - Setting next_dagrun for latest_only_with_trigger to 2025-01-27 20:00:00+00:00, run_after=2025-01-28 00:00:00+00:00
[2025-01-28T01:08:20.914+0000] {processor.py:208} INFO - Processing /home/airflow/.local/lib/python3.12/site-packages/airflow/example_dags/example_latest_only_with_trigger.py took 0.220 seconds
