[2025-02-12T01:18:42.283+0000] {local_task_job_runner.py:123} INFO - ::group::Pre task execution logs
[2025-02-12T01:18:42.313+0000] {taskinstance.py:2613} INFO - Dependencies all met for dep_context=non-requeueable deps ti=<TaskInstance: manage_airflow_roles.get_dags_by_owner manual__2025-02-12T01:18:41.433292+00:00 [queued]>
[2025-02-12T01:18:42.325+0000] {taskinstance.py:2613} INFO - Dependencies all met for dep_context=requeueable deps ti=<TaskInstance: manage_airflow_roles.get_dags_by_owner manual__2025-02-12T01:18:41.433292+00:00 [queued]>
[2025-02-12T01:18:42.325+0000] {taskinstance.py:2866} INFO - Starting attempt 1 of 1
[2025-02-12T01:18:42.342+0000] {taskinstance.py:2889} INFO - Executing <Task(_PythonDecoratedOperator): get_dags_by_owner> on 2025-02-12 01:18:41.433292+00:00
[2025-02-12T01:18:42.352+0000] {warnings.py:112} WARNING - /home/***/.local/lib/python3.12/site-packages/***/task/task_runner/standard_task_runner.py:70: DeprecationWarning: This process (pid=1862) is multi-threaded, use of fork() may lead to deadlocks in the child.
  pid = os.fork()

[2025-02-12T01:18:42.354+0000] {standard_task_runner.py:72} INFO - Started process 1873 to run task
[2025-02-12T01:18:42.354+0000] {standard_task_runner.py:104} INFO - Running: ['***', 'tasks', 'run', 'manage_***_roles', 'get_dags_by_owner', 'manual__2025-02-12T01:18:41.433292+00:00', '--job-id', '296', '--raw', '--subdir', 'DAGS_FOLDER/dag.py', '--cfg-path', '/tmp/tmpdxnng466']
[2025-02-12T01:18:42.356+0000] {standard_task_runner.py:105} INFO - Job 296: Subtask get_dags_by_owner
[2025-02-12T01:18:42.413+0000] {task_command.py:467} INFO - Running <TaskInstance: manage_airflow_roles.get_dags_by_owner manual__2025-02-12T01:18:41.433292+00:00 [running]> on host 3f11f16c6f4b
[2025-02-12T01:18:42.522+0000] {taskinstance.py:3132} INFO - Exporting env vars: AIRFLOW_CTX_DAG_OWNER='data-team' AIRFLOW_CTX_DAG_ID='manage_***_roles' AIRFLOW_CTX_TASK_ID='get_dags_by_owner' AIRFLOW_CTX_EXECUTION_DATE='2025-02-12T01:18:41.433292+00:00' AIRFLOW_CTX_TRY_NUMBER='1' AIRFLOW_CTX_DAG_RUN_ID='manual__2025-02-12T01:18:41.433292+00:00'
[2025-02-12T01:18:42.523+0000] {taskinstance.py:731} INFO - ::endgroup::
[2025-02-12T01:18:42.527+0000] {dagbag.py:588} INFO - Filling up the DagBag from /opt/***/dags
[2025-02-12T01:18:42.546+0000] {python.py:240} INFO - Done. Returned value was: {'dados': ['hello_world_dag'], 'data-team': ['manage_***_roles']}
[2025-02-12T01:18:42.582+0000] {taskinstance.py:340} INFO - ::group::Post task execution logs
[2025-02-12T01:18:42.583+0000] {taskinstance.py:352} INFO - Marking task as SUCCESS. dag_id=manage_***_roles, task_id=get_dags_by_owner, run_id=manual__2025-02-12T01:18:41.433292+00:00, execution_date=20250212T011841, start_date=20250212T011842, end_date=20250212T011842
[2025-02-12T01:18:42.650+0000] {local_task_job_runner.py:266} INFO - Task exited with return code 0
[2025-02-12T01:18:42.686+0000] {taskinstance.py:3895} INFO - 0 downstream tasks scheduled from follow-on schedule check
[2025-02-12T01:18:42.688+0000] {local_task_job_runner.py:245} INFO - ::endgroup::
