[2025-01-21T01:14:38.664+0000] {processor.py:186} INFO - Started process (PID=71) to work on /opt/airflow/dags/dag.py
[2025-01-21T01:14:38.665+0000] {processor.py:914} INFO - Processing file /opt/airflow/dags/dag.py for tasks to queue
[2025-01-21T01:14:38.668+0000] {logging_mixin.py:190} INFO - [2025-01-21T01:14:38.667+0000] {dagbag.py:588} INFO - Filling up the DagBag from /opt/airflow/dags/dag.py
[2025-01-21T01:14:38.671+0000] {processor.py:927} WARNING - No viable dags retrieved from /opt/airflow/dags/dag.py
[2025-01-21T01:14:38.684+0000] {processor.py:208} INFO - Processing /opt/airflow/dags/dag.py took 0.027 seconds
[2025-01-21T01:15:08.887+0000] {processor.py:186} INFO - Started process (PID=136) to work on /opt/airflow/dags/dag.py
[2025-01-21T01:15:08.890+0000] {processor.py:914} INFO - Processing file /opt/airflow/dags/dag.py for tasks to queue
[2025-01-21T01:15:08.892+0000] {logging_mixin.py:190} INFO - [2025-01-21T01:15:08.892+0000] {dagbag.py:588} INFO - Filling up the DagBag from /opt/airflow/dags/dag.py
[2025-01-21T01:15:08.895+0000] {processor.py:927} WARNING - No viable dags retrieved from /opt/airflow/dags/dag.py
[2025-01-21T01:15:08.911+0000] {processor.py:208} INFO - Processing /opt/airflow/dags/dag.py took 0.031 seconds
[2025-01-21T01:15:39.854+0000] {processor.py:186} INFO - Started process (PID=206) to work on /opt/airflow/dags/dag.py
[2025-01-21T01:15:39.856+0000] {processor.py:914} INFO - Processing file /opt/airflow/dags/dag.py for tasks to queue
[2025-01-21T01:15:39.859+0000] {logging_mixin.py:190} INFO - [2025-01-21T01:15:39.859+0000] {dagbag.py:588} INFO - Filling up the DagBag from /opt/airflow/dags/dag.py
[2025-01-21T01:15:39.862+0000] {processor.py:927} WARNING - No viable dags retrieved from /opt/airflow/dags/dag.py
[2025-01-21T01:15:39.882+0000] {processor.py:208} INFO - Processing /opt/airflow/dags/dag.py took 0.035 seconds
[2025-01-21T01:16:09.969+0000] {processor.py:186} INFO - Started process (PID=270) to work on /opt/airflow/dags/dag.py
[2025-01-21T01:16:09.972+0000] {processor.py:914} INFO - Processing file /opt/airflow/dags/dag.py for tasks to queue
[2025-01-21T01:16:09.974+0000] {logging_mixin.py:190} INFO - [2025-01-21T01:16:09.974+0000] {dagbag.py:588} INFO - Filling up the DagBag from /opt/airflow/dags/dag.py
[2025-01-21T01:16:09.977+0000] {processor.py:927} WARNING - No viable dags retrieved from /opt/airflow/dags/dag.py
[2025-01-21T01:16:09.995+0000] {processor.py:208} INFO - Processing /opt/airflow/dags/dag.py took 0.033 seconds
[2025-01-21T01:16:40.304+0000] {processor.py:186} INFO - Started process (PID=334) to work on /opt/airflow/dags/dag.py
[2025-01-21T01:16:40.306+0000] {processor.py:914} INFO - Processing file /opt/airflow/dags/dag.py for tasks to queue
[2025-01-21T01:16:40.309+0000] {logging_mixin.py:190} INFO - [2025-01-21T01:16:40.309+0000] {dagbag.py:588} INFO - Filling up the DagBag from /opt/airflow/dags/dag.py
[2025-01-21T01:16:40.311+0000] {processor.py:927} WARNING - No viable dags retrieved from /opt/airflow/dags/dag.py
[2025-01-21T01:16:40.325+0000] {processor.py:208} INFO - Processing /opt/airflow/dags/dag.py took 0.026 seconds
[2025-01-21T01:17:10.435+0000] {processor.py:186} INFO - Started process (PID=398) to work on /opt/airflow/dags/dag.py
[2025-01-21T01:17:10.438+0000] {processor.py:914} INFO - Processing file /opt/airflow/dags/dag.py for tasks to queue
[2025-01-21T01:17:10.441+0000] {logging_mixin.py:190} INFO - [2025-01-21T01:17:10.441+0000] {dagbag.py:588} INFO - Filling up the DagBag from /opt/airflow/dags/dag.py
[2025-01-21T01:17:10.444+0000] {processor.py:927} WARNING - No viable dags retrieved from /opt/airflow/dags/dag.py
[2025-01-21T01:17:10.465+0000] {processor.py:208} INFO - Processing /opt/airflow/dags/dag.py took 0.037 seconds
[2025-01-21T01:17:40.622+0000] {processor.py:186} INFO - Started process (PID=462) to work on /opt/airflow/dags/dag.py
[2025-01-21T01:17:40.623+0000] {processor.py:914} INFO - Processing file /opt/airflow/dags/dag.py for tasks to queue
[2025-01-21T01:17:40.626+0000] {logging_mixin.py:190} INFO - [2025-01-21T01:17:40.626+0000] {dagbag.py:588} INFO - Filling up the DagBag from /opt/airflow/dags/dag.py
[2025-01-21T01:17:40.629+0000] {processor.py:927} WARNING - No viable dags retrieved from /opt/airflow/dags/dag.py
[2025-01-21T01:17:40.647+0000] {processor.py:208} INFO - Processing /opt/airflow/dags/dag.py took 0.032 seconds
[2025-01-21T01:18:11.623+0000] {processor.py:186} INFO - Started process (PID=526) to work on /opt/airflow/dags/dag.py
[2025-01-21T01:18:11.624+0000] {processor.py:914} INFO - Processing file /opt/airflow/dags/dag.py for tasks to queue
[2025-01-21T01:18:11.627+0000] {logging_mixin.py:190} INFO - [2025-01-21T01:18:11.627+0000] {dagbag.py:588} INFO - Filling up the DagBag from /opt/airflow/dags/dag.py
[2025-01-21T01:18:11.630+0000] {processor.py:927} WARNING - No viable dags retrieved from /opt/airflow/dags/dag.py
[2025-01-21T01:18:11.648+0000] {processor.py:208} INFO - Processing /opt/airflow/dags/dag.py took 0.031 seconds
[2025-01-21T01:18:41.842+0000] {processor.py:186} INFO - Started process (PID=590) to work on /opt/airflow/dags/dag.py
[2025-01-21T01:18:41.843+0000] {processor.py:914} INFO - Processing file /opt/airflow/dags/dag.py for tasks to queue
[2025-01-21T01:18:41.846+0000] {logging_mixin.py:190} INFO - [2025-01-21T01:18:41.846+0000] {dagbag.py:588} INFO - Filling up the DagBag from /opt/airflow/dags/dag.py
[2025-01-21T01:18:41.849+0000] {processor.py:927} WARNING - No viable dags retrieved from /opt/airflow/dags/dag.py
[2025-01-21T01:18:41.868+0000] {processor.py:208} INFO - Processing /opt/airflow/dags/dag.py took 0.032 seconds
[2025-01-21T01:19:12.325+0000] {processor.py:186} INFO - Started process (PID=654) to work on /opt/airflow/dags/dag.py
[2025-01-21T01:19:12.327+0000] {processor.py:914} INFO - Processing file /opt/airflow/dags/dag.py for tasks to queue
[2025-01-21T01:19:12.330+0000] {logging_mixin.py:190} INFO - [2025-01-21T01:19:12.330+0000] {dagbag.py:588} INFO - Filling up the DagBag from /opt/airflow/dags/dag.py
[2025-01-21T01:19:12.333+0000] {processor.py:927} WARNING - No viable dags retrieved from /opt/airflow/dags/dag.py
[2025-01-21T01:19:12.353+0000] {processor.py:208} INFO - Processing /opt/airflow/dags/dag.py took 0.035 seconds
[2025-01-21T01:19:42.744+0000] {processor.py:186} INFO - Started process (PID=718) to work on /opt/airflow/dags/dag.py
[2025-01-21T01:19:42.747+0000] {processor.py:914} INFO - Processing file /opt/airflow/dags/dag.py for tasks to queue
[2025-01-21T01:19:42.752+0000] {logging_mixin.py:190} INFO - [2025-01-21T01:19:42.751+0000] {dagbag.py:588} INFO - Filling up the DagBag from /opt/airflow/dags/dag.py
[2025-01-21T01:19:42.759+0000] {processor.py:927} WARNING - No viable dags retrieved from /opt/airflow/dags/dag.py
[2025-01-21T01:19:42.784+0000] {processor.py:208} INFO - Processing /opt/airflow/dags/dag.py took 0.048 seconds
[2025-01-21T01:20:13.494+0000] {processor.py:186} INFO - Started process (PID=782) to work on /opt/airflow/dags/dag.py
[2025-01-21T01:20:13.496+0000] {processor.py:914} INFO - Processing file /opt/airflow/dags/dag.py for tasks to queue
[2025-01-21T01:20:13.499+0000] {logging_mixin.py:190} INFO - [2025-01-21T01:20:13.498+0000] {dagbag.py:588} INFO - Filling up the DagBag from /opt/airflow/dags/dag.py
[2025-01-21T01:20:13.502+0000] {processor.py:927} WARNING - No viable dags retrieved from /opt/airflow/dags/dag.py
[2025-01-21T01:20:13.526+0000] {processor.py:208} INFO - Processing /opt/airflow/dags/dag.py took 0.040 seconds
[2025-01-21T01:20:44.067+0000] {processor.py:186} INFO - Started process (PID=846) to work on /opt/airflow/dags/dag.py
[2025-01-21T01:20:44.069+0000] {processor.py:914} INFO - Processing file /opt/airflow/dags/dag.py for tasks to queue
[2025-01-21T01:20:44.072+0000] {logging_mixin.py:190} INFO - [2025-01-21T01:20:44.072+0000] {dagbag.py:588} INFO - Filling up the DagBag from /opt/airflow/dags/dag.py
[2025-01-21T01:20:44.076+0000] {processor.py:927} WARNING - No viable dags retrieved from /opt/airflow/dags/dag.py
[2025-01-21T01:20:44.095+0000] {processor.py:208} INFO - Processing /opt/airflow/dags/dag.py took 0.037 seconds
[2025-01-21T01:21:14.500+0000] {processor.py:186} INFO - Started process (PID=910) to work on /opt/airflow/dags/dag.py
[2025-01-21T01:21:14.503+0000] {processor.py:914} INFO - Processing file /opt/airflow/dags/dag.py for tasks to queue
[2025-01-21T01:21:14.505+0000] {logging_mixin.py:190} INFO - [2025-01-21T01:21:14.505+0000] {dagbag.py:588} INFO - Filling up the DagBag from /opt/airflow/dags/dag.py
[2025-01-21T01:21:14.508+0000] {processor.py:927} WARNING - No viable dags retrieved from /opt/airflow/dags/dag.py
[2025-01-21T01:21:14.523+0000] {processor.py:208} INFO - Processing /opt/airflow/dags/dag.py took 0.030 seconds
[2025-01-21T01:21:38.247+0000] {processor.py:186} INFO - Started process (PID=968) to work on /opt/airflow/dags/dag.py
[2025-01-21T01:21:38.250+0000] {processor.py:914} INFO - Processing file /opt/airflow/dags/dag.py for tasks to queue
[2025-01-21T01:21:38.254+0000] {logging_mixin.py:190} INFO - [2025-01-21T01:21:38.254+0000] {dagbag.py:588} INFO - Filling up the DagBag from /opt/airflow/dags/dag.py
[2025-01-21T01:21:38.278+0000] {processor.py:925} INFO - DAG(s) 'manage_airflow_roles' retrieved from /opt/airflow/dags/dag.py
[2025-01-21T01:21:38.428+0000] {logging_mixin.py:190} INFO - [2025-01-21T01:21:38.427+0000] {override.py:1911} INFO - Created Permission View: can delete on DAG:manage_airflow_roles
[2025-01-21T01:21:38.443+0000] {logging_mixin.py:190} INFO - [2025-01-21T01:21:38.442+0000] {override.py:1911} INFO - Created Permission View: can edit on DAG:manage_airflow_roles
[2025-01-21T01:21:38.461+0000] {logging_mixin.py:190} INFO - [2025-01-21T01:21:38.460+0000] {override.py:1911} INFO - Created Permission View: can read on DAG:manage_airflow_roles
[2025-01-21T01:21:38.476+0000] {logging_mixin.py:190} INFO - [2025-01-21T01:21:38.476+0000] {override.py:1911} INFO - Created Permission View: can delete on DAG Run:manage_airflow_roles
[2025-01-21T01:21:38.489+0000] {logging_mixin.py:190} INFO - [2025-01-21T01:21:38.488+0000] {override.py:1911} INFO - Created Permission View: menu access on DAG Run:manage_airflow_roles
[2025-01-21T01:21:38.499+0000] {logging_mixin.py:190} INFO - [2025-01-21T01:21:38.499+0000] {override.py:1911} INFO - Created Permission View: can read on DAG Run:manage_airflow_roles
[2025-01-21T01:21:38.507+0000] {logging_mixin.py:190} INFO - [2025-01-21T01:21:38.507+0000] {override.py:1911} INFO - Created Permission View: can create on DAG Run:manage_airflow_roles
[2025-01-21T01:21:38.508+0000] {logging_mixin.py:190} INFO - [2025-01-21T01:21:38.508+0000] {dag.py:3239} INFO - Sync 1 DAGs
[2025-01-21T01:21:38.522+0000] {logging_mixin.py:190} INFO - [2025-01-21T01:21:38.522+0000] {dag.py:3262} INFO - Creating ORM DAG for manage_airflow_roles
[2025-01-21T01:21:38.536+0000] {logging_mixin.py:190} INFO - [2025-01-21T01:21:38.535+0000] {dag.py:4180} INFO - Setting next_dagrun for manage_airflow_roles to 2025-01-13 10:00:00+00:00, run_after=2025-01-20 10:00:00+00:00
[2025-01-21T01:21:38.564+0000] {processor.py:208} INFO - Processing /opt/airflow/dags/dag.py took 0.329 seconds
[2025-01-21T01:22:08.628+0000] {processor.py:186} INFO - Started process (PID=1035) to work on /opt/airflow/dags/dag.py
[2025-01-21T01:22:08.629+0000] {processor.py:914} INFO - Processing file /opt/airflow/dags/dag.py for tasks to queue
[2025-01-21T01:22:08.633+0000] {logging_mixin.py:190} INFO - [2025-01-21T01:22:08.632+0000] {dagbag.py:588} INFO - Filling up the DagBag from /opt/airflow/dags/dag.py
[2025-01-21T01:22:08.643+0000] {processor.py:925} INFO - DAG(s) 'manage_airflow_roles' retrieved from /opt/airflow/dags/dag.py
[2025-01-21T01:22:08.665+0000] {logging_mixin.py:190} INFO - [2025-01-21T01:22:08.665+0000] {dag.py:3239} INFO - Sync 1 DAGs
[2025-01-21T01:22:08.696+0000] {logging_mixin.py:190} INFO - [2025-01-21T01:22:08.696+0000] {dag.py:4180} INFO - Setting next_dagrun for manage_airflow_roles to 2025-01-20 10:00:00+00:00, run_after=2025-01-27 10:00:00+00:00
[2025-01-21T01:22:08.718+0000] {processor.py:208} INFO - Processing /opt/airflow/dags/dag.py took 0.096 seconds
[2025-01-21T01:22:39.697+0000] {processor.py:186} INFO - Started process (PID=1099) to work on /opt/airflow/dags/dag.py
[2025-01-21T01:22:39.702+0000] {processor.py:914} INFO - Processing file /opt/airflow/dags/dag.py for tasks to queue
[2025-01-21T01:22:39.711+0000] {logging_mixin.py:190} INFO - [2025-01-21T01:22:39.709+0000] {dagbag.py:588} INFO - Filling up the DagBag from /opt/airflow/dags/dag.py
[2025-01-21T01:22:39.738+0000] {processor.py:925} INFO - DAG(s) 'manage_airflow_roles' retrieved from /opt/airflow/dags/dag.py
[2025-01-21T01:22:39.771+0000] {logging_mixin.py:190} INFO - [2025-01-21T01:22:39.771+0000] {dag.py:3239} INFO - Sync 1 DAGs
[2025-01-21T01:22:39.805+0000] {logging_mixin.py:190} INFO - [2025-01-21T01:22:39.804+0000] {dag.py:4180} INFO - Setting next_dagrun for manage_airflow_roles to 2025-01-20 10:00:00+00:00, run_after=2025-01-27 10:00:00+00:00
[2025-01-21T01:22:39.836+0000] {processor.py:208} INFO - Processing /opt/airflow/dags/dag.py took 0.155 seconds
[2025-01-21T01:23:09.977+0000] {processor.py:186} INFO - Started process (PID=1163) to work on /opt/airflow/dags/dag.py
[2025-01-21T01:23:09.979+0000] {processor.py:914} INFO - Processing file /opt/airflow/dags/dag.py for tasks to queue
[2025-01-21T01:23:09.983+0000] {logging_mixin.py:190} INFO - [2025-01-21T01:23:09.982+0000] {dagbag.py:588} INFO - Filling up the DagBag from /opt/airflow/dags/dag.py
[2025-01-21T01:23:09.997+0000] {processor.py:925} INFO - DAG(s) 'manage_airflow_roles' retrieved from /opt/airflow/dags/dag.py
[2025-01-21T01:23:10.032+0000] {logging_mixin.py:190} INFO - [2025-01-21T01:23:10.031+0000] {dag.py:3239} INFO - Sync 1 DAGs
[2025-01-21T01:23:10.077+0000] {logging_mixin.py:190} INFO - [2025-01-21T01:23:10.077+0000] {dag.py:4180} INFO - Setting next_dagrun for manage_airflow_roles to 2025-01-20 10:00:00+00:00, run_after=2025-01-27 10:00:00+00:00
[2025-01-21T01:23:10.120+0000] {processor.py:208} INFO - Processing /opt/airflow/dags/dag.py took 0.151 seconds
[2025-01-21T01:23:17.433+0000] {processor.py:186} INFO - Started process (PID=1172) to work on /opt/airflow/dags/dag.py
[2025-01-21T01:23:17.437+0000] {processor.py:914} INFO - Processing file /opt/airflow/dags/dag.py for tasks to queue
[2025-01-21T01:23:17.442+0000] {logging_mixin.py:190} INFO - [2025-01-21T01:23:17.441+0000] {dagbag.py:588} INFO - Filling up the DagBag from /opt/airflow/dags/dag.py
[2025-01-21T01:23:17.470+0000] {processor.py:925} INFO - DAG(s) 'manage_airflow_roles' retrieved from /opt/airflow/dags/dag.py
[2025-01-21T01:23:17.500+0000] {logging_mixin.py:190} INFO - [2025-01-21T01:23:17.500+0000] {dag.py:3239} INFO - Sync 1 DAGs
[2025-01-21T01:23:17.530+0000] {logging_mixin.py:190} INFO - [2025-01-21T01:23:17.529+0000] {dag.py:4180} INFO - Setting next_dagrun for manage_airflow_roles to 2025-01-20 10:00:00+00:00, run_after=2025-01-27 10:00:00+00:00
[2025-01-21T01:23:17.553+0000] {processor.py:208} INFO - Processing /opt/airflow/dags/dag.py took 0.130 seconds
[2025-01-21T01:23:47.841+0000] {processor.py:186} INFO - Started process (PID=1236) to work on /opt/airflow/dags/dag.py
[2025-01-21T01:23:47.843+0000] {processor.py:914} INFO - Processing file /opt/airflow/dags/dag.py for tasks to queue
[2025-01-21T01:23:47.848+0000] {logging_mixin.py:190} INFO - [2025-01-21T01:23:47.847+0000] {dagbag.py:588} INFO - Filling up the DagBag from /opt/airflow/dags/dag.py
[2025-01-21T01:23:47.862+0000] {processor.py:925} INFO - DAG(s) 'manage_airflow_roles' retrieved from /opt/airflow/dags/dag.py
[2025-01-21T01:23:47.898+0000] {logging_mixin.py:190} INFO - [2025-01-21T01:23:47.897+0000] {dag.py:3239} INFO - Sync 1 DAGs
[2025-01-21T01:23:47.967+0000] {logging_mixin.py:190} INFO - [2025-01-21T01:23:47.967+0000] {dag.py:4180} INFO - Setting next_dagrun for manage_airflow_roles to 2025-01-20 10:00:00+00:00, run_after=2025-01-27 10:00:00+00:00
[2025-01-21T01:23:47.991+0000] {processor.py:208} INFO - Processing /opt/airflow/dags/dag.py took 0.165 seconds
[2025-01-21T01:24:18.287+0000] {processor.py:186} INFO - Started process (PID=1300) to work on /opt/airflow/dags/dag.py
[2025-01-21T01:24:18.289+0000] {processor.py:914} INFO - Processing file /opt/airflow/dags/dag.py for tasks to queue
[2025-01-21T01:24:18.293+0000] {logging_mixin.py:190} INFO - [2025-01-21T01:24:18.292+0000] {dagbag.py:588} INFO - Filling up the DagBag from /opt/airflow/dags/dag.py
[2025-01-21T01:24:18.312+0000] {processor.py:925} INFO - DAG(s) 'manage_airflow_roles' retrieved from /opt/airflow/dags/dag.py
[2025-01-21T01:24:18.338+0000] {logging_mixin.py:190} INFO - [2025-01-21T01:24:18.338+0000] {dag.py:3239} INFO - Sync 1 DAGs
[2025-01-21T01:24:18.366+0000] {logging_mixin.py:190} INFO - [2025-01-21T01:24:18.366+0000] {dag.py:4180} INFO - Setting next_dagrun for manage_airflow_roles to 2025-01-20 10:00:00+00:00, run_after=2025-01-27 10:00:00+00:00
[2025-01-21T01:24:18.388+0000] {processor.py:208} INFO - Processing /opt/airflow/dags/dag.py took 0.113 seconds
[2025-01-21T01:24:48.557+0000] {processor.py:186} INFO - Started process (PID=1364) to work on /opt/airflow/dags/dag.py
[2025-01-21T01:24:48.560+0000] {processor.py:914} INFO - Processing file /opt/airflow/dags/dag.py for tasks to queue
[2025-01-21T01:24:48.564+0000] {logging_mixin.py:190} INFO - [2025-01-21T01:24:48.564+0000] {dagbag.py:588} INFO - Filling up the DagBag from /opt/airflow/dags/dag.py
[2025-01-21T01:24:48.580+0000] {processor.py:925} INFO - DAG(s) 'manage_airflow_roles' retrieved from /opt/airflow/dags/dag.py
[2025-01-21T01:24:48.619+0000] {logging_mixin.py:190} INFO - [2025-01-21T01:24:48.618+0000] {dag.py:3239} INFO - Sync 1 DAGs
[2025-01-21T01:24:48.668+0000] {logging_mixin.py:190} INFO - [2025-01-21T01:24:48.667+0000] {dag.py:4180} INFO - Setting next_dagrun for manage_airflow_roles to 2025-01-20 10:00:00+00:00, run_after=2025-01-27 10:00:00+00:00
[2025-01-21T01:24:48.714+0000] {processor.py:208} INFO - Processing /opt/airflow/dags/dag.py took 0.172 seconds
[2025-01-21T01:25:18.760+0000] {processor.py:186} INFO - Started process (PID=1428) to work on /opt/airflow/dags/dag.py
[2025-01-21T01:25:18.763+0000] {processor.py:914} INFO - Processing file /opt/airflow/dags/dag.py for tasks to queue
[2025-01-21T01:25:18.766+0000] {logging_mixin.py:190} INFO - [2025-01-21T01:25:18.765+0000] {dagbag.py:588} INFO - Filling up the DagBag from /opt/airflow/dags/dag.py
[2025-01-21T01:25:18.783+0000] {processor.py:925} INFO - DAG(s) 'manage_airflow_roles' retrieved from /opt/airflow/dags/dag.py
[2025-01-21T01:25:18.828+0000] {logging_mixin.py:190} INFO - [2025-01-21T01:25:18.827+0000] {dag.py:3239} INFO - Sync 1 DAGs
[2025-01-21T01:25:18.876+0000] {logging_mixin.py:190} INFO - [2025-01-21T01:25:18.876+0000] {dag.py:4180} INFO - Setting next_dagrun for manage_airflow_roles to 2025-01-20 10:00:00+00:00, run_after=2025-01-27 10:00:00+00:00
[2025-01-21T01:25:18.913+0000] {processor.py:208} INFO - Processing /opt/airflow/dags/dag.py took 0.163 seconds
[2025-01-21T01:25:25.974+0000] {processor.py:186} INFO - Started process (PID=1439) to work on /opt/airflow/dags/dag.py
[2025-01-21T01:25:25.976+0000] {processor.py:914} INFO - Processing file /opt/airflow/dags/dag.py for tasks to queue
[2025-01-21T01:25:25.983+0000] {logging_mixin.py:190} INFO - [2025-01-21T01:25:25.982+0000] {dagbag.py:588} INFO - Filling up the DagBag from /opt/airflow/dags/dag.py
[2025-01-21T01:25:26.002+0000] {processor.py:925} INFO - DAG(s) 'manage_airflow_roles' retrieved from /opt/airflow/dags/dag.py
[2025-01-21T01:25:26.055+0000] {logging_mixin.py:190} INFO - [2025-01-21T01:25:26.054+0000] {dag.py:3239} INFO - Sync 1 DAGs
[2025-01-21T01:25:26.128+0000] {logging_mixin.py:190} INFO - [2025-01-21T01:25:26.128+0000] {dag.py:4180} INFO - Setting next_dagrun for manage_airflow_roles to 2025-01-20 10:00:00+00:00, run_after=2025-01-27 10:00:00+00:00
[2025-01-21T01:25:26.167+0000] {processor.py:208} INFO - Processing /opt/airflow/dags/dag.py took 0.207 seconds
[2025-01-21T01:25:56.230+0000] {processor.py:186} INFO - Started process (PID=1503) to work on /opt/airflow/dags/dag.py
[2025-01-21T01:25:56.233+0000] {processor.py:914} INFO - Processing file /opt/airflow/dags/dag.py for tasks to queue
[2025-01-21T01:25:56.236+0000] {logging_mixin.py:190} INFO - [2025-01-21T01:25:56.236+0000] {dagbag.py:588} INFO - Filling up the DagBag from /opt/airflow/dags/dag.py
[2025-01-21T01:25:56.246+0000] {processor.py:925} INFO - DAG(s) 'manage_airflow_roles' retrieved from /opt/airflow/dags/dag.py
[2025-01-21T01:25:56.271+0000] {logging_mixin.py:190} INFO - [2025-01-21T01:25:56.271+0000] {dag.py:3239} INFO - Sync 1 DAGs
[2025-01-21T01:25:56.304+0000] {logging_mixin.py:190} INFO - [2025-01-21T01:25:56.304+0000] {dag.py:4180} INFO - Setting next_dagrun for manage_airflow_roles to 2025-01-20 10:00:00+00:00, run_after=2025-01-27 10:00:00+00:00
[2025-01-21T01:25:56.325+0000] {processor.py:208} INFO - Processing /opt/airflow/dags/dag.py took 0.101 seconds
