[2025-02-11T00:13:15.605+0000] {local_task_job_runner.py:123} INFO - ::group::Pre task execution logs
[2025-02-11T00:13:15.628+0000] {taskinstance.py:2613} INFO - Dependencies all met for dep_context=non-requeueable deps ti=<TaskInstance: manage_airflow_roles.assign_generic_permissions_roles manual__2025-02-11T00:13:03.600973+00:00 [queued]>
[2025-02-11T00:13:15.642+0000] {taskinstance.py:2613} INFO - Dependencies all met for dep_context=requeueable deps ti=<TaskInstance: manage_airflow_roles.assign_generic_permissions_roles manual__2025-02-11T00:13:03.600973+00:00 [queued]>
[2025-02-11T00:13:15.642+0000] {taskinstance.py:2866} INFO - Starting attempt 1 of 1
[2025-02-11T00:13:15.661+0000] {taskinstance.py:2889} INFO - Executing <Task(_PythonDecoratedOperator): assign_generic_permissions_roles> on 2025-02-11 00:13:03.600973+00:00
[2025-02-11T00:13:15.667+0000] {warnings.py:112} WARNING - /home/***/.local/lib/python3.12/site-packages/***/task/task_runner/standard_task_runner.py:70: DeprecationWarning: This process (pid=4188) is multi-threaded, use of fork() may lead to deadlocks in the child.
  pid = os.fork()

[2025-02-11T00:13:15.669+0000] {standard_task_runner.py:72} INFO - Started process 4189 to run task
[2025-02-11T00:13:15.670+0000] {standard_task_runner.py:104} INFO - Running: ['***', 'tasks', 'run', 'manage_***_roles', 'assign_generic_permissions_roles', 'manual__2025-02-11T00:13:03.600973+00:00', '--job-id', '176', '--raw', '--subdir', 'DAGS_FOLDER/dag.py', '--cfg-path', '/tmp/tmptpn5k5j8']
[2025-02-11T00:13:15.671+0000] {standard_task_runner.py:105} INFO - Job 176: Subtask assign_generic_permissions_roles
[2025-02-11T00:13:15.733+0000] {task_command.py:467} INFO - Running <TaskInstance: manage_airflow_roles.assign_generic_permissions_roles manual__2025-02-11T00:13:03.600973+00:00 [running]> on host 9c5f21acce5a
[2025-02-11T00:13:15.855+0000] {taskinstance.py:3132} INFO - Exporting env vars: AIRFLOW_CTX_DAG_OWNER='data-team' AIRFLOW_CTX_DAG_ID='manage_***_roles' AIRFLOW_CTX_TASK_ID='assign_generic_permissions_roles' AIRFLOW_CTX_EXECUTION_DATE='2025-02-11T00:13:03.600973+00:00' AIRFLOW_CTX_TRY_NUMBER='1' AIRFLOW_CTX_DAG_RUN_ID='manual__2025-02-11T00:13:03.600973+00:00'
[2025-02-11T00:13:15.856+0000] {taskinstance.py:731} INFO - ::endgroup::
[2025-02-11T00:13:18.735+0000] {dag.py:152} INFO - Assigning Website:can_read permissions to data-team
[2025-02-11T00:13:21.607+0000] {dag.py:152} INFO - Assigning Website:can_read permissions to dados
[2025-02-11T00:13:24.744+0000] {dag.py:152} INFO - Assigning DAG Runs:can_read permissions to data-team
[2025-02-11T00:13:27.982+0000] {dag.py:152} INFO - Assigning DAG Runs:can_read permissions to dados
[2025-02-11T00:13:30.750+0000] {dag.py:152} INFO - Assigning DAG Runs:can_edit permissions to data-team
[2025-02-11T00:13:34.012+0000] {dag.py:152} INFO - Assigning DAG Runs:can_edit permissions to dados
[2025-02-11T00:13:36.817+0000] {dag.py:152} INFO - Assigning DAG Runs:can_create permissions to data-team
[2025-02-11T00:13:39.858+0000] {dag.py:152} INFO - Assigning DAG Runs:can_create permissions to dados
[2025-02-11T00:13:39.860+0000] {python.py:240} INFO - Done. Returned value was: None
[2025-02-11T00:13:39.867+0000] {taskinstance.py:340} INFO - ::group::Post task execution logs
[2025-02-11T00:13:39.867+0000] {taskinstance.py:352} INFO - Marking task as SUCCESS. dag_id=manage_***_roles, task_id=assign_generic_permissions_roles, run_id=manual__2025-02-11T00:13:03.600973+00:00, execution_date=20250211T001303, start_date=20250211T001315, end_date=20250211T001339
[2025-02-11T00:13:39.887+0000] {local_task_job_runner.py:266} INFO - Task exited with return code 0
[2025-02-11T00:13:39.919+0000] {taskinstance.py:3895} INFO - 1 downstream tasks scheduled from follow-on schedule check
[2025-02-11T00:13:39.921+0000] {local_task_job_runner.py:245} INFO - ::endgroup::
