[2025-01-22T00:35:57.705+0000] {processor.py:186} INFO - Started process (PID=95) to work on /home/airflow/.local/lib/python3.12/site-packages/airflow/example_dags/example_complex.py
[2025-01-22T00:35:57.706+0000] {processor.py:914} INFO - Processing file /home/airflow/.local/lib/python3.12/site-packages/airflow/example_dags/example_complex.py for tasks to queue
[2025-01-22T00:35:57.707+0000] {logging_mixin.py:190} INFO - [2025-01-22T00:35:57.707+0000] {dagbag.py:588} INFO - Filling up the DagBag from /home/airflow/.local/lib/python3.12/site-packages/airflow/example_dags/example_complex.py
[2025-01-22T00:35:57.714+0000] {processor.py:925} INFO - DAG(s) 'example_complex' retrieved from /home/airflow/.local/lib/python3.12/site-packages/airflow/example_dags/example_complex.py
[2025-01-22T00:35:57.738+0000] {logging_mixin.py:190} INFO - [2025-01-22T00:35:57.737+0000] {dag.py:3239} INFO - Sync 1 DAGs
[2025-01-22T00:35:57.747+0000] {logging_mixin.py:190} INFO - [2025-01-22T00:35:57.746+0000] {dag.py:4180} INFO - Setting next_dagrun for example_complex to None, run_after=None
[2025-01-22T00:35:57.763+0000] {processor.py:208} INFO - Processing /home/airflow/.local/lib/python3.12/site-packages/airflow/example_dags/example_complex.py took 0.062 seconds
[2025-01-22T00:36:29.256+0000] {processor.py:186} INFO - Started process (PID=159) to work on /home/airflow/.local/lib/python3.12/site-packages/airflow/example_dags/example_complex.py
[2025-01-22T00:36:29.270+0000] {processor.py:914} INFO - Processing file /home/airflow/.local/lib/python3.12/site-packages/airflow/example_dags/example_complex.py for tasks to queue
[2025-01-22T00:36:29.272+0000] {logging_mixin.py:190} INFO - [2025-01-22T00:36:29.272+0000] {dagbag.py:588} INFO - Filling up the DagBag from /home/airflow/.local/lib/python3.12/site-packages/airflow/example_dags/example_complex.py
[2025-01-22T00:36:29.286+0000] {processor.py:925} INFO - DAG(s) 'example_complex' retrieved from /home/airflow/.local/lib/python3.12/site-packages/airflow/example_dags/example_complex.py
[2025-01-22T00:36:29.321+0000] {logging_mixin.py:190} INFO - [2025-01-22T00:36:29.320+0000] {dag.py:3239} INFO - Sync 1 DAGs
[2025-01-22T00:36:29.334+0000] {logging_mixin.py:190} INFO - [2025-01-22T00:36:29.334+0000] {dag.py:4180} INFO - Setting next_dagrun for example_complex to None, run_after=None
[2025-01-22T00:36:29.357+0000] {processor.py:208} INFO - Processing /home/airflow/.local/lib/python3.12/site-packages/airflow/example_dags/example_complex.py took 0.107 seconds
[2025-01-22T00:37:00.286+0000] {processor.py:186} INFO - Started process (PID=223) to work on /home/airflow/.local/lib/python3.12/site-packages/airflow/example_dags/example_complex.py
[2025-01-22T00:37:00.287+0000] {processor.py:914} INFO - Processing file /home/airflow/.local/lib/python3.12/site-packages/airflow/example_dags/example_complex.py for tasks to queue
[2025-01-22T00:37:00.290+0000] {logging_mixin.py:190} INFO - [2025-01-22T00:37:00.289+0000] {dagbag.py:588} INFO - Filling up the DagBag from /home/airflow/.local/lib/python3.12/site-packages/airflow/example_dags/example_complex.py
[2025-01-22T00:37:00.303+0000] {processor.py:925} INFO - DAG(s) 'example_complex' retrieved from /home/airflow/.local/lib/python3.12/site-packages/airflow/example_dags/example_complex.py
[2025-01-22T00:37:00.338+0000] {logging_mixin.py:190} INFO - [2025-01-22T00:37:00.338+0000] {dag.py:3239} INFO - Sync 1 DAGs
[2025-01-22T00:37:00.354+0000] {logging_mixin.py:190} INFO - [2025-01-22T00:37:00.354+0000] {dag.py:4180} INFO - Setting next_dagrun for example_complex to None, run_after=None
[2025-01-22T00:37:00.376+0000] {processor.py:208} INFO - Processing /home/airflow/.local/lib/python3.12/site-packages/airflow/example_dags/example_complex.py took 0.097 seconds
[2025-01-22T00:37:31.270+0000] {processor.py:186} INFO - Started process (PID=287) to work on /home/airflow/.local/lib/python3.12/site-packages/airflow/example_dags/example_complex.py
[2025-01-22T00:37:31.271+0000] {processor.py:914} INFO - Processing file /home/airflow/.local/lib/python3.12/site-packages/airflow/example_dags/example_complex.py for tasks to queue
[2025-01-22T00:37:31.273+0000] {logging_mixin.py:190} INFO - [2025-01-22T00:37:31.273+0000] {dagbag.py:588} INFO - Filling up the DagBag from /home/airflow/.local/lib/python3.12/site-packages/airflow/example_dags/example_complex.py
[2025-01-22T00:37:31.282+0000] {processor.py:925} INFO - DAG(s) 'example_complex' retrieved from /home/airflow/.local/lib/python3.12/site-packages/airflow/example_dags/example_complex.py
[2025-01-22T00:37:31.315+0000] {logging_mixin.py:190} INFO - [2025-01-22T00:37:31.315+0000] {dag.py:3239} INFO - Sync 1 DAGs
[2025-01-22T00:37:31.334+0000] {logging_mixin.py:190} INFO - [2025-01-22T00:37:31.333+0000] {dag.py:4180} INFO - Setting next_dagrun for example_complex to None, run_after=None
[2025-01-22T00:37:31.368+0000] {processor.py:208} INFO - Processing /home/airflow/.local/lib/python3.12/site-packages/airflow/example_dags/example_complex.py took 0.104 seconds
[2025-01-22T00:38:02.801+0000] {processor.py:186} INFO - Started process (PID=351) to work on /home/airflow/.local/lib/python3.12/site-packages/airflow/example_dags/example_complex.py
[2025-01-22T00:38:02.802+0000] {processor.py:914} INFO - Processing file /home/airflow/.local/lib/python3.12/site-packages/airflow/example_dags/example_complex.py for tasks to queue
[2025-01-22T00:38:02.804+0000] {logging_mixin.py:190} INFO - [2025-01-22T00:38:02.804+0000] {dagbag.py:588} INFO - Filling up the DagBag from /home/airflow/.local/lib/python3.12/site-packages/airflow/example_dags/example_complex.py
[2025-01-22T00:38:02.814+0000] {processor.py:925} INFO - DAG(s) 'example_complex' retrieved from /home/airflow/.local/lib/python3.12/site-packages/airflow/example_dags/example_complex.py
[2025-01-22T00:38:02.844+0000] {logging_mixin.py:190} INFO - [2025-01-22T00:38:02.844+0000] {dag.py:3239} INFO - Sync 1 DAGs
[2025-01-22T00:38:02.857+0000] {logging_mixin.py:190} INFO - [2025-01-22T00:38:02.857+0000] {dag.py:4180} INFO - Setting next_dagrun for example_complex to None, run_after=None
[2025-01-22T00:38:02.876+0000] {processor.py:208} INFO - Processing /home/airflow/.local/lib/python3.12/site-packages/airflow/example_dags/example_complex.py took 0.080 seconds
[2025-01-22T00:38:33.953+0000] {processor.py:186} INFO - Started process (PID=415) to work on /home/airflow/.local/lib/python3.12/site-packages/airflow/example_dags/example_complex.py
[2025-01-22T00:38:33.954+0000] {processor.py:914} INFO - Processing file /home/airflow/.local/lib/python3.12/site-packages/airflow/example_dags/example_complex.py for tasks to queue
[2025-01-22T00:38:33.955+0000] {logging_mixin.py:190} INFO - [2025-01-22T00:38:33.955+0000] {dagbag.py:588} INFO - Filling up the DagBag from /home/airflow/.local/lib/python3.12/site-packages/airflow/example_dags/example_complex.py
[2025-01-22T00:38:33.962+0000] {processor.py:925} INFO - DAG(s) 'example_complex' retrieved from /home/airflow/.local/lib/python3.12/site-packages/airflow/example_dags/example_complex.py
[2025-01-22T00:38:33.988+0000] {logging_mixin.py:190} INFO - [2025-01-22T00:38:33.988+0000] {dag.py:3239} INFO - Sync 1 DAGs
[2025-01-22T00:38:34.001+0000] {logging_mixin.py:190} INFO - [2025-01-22T00:38:34.001+0000] {dag.py:4180} INFO - Setting next_dagrun for example_complex to None, run_after=None
[2025-01-22T00:38:34.017+0000] {processor.py:208} INFO - Processing /home/airflow/.local/lib/python3.12/site-packages/airflow/example_dags/example_complex.py took 0.068 seconds
[2025-01-22T00:39:04.672+0000] {processor.py:186} INFO - Started process (PID=479) to work on /home/airflow/.local/lib/python3.12/site-packages/airflow/example_dags/example_complex.py
[2025-01-22T00:39:04.673+0000] {processor.py:914} INFO - Processing file /home/airflow/.local/lib/python3.12/site-packages/airflow/example_dags/example_complex.py for tasks to queue
[2025-01-22T00:39:04.675+0000] {logging_mixin.py:190} INFO - [2025-01-22T00:39:04.675+0000] {dagbag.py:588} INFO - Filling up the DagBag from /home/airflow/.local/lib/python3.12/site-packages/airflow/example_dags/example_complex.py
[2025-01-22T00:39:04.683+0000] {processor.py:925} INFO - DAG(s) 'example_complex' retrieved from /home/airflow/.local/lib/python3.12/site-packages/airflow/example_dags/example_complex.py
[2025-01-22T00:39:04.721+0000] {logging_mixin.py:190} INFO - [2025-01-22T00:39:04.720+0000] {dag.py:3239} INFO - Sync 1 DAGs
[2025-01-22T00:39:04.733+0000] {logging_mixin.py:190} INFO - [2025-01-22T00:39:04.733+0000] {dag.py:4180} INFO - Setting next_dagrun for example_complex to None, run_after=None
[2025-01-22T00:39:04.749+0000] {processor.py:208} INFO - Processing /home/airflow/.local/lib/python3.12/site-packages/airflow/example_dags/example_complex.py took 0.081 seconds
[2025-01-22T00:39:35.385+0000] {processor.py:186} INFO - Started process (PID=543) to work on /home/airflow/.local/lib/python3.12/site-packages/airflow/example_dags/example_complex.py
[2025-01-22T00:39:35.386+0000] {processor.py:914} INFO - Processing file /home/airflow/.local/lib/python3.12/site-packages/airflow/example_dags/example_complex.py for tasks to queue
[2025-01-22T00:39:35.387+0000] {logging_mixin.py:190} INFO - [2025-01-22T00:39:35.387+0000] {dagbag.py:588} INFO - Filling up the DagBag from /home/airflow/.local/lib/python3.12/site-packages/airflow/example_dags/example_complex.py
[2025-01-22T00:39:35.394+0000] {processor.py:925} INFO - DAG(s) 'example_complex' retrieved from /home/airflow/.local/lib/python3.12/site-packages/airflow/example_dags/example_complex.py
[2025-01-22T00:39:35.418+0000] {logging_mixin.py:190} INFO - [2025-01-22T00:39:35.417+0000] {dag.py:3239} INFO - Sync 1 DAGs
[2025-01-22T00:39:35.426+0000] {logging_mixin.py:190} INFO - [2025-01-22T00:39:35.426+0000] {dag.py:4180} INFO - Setting next_dagrun for example_complex to None, run_after=None
[2025-01-22T00:39:35.441+0000] {processor.py:208} INFO - Processing /home/airflow/.local/lib/python3.12/site-packages/airflow/example_dags/example_complex.py took 0.060 seconds
[2025-01-22T00:40:06.482+0000] {processor.py:186} INFO - Started process (PID=607) to work on /home/airflow/.local/lib/python3.12/site-packages/airflow/example_dags/example_complex.py
[2025-01-22T00:40:06.483+0000] {processor.py:914} INFO - Processing file /home/airflow/.local/lib/python3.12/site-packages/airflow/example_dags/example_complex.py for tasks to queue
[2025-01-22T00:40:06.484+0000] {logging_mixin.py:190} INFO - [2025-01-22T00:40:06.484+0000] {dagbag.py:588} INFO - Filling up the DagBag from /home/airflow/.local/lib/python3.12/site-packages/airflow/example_dags/example_complex.py
[2025-01-22T00:40:06.490+0000] {processor.py:925} INFO - DAG(s) 'example_complex' retrieved from /home/airflow/.local/lib/python3.12/site-packages/airflow/example_dags/example_complex.py
[2025-01-22T00:40:06.507+0000] {logging_mixin.py:190} INFO - [2025-01-22T00:40:06.507+0000] {dag.py:3239} INFO - Sync 1 DAGs
[2025-01-22T00:40:06.515+0000] {logging_mixin.py:190} INFO - [2025-01-22T00:40:06.514+0000] {dag.py:4180} INFO - Setting next_dagrun for example_complex to None, run_after=None
[2025-01-22T00:40:06.527+0000] {processor.py:208} INFO - Processing /home/airflow/.local/lib/python3.12/site-packages/airflow/example_dags/example_complex.py took 0.048 seconds
