[2025-01-22T00:35:58.706+0000] {processor.py:186} INFO - Started process (PID=107) to work on /home/airflow/.local/lib/python3.12/site-packages/airflow/example_dags/example_nested_branch_dag.py
[2025-01-22T00:35:58.706+0000] {processor.py:914} INFO - Processing file /home/airflow/.local/lib/python3.12/site-packages/airflow/example_dags/example_nested_branch_dag.py for tasks to queue
[2025-01-22T00:35:58.708+0000] {logging_mixin.py:190} INFO - [2025-01-22T00:35:58.707+0000] {dagbag.py:588} INFO - Filling up the DagBag from /home/airflow/.local/lib/python3.12/site-packages/airflow/example_dags/example_nested_branch_dag.py
[2025-01-22T00:35:58.716+0000] {processor.py:925} INFO - DAG(s) 'example_nested_branch_dag' retrieved from /home/airflow/.local/lib/python3.12/site-packages/airflow/example_dags/example_nested_branch_dag.py
[2025-01-22T00:35:58.737+0000] {logging_mixin.py:190} INFO - [2025-01-22T00:35:58.737+0000] {dag.py:3239} INFO - Sync 1 DAGs
[2025-01-22T00:35:58.758+0000] {logging_mixin.py:190} INFO - [2025-01-22T00:35:58.758+0000] {dag.py:4180} INFO - Setting next_dagrun for example_nested_branch_dag to 2025-01-21 00:00:00+00:00, run_after=2025-01-22 00:00:00+00:00
[2025-01-22T00:35:58.773+0000] {processor.py:208} INFO - Processing /home/airflow/.local/lib/python3.12/site-packages/airflow/example_dags/example_nested_branch_dag.py took 0.071 seconds
[2025-01-22T00:36:30.460+0000] {processor.py:186} INFO - Started process (PID=171) to work on /home/airflow/.local/lib/python3.12/site-packages/airflow/example_dags/example_nested_branch_dag.py
[2025-01-22T00:36:30.470+0000] {processor.py:914} INFO - Processing file /home/airflow/.local/lib/python3.12/site-packages/airflow/example_dags/example_nested_branch_dag.py for tasks to queue
[2025-01-22T00:36:30.472+0000] {logging_mixin.py:190} INFO - [2025-01-22T00:36:30.472+0000] {dagbag.py:588} INFO - Filling up the DagBag from /home/airflow/.local/lib/python3.12/site-packages/airflow/example_dags/example_nested_branch_dag.py
[2025-01-22T00:36:30.494+0000] {processor.py:925} INFO - DAG(s) 'example_nested_branch_dag' retrieved from /home/airflow/.local/lib/python3.12/site-packages/airflow/example_dags/example_nested_branch_dag.py
[2025-01-22T00:36:30.517+0000] {logging_mixin.py:190} INFO - [2025-01-22T00:36:30.517+0000] {dag.py:3239} INFO - Sync 1 DAGs
[2025-01-22T00:36:30.538+0000] {logging_mixin.py:190} INFO - [2025-01-22T00:36:30.537+0000] {dag.py:4180} INFO - Setting next_dagrun for example_nested_branch_dag to 2025-01-21 00:00:00+00:00, run_after=2025-01-22 00:00:00+00:00
[2025-01-22T00:36:30.557+0000] {processor.py:208} INFO - Processing /home/airflow/.local/lib/python3.12/site-packages/airflow/example_dags/example_nested_branch_dag.py took 0.102 seconds
[2025-01-22T00:37:01.555+0000] {processor.py:186} INFO - Started process (PID=235) to work on /home/airflow/.local/lib/python3.12/site-packages/airflow/example_dags/example_nested_branch_dag.py
[2025-01-22T00:37:01.556+0000] {processor.py:914} INFO - Processing file /home/airflow/.local/lib/python3.12/site-packages/airflow/example_dags/example_nested_branch_dag.py for tasks to queue
[2025-01-22T00:37:01.559+0000] {logging_mixin.py:190} INFO - [2025-01-22T00:37:01.558+0000] {dagbag.py:588} INFO - Filling up the DagBag from /home/airflow/.local/lib/python3.12/site-packages/airflow/example_dags/example_nested_branch_dag.py
[2025-01-22T00:37:01.568+0000] {processor.py:925} INFO - DAG(s) 'example_nested_branch_dag' retrieved from /home/airflow/.local/lib/python3.12/site-packages/airflow/example_dags/example_nested_branch_dag.py
[2025-01-22T00:37:01.588+0000] {logging_mixin.py:190} INFO - [2025-01-22T00:37:01.588+0000] {dag.py:3239} INFO - Sync 1 DAGs
[2025-01-22T00:37:01.609+0000] {logging_mixin.py:190} INFO - [2025-01-22T00:37:01.609+0000] {dag.py:4180} INFO - Setting next_dagrun for example_nested_branch_dag to 2025-01-21 00:00:00+00:00, run_after=2025-01-22 00:00:00+00:00
[2025-01-22T00:37:01.627+0000] {processor.py:208} INFO - Processing /home/airflow/.local/lib/python3.12/site-packages/airflow/example_dags/example_nested_branch_dag.py took 0.077 seconds
[2025-01-22T00:37:32.493+0000] {processor.py:186} INFO - Started process (PID=299) to work on /home/airflow/.local/lib/python3.12/site-packages/airflow/example_dags/example_nested_branch_dag.py
[2025-01-22T00:37:32.494+0000] {processor.py:914} INFO - Processing file /home/airflow/.local/lib/python3.12/site-packages/airflow/example_dags/example_nested_branch_dag.py for tasks to queue
[2025-01-22T00:37:32.496+0000] {logging_mixin.py:190} INFO - [2025-01-22T00:37:32.496+0000] {dagbag.py:588} INFO - Filling up the DagBag from /home/airflow/.local/lib/python3.12/site-packages/airflow/example_dags/example_nested_branch_dag.py
[2025-01-22T00:37:32.507+0000] {processor.py:925} INFO - DAG(s) 'example_nested_branch_dag' retrieved from /home/airflow/.local/lib/python3.12/site-packages/airflow/example_dags/example_nested_branch_dag.py
[2025-01-22T00:37:32.525+0000] {logging_mixin.py:190} INFO - [2025-01-22T00:37:32.524+0000] {dag.py:3239} INFO - Sync 1 DAGs
[2025-01-22T00:37:32.540+0000] {logging_mixin.py:190} INFO - [2025-01-22T00:37:32.540+0000] {dag.py:4180} INFO - Setting next_dagrun for example_nested_branch_dag to 2025-01-21 00:00:00+00:00, run_after=2025-01-22 00:00:00+00:00
[2025-01-22T00:37:32.551+0000] {processor.py:208} INFO - Processing /home/airflow/.local/lib/python3.12/site-packages/airflow/example_dags/example_nested_branch_dag.py took 0.063 seconds
[2025-01-22T00:38:03.873+0000] {processor.py:186} INFO - Started process (PID=363) to work on /home/airflow/.local/lib/python3.12/site-packages/airflow/example_dags/example_nested_branch_dag.py
[2025-01-22T00:38:03.874+0000] {processor.py:914} INFO - Processing file /home/airflow/.local/lib/python3.12/site-packages/airflow/example_dags/example_nested_branch_dag.py for tasks to queue
[2025-01-22T00:38:03.875+0000] {logging_mixin.py:190} INFO - [2025-01-22T00:38:03.875+0000] {dagbag.py:588} INFO - Filling up the DagBag from /home/airflow/.local/lib/python3.12/site-packages/airflow/example_dags/example_nested_branch_dag.py
[2025-01-22T00:38:03.882+0000] {processor.py:925} INFO - DAG(s) 'example_nested_branch_dag' retrieved from /home/airflow/.local/lib/python3.12/site-packages/airflow/example_dags/example_nested_branch_dag.py
[2025-01-22T00:38:03.898+0000] {logging_mixin.py:190} INFO - [2025-01-22T00:38:03.898+0000] {dag.py:3239} INFO - Sync 1 DAGs
[2025-01-22T00:38:03.911+0000] {logging_mixin.py:190} INFO - [2025-01-22T00:38:03.911+0000] {dag.py:4180} INFO - Setting next_dagrun for example_nested_branch_dag to 2025-01-21 00:00:00+00:00, run_after=2025-01-22 00:00:00+00:00
[2025-01-22T00:38:03.922+0000] {processor.py:208} INFO - Processing /home/airflow/.local/lib/python3.12/site-packages/airflow/example_dags/example_nested_branch_dag.py took 0.053 seconds
[2025-01-22T00:38:34.924+0000] {processor.py:186} INFO - Started process (PID=427) to work on /home/airflow/.local/lib/python3.12/site-packages/airflow/example_dags/example_nested_branch_dag.py
[2025-01-22T00:38:34.925+0000] {processor.py:914} INFO - Processing file /home/airflow/.local/lib/python3.12/site-packages/airflow/example_dags/example_nested_branch_dag.py for tasks to queue
[2025-01-22T00:38:34.927+0000] {logging_mixin.py:190} INFO - [2025-01-22T00:38:34.926+0000] {dagbag.py:588} INFO - Filling up the DagBag from /home/airflow/.local/lib/python3.12/site-packages/airflow/example_dags/example_nested_branch_dag.py
[2025-01-22T00:38:34.936+0000] {processor.py:925} INFO - DAG(s) 'example_nested_branch_dag' retrieved from /home/airflow/.local/lib/python3.12/site-packages/airflow/example_dags/example_nested_branch_dag.py
[2025-01-22T00:38:34.953+0000] {logging_mixin.py:190} INFO - [2025-01-22T00:38:34.953+0000] {dag.py:3239} INFO - Sync 1 DAGs
[2025-01-22T00:38:34.974+0000] {logging_mixin.py:190} INFO - [2025-01-22T00:38:34.974+0000] {dag.py:4180} INFO - Setting next_dagrun for example_nested_branch_dag to 2025-01-21 00:00:00+00:00, run_after=2025-01-22 00:00:00+00:00
[2025-01-22T00:38:34.987+0000] {processor.py:208} INFO - Processing /home/airflow/.local/lib/python3.12/site-packages/airflow/example_dags/example_nested_branch_dag.py took 0.068 seconds
[2025-01-22T00:39:05.485+0000] {processor.py:186} INFO - Started process (PID=491) to work on /home/airflow/.local/lib/python3.12/site-packages/airflow/example_dags/example_nested_branch_dag.py
[2025-01-22T00:39:05.486+0000] {processor.py:914} INFO - Processing file /home/airflow/.local/lib/python3.12/site-packages/airflow/example_dags/example_nested_branch_dag.py for tasks to queue
[2025-01-22T00:39:05.487+0000] {logging_mixin.py:190} INFO - [2025-01-22T00:39:05.487+0000] {dagbag.py:588} INFO - Filling up the DagBag from /home/airflow/.local/lib/python3.12/site-packages/airflow/example_dags/example_nested_branch_dag.py
[2025-01-22T00:39:05.494+0000] {processor.py:925} INFO - DAG(s) 'example_nested_branch_dag' retrieved from /home/airflow/.local/lib/python3.12/site-packages/airflow/example_dags/example_nested_branch_dag.py
[2025-01-22T00:39:05.509+0000] {logging_mixin.py:190} INFO - [2025-01-22T00:39:05.509+0000] {dag.py:3239} INFO - Sync 1 DAGs
[2025-01-22T00:39:05.532+0000] {logging_mixin.py:190} INFO - [2025-01-22T00:39:05.532+0000] {dag.py:4180} INFO - Setting next_dagrun for example_nested_branch_dag to 2025-01-21 00:00:00+00:00, run_after=2025-01-22 00:00:00+00:00
[2025-01-22T00:39:05.551+0000] {processor.py:208} INFO - Processing /home/airflow/.local/lib/python3.12/site-packages/airflow/example_dags/example_nested_branch_dag.py took 0.069 seconds
[2025-01-22T00:39:36.173+0000] {processor.py:186} INFO - Started process (PID=555) to work on /home/airflow/.local/lib/python3.12/site-packages/airflow/example_dags/example_nested_branch_dag.py
[2025-01-22T00:39:36.173+0000] {processor.py:914} INFO - Processing file /home/airflow/.local/lib/python3.12/site-packages/airflow/example_dags/example_nested_branch_dag.py for tasks to queue
[2025-01-22T00:39:36.175+0000] {logging_mixin.py:190} INFO - [2025-01-22T00:39:36.175+0000] {dagbag.py:588} INFO - Filling up the DagBag from /home/airflow/.local/lib/python3.12/site-packages/airflow/example_dags/example_nested_branch_dag.py
[2025-01-22T00:39:36.181+0000] {processor.py:925} INFO - DAG(s) 'example_nested_branch_dag' retrieved from /home/airflow/.local/lib/python3.12/site-packages/airflow/example_dags/example_nested_branch_dag.py
[2025-01-22T00:39:36.196+0000] {logging_mixin.py:190} INFO - [2025-01-22T00:39:36.196+0000] {dag.py:3239} INFO - Sync 1 DAGs
[2025-01-22T00:39:36.214+0000] {logging_mixin.py:190} INFO - [2025-01-22T00:39:36.213+0000] {dag.py:4180} INFO - Setting next_dagrun for example_nested_branch_dag to 2025-01-21 00:00:00+00:00, run_after=2025-01-22 00:00:00+00:00
[2025-01-22T00:39:36.232+0000] {processor.py:208} INFO - Processing /home/airflow/.local/lib/python3.12/site-packages/airflow/example_dags/example_nested_branch_dag.py took 0.063 seconds
[2025-01-22T00:40:07.264+0000] {processor.py:186} INFO - Started process (PID=618) to work on /home/airflow/.local/lib/python3.12/site-packages/airflow/example_dags/example_nested_branch_dag.py
[2025-01-22T00:40:07.265+0000] {processor.py:914} INFO - Processing file /home/airflow/.local/lib/python3.12/site-packages/airflow/example_dags/example_nested_branch_dag.py for tasks to queue
[2025-01-22T00:40:07.266+0000] {logging_mixin.py:190} INFO - [2025-01-22T00:40:07.266+0000] {dagbag.py:588} INFO - Filling up the DagBag from /home/airflow/.local/lib/python3.12/site-packages/airflow/example_dags/example_nested_branch_dag.py
[2025-01-22T00:40:07.273+0000] {processor.py:925} INFO - DAG(s) 'example_nested_branch_dag' retrieved from /home/airflow/.local/lib/python3.12/site-packages/airflow/example_dags/example_nested_branch_dag.py
[2025-01-22T00:40:07.290+0000] {logging_mixin.py:190} INFO - [2025-01-22T00:40:07.290+0000] {dag.py:3239} INFO - Sync 1 DAGs
[2025-01-22T00:40:07.309+0000] {logging_mixin.py:190} INFO - [2025-01-22T00:40:07.308+0000] {dag.py:4180} INFO - Setting next_dagrun for example_nested_branch_dag to 2025-01-21 00:00:00+00:00, run_after=2025-01-22 00:00:00+00:00
[2025-01-22T00:40:07.323+0000] {processor.py:208} INFO - Processing /home/airflow/.local/lib/python3.12/site-packages/airflow/example_dags/example_nested_branch_dag.py took 0.062 seconds
