[2025-01-22T00:35:57.932+0000] {processor.py:186} INFO - Started process (PID=99) to work on /home/airflow/.local/lib/python3.12/site-packages/airflow/example_dags/example_latest_only.py
[2025-01-22T00:35:57.933+0000] {processor.py:914} INFO - Processing file /home/airflow/.local/lib/python3.12/site-packages/airflow/example_dags/example_latest_only.py for tasks to queue
[2025-01-22T00:35:57.934+0000] {logging_mixin.py:190} INFO - [2025-01-22T00:35:57.934+0000] {dagbag.py:588} INFO - Filling up the DagBag from /home/airflow/.local/lib/python3.12/site-packages/airflow/example_dags/example_latest_only.py
[2025-01-22T00:35:57.939+0000] {processor.py:925} INFO - DAG(s) 'latest_only' retrieved from /home/airflow/.local/lib/python3.12/site-packages/airflow/example_dags/example_latest_only.py
[2025-01-22T00:35:57.952+0000] {logging_mixin.py:190} INFO - [2025-01-22T00:35:57.952+0000] {dag.py:3239} INFO - Sync 1 DAGs
[2025-01-22T00:35:57.965+0000] {logging_mixin.py:190} INFO - [2025-01-22T00:35:57.965+0000] {dag.py:4180} INFO - Setting next_dagrun for latest_only to 2025-01-21 20:00:00+00:00, run_after=2025-01-22 00:00:00+00:00
[2025-01-22T00:35:57.976+0000] {processor.py:208} INFO - Processing /home/airflow/.local/lib/python3.12/site-packages/airflow/example_dags/example_latest_only.py took 0.047 seconds
[2025-01-22T00:36:29.512+0000] {processor.py:186} INFO - Started process (PID=163) to work on /home/airflow/.local/lib/python3.12/site-packages/airflow/example_dags/example_latest_only.py
[2025-01-22T00:36:29.529+0000] {processor.py:914} INFO - Processing file /home/airflow/.local/lib/python3.12/site-packages/airflow/example_dags/example_latest_only.py for tasks to queue
[2025-01-22T00:36:29.530+0000] {logging_mixin.py:190} INFO - [2025-01-22T00:36:29.530+0000] {dagbag.py:588} INFO - Filling up the DagBag from /home/airflow/.local/lib/python3.12/site-packages/airflow/example_dags/example_latest_only.py
[2025-01-22T00:36:29.536+0000] {processor.py:925} INFO - DAG(s) 'latest_only' retrieved from /home/airflow/.local/lib/python3.12/site-packages/airflow/example_dags/example_latest_only.py
[2025-01-22T00:36:29.553+0000] {logging_mixin.py:190} INFO - [2025-01-22T00:36:29.553+0000] {dag.py:3239} INFO - Sync 1 DAGs
[2025-01-22T00:36:29.572+0000] {logging_mixin.py:190} INFO - [2025-01-22T00:36:29.572+0000] {dag.py:4180} INFO - Setting next_dagrun for latest_only to 2025-01-21 20:00:00+00:00, run_after=2025-01-22 00:00:00+00:00
[2025-01-22T00:36:29.588+0000] {processor.py:208} INFO - Processing /home/airflow/.local/lib/python3.12/site-packages/airflow/example_dags/example_latest_only.py took 0.079 seconds
[2025-01-22T00:37:00.535+0000] {processor.py:186} INFO - Started process (PID=227) to work on /home/airflow/.local/lib/python3.12/site-packages/airflow/example_dags/example_latest_only.py
[2025-01-22T00:37:00.536+0000] {processor.py:914} INFO - Processing file /home/airflow/.local/lib/python3.12/site-packages/airflow/example_dags/example_latest_only.py for tasks to queue
[2025-01-22T00:37:00.538+0000] {logging_mixin.py:190} INFO - [2025-01-22T00:37:00.538+0000] {dagbag.py:588} INFO - Filling up the DagBag from /home/airflow/.local/lib/python3.12/site-packages/airflow/example_dags/example_latest_only.py
[2025-01-22T00:37:00.544+0000] {processor.py:925} INFO - DAG(s) 'latest_only' retrieved from /home/airflow/.local/lib/python3.12/site-packages/airflow/example_dags/example_latest_only.py
[2025-01-22T00:37:00.566+0000] {logging_mixin.py:190} INFO - [2025-01-22T00:37:00.566+0000] {dag.py:3239} INFO - Sync 1 DAGs
[2025-01-22T00:37:00.592+0000] {logging_mixin.py:190} INFO - [2025-01-22T00:37:00.592+0000] {dag.py:4180} INFO - Setting next_dagrun for latest_only to 2025-01-21 20:00:00+00:00, run_after=2025-01-22 00:00:00+00:00
[2025-01-22T00:37:00.613+0000] {processor.py:208} INFO - Processing /home/airflow/.local/lib/python3.12/site-packages/airflow/example_dags/example_latest_only.py took 0.085 seconds
[2025-01-22T00:37:31.553+0000] {processor.py:186} INFO - Started process (PID=291) to work on /home/airflow/.local/lib/python3.12/site-packages/airflow/example_dags/example_latest_only.py
[2025-01-22T00:37:31.554+0000] {processor.py:914} INFO - Processing file /home/airflow/.local/lib/python3.12/site-packages/airflow/example_dags/example_latest_only.py for tasks to queue
[2025-01-22T00:37:31.556+0000] {logging_mixin.py:190} INFO - [2025-01-22T00:37:31.556+0000] {dagbag.py:588} INFO - Filling up the DagBag from /home/airflow/.local/lib/python3.12/site-packages/airflow/example_dags/example_latest_only.py
[2025-01-22T00:37:31.564+0000] {processor.py:925} INFO - DAG(s) 'latest_only' retrieved from /home/airflow/.local/lib/python3.12/site-packages/airflow/example_dags/example_latest_only.py
[2025-01-22T00:37:31.582+0000] {logging_mixin.py:190} INFO - [2025-01-22T00:37:31.582+0000] {dag.py:3239} INFO - Sync 1 DAGs
[2025-01-22T00:37:31.603+0000] {logging_mixin.py:190} INFO - [2025-01-22T00:37:31.603+0000] {dag.py:4180} INFO - Setting next_dagrun for latest_only to 2025-01-21 20:00:00+00:00, run_after=2025-01-22 00:00:00+00:00
[2025-01-22T00:37:31.623+0000] {processor.py:208} INFO - Processing /home/airflow/.local/lib/python3.12/site-packages/airflow/example_dags/example_latest_only.py took 0.076 seconds
[2025-01-22T00:38:03.003+0000] {processor.py:186} INFO - Started process (PID=355) to work on /home/airflow/.local/lib/python3.12/site-packages/airflow/example_dags/example_latest_only.py
[2025-01-22T00:38:03.004+0000] {processor.py:914} INFO - Processing file /home/airflow/.local/lib/python3.12/site-packages/airflow/example_dags/example_latest_only.py for tasks to queue
[2025-01-22T00:38:03.006+0000] {logging_mixin.py:190} INFO - [2025-01-22T00:38:03.006+0000] {dagbag.py:588} INFO - Filling up the DagBag from /home/airflow/.local/lib/python3.12/site-packages/airflow/example_dags/example_latest_only.py
[2025-01-22T00:38:03.011+0000] {processor.py:925} INFO - DAG(s) 'latest_only' retrieved from /home/airflow/.local/lib/python3.12/site-packages/airflow/example_dags/example_latest_only.py
[2025-01-22T00:38:03.025+0000] {logging_mixin.py:190} INFO - [2025-01-22T00:38:03.024+0000] {dag.py:3239} INFO - Sync 1 DAGs
[2025-01-22T00:38:03.048+0000] {logging_mixin.py:190} INFO - [2025-01-22T00:38:03.047+0000] {dag.py:4180} INFO - Setting next_dagrun for latest_only to 2025-01-21 20:00:00+00:00, run_after=2025-01-22 00:00:00+00:00
[2025-01-22T00:38:03.066+0000] {processor.py:208} INFO - Processing /home/airflow/.local/lib/python3.12/site-packages/airflow/example_dags/example_latest_only.py took 0.067 seconds
[2025-01-22T00:38:34.133+0000] {processor.py:186} INFO - Started process (PID=419) to work on /home/airflow/.local/lib/python3.12/site-packages/airflow/example_dags/example_latest_only.py
[2025-01-22T00:38:34.134+0000] {processor.py:914} INFO - Processing file /home/airflow/.local/lib/python3.12/site-packages/airflow/example_dags/example_latest_only.py for tasks to queue
[2025-01-22T00:38:34.136+0000] {logging_mixin.py:190} INFO - [2025-01-22T00:38:34.135+0000] {dagbag.py:588} INFO - Filling up the DagBag from /home/airflow/.local/lib/python3.12/site-packages/airflow/example_dags/example_latest_only.py
[2025-01-22T00:38:34.140+0000] {processor.py:925} INFO - DAG(s) 'latest_only' retrieved from /home/airflow/.local/lib/python3.12/site-packages/airflow/example_dags/example_latest_only.py
[2025-01-22T00:38:34.155+0000] {logging_mixin.py:190} INFO - [2025-01-22T00:38:34.155+0000] {dag.py:3239} INFO - Sync 1 DAGs
[2025-01-22T00:38:34.175+0000] {logging_mixin.py:190} INFO - [2025-01-22T00:38:34.175+0000] {dag.py:4180} INFO - Setting next_dagrun for latest_only to 2025-01-21 20:00:00+00:00, run_after=2025-01-22 00:00:00+00:00
[2025-01-22T00:38:34.189+0000] {processor.py:208} INFO - Processing /home/airflow/.local/lib/python3.12/site-packages/airflow/example_dags/example_latest_only.py took 0.061 seconds
[2025-01-22T00:39:04.831+0000] {processor.py:186} INFO - Started process (PID=483) to work on /home/airflow/.local/lib/python3.12/site-packages/airflow/example_dags/example_latest_only.py
[2025-01-22T00:39:04.832+0000] {processor.py:914} INFO - Processing file /home/airflow/.local/lib/python3.12/site-packages/airflow/example_dags/example_latest_only.py for tasks to queue
[2025-01-22T00:39:04.833+0000] {logging_mixin.py:190} INFO - [2025-01-22T00:39:04.833+0000] {dagbag.py:588} INFO - Filling up the DagBag from /home/airflow/.local/lib/python3.12/site-packages/airflow/example_dags/example_latest_only.py
[2025-01-22T00:39:04.837+0000] {processor.py:925} INFO - DAG(s) 'latest_only' retrieved from /home/airflow/.local/lib/python3.12/site-packages/airflow/example_dags/example_latest_only.py
[2025-01-22T00:39:04.851+0000] {logging_mixin.py:190} INFO - [2025-01-22T00:39:04.851+0000] {dag.py:3239} INFO - Sync 1 DAGs
[2025-01-22T00:39:04.877+0000] {logging_mixin.py:190} INFO - [2025-01-22T00:39:04.876+0000] {dag.py:4180} INFO - Setting next_dagrun for latest_only to 2025-01-21 20:00:00+00:00, run_after=2025-01-22 00:00:00+00:00
[2025-01-22T00:39:04.897+0000] {processor.py:208} INFO - Processing /home/airflow/.local/lib/python3.12/site-packages/airflow/example_dags/example_latest_only.py took 0.069 seconds
[2025-01-22T00:39:35.524+0000] {processor.py:186} INFO - Started process (PID=547) to work on /home/airflow/.local/lib/python3.12/site-packages/airflow/example_dags/example_latest_only.py
[2025-01-22T00:39:35.525+0000] {processor.py:914} INFO - Processing file /home/airflow/.local/lib/python3.12/site-packages/airflow/example_dags/example_latest_only.py for tasks to queue
[2025-01-22T00:39:35.526+0000] {logging_mixin.py:190} INFO - [2025-01-22T00:39:35.526+0000] {dagbag.py:588} INFO - Filling up the DagBag from /home/airflow/.local/lib/python3.12/site-packages/airflow/example_dags/example_latest_only.py
[2025-01-22T00:39:35.531+0000] {processor.py:925} INFO - DAG(s) 'latest_only' retrieved from /home/airflow/.local/lib/python3.12/site-packages/airflow/example_dags/example_latest_only.py
[2025-01-22T00:39:35.544+0000] {logging_mixin.py:190} INFO - [2025-01-22T00:39:35.544+0000] {dag.py:3239} INFO - Sync 1 DAGs
[2025-01-22T00:39:35.558+0000] {logging_mixin.py:190} INFO - [2025-01-22T00:39:35.558+0000] {dag.py:4180} INFO - Setting next_dagrun for latest_only to 2025-01-21 20:00:00+00:00, run_after=2025-01-22 00:00:00+00:00
[2025-01-22T00:39:35.572+0000] {processor.py:208} INFO - Processing /home/airflow/.local/lib/python3.12/site-packages/airflow/example_dags/example_latest_only.py took 0.052 seconds
[2025-01-22T00:40:06.666+0000] {processor.py:186} INFO - Started process (PID=611) to work on /home/airflow/.local/lib/python3.12/site-packages/airflow/example_dags/example_latest_only.py
[2025-01-22T00:40:06.667+0000] {processor.py:914} INFO - Processing file /home/airflow/.local/lib/python3.12/site-packages/airflow/example_dags/example_latest_only.py for tasks to queue
[2025-01-22T00:40:06.672+0000] {logging_mixin.py:190} INFO - [2025-01-22T00:40:06.671+0000] {dagbag.py:588} INFO - Filling up the DagBag from /home/airflow/.local/lib/python3.12/site-packages/airflow/example_dags/example_latest_only.py
[2025-01-22T00:40:06.685+0000] {processor.py:925} INFO - DAG(s) 'latest_only' retrieved from /home/airflow/.local/lib/python3.12/site-packages/airflow/example_dags/example_latest_only.py
[2025-01-22T00:40:06.718+0000] {logging_mixin.py:190} INFO - [2025-01-22T00:40:06.717+0000] {dag.py:3239} INFO - Sync 1 DAGs
[2025-01-22T00:40:06.749+0000] {logging_mixin.py:190} INFO - [2025-01-22T00:40:06.749+0000] {dag.py:4180} INFO - Setting next_dagrun for latest_only to 2025-01-21 20:00:00+00:00, run_after=2025-01-22 00:00:00+00:00
[2025-01-22T00:40:06.772+0000] {processor.py:208} INFO - Processing /home/airflow/.local/lib/python3.12/site-packages/airflow/example_dags/example_latest_only.py took 0.116 seconds
