[2025-01-22T00:35:57.357+0000] {processor.py:186} INFO - Started process (PID=87) to work on /home/airflow/.local/lib/python3.12/site-packages/airflow/example_dags/example_skip_dag.py
[2025-01-22T00:35:57.357+0000] {processor.py:914} INFO - Processing file /home/airflow/.local/lib/python3.12/site-packages/airflow/example_dags/example_skip_dag.py for tasks to queue
[2025-01-22T00:35:57.358+0000] {logging_mixin.py:190} INFO - [2025-01-22T00:35:57.358+0000] {dagbag.py:588} INFO - Filling up the DagBag from /home/airflow/.local/lib/python3.12/site-packages/airflow/example_dags/example_skip_dag.py
[2025-01-22T00:35:57.364+0000] {processor.py:925} INFO - DAG(s) 'example_skip_dag' retrieved from /home/airflow/.local/lib/python3.12/site-packages/airflow/example_dags/example_skip_dag.py
[2025-01-22T00:35:57.382+0000] {logging_mixin.py:190} INFO - [2025-01-22T00:35:57.382+0000] {dag.py:3239} INFO - Sync 1 DAGs
[2025-01-22T00:35:57.402+0000] {logging_mixin.py:190} INFO - [2025-01-22T00:35:57.401+0000] {dag.py:4180} INFO - Setting next_dagrun for example_skip_dag to 2025-01-21 00:00:00+00:00, run_after=2025-01-22 00:00:00+00:00
[2025-01-22T00:35:57.417+0000] {processor.py:208} INFO - Processing /home/airflow/.local/lib/python3.12/site-packages/airflow/example_dags/example_skip_dag.py took 0.064 seconds
[2025-01-22T00:36:28.828+0000] {processor.py:186} INFO - Started process (PID=151) to work on /home/airflow/.local/lib/python3.12/site-packages/airflow/example_dags/example_skip_dag.py
[2025-01-22T00:36:28.831+0000] {processor.py:914} INFO - Processing file /home/airflow/.local/lib/python3.12/site-packages/airflow/example_dags/example_skip_dag.py for tasks to queue
[2025-01-22T00:36:28.833+0000] {logging_mixin.py:190} INFO - [2025-01-22T00:36:28.833+0000] {dagbag.py:588} INFO - Filling up the DagBag from /home/airflow/.local/lib/python3.12/site-packages/airflow/example_dags/example_skip_dag.py
[2025-01-22T00:36:28.838+0000] {processor.py:925} INFO - DAG(s) 'example_skip_dag' retrieved from /home/airflow/.local/lib/python3.12/site-packages/airflow/example_dags/example_skip_dag.py
[2025-01-22T00:36:28.855+0000] {logging_mixin.py:190} INFO - [2025-01-22T00:36:28.855+0000] {dag.py:3239} INFO - Sync 1 DAGs
[2025-01-22T00:36:28.872+0000] {logging_mixin.py:190} INFO - [2025-01-22T00:36:28.872+0000] {dag.py:4180} INFO - Setting next_dagrun for example_skip_dag to 2025-01-21 00:00:00+00:00, run_after=2025-01-22 00:00:00+00:00
[2025-01-22T00:36:28.900+0000] {processor.py:208} INFO - Processing /home/airflow/.local/lib/python3.12/site-packages/airflow/example_dags/example_skip_dag.py took 0.075 seconds
[2025-01-22T00:36:59.871+0000] {processor.py:186} INFO - Started process (PID=215) to work on /home/airflow/.local/lib/python3.12/site-packages/airflow/example_dags/example_skip_dag.py
[2025-01-22T00:36:59.872+0000] {processor.py:914} INFO - Processing file /home/airflow/.local/lib/python3.12/site-packages/airflow/example_dags/example_skip_dag.py for tasks to queue
[2025-01-22T00:36:59.874+0000] {logging_mixin.py:190} INFO - [2025-01-22T00:36:59.874+0000] {dagbag.py:588} INFO - Filling up the DagBag from /home/airflow/.local/lib/python3.12/site-packages/airflow/example_dags/example_skip_dag.py
[2025-01-22T00:36:59.881+0000] {processor.py:925} INFO - DAG(s) 'example_skip_dag' retrieved from /home/airflow/.local/lib/python3.12/site-packages/airflow/example_dags/example_skip_dag.py
[2025-01-22T00:36:59.904+0000] {logging_mixin.py:190} INFO - [2025-01-22T00:36:59.903+0000] {dag.py:3239} INFO - Sync 1 DAGs
[2025-01-22T00:36:59.933+0000] {logging_mixin.py:190} INFO - [2025-01-22T00:36:59.933+0000] {dag.py:4180} INFO - Setting next_dagrun for example_skip_dag to 2025-01-21 00:00:00+00:00, run_after=2025-01-22 00:00:00+00:00
[2025-01-22T00:36:59.955+0000] {processor.py:208} INFO - Processing /home/airflow/.local/lib/python3.12/site-packages/airflow/example_dags/example_skip_dag.py took 0.088 seconds
[2025-01-22T00:37:30.901+0000] {processor.py:186} INFO - Started process (PID=279) to work on /home/airflow/.local/lib/python3.12/site-packages/airflow/example_dags/example_skip_dag.py
[2025-01-22T00:37:30.902+0000] {processor.py:914} INFO - Processing file /home/airflow/.local/lib/python3.12/site-packages/airflow/example_dags/example_skip_dag.py for tasks to queue
[2025-01-22T00:37:30.904+0000] {logging_mixin.py:190} INFO - [2025-01-22T00:37:30.903+0000] {dagbag.py:588} INFO - Filling up the DagBag from /home/airflow/.local/lib/python3.12/site-packages/airflow/example_dags/example_skip_dag.py
[2025-01-22T00:37:30.909+0000] {processor.py:925} INFO - DAG(s) 'example_skip_dag' retrieved from /home/airflow/.local/lib/python3.12/site-packages/airflow/example_dags/example_skip_dag.py
[2025-01-22T00:37:30.934+0000] {logging_mixin.py:190} INFO - [2025-01-22T00:37:30.933+0000] {dag.py:3239} INFO - Sync 1 DAGs
[2025-01-22T00:37:30.958+0000] {logging_mixin.py:190} INFO - [2025-01-22T00:37:30.958+0000] {dag.py:4180} INFO - Setting next_dagrun for example_skip_dag to 2025-01-21 00:00:00+00:00, run_after=2025-01-22 00:00:00+00:00
[2025-01-22T00:37:30.975+0000] {processor.py:208} INFO - Processing /home/airflow/.local/lib/python3.12/site-packages/airflow/example_dags/example_skip_dag.py took 0.078 seconds
[2025-01-22T00:38:02.421+0000] {processor.py:186} INFO - Started process (PID=343) to work on /home/airflow/.local/lib/python3.12/site-packages/airflow/example_dags/example_skip_dag.py
[2025-01-22T00:38:02.422+0000] {processor.py:914} INFO - Processing file /home/airflow/.local/lib/python3.12/site-packages/airflow/example_dags/example_skip_dag.py for tasks to queue
[2025-01-22T00:38:02.424+0000] {logging_mixin.py:190} INFO - [2025-01-22T00:38:02.423+0000] {dagbag.py:588} INFO - Filling up the DagBag from /home/airflow/.local/lib/python3.12/site-packages/airflow/example_dags/example_skip_dag.py
[2025-01-22T00:38:02.431+0000] {processor.py:925} INFO - DAG(s) 'example_skip_dag' retrieved from /home/airflow/.local/lib/python3.12/site-packages/airflow/example_dags/example_skip_dag.py
[2025-01-22T00:38:02.449+0000] {logging_mixin.py:190} INFO - [2025-01-22T00:38:02.449+0000] {dag.py:3239} INFO - Sync 1 DAGs
[2025-01-22T00:38:02.472+0000] {logging_mixin.py:190} INFO - [2025-01-22T00:38:02.472+0000] {dag.py:4180} INFO - Setting next_dagrun for example_skip_dag to 2025-01-21 00:00:00+00:00, run_after=2025-01-22 00:00:00+00:00
[2025-01-22T00:38:02.491+0000] {processor.py:208} INFO - Processing /home/airflow/.local/lib/python3.12/site-packages/airflow/example_dags/example_skip_dag.py took 0.075 seconds
[2025-01-22T00:38:33.637+0000] {processor.py:186} INFO - Started process (PID=407) to work on /home/airflow/.local/lib/python3.12/site-packages/airflow/example_dags/example_skip_dag.py
[2025-01-22T00:38:33.638+0000] {processor.py:914} INFO - Processing file /home/airflow/.local/lib/python3.12/site-packages/airflow/example_dags/example_skip_dag.py for tasks to queue
[2025-01-22T00:38:33.640+0000] {logging_mixin.py:190} INFO - [2025-01-22T00:38:33.640+0000] {dagbag.py:588} INFO - Filling up the DagBag from /home/airflow/.local/lib/python3.12/site-packages/airflow/example_dags/example_skip_dag.py
[2025-01-22T00:38:33.645+0000] {processor.py:925} INFO - DAG(s) 'example_skip_dag' retrieved from /home/airflow/.local/lib/python3.12/site-packages/airflow/example_dags/example_skip_dag.py
[2025-01-22T00:38:33.663+0000] {logging_mixin.py:190} INFO - [2025-01-22T00:38:33.663+0000] {dag.py:3239} INFO - Sync 1 DAGs
[2025-01-22T00:38:33.683+0000] {logging_mixin.py:190} INFO - [2025-01-22T00:38:33.682+0000] {dag.py:4180} INFO - Setting next_dagrun for example_skip_dag to 2025-01-21 00:00:00+00:00, run_after=2025-01-22 00:00:00+00:00
[2025-01-22T00:38:33.697+0000] {processor.py:208} INFO - Processing /home/airflow/.local/lib/python3.12/site-packages/airflow/example_dags/example_skip_dag.py took 0.064 seconds
[2025-01-22T00:39:04.339+0000] {processor.py:186} INFO - Started process (PID=471) to work on /home/airflow/.local/lib/python3.12/site-packages/airflow/example_dags/example_skip_dag.py
[2025-01-22T00:39:04.340+0000] {processor.py:914} INFO - Processing file /home/airflow/.local/lib/python3.12/site-packages/airflow/example_dags/example_skip_dag.py for tasks to queue
[2025-01-22T00:39:04.342+0000] {logging_mixin.py:190} INFO - [2025-01-22T00:39:04.341+0000] {dagbag.py:588} INFO - Filling up the DagBag from /home/airflow/.local/lib/python3.12/site-packages/airflow/example_dags/example_skip_dag.py
[2025-01-22T00:39:04.347+0000] {processor.py:925} INFO - DAG(s) 'example_skip_dag' retrieved from /home/airflow/.local/lib/python3.12/site-packages/airflow/example_dags/example_skip_dag.py
[2025-01-22T00:39:04.364+0000] {logging_mixin.py:190} INFO - [2025-01-22T00:39:04.364+0000] {dag.py:3239} INFO - Sync 1 DAGs
[2025-01-22T00:39:04.386+0000] {logging_mixin.py:190} INFO - [2025-01-22T00:39:04.385+0000] {dag.py:4180} INFO - Setting next_dagrun for example_skip_dag to 2025-01-21 00:00:00+00:00, run_after=2025-01-22 00:00:00+00:00
[2025-01-22T00:39:04.399+0000] {processor.py:208} INFO - Processing /home/airflow/.local/lib/python3.12/site-packages/airflow/example_dags/example_skip_dag.py took 0.064 seconds
[2025-01-22T00:39:34.933+0000] {processor.py:186} INFO - Started process (PID=535) to work on /home/airflow/.local/lib/python3.12/site-packages/airflow/example_dags/example_skip_dag.py
[2025-01-22T00:39:34.934+0000] {processor.py:914} INFO - Processing file /home/airflow/.local/lib/python3.12/site-packages/airflow/example_dags/example_skip_dag.py for tasks to queue
[2025-01-22T00:39:34.936+0000] {logging_mixin.py:190} INFO - [2025-01-22T00:39:34.936+0000] {dagbag.py:588} INFO - Filling up the DagBag from /home/airflow/.local/lib/python3.12/site-packages/airflow/example_dags/example_skip_dag.py
[2025-01-22T00:39:34.943+0000] {processor.py:925} INFO - DAG(s) 'example_skip_dag' retrieved from /home/airflow/.local/lib/python3.12/site-packages/airflow/example_dags/example_skip_dag.py
[2025-01-22T00:39:34.969+0000] {logging_mixin.py:190} INFO - [2025-01-22T00:39:34.968+0000] {dag.py:3239} INFO - Sync 1 DAGs
[2025-01-22T00:39:35.003+0000] {logging_mixin.py:190} INFO - [2025-01-22T00:39:35.003+0000] {dag.py:4180} INFO - Setting next_dagrun for example_skip_dag to 2025-01-21 00:00:00+00:00, run_after=2025-01-22 00:00:00+00:00
[2025-01-22T00:39:35.041+0000] {processor.py:208} INFO - Processing /home/airflow/.local/lib/python3.12/site-packages/airflow/example_dags/example_skip_dag.py took 0.115 seconds
[2025-01-22T00:40:05.949+0000] {processor.py:186} INFO - Started process (PID=599) to work on /home/airflow/.local/lib/python3.12/site-packages/airflow/example_dags/example_skip_dag.py
[2025-01-22T00:40:05.950+0000] {processor.py:914} INFO - Processing file /home/airflow/.local/lib/python3.12/site-packages/airflow/example_dags/example_skip_dag.py for tasks to queue
[2025-01-22T00:40:05.951+0000] {logging_mixin.py:190} INFO - [2025-01-22T00:40:05.951+0000] {dagbag.py:588} INFO - Filling up the DagBag from /home/airflow/.local/lib/python3.12/site-packages/airflow/example_dags/example_skip_dag.py
[2025-01-22T00:40:05.955+0000] {processor.py:925} INFO - DAG(s) 'example_skip_dag' retrieved from /home/airflow/.local/lib/python3.12/site-packages/airflow/example_dags/example_skip_dag.py
[2025-01-22T00:40:05.971+0000] {logging_mixin.py:190} INFO - [2025-01-22T00:40:05.971+0000] {dag.py:3239} INFO - Sync 1 DAGs
[2025-01-22T00:40:05.989+0000] {logging_mixin.py:190} INFO - [2025-01-22T00:40:05.989+0000] {dag.py:4180} INFO - Setting next_dagrun for example_skip_dag to 2025-01-21 00:00:00+00:00, run_after=2025-01-22 00:00:00+00:00
[2025-01-22T00:40:06.004+0000] {processor.py:208} INFO - Processing /home/airflow/.local/lib/python3.12/site-packages/airflow/example_dags/example_skip_dag.py took 0.057 seconds
