[2025-01-22T00:35:55.254+0000] {processor.py:186} INFO - Started process (PID=62) to work on /home/airflow/.local/lib/python3.12/site-packages/airflow/example_dags/example_python_operator.py
[2025-01-22T00:35:55.254+0000] {processor.py:914} INFO - Processing file /home/airflow/.local/lib/python3.12/site-packages/airflow/example_dags/example_python_operator.py for tasks to queue
[2025-01-22T00:35:55.256+0000] {logging_mixin.py:190} INFO - [2025-01-22T00:35:55.255+0000] {dagbag.py:588} INFO - Filling up the DagBag from /home/airflow/.local/lib/python3.12/site-packages/airflow/example_dags/example_python_operator.py
[2025-01-22T00:35:55.269+0000] {processor.py:925} INFO - DAG(s) 'example_python_operator' retrieved from /home/airflow/.local/lib/python3.12/site-packages/airflow/example_dags/example_python_operator.py
[2025-01-22T00:35:55.406+0000] {logging_mixin.py:190} INFO - [2025-01-22T00:35:55.405+0000] {dag.py:3239} INFO - Sync 1 DAGs
[2025-01-22T00:35:55.413+0000] {logging_mixin.py:190} INFO - [2025-01-22T00:35:55.413+0000] {dag.py:4180} INFO - Setting next_dagrun for example_python_operator to None, run_after=None
[2025-01-22T00:35:55.428+0000] {processor.py:208} INFO - Processing /home/airflow/.local/lib/python3.12/site-packages/airflow/example_dags/example_python_operator.py took 0.178 seconds
[2025-01-22T00:36:25.936+0000] {processor.py:186} INFO - Started process (PID=126) to work on /home/airflow/.local/lib/python3.12/site-packages/airflow/example_dags/example_python_operator.py
[2025-01-22T00:36:25.936+0000] {processor.py:914} INFO - Processing file /home/airflow/.local/lib/python3.12/site-packages/airflow/example_dags/example_python_operator.py for tasks to queue
[2025-01-22T00:36:25.938+0000] {logging_mixin.py:190} INFO - [2025-01-22T00:36:25.938+0000] {dagbag.py:588} INFO - Filling up the DagBag from /home/airflow/.local/lib/python3.12/site-packages/airflow/example_dags/example_python_operator.py
[2025-01-22T00:36:25.951+0000] {processor.py:925} INFO - DAG(s) 'example_python_operator' retrieved from /home/airflow/.local/lib/python3.12/site-packages/airflow/example_dags/example_python_operator.py
[2025-01-22T00:36:25.971+0000] {logging_mixin.py:190} INFO - [2025-01-22T00:36:25.971+0000] {dag.py:3239} INFO - Sync 1 DAGs
[2025-01-22T00:36:25.982+0000] {logging_mixin.py:190} INFO - [2025-01-22T00:36:25.981+0000] {dag.py:4180} INFO - Setting next_dagrun for example_python_operator to None, run_after=None
[2025-01-22T00:36:26.003+0000] {processor.py:208} INFO - Processing /home/airflow/.local/lib/python3.12/site-packages/airflow/example_dags/example_python_operator.py took 0.072 seconds
[2025-01-22T00:36:56.187+0000] {processor.py:186} INFO - Started process (PID=190) to work on /home/airflow/.local/lib/python3.12/site-packages/airflow/example_dags/example_python_operator.py
[2025-01-22T00:36:56.188+0000] {processor.py:914} INFO - Processing file /home/airflow/.local/lib/python3.12/site-packages/airflow/example_dags/example_python_operator.py for tasks to queue
[2025-01-22T00:36:56.190+0000] {logging_mixin.py:190} INFO - [2025-01-22T00:36:56.190+0000] {dagbag.py:588} INFO - Filling up the DagBag from /home/airflow/.local/lib/python3.12/site-packages/airflow/example_dags/example_python_operator.py
[2025-01-22T00:36:56.200+0000] {processor.py:925} INFO - DAG(s) 'example_python_operator' retrieved from /home/airflow/.local/lib/python3.12/site-packages/airflow/example_dags/example_python_operator.py
[2025-01-22T00:36:56.222+0000] {logging_mixin.py:190} INFO - [2025-01-22T00:36:56.222+0000] {dag.py:3239} INFO - Sync 1 DAGs
[2025-01-22T00:36:56.239+0000] {logging_mixin.py:190} INFO - [2025-01-22T00:36:56.238+0000] {dag.py:4180} INFO - Setting next_dagrun for example_python_operator to None, run_after=None
[2025-01-22T00:36:56.261+0000] {processor.py:208} INFO - Processing /home/airflow/.local/lib/python3.12/site-packages/airflow/example_dags/example_python_operator.py took 0.080 seconds
[2025-01-22T00:37:27.279+0000] {processor.py:186} INFO - Started process (PID=260) to work on /home/airflow/.local/lib/python3.12/site-packages/airflow/example_dags/example_python_operator.py
[2025-01-22T00:37:27.280+0000] {processor.py:914} INFO - Processing file /home/airflow/.local/lib/python3.12/site-packages/airflow/example_dags/example_python_operator.py for tasks to queue
[2025-01-22T00:37:27.282+0000] {logging_mixin.py:190} INFO - [2025-01-22T00:37:27.282+0000] {dagbag.py:588} INFO - Filling up the DagBag from /home/airflow/.local/lib/python3.12/site-packages/airflow/example_dags/example_python_operator.py
[2025-01-22T00:37:27.295+0000] {processor.py:925} INFO - DAG(s) 'example_python_operator' retrieved from /home/airflow/.local/lib/python3.12/site-packages/airflow/example_dags/example_python_operator.py
[2025-01-22T00:37:27.316+0000] {logging_mixin.py:190} INFO - [2025-01-22T00:37:27.315+0000] {dag.py:3239} INFO - Sync 1 DAGs
[2025-01-22T00:37:27.329+0000] {logging_mixin.py:190} INFO - [2025-01-22T00:37:27.328+0000] {dag.py:4180} INFO - Setting next_dagrun for example_python_operator to None, run_after=None
[2025-01-22T00:37:27.348+0000] {processor.py:208} INFO - Processing /home/airflow/.local/lib/python3.12/site-packages/airflow/example_dags/example_python_operator.py took 0.076 seconds
[2025-01-22T00:37:57.660+0000] {processor.py:186} INFO - Started process (PID=324) to work on /home/airflow/.local/lib/python3.12/site-packages/airflow/example_dags/example_python_operator.py
[2025-01-22T00:37:57.660+0000] {processor.py:914} INFO - Processing file /home/airflow/.local/lib/python3.12/site-packages/airflow/example_dags/example_python_operator.py for tasks to queue
[2025-01-22T00:37:57.662+0000] {logging_mixin.py:190} INFO - [2025-01-22T00:37:57.661+0000] {dagbag.py:588} INFO - Filling up the DagBag from /home/airflow/.local/lib/python3.12/site-packages/airflow/example_dags/example_python_operator.py
[2025-01-22T00:37:57.668+0000] {processor.py:925} INFO - DAG(s) 'example_python_operator' retrieved from /home/airflow/.local/lib/python3.12/site-packages/airflow/example_dags/example_python_operator.py
[2025-01-22T00:37:57.690+0000] {logging_mixin.py:190} INFO - [2025-01-22T00:37:57.690+0000] {dag.py:3239} INFO - Sync 1 DAGs
[2025-01-22T00:37:57.703+0000] {logging_mixin.py:190} INFO - [2025-01-22T00:37:57.703+0000] {dag.py:4180} INFO - Setting next_dagrun for example_python_operator to None, run_after=None
[2025-01-22T00:37:57.732+0000] {processor.py:208} INFO - Processing /home/airflow/.local/lib/python3.12/site-packages/airflow/example_dags/example_python_operator.py took 0.076 seconds
[2025-01-22T00:38:28.271+0000] {processor.py:186} INFO - Started process (PID=388) to work on /home/airflow/.local/lib/python3.12/site-packages/airflow/example_dags/example_python_operator.py
[2025-01-22T00:38:28.273+0000] {processor.py:914} INFO - Processing file /home/airflow/.local/lib/python3.12/site-packages/airflow/example_dags/example_python_operator.py for tasks to queue
[2025-01-22T00:38:28.276+0000] {logging_mixin.py:190} INFO - [2025-01-22T00:38:28.275+0000] {dagbag.py:588} INFO - Filling up the DagBag from /home/airflow/.local/lib/python3.12/site-packages/airflow/example_dags/example_python_operator.py
[2025-01-22T00:38:28.289+0000] {processor.py:925} INFO - DAG(s) 'example_python_operator' retrieved from /home/airflow/.local/lib/python3.12/site-packages/airflow/example_dags/example_python_operator.py
[2025-01-22T00:38:28.318+0000] {logging_mixin.py:190} INFO - [2025-01-22T00:38:28.318+0000] {dag.py:3239} INFO - Sync 1 DAGs
[2025-01-22T00:38:28.331+0000] {logging_mixin.py:190} INFO - [2025-01-22T00:38:28.330+0000] {dag.py:4180} INFO - Setting next_dagrun for example_python_operator to None, run_after=None
[2025-01-22T00:38:28.347+0000] {processor.py:208} INFO - Processing /home/airflow/.local/lib/python3.12/site-packages/airflow/example_dags/example_python_operator.py took 0.086 seconds
[2025-01-22T00:38:59.154+0000] {processor.py:186} INFO - Started process (PID=452) to work on /home/airflow/.local/lib/python3.12/site-packages/airflow/example_dags/example_python_operator.py
[2025-01-22T00:38:59.155+0000] {processor.py:914} INFO - Processing file /home/airflow/.local/lib/python3.12/site-packages/airflow/example_dags/example_python_operator.py for tasks to queue
[2025-01-22T00:38:59.157+0000] {logging_mixin.py:190} INFO - [2025-01-22T00:38:59.157+0000] {dagbag.py:588} INFO - Filling up the DagBag from /home/airflow/.local/lib/python3.12/site-packages/airflow/example_dags/example_python_operator.py
[2025-01-22T00:38:59.172+0000] {processor.py:925} INFO - DAG(s) 'example_python_operator' retrieved from /home/airflow/.local/lib/python3.12/site-packages/airflow/example_dags/example_python_operator.py
[2025-01-22T00:38:59.203+0000] {logging_mixin.py:190} INFO - [2025-01-22T00:38:59.202+0000] {dag.py:3239} INFO - Sync 1 DAGs
[2025-01-22T00:38:59.222+0000] {logging_mixin.py:190} INFO - [2025-01-22T00:38:59.222+0000] {dag.py:4180} INFO - Setting next_dagrun for example_python_operator to None, run_after=None
[2025-01-22T00:38:59.242+0000] {processor.py:208} INFO - Processing /home/airflow/.local/lib/python3.12/site-packages/airflow/example_dags/example_python_operator.py took 0.095 seconds
[2025-01-22T00:39:29.445+0000] {processor.py:186} INFO - Started process (PID=516) to work on /home/airflow/.local/lib/python3.12/site-packages/airflow/example_dags/example_python_operator.py
[2025-01-22T00:39:29.446+0000] {processor.py:914} INFO - Processing file /home/airflow/.local/lib/python3.12/site-packages/airflow/example_dags/example_python_operator.py for tasks to queue
[2025-01-22T00:39:29.448+0000] {logging_mixin.py:190} INFO - [2025-01-22T00:39:29.448+0000] {dagbag.py:588} INFO - Filling up the DagBag from /home/airflow/.local/lib/python3.12/site-packages/airflow/example_dags/example_python_operator.py
[2025-01-22T00:39:29.465+0000] {processor.py:925} INFO - DAG(s) 'example_python_operator' retrieved from /home/airflow/.local/lib/python3.12/site-packages/airflow/example_dags/example_python_operator.py
[2025-01-22T00:39:29.500+0000] {logging_mixin.py:190} INFO - [2025-01-22T00:39:29.500+0000] {dag.py:3239} INFO - Sync 1 DAGs
[2025-01-22T00:39:29.514+0000] {logging_mixin.py:190} INFO - [2025-01-22T00:39:29.514+0000] {dag.py:4180} INFO - Setting next_dagrun for example_python_operator to None, run_after=None
[2025-01-22T00:39:29.530+0000] {processor.py:208} INFO - Processing /home/airflow/.local/lib/python3.12/site-packages/airflow/example_dags/example_python_operator.py took 0.094 seconds
[2025-01-22T00:39:59.582+0000] {processor.py:186} INFO - Started process (PID=580) to work on /home/airflow/.local/lib/python3.12/site-packages/airflow/example_dags/example_python_operator.py
[2025-01-22T00:39:59.583+0000] {processor.py:914} INFO - Processing file /home/airflow/.local/lib/python3.12/site-packages/airflow/example_dags/example_python_operator.py for tasks to queue
[2025-01-22T00:39:59.586+0000] {logging_mixin.py:190} INFO - [2025-01-22T00:39:59.585+0000] {dagbag.py:588} INFO - Filling up the DagBag from /home/airflow/.local/lib/python3.12/site-packages/airflow/example_dags/example_python_operator.py
[2025-01-22T00:39:59.600+0000] {processor.py:925} INFO - DAG(s) 'example_python_operator' retrieved from /home/airflow/.local/lib/python3.12/site-packages/airflow/example_dags/example_python_operator.py
[2025-01-22T00:39:59.630+0000] {logging_mixin.py:190} INFO - [2025-01-22T00:39:59.630+0000] {dag.py:3239} INFO - Sync 1 DAGs
[2025-01-22T00:39:59.647+0000] {logging_mixin.py:190} INFO - [2025-01-22T00:39:59.646+0000] {dag.py:4180} INFO - Setting next_dagrun for example_python_operator to None, run_after=None
[2025-01-22T00:39:59.666+0000] {processor.py:208} INFO - Processing /home/airflow/.local/lib/python3.12/site-packages/airflow/example_dags/example_python_operator.py took 0.091 seconds
[2025-01-22T00:40:29.715+0000] {processor.py:186} INFO - Started process (PID=644) to work on /home/airflow/.local/lib/python3.12/site-packages/airflow/example_dags/example_python_operator.py
[2025-01-22T00:40:29.715+0000] {processor.py:914} INFO - Processing file /home/airflow/.local/lib/python3.12/site-packages/airflow/example_dags/example_python_operator.py for tasks to queue
[2025-01-22T00:40:29.717+0000] {logging_mixin.py:190} INFO - [2025-01-22T00:40:29.717+0000] {dagbag.py:588} INFO - Filling up the DagBag from /home/airflow/.local/lib/python3.12/site-packages/airflow/example_dags/example_python_operator.py
[2025-01-22T00:40:29.725+0000] {processor.py:925} INFO - DAG(s) 'example_python_operator' retrieved from /home/airflow/.local/lib/python3.12/site-packages/airflow/example_dags/example_python_operator.py
[2025-01-22T00:40:29.742+0000] {logging_mixin.py:190} INFO - [2025-01-22T00:40:29.742+0000] {dag.py:3239} INFO - Sync 1 DAGs
[2025-01-22T00:40:29.753+0000] {logging_mixin.py:190} INFO - [2025-01-22T00:40:29.753+0000] {dag.py:4180} INFO - Setting next_dagrun for example_python_operator to None, run_after=None
[2025-01-22T00:40:29.767+0000] {processor.py:208} INFO - Processing /home/airflow/.local/lib/python3.12/site-packages/airflow/example_dags/example_python_operator.py took 0.061 seconds
