[2025-01-22T00:35:58.140+0000] {processor.py:186} INFO - Started process (PID=103) to work on /home/airflow/.local/lib/python3.12/site-packages/airflow/example_dags/example_datasets.py
[2025-01-22T00:35:58.141+0000] {processor.py:914} INFO - Processing file /home/airflow/.local/lib/python3.12/site-packages/airflow/example_dags/example_datasets.py for tasks to queue
[2025-01-22T00:35:58.142+0000] {logging_mixin.py:190} INFO - [2025-01-22T00:35:58.142+0000] {dagbag.py:588} INFO - Filling up the DagBag from /home/airflow/.local/lib/python3.12/site-packages/airflow/example_dags/example_datasets.py
[2025-01-22T00:35:58.523+0000] {processor.py:925} INFO - DAG(s) 'consume_1_and_2_with_dataset_expressions', 'dataset_consumes_unknown_never_scheduled', 'dataset_consumes_1_and_2', 'consume_1_or_both_2_and_3_with_dataset_expressions', 'dataset_produces_1', 'dataset_produces_2', 'conditional_dataset_and_time_based_timetable', 'dataset_consumes_1_never_scheduled', 'dataset_consumes_1', 'consume_1_or_2_with_dataset_expressions' retrieved from /home/airflow/.local/lib/python3.12/site-packages/airflow/example_dags/example_datasets.py
[2025-01-22T00:35:58.549+0000] {logging_mixin.py:190} INFO - [2025-01-22T00:35:58.549+0000] {dag.py:3239} INFO - Sync 10 DAGs
[2025-01-22T00:35:58.569+0000] {logging_mixin.py:190} INFO - [2025-01-22T00:35:58.569+0000] {dag.py:4180} INFO - Setting next_dagrun for conditional_dataset_and_time_based_timetable to 2025-01-15 01:00:00+00:00, run_after=2025-01-15 01:00:00+00:00
[2025-01-22T00:35:58.572+0000] {logging_mixin.py:190} INFO - [2025-01-22T00:35:58.572+0000] {dag.py:4180} INFO - Setting next_dagrun for consume_1_and_2_with_dataset_expressions to None, run_after=None
[2025-01-22T00:35:58.573+0000] {logging_mixin.py:190} INFO - [2025-01-22T00:35:58.573+0000] {dag.py:4180} INFO - Setting next_dagrun for consume_1_or_2_with_dataset_expressions to None, run_after=None
[2025-01-22T00:35:58.575+0000] {logging_mixin.py:190} INFO - [2025-01-22T00:35:58.574+0000] {dag.py:4180} INFO - Setting next_dagrun for consume_1_or_both_2_and_3_with_dataset_expressions to None, run_after=None
[2025-01-22T00:35:58.576+0000] {logging_mixin.py:190} INFO - [2025-01-22T00:35:58.575+0000] {dag.py:4180} INFO - Setting next_dagrun for dataset_consumes_1 to None, run_after=None
[2025-01-22T00:35:58.577+0000] {logging_mixin.py:190} INFO - [2025-01-22T00:35:58.577+0000] {dag.py:4180} INFO - Setting next_dagrun for dataset_consumes_1_and_2 to None, run_after=None
[2025-01-22T00:35:58.577+0000] {logging_mixin.py:190} INFO - [2025-01-22T00:35:58.577+0000] {dag.py:4180} INFO - Setting next_dagrun for dataset_consumes_1_never_scheduled to None, run_after=None
[2025-01-22T00:35:58.578+0000] {logging_mixin.py:190} INFO - [2025-01-22T00:35:58.578+0000] {dag.py:4180} INFO - Setting next_dagrun for dataset_consumes_unknown_never_scheduled to None, run_after=None
[2025-01-22T00:35:58.581+0000] {logging_mixin.py:190} INFO - [2025-01-22T00:35:58.581+0000] {dag.py:4180} INFO - Setting next_dagrun for dataset_produces_1 to 2025-01-21 00:00:00+00:00, run_after=2025-01-22 00:00:00+00:00
[2025-01-22T00:35:58.582+0000] {logging_mixin.py:190} INFO - [2025-01-22T00:35:58.582+0000] {dag.py:4180} INFO - Setting next_dagrun for dataset_produces_2 to None, run_after=None
[2025-01-22T00:35:58.611+0000] {processor.py:208} INFO - Processing /home/airflow/.local/lib/python3.12/site-packages/airflow/example_dags/example_datasets.py took 0.475 seconds
[2025-01-22T00:36:29.748+0000] {processor.py:186} INFO - Started process (PID=167) to work on /home/airflow/.local/lib/python3.12/site-packages/airflow/example_dags/example_datasets.py
[2025-01-22T00:36:29.748+0000] {processor.py:914} INFO - Processing file /home/airflow/.local/lib/python3.12/site-packages/airflow/example_dags/example_datasets.py for tasks to queue
[2025-01-22T00:36:29.750+0000] {logging_mixin.py:190} INFO - [2025-01-22T00:36:29.750+0000] {dagbag.py:588} INFO - Filling up the DagBag from /home/airflow/.local/lib/python3.12/site-packages/airflow/example_dags/example_datasets.py
[2025-01-22T00:36:30.216+0000] {processor.py:925} INFO - DAG(s) 'consume_1_or_both_2_and_3_with_dataset_expressions', 'dataset_consumes_1', 'consume_1_or_2_with_dataset_expressions', 'dataset_consumes_unknown_never_scheduled', 'dataset_consumes_1_and_2', 'dataset_produces_1', 'dataset_consumes_1_never_scheduled', 'dataset_produces_2', 'consume_1_and_2_with_dataset_expressions', 'conditional_dataset_and_time_based_timetable' retrieved from /home/airflow/.local/lib/python3.12/site-packages/airflow/example_dags/example_datasets.py
[2025-01-22T00:36:30.275+0000] {logging_mixin.py:190} INFO - [2025-01-22T00:36:30.275+0000] {dag.py:3239} INFO - Sync 10 DAGs
[2025-01-22T00:36:30.299+0000] {logging_mixin.py:190} INFO - [2025-01-22T00:36:30.299+0000] {dag.py:4180} INFO - Setting next_dagrun for conditional_dataset_and_time_based_timetable to 2025-01-15 01:00:00+00:00, run_after=2025-01-15 01:00:00+00:00
[2025-01-22T00:36:30.303+0000] {logging_mixin.py:190} INFO - [2025-01-22T00:36:30.303+0000] {dag.py:4180} INFO - Setting next_dagrun for consume_1_and_2_with_dataset_expressions to None, run_after=None
[2025-01-22T00:36:30.305+0000] {logging_mixin.py:190} INFO - [2025-01-22T00:36:30.305+0000] {dag.py:4180} INFO - Setting next_dagrun for consume_1_or_2_with_dataset_expressions to None, run_after=None
[2025-01-22T00:36:30.307+0000] {logging_mixin.py:190} INFO - [2025-01-22T00:36:30.307+0000] {dag.py:4180} INFO - Setting next_dagrun for consume_1_or_both_2_and_3_with_dataset_expressions to None, run_after=None
[2025-01-22T00:36:30.309+0000] {logging_mixin.py:190} INFO - [2025-01-22T00:36:30.309+0000] {dag.py:4180} INFO - Setting next_dagrun for dataset_consumes_1 to None, run_after=None
[2025-01-22T00:36:30.311+0000] {logging_mixin.py:190} INFO - [2025-01-22T00:36:30.311+0000] {dag.py:4180} INFO - Setting next_dagrun for dataset_consumes_1_and_2 to None, run_after=None
[2025-01-22T00:36:30.313+0000] {logging_mixin.py:190} INFO - [2025-01-22T00:36:30.313+0000] {dag.py:4180} INFO - Setting next_dagrun for dataset_consumes_1_never_scheduled to None, run_after=None
[2025-01-22T00:36:30.316+0000] {logging_mixin.py:190} INFO - [2025-01-22T00:36:30.315+0000] {dag.py:4180} INFO - Setting next_dagrun for dataset_consumes_unknown_never_scheduled to None, run_after=None
[2025-01-22T00:36:30.318+0000] {logging_mixin.py:190} INFO - [2025-01-22T00:36:30.318+0000] {dag.py:4180} INFO - Setting next_dagrun for dataset_produces_1 to 2025-01-21 00:00:00+00:00, run_after=2025-01-22 00:00:00+00:00
[2025-01-22T00:36:30.320+0000] {logging_mixin.py:190} INFO - [2025-01-22T00:36:30.319+0000] {dag.py:4180} INFO - Setting next_dagrun for dataset_produces_2 to None, run_after=None
[2025-01-22T00:36:30.357+0000] {processor.py:208} INFO - Processing /home/airflow/.local/lib/python3.12/site-packages/airflow/example_dags/example_datasets.py took 0.614 seconds
[2025-01-22T00:37:00.754+0000] {processor.py:186} INFO - Started process (PID=231) to work on /home/airflow/.local/lib/python3.12/site-packages/airflow/example_dags/example_datasets.py
[2025-01-22T00:37:00.756+0000] {processor.py:914} INFO - Processing file /home/airflow/.local/lib/python3.12/site-packages/airflow/example_dags/example_datasets.py for tasks to queue
[2025-01-22T00:37:00.758+0000] {logging_mixin.py:190} INFO - [2025-01-22T00:37:00.758+0000] {dagbag.py:588} INFO - Filling up the DagBag from /home/airflow/.local/lib/python3.12/site-packages/airflow/example_dags/example_datasets.py
[2025-01-22T00:37:01.396+0000] {processor.py:925} INFO - DAG(s) 'dataset_produces_2', 'dataset_consumes_1_and_2', 'dataset_produces_1', 'dataset_consumes_1', 'consume_1_and_2_with_dataset_expressions', 'consume_1_or_both_2_and_3_with_dataset_expressions', 'dataset_consumes_1_never_scheduled', 'conditional_dataset_and_time_based_timetable', 'dataset_consumes_unknown_never_scheduled', 'consume_1_or_2_with_dataset_expressions' retrieved from /home/airflow/.local/lib/python3.12/site-packages/airflow/example_dags/example_datasets.py
[2025-01-22T00:37:01.454+0000] {logging_mixin.py:190} INFO - [2025-01-22T00:37:01.454+0000] {dag.py:3239} INFO - Sync 10 DAGs
[2025-01-22T00:37:01.487+0000] {logging_mixin.py:190} INFO - [2025-01-22T00:37:01.487+0000] {dag.py:4180} INFO - Setting next_dagrun for conditional_dataset_and_time_based_timetable to 2025-01-15 01:00:00+00:00, run_after=2025-01-15 01:00:00+00:00
[2025-01-22T00:37:01.493+0000] {logging_mixin.py:190} INFO - [2025-01-22T00:37:01.492+0000] {dag.py:4180} INFO - Setting next_dagrun for consume_1_and_2_with_dataset_expressions to None, run_after=None
[2025-01-22T00:37:01.494+0000] {logging_mixin.py:190} INFO - [2025-01-22T00:37:01.494+0000] {dag.py:4180} INFO - Setting next_dagrun for consume_1_or_2_with_dataset_expressions to None, run_after=None
[2025-01-22T00:37:01.496+0000] {logging_mixin.py:190} INFO - [2025-01-22T00:37:01.495+0000] {dag.py:4180} INFO - Setting next_dagrun for consume_1_or_both_2_and_3_with_dataset_expressions to None, run_after=None
[2025-01-22T00:37:01.497+0000] {logging_mixin.py:190} INFO - [2025-01-22T00:37:01.497+0000] {dag.py:4180} INFO - Setting next_dagrun for dataset_consumes_1 to None, run_after=None
[2025-01-22T00:37:01.498+0000] {logging_mixin.py:190} INFO - [2025-01-22T00:37:01.498+0000] {dag.py:4180} INFO - Setting next_dagrun for dataset_consumes_1_and_2 to None, run_after=None
[2025-01-22T00:37:01.499+0000] {logging_mixin.py:190} INFO - [2025-01-22T00:37:01.499+0000] {dag.py:4180} INFO - Setting next_dagrun for dataset_consumes_1_never_scheduled to None, run_after=None
[2025-01-22T00:37:01.501+0000] {logging_mixin.py:190} INFO - [2025-01-22T00:37:01.501+0000] {dag.py:4180} INFO - Setting next_dagrun for dataset_consumes_unknown_never_scheduled to None, run_after=None
[2025-01-22T00:37:01.503+0000] {logging_mixin.py:190} INFO - [2025-01-22T00:37:01.503+0000] {dag.py:4180} INFO - Setting next_dagrun for dataset_produces_1 to 2025-01-21 00:00:00+00:00, run_after=2025-01-22 00:00:00+00:00
[2025-01-22T00:37:01.505+0000] {logging_mixin.py:190} INFO - [2025-01-22T00:37:01.504+0000] {dag.py:4180} INFO - Setting next_dagrun for dataset_produces_2 to None, run_after=None
[2025-01-22T00:37:01.538+0000] {processor.py:208} INFO - Processing /home/airflow/.local/lib/python3.12/site-packages/airflow/example_dags/example_datasets.py took 0.789 seconds
[2025-01-22T00:37:31.942+0000] {processor.py:186} INFO - Started process (PID=295) to work on /home/airflow/.local/lib/python3.12/site-packages/airflow/example_dags/example_datasets.py
[2025-01-22T00:37:31.944+0000] {processor.py:914} INFO - Processing file /home/airflow/.local/lib/python3.12/site-packages/airflow/example_dags/example_datasets.py for tasks to queue
[2025-01-22T00:37:31.946+0000] {logging_mixin.py:190} INFO - [2025-01-22T00:37:31.945+0000] {dagbag.py:588} INFO - Filling up the DagBag from /home/airflow/.local/lib/python3.12/site-packages/airflow/example_dags/example_datasets.py
[2025-01-22T00:37:32.360+0000] {processor.py:925} INFO - DAG(s) 'dataset_consumes_1', 'conditional_dataset_and_time_based_timetable', 'consume_1_and_2_with_dataset_expressions', 'dataset_consumes_unknown_never_scheduled', 'dataset_consumes_1_and_2', 'dataset_consumes_1_never_scheduled', 'consume_1_or_2_with_dataset_expressions', 'dataset_produces_2', 'dataset_produces_1', 'consume_1_or_both_2_and_3_with_dataset_expressions' retrieved from /home/airflow/.local/lib/python3.12/site-packages/airflow/example_dags/example_datasets.py
[2025-01-22T00:37:32.391+0000] {logging_mixin.py:190} INFO - [2025-01-22T00:37:32.390+0000] {dag.py:3239} INFO - Sync 10 DAGs
[2025-01-22T00:37:32.415+0000] {logging_mixin.py:190} INFO - [2025-01-22T00:37:32.415+0000] {dag.py:4180} INFO - Setting next_dagrun for conditional_dataset_and_time_based_timetable to 2025-01-15 01:00:00+00:00, run_after=2025-01-15 01:00:00+00:00
[2025-01-22T00:37:32.419+0000] {logging_mixin.py:190} INFO - [2025-01-22T00:37:32.418+0000] {dag.py:4180} INFO - Setting next_dagrun for consume_1_and_2_with_dataset_expressions to None, run_after=None
[2025-01-22T00:37:32.420+0000] {logging_mixin.py:190} INFO - [2025-01-22T00:37:32.420+0000] {dag.py:4180} INFO - Setting next_dagrun for consume_1_or_2_with_dataset_expressions to None, run_after=None
[2025-01-22T00:37:32.422+0000] {logging_mixin.py:190} INFO - [2025-01-22T00:37:32.422+0000] {dag.py:4180} INFO - Setting next_dagrun for consume_1_or_both_2_and_3_with_dataset_expressions to None, run_after=None
[2025-01-22T00:37:32.424+0000] {logging_mixin.py:190} INFO - [2025-01-22T00:37:32.424+0000] {dag.py:4180} INFO - Setting next_dagrun for dataset_consumes_1 to None, run_after=None
[2025-01-22T00:37:32.426+0000] {logging_mixin.py:190} INFO - [2025-01-22T00:37:32.426+0000] {dag.py:4180} INFO - Setting next_dagrun for dataset_consumes_1_and_2 to None, run_after=None
[2025-01-22T00:37:32.427+0000] {logging_mixin.py:190} INFO - [2025-01-22T00:37:32.427+0000] {dag.py:4180} INFO - Setting next_dagrun for dataset_consumes_1_never_scheduled to None, run_after=None
[2025-01-22T00:37:32.429+0000] {logging_mixin.py:190} INFO - [2025-01-22T00:37:32.429+0000] {dag.py:4180} INFO - Setting next_dagrun for dataset_consumes_unknown_never_scheduled to None, run_after=None
[2025-01-22T00:37:32.431+0000] {logging_mixin.py:190} INFO - [2025-01-22T00:37:32.431+0000] {dag.py:4180} INFO - Setting next_dagrun for dataset_produces_1 to 2025-01-21 00:00:00+00:00, run_after=2025-01-22 00:00:00+00:00
[2025-01-22T00:37:32.433+0000] {logging_mixin.py:190} INFO - [2025-01-22T00:37:32.433+0000] {dag.py:4180} INFO - Setting next_dagrun for dataset_produces_2 to None, run_after=None
[2025-01-22T00:37:32.470+0000] {processor.py:208} INFO - Processing /home/airflow/.local/lib/python3.12/site-packages/airflow/example_dags/example_datasets.py took 0.533 seconds
[2025-01-22T00:38:03.257+0000] {processor.py:186} INFO - Started process (PID=359) to work on /home/airflow/.local/lib/python3.12/site-packages/airflow/example_dags/example_datasets.py
[2025-01-22T00:38:03.259+0000] {processor.py:914} INFO - Processing file /home/airflow/.local/lib/python3.12/site-packages/airflow/example_dags/example_datasets.py for tasks to queue
[2025-01-22T00:38:03.260+0000] {logging_mixin.py:190} INFO - [2025-01-22T00:38:03.260+0000] {dagbag.py:588} INFO - Filling up the DagBag from /home/airflow/.local/lib/python3.12/site-packages/airflow/example_dags/example_datasets.py
[2025-01-22T00:38:03.755+0000] {processor.py:925} INFO - DAG(s) 'dataset_produces_2', 'dataset_consumes_unknown_never_scheduled', 'dataset_consumes_1_and_2', 'dataset_consumes_1', 'conditional_dataset_and_time_based_timetable', 'consume_1_or_2_with_dataset_expressions', 'consume_1_or_both_2_and_3_with_dataset_expressions', 'dataset_consumes_1_never_scheduled', 'dataset_produces_1', 'consume_1_and_2_with_dataset_expressions' retrieved from /home/airflow/.local/lib/python3.12/site-packages/airflow/example_dags/example_datasets.py
[2025-01-22T00:38:03.785+0000] {logging_mixin.py:190} INFO - [2025-01-22T00:38:03.785+0000] {dag.py:3239} INFO - Sync 10 DAGs
[2025-01-22T00:38:03.808+0000] {logging_mixin.py:190} INFO - [2025-01-22T00:38:03.808+0000] {dag.py:4180} INFO - Setting next_dagrun for conditional_dataset_and_time_based_timetable to 2025-01-15 01:00:00+00:00, run_after=2025-01-15 01:00:00+00:00
[2025-01-22T00:38:03.811+0000] {logging_mixin.py:190} INFO - [2025-01-22T00:38:03.811+0000] {dag.py:4180} INFO - Setting next_dagrun for consume_1_and_2_with_dataset_expressions to None, run_after=None
[2025-01-22T00:38:03.813+0000] {logging_mixin.py:190} INFO - [2025-01-22T00:38:03.813+0000] {dag.py:4180} INFO - Setting next_dagrun for consume_1_or_2_with_dataset_expressions to None, run_after=None
[2025-01-22T00:38:03.815+0000] {logging_mixin.py:190} INFO - [2025-01-22T00:38:03.814+0000] {dag.py:4180} INFO - Setting next_dagrun for consume_1_or_both_2_and_3_with_dataset_expressions to None, run_after=None
[2025-01-22T00:38:03.817+0000] {logging_mixin.py:190} INFO - [2025-01-22T00:38:03.817+0000] {dag.py:4180} INFO - Setting next_dagrun for dataset_consumes_1 to None, run_after=None
[2025-01-22T00:38:03.820+0000] {logging_mixin.py:190} INFO - [2025-01-22T00:38:03.819+0000] {dag.py:4180} INFO - Setting next_dagrun for dataset_consumes_1_and_2 to None, run_after=None
[2025-01-22T00:38:03.821+0000] {logging_mixin.py:190} INFO - [2025-01-22T00:38:03.821+0000] {dag.py:4180} INFO - Setting next_dagrun for dataset_consumes_1_never_scheduled to None, run_after=None
[2025-01-22T00:38:03.822+0000] {logging_mixin.py:190} INFO - [2025-01-22T00:38:03.822+0000] {dag.py:4180} INFO - Setting next_dagrun for dataset_consumes_unknown_never_scheduled to None, run_after=None
[2025-01-22T00:38:03.824+0000] {logging_mixin.py:190} INFO - [2025-01-22T00:38:03.823+0000] {dag.py:4180} INFO - Setting next_dagrun for dataset_produces_1 to 2025-01-21 00:00:00+00:00, run_after=2025-01-22 00:00:00+00:00
[2025-01-22T00:38:03.824+0000] {logging_mixin.py:190} INFO - [2025-01-22T00:38:03.824+0000] {dag.py:4180} INFO - Setting next_dagrun for dataset_produces_2 to None, run_after=None
[2025-01-22T00:38:03.854+0000] {processor.py:208} INFO - Processing /home/airflow/.local/lib/python3.12/site-packages/airflow/example_dags/example_datasets.py took 0.602 seconds
[2025-01-22T00:38:34.383+0000] {processor.py:186} INFO - Started process (PID=423) to work on /home/airflow/.local/lib/python3.12/site-packages/airflow/example_dags/example_datasets.py
[2025-01-22T00:38:34.385+0000] {processor.py:914} INFO - Processing file /home/airflow/.local/lib/python3.12/site-packages/airflow/example_dags/example_datasets.py for tasks to queue
[2025-01-22T00:38:34.387+0000] {logging_mixin.py:190} INFO - [2025-01-22T00:38:34.387+0000] {dagbag.py:588} INFO - Filling up the DagBag from /home/airflow/.local/lib/python3.12/site-packages/airflow/example_dags/example_datasets.py
[2025-01-22T00:38:34.809+0000] {processor.py:925} INFO - DAG(s) 'dataset_consumes_1', 'conditional_dataset_and_time_based_timetable', 'dataset_consumes_1_never_scheduled', 'consume_1_or_2_with_dataset_expressions', 'dataset_consumes_1_and_2', 'consume_1_or_both_2_and_3_with_dataset_expressions', 'dataset_produces_2', 'dataset_consumes_unknown_never_scheduled', 'consume_1_and_2_with_dataset_expressions', 'dataset_produces_1' retrieved from /home/airflow/.local/lib/python3.12/site-packages/airflow/example_dags/example_datasets.py
[2025-01-22T00:38:34.846+0000] {logging_mixin.py:190} INFO - [2025-01-22T00:38:34.846+0000] {dag.py:3239} INFO - Sync 10 DAGs
[2025-01-22T00:38:34.871+0000] {logging_mixin.py:190} INFO - [2025-01-22T00:38:34.871+0000] {dag.py:4180} INFO - Setting next_dagrun for conditional_dataset_and_time_based_timetable to 2025-01-15 01:00:00+00:00, run_after=2025-01-15 01:00:00+00:00
[2025-01-22T00:38:34.875+0000] {logging_mixin.py:190} INFO - [2025-01-22T00:38:34.875+0000] {dag.py:4180} INFO - Setting next_dagrun for consume_1_and_2_with_dataset_expressions to None, run_after=None
[2025-01-22T00:38:34.877+0000] {logging_mixin.py:190} INFO - [2025-01-22T00:38:34.876+0000] {dag.py:4180} INFO - Setting next_dagrun for consume_1_or_2_with_dataset_expressions to None, run_after=None
[2025-01-22T00:38:34.878+0000] {logging_mixin.py:190} INFO - [2025-01-22T00:38:34.878+0000] {dag.py:4180} INFO - Setting next_dagrun for consume_1_or_both_2_and_3_with_dataset_expressions to None, run_after=None
[2025-01-22T00:38:34.879+0000] {logging_mixin.py:190} INFO - [2025-01-22T00:38:34.879+0000] {dag.py:4180} INFO - Setting next_dagrun for dataset_consumes_1 to None, run_after=None
[2025-01-22T00:38:34.880+0000] {logging_mixin.py:190} INFO - [2025-01-22T00:38:34.880+0000] {dag.py:4180} INFO - Setting next_dagrun for dataset_consumes_1_and_2 to None, run_after=None
[2025-01-22T00:38:34.881+0000] {logging_mixin.py:190} INFO - [2025-01-22T00:38:34.881+0000] {dag.py:4180} INFO - Setting next_dagrun for dataset_consumes_1_never_scheduled to None, run_after=None
[2025-01-22T00:38:34.883+0000] {logging_mixin.py:190} INFO - [2025-01-22T00:38:34.882+0000] {dag.py:4180} INFO - Setting next_dagrun for dataset_consumes_unknown_never_scheduled to None, run_after=None
[2025-01-22T00:38:34.885+0000] {logging_mixin.py:190} INFO - [2025-01-22T00:38:34.885+0000] {dag.py:4180} INFO - Setting next_dagrun for dataset_produces_1 to 2025-01-21 00:00:00+00:00, run_after=2025-01-22 00:00:00+00:00
[2025-01-22T00:38:34.886+0000] {logging_mixin.py:190} INFO - [2025-01-22T00:38:34.886+0000] {dag.py:4180} INFO - Setting next_dagrun for dataset_produces_2 to None, run_after=None
[2025-01-22T00:38:34.912+0000] {processor.py:208} INFO - Processing /home/airflow/.local/lib/python3.12/site-packages/airflow/example_dags/example_datasets.py took 0.534 seconds
[2025-01-22T00:39:05.140+0000] {processor.py:186} INFO - Started process (PID=488) to work on /home/airflow/.local/lib/python3.12/site-packages/airflow/example_dags/example_datasets.py
[2025-01-22T00:39:05.141+0000] {processor.py:914} INFO - Processing file /home/airflow/.local/lib/python3.12/site-packages/airflow/example_dags/example_datasets.py for tasks to queue
[2025-01-22T00:39:05.143+0000] {logging_mixin.py:190} INFO - [2025-01-22T00:39:05.142+0000] {dagbag.py:588} INFO - Filling up the DagBag from /home/airflow/.local/lib/python3.12/site-packages/airflow/example_dags/example_datasets.py
[2025-01-22T00:39:05.489+0000] {processor.py:925} INFO - DAG(s) 'dataset_produces_2', 'consume_1_or_both_2_and_3_with_dataset_expressions', 'dataset_consumes_1', 'dataset_consumes_1_and_2', 'dataset_consumes_unknown_never_scheduled', 'conditional_dataset_and_time_based_timetable', 'consume_1_and_2_with_dataset_expressions', 'dataset_produces_1', 'consume_1_or_2_with_dataset_expressions', 'dataset_consumes_1_never_scheduled' retrieved from /home/airflow/.local/lib/python3.12/site-packages/airflow/example_dags/example_datasets.py
[2025-01-22T00:39:05.513+0000] {logging_mixin.py:190} INFO - [2025-01-22T00:39:05.513+0000] {dag.py:3239} INFO - Sync 10 DAGs
[2025-01-22T00:39:05.532+0000] {logging_mixin.py:190} INFO - [2025-01-22T00:39:05.532+0000] {dag.py:4180} INFO - Setting next_dagrun for conditional_dataset_and_time_based_timetable to 2025-01-15 01:00:00+00:00, run_after=2025-01-15 01:00:00+00:00
[2025-01-22T00:39:05.536+0000] {logging_mixin.py:190} INFO - [2025-01-22T00:39:05.536+0000] {dag.py:4180} INFO - Setting next_dagrun for consume_1_and_2_with_dataset_expressions to None, run_after=None
[2025-01-22T00:39:05.539+0000] {logging_mixin.py:190} INFO - [2025-01-22T00:39:05.539+0000] {dag.py:4180} INFO - Setting next_dagrun for consume_1_or_2_with_dataset_expressions to None, run_after=None
[2025-01-22T00:39:05.541+0000] {logging_mixin.py:190} INFO - [2025-01-22T00:39:05.540+0000] {dag.py:4180} INFO - Setting next_dagrun for consume_1_or_both_2_and_3_with_dataset_expressions to None, run_after=None
[2025-01-22T00:39:05.542+0000] {logging_mixin.py:190} INFO - [2025-01-22T00:39:05.542+0000] {dag.py:4180} INFO - Setting next_dagrun for dataset_consumes_1 to None, run_after=None
[2025-01-22T00:39:05.543+0000] {logging_mixin.py:190} INFO - [2025-01-22T00:39:05.543+0000] {dag.py:4180} INFO - Setting next_dagrun for dataset_consumes_1_and_2 to None, run_after=None
[2025-01-22T00:39:05.544+0000] {logging_mixin.py:190} INFO - [2025-01-22T00:39:05.544+0000] {dag.py:4180} INFO - Setting next_dagrun for dataset_consumes_1_never_scheduled to None, run_after=None
[2025-01-22T00:39:05.545+0000] {logging_mixin.py:190} INFO - [2025-01-22T00:39:05.545+0000] {dag.py:4180} INFO - Setting next_dagrun for dataset_consumes_unknown_never_scheduled to None, run_after=None
[2025-01-22T00:39:05.548+0000] {logging_mixin.py:190} INFO - [2025-01-22T00:39:05.547+0000] {dag.py:4180} INFO - Setting next_dagrun for dataset_produces_1 to 2025-01-21 00:00:00+00:00, run_after=2025-01-22 00:00:00+00:00
[2025-01-22T00:39:05.549+0000] {logging_mixin.py:190} INFO - [2025-01-22T00:39:05.548+0000] {dag.py:4180} INFO - Setting next_dagrun for dataset_produces_2 to None, run_after=None
[2025-01-22T00:39:05.578+0000] {processor.py:208} INFO - Processing /home/airflow/.local/lib/python3.12/site-packages/airflow/example_dags/example_datasets.py took 0.442 seconds
[2025-01-22T00:39:36.031+0000] {processor.py:186} INFO - Started process (PID=552) to work on /home/airflow/.local/lib/python3.12/site-packages/airflow/example_dags/example_datasets.py
[2025-01-22T00:39:36.032+0000] {processor.py:914} INFO - Processing file /home/airflow/.local/lib/python3.12/site-packages/airflow/example_dags/example_datasets.py for tasks to queue
[2025-01-22T00:39:36.033+0000] {logging_mixin.py:190} INFO - [2025-01-22T00:39:36.033+0000] {dagbag.py:588} INFO - Filling up the DagBag from /home/airflow/.local/lib/python3.12/site-packages/airflow/example_dags/example_datasets.py
[2025-01-22T00:39:36.364+0000] {processor.py:925} INFO - DAG(s) 'consume_1_or_both_2_and_3_with_dataset_expressions', 'consume_1_or_2_with_dataset_expressions', 'consume_1_and_2_with_dataset_expressions', 'dataset_consumes_1_never_scheduled', 'conditional_dataset_and_time_based_timetable', 'dataset_consumes_unknown_never_scheduled', 'dataset_consumes_1_and_2', 'dataset_consumes_1', 'dataset_produces_1', 'dataset_produces_2' retrieved from /home/airflow/.local/lib/python3.12/site-packages/airflow/example_dags/example_datasets.py
[2025-01-22T00:39:36.399+0000] {logging_mixin.py:190} INFO - [2025-01-22T00:39:36.399+0000] {dag.py:3239} INFO - Sync 10 DAGs
[2025-01-22T00:39:36.414+0000] {logging_mixin.py:190} INFO - [2025-01-22T00:39:36.414+0000] {dag.py:4180} INFO - Setting next_dagrun for conditional_dataset_and_time_based_timetable to 2025-01-15 01:00:00+00:00, run_after=2025-01-15 01:00:00+00:00
[2025-01-22T00:39:36.418+0000] {logging_mixin.py:190} INFO - [2025-01-22T00:39:36.418+0000] {dag.py:4180} INFO - Setting next_dagrun for consume_1_and_2_with_dataset_expressions to None, run_after=None
[2025-01-22T00:39:36.419+0000] {logging_mixin.py:190} INFO - [2025-01-22T00:39:36.419+0000] {dag.py:4180} INFO - Setting next_dagrun for consume_1_or_2_with_dataset_expressions to None, run_after=None
[2025-01-22T00:39:36.421+0000] {logging_mixin.py:190} INFO - [2025-01-22T00:39:36.420+0000] {dag.py:4180} INFO - Setting next_dagrun for consume_1_or_both_2_and_3_with_dataset_expressions to None, run_after=None
[2025-01-22T00:39:36.422+0000] {logging_mixin.py:190} INFO - [2025-01-22T00:39:36.421+0000] {dag.py:4180} INFO - Setting next_dagrun for dataset_consumes_1 to None, run_after=None
[2025-01-22T00:39:36.423+0000] {logging_mixin.py:190} INFO - [2025-01-22T00:39:36.422+0000] {dag.py:4180} INFO - Setting next_dagrun for dataset_consumes_1_and_2 to None, run_after=None
[2025-01-22T00:39:36.423+0000] {logging_mixin.py:190} INFO - [2025-01-22T00:39:36.423+0000] {dag.py:4180} INFO - Setting next_dagrun for dataset_consumes_1_never_scheduled to None, run_after=None
[2025-01-22T00:39:36.424+0000] {logging_mixin.py:190} INFO - [2025-01-22T00:39:36.424+0000] {dag.py:4180} INFO - Setting next_dagrun for dataset_consumes_unknown_never_scheduled to None, run_after=None
[2025-01-22T00:39:36.426+0000] {logging_mixin.py:190} INFO - [2025-01-22T00:39:36.426+0000] {dag.py:4180} INFO - Setting next_dagrun for dataset_produces_1 to 2025-01-21 00:00:00+00:00, run_after=2025-01-22 00:00:00+00:00
[2025-01-22T00:39:36.427+0000] {logging_mixin.py:190} INFO - [2025-01-22T00:39:36.427+0000] {dag.py:4180} INFO - Setting next_dagrun for dataset_produces_2 to None, run_after=None
[2025-01-22T00:39:36.482+0000] {processor.py:208} INFO - Processing /home/airflow/.local/lib/python3.12/site-packages/airflow/example_dags/example_datasets.py took 0.455 seconds
[2025-01-22T00:40:07.344+0000] {processor.py:186} INFO - Started process (PID=620) to work on /home/airflow/.local/lib/python3.12/site-packages/airflow/example_dags/example_datasets.py
[2025-01-22T00:40:07.345+0000] {processor.py:914} INFO - Processing file /home/airflow/.local/lib/python3.12/site-packages/airflow/example_dags/example_datasets.py for tasks to queue
[2025-01-22T00:40:07.346+0000] {logging_mixin.py:190} INFO - [2025-01-22T00:40:07.346+0000] {dagbag.py:588} INFO - Filling up the DagBag from /home/airflow/.local/lib/python3.12/site-packages/airflow/example_dags/example_datasets.py
[2025-01-22T00:40:07.711+0000] {processor.py:925} INFO - DAG(s) 'consume_1_or_2_with_dataset_expressions', 'dataset_produces_2', 'consume_1_or_both_2_and_3_with_dataset_expressions', 'dataset_consumes_unknown_never_scheduled', 'dataset_consumes_1_never_scheduled', 'dataset_consumes_1', 'dataset_produces_1', 'consume_1_and_2_with_dataset_expressions', 'dataset_consumes_1_and_2', 'conditional_dataset_and_time_based_timetable' retrieved from /home/airflow/.local/lib/python3.12/site-packages/airflow/example_dags/example_datasets.py
[2025-01-22T00:40:07.772+0000] {logging_mixin.py:190} INFO - [2025-01-22T00:40:07.771+0000] {dag.py:3239} INFO - Sync 10 DAGs
[2025-01-22T00:40:07.799+0000] {logging_mixin.py:190} INFO - [2025-01-22T00:40:07.798+0000] {dag.py:4180} INFO - Setting next_dagrun for conditional_dataset_and_time_based_timetable to 2025-01-15 01:00:00+00:00, run_after=2025-01-15 01:00:00+00:00
[2025-01-22T00:40:07.803+0000] {logging_mixin.py:190} INFO - [2025-01-22T00:40:07.803+0000] {dag.py:4180} INFO - Setting next_dagrun for consume_1_and_2_with_dataset_expressions to None, run_after=None
[2025-01-22T00:40:07.804+0000] {logging_mixin.py:190} INFO - [2025-01-22T00:40:07.804+0000] {dag.py:4180} INFO - Setting next_dagrun for consume_1_or_2_with_dataset_expressions to None, run_after=None
[2025-01-22T00:40:07.806+0000] {logging_mixin.py:190} INFO - [2025-01-22T00:40:07.805+0000] {dag.py:4180} INFO - Setting next_dagrun for consume_1_or_both_2_and_3_with_dataset_expressions to None, run_after=None
[2025-01-22T00:40:07.808+0000] {logging_mixin.py:190} INFO - [2025-01-22T00:40:07.807+0000] {dag.py:4180} INFO - Setting next_dagrun for dataset_consumes_1 to None, run_after=None
[2025-01-22T00:40:07.809+0000] {logging_mixin.py:190} INFO - [2025-01-22T00:40:07.809+0000] {dag.py:4180} INFO - Setting next_dagrun for dataset_consumes_1_and_2 to None, run_after=None
[2025-01-22T00:40:07.810+0000] {logging_mixin.py:190} INFO - [2025-01-22T00:40:07.810+0000] {dag.py:4180} INFO - Setting next_dagrun for dataset_consumes_1_never_scheduled to None, run_after=None
[2025-01-22T00:40:07.811+0000] {logging_mixin.py:190} INFO - [2025-01-22T00:40:07.811+0000] {dag.py:4180} INFO - Setting next_dagrun for dataset_consumes_unknown_never_scheduled to None, run_after=None
[2025-01-22T00:40:07.815+0000] {logging_mixin.py:190} INFO - [2025-01-22T00:40:07.814+0000] {dag.py:4180} INFO - Setting next_dagrun for dataset_produces_1 to 2025-01-21 00:00:00+00:00, run_after=2025-01-22 00:00:00+00:00
[2025-01-22T00:40:07.817+0000] {logging_mixin.py:190} INFO - [2025-01-22T00:40:07.816+0000] {dag.py:4180} INFO - Setting next_dagrun for dataset_produces_2 to None, run_after=None
[2025-01-22T00:40:07.857+0000] {processor.py:208} INFO - Processing /home/airflow/.local/lib/python3.12/site-packages/airflow/example_dags/example_datasets.py took 0.517 seconds
