[2025-01-22T00:35:58.928+0000] {processor.py:186} INFO - Started process (PID=112) to work on /home/airflow/.local/lib/python3.12/site-packages/airflow/example_dags/example_subdag_operator.py
[2025-01-22T00:35:58.929+0000] {processor.py:914} INFO - Processing file /home/airflow/.local/lib/python3.12/site-packages/airflow/example_dags/example_subdag_operator.py for tasks to queue
[2025-01-22T00:35:58.931+0000] {logging_mixin.py:190} INFO - [2025-01-22T00:35:58.930+0000] {dagbag.py:588} INFO - Filling up the DagBag from /home/airflow/.local/lib/python3.12/site-packages/airflow/example_dags/example_subdag_operator.py
[2025-01-22T00:35:58.957+0000] {processor.py:925} INFO - DAG(s) 'example_subdag_operator.section-1', 'example_subdag_operator.section-2', 'example_subdag_operator' retrieved from /home/airflow/.local/lib/python3.12/site-packages/airflow/example_dags/example_subdag_operator.py
[2025-01-22T00:35:58.968+0000] {logging_mixin.py:190} INFO - [2025-01-22T00:35:58.968+0000] {dag.py:3239} INFO - Sync 3 DAGs
[2025-01-22T00:35:58.983+0000] {logging_mixin.py:190} INFO - [2025-01-22T00:35:58.983+0000] {dag.py:4180} INFO - Setting next_dagrun for example_subdag_operator to 2022-01-01 00:00:00+00:00, run_after=2022-01-01 00:00:00+00:00
[2025-01-22T00:35:58.985+0000] {logging_mixin.py:190} INFO - [2025-01-22T00:35:58.985+0000] {dag.py:4180} INFO - Setting next_dagrun for example_subdag_operator.section-1 to None, run_after=None
[2025-01-22T00:35:58.986+0000] {logging_mixin.py:190} INFO - [2025-01-22T00:35:58.986+0000] {dag.py:4180} INFO - Setting next_dagrun for example_subdag_operator.section-2 to None, run_after=None
[2025-01-22T00:35:58.991+0000] {logging_mixin.py:190} INFO - [2025-01-22T00:35:58.991+0000] {dag.py:3239} INFO - Sync 2 DAGs
[2025-01-22T00:35:58.995+0000] {logging_mixin.py:190} INFO - [2025-01-22T00:35:58.995+0000] {dag.py:4180} INFO - Setting next_dagrun for example_subdag_operator.section-1 to None, run_after=None
[2025-01-22T00:35:58.996+0000] {logging_mixin.py:190} INFO - [2025-01-22T00:35:58.996+0000] {dag.py:4180} INFO - Setting next_dagrun for example_subdag_operator.section-2 to None, run_after=None
[2025-01-22T00:35:59.003+0000] {processor.py:208} INFO - Processing /home/airflow/.local/lib/python3.12/site-packages/airflow/example_dags/example_subdag_operator.py took 0.080 seconds
[2025-01-22T00:36:30.712+0000] {processor.py:186} INFO - Started process (PID=176) to work on /home/airflow/.local/lib/python3.12/site-packages/airflow/example_dags/example_subdag_operator.py
[2025-01-22T00:36:30.713+0000] {processor.py:914} INFO - Processing file /home/airflow/.local/lib/python3.12/site-packages/airflow/example_dags/example_subdag_operator.py for tasks to queue
[2025-01-22T00:36:30.715+0000] {logging_mixin.py:190} INFO - [2025-01-22T00:36:30.715+0000] {dagbag.py:588} INFO - Filling up the DagBag from /home/airflow/.local/lib/python3.12/site-packages/airflow/example_dags/example_subdag_operator.py
[2025-01-22T00:36:30.739+0000] {processor.py:925} INFO - DAG(s) 'example_subdag_operator.section-1', 'example_subdag_operator.section-2', 'example_subdag_operator' retrieved from /home/airflow/.local/lib/python3.12/site-packages/airflow/example_dags/example_subdag_operator.py
[2025-01-22T00:36:30.758+0000] {logging_mixin.py:190} INFO - [2025-01-22T00:36:30.757+0000] {dag.py:3239} INFO - Sync 3 DAGs
[2025-01-22T00:36:30.776+0000] {logging_mixin.py:190} INFO - [2025-01-22T00:36:30.776+0000] {dag.py:4180} INFO - Setting next_dagrun for example_subdag_operator to 2022-01-01 00:00:00+00:00, run_after=2022-01-01 00:00:00+00:00
[2025-01-22T00:36:30.782+0000] {logging_mixin.py:190} INFO - [2025-01-22T00:36:30.781+0000] {dag.py:4180} INFO - Setting next_dagrun for example_subdag_operator.section-1 to None, run_after=None
[2025-01-22T00:36:30.783+0000] {logging_mixin.py:190} INFO - [2025-01-22T00:36:30.783+0000] {dag.py:4180} INFO - Setting next_dagrun for example_subdag_operator.section-2 to None, run_after=None
[2025-01-22T00:36:30.791+0000] {logging_mixin.py:190} INFO - [2025-01-22T00:36:30.791+0000] {dag.py:3239} INFO - Sync 2 DAGs
[2025-01-22T00:36:30.797+0000] {logging_mixin.py:190} INFO - [2025-01-22T00:36:30.796+0000] {dag.py:4180} INFO - Setting next_dagrun for example_subdag_operator.section-1 to None, run_after=None
[2025-01-22T00:36:30.797+0000] {logging_mixin.py:190} INFO - [2025-01-22T00:36:30.797+0000] {dag.py:4180} INFO - Setting next_dagrun for example_subdag_operator.section-2 to None, run_after=None
[2025-01-22T00:36:30.808+0000] {processor.py:208} INFO - Processing /home/airflow/.local/lib/python3.12/site-packages/airflow/example_dags/example_subdag_operator.py took 0.102 seconds
[2025-01-22T00:37:01.893+0000] {processor.py:186} INFO - Started process (PID=240) to work on /home/airflow/.local/lib/python3.12/site-packages/airflow/example_dags/example_subdag_operator.py
[2025-01-22T00:37:01.894+0000] {processor.py:914} INFO - Processing file /home/airflow/.local/lib/python3.12/site-packages/airflow/example_dags/example_subdag_operator.py for tasks to queue
[2025-01-22T00:37:01.896+0000] {logging_mixin.py:190} INFO - [2025-01-22T00:37:01.895+0000] {dagbag.py:588} INFO - Filling up the DagBag from /home/airflow/.local/lib/python3.12/site-packages/airflow/example_dags/example_subdag_operator.py
[2025-01-22T00:37:01.920+0000] {processor.py:925} INFO - DAG(s) 'example_subdag_operator.section-1', 'example_subdag_operator.section-2', 'example_subdag_operator' retrieved from /home/airflow/.local/lib/python3.12/site-packages/airflow/example_dags/example_subdag_operator.py
[2025-01-22T00:37:01.933+0000] {logging_mixin.py:190} INFO - [2025-01-22T00:37:01.932+0000] {dag.py:3239} INFO - Sync 3 DAGs
[2025-01-22T00:37:01.951+0000] {logging_mixin.py:190} INFO - [2025-01-22T00:37:01.951+0000] {dag.py:4180} INFO - Setting next_dagrun for example_subdag_operator to 2022-01-01 00:00:00+00:00, run_after=2022-01-01 00:00:00+00:00
[2025-01-22T00:37:01.954+0000] {logging_mixin.py:190} INFO - [2025-01-22T00:37:01.953+0000] {dag.py:4180} INFO - Setting next_dagrun for example_subdag_operator.section-1 to None, run_after=None
[2025-01-22T00:37:01.955+0000] {logging_mixin.py:190} INFO - [2025-01-22T00:37:01.955+0000] {dag.py:4180} INFO - Setting next_dagrun for example_subdag_operator.section-2 to None, run_after=None
[2025-01-22T00:37:01.961+0000] {logging_mixin.py:190} INFO - [2025-01-22T00:37:01.960+0000] {dag.py:3239} INFO - Sync 2 DAGs
[2025-01-22T00:37:01.967+0000] {logging_mixin.py:190} INFO - [2025-01-22T00:37:01.967+0000] {dag.py:4180} INFO - Setting next_dagrun for example_subdag_operator.section-1 to None, run_after=None
[2025-01-22T00:37:01.968+0000] {logging_mixin.py:190} INFO - [2025-01-22T00:37:01.968+0000] {dag.py:4180} INFO - Setting next_dagrun for example_subdag_operator.section-2 to None, run_after=None
[2025-01-22T00:37:01.980+0000] {processor.py:208} INFO - Processing /home/airflow/.local/lib/python3.12/site-packages/airflow/example_dags/example_subdag_operator.py took 0.092 seconds
[2025-01-22T00:37:32.842+0000] {processor.py:186} INFO - Started process (PID=304) to work on /home/airflow/.local/lib/python3.12/site-packages/airflow/example_dags/example_subdag_operator.py
[2025-01-22T00:37:32.843+0000] {processor.py:914} INFO - Processing file /home/airflow/.local/lib/python3.12/site-packages/airflow/example_dags/example_subdag_operator.py for tasks to queue
[2025-01-22T00:37:32.845+0000] {logging_mixin.py:190} INFO - [2025-01-22T00:37:32.845+0000] {dagbag.py:588} INFO - Filling up the DagBag from /home/airflow/.local/lib/python3.12/site-packages/airflow/example_dags/example_subdag_operator.py
[2025-01-22T00:37:32.870+0000] {processor.py:925} INFO - DAG(s) 'example_subdag_operator.section-1', 'example_subdag_operator.section-2', 'example_subdag_operator' retrieved from /home/airflow/.local/lib/python3.12/site-packages/airflow/example_dags/example_subdag_operator.py
[2025-01-22T00:37:32.887+0000] {logging_mixin.py:190} INFO - [2025-01-22T00:37:32.886+0000] {dag.py:3239} INFO - Sync 3 DAGs
[2025-01-22T00:37:32.910+0000] {logging_mixin.py:190} INFO - [2025-01-22T00:37:32.909+0000] {dag.py:4180} INFO - Setting next_dagrun for example_subdag_operator to 2022-01-01 00:00:00+00:00, run_after=2022-01-01 00:00:00+00:00
[2025-01-22T00:37:32.913+0000] {logging_mixin.py:190} INFO - [2025-01-22T00:37:32.913+0000] {dag.py:4180} INFO - Setting next_dagrun for example_subdag_operator.section-1 to None, run_after=None
[2025-01-22T00:37:32.915+0000] {logging_mixin.py:190} INFO - [2025-01-22T00:37:32.915+0000] {dag.py:4180} INFO - Setting next_dagrun for example_subdag_operator.section-2 to None, run_after=None
[2025-01-22T00:37:32.923+0000] {logging_mixin.py:190} INFO - [2025-01-22T00:37:32.923+0000] {dag.py:3239} INFO - Sync 2 DAGs
[2025-01-22T00:37:32.931+0000] {logging_mixin.py:190} INFO - [2025-01-22T00:37:32.930+0000] {dag.py:4180} INFO - Setting next_dagrun for example_subdag_operator.section-1 to None, run_after=None
[2025-01-22T00:37:32.931+0000] {logging_mixin.py:190} INFO - [2025-01-22T00:37:32.931+0000] {dag.py:4180} INFO - Setting next_dagrun for example_subdag_operator.section-2 to None, run_after=None
[2025-01-22T00:37:32.944+0000] {processor.py:208} INFO - Processing /home/airflow/.local/lib/python3.12/site-packages/airflow/example_dags/example_subdag_operator.py took 0.106 seconds
[2025-01-22T00:38:04.030+0000] {processor.py:186} INFO - Started process (PID=368) to work on /home/airflow/.local/lib/python3.12/site-packages/airflow/example_dags/example_subdag_operator.py
[2025-01-22T00:38:04.031+0000] {processor.py:914} INFO - Processing file /home/airflow/.local/lib/python3.12/site-packages/airflow/example_dags/example_subdag_operator.py for tasks to queue
[2025-01-22T00:38:04.032+0000] {logging_mixin.py:190} INFO - [2025-01-22T00:38:04.032+0000] {dagbag.py:588} INFO - Filling up the DagBag from /home/airflow/.local/lib/python3.12/site-packages/airflow/example_dags/example_subdag_operator.py
[2025-01-22T00:38:04.048+0000] {processor.py:925} INFO - DAG(s) 'example_subdag_operator.section-1', 'example_subdag_operator.section-2', 'example_subdag_operator' retrieved from /home/airflow/.local/lib/python3.12/site-packages/airflow/example_dags/example_subdag_operator.py
[2025-01-22T00:38:04.061+0000] {logging_mixin.py:190} INFO - [2025-01-22T00:38:04.060+0000] {dag.py:3239} INFO - Sync 3 DAGs
[2025-01-22T00:38:04.079+0000] {logging_mixin.py:190} INFO - [2025-01-22T00:38:04.079+0000] {dag.py:4180} INFO - Setting next_dagrun for example_subdag_operator to 2022-01-01 00:00:00+00:00, run_after=2022-01-01 00:00:00+00:00
[2025-01-22T00:38:04.081+0000] {logging_mixin.py:190} INFO - [2025-01-22T00:38:04.081+0000] {dag.py:4180} INFO - Setting next_dagrun for example_subdag_operator.section-1 to None, run_after=None
[2025-01-22T00:38:04.082+0000] {logging_mixin.py:190} INFO - [2025-01-22T00:38:04.082+0000] {dag.py:4180} INFO - Setting next_dagrun for example_subdag_operator.section-2 to None, run_after=None
[2025-01-22T00:38:04.087+0000] {logging_mixin.py:190} INFO - [2025-01-22T00:38:04.086+0000] {dag.py:3239} INFO - Sync 2 DAGs
[2025-01-22T00:38:04.090+0000] {logging_mixin.py:190} INFO - [2025-01-22T00:38:04.090+0000] {dag.py:4180} INFO - Setting next_dagrun for example_subdag_operator.section-1 to None, run_after=None
[2025-01-22T00:38:04.090+0000] {logging_mixin.py:190} INFO - [2025-01-22T00:38:04.090+0000] {dag.py:4180} INFO - Setting next_dagrun for example_subdag_operator.section-2 to None, run_after=None
[2025-01-22T00:38:04.098+0000] {processor.py:208} INFO - Processing /home/airflow/.local/lib/python3.12/site-packages/airflow/example_dags/example_subdag_operator.py took 0.071 seconds
[2025-01-22T00:38:35.168+0000] {processor.py:186} INFO - Started process (PID=432) to work on /home/airflow/.local/lib/python3.12/site-packages/airflow/example_dags/example_subdag_operator.py
[2025-01-22T00:38:35.169+0000] {processor.py:914} INFO - Processing file /home/airflow/.local/lib/python3.12/site-packages/airflow/example_dags/example_subdag_operator.py for tasks to queue
[2025-01-22T00:38:35.170+0000] {logging_mixin.py:190} INFO - [2025-01-22T00:38:35.170+0000] {dagbag.py:588} INFO - Filling up the DagBag from /home/airflow/.local/lib/python3.12/site-packages/airflow/example_dags/example_subdag_operator.py
[2025-01-22T00:38:35.189+0000] {processor.py:925} INFO - DAG(s) 'example_subdag_operator.section-1', 'example_subdag_operator.section-2', 'example_subdag_operator' retrieved from /home/airflow/.local/lib/python3.12/site-packages/airflow/example_dags/example_subdag_operator.py
[2025-01-22T00:38:35.202+0000] {logging_mixin.py:190} INFO - [2025-01-22T00:38:35.201+0000] {dag.py:3239} INFO - Sync 3 DAGs
[2025-01-22T00:38:35.222+0000] {logging_mixin.py:190} INFO - [2025-01-22T00:38:35.222+0000] {dag.py:4180} INFO - Setting next_dagrun for example_subdag_operator to 2022-01-01 00:00:00+00:00, run_after=2022-01-01 00:00:00+00:00
[2025-01-22T00:38:35.225+0000] {logging_mixin.py:190} INFO - [2025-01-22T00:38:35.225+0000] {dag.py:4180} INFO - Setting next_dagrun for example_subdag_operator.section-1 to None, run_after=None
[2025-01-22T00:38:35.227+0000] {logging_mixin.py:190} INFO - [2025-01-22T00:38:35.227+0000] {dag.py:4180} INFO - Setting next_dagrun for example_subdag_operator.section-2 to None, run_after=None
[2025-01-22T00:38:35.233+0000] {logging_mixin.py:190} INFO - [2025-01-22T00:38:35.233+0000] {dag.py:3239} INFO - Sync 2 DAGs
[2025-01-22T00:38:35.240+0000] {logging_mixin.py:190} INFO - [2025-01-22T00:38:35.239+0000] {dag.py:4180} INFO - Setting next_dagrun for example_subdag_operator.section-1 to None, run_after=None
[2025-01-22T00:38:35.240+0000] {logging_mixin.py:190} INFO - [2025-01-22T00:38:35.240+0000] {dag.py:4180} INFO - Setting next_dagrun for example_subdag_operator.section-2 to None, run_after=None
[2025-01-22T00:38:35.252+0000] {processor.py:208} INFO - Processing /home/airflow/.local/lib/python3.12/site-packages/airflow/example_dags/example_subdag_operator.py took 0.088 seconds
[2025-01-22T00:39:05.706+0000] {processor.py:186} INFO - Started process (PID=496) to work on /home/airflow/.local/lib/python3.12/site-packages/airflow/example_dags/example_subdag_operator.py
[2025-01-22T00:39:05.707+0000] {processor.py:914} INFO - Processing file /home/airflow/.local/lib/python3.12/site-packages/airflow/example_dags/example_subdag_operator.py for tasks to queue
[2025-01-22T00:39:05.708+0000] {logging_mixin.py:190} INFO - [2025-01-22T00:39:05.708+0000] {dagbag.py:588} INFO - Filling up the DagBag from /home/airflow/.local/lib/python3.12/site-packages/airflow/example_dags/example_subdag_operator.py
[2025-01-22T00:39:05.725+0000] {processor.py:925} INFO - DAG(s) 'example_subdag_operator.section-1', 'example_subdag_operator.section-2', 'example_subdag_operator' retrieved from /home/airflow/.local/lib/python3.12/site-packages/airflow/example_dags/example_subdag_operator.py
[2025-01-22T00:39:05.736+0000] {logging_mixin.py:190} INFO - [2025-01-22T00:39:05.736+0000] {dag.py:3239} INFO - Sync 3 DAGs
[2025-01-22T00:39:05.755+0000] {logging_mixin.py:190} INFO - [2025-01-22T00:39:05.755+0000] {dag.py:4180} INFO - Setting next_dagrun for example_subdag_operator to 2022-01-01 00:00:00+00:00, run_after=2022-01-01 00:00:00+00:00
[2025-01-22T00:39:05.758+0000] {logging_mixin.py:190} INFO - [2025-01-22T00:39:05.758+0000] {dag.py:4180} INFO - Setting next_dagrun for example_subdag_operator.section-1 to None, run_after=None
[2025-01-22T00:39:05.759+0000] {logging_mixin.py:190} INFO - [2025-01-22T00:39:05.759+0000] {dag.py:4180} INFO - Setting next_dagrun for example_subdag_operator.section-2 to None, run_after=None
[2025-01-22T00:39:05.765+0000] {logging_mixin.py:190} INFO - [2025-01-22T00:39:05.764+0000] {dag.py:3239} INFO - Sync 2 DAGs
[2025-01-22T00:39:05.769+0000] {logging_mixin.py:190} INFO - [2025-01-22T00:39:05.769+0000] {dag.py:4180} INFO - Setting next_dagrun for example_subdag_operator.section-1 to None, run_after=None
[2025-01-22T00:39:05.770+0000] {logging_mixin.py:190} INFO - [2025-01-22T00:39:05.770+0000] {dag.py:4180} INFO - Setting next_dagrun for example_subdag_operator.section-2 to None, run_after=None
[2025-01-22T00:39:05.778+0000] {processor.py:208} INFO - Processing /home/airflow/.local/lib/python3.12/site-packages/airflow/example_dags/example_subdag_operator.py took 0.075 seconds
[2025-01-22T00:39:36.523+0000] {processor.py:186} INFO - Started process (PID=560) to work on /home/airflow/.local/lib/python3.12/site-packages/airflow/example_dags/example_subdag_operator.py
[2025-01-22T00:39:36.524+0000] {processor.py:914} INFO - Processing file /home/airflow/.local/lib/python3.12/site-packages/airflow/example_dags/example_subdag_operator.py for tasks to queue
[2025-01-22T00:39:36.525+0000] {logging_mixin.py:190} INFO - [2025-01-22T00:39:36.525+0000] {dagbag.py:588} INFO - Filling up the DagBag from /home/airflow/.local/lib/python3.12/site-packages/airflow/example_dags/example_subdag_operator.py
[2025-01-22T00:39:36.544+0000] {processor.py:925} INFO - DAG(s) 'example_subdag_operator.section-1', 'example_subdag_operator.section-2', 'example_subdag_operator' retrieved from /home/airflow/.local/lib/python3.12/site-packages/airflow/example_dags/example_subdag_operator.py
[2025-01-22T00:39:36.552+0000] {logging_mixin.py:190} INFO - [2025-01-22T00:39:36.552+0000] {dag.py:3239} INFO - Sync 3 DAGs
[2025-01-22T00:39:36.571+0000] {logging_mixin.py:190} INFO - [2025-01-22T00:39:36.571+0000] {dag.py:4180} INFO - Setting next_dagrun for example_subdag_operator to 2022-01-01 00:00:00+00:00, run_after=2022-01-01 00:00:00+00:00
[2025-01-22T00:39:36.574+0000] {logging_mixin.py:190} INFO - [2025-01-22T00:39:36.574+0000] {dag.py:4180} INFO - Setting next_dagrun for example_subdag_operator.section-1 to None, run_after=None
[2025-01-22T00:39:36.576+0000] {logging_mixin.py:190} INFO - [2025-01-22T00:39:36.576+0000] {dag.py:4180} INFO - Setting next_dagrun for example_subdag_operator.section-2 to None, run_after=None
[2025-01-22T00:39:36.583+0000] {logging_mixin.py:190} INFO - [2025-01-22T00:39:36.583+0000] {dag.py:3239} INFO - Sync 2 DAGs
[2025-01-22T00:39:36.588+0000] {logging_mixin.py:190} INFO - [2025-01-22T00:39:36.588+0000] {dag.py:4180} INFO - Setting next_dagrun for example_subdag_operator.section-1 to None, run_after=None
[2025-01-22T00:39:36.588+0000] {logging_mixin.py:190} INFO - [2025-01-22T00:39:36.588+0000] {dag.py:4180} INFO - Setting next_dagrun for example_subdag_operator.section-2 to None, run_after=None
[2025-01-22T00:39:36.595+0000] {processor.py:208} INFO - Processing /home/airflow/.local/lib/python3.12/site-packages/airflow/example_dags/example_subdag_operator.py took 0.078 seconds
[2025-01-22T00:40:07.583+0000] {processor.py:186} INFO - Started process (PID=624) to work on /home/airflow/.local/lib/python3.12/site-packages/airflow/example_dags/example_subdag_operator.py
[2025-01-22T00:40:07.584+0000] {processor.py:914} INFO - Processing file /home/airflow/.local/lib/python3.12/site-packages/airflow/example_dags/example_subdag_operator.py for tasks to queue
[2025-01-22T00:40:07.585+0000] {logging_mixin.py:190} INFO - [2025-01-22T00:40:07.585+0000] {dagbag.py:588} INFO - Filling up the DagBag from /home/airflow/.local/lib/python3.12/site-packages/airflow/example_dags/example_subdag_operator.py
[2025-01-22T00:40:07.601+0000] {processor.py:925} INFO - DAG(s) 'example_subdag_operator.section-1', 'example_subdag_operator.section-2', 'example_subdag_operator' retrieved from /home/airflow/.local/lib/python3.12/site-packages/airflow/example_dags/example_subdag_operator.py
[2025-01-22T00:40:07.614+0000] {logging_mixin.py:190} INFO - [2025-01-22T00:40:07.614+0000] {dag.py:3239} INFO - Sync 3 DAGs
[2025-01-22T00:40:07.636+0000] {logging_mixin.py:190} INFO - [2025-01-22T00:40:07.636+0000] {dag.py:4180} INFO - Setting next_dagrun for example_subdag_operator to 2022-01-01 00:00:00+00:00, run_after=2022-01-01 00:00:00+00:00
[2025-01-22T00:40:07.641+0000] {logging_mixin.py:190} INFO - [2025-01-22T00:40:07.641+0000] {dag.py:4180} INFO - Setting next_dagrun for example_subdag_operator.section-1 to None, run_after=None
[2025-01-22T00:40:07.644+0000] {logging_mixin.py:190} INFO - [2025-01-22T00:40:07.643+0000] {dag.py:4180} INFO - Setting next_dagrun for example_subdag_operator.section-2 to None, run_after=None
[2025-01-22T00:40:07.653+0000] {logging_mixin.py:190} INFO - [2025-01-22T00:40:07.652+0000] {dag.py:3239} INFO - Sync 2 DAGs
[2025-01-22T00:40:07.661+0000] {logging_mixin.py:190} INFO - [2025-01-22T00:40:07.660+0000] {dag.py:4180} INFO - Setting next_dagrun for example_subdag_operator.section-1 to None, run_after=None
[2025-01-22T00:40:07.661+0000] {logging_mixin.py:190} INFO - [2025-01-22T00:40:07.661+0000] {dag.py:4180} INFO - Setting next_dagrun for example_subdag_operator.section-2 to None, run_after=None
[2025-01-22T00:40:07.674+0000] {processor.py:208} INFO - Processing /home/airflow/.local/lib/python3.12/site-packages/airflow/example_dags/example_subdag_operator.py took 0.094 seconds
