[2025-01-22T00:35:58.860+0000] {processor.py:186} INFO - Started process (PID=111) to work on /home/airflow/.local/lib/python3.12/site-packages/airflow/example_dags/example_xcomargs.py
[2025-01-22T00:35:58.860+0000] {processor.py:914} INFO - Processing file /home/airflow/.local/lib/python3.12/site-packages/airflow/example_dags/example_xcomargs.py for tasks to queue
[2025-01-22T00:35:58.862+0000] {logging_mixin.py:190} INFO - [2025-01-22T00:35:58.861+0000] {dagbag.py:588} INFO - Filling up the DagBag from /home/airflow/.local/lib/python3.12/site-packages/airflow/example_dags/example_xcomargs.py
[2025-01-22T00:35:58.870+0000] {processor.py:925} INFO - DAG(s) 'example_xcom_args', 'example_xcom_args_with_operators' retrieved from /home/airflow/.local/lib/python3.12/site-packages/airflow/example_dags/example_xcomargs.py
[2025-01-22T00:35:58.885+0000] {logging_mixin.py:190} INFO - [2025-01-22T00:35:58.885+0000] {dag.py:3239} INFO - Sync 2 DAGs
[2025-01-22T00:35:58.895+0000] {logging_mixin.py:190} INFO - [2025-01-22T00:35:58.895+0000] {dag.py:4180} INFO - Setting next_dagrun for example_xcom_args to None, run_after=None
[2025-01-22T00:35:58.897+0000] {logging_mixin.py:190} INFO - [2025-01-22T00:35:58.897+0000] {dag.py:4180} INFO - Setting next_dagrun for example_xcom_args_with_operators to None, run_after=None
[2025-01-22T00:35:58.908+0000] {processor.py:208} INFO - Processing /home/airflow/.local/lib/python3.12/site-packages/airflow/example_dags/example_xcomargs.py took 0.053 seconds
[2025-01-22T00:36:30.645+0000] {processor.py:186} INFO - Started process (PID=175) to work on /home/airflow/.local/lib/python3.12/site-packages/airflow/example_dags/example_xcomargs.py
[2025-01-22T00:36:30.646+0000] {processor.py:914} INFO - Processing file /home/airflow/.local/lib/python3.12/site-packages/airflow/example_dags/example_xcomargs.py for tasks to queue
[2025-01-22T00:36:30.648+0000] {logging_mixin.py:190} INFO - [2025-01-22T00:36:30.648+0000] {dagbag.py:588} INFO - Filling up the DagBag from /home/airflow/.local/lib/python3.12/site-packages/airflow/example_dags/example_xcomargs.py
[2025-01-22T00:36:30.657+0000] {processor.py:925} INFO - DAG(s) 'example_xcom_args', 'example_xcom_args_with_operators' retrieved from /home/airflow/.local/lib/python3.12/site-packages/airflow/example_dags/example_xcomargs.py
[2025-01-22T00:36:30.685+0000] {logging_mixin.py:190} INFO - [2025-01-22T00:36:30.684+0000] {dag.py:3239} INFO - Sync 2 DAGs
[2025-01-22T00:36:30.706+0000] {logging_mixin.py:190} INFO - [2025-01-22T00:36:30.706+0000] {dag.py:4180} INFO - Setting next_dagrun for example_xcom_args to None, run_after=None
[2025-01-22T00:36:30.713+0000] {logging_mixin.py:190} INFO - [2025-01-22T00:36:30.712+0000] {dag.py:4180} INFO - Setting next_dagrun for example_xcom_args_with_operators to None, run_after=None
[2025-01-22T00:36:30.728+0000] {processor.py:208} INFO - Processing /home/airflow/.local/lib/python3.12/site-packages/airflow/example_dags/example_xcomargs.py took 0.087 seconds
[2025-01-22T00:37:01.782+0000] {processor.py:186} INFO - Started process (PID=239) to work on /home/airflow/.local/lib/python3.12/site-packages/airflow/example_dags/example_xcomargs.py
[2025-01-22T00:37:01.783+0000] {processor.py:914} INFO - Processing file /home/airflow/.local/lib/python3.12/site-packages/airflow/example_dags/example_xcomargs.py for tasks to queue
[2025-01-22T00:37:01.785+0000] {logging_mixin.py:190} INFO - [2025-01-22T00:37:01.785+0000] {dagbag.py:588} INFO - Filling up the DagBag from /home/airflow/.local/lib/python3.12/site-packages/airflow/example_dags/example_xcomargs.py
[2025-01-22T00:37:01.795+0000] {processor.py:925} INFO - DAG(s) 'example_xcom_args', 'example_xcom_args_with_operators' retrieved from /home/airflow/.local/lib/python3.12/site-packages/airflow/example_dags/example_xcomargs.py
[2025-01-22T00:37:01.821+0000] {logging_mixin.py:190} INFO - [2025-01-22T00:37:01.821+0000] {dag.py:3239} INFO - Sync 2 DAGs
[2025-01-22T00:37:01.837+0000] {logging_mixin.py:190} INFO - [2025-01-22T00:37:01.837+0000] {dag.py:4180} INFO - Setting next_dagrun for example_xcom_args to None, run_after=None
[2025-01-22T00:37:01.842+0000] {logging_mixin.py:190} INFO - [2025-01-22T00:37:01.842+0000] {dag.py:4180} INFO - Setting next_dagrun for example_xcom_args_with_operators to None, run_after=None
[2025-01-22T00:37:01.865+0000] {processor.py:208} INFO - Processing /home/airflow/.local/lib/python3.12/site-packages/airflow/example_dags/example_xcomargs.py took 0.089 seconds
[2025-01-22T00:37:32.665+0000] {processor.py:186} INFO - Started process (PID=303) to work on /home/airflow/.local/lib/python3.12/site-packages/airflow/example_dags/example_xcomargs.py
[2025-01-22T00:37:32.666+0000] {processor.py:914} INFO - Processing file /home/airflow/.local/lib/python3.12/site-packages/airflow/example_dags/example_xcomargs.py for tasks to queue
[2025-01-22T00:37:32.669+0000] {logging_mixin.py:190} INFO - [2025-01-22T00:37:32.668+0000] {dagbag.py:588} INFO - Filling up the DagBag from /home/airflow/.local/lib/python3.12/site-packages/airflow/example_dags/example_xcomargs.py
[2025-01-22T00:37:32.681+0000] {processor.py:925} INFO - DAG(s) 'example_xcom_args', 'example_xcom_args_with_operators' retrieved from /home/airflow/.local/lib/python3.12/site-packages/airflow/example_dags/example_xcomargs.py
[2025-01-22T00:37:32.727+0000] {logging_mixin.py:190} INFO - [2025-01-22T00:37:32.726+0000] {dag.py:3239} INFO - Sync 2 DAGs
[2025-01-22T00:37:32.762+0000] {logging_mixin.py:190} INFO - [2025-01-22T00:37:32.762+0000] {dag.py:4180} INFO - Setting next_dagrun for example_xcom_args to None, run_after=None
[2025-01-22T00:37:32.771+0000] {logging_mixin.py:190} INFO - [2025-01-22T00:37:32.770+0000] {dag.py:4180} INFO - Setting next_dagrun for example_xcom_args_with_operators to None, run_after=None
[2025-01-22T00:37:32.812+0000] {processor.py:208} INFO - Processing /home/airflow/.local/lib/python3.12/site-packages/airflow/example_dags/example_xcomargs.py took 0.160 seconds
[2025-01-22T00:38:04.005+0000] {processor.py:186} INFO - Started process (PID=367) to work on /home/airflow/.local/lib/python3.12/site-packages/airflow/example_dags/example_xcomargs.py
[2025-01-22T00:38:04.006+0000] {processor.py:914} INFO - Processing file /home/airflow/.local/lib/python3.12/site-packages/airflow/example_dags/example_xcomargs.py for tasks to queue
[2025-01-22T00:38:04.007+0000] {logging_mixin.py:190} INFO - [2025-01-22T00:38:04.007+0000] {dagbag.py:588} INFO - Filling up the DagBag from /home/airflow/.local/lib/python3.12/site-packages/airflow/example_dags/example_xcomargs.py
[2025-01-22T00:38:04.013+0000] {processor.py:925} INFO - DAG(s) 'example_xcom_args', 'example_xcom_args_with_operators' retrieved from /home/airflow/.local/lib/python3.12/site-packages/airflow/example_dags/example_xcomargs.py
[2025-01-22T00:38:04.029+0000] {logging_mixin.py:190} INFO - [2025-01-22T00:38:04.029+0000] {dag.py:3239} INFO - Sync 2 DAGs
[2025-01-22T00:38:04.038+0000] {logging_mixin.py:190} INFO - [2025-01-22T00:38:04.038+0000] {dag.py:4180} INFO - Setting next_dagrun for example_xcom_args to None, run_after=None
[2025-01-22T00:38:04.040+0000] {logging_mixin.py:190} INFO - [2025-01-22T00:38:04.040+0000] {dag.py:4180} INFO - Setting next_dagrun for example_xcom_args_with_operators to None, run_after=None
[2025-01-22T00:38:04.053+0000] {processor.py:208} INFO - Processing /home/airflow/.local/lib/python3.12/site-packages/airflow/example_dags/example_xcomargs.py took 0.051 seconds
[2025-01-22T00:38:35.081+0000] {processor.py:186} INFO - Started process (PID=431) to work on /home/airflow/.local/lib/python3.12/site-packages/airflow/example_dags/example_xcomargs.py
[2025-01-22T00:38:35.082+0000] {processor.py:914} INFO - Processing file /home/airflow/.local/lib/python3.12/site-packages/airflow/example_dags/example_xcomargs.py for tasks to queue
[2025-01-22T00:38:35.084+0000] {logging_mixin.py:190} INFO - [2025-01-22T00:38:35.084+0000] {dagbag.py:588} INFO - Filling up the DagBag from /home/airflow/.local/lib/python3.12/site-packages/airflow/example_dags/example_xcomargs.py
[2025-01-22T00:38:35.094+0000] {processor.py:925} INFO - DAG(s) 'example_xcom_args_with_operators', 'example_xcom_args' retrieved from /home/airflow/.local/lib/python3.12/site-packages/airflow/example_dags/example_xcomargs.py
[2025-01-22T00:38:35.118+0000] {logging_mixin.py:190} INFO - [2025-01-22T00:38:35.117+0000] {dag.py:3239} INFO - Sync 2 DAGs
[2025-01-22T00:38:35.129+0000] {logging_mixin.py:190} INFO - [2025-01-22T00:38:35.129+0000] {dag.py:4180} INFO - Setting next_dagrun for example_xcom_args to None, run_after=None
[2025-01-22T00:38:35.133+0000] {logging_mixin.py:190} INFO - [2025-01-22T00:38:35.132+0000] {dag.py:4180} INFO - Setting next_dagrun for example_xcom_args_with_operators to None, run_after=None
[2025-01-22T00:38:35.147+0000] {processor.py:208} INFO - Processing /home/airflow/.local/lib/python3.12/site-packages/airflow/example_dags/example_xcomargs.py took 0.071 seconds
[2025-01-22T00:39:05.655+0000] {processor.py:186} INFO - Started process (PID=495) to work on /home/airflow/.local/lib/python3.12/site-packages/airflow/example_dags/example_xcomargs.py
[2025-01-22T00:39:05.656+0000] {processor.py:914} INFO - Processing file /home/airflow/.local/lib/python3.12/site-packages/airflow/example_dags/example_xcomargs.py for tasks to queue
[2025-01-22T00:39:05.657+0000] {logging_mixin.py:190} INFO - [2025-01-22T00:39:05.657+0000] {dagbag.py:588} INFO - Filling up the DagBag from /home/airflow/.local/lib/python3.12/site-packages/airflow/example_dags/example_xcomargs.py
[2025-01-22T00:39:05.662+0000] {processor.py:925} INFO - DAG(s) 'example_xcom_args', 'example_xcom_args_with_operators' retrieved from /home/airflow/.local/lib/python3.12/site-packages/airflow/example_dags/example_xcomargs.py
[2025-01-22T00:39:05.676+0000] {logging_mixin.py:190} INFO - [2025-01-22T00:39:05.676+0000] {dag.py:3239} INFO - Sync 2 DAGs
[2025-01-22T00:39:05.685+0000] {logging_mixin.py:190} INFO - [2025-01-22T00:39:05.685+0000] {dag.py:4180} INFO - Setting next_dagrun for example_xcom_args to None, run_after=None
[2025-01-22T00:39:05.687+0000] {logging_mixin.py:190} INFO - [2025-01-22T00:39:05.687+0000] {dag.py:4180} INFO - Setting next_dagrun for example_xcom_args_with_operators to None, run_after=None
[2025-01-22T00:39:05.698+0000] {processor.py:208} INFO - Processing /home/airflow/.local/lib/python3.12/site-packages/airflow/example_dags/example_xcomargs.py took 0.047 seconds
[2025-01-22T00:39:36.486+0000] {processor.py:186} INFO - Started process (PID=559) to work on /home/airflow/.local/lib/python3.12/site-packages/airflow/example_dags/example_xcomargs.py
[2025-01-22T00:39:36.488+0000] {processor.py:914} INFO - Processing file /home/airflow/.local/lib/python3.12/site-packages/airflow/example_dags/example_xcomargs.py for tasks to queue
[2025-01-22T00:39:36.490+0000] {logging_mixin.py:190} INFO - [2025-01-22T00:39:36.490+0000] {dagbag.py:588} INFO - Filling up the DagBag from /home/airflow/.local/lib/python3.12/site-packages/airflow/example_dags/example_xcomargs.py
[2025-01-22T00:39:36.502+0000] {processor.py:925} INFO - DAG(s) 'example_xcom_args_with_operators', 'example_xcom_args' retrieved from /home/airflow/.local/lib/python3.12/site-packages/airflow/example_dags/example_xcomargs.py
[2025-01-22T00:39:36.523+0000] {logging_mixin.py:190} INFO - [2025-01-22T00:39:36.523+0000] {dag.py:3239} INFO - Sync 2 DAGs
[2025-01-22T00:39:36.533+0000] {logging_mixin.py:190} INFO - [2025-01-22T00:39:36.532+0000] {dag.py:4180} INFO - Setting next_dagrun for example_xcom_args to None, run_after=None
[2025-01-22T00:39:36.536+0000] {logging_mixin.py:190} INFO - [2025-01-22T00:39:36.536+0000] {dag.py:4180} INFO - Setting next_dagrun for example_xcom_args_with_operators to None, run_after=None
[2025-01-22T00:39:36.547+0000] {processor.py:208} INFO - Processing /home/airflow/.local/lib/python3.12/site-packages/airflow/example_dags/example_xcomargs.py took 0.069 seconds
[2025-01-22T00:40:07.516+0000] {processor.py:186} INFO - Started process (PID=623) to work on /home/airflow/.local/lib/python3.12/site-packages/airflow/example_dags/example_xcomargs.py
[2025-01-22T00:40:07.517+0000] {processor.py:914} INFO - Processing file /home/airflow/.local/lib/python3.12/site-packages/airflow/example_dags/example_xcomargs.py for tasks to queue
[2025-01-22T00:40:07.519+0000] {logging_mixin.py:190} INFO - [2025-01-22T00:40:07.518+0000] {dagbag.py:588} INFO - Filling up the DagBag from /home/airflow/.local/lib/python3.12/site-packages/airflow/example_dags/example_xcomargs.py
[2025-01-22T00:40:07.525+0000] {processor.py:925} INFO - DAG(s) 'example_xcom_args', 'example_xcom_args_with_operators' retrieved from /home/airflow/.local/lib/python3.12/site-packages/airflow/example_dags/example_xcomargs.py
[2025-01-22T00:40:07.540+0000] {logging_mixin.py:190} INFO - [2025-01-22T00:40:07.539+0000] {dag.py:3239} INFO - Sync 2 DAGs
[2025-01-22T00:40:07.549+0000] {logging_mixin.py:190} INFO - [2025-01-22T00:40:07.549+0000] {dag.py:4180} INFO - Setting next_dagrun for example_xcom_args to None, run_after=None
[2025-01-22T00:40:07.553+0000] {logging_mixin.py:190} INFO - [2025-01-22T00:40:07.552+0000] {dag.py:4180} INFO - Setting next_dagrun for example_xcom_args_with_operators to None, run_after=None
[2025-01-22T00:40:07.566+0000] {processor.py:208} INFO - Processing /home/airflow/.local/lib/python3.12/site-packages/airflow/example_dags/example_xcomargs.py took 0.053 seconds
