[2025-01-22T00:35:56.289+0000] {processor.py:186} INFO - Started process (PID=78) to work on /home/airflow/.local/lib/python3.12/site-packages/airflow/example_dags/example_inlet_event_extra.py
[2025-01-22T00:35:56.290+0000] {processor.py:914} INFO - Processing file /home/airflow/.local/lib/python3.12/site-packages/airflow/example_dags/example_inlet_event_extra.py for tasks to queue
[2025-01-22T00:35:56.294+0000] {logging_mixin.py:190} INFO - [2025-01-22T00:35:56.294+0000] {dagbag.py:588} INFO - Filling up the DagBag from /home/airflow/.local/lib/python3.12/site-packages/airflow/example_dags/example_inlet_event_extra.py
[2025-01-22T00:35:56.865+0000] {processor.py:925} INFO - DAG(s) 'read_dataset_event_from_classic', 'read_dataset_event' retrieved from /home/airflow/.local/lib/python3.12/site-packages/airflow/example_dags/example_inlet_event_extra.py
[2025-01-22T00:35:56.885+0000] {logging_mixin.py:190} INFO - [2025-01-22T00:35:56.885+0000] {dag.py:3239} INFO - Sync 2 DAGs
[2025-01-22T00:35:56.906+0000] {logging_mixin.py:190} INFO - [2025-01-22T00:35:56.906+0000] {dag.py:4180} INFO - Setting next_dagrun for read_dataset_event to 2025-01-21 00:00:00+00:00, run_after=2025-01-22 00:00:00+00:00
[2025-01-22T00:35:56.911+0000] {logging_mixin.py:190} INFO - [2025-01-22T00:35:56.911+0000] {dag.py:4180} INFO - Setting next_dagrun for read_dataset_event_from_classic to 2025-01-21 00:00:00+00:00, run_after=2025-01-22 00:00:00+00:00
[2025-01-22T00:35:56.925+0000] {processor.py:208} INFO - Processing /home/airflow/.local/lib/python3.12/site-packages/airflow/example_dags/example_inlet_event_extra.py took 0.640 seconds
[2025-01-22T00:36:27.687+0000] {processor.py:186} INFO - Started process (PID=142) to work on /home/airflow/.local/lib/python3.12/site-packages/airflow/example_dags/example_inlet_event_extra.py
[2025-01-22T00:36:27.693+0000] {processor.py:914} INFO - Processing file /home/airflow/.local/lib/python3.12/site-packages/airflow/example_dags/example_inlet_event_extra.py for tasks to queue
[2025-01-22T00:36:27.695+0000] {logging_mixin.py:190} INFO - [2025-01-22T00:36:27.694+0000] {dagbag.py:588} INFO - Filling up the DagBag from /home/airflow/.local/lib/python3.12/site-packages/airflow/example_dags/example_inlet_event_extra.py
[2025-01-22T00:36:28.218+0000] {processor.py:925} INFO - DAG(s) 'read_dataset_event', 'read_dataset_event_from_classic' retrieved from /home/airflow/.local/lib/python3.12/site-packages/airflow/example_dags/example_inlet_event_extra.py
[2025-01-22T00:36:28.239+0000] {logging_mixin.py:190} INFO - [2025-01-22T00:36:28.239+0000] {dag.py:3239} INFO - Sync 2 DAGs
[2025-01-22T00:36:28.262+0000] {logging_mixin.py:190} INFO - [2025-01-22T00:36:28.262+0000] {dag.py:4180} INFO - Setting next_dagrun for read_dataset_event to 2025-01-21 00:00:00+00:00, run_after=2025-01-22 00:00:00+00:00
[2025-01-22T00:36:28.267+0000] {logging_mixin.py:190} INFO - [2025-01-22T00:36:28.267+0000] {dag.py:4180} INFO - Setting next_dagrun for read_dataset_event_from_classic to 2025-01-21 00:00:00+00:00, run_after=2025-01-22 00:00:00+00:00
[2025-01-22T00:36:28.282+0000] {processor.py:208} INFO - Processing /home/airflow/.local/lib/python3.12/site-packages/airflow/example_dags/example_inlet_event_extra.py took 0.600 seconds
[2025-01-22T00:36:58.840+0000] {processor.py:186} INFO - Started process (PID=206) to work on /home/airflow/.local/lib/python3.12/site-packages/airflow/example_dags/example_inlet_event_extra.py
[2025-01-22T00:36:58.842+0000] {processor.py:914} INFO - Processing file /home/airflow/.local/lib/python3.12/site-packages/airflow/example_dags/example_inlet_event_extra.py for tasks to queue
[2025-01-22T00:36:58.850+0000] {logging_mixin.py:190} INFO - [2025-01-22T00:36:58.849+0000] {dagbag.py:588} INFO - Filling up the DagBag from /home/airflow/.local/lib/python3.12/site-packages/airflow/example_dags/example_inlet_event_extra.py
[2025-01-22T00:36:59.297+0000] {processor.py:925} INFO - DAG(s) 'read_dataset_event', 'read_dataset_event_from_classic' retrieved from /home/airflow/.local/lib/python3.12/site-packages/airflow/example_dags/example_inlet_event_extra.py
[2025-01-22T00:36:59.314+0000] {logging_mixin.py:190} INFO - [2025-01-22T00:36:59.314+0000] {dag.py:3239} INFO - Sync 2 DAGs
[2025-01-22T00:36:59.334+0000] {logging_mixin.py:190} INFO - [2025-01-22T00:36:59.333+0000] {dag.py:4180} INFO - Setting next_dagrun for read_dataset_event to 2025-01-21 00:00:00+00:00, run_after=2025-01-22 00:00:00+00:00
[2025-01-22T00:36:59.340+0000] {logging_mixin.py:190} INFO - [2025-01-22T00:36:59.340+0000] {dag.py:4180} INFO - Setting next_dagrun for read_dataset_event_from_classic to 2025-01-21 00:00:00+00:00, run_after=2025-01-22 00:00:00+00:00
[2025-01-22T00:36:59.359+0000] {processor.py:208} INFO - Processing /home/airflow/.local/lib/python3.12/site-packages/airflow/example_dags/example_inlet_event_extra.py took 0.534 seconds
[2025-01-22T00:37:29.730+0000] {processor.py:186} INFO - Started process (PID=270) to work on /home/airflow/.local/lib/python3.12/site-packages/airflow/example_dags/example_inlet_event_extra.py
[2025-01-22T00:37:29.731+0000] {processor.py:914} INFO - Processing file /home/airflow/.local/lib/python3.12/site-packages/airflow/example_dags/example_inlet_event_extra.py for tasks to queue
[2025-01-22T00:37:29.734+0000] {logging_mixin.py:190} INFO - [2025-01-22T00:37:29.733+0000] {dagbag.py:588} INFO - Filling up the DagBag from /home/airflow/.local/lib/python3.12/site-packages/airflow/example_dags/example_inlet_event_extra.py
[2025-01-22T00:37:30.353+0000] {processor.py:925} INFO - DAG(s) 'read_dataset_event', 'read_dataset_event_from_classic' retrieved from /home/airflow/.local/lib/python3.12/site-packages/airflow/example_dags/example_inlet_event_extra.py
[2025-01-22T00:37:30.376+0000] {logging_mixin.py:190} INFO - [2025-01-22T00:37:30.376+0000] {dag.py:3239} INFO - Sync 2 DAGs
[2025-01-22T00:37:30.405+0000] {logging_mixin.py:190} INFO - [2025-01-22T00:37:30.405+0000] {dag.py:4180} INFO - Setting next_dagrun for read_dataset_event to 2025-01-21 00:00:00+00:00, run_after=2025-01-22 00:00:00+00:00
[2025-01-22T00:37:30.411+0000] {logging_mixin.py:190} INFO - [2025-01-22T00:37:30.411+0000] {dag.py:4180} INFO - Setting next_dagrun for read_dataset_event_from_classic to 2025-01-21 00:00:00+00:00, run_after=2025-01-22 00:00:00+00:00
[2025-01-22T00:37:30.433+0000] {processor.py:208} INFO - Processing /home/airflow/.local/lib/python3.12/site-packages/airflow/example_dags/example_inlet_event_extra.py took 0.709 seconds
[2025-01-22T00:38:01.243+0000] {processor.py:186} INFO - Started process (PID=334) to work on /home/airflow/.local/lib/python3.12/site-packages/airflow/example_dags/example_inlet_event_extra.py
[2025-01-22T00:38:01.244+0000] {processor.py:914} INFO - Processing file /home/airflow/.local/lib/python3.12/site-packages/airflow/example_dags/example_inlet_event_extra.py for tasks to queue
[2025-01-22T00:38:01.247+0000] {logging_mixin.py:190} INFO - [2025-01-22T00:38:01.247+0000] {dagbag.py:588} INFO - Filling up the DagBag from /home/airflow/.local/lib/python3.12/site-packages/airflow/example_dags/example_inlet_event_extra.py
[2025-01-22T00:38:01.814+0000] {processor.py:925} INFO - DAG(s) 'read_dataset_event', 'read_dataset_event_from_classic' retrieved from /home/airflow/.local/lib/python3.12/site-packages/airflow/example_dags/example_inlet_event_extra.py
[2025-01-22T00:38:01.832+0000] {logging_mixin.py:190} INFO - [2025-01-22T00:38:01.832+0000] {dag.py:3239} INFO - Sync 2 DAGs
[2025-01-22T00:38:01.857+0000] {logging_mixin.py:190} INFO - [2025-01-22T00:38:01.856+0000] {dag.py:4180} INFO - Setting next_dagrun for read_dataset_event to 2025-01-21 00:00:00+00:00, run_after=2025-01-22 00:00:00+00:00
[2025-01-22T00:38:01.863+0000] {logging_mixin.py:190} INFO - [2025-01-22T00:38:01.862+0000] {dag.py:4180} INFO - Setting next_dagrun for read_dataset_event_from_classic to 2025-01-21 00:00:00+00:00, run_after=2025-01-22 00:00:00+00:00
[2025-01-22T00:38:01.879+0000] {processor.py:208} INFO - Processing /home/airflow/.local/lib/python3.12/site-packages/airflow/example_dags/example_inlet_event_extra.py took 0.642 seconds
[2025-01-22T00:38:32.852+0000] {processor.py:186} INFO - Started process (PID=398) to work on /home/airflow/.local/lib/python3.12/site-packages/airflow/example_dags/example_inlet_event_extra.py
[2025-01-22T00:38:32.853+0000] {processor.py:914} INFO - Processing file /home/airflow/.local/lib/python3.12/site-packages/airflow/example_dags/example_inlet_event_extra.py for tasks to queue
[2025-01-22T00:38:32.856+0000] {logging_mixin.py:190} INFO - [2025-01-22T00:38:32.856+0000] {dagbag.py:588} INFO - Filling up the DagBag from /home/airflow/.local/lib/python3.12/site-packages/airflow/example_dags/example_inlet_event_extra.py
[2025-01-22T00:38:33.193+0000] {processor.py:925} INFO - DAG(s) 'read_dataset_event', 'read_dataset_event_from_classic' retrieved from /home/airflow/.local/lib/python3.12/site-packages/airflow/example_dags/example_inlet_event_extra.py
[2025-01-22T00:38:33.208+0000] {logging_mixin.py:190} INFO - [2025-01-22T00:38:33.207+0000] {dag.py:3239} INFO - Sync 2 DAGs
[2025-01-22T00:38:33.228+0000] {logging_mixin.py:190} INFO - [2025-01-22T00:38:33.228+0000] {dag.py:4180} INFO - Setting next_dagrun for read_dataset_event to 2025-01-21 00:00:00+00:00, run_after=2025-01-22 00:00:00+00:00
[2025-01-22T00:38:33.233+0000] {logging_mixin.py:190} INFO - [2025-01-22T00:38:33.233+0000] {dag.py:4180} INFO - Setting next_dagrun for read_dataset_event_from_classic to 2025-01-21 00:00:00+00:00, run_after=2025-01-22 00:00:00+00:00
[2025-01-22T00:38:33.255+0000] {processor.py:208} INFO - Processing /home/airflow/.local/lib/python3.12/site-packages/airflow/example_dags/example_inlet_event_extra.py took 0.411 seconds
[2025-01-22T00:39:03.616+0000] {processor.py:186} INFO - Started process (PID=462) to work on /home/airflow/.local/lib/python3.12/site-packages/airflow/example_dags/example_inlet_event_extra.py
[2025-01-22T00:39:03.617+0000] {processor.py:914} INFO - Processing file /home/airflow/.local/lib/python3.12/site-packages/airflow/example_dags/example_inlet_event_extra.py for tasks to queue
[2025-01-22T00:39:03.619+0000] {logging_mixin.py:190} INFO - [2025-01-22T00:39:03.619+0000] {dagbag.py:588} INFO - Filling up the DagBag from /home/airflow/.local/lib/python3.12/site-packages/airflow/example_dags/example_inlet_event_extra.py
[2025-01-22T00:39:03.971+0000] {processor.py:925} INFO - DAG(s) 'read_dataset_event', 'read_dataset_event_from_classic' retrieved from /home/airflow/.local/lib/python3.12/site-packages/airflow/example_dags/example_inlet_event_extra.py
[2025-01-22T00:39:03.987+0000] {logging_mixin.py:190} INFO - [2025-01-22T00:39:03.987+0000] {dag.py:3239} INFO - Sync 2 DAGs
[2025-01-22T00:39:04.002+0000] {logging_mixin.py:190} INFO - [2025-01-22T00:39:04.002+0000] {dag.py:4180} INFO - Setting next_dagrun for read_dataset_event to 2025-01-21 00:00:00+00:00, run_after=2025-01-22 00:00:00+00:00
[2025-01-22T00:39:04.005+0000] {logging_mixin.py:190} INFO - [2025-01-22T00:39:04.005+0000] {dag.py:4180} INFO - Setting next_dagrun for read_dataset_event_from_classic to 2025-01-21 00:00:00+00:00, run_after=2025-01-22 00:00:00+00:00
[2025-01-22T00:39:04.017+0000] {processor.py:208} INFO - Processing /home/airflow/.local/lib/python3.12/site-packages/airflow/example_dags/example_inlet_event_extra.py took 0.409 seconds
[2025-01-22T00:39:34.058+0000] {processor.py:186} INFO - Started process (PID=525) to work on /home/airflow/.local/lib/python3.12/site-packages/airflow/example_dags/example_inlet_event_extra.py
[2025-01-22T00:39:34.061+0000] {processor.py:914} INFO - Processing file /home/airflow/.local/lib/python3.12/site-packages/airflow/example_dags/example_inlet_event_extra.py for tasks to queue
[2025-01-22T00:39:34.064+0000] {logging_mixin.py:190} INFO - [2025-01-22T00:39:34.064+0000] {dagbag.py:588} INFO - Filling up the DagBag from /home/airflow/.local/lib/python3.12/site-packages/airflow/example_dags/example_inlet_event_extra.py
[2025-01-22T00:39:34.442+0000] {processor.py:925} INFO - DAG(s) 'read_dataset_event_from_classic', 'read_dataset_event' retrieved from /home/airflow/.local/lib/python3.12/site-packages/airflow/example_dags/example_inlet_event_extra.py
[2025-01-22T00:39:34.458+0000] {logging_mixin.py:190} INFO - [2025-01-22T00:39:34.458+0000] {dag.py:3239} INFO - Sync 2 DAGs
[2025-01-22T00:39:34.478+0000] {logging_mixin.py:190} INFO - [2025-01-22T00:39:34.478+0000] {dag.py:4180} INFO - Setting next_dagrun for read_dataset_event to 2025-01-21 00:00:00+00:00, run_after=2025-01-22 00:00:00+00:00
[2025-01-22T00:39:34.481+0000] {logging_mixin.py:190} INFO - [2025-01-22T00:39:34.481+0000] {dag.py:4180} INFO - Setting next_dagrun for read_dataset_event_from_classic to 2025-01-21 00:00:00+00:00, run_after=2025-01-22 00:00:00+00:00
[2025-01-22T00:39:34.493+0000] {processor.py:208} INFO - Processing /home/airflow/.local/lib/python3.12/site-packages/airflow/example_dags/example_inlet_event_extra.py took 0.448 seconds
[2025-01-22T00:40:05.240+0000] {processor.py:186} INFO - Started process (PID=590) to work on /home/airflow/.local/lib/python3.12/site-packages/airflow/example_dags/example_inlet_event_extra.py
[2025-01-22T00:40:05.241+0000] {processor.py:914} INFO - Processing file /home/airflow/.local/lib/python3.12/site-packages/airflow/example_dags/example_inlet_event_extra.py for tasks to queue
[2025-01-22T00:40:05.244+0000] {logging_mixin.py:190} INFO - [2025-01-22T00:40:05.243+0000] {dagbag.py:588} INFO - Filling up the DagBag from /home/airflow/.local/lib/python3.12/site-packages/airflow/example_dags/example_inlet_event_extra.py
[2025-01-22T00:40:05.596+0000] {processor.py:925} INFO - DAG(s) 'read_dataset_event', 'read_dataset_event_from_classic' retrieved from /home/airflow/.local/lib/python3.12/site-packages/airflow/example_dags/example_inlet_event_extra.py
[2025-01-22T00:40:05.608+0000] {logging_mixin.py:190} INFO - [2025-01-22T00:40:05.608+0000] {dag.py:3239} INFO - Sync 2 DAGs
[2025-01-22T00:40:05.625+0000] {logging_mixin.py:190} INFO - [2025-01-22T00:40:05.625+0000] {dag.py:4180} INFO - Setting next_dagrun for read_dataset_event to 2025-01-21 00:00:00+00:00, run_after=2025-01-22 00:00:00+00:00
[2025-01-22T00:40:05.628+0000] {logging_mixin.py:190} INFO - [2025-01-22T00:40:05.628+0000] {dag.py:4180} INFO - Setting next_dagrun for read_dataset_event_from_classic to 2025-01-21 00:00:00+00:00, run_after=2025-01-22 00:00:00+00:00
[2025-01-22T00:40:05.642+0000] {processor.py:208} INFO - Processing /home/airflow/.local/lib/python3.12/site-packages/airflow/example_dags/example_inlet_event_extra.py took 0.408 seconds
