[2025-01-22T00:35:55.163+0000] {processor.py:186} INFO - Started process (PID=60) to work on /home/airflow/.local/lib/python3.12/site-packages/airflow/example_dags/tutorial.py
[2025-01-22T00:35:55.163+0000] {processor.py:914} INFO - Processing file /home/airflow/.local/lib/python3.12/site-packages/airflow/example_dags/tutorial.py for tasks to queue
[2025-01-22T00:35:55.165+0000] {logging_mixin.py:190} INFO - [2025-01-22T00:35:55.165+0000] {dagbag.py:588} INFO - Filling up the DagBag from /home/airflow/.local/lib/python3.12/site-packages/airflow/example_dags/tutorial.py
[2025-01-22T00:35:55.175+0000] {processor.py:925} INFO - DAG(s) 'tutorial' retrieved from /home/airflow/.local/lib/python3.12/site-packages/airflow/example_dags/tutorial.py
[2025-01-22T00:35:55.200+0000] {logging_mixin.py:190} INFO - [2025-01-22T00:35:55.199+0000] {dag.py:3239} INFO - Sync 1 DAGs
[2025-01-22T00:35:55.220+0000] {logging_mixin.py:190} INFO - [2025-01-22T00:35:55.220+0000] {dag.py:4180} INFO - Setting next_dagrun for tutorial to 2025-01-21 00:00:00+00:00, run_after=2025-01-22 00:00:00+00:00
[2025-01-22T00:35:55.235+0000] {processor.py:208} INFO - Processing /home/airflow/.local/lib/python3.12/site-packages/airflow/example_dags/tutorial.py took 0.077 seconds
[2025-01-22T00:36:25.817+0000] {processor.py:186} INFO - Started process (PID=124) to work on /home/airflow/.local/lib/python3.12/site-packages/airflow/example_dags/tutorial.py
[2025-01-22T00:36:25.832+0000] {processor.py:914} INFO - Processing file /home/airflow/.local/lib/python3.12/site-packages/airflow/example_dags/tutorial.py for tasks to queue
[2025-01-22T00:36:25.833+0000] {logging_mixin.py:190} INFO - [2025-01-22T00:36:25.833+0000] {dagbag.py:588} INFO - Filling up the DagBag from /home/airflow/.local/lib/python3.12/site-packages/airflow/example_dags/tutorial.py
[2025-01-22T00:36:25.839+0000] {processor.py:925} INFO - DAG(s) 'tutorial' retrieved from /home/airflow/.local/lib/python3.12/site-packages/airflow/example_dags/tutorial.py
[2025-01-22T00:36:25.857+0000] {logging_mixin.py:190} INFO - [2025-01-22T00:36:25.856+0000] {dag.py:3239} INFO - Sync 1 DAGs
[2025-01-22T00:36:25.882+0000] {logging_mixin.py:190} INFO - [2025-01-22T00:36:25.882+0000] {dag.py:4180} INFO - Setting next_dagrun for tutorial to 2025-01-21 00:00:00+00:00, run_after=2025-01-22 00:00:00+00:00
[2025-01-22T00:36:25.908+0000] {processor.py:208} INFO - Processing /home/airflow/.local/lib/python3.12/site-packages/airflow/example_dags/tutorial.py took 0.094 seconds
[2025-01-22T00:36:56.081+0000] {processor.py:186} INFO - Started process (PID=188) to work on /home/airflow/.local/lib/python3.12/site-packages/airflow/example_dags/tutorial.py
[2025-01-22T00:36:56.082+0000] {processor.py:914} INFO - Processing file /home/airflow/.local/lib/python3.12/site-packages/airflow/example_dags/tutorial.py for tasks to queue
[2025-01-22T00:36:56.086+0000] {logging_mixin.py:190} INFO - [2025-01-22T00:36:56.085+0000] {dagbag.py:588} INFO - Filling up the DagBag from /home/airflow/.local/lib/python3.12/site-packages/airflow/example_dags/tutorial.py
[2025-01-22T00:36:56.094+0000] {processor.py:925} INFO - DAG(s) 'tutorial' retrieved from /home/airflow/.local/lib/python3.12/site-packages/airflow/example_dags/tutorial.py
[2025-01-22T00:36:56.114+0000] {logging_mixin.py:190} INFO - [2025-01-22T00:36:56.114+0000] {dag.py:3239} INFO - Sync 1 DAGs
[2025-01-22T00:36:56.141+0000] {logging_mixin.py:190} INFO - [2025-01-22T00:36:56.141+0000] {dag.py:4180} INFO - Setting next_dagrun for tutorial to 2025-01-21 00:00:00+00:00, run_after=2025-01-22 00:00:00+00:00
[2025-01-22T00:36:56.162+0000] {processor.py:208} INFO - Processing /home/airflow/.local/lib/python3.12/site-packages/airflow/example_dags/tutorial.py took 0.086 seconds
[2025-01-22T00:37:27.114+0000] {processor.py:186} INFO - Started process (PID=258) to work on /home/airflow/.local/lib/python3.12/site-packages/airflow/example_dags/tutorial.py
[2025-01-22T00:37:27.115+0000] {processor.py:914} INFO - Processing file /home/airflow/.local/lib/python3.12/site-packages/airflow/example_dags/tutorial.py for tasks to queue
[2025-01-22T00:37:27.117+0000] {logging_mixin.py:190} INFO - [2025-01-22T00:37:27.117+0000] {dagbag.py:588} INFO - Filling up the DagBag from /home/airflow/.local/lib/python3.12/site-packages/airflow/example_dags/tutorial.py
[2025-01-22T00:37:27.128+0000] {processor.py:925} INFO - DAG(s) 'tutorial' retrieved from /home/airflow/.local/lib/python3.12/site-packages/airflow/example_dags/tutorial.py
[2025-01-22T00:37:27.170+0000] {logging_mixin.py:190} INFO - [2025-01-22T00:37:27.169+0000] {dag.py:3239} INFO - Sync 1 DAGs
[2025-01-22T00:37:27.228+0000] {logging_mixin.py:190} INFO - [2025-01-22T00:37:27.228+0000] {dag.py:4180} INFO - Setting next_dagrun for tutorial to 2025-01-21 00:00:00+00:00, run_after=2025-01-22 00:00:00+00:00
[2025-01-22T00:37:27.246+0000] {processor.py:208} INFO - Processing /home/airflow/.local/lib/python3.12/site-packages/airflow/example_dags/tutorial.py took 0.137 seconds
[2025-01-22T00:37:57.587+0000] {processor.py:186} INFO - Started process (PID=322) to work on /home/airflow/.local/lib/python3.12/site-packages/airflow/example_dags/tutorial.py
[2025-01-22T00:37:57.587+0000] {processor.py:914} INFO - Processing file /home/airflow/.local/lib/python3.12/site-packages/airflow/example_dags/tutorial.py for tasks to queue
[2025-01-22T00:37:57.589+0000] {logging_mixin.py:190} INFO - [2025-01-22T00:37:57.589+0000] {dagbag.py:588} INFO - Filling up the DagBag from /home/airflow/.local/lib/python3.12/site-packages/airflow/example_dags/tutorial.py
[2025-01-22T00:37:57.594+0000] {processor.py:925} INFO - DAG(s) 'tutorial' retrieved from /home/airflow/.local/lib/python3.12/site-packages/airflow/example_dags/tutorial.py
[2025-01-22T00:37:57.608+0000] {logging_mixin.py:190} INFO - [2025-01-22T00:37:57.608+0000] {dag.py:3239} INFO - Sync 1 DAGs
[2025-01-22T00:37:57.625+0000] {logging_mixin.py:190} INFO - [2025-01-22T00:37:57.625+0000] {dag.py:4180} INFO - Setting next_dagrun for tutorial to 2025-01-21 00:00:00+00:00, run_after=2025-01-22 00:00:00+00:00
[2025-01-22T00:37:57.637+0000] {processor.py:208} INFO - Processing /home/airflow/.local/lib/python3.12/site-packages/airflow/example_dags/tutorial.py took 0.054 seconds
[2025-01-22T00:38:27.980+0000] {processor.py:186} INFO - Started process (PID=386) to work on /home/airflow/.local/lib/python3.12/site-packages/airflow/example_dags/tutorial.py
[2025-01-22T00:38:27.982+0000] {processor.py:914} INFO - Processing file /home/airflow/.local/lib/python3.12/site-packages/airflow/example_dags/tutorial.py for tasks to queue
[2025-01-22T00:38:27.986+0000] {logging_mixin.py:190} INFO - [2025-01-22T00:38:27.985+0000] {dagbag.py:588} INFO - Filling up the DagBag from /home/airflow/.local/lib/python3.12/site-packages/airflow/example_dags/tutorial.py
[2025-01-22T00:38:27.995+0000] {processor.py:925} INFO - DAG(s) 'tutorial' retrieved from /home/airflow/.local/lib/python3.12/site-packages/airflow/example_dags/tutorial.py
[2025-01-22T00:38:28.028+0000] {logging_mixin.py:190} INFO - [2025-01-22T00:38:28.028+0000] {dag.py:3239} INFO - Sync 1 DAGs
[2025-01-22T00:38:28.069+0000] {logging_mixin.py:190} INFO - [2025-01-22T00:38:28.068+0000] {dag.py:4180} INFO - Setting next_dagrun for tutorial to 2025-01-21 00:00:00+00:00, run_after=2025-01-22 00:00:00+00:00
[2025-01-22T00:38:28.090+0000] {processor.py:208} INFO - Processing /home/airflow/.local/lib/python3.12/site-packages/airflow/example_dags/tutorial.py took 0.122 seconds
[2025-01-22T00:38:58.128+0000] {processor.py:186} INFO - Started process (PID=450) to work on /home/airflow/.local/lib/python3.12/site-packages/airflow/example_dags/tutorial.py
[2025-01-22T00:38:58.129+0000] {processor.py:914} INFO - Processing file /home/airflow/.local/lib/python3.12/site-packages/airflow/example_dags/tutorial.py for tasks to queue
[2025-01-22T00:38:58.132+0000] {logging_mixin.py:190} INFO - [2025-01-22T00:38:58.131+0000] {dagbag.py:588} INFO - Filling up the DagBag from /home/airflow/.local/lib/python3.12/site-packages/airflow/example_dags/tutorial.py
[2025-01-22T00:38:58.139+0000] {processor.py:925} INFO - DAG(s) 'tutorial' retrieved from /home/airflow/.local/lib/python3.12/site-packages/airflow/example_dags/tutorial.py
[2025-01-22T00:38:58.154+0000] {logging_mixin.py:190} INFO - [2025-01-22T00:38:58.153+0000] {dag.py:3239} INFO - Sync 1 DAGs
[2025-01-22T00:38:58.167+0000] {logging_mixin.py:190} INFO - [2025-01-22T00:38:58.167+0000] {dag.py:4180} INFO - Setting next_dagrun for tutorial to 2025-01-21 00:00:00+00:00, run_after=2025-01-22 00:00:00+00:00
[2025-01-22T00:38:58.180+0000] {processor.py:208} INFO - Processing /home/airflow/.local/lib/python3.12/site-packages/airflow/example_dags/tutorial.py took 0.059 seconds
[2025-01-22T00:39:28.411+0000] {processor.py:186} INFO - Started process (PID=514) to work on /home/airflow/.local/lib/python3.12/site-packages/airflow/example_dags/tutorial.py
[2025-01-22T00:39:28.412+0000] {processor.py:914} INFO - Processing file /home/airflow/.local/lib/python3.12/site-packages/airflow/example_dags/tutorial.py for tasks to queue
[2025-01-22T00:39:28.413+0000] {logging_mixin.py:190} INFO - [2025-01-22T00:39:28.413+0000] {dagbag.py:588} INFO - Filling up the DagBag from /home/airflow/.local/lib/python3.12/site-packages/airflow/example_dags/tutorial.py
[2025-01-22T00:39:28.418+0000] {processor.py:925} INFO - DAG(s) 'tutorial' retrieved from /home/airflow/.local/lib/python3.12/site-packages/airflow/example_dags/tutorial.py
[2025-01-22T00:39:28.433+0000] {logging_mixin.py:190} INFO - [2025-01-22T00:39:28.432+0000] {dag.py:3239} INFO - Sync 1 DAGs
[2025-01-22T00:39:28.448+0000] {logging_mixin.py:190} INFO - [2025-01-22T00:39:28.447+0000] {dag.py:4180} INFO - Setting next_dagrun for tutorial to 2025-01-21 00:00:00+00:00, run_after=2025-01-22 00:00:00+00:00
[2025-01-22T00:39:28.460+0000] {processor.py:208} INFO - Processing /home/airflow/.local/lib/python3.12/site-packages/airflow/example_dags/tutorial.py took 0.056 seconds
[2025-01-22T00:39:58.557+0000] {processor.py:186} INFO - Started process (PID=578) to work on /home/airflow/.local/lib/python3.12/site-packages/airflow/example_dags/tutorial.py
[2025-01-22T00:39:58.558+0000] {processor.py:914} INFO - Processing file /home/airflow/.local/lib/python3.12/site-packages/airflow/example_dags/tutorial.py for tasks to queue
[2025-01-22T00:39:58.561+0000] {logging_mixin.py:190} INFO - [2025-01-22T00:39:58.560+0000] {dagbag.py:588} INFO - Filling up the DagBag from /home/airflow/.local/lib/python3.12/site-packages/airflow/example_dags/tutorial.py
[2025-01-22T00:39:58.570+0000] {processor.py:925} INFO - DAG(s) 'tutorial' retrieved from /home/airflow/.local/lib/python3.12/site-packages/airflow/example_dags/tutorial.py
[2025-01-22T00:39:58.593+0000] {logging_mixin.py:190} INFO - [2025-01-22T00:39:58.592+0000] {dag.py:3239} INFO - Sync 1 DAGs
[2025-01-22T00:39:58.618+0000] {logging_mixin.py:190} INFO - [2025-01-22T00:39:58.617+0000] {dag.py:4180} INFO - Setting next_dagrun for tutorial to 2025-01-21 00:00:00+00:00, run_after=2025-01-22 00:00:00+00:00
[2025-01-22T00:39:58.641+0000] {processor.py:208} INFO - Processing /home/airflow/.local/lib/python3.12/site-packages/airflow/example_dags/tutorial.py took 0.088 seconds
[2025-01-22T00:40:29.623+0000] {processor.py:186} INFO - Started process (PID=642) to work on /home/airflow/.local/lib/python3.12/site-packages/airflow/example_dags/tutorial.py
[2025-01-22T00:40:29.625+0000] {processor.py:914} INFO - Processing file /home/airflow/.local/lib/python3.12/site-packages/airflow/example_dags/tutorial.py for tasks to queue
[2025-01-22T00:40:29.626+0000] {logging_mixin.py:190} INFO - [2025-01-22T00:40:29.626+0000] {dagbag.py:588} INFO - Filling up the DagBag from /home/airflow/.local/lib/python3.12/site-packages/airflow/example_dags/tutorial.py
[2025-01-22T00:40:29.631+0000] {processor.py:925} INFO - DAG(s) 'tutorial' retrieved from /home/airflow/.local/lib/python3.12/site-packages/airflow/example_dags/tutorial.py
[2025-01-22T00:40:29.654+0000] {logging_mixin.py:190} INFO - [2025-01-22T00:40:29.653+0000] {dag.py:3239} INFO - Sync 1 DAGs
[2025-01-22T00:40:29.673+0000] {logging_mixin.py:190} INFO - [2025-01-22T00:40:29.673+0000] {dag.py:4180} INFO - Setting next_dagrun for tutorial to 2025-01-21 00:00:00+00:00, run_after=2025-01-22 00:00:00+00:00
[2025-01-22T00:40:29.684+0000] {processor.py:208} INFO - Processing /home/airflow/.local/lib/python3.12/site-packages/airflow/example_dags/tutorial.py took 0.065 seconds
