[2025-01-22T00:35:56.043+0000] {processor.py:186} INFO - Started process (PID=70) to work on /home/airflow/.local/lib/python3.12/site-packages/airflow/example_dags/tutorial_taskflow_templates.py
[2025-01-22T00:35:56.043+0000] {processor.py:914} INFO - Processing file /home/airflow/.local/lib/python3.12/site-packages/airflow/example_dags/tutorial_taskflow_templates.py for tasks to queue
[2025-01-22T00:35:56.045+0000] {logging_mixin.py:190} INFO - [2025-01-22T00:35:56.044+0000] {dagbag.py:588} INFO - Filling up the DagBag from /home/airflow/.local/lib/python3.12/site-packages/airflow/example_dags/tutorial_taskflow_templates.py
[2025-01-22T00:35:56.056+0000] {processor.py:925} INFO - DAG(s) 'tutorial_taskflow_templates' retrieved from /home/airflow/.local/lib/python3.12/site-packages/airflow/example_dags/tutorial_taskflow_templates.py
[2025-01-22T00:35:56.080+0000] {logging_mixin.py:190} INFO - [2025-01-22T00:35:56.080+0000] {dag.py:3239} INFO - Sync 1 DAGs
[2025-01-22T00:35:56.105+0000] {logging_mixin.py:190} INFO - [2025-01-22T00:35:56.105+0000] {dag.py:4180} INFO - Setting next_dagrun for tutorial_taskflow_templates to 2025-01-21 00:00:00+00:00, run_after=2025-01-22 00:00:00+00:00
[2025-01-22T00:35:56.122+0000] {processor.py:208} INFO - Processing /home/airflow/.local/lib/python3.12/site-packages/airflow/example_dags/tutorial_taskflow_templates.py took 0.083 seconds
[2025-01-22T00:36:26.555+0000] {processor.py:186} INFO - Started process (PID=139) to work on /home/airflow/.local/lib/python3.12/site-packages/airflow/example_dags/tutorial_taskflow_templates.py
[2025-01-22T00:36:26.564+0000] {processor.py:914} INFO - Processing file /home/airflow/.local/lib/python3.12/site-packages/airflow/example_dags/tutorial_taskflow_templates.py for tasks to queue
[2025-01-22T00:36:26.568+0000] {logging_mixin.py:190} INFO - [2025-01-22T00:36:26.568+0000] {dagbag.py:588} INFO - Filling up the DagBag from /home/airflow/.local/lib/python3.12/site-packages/airflow/example_dags/tutorial_taskflow_templates.py
[2025-01-22T00:36:26.581+0000] {processor.py:925} INFO - DAG(s) 'tutorial_taskflow_templates' retrieved from /home/airflow/.local/lib/python3.12/site-packages/airflow/example_dags/tutorial_taskflow_templates.py
[2025-01-22T00:36:26.607+0000] {logging_mixin.py:190} INFO - [2025-01-22T00:36:26.606+0000] {dag.py:3239} INFO - Sync 1 DAGs
[2025-01-22T00:36:26.628+0000] {logging_mixin.py:190} INFO - [2025-01-22T00:36:26.628+0000] {dag.py:4180} INFO - Setting next_dagrun for tutorial_taskflow_templates to 2025-01-21 00:00:00+00:00, run_after=2025-01-22 00:00:00+00:00
[2025-01-22T00:36:26.647+0000] {processor.py:208} INFO - Processing /home/airflow/.local/lib/python3.12/site-packages/airflow/example_dags/tutorial_taskflow_templates.py took 0.109 seconds
[2025-01-22T00:36:56.684+0000] {processor.py:186} INFO - Started process (PID=203) to work on /home/airflow/.local/lib/python3.12/site-packages/airflow/example_dags/tutorial_taskflow_templates.py
[2025-01-22T00:36:56.685+0000] {processor.py:914} INFO - Processing file /home/airflow/.local/lib/python3.12/site-packages/airflow/example_dags/tutorial_taskflow_templates.py for tasks to queue
[2025-01-22T00:36:56.687+0000] {logging_mixin.py:190} INFO - [2025-01-22T00:36:56.686+0000] {dagbag.py:588} INFO - Filling up the DagBag from /home/airflow/.local/lib/python3.12/site-packages/airflow/example_dags/tutorial_taskflow_templates.py
[2025-01-22T00:36:56.701+0000] {processor.py:925} INFO - DAG(s) 'tutorial_taskflow_templates' retrieved from /home/airflow/.local/lib/python3.12/site-packages/airflow/example_dags/tutorial_taskflow_templates.py
[2025-01-22T00:36:56.719+0000] {logging_mixin.py:190} INFO - [2025-01-22T00:36:56.719+0000] {dag.py:3239} INFO - Sync 1 DAGs
[2025-01-22T00:36:56.740+0000] {logging_mixin.py:190} INFO - [2025-01-22T00:36:56.740+0000] {dag.py:4180} INFO - Setting next_dagrun for tutorial_taskflow_templates to 2025-01-21 00:00:00+00:00, run_after=2025-01-22 00:00:00+00:00
[2025-01-22T00:36:56.760+0000] {processor.py:208} INFO - Processing /home/airflow/.local/lib/python3.12/site-packages/airflow/example_dags/tutorial_taskflow_templates.py took 0.082 seconds
[2025-01-22T00:37:27.628+0000] {processor.py:186} INFO - Started process (PID=267) to work on /home/airflow/.local/lib/python3.12/site-packages/airflow/example_dags/tutorial_taskflow_templates.py
[2025-01-22T00:37:27.628+0000] {processor.py:914} INFO - Processing file /home/airflow/.local/lib/python3.12/site-packages/airflow/example_dags/tutorial_taskflow_templates.py for tasks to queue
[2025-01-22T00:37:27.630+0000] {logging_mixin.py:190} INFO - [2025-01-22T00:37:27.629+0000] {dagbag.py:588} INFO - Filling up the DagBag from /home/airflow/.local/lib/python3.12/site-packages/airflow/example_dags/tutorial_taskflow_templates.py
[2025-01-22T00:37:27.641+0000] {processor.py:925} INFO - DAG(s) 'tutorial_taskflow_templates' retrieved from /home/airflow/.local/lib/python3.12/site-packages/airflow/example_dags/tutorial_taskflow_templates.py
[2025-01-22T00:37:27.657+0000] {logging_mixin.py:190} INFO - [2025-01-22T00:37:27.657+0000] {dag.py:3239} INFO - Sync 1 DAGs
[2025-01-22T00:37:27.676+0000] {logging_mixin.py:190} INFO - [2025-01-22T00:37:27.676+0000] {dag.py:4180} INFO - Setting next_dagrun for tutorial_taskflow_templates to 2025-01-21 00:00:00+00:00, run_after=2025-01-22 00:00:00+00:00
[2025-01-22T00:37:27.691+0000] {processor.py:208} INFO - Processing /home/airflow/.local/lib/python3.12/site-packages/airflow/example_dags/tutorial_taskflow_templates.py took 0.067 seconds
[2025-01-22T00:37:58.119+0000] {processor.py:186} INFO - Started process (PID=331) to work on /home/airflow/.local/lib/python3.12/site-packages/airflow/example_dags/tutorial_taskflow_templates.py
[2025-01-22T00:37:58.119+0000] {processor.py:914} INFO - Processing file /home/airflow/.local/lib/python3.12/site-packages/airflow/example_dags/tutorial_taskflow_templates.py for tasks to queue
[2025-01-22T00:37:58.121+0000] {logging_mixin.py:190} INFO - [2025-01-22T00:37:58.121+0000] {dagbag.py:588} INFO - Filling up the DagBag from /home/airflow/.local/lib/python3.12/site-packages/airflow/example_dags/tutorial_taskflow_templates.py
[2025-01-22T00:37:58.129+0000] {processor.py:925} INFO - DAG(s) 'tutorial_taskflow_templates' retrieved from /home/airflow/.local/lib/python3.12/site-packages/airflow/example_dags/tutorial_taskflow_templates.py
[2025-01-22T00:37:58.146+0000] {logging_mixin.py:190} INFO - [2025-01-22T00:37:58.146+0000] {dag.py:3239} INFO - Sync 1 DAGs
[2025-01-22T00:37:58.178+0000] {logging_mixin.py:190} INFO - [2025-01-22T00:37:58.178+0000] {dag.py:4180} INFO - Setting next_dagrun for tutorial_taskflow_templates to 2025-01-21 00:00:00+00:00, run_after=2025-01-22 00:00:00+00:00
[2025-01-22T00:37:58.193+0000] {processor.py:208} INFO - Processing /home/airflow/.local/lib/python3.12/site-packages/airflow/example_dags/tutorial_taskflow_templates.py took 0.079 seconds
[2025-01-22T00:38:28.723+0000] {processor.py:186} INFO - Started process (PID=395) to work on /home/airflow/.local/lib/python3.12/site-packages/airflow/example_dags/tutorial_taskflow_templates.py
[2025-01-22T00:38:28.724+0000] {processor.py:914} INFO - Processing file /home/airflow/.local/lib/python3.12/site-packages/airflow/example_dags/tutorial_taskflow_templates.py for tasks to queue
[2025-01-22T00:38:28.725+0000] {logging_mixin.py:190} INFO - [2025-01-22T00:38:28.725+0000] {dagbag.py:588} INFO - Filling up the DagBag from /home/airflow/.local/lib/python3.12/site-packages/airflow/example_dags/tutorial_taskflow_templates.py
[2025-01-22T00:38:28.736+0000] {processor.py:925} INFO - DAG(s) 'tutorial_taskflow_templates' retrieved from /home/airflow/.local/lib/python3.12/site-packages/airflow/example_dags/tutorial_taskflow_templates.py
[2025-01-22T00:38:28.749+0000] {logging_mixin.py:190} INFO - [2025-01-22T00:38:28.749+0000] {dag.py:3239} INFO - Sync 1 DAGs
[2025-01-22T00:38:28.764+0000] {logging_mixin.py:190} INFO - [2025-01-22T00:38:28.764+0000] {dag.py:4180} INFO - Setting next_dagrun for tutorial_taskflow_templates to 2025-01-21 00:00:00+00:00, run_after=2025-01-22 00:00:00+00:00
[2025-01-22T00:38:28.779+0000] {processor.py:208} INFO - Processing /home/airflow/.local/lib/python3.12/site-packages/airflow/example_dags/tutorial_taskflow_templates.py took 0.062 seconds
[2025-01-22T00:38:59.490+0000] {processor.py:186} INFO - Started process (PID=459) to work on /home/airflow/.local/lib/python3.12/site-packages/airflow/example_dags/tutorial_taskflow_templates.py
[2025-01-22T00:38:59.491+0000] {processor.py:914} INFO - Processing file /home/airflow/.local/lib/python3.12/site-packages/airflow/example_dags/tutorial_taskflow_templates.py for tasks to queue
[2025-01-22T00:38:59.492+0000] {logging_mixin.py:190} INFO - [2025-01-22T00:38:59.492+0000] {dagbag.py:588} INFO - Filling up the DagBag from /home/airflow/.local/lib/python3.12/site-packages/airflow/example_dags/tutorial_taskflow_templates.py
[2025-01-22T00:38:59.501+0000] {processor.py:925} INFO - DAG(s) 'tutorial_taskflow_templates' retrieved from /home/airflow/.local/lib/python3.12/site-packages/airflow/example_dags/tutorial_taskflow_templates.py
[2025-01-22T00:38:59.515+0000] {logging_mixin.py:190} INFO - [2025-01-22T00:38:59.515+0000] {dag.py:3239} INFO - Sync 1 DAGs
[2025-01-22T00:38:59.529+0000] {logging_mixin.py:190} INFO - [2025-01-22T00:38:59.529+0000] {dag.py:4180} INFO - Setting next_dagrun for tutorial_taskflow_templates to 2025-01-21 00:00:00+00:00, run_after=2025-01-22 00:00:00+00:00
[2025-01-22T00:38:59.543+0000] {processor.py:208} INFO - Processing /home/airflow/.local/lib/python3.12/site-packages/airflow/example_dags/tutorial_taskflow_templates.py took 0.057 seconds
[2025-01-22T00:39:29.916+0000] {processor.py:186} INFO - Started process (PID=523) to work on /home/airflow/.local/lib/python3.12/site-packages/airflow/example_dags/tutorial_taskflow_templates.py
[2025-01-22T00:39:29.917+0000] {processor.py:914} INFO - Processing file /home/airflow/.local/lib/python3.12/site-packages/airflow/example_dags/tutorial_taskflow_templates.py for tasks to queue
[2025-01-22T00:39:29.918+0000] {logging_mixin.py:190} INFO - [2025-01-22T00:39:29.918+0000] {dagbag.py:588} INFO - Filling up the DagBag from /home/airflow/.local/lib/python3.12/site-packages/airflow/example_dags/tutorial_taskflow_templates.py
[2025-01-22T00:39:29.925+0000] {processor.py:925} INFO - DAG(s) 'tutorial_taskflow_templates' retrieved from /home/airflow/.local/lib/python3.12/site-packages/airflow/example_dags/tutorial_taskflow_templates.py
[2025-01-22T00:39:29.941+0000] {logging_mixin.py:190} INFO - [2025-01-22T00:39:29.941+0000] {dag.py:3239} INFO - Sync 1 DAGs
[2025-01-22T00:39:29.974+0000] {logging_mixin.py:190} INFO - [2025-01-22T00:39:29.974+0000] {dag.py:4180} INFO - Setting next_dagrun for tutorial_taskflow_templates to 2025-01-21 00:00:00+00:00, run_after=2025-01-22 00:00:00+00:00
[2025-01-22T00:39:29.989+0000] {processor.py:208} INFO - Processing /home/airflow/.local/lib/python3.12/site-packages/airflow/example_dags/tutorial_taskflow_templates.py took 0.077 seconds
[2025-01-22T00:40:00.107+0000] {processor.py:186} INFO - Started process (PID=587) to work on /home/airflow/.local/lib/python3.12/site-packages/airflow/example_dags/tutorial_taskflow_templates.py
[2025-01-22T00:40:00.108+0000] {processor.py:914} INFO - Processing file /home/airflow/.local/lib/python3.12/site-packages/airflow/example_dags/tutorial_taskflow_templates.py for tasks to queue
[2025-01-22T00:40:00.110+0000] {logging_mixin.py:190} INFO - [2025-01-22T00:40:00.109+0000] {dagbag.py:588} INFO - Filling up the DagBag from /home/airflow/.local/lib/python3.12/site-packages/airflow/example_dags/tutorial_taskflow_templates.py
[2025-01-22T00:40:00.117+0000] {processor.py:925} INFO - DAG(s) 'tutorial_taskflow_templates' retrieved from /home/airflow/.local/lib/python3.12/site-packages/airflow/example_dags/tutorial_taskflow_templates.py
[2025-01-22T00:40:00.130+0000] {logging_mixin.py:190} INFO - [2025-01-22T00:40:00.130+0000] {dag.py:3239} INFO - Sync 1 DAGs
[2025-01-22T00:40:00.148+0000] {logging_mixin.py:190} INFO - [2025-01-22T00:40:00.148+0000] {dag.py:4180} INFO - Setting next_dagrun for tutorial_taskflow_templates to 2025-01-21 00:00:00+00:00, run_after=2025-01-22 00:00:00+00:00
[2025-01-22T00:40:00.161+0000] {processor.py:208} INFO - Processing /home/airflow/.local/lib/python3.12/site-packages/airflow/example_dags/tutorial_taskflow_templates.py took 0.057 seconds
[2025-01-22T00:40:31.042+0000] {processor.py:186} INFO - Started process (PID=651) to work on /home/airflow/.local/lib/python3.12/site-packages/airflow/example_dags/tutorial_taskflow_templates.py
[2025-01-22T00:40:31.043+0000] {processor.py:914} INFO - Processing file /home/airflow/.local/lib/python3.12/site-packages/airflow/example_dags/tutorial_taskflow_templates.py for tasks to queue
[2025-01-22T00:40:31.044+0000] {logging_mixin.py:190} INFO - [2025-01-22T00:40:31.044+0000] {dagbag.py:588} INFO - Filling up the DagBag from /home/airflow/.local/lib/python3.12/site-packages/airflow/example_dags/tutorial_taskflow_templates.py
[2025-01-22T00:40:31.052+0000] {processor.py:925} INFO - DAG(s) 'tutorial_taskflow_templates' retrieved from /home/airflow/.local/lib/python3.12/site-packages/airflow/example_dags/tutorial_taskflow_templates.py
[2025-01-22T00:40:31.067+0000] {logging_mixin.py:190} INFO - [2025-01-22T00:40:31.067+0000] {dag.py:3239} INFO - Sync 1 DAGs
[2025-01-22T00:40:31.087+0000] {logging_mixin.py:190} INFO - [2025-01-22T00:40:31.087+0000] {dag.py:4180} INFO - Setting next_dagrun for tutorial_taskflow_templates to 2025-01-21 00:00:00+00:00, run_after=2025-01-22 00:00:00+00:00
[2025-01-22T00:40:31.101+0000] {processor.py:208} INFO - Processing /home/airflow/.local/lib/python3.12/site-packages/airflow/example_dags/tutorial_taskflow_templates.py took 0.062 seconds
