[2025-02-14T23:06:06.277+0000] {local_task_job_runner.py:123} INFO - ::group::Pre task execution logs
[2025-02-14T23:06:06.313+0000] {taskinstance.py:2613} INFO - Dependencies all met for dep_context=non-requeueable deps ti=<TaskInstance: manage_airflow_roles.add_users_to_roles manual__2025-02-14T23:05:21.937919+00:00 [queued]>
[2025-02-14T23:06:06.329+0000] {taskinstance.py:2613} INFO - Dependencies all met for dep_context=requeueable deps ti=<TaskInstance: manage_airflow_roles.add_users_to_roles manual__2025-02-14T23:05:21.937919+00:00 [queued]>
[2025-02-14T23:06:06.330+0000] {taskinstance.py:2866} INFO - Starting attempt 1 of 1
[2025-02-14T23:06:06.352+0000] {taskinstance.py:2889} INFO - Executing <Task(_PythonDecoratedOperator): add_users_to_roles> on 2025-02-14 23:05:21.937919+00:00
[2025-02-14T23:06:06.360+0000] {warnings.py:112} WARNING - /home/***/.local/lib/python3.12/site-packages/***/task/task_runner/standard_task_runner.py:70: DeprecationWarning: This process (pid=1282) is multi-threaded, use of fork() may lead to deadlocks in the child.
  pid = os.fork()

[2025-02-14T23:06:06.362+0000] {standard_task_runner.py:72} INFO - Started process 1283 to run task
[2025-02-14T23:06:06.364+0000] {standard_task_runner.py:104} INFO - Running: ['***', 'tasks', 'run', 'manage_***_roles', 'add_users_to_roles', 'manual__2025-02-14T23:05:21.937919+00:00', '--job-id', '353', '--raw', '--subdir', 'DAGS_FOLDER/dag.py', '--cfg-path', '/tmp/tmproye25xs']
[2025-02-14T23:06:06.366+0000] {standard_task_runner.py:105} INFO - Job 353: Subtask add_users_to_roles
[2025-02-14T23:06:06.443+0000] {task_command.py:467} INFO - Running <TaskInstance: manage_airflow_roles.add_users_to_roles manual__2025-02-14T23:05:21.937919+00:00 [running]> on host 71404c6b5320
[2025-02-14T23:06:06.599+0000] {taskinstance.py:3132} INFO - Exporting env vars: AIRFLOW_CTX_DAG_OWNER='data-team' AIRFLOW_CTX_DAG_ID='manage_***_roles' AIRFLOW_CTX_TASK_ID='add_users_to_roles' AIRFLOW_CTX_EXECUTION_DATE='2025-02-14T23:05:21.937919+00:00' AIRFLOW_CTX_TRY_NUMBER='1' AIRFLOW_CTX_DAG_RUN_ID='manual__2025-02-14T23:05:21.937919+00:00'
[2025-02-14T23:06:06.601+0000] {taskinstance.py:731} INFO - ::endgroup::
[2025-02-14T23:06:09.615+0000] {dag.py:237} INFO - Adding user data-team to role roles
[2025-02-14T23:06:09.616+0000] {python.py:240} INFO - Done. Returned value was: None
[2025-02-14T23:06:09.624+0000] {taskinstance.py:340} INFO - ::group::Post task execution logs
[2025-02-14T23:06:09.625+0000] {taskinstance.py:352} INFO - Marking task as SUCCESS. dag_id=manage_***_roles, task_id=add_users_to_roles, run_id=manual__2025-02-14T23:05:21.937919+00:00, execution_date=20250214T230521, start_date=20250214T230606, end_date=20250214T230609
[2025-02-14T23:06:09.668+0000] {local_task_job_runner.py:266} INFO - Task exited with return code 0
[2025-02-14T23:06:09.696+0000] {taskinstance.py:3895} INFO - 0 downstream tasks scheduled from follow-on schedule check
[2025-02-14T23:06:09.698+0000] {local_task_job_runner.py:245} INFO - ::endgroup::
