[2025-02-11T00:28:29.778+0000] {local_task_job_runner.py:123} INFO - ::group::Pre task execution logs
[2025-02-11T00:28:29.801+0000] {taskinstance.py:2613} INFO - Dependencies all met for dep_context=non-requeueable deps ti=<TaskInstance: manage_airflow_roles.assign_generic_permissions_roles manual__2025-02-11T00:28:19.614185+00:00 [queued]>
[2025-02-11T00:28:29.813+0000] {taskinstance.py:2613} INFO - Dependencies all met for dep_context=requeueable deps ti=<TaskInstance: manage_airflow_roles.assign_generic_permissions_roles manual__2025-02-11T00:28:19.614185+00:00 [queued]>
[2025-02-11T00:28:29.813+0000] {taskinstance.py:2866} INFO - Starting attempt 1 of 1
[2025-02-11T00:28:29.826+0000] {taskinstance.py:2889} INFO - Executing <Task(_PythonDecoratedOperator): assign_generic_permissions_roles> on 2025-02-11 00:28:19.614185+00:00
[2025-02-11T00:28:29.831+0000] {warnings.py:112} WARNING - /home/***/.local/lib/python3.12/site-packages/***/task/task_runner/standard_task_runner.py:70: DeprecationWarning: This process (pid=4943) is multi-threaded, use of fork() may lead to deadlocks in the child.
  pid = os.fork()

[2025-02-11T00:28:29.832+0000] {standard_task_runner.py:72} INFO - Started process 4944 to run task
[2025-02-11T00:28:29.832+0000] {standard_task_runner.py:104} INFO - Running: ['***', 'tasks', 'run', 'manage_***_roles', 'assign_generic_permissions_roles', 'manual__2025-02-11T00:28:19.614185+00:00', '--job-id', '201', '--raw', '--subdir', 'DAGS_FOLDER/dag.py', '--cfg-path', '/tmp/tmp2p6jhdic']
[2025-02-11T00:28:29.833+0000] {standard_task_runner.py:105} INFO - Job 201: Subtask assign_generic_permissions_roles
[2025-02-11T00:28:29.907+0000] {task_command.py:467} INFO - Running <TaskInstance: manage_airflow_roles.assign_generic_permissions_roles manual__2025-02-11T00:28:19.614185+00:00 [running]> on host 9c5f21acce5a
[2025-02-11T00:28:30.080+0000] {taskinstance.py:3132} INFO - Exporting env vars: AIRFLOW_CTX_DAG_OWNER='data-team' AIRFLOW_CTX_DAG_ID='manage_***_roles' AIRFLOW_CTX_TASK_ID='assign_generic_permissions_roles' AIRFLOW_CTX_EXECUTION_DATE='2025-02-11T00:28:19.614185+00:00' AIRFLOW_CTX_TRY_NUMBER='1' AIRFLOW_CTX_DAG_RUN_ID='manual__2025-02-11T00:28:19.614185+00:00'
[2025-02-11T00:28:30.082+0000] {taskinstance.py:731} INFO - ::endgroup::
[2025-02-11T00:28:32.870+0000] {dag.py:152} INFO - Assigning Website:can_read permissions to data-team
[2025-02-11T00:28:35.700+0000] {dag.py:152} INFO - Assigning Website:can_read permissions to dados
[2025-02-11T00:28:38.385+0000] {dag.py:152} INFO - Assigning DAG Runs:can_read permissions to data-team
[2025-02-11T00:28:41.156+0000] {dag.py:152} INFO - Assigning DAG Runs:can_read permissions to dados
[2025-02-11T00:28:43.954+0000] {dag.py:152} INFO - Assigning DAG Runs:can_edit permissions to data-team
[2025-02-11T00:28:46.673+0000] {dag.py:152} INFO - Assigning DAG Runs:can_edit permissions to dados
[2025-02-11T00:28:49.376+0000] {dag.py:152} INFO - Assigning DAG Runs:can_create permissions to data-team
[2025-02-11T00:28:52.406+0000] {dag.py:152} INFO - Assigning DAG Runs:can_create permissions to dados
[2025-02-11T00:28:52.408+0000] {python.py:240} INFO - Done. Returned value was: None
[2025-02-11T00:28:52.417+0000] {taskinstance.py:340} INFO - ::group::Post task execution logs
[2025-02-11T00:28:52.417+0000] {taskinstance.py:352} INFO - Marking task as SUCCESS. dag_id=manage_***_roles, task_id=assign_generic_permissions_roles, run_id=manual__2025-02-11T00:28:19.614185+00:00, execution_date=20250211T002819, start_date=20250211T002829, end_date=20250211T002852
[2025-02-11T00:28:52.471+0000] {local_task_job_runner.py:266} INFO - Task exited with return code 0
[2025-02-11T00:28:52.521+0000] {taskinstance.py:3895} INFO - 1 downstream tasks scheduled from follow-on schedule check
[2025-02-11T00:28:52.523+0000] {local_task_job_runner.py:245} INFO - ::endgroup::
