[2025-02-14T22:52:39.562+0000] {local_task_job_runner.py:123} INFO - ::group::Pre task execution logs
[2025-02-14T22:52:39.586+0000] {taskinstance.py:2613} INFO - Dependencies all met for dep_context=non-requeueable deps ti=<TaskInstance: manage_airflow_roles.get_dags_by_owner manual__2025-02-14T22:52:38.591819+00:00 [queued]>
[2025-02-14T22:52:39.599+0000] {taskinstance.py:2613} INFO - Dependencies all met for dep_context=requeueable deps ti=<TaskInstance: manage_airflow_roles.get_dags_by_owner manual__2025-02-14T22:52:38.591819+00:00 [queued]>
[2025-02-14T22:52:39.600+0000] {taskinstance.py:2866} INFO - Starting attempt 1 of 1
[2025-02-14T22:52:39.617+0000] {taskinstance.py:2889} INFO - Executing <Task(_PythonDecoratedOperator): get_dags_by_owner> on 2025-02-14 22:52:38.591819+00:00
[2025-02-14T22:52:39.624+0000] {warnings.py:112} WARNING - /home/***/.local/lib/python3.12/site-packages/***/task/task_runner/standard_task_runner.py:70: DeprecationWarning: This process (pid=338) is multi-threaded, use of fork() may lead to deadlocks in the child.
  pid = os.fork()

[2025-02-14T22:52:39.626+0000] {standard_task_runner.py:72} INFO - Started process 342 to run task
[2025-02-14T22:52:39.627+0000] {standard_task_runner.py:104} INFO - Running: ['***', 'tasks', 'run', 'manage_***_roles', 'get_dags_by_owner', 'manual__2025-02-14T22:52:38.591819+00:00', '--job-id', '318', '--raw', '--subdir', 'DAGS_FOLDER/dag.py', '--cfg-path', '/tmp/tmpegl1fnxh']
[2025-02-14T22:52:39.629+0000] {standard_task_runner.py:105} INFO - Job 318: Subtask get_dags_by_owner
[2025-02-14T22:52:39.687+0000] {task_command.py:467} INFO - Running <TaskInstance: manage_airflow_roles.get_dags_by_owner manual__2025-02-14T22:52:38.591819+00:00 [running]> on host 71404c6b5320
[2025-02-14T22:52:39.791+0000] {taskinstance.py:3132} INFO - Exporting env vars: AIRFLOW_CTX_DAG_OWNER='data-team' AIRFLOW_CTX_DAG_ID='manage_***_roles' AIRFLOW_CTX_TASK_ID='get_dags_by_owner' AIRFLOW_CTX_EXECUTION_DATE='2025-02-14T22:52:38.591819+00:00' AIRFLOW_CTX_TRY_NUMBER='1' AIRFLOW_CTX_DAG_RUN_ID='manual__2025-02-14T22:52:38.591819+00:00'
[2025-02-14T22:52:39.792+0000] {taskinstance.py:731} INFO - ::endgroup::
[2025-02-14T22:52:39.794+0000] {dagbag.py:588} INFO - Filling up the DagBag from /opt/***/dags
[2025-02-14T22:52:39.812+0000] {python.py:240} INFO - Done. Returned value was: {'dados': ['hello_world_dag'], 'data-team': ['manage_***_roles']}
[2025-02-14T22:52:39.864+0000] {taskinstance.py:340} INFO - ::group::Post task execution logs
[2025-02-14T22:52:39.865+0000] {taskinstance.py:352} INFO - Marking task as SUCCESS. dag_id=manage_***_roles, task_id=get_dags_by_owner, run_id=manual__2025-02-14T22:52:38.591819+00:00, execution_date=20250214T225238, start_date=20250214T225239, end_date=20250214T225239
[2025-02-14T22:52:39.927+0000] {local_task_job_runner.py:266} INFO - Task exited with return code 0
[2025-02-14T22:52:39.956+0000] {taskinstance.py:3895} INFO - 0 downstream tasks scheduled from follow-on schedule check
[2025-02-14T22:52:39.958+0000] {local_task_job_runner.py:245} INFO - ::endgroup::
