[2025-02-10T23:59:57.420+0000] {local_task_job_runner.py:123} INFO - ::group::Pre task execution logs
[2025-02-10T23:59:57.435+0000] {taskinstance.py:2613} INFO - Dependencies all met for dep_context=non-requeueable deps ti=<TaskInstance: manage_airflow_roles.assign_generic_permissions_roles manual__2025-02-10T23:59:46.425173+00:00 [queued]>
[2025-02-10T23:59:57.443+0000] {taskinstance.py:2613} INFO - Dependencies all met for dep_context=requeueable deps ti=<TaskInstance: manage_airflow_roles.assign_generic_permissions_roles manual__2025-02-10T23:59:46.425173+00:00 [queued]>
[2025-02-10T23:59:57.443+0000] {taskinstance.py:2866} INFO - Starting attempt 1 of 1
[2025-02-10T23:59:57.455+0000] {taskinstance.py:2889} INFO - Executing <Task(_PythonDecoratedOperator): assign_generic_permissions_roles> on 2025-02-10 23:59:46.425173+00:00
[2025-02-10T23:59:57.460+0000] {warnings.py:112} WARNING - /home/***/.local/lib/python3.12/site-packages/***/task/task_runner/standard_task_runner.py:70: DeprecationWarning: This process (pid=2745) is multi-threaded, use of fork() may lead to deadlocks in the child.
  pid = os.fork()

[2025-02-10T23:59:57.461+0000] {standard_task_runner.py:72} INFO - Started process 2746 to run task
[2025-02-10T23:59:57.462+0000] {standard_task_runner.py:104} INFO - Running: ['***', 'tasks', 'run', 'manage_***_roles', 'assign_generic_permissions_roles', 'manual__2025-02-10T23:59:46.425173+00:00', '--job-id', '156', '--raw', '--subdir', 'DAGS_FOLDER/dag.py', '--cfg-path', '/tmp/tmptpx_1jc6']
[2025-02-10T23:59:57.462+0000] {standard_task_runner.py:105} INFO - Job 156: Subtask assign_generic_permissions_roles
[2025-02-10T23:59:57.498+0000] {task_command.py:467} INFO - Running <TaskInstance: manage_airflow_roles.assign_generic_permissions_roles manual__2025-02-10T23:59:46.425173+00:00 [running]> on host 9c5f21acce5a
[2025-02-10T23:59:57.572+0000] {taskinstance.py:3132} INFO - Exporting env vars: AIRFLOW_CTX_DAG_OWNER='data-team' AIRFLOW_CTX_DAG_ID='manage_***_roles' AIRFLOW_CTX_TASK_ID='assign_generic_permissions_roles' AIRFLOW_CTX_EXECUTION_DATE='2025-02-10T23:59:46.425173+00:00' AIRFLOW_CTX_TRY_NUMBER='1' AIRFLOW_CTX_DAG_RUN_ID='manual__2025-02-10T23:59:46.425173+00:00'
[2025-02-10T23:59:57.573+0000] {taskinstance.py:731} INFO - ::endgroup::
[2025-02-11T00:00:00.792+0000] {dag.py:151} INFO - Assigning Website permissions to dados
[2025-02-11T00:00:04.218+0000] {dag.py:151} INFO - Assigning Website permissions to dados
[2025-02-11T00:00:07.152+0000] {dag.py:151} INFO - Assigning Website permissions to dados
[2025-02-11T00:00:09.714+0000] {dag.py:151} INFO - Assigning Website permissions to dados
[2025-02-11T00:00:12.367+0000] {dag.py:151} INFO - Assigning Website permissions to dados
[2025-02-11T00:00:15.454+0000] {dag.py:151} INFO - Assigning Website permissions to dados
[2025-02-11T00:00:18.425+0000] {dag.py:151} INFO - Assigning Website permissions to dados
[2025-02-11T00:00:21.258+0000] {dag.py:151} INFO - Assigning Website permissions to dados
[2025-02-11T00:00:24.076+0000] {dag.py:151} INFO - Assigning DAG Runs permissions to dados
[2025-02-11T00:00:26.922+0000] {dag.py:151} INFO - Assigning DAG Runs permissions to dados
[2025-02-11T00:00:29.922+0000] {dag.py:151} INFO - Assigning DAG Runs permissions to dados
[2025-02-11T00:00:32.850+0000] {dag.py:151} INFO - Assigning Website permissions to data-team
[2025-02-11T00:00:35.770+0000] {dag.py:151} INFO - Assigning Website permissions to data-team
[2025-02-11T00:00:38.279+0000] {dag.py:151} INFO - Assigning Website permissions to data-team
[2025-02-11T00:00:41.298+0000] {dag.py:151} INFO - Assigning Website permissions to data-team
[2025-02-11T00:00:44.375+0000] {dag.py:151} INFO - Assigning Website permissions to data-team
[2025-02-11T00:00:47.548+0000] {dag.py:151} INFO - Assigning Website permissions to data-team
[2025-02-11T00:00:50.800+0000] {dag.py:151} INFO - Assigning Website permissions to data-team
[2025-02-11T00:00:52.966+0000] {local_task_job_runner.py:346} WARNING - State of this instance has been externally set to failed. Terminating instance.
[2025-02-11T00:00:52.966+0000] {local_task_job_runner.py:245} INFO - ::endgroup::
[2025-02-11T00:00:52.969+0000] {process_utils.py:132} INFO - Sending 15 to group 2746. PIDs of all processes in the group: [3015, 2746]
[2025-02-11T00:00:52.969+0000] {process_utils.py:87} INFO - Sending the signal 15 to group 2746
[2025-02-11T00:00:52.970+0000] {taskinstance.py:3093} ERROR - Received SIGTERM. Terminating subprocesses.
[2025-02-11T00:00:52.985+0000] {dag.py:153} INFO - Error assigning Website permissions to data-team
[2025-02-11T00:00:52.996+0000] {process_utils.py:80} INFO - Process psutil.Process(pid=3015, status='terminated', started='00:00:50') (3015) terminated with exit code None
[2025-02-11T00:00:55.977+0000] {dag.py:151} INFO - Assigning DAG Runs permissions to data-team
[2025-02-11T00:00:58.836+0000] {dag.py:151} INFO - Assigning DAG Runs permissions to data-team
[2025-02-11T00:01:01.723+0000] {dag.py:151} INFO - Assigning DAG Runs permissions to data-team
[2025-02-11T00:01:01.724+0000] {python.py:240} INFO - Done. Returned value was: None
[2025-02-11T00:01:01.732+0000] {taskinstance.py:340} INFO - ::group::Post task execution logs
[2025-02-11T00:01:01.732+0000] {taskinstance.py:352} INFO - Marking task as SUCCESS. dag_id=manage_***_roles, task_id=assign_generic_permissions_roles, run_id=manual__2025-02-10T23:59:46.425173+00:00, execution_date=20250210T235946, start_date=20250210T235957, end_date=20250211T000101
[2025-02-11T00:01:01.769+0000] {process_utils.py:80} INFO - Process psutil.Process(pid=2746, status='terminated', exitcode=0, started='23:59:56') (2746) terminated with exit code 0
