[2025-02-11T00:02:22.079+0000] {local_task_job_runner.py:123} INFO - ::group::Pre task execution logs
[2025-02-11T00:02:22.092+0000] {taskinstance.py:2613} INFO - Dependencies all met for dep_context=non-requeueable deps ti=<TaskInstance: manage_airflow_roles.assign_generic_permissions_roles manual__2025-02-10T23:59:46.425173+00:00 [queued]>
[2025-02-11T00:02:22.103+0000] {taskinstance.py:2613} INFO - Dependencies all met for dep_context=requeueable deps ti=<TaskInstance: manage_airflow_roles.assign_generic_permissions_roles manual__2025-02-10T23:59:46.425173+00:00 [queued]>
[2025-02-11T00:02:22.104+0000] {taskinstance.py:2866} INFO - Starting attempt 2 of 2
[2025-02-11T00:02:22.127+0000] {taskinstance.py:2889} INFO - Executing <Task(_PythonDecoratedOperator): assign_generic_permissions_roles> on 2025-02-10 23:59:46.425173+00:00
[2025-02-11T00:02:22.134+0000] {warnings.py:112} WARNING - /home/***/.local/lib/python3.12/site-packages/***/task/task_runner/standard_task_runner.py:70: DeprecationWarning: This process (pid=3080) is multi-threaded, use of fork() may lead to deadlocks in the child.
  pid = os.fork()

[2025-02-11T00:02:22.136+0000] {standard_task_runner.py:72} INFO - Started process 3081 to run task
[2025-02-11T00:02:22.137+0000] {standard_task_runner.py:104} INFO - Running: ['***', 'tasks', 'run', 'manage_***_roles', 'assign_generic_permissions_roles', 'manual__2025-02-10T23:59:46.425173+00:00', '--job-id', '157', '--raw', '--subdir', 'DAGS_FOLDER/dag.py', '--cfg-path', '/tmp/tmpfx9oc9db']
[2025-02-11T00:02:22.139+0000] {standard_task_runner.py:105} INFO - Job 157: Subtask assign_generic_permissions_roles
[2025-02-11T00:02:22.226+0000] {task_command.py:467} INFO - Running <TaskInstance: manage_airflow_roles.assign_generic_permissions_roles manual__2025-02-10T23:59:46.425173+00:00 [running]> on host 9c5f21acce5a
[2025-02-11T00:02:22.484+0000] {taskinstance.py:3132} INFO - Exporting env vars: AIRFLOW_CTX_DAG_OWNER='data-team' AIRFLOW_CTX_DAG_ID='manage_***_roles' AIRFLOW_CTX_TASK_ID='assign_generic_permissions_roles' AIRFLOW_CTX_EXECUTION_DATE='2025-02-10T23:59:46.425173+00:00' AIRFLOW_CTX_TRY_NUMBER='2' AIRFLOW_CTX_DAG_RUN_ID='manual__2025-02-10T23:59:46.425173+00:00'
[2025-02-11T00:02:22.487+0000] {taskinstance.py:731} INFO - ::endgroup::
[2025-02-11T00:02:25.664+0000] {dag.py:151} INFO - Assigning Website permissions to dados
[2025-02-11T00:02:28.448+0000] {dag.py:151} INFO - Assigning Website permissions to data-team
[2025-02-11T00:02:31.178+0000] {dag.py:151} INFO - Assigning Website permissions to dados
[2025-02-11T00:02:34.037+0000] {dag.py:151} INFO - Assigning Website permissions to data-team
[2025-02-11T00:02:36.854+0000] {dag.py:151} INFO - Assigning Website permissions to dados
[2025-02-11T00:02:39.985+0000] {dag.py:151} INFO - Assigning Website permissions to data-team
[2025-02-11T00:02:42.988+0000] {dag.py:151} INFO - Assigning Website permissions to dados
[2025-02-11T00:02:46.299+0000] {dag.py:151} INFO - Assigning Website permissions to data-team
[2025-02-11T00:02:49.140+0000] {dag.py:151} INFO - Assigning Website permissions to dados
[2025-02-11T00:02:51.873+0000] {dag.py:151} INFO - Assigning Website permissions to data-team
[2025-02-11T00:02:54.535+0000] {dag.py:151} INFO - Assigning Website permissions to dados
[2025-02-11T00:02:57.117+0000] {dag.py:151} INFO - Assigning Website permissions to data-team
[2025-02-11T00:02:59.778+0000] {dag.py:151} INFO - Assigning Website permissions to dados
[2025-02-11T00:03:02.628+0000] {dag.py:151} INFO - Assigning Website permissions to data-team
[2025-02-11T00:03:05.340+0000] {dag.py:151} INFO - Assigning Website permissions to dados
[2025-02-11T00:03:08.184+0000] {dag.py:151} INFO - Assigning Website permissions to data-team
[2025-02-11T00:03:10.959+0000] {dag.py:151} INFO - Assigning DAG Runs permissions to dados
[2025-02-11T00:03:13.932+0000] {dag.py:151} INFO - Assigning DAG Runs permissions to data-team
[2025-02-11T00:03:16.622+0000] {dag.py:151} INFO - Assigning DAG Runs permissions to dados
[2025-02-11T00:03:19.275+0000] {dag.py:151} INFO - Assigning DAG Runs permissions to data-team
[2025-02-11T00:03:21.971+0000] {dag.py:151} INFO - Assigning DAG Runs permissions to dados
[2025-02-11T00:03:24.755+0000] {dag.py:151} INFO - Assigning DAG Runs permissions to data-team
[2025-02-11T00:03:24.757+0000] {python.py:240} INFO - Done. Returned value was: None
[2025-02-11T00:03:24.767+0000] {taskinstance.py:340} INFO - ::group::Post task execution logs
[2025-02-11T00:03:24.768+0000] {taskinstance.py:352} INFO - Marking task as SUCCESS. dag_id=manage_***_roles, task_id=assign_generic_permissions_roles, run_id=manual__2025-02-10T23:59:46.425173+00:00, execution_date=20250210T235946, start_date=20250211T000222, end_date=20250211T000324
[2025-02-11T00:03:24.805+0000] {local_task_job_runner.py:266} INFO - Task exited with return code 0
[2025-02-11T00:03:24.846+0000] {taskinstance.py:3895} INFO - 1 downstream tasks scheduled from follow-on schedule check
[2025-02-11T00:03:24.848+0000] {local_task_job_runner.py:245} INFO - ::endgroup::
