[2025-01-30T23:57:29.138+0000] {local_task_job_runner.py:123} INFO - ::group::Pre task execution logs
[2025-01-30T23:57:29.174+0000] {taskinstance.py:2613} INFO - Dependencies all met for dep_context=non-requeueable deps ti=<TaskInstance: manage_airflow_roles.assign_generic_permissions_roles manual__2025-01-30T23:57:22.460856+00:00 [queued]>
[2025-01-30T23:57:29.201+0000] {taskinstance.py:2613} INFO - Dependencies all met for dep_context=requeueable deps ti=<TaskInstance: manage_airflow_roles.assign_generic_permissions_roles manual__2025-01-30T23:57:22.460856+00:00 [queued]>
[2025-01-30T23:57:29.202+0000] {taskinstance.py:2866} INFO - Starting attempt 1 of 1
[2025-01-30T23:57:29.231+0000] {taskinstance.py:2889} INFO - Executing <Task(_PythonDecoratedOperator): assign_generic_permissions_roles> on 2025-01-30 23:57:22.460856+00:00
[2025-01-30T23:57:29.243+0000] {warnings.py:112} WARNING - /home/***/.local/lib/python3.12/site-packages/***/task/task_runner/standard_task_runner.py:70: DeprecationWarning: This process (pid=465) is multi-threaded, use of fork() may lead to deadlocks in the child.
  pid = os.fork()

[2025-01-30T23:57:29.246+0000] {standard_task_runner.py:72} INFO - Started process 466 to run task
[2025-01-30T23:57:29.245+0000] {standard_task_runner.py:104} INFO - Running: ['***', 'tasks', 'run', 'manage_***_roles', 'assign_generic_permissions_roles', 'manual__2025-01-30T23:57:22.460856+00:00', '--job-id', '72', '--raw', '--subdir', 'DAGS_FOLDER/dag.py', '--cfg-path', '/tmp/tmp99yfhsem']
[2025-01-30T23:57:29.248+0000] {standard_task_runner.py:105} INFO - Job 72: Subtask assign_generic_permissions_roles
[2025-01-30T23:57:29.300+0000] {task_command.py:467} INFO - Running <TaskInstance: manage_airflow_roles.assign_generic_permissions_roles manual__2025-01-30T23:57:22.460856+00:00 [running]> on host 512f7139f01a
[2025-01-30T23:57:29.417+0000] {taskinstance.py:3132} INFO - Exporting env vars: AIRFLOW_CTX_DAG_OWNER='data-team' AIRFLOW_CTX_DAG_ID='manage_***_roles' AIRFLOW_CTX_TASK_ID='assign_generic_permissions_roles' AIRFLOW_CTX_EXECUTION_DATE='2025-01-30T23:57:22.460856+00:00' AIRFLOW_CTX_TRY_NUMBER='1' AIRFLOW_CTX_DAG_RUN_ID='manual__2025-01-30T23:57:22.460856+00:00'
[2025-01-30T23:57:29.418+0000] {taskinstance.py:731} INFO - ::endgroup::
[2025-01-30T23:57:32.616+0000] {dag.py:127} INFO - Assigning Website permissions to data-team
[2025-01-30T23:57:35.748+0000] {dag.py:127} INFO - Assigning Website permissions to data-team
[2025-01-30T23:57:38.827+0000] {dag.py:127} INFO - Assigning Website permissions to data-team
[2025-01-30T23:57:41.849+0000] {dag.py:127} INFO - Assigning Website permissions to data-team
[2025-01-30T23:57:45.095+0000] {dag.py:127} INFO - Assigning Website permissions to data-team
[2025-01-30T23:57:48.091+0000] {dag.py:127} INFO - Assigning Website permissions to data-team
[2025-01-30T23:57:50.987+0000] {dag.py:127} INFO - Assigning Website permissions to data-team
[2025-01-30T23:57:54.473+0000] {dag.py:127} INFO - Assigning Website permissions to data-team
[2025-01-30T23:57:57.382+0000] {dag.py:127} INFO - Assigning DAG Runs permissions to data-team
[2025-01-30T23:58:00.618+0000] {dag.py:127} INFO - Assigning DAG Runs permissions to data-team
[2025-01-30T23:58:03.463+0000] {dag.py:127} INFO - Assigning DAG Runs permissions to data-team
[2025-01-30T23:58:03.463+0000] {python.py:240} INFO - Done. Returned value was: None
[2025-01-30T23:58:03.471+0000] {taskinstance.py:340} INFO - ::group::Post task execution logs
[2025-01-30T23:58:03.471+0000] {taskinstance.py:352} INFO - Marking task as SUCCESS. dag_id=manage_***_roles, task_id=assign_generic_permissions_roles, run_id=manual__2025-01-30T23:57:22.460856+00:00, execution_date=20250130T235722, start_date=20250130T235729, end_date=20250130T235803
[2025-01-30T23:58:03.504+0000] {local_task_job_runner.py:266} INFO - Task exited with return code 0
[2025-01-30T23:58:03.537+0000] {taskinstance.py:3895} INFO - 1 downstream tasks scheduled from follow-on schedule check
[2025-01-30T23:58:03.539+0000] {local_task_job_runner.py:245} INFO - ::endgroup::
