[2025-01-31T23:55:52.836+0000] {local_task_job_runner.py:123} INFO - ::group::Pre task execution logs
[2025-01-31T23:55:52.860+0000] {taskinstance.py:2613} INFO - Dependencies all met for dep_context=non-requeueable deps ti=<TaskInstance: manage_airflow_roles.assign_generic_permissions_roles manual__2025-01-30T23:57:22.460856+00:00 [queued]>
[2025-01-31T23:55:52.880+0000] {taskinstance.py:2613} INFO - Dependencies all met for dep_context=requeueable deps ti=<TaskInstance: manage_airflow_roles.assign_generic_permissions_roles manual__2025-01-30T23:57:22.460856+00:00 [queued]>
[2025-01-31T23:55:52.881+0000] {taskinstance.py:2866} INFO - Starting attempt 4 of 4
[2025-01-31T23:55:52.899+0000] {taskinstance.py:2889} INFO - Executing <Task(_PythonDecoratedOperator): assign_generic_permissions_roles> on 2025-01-30 23:57:22.460856+00:00
[2025-01-31T23:55:52.908+0000] {warnings.py:112} WARNING - /home/***/.local/lib/python3.12/site-packages/***/task/task_runner/standard_task_runner.py:70: DeprecationWarning: This process (pid=322) is multi-threaded, use of fork() may lead to deadlocks in the child.
  pid = os.fork()

[2025-01-31T23:55:52.911+0000] {standard_task_runner.py:72} INFO - Started process 323 to run task
[2025-01-31T23:55:52.912+0000] {standard_task_runner.py:104} INFO - Running: ['***', 'tasks', 'run', 'manage_***_roles', 'assign_generic_permissions_roles', 'manual__2025-01-30T23:57:22.460856+00:00', '--job-id', '89', '--raw', '--subdir', 'DAGS_FOLDER/dag.py', '--cfg-path', '/tmp/tmpad278skj']
[2025-01-31T23:55:52.914+0000] {standard_task_runner.py:105} INFO - Job 89: Subtask assign_generic_permissions_roles
[2025-01-31T23:55:53.012+0000] {task_command.py:467} INFO - Running <TaskInstance: manage_airflow_roles.assign_generic_permissions_roles manual__2025-01-30T23:57:22.460856+00:00 [running]> on host dab0f5b0cfba
[2025-01-31T23:55:53.305+0000] {taskinstance.py:3132} INFO - Exporting env vars: AIRFLOW_CTX_DAG_OWNER='data-team' AIRFLOW_CTX_DAG_ID='manage_***_roles' AIRFLOW_CTX_TASK_ID='assign_generic_permissions_roles' AIRFLOW_CTX_EXECUTION_DATE='2025-01-30T23:57:22.460856+00:00' AIRFLOW_CTX_TRY_NUMBER='4' AIRFLOW_CTX_DAG_RUN_ID='manual__2025-01-30T23:57:22.460856+00:00'
[2025-01-31T23:55:53.307+0000] {taskinstance.py:731} INFO - ::endgroup::
[2025-01-31T23:55:58.271+0000] {dag.py:128} INFO - Assigning Website permissions to data-team
[2025-01-31T23:56:02.845+0000] {dag.py:128} INFO - Assigning Website permissions to data-team
[2025-01-31T23:56:07.634+0000] {dag.py:128} INFO - Assigning Website permissions to data-team
[2025-01-31T23:56:12.674+0000] {dag.py:128} INFO - Assigning Website permissions to data-team
[2025-01-31T23:56:17.137+0000] {dag.py:128} INFO - Assigning Website permissions to data-team
[2025-01-31T23:56:21.457+0000] {dag.py:128} INFO - Assigning Website permissions to data-team
[2025-01-31T23:56:25.670+0000] {dag.py:128} INFO - Assigning Website permissions to data-team
[2025-01-31T23:56:30.043+0000] {dag.py:128} INFO - Assigning Website permissions to data-team
[2025-01-31T23:56:34.417+0000] {dag.py:128} INFO - Assigning DAG Runs permissions to data-team
[2025-01-31T23:56:38.937+0000] {dag.py:128} INFO - Assigning DAG Runs permissions to data-team
[2025-01-31T23:56:43.961+0000] {dag.py:128} INFO - Assigning DAG Runs permissions to data-team
[2025-01-31T23:56:43.961+0000] {python.py:240} INFO - Done. Returned value was: None
[2025-01-31T23:56:43.971+0000] {taskinstance.py:340} INFO - ::group::Post task execution logs
[2025-01-31T23:56:43.971+0000] {taskinstance.py:352} INFO - Marking task as SUCCESS. dag_id=manage_***_roles, task_id=assign_generic_permissions_roles, run_id=manual__2025-01-30T23:57:22.460856+00:00, execution_date=20250130T235722, start_date=20250131T235552, end_date=20250131T235643
[2025-01-31T23:56:44.013+0000] {local_task_job_runner.py:266} INFO - Task exited with return code 0
[2025-01-31T23:56:44.061+0000] {taskinstance.py:3895} INFO - 1 downstream tasks scheduled from follow-on schedule check
[2025-01-31T23:56:44.064+0000] {local_task_job_runner.py:245} INFO - ::endgroup::
