[2025-01-30T00:59:11.462+0000] {local_task_job_runner.py:123} INFO - ::group::Pre task execution logs
[2025-01-30T00:59:11.479+0000] {taskinstance.py:2613} INFO - Dependencies all met for dep_context=non-requeueable deps ti=<TaskInstance: manage_airflow_roles.get_owners manual__2025-01-30T00:59:08.740194+00:00 [queued]>
[2025-01-30T00:59:11.488+0000] {taskinstance.py:2613} INFO - Dependencies all met for dep_context=requeueable deps ti=<TaskInstance: manage_airflow_roles.get_owners manual__2025-01-30T00:59:08.740194+00:00 [queued]>
[2025-01-30T00:59:11.488+0000] {taskinstance.py:2866} INFO - Starting attempt 1 of 1
[2025-01-30T00:59:11.505+0000] {taskinstance.py:2889} INFO - Executing <Task(_PythonDecoratedOperator): get_owners> on 2025-01-30 00:59:08.740194+00:00
[2025-01-30T00:59:11.512+0000] {warnings.py:112} WARNING - /home/***/.local/lib/python3.12/site-packages/***/task/task_runner/standard_task_runner.py:70: DeprecationWarning: This process (pid=1129) is multi-threaded, use of fork() may lead to deadlocks in the child.
  pid = os.fork()

[2025-01-30T00:59:11.514+0000] {standard_task_runner.py:72} INFO - Started process 1142 to run task
[2025-01-30T00:59:11.514+0000] {standard_task_runner.py:104} INFO - Running: ['***', 'tasks', 'run', 'manage_***_roles', 'get_owners', 'manual__2025-01-30T00:59:08.740194+00:00', '--job-id', '54', '--raw', '--subdir', 'DAGS_FOLDER/dag.py', '--cfg-path', '/tmp/tmp4taqte7w']
[2025-01-30T00:59:11.515+0000] {standard_task_runner.py:105} INFO - Job 54: Subtask get_owners
[2025-01-30T00:59:11.758+0000] {task_command.py:467} INFO - Running <TaskInstance: manage_airflow_roles.get_owners manual__2025-01-30T00:59:08.740194+00:00 [running]> on host 156798cb3511
[2025-01-30T00:59:11.834+0000] {taskinstance.py:3132} INFO - Exporting env vars: AIRFLOW_CTX_DAG_OWNER='data-team' AIRFLOW_CTX_DAG_ID='manage_***_roles' AIRFLOW_CTX_TASK_ID='get_owners' AIRFLOW_CTX_EXECUTION_DATE='2025-01-30T00:59:08.740194+00:00' AIRFLOW_CTX_TRY_NUMBER='1' AIRFLOW_CTX_DAG_RUN_ID='manual__2025-01-30T00:59:08.740194+00:00'
[2025-01-30T00:59:11.835+0000] {logging_mixin.py:190} INFO - Task instance is in running state
[2025-01-30T00:59:11.835+0000] {logging_mixin.py:190} INFO -  Previous state of the Task instance: queued
[2025-01-30T00:59:11.835+0000] {logging_mixin.py:190} INFO - Current task name:get_owners state:running start_date:2025-01-30 00:59:11.480198+00:00
[2025-01-30T00:59:11.835+0000] {logging_mixin.py:190} INFO - Dag name:manage_***_roles and current dag run status:running
[2025-01-30T00:59:11.836+0000] {taskinstance.py:731} INFO - ::endgroup::
[2025-01-30T00:59:11.836+0000] {dagbag.py:588} INFO - Filling up the DagBag from /opt/***/dags
[2025-01-30T00:59:12.108+0000] {python.py:240} INFO - Done. Returned value was: ['***', 'data-team']
[2025-01-30T00:59:12.131+0000] {taskinstance.py:340} INFO - ::group::Post task execution logs
[2025-01-30T00:59:12.132+0000] {taskinstance.py:352} INFO - Marking task as SUCCESS. dag_id=manage_***_roles, task_id=get_owners, run_id=manual__2025-01-30T00:59:08.740194+00:00, execution_date=20250130T005908, start_date=20250130T005911, end_date=20250130T005912
[2025-01-30T00:59:12.143+0000] {logging_mixin.py:190} INFO - Task instance in success state
[2025-01-30T00:59:12.144+0000] {logging_mixin.py:190} INFO -  Previous state of the Task instance: running
[2025-01-30T00:59:12.144+0000] {logging_mixin.py:190} INFO - Dag name:manage_***_roles queued_at:2025-01-30 00:59:08.769568+00:00
[2025-01-30T00:59:12.144+0000] {logging_mixin.py:190} INFO - Task hostname:156798cb3511 operator:_PythonDecoratedOperator
[2025-01-30T00:59:12.169+0000] {local_task_job_runner.py:266} INFO - Task exited with return code 0
[2025-01-30T00:59:12.360+0000] {taskinstance.py:3895} INFO - 0 downstream tasks scheduled from follow-on schedule check
[2025-01-30T00:59:12.361+0000] {local_task_job_runner.py:245} INFO - ::endgroup::
