[2025-01-23T23:35:00.703+0000] {processor.py:186} INFO - Started process (PID=112) to work on /home/airflow/.local/lib/python3.12/site-packages/airflow/example_dags/example_nested_branch_dag.py
[2025-01-23T23:35:00.704+0000] {processor.py:914} INFO - Processing file /home/airflow/.local/lib/python3.12/site-packages/airflow/example_dags/example_nested_branch_dag.py for tasks to queue
[2025-01-23T23:35:00.706+0000] {logging_mixin.py:190} INFO - [2025-01-23T23:35:00.705+0000] {dagbag.py:588} INFO - Filling up the DagBag from /home/airflow/.local/lib/python3.12/site-packages/airflow/example_dags/example_nested_branch_dag.py
[2025-01-23T23:35:00.716+0000] {processor.py:925} INFO - DAG(s) 'example_nested_branch_dag' retrieved from /home/airflow/.local/lib/python3.12/site-packages/airflow/example_dags/example_nested_branch_dag.py
[2025-01-23T23:35:00.735+0000] {logging_mixin.py:190} INFO - [2025-01-23T23:35:00.734+0000] {dag.py:3239} INFO - Sync 1 DAGs
[2025-01-23T23:35:00.763+0000] {logging_mixin.py:190} INFO - [2025-01-23T23:35:00.763+0000] {dag.py:4180} INFO - Setting next_dagrun for example_nested_branch_dag to 2025-01-22 00:00:00+00:00, run_after=2025-01-23 00:00:00+00:00
[2025-01-23T23:35:00.787+0000] {processor.py:208} INFO - Processing /home/airflow/.local/lib/python3.12/site-packages/airflow/example_dags/example_nested_branch_dag.py took 0.092 seconds
[2025-01-23T23:36:08.276+0000] {processor.py:186} INFO - Started process (PID=115) to work on /home/airflow/.local/lib/python3.12/site-packages/airflow/example_dags/example_nested_branch_dag.py
[2025-01-23T23:36:08.277+0000] {processor.py:914} INFO - Processing file /home/airflow/.local/lib/python3.12/site-packages/airflow/example_dags/example_nested_branch_dag.py for tasks to queue
[2025-01-23T23:36:08.278+0000] {logging_mixin.py:190} INFO - [2025-01-23T23:36:08.278+0000] {dagbag.py:588} INFO - Filling up the DagBag from /home/airflow/.local/lib/python3.12/site-packages/airflow/example_dags/example_nested_branch_dag.py
[2025-01-23T23:36:08.286+0000] {processor.py:925} INFO - DAG(s) 'example_nested_branch_dag' retrieved from /home/airflow/.local/lib/python3.12/site-packages/airflow/example_dags/example_nested_branch_dag.py
[2025-01-23T23:36:08.306+0000] {logging_mixin.py:190} INFO - [2025-01-23T23:36:08.306+0000] {dag.py:3239} INFO - Sync 1 DAGs
[2025-01-23T23:36:08.332+0000] {logging_mixin.py:190} INFO - [2025-01-23T23:36:08.332+0000] {dag.py:4180} INFO - Setting next_dagrun for example_nested_branch_dag to 2025-01-22 00:00:00+00:00, run_after=2025-01-23 00:00:00+00:00
[2025-01-23T23:36:08.349+0000] {processor.py:208} INFO - Processing /home/airflow/.local/lib/python3.12/site-packages/airflow/example_dags/example_nested_branch_dag.py took 0.076 seconds
[2025-01-23T23:36:39.515+0000] {processor.py:186} INFO - Started process (PID=180) to work on /home/airflow/.local/lib/python3.12/site-packages/airflow/example_dags/example_nested_branch_dag.py
[2025-01-23T23:36:39.516+0000] {processor.py:914} INFO - Processing file /home/airflow/.local/lib/python3.12/site-packages/airflow/example_dags/example_nested_branch_dag.py for tasks to queue
[2025-01-23T23:36:39.517+0000] {logging_mixin.py:190} INFO - [2025-01-23T23:36:39.517+0000] {dagbag.py:588} INFO - Filling up the DagBag from /home/airflow/.local/lib/python3.12/site-packages/airflow/example_dags/example_nested_branch_dag.py
[2025-01-23T23:36:39.524+0000] {processor.py:925} INFO - DAG(s) 'example_nested_branch_dag' retrieved from /home/airflow/.local/lib/python3.12/site-packages/airflow/example_dags/example_nested_branch_dag.py
[2025-01-23T23:36:39.541+0000] {logging_mixin.py:190} INFO - [2025-01-23T23:36:39.541+0000] {dag.py:3239} INFO - Sync 1 DAGs
[2025-01-23T23:36:39.560+0000] {logging_mixin.py:190} INFO - [2025-01-23T23:36:39.560+0000] {dag.py:4180} INFO - Setting next_dagrun for example_nested_branch_dag to 2025-01-22 00:00:00+00:00, run_after=2025-01-23 00:00:00+00:00
[2025-01-23T23:36:39.577+0000] {processor.py:208} INFO - Processing /home/airflow/.local/lib/python3.12/site-packages/airflow/example_dags/example_nested_branch_dag.py took 0.065 seconds
[2025-01-23T23:37:10.425+0000] {processor.py:186} INFO - Started process (PID=244) to work on /home/airflow/.local/lib/python3.12/site-packages/airflow/example_dags/example_nested_branch_dag.py
[2025-01-23T23:37:10.426+0000] {processor.py:914} INFO - Processing file /home/airflow/.local/lib/python3.12/site-packages/airflow/example_dags/example_nested_branch_dag.py for tasks to queue
[2025-01-23T23:37:10.427+0000] {logging_mixin.py:190} INFO - [2025-01-23T23:37:10.427+0000] {dagbag.py:588} INFO - Filling up the DagBag from /home/airflow/.local/lib/python3.12/site-packages/airflow/example_dags/example_nested_branch_dag.py
[2025-01-23T23:37:10.434+0000] {processor.py:925} INFO - DAG(s) 'example_nested_branch_dag' retrieved from /home/airflow/.local/lib/python3.12/site-packages/airflow/example_dags/example_nested_branch_dag.py
[2025-01-23T23:37:10.450+0000] {logging_mixin.py:190} INFO - [2025-01-23T23:37:10.450+0000] {dag.py:3239} INFO - Sync 1 DAGs
[2025-01-23T23:37:10.469+0000] {logging_mixin.py:190} INFO - [2025-01-23T23:37:10.469+0000] {dag.py:4180} INFO - Setting next_dagrun for example_nested_branch_dag to 2025-01-22 00:00:00+00:00, run_after=2025-01-23 00:00:00+00:00
[2025-01-23T23:37:10.483+0000] {processor.py:208} INFO - Processing /home/airflow/.local/lib/python3.12/site-packages/airflow/example_dags/example_nested_branch_dag.py took 0.061 seconds
[2025-01-23T23:37:41.722+0000] {processor.py:186} INFO - Started process (PID=309) to work on /home/airflow/.local/lib/python3.12/site-packages/airflow/example_dags/example_nested_branch_dag.py
[2025-01-23T23:37:41.724+0000] {processor.py:914} INFO - Processing file /home/airflow/.local/lib/python3.12/site-packages/airflow/example_dags/example_nested_branch_dag.py for tasks to queue
[2025-01-23T23:37:41.727+0000] {logging_mixin.py:190} INFO - [2025-01-23T23:37:41.727+0000] {dagbag.py:588} INFO - Filling up the DagBag from /home/airflow/.local/lib/python3.12/site-packages/airflow/example_dags/example_nested_branch_dag.py
[2025-01-23T23:37:41.742+0000] {processor.py:925} INFO - DAG(s) 'example_nested_branch_dag' retrieved from /home/airflow/.local/lib/python3.12/site-packages/airflow/example_dags/example_nested_branch_dag.py
[2025-01-23T23:37:41.766+0000] {logging_mixin.py:190} INFO - [2025-01-23T23:37:41.765+0000] {dag.py:3239} INFO - Sync 1 DAGs
[2025-01-23T23:37:41.792+0000] {logging_mixin.py:190} INFO - [2025-01-23T23:37:41.791+0000] {dag.py:4180} INFO - Setting next_dagrun for example_nested_branch_dag to 2025-01-22 00:00:00+00:00, run_after=2025-01-23 00:00:00+00:00
[2025-01-23T23:37:41.814+0000] {processor.py:208} INFO - Processing /home/airflow/.local/lib/python3.12/site-packages/airflow/example_dags/example_nested_branch_dag.py took 0.098 seconds
[2025-01-23T23:38:12.567+0000] {processor.py:186} INFO - Started process (PID=373) to work on /home/airflow/.local/lib/python3.12/site-packages/airflow/example_dags/example_nested_branch_dag.py
[2025-01-23T23:38:12.568+0000] {processor.py:914} INFO - Processing file /home/airflow/.local/lib/python3.12/site-packages/airflow/example_dags/example_nested_branch_dag.py for tasks to queue
[2025-01-23T23:38:12.570+0000] {logging_mixin.py:190} INFO - [2025-01-23T23:38:12.570+0000] {dagbag.py:588} INFO - Filling up the DagBag from /home/airflow/.local/lib/python3.12/site-packages/airflow/example_dags/example_nested_branch_dag.py
[2025-01-23T23:38:12.583+0000] {processor.py:925} INFO - DAG(s) 'example_nested_branch_dag' retrieved from /home/airflow/.local/lib/python3.12/site-packages/airflow/example_dags/example_nested_branch_dag.py
[2025-01-23T23:38:12.609+0000] {logging_mixin.py:190} INFO - [2025-01-23T23:38:12.608+0000] {dag.py:3239} INFO - Sync 1 DAGs
[2025-01-23T23:38:12.645+0000] {logging_mixin.py:190} INFO - [2025-01-23T23:38:12.644+0000] {dag.py:4180} INFO - Setting next_dagrun for example_nested_branch_dag to 2025-01-22 00:00:00+00:00, run_after=2025-01-23 00:00:00+00:00
[2025-01-23T23:38:12.674+0000] {processor.py:208} INFO - Processing /home/airflow/.local/lib/python3.12/site-packages/airflow/example_dags/example_nested_branch_dag.py took 0.114 seconds
[2025-01-23T23:38:43.603+0000] {processor.py:186} INFO - Started process (PID=437) to work on /home/airflow/.local/lib/python3.12/site-packages/airflow/example_dags/example_nested_branch_dag.py
[2025-01-23T23:38:43.604+0000] {processor.py:914} INFO - Processing file /home/airflow/.local/lib/python3.12/site-packages/airflow/example_dags/example_nested_branch_dag.py for tasks to queue
[2025-01-23T23:38:43.607+0000] {logging_mixin.py:190} INFO - [2025-01-23T23:38:43.607+0000] {dagbag.py:588} INFO - Filling up the DagBag from /home/airflow/.local/lib/python3.12/site-packages/airflow/example_dags/example_nested_branch_dag.py
[2025-01-23T23:38:43.619+0000] {processor.py:925} INFO - DAG(s) 'example_nested_branch_dag' retrieved from /home/airflow/.local/lib/python3.12/site-packages/airflow/example_dags/example_nested_branch_dag.py
[2025-01-23T23:38:43.644+0000] {logging_mixin.py:190} INFO - [2025-01-23T23:38:43.643+0000] {dag.py:3239} INFO - Sync 1 DAGs
[2025-01-23T23:38:43.681+0000] {logging_mixin.py:190} INFO - [2025-01-23T23:38:43.681+0000] {dag.py:4180} INFO - Setting next_dagrun for example_nested_branch_dag to 2025-01-22 00:00:00+00:00, run_after=2025-01-23 00:00:00+00:00
[2025-01-23T23:38:43.702+0000] {processor.py:208} INFO - Processing /home/airflow/.local/lib/python3.12/site-packages/airflow/example_dags/example_nested_branch_dag.py took 0.104 seconds
[2025-01-23T23:39:14.432+0000] {processor.py:186} INFO - Started process (PID=501) to work on /home/airflow/.local/lib/python3.12/site-packages/airflow/example_dags/example_nested_branch_dag.py
[2025-01-23T23:39:14.433+0000] {processor.py:914} INFO - Processing file /home/airflow/.local/lib/python3.12/site-packages/airflow/example_dags/example_nested_branch_dag.py for tasks to queue
[2025-01-23T23:39:14.435+0000] {logging_mixin.py:190} INFO - [2025-01-23T23:39:14.435+0000] {dagbag.py:588} INFO - Filling up the DagBag from /home/airflow/.local/lib/python3.12/site-packages/airflow/example_dags/example_nested_branch_dag.py
[2025-01-23T23:39:14.445+0000] {processor.py:925} INFO - DAG(s) 'example_nested_branch_dag' retrieved from /home/airflow/.local/lib/python3.12/site-packages/airflow/example_dags/example_nested_branch_dag.py
[2025-01-23T23:39:14.467+0000] {logging_mixin.py:190} INFO - [2025-01-23T23:39:14.467+0000] {dag.py:3239} INFO - Sync 1 DAGs
[2025-01-23T23:39:14.495+0000] {logging_mixin.py:190} INFO - [2025-01-23T23:39:14.495+0000] {dag.py:4180} INFO - Setting next_dagrun for example_nested_branch_dag to 2025-01-22 00:00:00+00:00, run_after=2025-01-23 00:00:00+00:00
[2025-01-23T23:39:14.515+0000] {processor.py:208} INFO - Processing /home/airflow/.local/lib/python3.12/site-packages/airflow/example_dags/example_nested_branch_dag.py took 0.089 seconds
[2025-01-23T23:39:44.614+0000] {processor.py:186} INFO - Started process (PID=564) to work on /home/airflow/.local/lib/python3.12/site-packages/airflow/example_dags/example_nested_branch_dag.py
[2025-01-23T23:39:44.615+0000] {processor.py:914} INFO - Processing file /home/airflow/.local/lib/python3.12/site-packages/airflow/example_dags/example_nested_branch_dag.py for tasks to queue
[2025-01-23T23:39:44.617+0000] {logging_mixin.py:190} INFO - [2025-01-23T23:39:44.617+0000] {dagbag.py:588} INFO - Filling up the DagBag from /home/airflow/.local/lib/python3.12/site-packages/airflow/example_dags/example_nested_branch_dag.py
[2025-01-23T23:39:44.630+0000] {processor.py:925} INFO - DAG(s) 'example_nested_branch_dag' retrieved from /home/airflow/.local/lib/python3.12/site-packages/airflow/example_dags/example_nested_branch_dag.py
[2025-01-23T23:39:44.652+0000] {logging_mixin.py:190} INFO - [2025-01-23T23:39:44.652+0000] {dag.py:3239} INFO - Sync 1 DAGs
[2025-01-23T23:39:44.678+0000] {logging_mixin.py:190} INFO - [2025-01-23T23:39:44.678+0000] {dag.py:4180} INFO - Setting next_dagrun for example_nested_branch_dag to 2025-01-22 00:00:00+00:00, run_after=2025-01-23 00:00:00+00:00
[2025-01-23T23:39:44.698+0000] {processor.py:208} INFO - Processing /home/airflow/.local/lib/python3.12/site-packages/airflow/example_dags/example_nested_branch_dag.py took 0.090 seconds
[2025-01-23T23:40:15.314+0000] {processor.py:186} INFO - Started process (PID=627) to work on /home/airflow/.local/lib/python3.12/site-packages/airflow/example_dags/example_nested_branch_dag.py
[2025-01-23T23:40:15.324+0000] {processor.py:914} INFO - Processing file /home/airflow/.local/lib/python3.12/site-packages/airflow/example_dags/example_nested_branch_dag.py for tasks to queue
[2025-01-23T23:40:15.326+0000] {logging_mixin.py:190} INFO - [2025-01-23T23:40:15.325+0000] {dagbag.py:588} INFO - Filling up the DagBag from /home/airflow/.local/lib/python3.12/site-packages/airflow/example_dags/example_nested_branch_dag.py
[2025-01-23T23:40:15.340+0000] {processor.py:925} INFO - DAG(s) 'example_nested_branch_dag' retrieved from /home/airflow/.local/lib/python3.12/site-packages/airflow/example_dags/example_nested_branch_dag.py
[2025-01-23T23:40:15.370+0000] {logging_mixin.py:190} INFO - [2025-01-23T23:40:15.370+0000] {dag.py:3239} INFO - Sync 1 DAGs
[2025-01-23T23:40:15.406+0000] {logging_mixin.py:190} INFO - [2025-01-23T23:40:15.406+0000] {dag.py:4180} INFO - Setting next_dagrun for example_nested_branch_dag to 2025-01-22 00:00:00+00:00, run_after=2025-01-23 00:00:00+00:00
[2025-01-23T23:40:15.432+0000] {processor.py:208} INFO - Processing /home/airflow/.local/lib/python3.12/site-packages/airflow/example_dags/example_nested_branch_dag.py took 0.124 seconds
[2025-01-23T23:40:45.795+0000] {processor.py:186} INFO - Started process (PID=691) to work on /home/airflow/.local/lib/python3.12/site-packages/airflow/example_dags/example_nested_branch_dag.py
[2025-01-23T23:40:45.796+0000] {processor.py:914} INFO - Processing file /home/airflow/.local/lib/python3.12/site-packages/airflow/example_dags/example_nested_branch_dag.py for tasks to queue
[2025-01-23T23:40:45.797+0000] {logging_mixin.py:190} INFO - [2025-01-23T23:40:45.797+0000] {dagbag.py:588} INFO - Filling up the DagBag from /home/airflow/.local/lib/python3.12/site-packages/airflow/example_dags/example_nested_branch_dag.py
[2025-01-23T23:40:45.805+0000] {processor.py:925} INFO - DAG(s) 'example_nested_branch_dag' retrieved from /home/airflow/.local/lib/python3.12/site-packages/airflow/example_dags/example_nested_branch_dag.py
[2025-01-23T23:40:45.822+0000] {logging_mixin.py:190} INFO - [2025-01-23T23:40:45.822+0000] {dag.py:3239} INFO - Sync 1 DAGs
[2025-01-23T23:40:45.840+0000] {logging_mixin.py:190} INFO - [2025-01-23T23:40:45.840+0000] {dag.py:4180} INFO - Setting next_dagrun for example_nested_branch_dag to 2025-01-22 00:00:00+00:00, run_after=2025-01-23 00:00:00+00:00
[2025-01-23T23:40:45.854+0000] {processor.py:208} INFO - Processing /home/airflow/.local/lib/python3.12/site-packages/airflow/example_dags/example_nested_branch_dag.py took 0.063 seconds
[2025-01-23T23:41:16.820+0000] {processor.py:186} INFO - Started process (PID=755) to work on /home/airflow/.local/lib/python3.12/site-packages/airflow/example_dags/example_nested_branch_dag.py
[2025-01-23T23:41:16.821+0000] {processor.py:914} INFO - Processing file /home/airflow/.local/lib/python3.12/site-packages/airflow/example_dags/example_nested_branch_dag.py for tasks to queue
[2025-01-23T23:41:16.822+0000] {logging_mixin.py:190} INFO - [2025-01-23T23:41:16.822+0000] {dagbag.py:588} INFO - Filling up the DagBag from /home/airflow/.local/lib/python3.12/site-packages/airflow/example_dags/example_nested_branch_dag.py
[2025-01-23T23:41:16.830+0000] {processor.py:925} INFO - DAG(s) 'example_nested_branch_dag' retrieved from /home/airflow/.local/lib/python3.12/site-packages/airflow/example_dags/example_nested_branch_dag.py
[2025-01-23T23:41:16.844+0000] {logging_mixin.py:190} INFO - [2025-01-23T23:41:16.844+0000] {dag.py:3239} INFO - Sync 1 DAGs
[2025-01-23T23:41:16.864+0000] {logging_mixin.py:190} INFO - [2025-01-23T23:41:16.864+0000] {dag.py:4180} INFO - Setting next_dagrun for example_nested_branch_dag to 2025-01-22 00:00:00+00:00, run_after=2025-01-23 00:00:00+00:00
[2025-01-23T23:41:16.880+0000] {processor.py:208} INFO - Processing /home/airflow/.local/lib/python3.12/site-packages/airflow/example_dags/example_nested_branch_dag.py took 0.064 seconds
[2025-01-23T23:41:47.591+0000] {processor.py:186} INFO - Started process (PID=819) to work on /home/airflow/.local/lib/python3.12/site-packages/airflow/example_dags/example_nested_branch_dag.py
[2025-01-23T23:41:47.592+0000] {processor.py:914} INFO - Processing file /home/airflow/.local/lib/python3.12/site-packages/airflow/example_dags/example_nested_branch_dag.py for tasks to queue
[2025-01-23T23:41:47.594+0000] {logging_mixin.py:190} INFO - [2025-01-23T23:41:47.594+0000] {dagbag.py:588} INFO - Filling up the DagBag from /home/airflow/.local/lib/python3.12/site-packages/airflow/example_dags/example_nested_branch_dag.py
[2025-01-23T23:41:47.604+0000] {processor.py:925} INFO - DAG(s) 'example_nested_branch_dag' retrieved from /home/airflow/.local/lib/python3.12/site-packages/airflow/example_dags/example_nested_branch_dag.py
[2025-01-23T23:41:47.624+0000] {logging_mixin.py:190} INFO - [2025-01-23T23:41:47.624+0000] {dag.py:3239} INFO - Sync 1 DAGs
[2025-01-23T23:41:47.643+0000] {logging_mixin.py:190} INFO - [2025-01-23T23:41:47.643+0000] {dag.py:4180} INFO - Setting next_dagrun for example_nested_branch_dag to 2025-01-22 00:00:00+00:00, run_after=2025-01-23 00:00:00+00:00
[2025-01-23T23:41:47.657+0000] {processor.py:208} INFO - Processing /home/airflow/.local/lib/python3.12/site-packages/airflow/example_dags/example_nested_branch_dag.py took 0.071 seconds
[2025-01-23T23:42:17.718+0000] {processor.py:186} INFO - Started process (PID=883) to work on /home/airflow/.local/lib/python3.12/site-packages/airflow/example_dags/example_nested_branch_dag.py
[2025-01-23T23:42:17.719+0000] {processor.py:914} INFO - Processing file /home/airflow/.local/lib/python3.12/site-packages/airflow/example_dags/example_nested_branch_dag.py for tasks to queue
[2025-01-23T23:42:17.720+0000] {logging_mixin.py:190} INFO - [2025-01-23T23:42:17.720+0000] {dagbag.py:588} INFO - Filling up the DagBag from /home/airflow/.local/lib/python3.12/site-packages/airflow/example_dags/example_nested_branch_dag.py
[2025-01-23T23:42:17.730+0000] {processor.py:925} INFO - DAG(s) 'example_nested_branch_dag' retrieved from /home/airflow/.local/lib/python3.12/site-packages/airflow/example_dags/example_nested_branch_dag.py
[2025-01-23T23:42:17.749+0000] {logging_mixin.py:190} INFO - [2025-01-23T23:42:17.749+0000] {dag.py:3239} INFO - Sync 1 DAGs
[2025-01-23T23:42:17.769+0000] {logging_mixin.py:190} INFO - [2025-01-23T23:42:17.769+0000] {dag.py:4180} INFO - Setting next_dagrun for example_nested_branch_dag to 2025-01-22 00:00:00+00:00, run_after=2025-01-23 00:00:00+00:00
[2025-01-23T23:42:17.780+0000] {processor.py:208} INFO - Processing /home/airflow/.local/lib/python3.12/site-packages/airflow/example_dags/example_nested_branch_dag.py took 0.067 seconds
[2025-01-23T23:42:48.146+0000] {processor.py:186} INFO - Started process (PID=947) to work on /home/airflow/.local/lib/python3.12/site-packages/airflow/example_dags/example_nested_branch_dag.py
[2025-01-23T23:42:48.147+0000] {processor.py:914} INFO - Processing file /home/airflow/.local/lib/python3.12/site-packages/airflow/example_dags/example_nested_branch_dag.py for tasks to queue
[2025-01-23T23:42:48.148+0000] {logging_mixin.py:190} INFO - [2025-01-23T23:42:48.148+0000] {dagbag.py:588} INFO - Filling up the DagBag from /home/airflow/.local/lib/python3.12/site-packages/airflow/example_dags/example_nested_branch_dag.py
[2025-01-23T23:42:48.156+0000] {processor.py:925} INFO - DAG(s) 'example_nested_branch_dag' retrieved from /home/airflow/.local/lib/python3.12/site-packages/airflow/example_dags/example_nested_branch_dag.py
[2025-01-23T23:42:48.173+0000] {logging_mixin.py:190} INFO - [2025-01-23T23:42:48.173+0000] {dag.py:3239} INFO - Sync 1 DAGs
[2025-01-23T23:42:48.197+0000] {logging_mixin.py:190} INFO - [2025-01-23T23:42:48.197+0000] {dag.py:4180} INFO - Setting next_dagrun for example_nested_branch_dag to 2025-01-22 00:00:00+00:00, run_after=2025-01-23 00:00:00+00:00
[2025-01-23T23:42:48.213+0000] {processor.py:208} INFO - Processing /home/airflow/.local/lib/python3.12/site-packages/airflow/example_dags/example_nested_branch_dag.py took 0.071 seconds
[2025-01-23T23:43:19.221+0000] {processor.py:186} INFO - Started process (PID=1011) to work on /home/airflow/.local/lib/python3.12/site-packages/airflow/example_dags/example_nested_branch_dag.py
[2025-01-23T23:43:19.222+0000] {processor.py:914} INFO - Processing file /home/airflow/.local/lib/python3.12/site-packages/airflow/example_dags/example_nested_branch_dag.py for tasks to queue
[2025-01-23T23:43:19.224+0000] {logging_mixin.py:190} INFO - [2025-01-23T23:43:19.224+0000] {dagbag.py:588} INFO - Filling up the DagBag from /home/airflow/.local/lib/python3.12/site-packages/airflow/example_dags/example_nested_branch_dag.py
[2025-01-23T23:43:19.234+0000] {processor.py:925} INFO - DAG(s) 'example_nested_branch_dag' retrieved from /home/airflow/.local/lib/python3.12/site-packages/airflow/example_dags/example_nested_branch_dag.py
[2025-01-23T23:43:19.257+0000] {logging_mixin.py:190} INFO - [2025-01-23T23:43:19.257+0000] {dag.py:3239} INFO - Sync 1 DAGs
[2025-01-23T23:43:19.298+0000] {logging_mixin.py:190} INFO - [2025-01-23T23:43:19.297+0000] {dag.py:4180} INFO - Setting next_dagrun for example_nested_branch_dag to 2025-01-22 00:00:00+00:00, run_after=2025-01-23 00:00:00+00:00
[2025-01-23T23:43:19.326+0000] {processor.py:208} INFO - Processing /home/airflow/.local/lib/python3.12/site-packages/airflow/example_dags/example_nested_branch_dag.py took 0.109 seconds
[2025-01-23T23:43:50.095+0000] {processor.py:186} INFO - Started process (PID=1075) to work on /home/airflow/.local/lib/python3.12/site-packages/airflow/example_dags/example_nested_branch_dag.py
[2025-01-23T23:43:50.096+0000] {processor.py:914} INFO - Processing file /home/airflow/.local/lib/python3.12/site-packages/airflow/example_dags/example_nested_branch_dag.py for tasks to queue
[2025-01-23T23:43:50.098+0000] {logging_mixin.py:190} INFO - [2025-01-23T23:43:50.098+0000] {dagbag.py:588} INFO - Filling up the DagBag from /home/airflow/.local/lib/python3.12/site-packages/airflow/example_dags/example_nested_branch_dag.py
[2025-01-23T23:43:50.110+0000] {processor.py:925} INFO - DAG(s) 'example_nested_branch_dag' retrieved from /home/airflow/.local/lib/python3.12/site-packages/airflow/example_dags/example_nested_branch_dag.py
[2025-01-23T23:43:50.125+0000] {logging_mixin.py:190} INFO - [2025-01-23T23:43:50.125+0000] {dag.py:3239} INFO - Sync 1 DAGs
[2025-01-23T23:43:50.140+0000] {logging_mixin.py:190} INFO - [2025-01-23T23:43:50.140+0000] {dag.py:4180} INFO - Setting next_dagrun for example_nested_branch_dag to 2025-01-22 00:00:00+00:00, run_after=2025-01-23 00:00:00+00:00
[2025-01-23T23:43:50.154+0000] {processor.py:208} INFO - Processing /home/airflow/.local/lib/python3.12/site-packages/airflow/example_dags/example_nested_branch_dag.py took 0.065 seconds
[2025-01-23T23:44:21.125+0000] {processor.py:186} INFO - Started process (PID=1139) to work on /home/airflow/.local/lib/python3.12/site-packages/airflow/example_dags/example_nested_branch_dag.py
[2025-01-23T23:44:21.127+0000] {processor.py:914} INFO - Processing file /home/airflow/.local/lib/python3.12/site-packages/airflow/example_dags/example_nested_branch_dag.py for tasks to queue
[2025-01-23T23:44:21.132+0000] {logging_mixin.py:190} INFO - [2025-01-23T23:44:21.131+0000] {dagbag.py:588} INFO - Filling up the DagBag from /home/airflow/.local/lib/python3.12/site-packages/airflow/example_dags/example_nested_branch_dag.py
[2025-01-23T23:44:21.150+0000] {processor.py:925} INFO - DAG(s) 'example_nested_branch_dag' retrieved from /home/airflow/.local/lib/python3.12/site-packages/airflow/example_dags/example_nested_branch_dag.py
[2025-01-23T23:44:21.186+0000] {logging_mixin.py:190} INFO - [2025-01-23T23:44:21.186+0000] {dag.py:3239} INFO - Sync 1 DAGs
[2025-01-23T23:44:21.204+0000] {logging_mixin.py:190} INFO - [2025-01-23T23:44:21.204+0000] {dag.py:4180} INFO - Setting next_dagrun for example_nested_branch_dag to 2025-01-22 00:00:00+00:00, run_after=2025-01-23 00:00:00+00:00
[2025-01-23T23:44:21.218+0000] {processor.py:208} INFO - Processing /home/airflow/.local/lib/python3.12/site-packages/airflow/example_dags/example_nested_branch_dag.py took 0.101 seconds
[2025-01-23T23:44:51.909+0000] {processor.py:186} INFO - Started process (PID=1203) to work on /home/airflow/.local/lib/python3.12/site-packages/airflow/example_dags/example_nested_branch_dag.py
[2025-01-23T23:44:51.910+0000] {processor.py:914} INFO - Processing file /home/airflow/.local/lib/python3.12/site-packages/airflow/example_dags/example_nested_branch_dag.py for tasks to queue
[2025-01-23T23:44:51.912+0000] {logging_mixin.py:190} INFO - [2025-01-23T23:44:51.911+0000] {dagbag.py:588} INFO - Filling up the DagBag from /home/airflow/.local/lib/python3.12/site-packages/airflow/example_dags/example_nested_branch_dag.py
[2025-01-23T23:44:51.924+0000] {processor.py:925} INFO - DAG(s) 'example_nested_branch_dag' retrieved from /home/airflow/.local/lib/python3.12/site-packages/airflow/example_dags/example_nested_branch_dag.py
[2025-01-23T23:44:51.939+0000] {logging_mixin.py:190} INFO - [2025-01-23T23:44:51.939+0000] {dag.py:3239} INFO - Sync 1 DAGs
[2025-01-23T23:44:51.966+0000] {logging_mixin.py:190} INFO - [2025-01-23T23:44:51.966+0000] {dag.py:4180} INFO - Setting next_dagrun for example_nested_branch_dag to 2025-01-22 00:00:00+00:00, run_after=2025-01-23 00:00:00+00:00
[2025-01-23T23:44:51.984+0000] {processor.py:208} INFO - Processing /home/airflow/.local/lib/python3.12/site-packages/airflow/example_dags/example_nested_branch_dag.py took 0.080 seconds
[2025-01-23T23:45:23.017+0000] {processor.py:186} INFO - Started process (PID=1267) to work on /home/airflow/.local/lib/python3.12/site-packages/airflow/example_dags/example_nested_branch_dag.py
[2025-01-23T23:45:23.018+0000] {processor.py:914} INFO - Processing file /home/airflow/.local/lib/python3.12/site-packages/airflow/example_dags/example_nested_branch_dag.py for tasks to queue
[2025-01-23T23:45:23.019+0000] {logging_mixin.py:190} INFO - [2025-01-23T23:45:23.019+0000] {dagbag.py:588} INFO - Filling up the DagBag from /home/airflow/.local/lib/python3.12/site-packages/airflow/example_dags/example_nested_branch_dag.py
[2025-01-23T23:45:23.026+0000] {processor.py:925} INFO - DAG(s) 'example_nested_branch_dag' retrieved from /home/airflow/.local/lib/python3.12/site-packages/airflow/example_dags/example_nested_branch_dag.py
[2025-01-23T23:45:23.046+0000] {logging_mixin.py:190} INFO - [2025-01-23T23:45:23.046+0000] {dag.py:3239} INFO - Sync 1 DAGs
[2025-01-23T23:45:23.071+0000] {logging_mixin.py:190} INFO - [2025-01-23T23:45:23.071+0000] {dag.py:4180} INFO - Setting next_dagrun for example_nested_branch_dag to 2025-01-22 00:00:00+00:00, run_after=2025-01-23 00:00:00+00:00
[2025-01-23T23:45:23.091+0000] {processor.py:208} INFO - Processing /home/airflow/.local/lib/python3.12/site-packages/airflow/example_dags/example_nested_branch_dag.py took 0.077 seconds
[2025-01-23T23:45:54.074+0000] {processor.py:186} INFO - Started process (PID=1331) to work on /home/airflow/.local/lib/python3.12/site-packages/airflow/example_dags/example_nested_branch_dag.py
[2025-01-23T23:45:54.075+0000] {processor.py:914} INFO - Processing file /home/airflow/.local/lib/python3.12/site-packages/airflow/example_dags/example_nested_branch_dag.py for tasks to queue
[2025-01-23T23:45:54.076+0000] {logging_mixin.py:190} INFO - [2025-01-23T23:45:54.076+0000] {dagbag.py:588} INFO - Filling up the DagBag from /home/airflow/.local/lib/python3.12/site-packages/airflow/example_dags/example_nested_branch_dag.py
[2025-01-23T23:45:54.083+0000] {processor.py:925} INFO - DAG(s) 'example_nested_branch_dag' retrieved from /home/airflow/.local/lib/python3.12/site-packages/airflow/example_dags/example_nested_branch_dag.py
[2025-01-23T23:45:54.100+0000] {logging_mixin.py:190} INFO - [2025-01-23T23:45:54.100+0000] {dag.py:3239} INFO - Sync 1 DAGs
[2025-01-23T23:45:54.136+0000] {logging_mixin.py:190} INFO - [2025-01-23T23:45:54.135+0000] {dag.py:4180} INFO - Setting next_dagrun for example_nested_branch_dag to 2025-01-22 00:00:00+00:00, run_after=2025-01-23 00:00:00+00:00
[2025-01-23T23:45:54.157+0000] {processor.py:208} INFO - Processing /home/airflow/.local/lib/python3.12/site-packages/airflow/example_dags/example_nested_branch_dag.py took 0.087 seconds
[2025-01-23T23:46:24.917+0000] {processor.py:186} INFO - Started process (PID=1395) to work on /home/airflow/.local/lib/python3.12/site-packages/airflow/example_dags/example_nested_branch_dag.py
[2025-01-23T23:46:24.918+0000] {processor.py:914} INFO - Processing file /home/airflow/.local/lib/python3.12/site-packages/airflow/example_dags/example_nested_branch_dag.py for tasks to queue
[2025-01-23T23:46:24.919+0000] {logging_mixin.py:190} INFO - [2025-01-23T23:46:24.919+0000] {dagbag.py:588} INFO - Filling up the DagBag from /home/airflow/.local/lib/python3.12/site-packages/airflow/example_dags/example_nested_branch_dag.py
[2025-01-23T23:46:24.926+0000] {processor.py:925} INFO - DAG(s) 'example_nested_branch_dag' retrieved from /home/airflow/.local/lib/python3.12/site-packages/airflow/example_dags/example_nested_branch_dag.py
[2025-01-23T23:46:24.940+0000] {logging_mixin.py:190} INFO - [2025-01-23T23:46:24.940+0000] {dag.py:3239} INFO - Sync 1 DAGs
[2025-01-23T23:46:24.966+0000] {logging_mixin.py:190} INFO - [2025-01-23T23:46:24.965+0000] {dag.py:4180} INFO - Setting next_dagrun for example_nested_branch_dag to 2025-01-22 00:00:00+00:00, run_after=2025-01-23 00:00:00+00:00
[2025-01-23T23:46:24.986+0000] {processor.py:208} INFO - Processing /home/airflow/.local/lib/python3.12/site-packages/airflow/example_dags/example_nested_branch_dag.py took 0.073 seconds
[2025-01-23T23:46:55.982+0000] {processor.py:186} INFO - Started process (PID=1459) to work on /home/airflow/.local/lib/python3.12/site-packages/airflow/example_dags/example_nested_branch_dag.py
[2025-01-23T23:46:55.983+0000] {processor.py:914} INFO - Processing file /home/airflow/.local/lib/python3.12/site-packages/airflow/example_dags/example_nested_branch_dag.py for tasks to queue
[2025-01-23T23:46:55.986+0000] {logging_mixin.py:190} INFO - [2025-01-23T23:46:55.985+0000] {dagbag.py:588} INFO - Filling up the DagBag from /home/airflow/.local/lib/python3.12/site-packages/airflow/example_dags/example_nested_branch_dag.py
[2025-01-23T23:46:55.993+0000] {processor.py:925} INFO - DAG(s) 'example_nested_branch_dag' retrieved from /home/airflow/.local/lib/python3.12/site-packages/airflow/example_dags/example_nested_branch_dag.py
[2025-01-23T23:46:56.026+0000] {logging_mixin.py:190} INFO - [2025-01-23T23:46:56.025+0000] {dag.py:3239} INFO - Sync 1 DAGs
[2025-01-23T23:46:56.079+0000] {logging_mixin.py:190} INFO - [2025-01-23T23:46:56.079+0000] {dag.py:4180} INFO - Setting next_dagrun for example_nested_branch_dag to 2025-01-22 00:00:00+00:00, run_after=2025-01-23 00:00:00+00:00
[2025-01-23T23:46:56.097+0000] {processor.py:208} INFO - Processing /home/airflow/.local/lib/python3.12/site-packages/airflow/example_dags/example_nested_branch_dag.py took 0.122 seconds
[2025-01-23T23:47:26.764+0000] {processor.py:186} INFO - Started process (PID=1523) to work on /home/airflow/.local/lib/python3.12/site-packages/airflow/example_dags/example_nested_branch_dag.py
[2025-01-23T23:47:26.765+0000] {processor.py:914} INFO - Processing file /home/airflow/.local/lib/python3.12/site-packages/airflow/example_dags/example_nested_branch_dag.py for tasks to queue
[2025-01-23T23:47:26.767+0000] {logging_mixin.py:190} INFO - [2025-01-23T23:47:26.767+0000] {dagbag.py:588} INFO - Filling up the DagBag from /home/airflow/.local/lib/python3.12/site-packages/airflow/example_dags/example_nested_branch_dag.py
[2025-01-23T23:47:26.776+0000] {processor.py:925} INFO - DAG(s) 'example_nested_branch_dag' retrieved from /home/airflow/.local/lib/python3.12/site-packages/airflow/example_dags/example_nested_branch_dag.py
[2025-01-23T23:47:26.799+0000] {logging_mixin.py:190} INFO - [2025-01-23T23:47:26.799+0000] {dag.py:3239} INFO - Sync 1 DAGs
[2025-01-23T23:47:26.825+0000] {logging_mixin.py:190} INFO - [2025-01-23T23:47:26.824+0000] {dag.py:4180} INFO - Setting next_dagrun for example_nested_branch_dag to 2025-01-22 00:00:00+00:00, run_after=2025-01-23 00:00:00+00:00
[2025-01-23T23:47:26.845+0000] {processor.py:208} INFO - Processing /home/airflow/.local/lib/python3.12/site-packages/airflow/example_dags/example_nested_branch_dag.py took 0.087 seconds
[2025-01-23T23:47:57.671+0000] {processor.py:186} INFO - Started process (PID=1587) to work on /home/airflow/.local/lib/python3.12/site-packages/airflow/example_dags/example_nested_branch_dag.py
[2025-01-23T23:47:57.671+0000] {processor.py:914} INFO - Processing file /home/airflow/.local/lib/python3.12/site-packages/airflow/example_dags/example_nested_branch_dag.py for tasks to queue
[2025-01-23T23:47:57.675+0000] {logging_mixin.py:190} INFO - [2025-01-23T23:47:57.674+0000] {dagbag.py:588} INFO - Filling up the DagBag from /home/airflow/.local/lib/python3.12/site-packages/airflow/example_dags/example_nested_branch_dag.py
[2025-01-23T23:47:57.695+0000] {processor.py:925} INFO - DAG(s) 'example_nested_branch_dag' retrieved from /home/airflow/.local/lib/python3.12/site-packages/airflow/example_dags/example_nested_branch_dag.py
[2025-01-23T23:47:57.726+0000] {logging_mixin.py:190} INFO - [2025-01-23T23:47:57.726+0000] {dag.py:3239} INFO - Sync 1 DAGs
[2025-01-23T23:47:57.753+0000] {logging_mixin.py:190} INFO - [2025-01-23T23:47:57.752+0000] {dag.py:4180} INFO - Setting next_dagrun for example_nested_branch_dag to 2025-01-22 00:00:00+00:00, run_after=2025-01-23 00:00:00+00:00
[2025-01-23T23:47:57.778+0000] {processor.py:208} INFO - Processing /home/airflow/.local/lib/python3.12/site-packages/airflow/example_dags/example_nested_branch_dag.py took 0.114 seconds
[2025-01-23T23:48:28.669+0000] {processor.py:186} INFO - Started process (PID=1651) to work on /home/airflow/.local/lib/python3.12/site-packages/airflow/example_dags/example_nested_branch_dag.py
[2025-01-23T23:48:28.670+0000] {processor.py:914} INFO - Processing file /home/airflow/.local/lib/python3.12/site-packages/airflow/example_dags/example_nested_branch_dag.py for tasks to queue
[2025-01-23T23:48:28.672+0000] {logging_mixin.py:190} INFO - [2025-01-23T23:48:28.671+0000] {dagbag.py:588} INFO - Filling up the DagBag from /home/airflow/.local/lib/python3.12/site-packages/airflow/example_dags/example_nested_branch_dag.py
[2025-01-23T23:48:28.681+0000] {processor.py:925} INFO - DAG(s) 'example_nested_branch_dag' retrieved from /home/airflow/.local/lib/python3.12/site-packages/airflow/example_dags/example_nested_branch_dag.py
[2025-01-23T23:48:28.703+0000] {logging_mixin.py:190} INFO - [2025-01-23T23:48:28.703+0000] {dag.py:3239} INFO - Sync 1 DAGs
[2025-01-23T23:48:28.737+0000] {logging_mixin.py:190} INFO - [2025-01-23T23:48:28.737+0000] {dag.py:4180} INFO - Setting next_dagrun for example_nested_branch_dag to 2025-01-22 00:00:00+00:00, run_after=2025-01-23 00:00:00+00:00
[2025-01-23T23:48:28.772+0000] {processor.py:208} INFO - Processing /home/airflow/.local/lib/python3.12/site-packages/airflow/example_dags/example_nested_branch_dag.py took 0.107 seconds
[2025-01-23T23:48:59.498+0000] {processor.py:186} INFO - Started process (PID=1715) to work on /home/airflow/.local/lib/python3.12/site-packages/airflow/example_dags/example_nested_branch_dag.py
[2025-01-23T23:48:59.500+0000] {processor.py:914} INFO - Processing file /home/airflow/.local/lib/python3.12/site-packages/airflow/example_dags/example_nested_branch_dag.py for tasks to queue
[2025-01-23T23:48:59.501+0000] {logging_mixin.py:190} INFO - [2025-01-23T23:48:59.501+0000] {dagbag.py:588} INFO - Filling up the DagBag from /home/airflow/.local/lib/python3.12/site-packages/airflow/example_dags/example_nested_branch_dag.py
[2025-01-23T23:48:59.512+0000] {processor.py:925} INFO - DAG(s) 'example_nested_branch_dag' retrieved from /home/airflow/.local/lib/python3.12/site-packages/airflow/example_dags/example_nested_branch_dag.py
[2025-01-23T23:48:59.531+0000] {logging_mixin.py:190} INFO - [2025-01-23T23:48:59.530+0000] {dag.py:3239} INFO - Sync 1 DAGs
[2025-01-23T23:48:59.560+0000] {logging_mixin.py:190} INFO - [2025-01-23T23:48:59.560+0000] {dag.py:4180} INFO - Setting next_dagrun for example_nested_branch_dag to 2025-01-22 00:00:00+00:00, run_after=2025-01-23 00:00:00+00:00
[2025-01-23T23:48:59.581+0000] {processor.py:208} INFO - Processing /home/airflow/.local/lib/python3.12/site-packages/airflow/example_dags/example_nested_branch_dag.py took 0.088 seconds
[2025-01-23T23:49:31.022+0000] {processor.py:186} INFO - Started process (PID=1779) to work on /home/airflow/.local/lib/python3.12/site-packages/airflow/example_dags/example_nested_branch_dag.py
[2025-01-23T23:49:31.024+0000] {processor.py:914} INFO - Processing file /home/airflow/.local/lib/python3.12/site-packages/airflow/example_dags/example_nested_branch_dag.py for tasks to queue
[2025-01-23T23:49:31.027+0000] {logging_mixin.py:190} INFO - [2025-01-23T23:49:31.026+0000] {dagbag.py:588} INFO - Filling up the DagBag from /home/airflow/.local/lib/python3.12/site-packages/airflow/example_dags/example_nested_branch_dag.py
[2025-01-23T23:49:31.039+0000] {processor.py:925} INFO - DAG(s) 'example_nested_branch_dag' retrieved from /home/airflow/.local/lib/python3.12/site-packages/airflow/example_dags/example_nested_branch_dag.py
[2025-01-23T23:49:31.066+0000] {logging_mixin.py:190} INFO - [2025-01-23T23:49:31.066+0000] {dag.py:3239} INFO - Sync 1 DAGs
[2025-01-23T23:49:31.102+0000] {logging_mixin.py:190} INFO - [2025-01-23T23:49:31.102+0000] {dag.py:4180} INFO - Setting next_dagrun for example_nested_branch_dag to 2025-01-22 00:00:00+00:00, run_after=2025-01-23 00:00:00+00:00
[2025-01-23T23:49:31.121+0000] {processor.py:208} INFO - Processing /home/airflow/.local/lib/python3.12/site-packages/airflow/example_dags/example_nested_branch_dag.py took 0.107 seconds
[2025-01-23T23:50:02.356+0000] {processor.py:186} INFO - Started process (PID=1843) to work on /home/airflow/.local/lib/python3.12/site-packages/airflow/example_dags/example_nested_branch_dag.py
[2025-01-23T23:50:02.358+0000] {processor.py:914} INFO - Processing file /home/airflow/.local/lib/python3.12/site-packages/airflow/example_dags/example_nested_branch_dag.py for tasks to queue
[2025-01-23T23:50:02.360+0000] {logging_mixin.py:190} INFO - [2025-01-23T23:50:02.359+0000] {dagbag.py:588} INFO - Filling up the DagBag from /home/airflow/.local/lib/python3.12/site-packages/airflow/example_dags/example_nested_branch_dag.py
[2025-01-23T23:50:02.372+0000] {processor.py:925} INFO - DAG(s) 'example_nested_branch_dag' retrieved from /home/airflow/.local/lib/python3.12/site-packages/airflow/example_dags/example_nested_branch_dag.py
[2025-01-23T23:50:02.390+0000] {logging_mixin.py:190} INFO - [2025-01-23T23:50:02.390+0000] {dag.py:3239} INFO - Sync 1 DAGs
[2025-01-23T23:50:02.409+0000] {logging_mixin.py:190} INFO - [2025-01-23T23:50:02.409+0000] {dag.py:4180} INFO - Setting next_dagrun for example_nested_branch_dag to 2025-01-22 00:00:00+00:00, run_after=2025-01-23 00:00:00+00:00
[2025-01-23T23:50:02.426+0000] {processor.py:208} INFO - Processing /home/airflow/.local/lib/python3.12/site-packages/airflow/example_dags/example_nested_branch_dag.py took 0.075 seconds
[2025-01-23T23:50:33.684+0000] {processor.py:186} INFO - Started process (PID=1907) to work on /home/airflow/.local/lib/python3.12/site-packages/airflow/example_dags/example_nested_branch_dag.py
[2025-01-23T23:50:33.685+0000] {processor.py:914} INFO - Processing file /home/airflow/.local/lib/python3.12/site-packages/airflow/example_dags/example_nested_branch_dag.py for tasks to queue
[2025-01-23T23:50:33.687+0000] {logging_mixin.py:190} INFO - [2025-01-23T23:50:33.687+0000] {dagbag.py:588} INFO - Filling up the DagBag from /home/airflow/.local/lib/python3.12/site-packages/airflow/example_dags/example_nested_branch_dag.py
[2025-01-23T23:50:33.695+0000] {processor.py:925} INFO - DAG(s) 'example_nested_branch_dag' retrieved from /home/airflow/.local/lib/python3.12/site-packages/airflow/example_dags/example_nested_branch_dag.py
[2025-01-23T23:50:33.714+0000] {logging_mixin.py:190} INFO - [2025-01-23T23:50:33.713+0000] {dag.py:3239} INFO - Sync 1 DAGs
[2025-01-23T23:50:33.736+0000] {logging_mixin.py:190} INFO - [2025-01-23T23:50:33.736+0000] {dag.py:4180} INFO - Setting next_dagrun for example_nested_branch_dag to 2025-01-22 00:00:00+00:00, run_after=2025-01-23 00:00:00+00:00
[2025-01-23T23:50:33.752+0000] {processor.py:208} INFO - Processing /home/airflow/.local/lib/python3.12/site-packages/airflow/example_dags/example_nested_branch_dag.py took 0.072 seconds
[2025-01-23T23:51:04.780+0000] {processor.py:186} INFO - Started process (PID=1971) to work on /home/airflow/.local/lib/python3.12/site-packages/airflow/example_dags/example_nested_branch_dag.py
[2025-01-23T23:51:04.781+0000] {processor.py:914} INFO - Processing file /home/airflow/.local/lib/python3.12/site-packages/airflow/example_dags/example_nested_branch_dag.py for tasks to queue
[2025-01-23T23:51:04.783+0000] {logging_mixin.py:190} INFO - [2025-01-23T23:51:04.783+0000] {dagbag.py:588} INFO - Filling up the DagBag from /home/airflow/.local/lib/python3.12/site-packages/airflow/example_dags/example_nested_branch_dag.py
[2025-01-23T23:51:04.792+0000] {processor.py:925} INFO - DAG(s) 'example_nested_branch_dag' retrieved from /home/airflow/.local/lib/python3.12/site-packages/airflow/example_dags/example_nested_branch_dag.py
[2025-01-23T23:51:04.808+0000] {logging_mixin.py:190} INFO - [2025-01-23T23:51:04.808+0000] {dag.py:3239} INFO - Sync 1 DAGs
[2025-01-23T23:51:04.829+0000] {logging_mixin.py:190} INFO - [2025-01-23T23:51:04.829+0000] {dag.py:4180} INFO - Setting next_dagrun for example_nested_branch_dag to 2025-01-22 00:00:00+00:00, run_after=2025-01-23 00:00:00+00:00
[2025-01-23T23:51:04.847+0000] {processor.py:208} INFO - Processing /home/airflow/.local/lib/python3.12/site-packages/airflow/example_dags/example_nested_branch_dag.py took 0.073 seconds
[2025-01-23T23:51:35.499+0000] {processor.py:186} INFO - Started process (PID=2035) to work on /home/airflow/.local/lib/python3.12/site-packages/airflow/example_dags/example_nested_branch_dag.py
[2025-01-23T23:51:35.500+0000] {processor.py:914} INFO - Processing file /home/airflow/.local/lib/python3.12/site-packages/airflow/example_dags/example_nested_branch_dag.py for tasks to queue
[2025-01-23T23:51:35.502+0000] {logging_mixin.py:190} INFO - [2025-01-23T23:51:35.502+0000] {dagbag.py:588} INFO - Filling up the DagBag from /home/airflow/.local/lib/python3.12/site-packages/airflow/example_dags/example_nested_branch_dag.py
[2025-01-23T23:51:35.515+0000] {processor.py:925} INFO - DAG(s) 'example_nested_branch_dag' retrieved from /home/airflow/.local/lib/python3.12/site-packages/airflow/example_dags/example_nested_branch_dag.py
[2025-01-23T23:51:35.538+0000] {logging_mixin.py:190} INFO - [2025-01-23T23:51:35.538+0000] {dag.py:3239} INFO - Sync 1 DAGs
[2025-01-23T23:51:35.567+0000] {logging_mixin.py:190} INFO - [2025-01-23T23:51:35.566+0000] {dag.py:4180} INFO - Setting next_dagrun for example_nested_branch_dag to 2025-01-22 00:00:00+00:00, run_after=2025-01-23 00:00:00+00:00
[2025-01-23T23:51:35.586+0000] {processor.py:208} INFO - Processing /home/airflow/.local/lib/python3.12/site-packages/airflow/example_dags/example_nested_branch_dag.py took 0.091 seconds
[2025-01-23T23:52:07.411+0000] {processor.py:186} INFO - Started process (PID=2099) to work on /home/airflow/.local/lib/python3.12/site-packages/airflow/example_dags/example_nested_branch_dag.py
[2025-01-23T23:52:07.413+0000] {processor.py:914} INFO - Processing file /home/airflow/.local/lib/python3.12/site-packages/airflow/example_dags/example_nested_branch_dag.py for tasks to queue
[2025-01-23T23:52:07.415+0000] {logging_mixin.py:190} INFO - [2025-01-23T23:52:07.414+0000] {dagbag.py:588} INFO - Filling up the DagBag from /home/airflow/.local/lib/python3.12/site-packages/airflow/example_dags/example_nested_branch_dag.py
[2025-01-23T23:52:07.431+0000] {processor.py:925} INFO - DAG(s) 'example_nested_branch_dag' retrieved from /home/airflow/.local/lib/python3.12/site-packages/airflow/example_dags/example_nested_branch_dag.py
[2025-01-23T23:52:07.463+0000] {logging_mixin.py:190} INFO - [2025-01-23T23:52:07.463+0000] {dag.py:3239} INFO - Sync 1 DAGs
[2025-01-23T23:52:07.497+0000] {logging_mixin.py:190} INFO - [2025-01-23T23:52:07.497+0000] {dag.py:4180} INFO - Setting next_dagrun for example_nested_branch_dag to 2025-01-22 00:00:00+00:00, run_after=2025-01-23 00:00:00+00:00
[2025-01-23T23:52:07.523+0000] {processor.py:208} INFO - Processing /home/airflow/.local/lib/python3.12/site-packages/airflow/example_dags/example_nested_branch_dag.py took 0.119 seconds
[2025-01-23T23:52:37.828+0000] {processor.py:186} INFO - Started process (PID=2163) to work on /home/airflow/.local/lib/python3.12/site-packages/airflow/example_dags/example_nested_branch_dag.py
[2025-01-23T23:52:37.830+0000] {processor.py:914} INFO - Processing file /home/airflow/.local/lib/python3.12/site-packages/airflow/example_dags/example_nested_branch_dag.py for tasks to queue
[2025-01-23T23:52:37.831+0000] {logging_mixin.py:190} INFO - [2025-01-23T23:52:37.831+0000] {dagbag.py:588} INFO - Filling up the DagBag from /home/airflow/.local/lib/python3.12/site-packages/airflow/example_dags/example_nested_branch_dag.py
[2025-01-23T23:52:37.840+0000] {processor.py:925} INFO - DAG(s) 'example_nested_branch_dag' retrieved from /home/airflow/.local/lib/python3.12/site-packages/airflow/example_dags/example_nested_branch_dag.py
[2025-01-23T23:52:37.865+0000] {logging_mixin.py:190} INFO - [2025-01-23T23:52:37.865+0000] {dag.py:3239} INFO - Sync 1 DAGs
[2025-01-23T23:52:37.893+0000] {logging_mixin.py:190} INFO - [2025-01-23T23:52:37.893+0000] {dag.py:4180} INFO - Setting next_dagrun for example_nested_branch_dag to 2025-01-22 00:00:00+00:00, run_after=2025-01-23 00:00:00+00:00
[2025-01-23T23:52:37.911+0000] {processor.py:208} INFO - Processing /home/airflow/.local/lib/python3.12/site-packages/airflow/example_dags/example_nested_branch_dag.py took 0.087 seconds
[2025-01-23T23:53:09.098+0000] {processor.py:186} INFO - Started process (PID=2227) to work on /home/airflow/.local/lib/python3.12/site-packages/airflow/example_dags/example_nested_branch_dag.py
[2025-01-23T23:53:09.099+0000] {processor.py:914} INFO - Processing file /home/airflow/.local/lib/python3.12/site-packages/airflow/example_dags/example_nested_branch_dag.py for tasks to queue
[2025-01-23T23:53:09.100+0000] {logging_mixin.py:190} INFO - [2025-01-23T23:53:09.100+0000] {dagbag.py:588} INFO - Filling up the DagBag from /home/airflow/.local/lib/python3.12/site-packages/airflow/example_dags/example_nested_branch_dag.py
[2025-01-23T23:53:09.109+0000] {processor.py:925} INFO - DAG(s) 'example_nested_branch_dag' retrieved from /home/airflow/.local/lib/python3.12/site-packages/airflow/example_dags/example_nested_branch_dag.py
[2025-01-23T23:53:09.127+0000] {logging_mixin.py:190} INFO - [2025-01-23T23:53:09.127+0000] {dag.py:3239} INFO - Sync 1 DAGs
[2025-01-23T23:53:09.150+0000] {logging_mixin.py:190} INFO - [2025-01-23T23:53:09.150+0000] {dag.py:4180} INFO - Setting next_dagrun for example_nested_branch_dag to 2025-01-22 00:00:00+00:00, run_after=2025-01-23 00:00:00+00:00
[2025-01-23T23:53:09.168+0000] {processor.py:208} INFO - Processing /home/airflow/.local/lib/python3.12/site-packages/airflow/example_dags/example_nested_branch_dag.py took 0.074 seconds
[2025-01-23T23:53:40.067+0000] {processor.py:186} INFO - Started process (PID=2291) to work on /home/airflow/.local/lib/python3.12/site-packages/airflow/example_dags/example_nested_branch_dag.py
[2025-01-23T23:53:40.067+0000] {processor.py:914} INFO - Processing file /home/airflow/.local/lib/python3.12/site-packages/airflow/example_dags/example_nested_branch_dag.py for tasks to queue
[2025-01-23T23:53:40.069+0000] {logging_mixin.py:190} INFO - [2025-01-23T23:53:40.069+0000] {dagbag.py:588} INFO - Filling up the DagBag from /home/airflow/.local/lib/python3.12/site-packages/airflow/example_dags/example_nested_branch_dag.py
[2025-01-23T23:53:40.076+0000] {processor.py:925} INFO - DAG(s) 'example_nested_branch_dag' retrieved from /home/airflow/.local/lib/python3.12/site-packages/airflow/example_dags/example_nested_branch_dag.py
[2025-01-23T23:53:40.094+0000] {logging_mixin.py:190} INFO - [2025-01-23T23:53:40.094+0000] {dag.py:3239} INFO - Sync 1 DAGs
[2025-01-23T23:53:40.118+0000] {logging_mixin.py:190} INFO - [2025-01-23T23:53:40.118+0000] {dag.py:4180} INFO - Setting next_dagrun for example_nested_branch_dag to 2025-01-22 00:00:00+00:00, run_after=2025-01-23 00:00:00+00:00
[2025-01-23T23:53:40.156+0000] {processor.py:208} INFO - Processing /home/airflow/.local/lib/python3.12/site-packages/airflow/example_dags/example_nested_branch_dag.py took 0.092 seconds
[2025-01-23T23:54:10.909+0000] {processor.py:186} INFO - Started process (PID=2355) to work on /home/airflow/.local/lib/python3.12/site-packages/airflow/example_dags/example_nested_branch_dag.py
[2025-01-23T23:54:10.910+0000] {processor.py:914} INFO - Processing file /home/airflow/.local/lib/python3.12/site-packages/airflow/example_dags/example_nested_branch_dag.py for tasks to queue
[2025-01-23T23:54:10.912+0000] {logging_mixin.py:190} INFO - [2025-01-23T23:54:10.912+0000] {dagbag.py:588} INFO - Filling up the DagBag from /home/airflow/.local/lib/python3.12/site-packages/airflow/example_dags/example_nested_branch_dag.py
[2025-01-23T23:54:10.921+0000] {processor.py:925} INFO - DAG(s) 'example_nested_branch_dag' retrieved from /home/airflow/.local/lib/python3.12/site-packages/airflow/example_dags/example_nested_branch_dag.py
[2025-01-23T23:54:10.978+0000] {logging_mixin.py:190} INFO - [2025-01-23T23:54:10.978+0000] {dag.py:3239} INFO - Sync 1 DAGs
[2025-01-23T23:54:11.001+0000] {logging_mixin.py:190} INFO - [2025-01-23T23:54:11.001+0000] {dag.py:4180} INFO - Setting next_dagrun for example_nested_branch_dag to 2025-01-22 00:00:00+00:00, run_after=2025-01-23 00:00:00+00:00
[2025-01-23T23:54:11.022+0000] {processor.py:208} INFO - Processing /home/airflow/.local/lib/python3.12/site-packages/airflow/example_dags/example_nested_branch_dag.py took 0.119 seconds
[2025-01-23T23:54:42.316+0000] {processor.py:186} INFO - Started process (PID=2424) to work on /home/airflow/.local/lib/python3.12/site-packages/airflow/example_dags/example_nested_branch_dag.py
[2025-01-23T23:54:42.317+0000] {processor.py:914} INFO - Processing file /home/airflow/.local/lib/python3.12/site-packages/airflow/example_dags/example_nested_branch_dag.py for tasks to queue
[2025-01-23T23:54:42.320+0000] {logging_mixin.py:190} INFO - [2025-01-23T23:54:42.319+0000] {dagbag.py:588} INFO - Filling up the DagBag from /home/airflow/.local/lib/python3.12/site-packages/airflow/example_dags/example_nested_branch_dag.py
[2025-01-23T23:54:42.329+0000] {processor.py:925} INFO - DAG(s) 'example_nested_branch_dag' retrieved from /home/airflow/.local/lib/python3.12/site-packages/airflow/example_dags/example_nested_branch_dag.py
[2025-01-23T23:54:42.358+0000] {logging_mixin.py:190} INFO - [2025-01-23T23:54:42.358+0000] {dag.py:3239} INFO - Sync 1 DAGs
[2025-01-23T23:54:42.390+0000] {logging_mixin.py:190} INFO - [2025-01-23T23:54:42.389+0000] {dag.py:4180} INFO - Setting next_dagrun for example_nested_branch_dag to 2025-01-22 00:00:00+00:00, run_after=2025-01-23 00:00:00+00:00
[2025-01-23T23:54:42.409+0000] {processor.py:208} INFO - Processing /home/airflow/.local/lib/python3.12/site-packages/airflow/example_dags/example_nested_branch_dag.py took 0.099 seconds
[2025-01-23T23:55:12.945+0000] {processor.py:186} INFO - Started process (PID=2488) to work on /home/airflow/.local/lib/python3.12/site-packages/airflow/example_dags/example_nested_branch_dag.py
[2025-01-23T23:55:12.946+0000] {processor.py:914} INFO - Processing file /home/airflow/.local/lib/python3.12/site-packages/airflow/example_dags/example_nested_branch_dag.py for tasks to queue
[2025-01-23T23:55:12.947+0000] {logging_mixin.py:190} INFO - [2025-01-23T23:55:12.947+0000] {dagbag.py:588} INFO - Filling up the DagBag from /home/airflow/.local/lib/python3.12/site-packages/airflow/example_dags/example_nested_branch_dag.py
[2025-01-23T23:55:12.956+0000] {processor.py:925} INFO - DAG(s) 'example_nested_branch_dag' retrieved from /home/airflow/.local/lib/python3.12/site-packages/airflow/example_dags/example_nested_branch_dag.py
[2025-01-23T23:55:12.976+0000] {logging_mixin.py:190} INFO - [2025-01-23T23:55:12.976+0000] {dag.py:3239} INFO - Sync 1 DAGs
[2025-01-23T23:55:12.998+0000] {logging_mixin.py:190} INFO - [2025-01-23T23:55:12.998+0000] {dag.py:4180} INFO - Setting next_dagrun for example_nested_branch_dag to 2025-01-22 00:00:00+00:00, run_after=2025-01-23 00:00:00+00:00
[2025-01-23T23:55:13.011+0000] {processor.py:208} INFO - Processing /home/airflow/.local/lib/python3.12/site-packages/airflow/example_dags/example_nested_branch_dag.py took 0.070 seconds
[2025-01-23T23:55:43.923+0000] {processor.py:186} INFO - Started process (PID=2552) to work on /home/airflow/.local/lib/python3.12/site-packages/airflow/example_dags/example_nested_branch_dag.py
[2025-01-23T23:55:43.924+0000] {processor.py:914} INFO - Processing file /home/airflow/.local/lib/python3.12/site-packages/airflow/example_dags/example_nested_branch_dag.py for tasks to queue
[2025-01-23T23:55:43.925+0000] {logging_mixin.py:190} INFO - [2025-01-23T23:55:43.925+0000] {dagbag.py:588} INFO - Filling up the DagBag from /home/airflow/.local/lib/python3.12/site-packages/airflow/example_dags/example_nested_branch_dag.py
[2025-01-23T23:55:43.933+0000] {processor.py:925} INFO - DAG(s) 'example_nested_branch_dag' retrieved from /home/airflow/.local/lib/python3.12/site-packages/airflow/example_dags/example_nested_branch_dag.py
[2025-01-23T23:55:43.953+0000] {logging_mixin.py:190} INFO - [2025-01-23T23:55:43.952+0000] {dag.py:3239} INFO - Sync 1 DAGs
[2025-01-23T23:55:43.976+0000] {logging_mixin.py:190} INFO - [2025-01-23T23:55:43.975+0000] {dag.py:4180} INFO - Setting next_dagrun for example_nested_branch_dag to 2025-01-22 00:00:00+00:00, run_after=2025-01-23 00:00:00+00:00
[2025-01-23T23:55:43.989+0000] {processor.py:208} INFO - Processing /home/airflow/.local/lib/python3.12/site-packages/airflow/example_dags/example_nested_branch_dag.py took 0.071 seconds
[2025-01-23T23:56:14.812+0000] {processor.py:186} INFO - Started process (PID=2618) to work on /home/airflow/.local/lib/python3.12/site-packages/airflow/example_dags/example_nested_branch_dag.py
[2025-01-23T23:56:14.813+0000] {processor.py:914} INFO - Processing file /home/airflow/.local/lib/python3.12/site-packages/airflow/example_dags/example_nested_branch_dag.py for tasks to queue
[2025-01-23T23:56:14.815+0000] {logging_mixin.py:190} INFO - [2025-01-23T23:56:14.814+0000] {dagbag.py:588} INFO - Filling up the DagBag from /home/airflow/.local/lib/python3.12/site-packages/airflow/example_dags/example_nested_branch_dag.py
[2025-01-23T23:56:14.825+0000] {processor.py:925} INFO - DAG(s) 'example_nested_branch_dag' retrieved from /home/airflow/.local/lib/python3.12/site-packages/airflow/example_dags/example_nested_branch_dag.py
[2025-01-23T23:56:14.844+0000] {logging_mixin.py:190} INFO - [2025-01-23T23:56:14.844+0000] {dag.py:3239} INFO - Sync 1 DAGs
[2025-01-23T23:56:14.862+0000] {logging_mixin.py:190} INFO - [2025-01-23T23:56:14.862+0000] {dag.py:4180} INFO - Setting next_dagrun for example_nested_branch_dag to 2025-01-22 00:00:00+00:00, run_after=2025-01-23 00:00:00+00:00
[2025-01-23T23:56:14.876+0000] {processor.py:208} INFO - Processing /home/airflow/.local/lib/python3.12/site-packages/airflow/example_dags/example_nested_branch_dag.py took 0.070 seconds
[2025-01-23T23:56:45.973+0000] {processor.py:186} INFO - Started process (PID=2683) to work on /home/airflow/.local/lib/python3.12/site-packages/airflow/example_dags/example_nested_branch_dag.py
[2025-01-23T23:56:45.974+0000] {processor.py:914} INFO - Processing file /home/airflow/.local/lib/python3.12/site-packages/airflow/example_dags/example_nested_branch_dag.py for tasks to queue
[2025-01-23T23:56:45.977+0000] {logging_mixin.py:190} INFO - [2025-01-23T23:56:45.976+0000] {dagbag.py:588} INFO - Filling up the DagBag from /home/airflow/.local/lib/python3.12/site-packages/airflow/example_dags/example_nested_branch_dag.py
[2025-01-23T23:56:45.990+0000] {processor.py:925} INFO - DAG(s) 'example_nested_branch_dag' retrieved from /home/airflow/.local/lib/python3.12/site-packages/airflow/example_dags/example_nested_branch_dag.py
[2025-01-23T23:56:46.014+0000] {logging_mixin.py:190} INFO - [2025-01-23T23:56:46.013+0000] {dag.py:3239} INFO - Sync 1 DAGs
[2025-01-23T23:56:46.040+0000] {logging_mixin.py:190} INFO - [2025-01-23T23:56:46.040+0000] {dag.py:4180} INFO - Setting next_dagrun for example_nested_branch_dag to 2025-01-22 00:00:00+00:00, run_after=2025-01-23 00:00:00+00:00
[2025-01-23T23:56:46.060+0000] {processor.py:208} INFO - Processing /home/airflow/.local/lib/python3.12/site-packages/airflow/example_dags/example_nested_branch_dag.py took 0.095 seconds
[2025-01-23T23:57:17.155+0000] {processor.py:186} INFO - Started process (PID=2748) to work on /home/airflow/.local/lib/python3.12/site-packages/airflow/example_dags/example_nested_branch_dag.py
[2025-01-23T23:57:17.156+0000] {processor.py:914} INFO - Processing file /home/airflow/.local/lib/python3.12/site-packages/airflow/example_dags/example_nested_branch_dag.py for tasks to queue
[2025-01-23T23:57:17.158+0000] {logging_mixin.py:190} INFO - [2025-01-23T23:57:17.157+0000] {dagbag.py:588} INFO - Filling up the DagBag from /home/airflow/.local/lib/python3.12/site-packages/airflow/example_dags/example_nested_branch_dag.py
[2025-01-23T23:57:17.166+0000] {processor.py:925} INFO - DAG(s) 'example_nested_branch_dag' retrieved from /home/airflow/.local/lib/python3.12/site-packages/airflow/example_dags/example_nested_branch_dag.py
[2025-01-23T23:57:17.182+0000] {logging_mixin.py:190} INFO - [2025-01-23T23:57:17.182+0000] {dag.py:3239} INFO - Sync 1 DAGs
[2025-01-23T23:57:17.211+0000] {logging_mixin.py:190} INFO - [2025-01-23T23:57:17.211+0000] {dag.py:4180} INFO - Setting next_dagrun for example_nested_branch_dag to 2025-01-22 00:00:00+00:00, run_after=2025-01-23 00:00:00+00:00
[2025-01-23T23:57:17.226+0000] {processor.py:208} INFO - Processing /home/airflow/.local/lib/python3.12/site-packages/airflow/example_dags/example_nested_branch_dag.py took 0.076 seconds
[2025-01-23T23:57:48.209+0000] {processor.py:186} INFO - Started process (PID=2813) to work on /home/airflow/.local/lib/python3.12/site-packages/airflow/example_dags/example_nested_branch_dag.py
[2025-01-23T23:57:48.210+0000] {processor.py:914} INFO - Processing file /home/airflow/.local/lib/python3.12/site-packages/airflow/example_dags/example_nested_branch_dag.py for tasks to queue
[2025-01-23T23:57:48.211+0000] {logging_mixin.py:190} INFO - [2025-01-23T23:57:48.211+0000] {dagbag.py:588} INFO - Filling up the DagBag from /home/airflow/.local/lib/python3.12/site-packages/airflow/example_dags/example_nested_branch_dag.py
[2025-01-23T23:57:48.220+0000] {processor.py:925} INFO - DAG(s) 'example_nested_branch_dag' retrieved from /home/airflow/.local/lib/python3.12/site-packages/airflow/example_dags/example_nested_branch_dag.py
[2025-01-23T23:57:48.239+0000] {logging_mixin.py:190} INFO - [2025-01-23T23:57:48.239+0000] {dag.py:3239} INFO - Sync 1 DAGs
[2025-01-23T23:57:48.262+0000] {logging_mixin.py:190} INFO - [2025-01-23T23:57:48.261+0000] {dag.py:4180} INFO - Setting next_dagrun for example_nested_branch_dag to 2025-01-22 00:00:00+00:00, run_after=2025-01-23 00:00:00+00:00
[2025-01-23T23:57:48.280+0000] {processor.py:208} INFO - Processing /home/airflow/.local/lib/python3.12/site-packages/airflow/example_dags/example_nested_branch_dag.py took 0.076 seconds
