[2025-01-23T23:35:00.948+0000] {processor.py:186} INFO - Started process (PID=116) to work on /home/airflow/.local/lib/python3.12/site-packages/airflow/example_dags/example_xcomargs.py
[2025-01-23T23:35:00.949+0000] {processor.py:914} INFO - Processing file /home/airflow/.local/lib/python3.12/site-packages/airflow/example_dags/example_xcomargs.py for tasks to queue
[2025-01-23T23:35:00.952+0000] {logging_mixin.py:190} INFO - [2025-01-23T23:35:00.952+0000] {dagbag.py:588} INFO - Filling up the DagBag from /home/airflow/.local/lib/python3.12/site-packages/airflow/example_dags/example_xcomargs.py
[2025-01-23T23:35:00.967+0000] {processor.py:925} INFO - DAG(s) 'example_xcom_args', 'example_xcom_args_with_operators' retrieved from /home/airflow/.local/lib/python3.12/site-packages/airflow/example_dags/example_xcomargs.py
[2025-01-23T23:35:00.996+0000] {logging_mixin.py:190} INFO - [2025-01-23T23:35:00.995+0000] {dag.py:3239} INFO - Sync 2 DAGs
[2025-01-23T23:35:01.014+0000] {logging_mixin.py:190} INFO - [2025-01-23T23:35:01.014+0000] {dag.py:4180} INFO - Setting next_dagrun for example_xcom_args to None, run_after=None
[2025-01-23T23:35:01.020+0000] {logging_mixin.py:190} INFO - [2025-01-23T23:35:01.020+0000] {dag.py:4180} INFO - Setting next_dagrun for example_xcom_args_with_operators to None, run_after=None
[2025-01-23T23:35:01.044+0000] {processor.py:208} INFO - Processing /home/airflow/.local/lib/python3.12/site-packages/airflow/example_dags/example_xcomargs.py took 0.102 seconds
[2025-01-23T23:36:08.569+0000] {processor.py:186} INFO - Started process (PID=119) to work on /home/airflow/.local/lib/python3.12/site-packages/airflow/example_dags/example_xcomargs.py
[2025-01-23T23:36:08.570+0000] {processor.py:914} INFO - Processing file /home/airflow/.local/lib/python3.12/site-packages/airflow/example_dags/example_xcomargs.py for tasks to queue
[2025-01-23T23:36:08.572+0000] {logging_mixin.py:190} INFO - [2025-01-23T23:36:08.572+0000] {dagbag.py:588} INFO - Filling up the DagBag from /home/airflow/.local/lib/python3.12/site-packages/airflow/example_dags/example_xcomargs.py
[2025-01-23T23:36:08.583+0000] {processor.py:925} INFO - DAG(s) 'example_xcom_args', 'example_xcom_args_with_operators' retrieved from /home/airflow/.local/lib/python3.12/site-packages/airflow/example_dags/example_xcomargs.py
[2025-01-23T23:36:08.608+0000] {logging_mixin.py:190} INFO - [2025-01-23T23:36:08.608+0000] {dag.py:3239} INFO - Sync 2 DAGs
[2025-01-23T23:36:08.625+0000] {logging_mixin.py:190} INFO - [2025-01-23T23:36:08.625+0000] {dag.py:4180} INFO - Setting next_dagrun for example_xcom_args to None, run_after=None
[2025-01-23T23:36:08.630+0000] {logging_mixin.py:190} INFO - [2025-01-23T23:36:08.630+0000] {dag.py:4180} INFO - Setting next_dagrun for example_xcom_args_with_operators to None, run_after=None
[2025-01-23T23:36:08.646+0000] {processor.py:208} INFO - Processing /home/airflow/.local/lib/python3.12/site-packages/airflow/example_dags/example_xcomargs.py took 0.084 seconds
[2025-01-23T23:36:39.748+0000] {processor.py:186} INFO - Started process (PID=184) to work on /home/airflow/.local/lib/python3.12/site-packages/airflow/example_dags/example_xcomargs.py
[2025-01-23T23:36:39.749+0000] {processor.py:914} INFO - Processing file /home/airflow/.local/lib/python3.12/site-packages/airflow/example_dags/example_xcomargs.py for tasks to queue
[2025-01-23T23:36:39.751+0000] {logging_mixin.py:190} INFO - [2025-01-23T23:36:39.750+0000] {dagbag.py:588} INFO - Filling up the DagBag from /home/airflow/.local/lib/python3.12/site-packages/airflow/example_dags/example_xcomargs.py
[2025-01-23T23:36:39.763+0000] {processor.py:925} INFO - DAG(s) 'example_xcom_args', 'example_xcom_args_with_operators' retrieved from /home/airflow/.local/lib/python3.12/site-packages/airflow/example_dags/example_xcomargs.py
[2025-01-23T23:36:39.786+0000] {logging_mixin.py:190} INFO - [2025-01-23T23:36:39.786+0000] {dag.py:3239} INFO - Sync 2 DAGs
[2025-01-23T23:36:39.803+0000] {logging_mixin.py:190} INFO - [2025-01-23T23:36:39.803+0000] {dag.py:4180} INFO - Setting next_dagrun for example_xcom_args to None, run_after=None
[2025-01-23T23:36:39.807+0000] {logging_mixin.py:190} INFO - [2025-01-23T23:36:39.807+0000] {dag.py:4180} INFO - Setting next_dagrun for example_xcom_args_with_operators to None, run_after=None
[2025-01-23T23:36:39.824+0000] {processor.py:208} INFO - Processing /home/airflow/.local/lib/python3.12/site-packages/airflow/example_dags/example_xcomargs.py took 0.081 seconds
[2025-01-23T23:37:10.710+0000] {processor.py:186} INFO - Started process (PID=248) to work on /home/airflow/.local/lib/python3.12/site-packages/airflow/example_dags/example_xcomargs.py
[2025-01-23T23:37:10.711+0000] {processor.py:914} INFO - Processing file /home/airflow/.local/lib/python3.12/site-packages/airflow/example_dags/example_xcomargs.py for tasks to queue
[2025-01-23T23:37:10.713+0000] {logging_mixin.py:190} INFO - [2025-01-23T23:37:10.713+0000] {dagbag.py:588} INFO - Filling up the DagBag from /home/airflow/.local/lib/python3.12/site-packages/airflow/example_dags/example_xcomargs.py
[2025-01-23T23:37:10.722+0000] {processor.py:925} INFO - DAG(s) 'example_xcom_args_with_operators', 'example_xcom_args' retrieved from /home/airflow/.local/lib/python3.12/site-packages/airflow/example_dags/example_xcomargs.py
[2025-01-23T23:37:10.742+0000] {logging_mixin.py:190} INFO - [2025-01-23T23:37:10.741+0000] {dag.py:3239} INFO - Sync 2 DAGs
[2025-01-23T23:37:10.754+0000] {logging_mixin.py:190} INFO - [2025-01-23T23:37:10.754+0000] {dag.py:4180} INFO - Setting next_dagrun for example_xcom_args to None, run_after=None
[2025-01-23T23:37:10.758+0000] {logging_mixin.py:190} INFO - [2025-01-23T23:37:10.757+0000] {dag.py:4180} INFO - Setting next_dagrun for example_xcom_args_with_operators to None, run_after=None
[2025-01-23T23:37:10.773+0000] {processor.py:208} INFO - Processing /home/airflow/.local/lib/python3.12/site-packages/airflow/example_dags/example_xcomargs.py took 0.072 seconds
[2025-01-23T23:37:41.958+0000] {processor.py:186} INFO - Started process (PID=313) to work on /home/airflow/.local/lib/python3.12/site-packages/airflow/example_dags/example_xcomargs.py
[2025-01-23T23:37:41.959+0000] {processor.py:914} INFO - Processing file /home/airflow/.local/lib/python3.12/site-packages/airflow/example_dags/example_xcomargs.py for tasks to queue
[2025-01-23T23:37:41.961+0000] {logging_mixin.py:190} INFO - [2025-01-23T23:37:41.961+0000] {dagbag.py:588} INFO - Filling up the DagBag from /home/airflow/.local/lib/python3.12/site-packages/airflow/example_dags/example_xcomargs.py
[2025-01-23T23:37:41.975+0000] {processor.py:925} INFO - DAG(s) 'example_xcom_args', 'example_xcom_args_with_operators' retrieved from /home/airflow/.local/lib/python3.12/site-packages/airflow/example_dags/example_xcomargs.py
[2025-01-23T23:37:42.006+0000] {logging_mixin.py:190} INFO - [2025-01-23T23:37:42.006+0000] {dag.py:3239} INFO - Sync 2 DAGs
[2025-01-23T23:37:42.026+0000] {logging_mixin.py:190} INFO - [2025-01-23T23:37:42.026+0000] {dag.py:4180} INFO - Setting next_dagrun for example_xcom_args to None, run_after=None
[2025-01-23T23:37:42.031+0000] {logging_mixin.py:190} INFO - [2025-01-23T23:37:42.030+0000] {dag.py:4180} INFO - Setting next_dagrun for example_xcom_args_with_operators to None, run_after=None
[2025-01-23T23:37:42.050+0000] {processor.py:208} INFO - Processing /home/airflow/.local/lib/python3.12/site-packages/airflow/example_dags/example_xcomargs.py took 0.099 seconds
[2025-01-23T23:38:12.788+0000] {processor.py:186} INFO - Started process (PID=377) to work on /home/airflow/.local/lib/python3.12/site-packages/airflow/example_dags/example_xcomargs.py
[2025-01-23T23:38:12.789+0000] {processor.py:914} INFO - Processing file /home/airflow/.local/lib/python3.12/site-packages/airflow/example_dags/example_xcomargs.py for tasks to queue
[2025-01-23T23:38:12.792+0000] {logging_mixin.py:190} INFO - [2025-01-23T23:38:12.792+0000] {dagbag.py:588} INFO - Filling up the DagBag from /home/airflow/.local/lib/python3.12/site-packages/airflow/example_dags/example_xcomargs.py
[2025-01-23T23:38:12.801+0000] {processor.py:925} INFO - DAG(s) 'example_xcom_args', 'example_xcom_args_with_operators' retrieved from /home/airflow/.local/lib/python3.12/site-packages/airflow/example_dags/example_xcomargs.py
[2025-01-23T23:38:12.824+0000] {logging_mixin.py:190} INFO - [2025-01-23T23:38:12.823+0000] {dag.py:3239} INFO - Sync 2 DAGs
[2025-01-23T23:38:12.840+0000] {logging_mixin.py:190} INFO - [2025-01-23T23:38:12.840+0000] {dag.py:4180} INFO - Setting next_dagrun for example_xcom_args to None, run_after=None
[2025-01-23T23:38:12.845+0000] {logging_mixin.py:190} INFO - [2025-01-23T23:38:12.844+0000] {dag.py:4180} INFO - Setting next_dagrun for example_xcom_args_with_operators to None, run_after=None
[2025-01-23T23:38:12.863+0000] {processor.py:208} INFO - Processing /home/airflow/.local/lib/python3.12/site-packages/airflow/example_dags/example_xcomargs.py took 0.079 seconds
[2025-01-23T23:38:43.856+0000] {processor.py:186} INFO - Started process (PID=441) to work on /home/airflow/.local/lib/python3.12/site-packages/airflow/example_dags/example_xcomargs.py
[2025-01-23T23:38:43.857+0000] {processor.py:914} INFO - Processing file /home/airflow/.local/lib/python3.12/site-packages/airflow/example_dags/example_xcomargs.py for tasks to queue
[2025-01-23T23:38:43.859+0000] {logging_mixin.py:190} INFO - [2025-01-23T23:38:43.859+0000] {dagbag.py:588} INFO - Filling up the DagBag from /home/airflow/.local/lib/python3.12/site-packages/airflow/example_dags/example_xcomargs.py
[2025-01-23T23:38:43.869+0000] {processor.py:925} INFO - DAG(s) 'example_xcom_args_with_operators', 'example_xcom_args' retrieved from /home/airflow/.local/lib/python3.12/site-packages/airflow/example_dags/example_xcomargs.py
[2025-01-23T23:38:43.902+0000] {logging_mixin.py:190} INFO - [2025-01-23T23:38:43.902+0000] {dag.py:3239} INFO - Sync 2 DAGs
[2025-01-23T23:38:43.925+0000] {logging_mixin.py:190} INFO - [2025-01-23T23:38:43.924+0000] {dag.py:4180} INFO - Setting next_dagrun for example_xcom_args to None, run_after=None
[2025-01-23T23:38:43.930+0000] {logging_mixin.py:190} INFO - [2025-01-23T23:38:43.930+0000] {dag.py:4180} INFO - Setting next_dagrun for example_xcom_args_with_operators to None, run_after=None
[2025-01-23T23:38:43.948+0000] {processor.py:208} INFO - Processing /home/airflow/.local/lib/python3.12/site-packages/airflow/example_dags/example_xcomargs.py took 0.098 seconds
[2025-01-23T23:39:14.862+0000] {processor.py:186} INFO - Started process (PID=505) to work on /home/airflow/.local/lib/python3.12/site-packages/airflow/example_dags/example_xcomargs.py
[2025-01-23T23:39:14.864+0000] {processor.py:914} INFO - Processing file /home/airflow/.local/lib/python3.12/site-packages/airflow/example_dags/example_xcomargs.py for tasks to queue
[2025-01-23T23:39:14.867+0000] {logging_mixin.py:190} INFO - [2025-01-23T23:39:14.867+0000] {dagbag.py:588} INFO - Filling up the DagBag from /home/airflow/.local/lib/python3.12/site-packages/airflow/example_dags/example_xcomargs.py
[2025-01-23T23:39:14.882+0000] {processor.py:925} INFO - DAG(s) 'example_xcom_args_with_operators', 'example_xcom_args' retrieved from /home/airflow/.local/lib/python3.12/site-packages/airflow/example_dags/example_xcomargs.py
[2025-01-23T23:39:14.936+0000] {logging_mixin.py:190} INFO - [2025-01-23T23:39:14.935+0000] {dag.py:3239} INFO - Sync 2 DAGs
[2025-01-23T23:39:14.958+0000] {logging_mixin.py:190} INFO - [2025-01-23T23:39:14.957+0000] {dag.py:4180} INFO - Setting next_dagrun for example_xcom_args to None, run_after=None
[2025-01-23T23:39:14.961+0000] {logging_mixin.py:190} INFO - [2025-01-23T23:39:14.961+0000] {dag.py:4180} INFO - Setting next_dagrun for example_xcom_args_with_operators to None, run_after=None
[2025-01-23T23:39:14.976+0000] {processor.py:208} INFO - Processing /home/airflow/.local/lib/python3.12/site-packages/airflow/example_dags/example_xcomargs.py took 0.124 seconds
[2025-01-23T23:39:45.595+0000] {processor.py:186} INFO - Started process (PID=569) to work on /home/airflow/.local/lib/python3.12/site-packages/airflow/example_dags/example_xcomargs.py
[2025-01-23T23:39:45.597+0000] {processor.py:914} INFO - Processing file /home/airflow/.local/lib/python3.12/site-packages/airflow/example_dags/example_xcomargs.py for tasks to queue
[2025-01-23T23:39:45.598+0000] {logging_mixin.py:190} INFO - [2025-01-23T23:39:45.598+0000] {dagbag.py:588} INFO - Filling up the DagBag from /home/airflow/.local/lib/python3.12/site-packages/airflow/example_dags/example_xcomargs.py
[2025-01-23T23:39:45.609+0000] {processor.py:925} INFO - DAG(s) 'example_xcom_args', 'example_xcom_args_with_operators' retrieved from /home/airflow/.local/lib/python3.12/site-packages/airflow/example_dags/example_xcomargs.py
[2025-01-23T23:39:45.635+0000] {logging_mixin.py:190} INFO - [2025-01-23T23:39:45.635+0000] {dag.py:3239} INFO - Sync 2 DAGs
[2025-01-23T23:39:45.652+0000] {logging_mixin.py:190} INFO - [2025-01-23T23:39:45.652+0000] {dag.py:4180} INFO - Setting next_dagrun for example_xcom_args to None, run_after=None
[2025-01-23T23:39:45.657+0000] {logging_mixin.py:190} INFO - [2025-01-23T23:39:45.657+0000] {dag.py:4180} INFO - Setting next_dagrun for example_xcom_args_with_operators to None, run_after=None
[2025-01-23T23:39:45.676+0000] {processor.py:208} INFO - Processing /home/airflow/.local/lib/python3.12/site-packages/airflow/example_dags/example_xcomargs.py took 0.088 seconds
[2025-01-23T23:40:16.168+0000] {processor.py:186} INFO - Started process (PID=633) to work on /home/airflow/.local/lib/python3.12/site-packages/airflow/example_dags/example_xcomargs.py
[2025-01-23T23:40:16.177+0000] {processor.py:914} INFO - Processing file /home/airflow/.local/lib/python3.12/site-packages/airflow/example_dags/example_xcomargs.py for tasks to queue
[2025-01-23T23:40:16.180+0000] {logging_mixin.py:190} INFO - [2025-01-23T23:40:16.179+0000] {dagbag.py:588} INFO - Filling up the DagBag from /home/airflow/.local/lib/python3.12/site-packages/airflow/example_dags/example_xcomargs.py
[2025-01-23T23:40:16.191+0000] {processor.py:925} INFO - DAG(s) 'example_xcom_args_with_operators', 'example_xcom_args' retrieved from /home/airflow/.local/lib/python3.12/site-packages/airflow/example_dags/example_xcomargs.py
[2025-01-23T23:40:16.217+0000] {logging_mixin.py:190} INFO - [2025-01-23T23:40:16.217+0000] {dag.py:3239} INFO - Sync 2 DAGs
[2025-01-23T23:40:16.234+0000] {logging_mixin.py:190} INFO - [2025-01-23T23:40:16.234+0000] {dag.py:4180} INFO - Setting next_dagrun for example_xcom_args to None, run_after=None
[2025-01-23T23:40:16.239+0000] {logging_mixin.py:190} INFO - [2025-01-23T23:40:16.238+0000] {dag.py:4180} INFO - Setting next_dagrun for example_xcom_args_with_operators to None, run_after=None
[2025-01-23T23:40:16.263+0000] {processor.py:208} INFO - Processing /home/airflow/.local/lib/python3.12/site-packages/airflow/example_dags/example_xcomargs.py took 0.102 seconds
[2025-01-23T23:40:47.503+0000] {processor.py:186} INFO - Started process (PID=697) to work on /home/airflow/.local/lib/python3.12/site-packages/airflow/example_dags/example_xcomargs.py
[2025-01-23T23:40:47.505+0000] {processor.py:914} INFO - Processing file /home/airflow/.local/lib/python3.12/site-packages/airflow/example_dags/example_xcomargs.py for tasks to queue
[2025-01-23T23:40:47.507+0000] {logging_mixin.py:190} INFO - [2025-01-23T23:40:47.507+0000] {dagbag.py:588} INFO - Filling up the DagBag from /home/airflow/.local/lib/python3.12/site-packages/airflow/example_dags/example_xcomargs.py
[2025-01-23T23:40:47.519+0000] {processor.py:925} INFO - DAG(s) 'example_xcom_args', 'example_xcom_args_with_operators' retrieved from /home/airflow/.local/lib/python3.12/site-packages/airflow/example_dags/example_xcomargs.py
[2025-01-23T23:40:47.539+0000] {logging_mixin.py:190} INFO - [2025-01-23T23:40:47.539+0000] {dag.py:3239} INFO - Sync 2 DAGs
[2025-01-23T23:40:47.549+0000] {logging_mixin.py:190} INFO - [2025-01-23T23:40:47.549+0000] {dag.py:4180} INFO - Setting next_dagrun for example_xcom_args to None, run_after=None
[2025-01-23T23:40:47.553+0000] {logging_mixin.py:190} INFO - [2025-01-23T23:40:47.552+0000] {dag.py:4180} INFO - Setting next_dagrun for example_xcom_args_with_operators to None, run_after=None
[2025-01-23T23:40:47.569+0000] {processor.py:208} INFO - Processing /home/airflow/.local/lib/python3.12/site-packages/airflow/example_dags/example_xcomargs.py took 0.077 seconds
[2025-01-23T23:41:18.604+0000] {processor.py:186} INFO - Started process (PID=761) to work on /home/airflow/.local/lib/python3.12/site-packages/airflow/example_dags/example_xcomargs.py
[2025-01-23T23:41:18.605+0000] {processor.py:914} INFO - Processing file /home/airflow/.local/lib/python3.12/site-packages/airflow/example_dags/example_xcomargs.py for tasks to queue
[2025-01-23T23:41:18.606+0000] {logging_mixin.py:190} INFO - [2025-01-23T23:41:18.606+0000] {dagbag.py:588} INFO - Filling up the DagBag from /home/airflow/.local/lib/python3.12/site-packages/airflow/example_dags/example_xcomargs.py
[2025-01-23T23:41:18.615+0000] {processor.py:925} INFO - DAG(s) 'example_xcom_args_with_operators', 'example_xcom_args' retrieved from /home/airflow/.local/lib/python3.12/site-packages/airflow/example_dags/example_xcomargs.py
[2025-01-23T23:41:18.641+0000] {logging_mixin.py:190} INFO - [2025-01-23T23:41:18.641+0000] {dag.py:3239} INFO - Sync 2 DAGs
[2025-01-23T23:41:18.654+0000] {logging_mixin.py:190} INFO - [2025-01-23T23:41:18.654+0000] {dag.py:4180} INFO - Setting next_dagrun for example_xcom_args to None, run_after=None
[2025-01-23T23:41:18.658+0000] {logging_mixin.py:190} INFO - [2025-01-23T23:41:18.658+0000] {dag.py:4180} INFO - Setting next_dagrun for example_xcom_args_with_operators to None, run_after=None
[2025-01-23T23:41:18.673+0000] {processor.py:208} INFO - Processing /home/airflow/.local/lib/python3.12/site-packages/airflow/example_dags/example_xcomargs.py took 0.073 seconds
[2025-01-23T23:41:49.214+0000] {processor.py:186} INFO - Started process (PID=825) to work on /home/airflow/.local/lib/python3.12/site-packages/airflow/example_dags/example_xcomargs.py
[2025-01-23T23:41:49.214+0000] {processor.py:914} INFO - Processing file /home/airflow/.local/lib/python3.12/site-packages/airflow/example_dags/example_xcomargs.py for tasks to queue
[2025-01-23T23:41:49.216+0000] {logging_mixin.py:190} INFO - [2025-01-23T23:41:49.216+0000] {dagbag.py:588} INFO - Filling up the DagBag from /home/airflow/.local/lib/python3.12/site-packages/airflow/example_dags/example_xcomargs.py
[2025-01-23T23:41:49.222+0000] {processor.py:925} INFO - DAG(s) 'example_xcom_args_with_operators', 'example_xcom_args' retrieved from /home/airflow/.local/lib/python3.12/site-packages/airflow/example_dags/example_xcomargs.py
[2025-01-23T23:41:49.245+0000] {logging_mixin.py:190} INFO - [2025-01-23T23:41:49.245+0000] {dag.py:3239} INFO - Sync 2 DAGs
[2025-01-23T23:41:49.258+0000] {logging_mixin.py:190} INFO - [2025-01-23T23:41:49.258+0000] {dag.py:4180} INFO - Setting next_dagrun for example_xcom_args to None, run_after=None
[2025-01-23T23:41:49.262+0000] {logging_mixin.py:190} INFO - [2025-01-23T23:41:49.262+0000] {dag.py:4180} INFO - Setting next_dagrun for example_xcom_args_with_operators to None, run_after=None
[2025-01-23T23:41:49.278+0000] {processor.py:208} INFO - Processing /home/airflow/.local/lib/python3.12/site-packages/airflow/example_dags/example_xcomargs.py took 0.068 seconds
[2025-01-23T23:42:20.474+0000] {processor.py:186} INFO - Started process (PID=889) to work on /home/airflow/.local/lib/python3.12/site-packages/airflow/example_dags/example_xcomargs.py
[2025-01-23T23:42:20.475+0000] {processor.py:914} INFO - Processing file /home/airflow/.local/lib/python3.12/site-packages/airflow/example_dags/example_xcomargs.py for tasks to queue
[2025-01-23T23:42:20.477+0000] {logging_mixin.py:190} INFO - [2025-01-23T23:42:20.477+0000] {dagbag.py:588} INFO - Filling up the DagBag from /home/airflow/.local/lib/python3.12/site-packages/airflow/example_dags/example_xcomargs.py
[2025-01-23T23:42:20.486+0000] {processor.py:925} INFO - DAG(s) 'example_xcom_args_with_operators', 'example_xcom_args' retrieved from /home/airflow/.local/lib/python3.12/site-packages/airflow/example_dags/example_xcomargs.py
[2025-01-23T23:42:20.513+0000] {logging_mixin.py:190} INFO - [2025-01-23T23:42:20.513+0000] {dag.py:3239} INFO - Sync 2 DAGs
[2025-01-23T23:42:20.529+0000] {logging_mixin.py:190} INFO - [2025-01-23T23:42:20.529+0000] {dag.py:4180} INFO - Setting next_dagrun for example_xcom_args to None, run_after=None
[2025-01-23T23:42:20.535+0000] {logging_mixin.py:190} INFO - [2025-01-23T23:42:20.535+0000] {dag.py:4180} INFO - Setting next_dagrun for example_xcom_args_with_operators to None, run_after=None
[2025-01-23T23:42:20.552+0000] {processor.py:208} INFO - Processing /home/airflow/.local/lib/python3.12/site-packages/airflow/example_dags/example_xcomargs.py took 0.083 seconds
[2025-01-23T23:42:51.067+0000] {processor.py:186} INFO - Started process (PID=953) to work on /home/airflow/.local/lib/python3.12/site-packages/airflow/example_dags/example_xcomargs.py
[2025-01-23T23:42:51.068+0000] {processor.py:914} INFO - Processing file /home/airflow/.local/lib/python3.12/site-packages/airflow/example_dags/example_xcomargs.py for tasks to queue
[2025-01-23T23:42:51.070+0000] {logging_mixin.py:190} INFO - [2025-01-23T23:42:51.070+0000] {dagbag.py:588} INFO - Filling up the DagBag from /home/airflow/.local/lib/python3.12/site-packages/airflow/example_dags/example_xcomargs.py
[2025-01-23T23:42:51.077+0000] {processor.py:925} INFO - DAG(s) 'example_xcom_args', 'example_xcom_args_with_operators' retrieved from /home/airflow/.local/lib/python3.12/site-packages/airflow/example_dags/example_xcomargs.py
[2025-01-23T23:42:51.099+0000] {logging_mixin.py:190} INFO - [2025-01-23T23:42:51.099+0000] {dag.py:3239} INFO - Sync 2 DAGs
[2025-01-23T23:42:51.112+0000] {logging_mixin.py:190} INFO - [2025-01-23T23:42:51.112+0000] {dag.py:4180} INFO - Setting next_dagrun for example_xcom_args to None, run_after=None
[2025-01-23T23:42:51.116+0000] {logging_mixin.py:190} INFO - [2025-01-23T23:42:51.116+0000] {dag.py:4180} INFO - Setting next_dagrun for example_xcom_args_with_operators to None, run_after=None
[2025-01-23T23:42:51.128+0000] {processor.py:208} INFO - Processing /home/airflow/.local/lib/python3.12/site-packages/airflow/example_dags/example_xcomargs.py took 0.065 seconds
[2025-01-23T23:43:22.097+0000] {processor.py:186} INFO - Started process (PID=1017) to work on /home/airflow/.local/lib/python3.12/site-packages/airflow/example_dags/example_xcomargs.py
[2025-01-23T23:43:22.098+0000] {processor.py:914} INFO - Processing file /home/airflow/.local/lib/python3.12/site-packages/airflow/example_dags/example_xcomargs.py for tasks to queue
[2025-01-23T23:43:22.099+0000] {logging_mixin.py:190} INFO - [2025-01-23T23:43:22.099+0000] {dagbag.py:588} INFO - Filling up the DagBag from /home/airflow/.local/lib/python3.12/site-packages/airflow/example_dags/example_xcomargs.py
[2025-01-23T23:43:22.106+0000] {processor.py:925} INFO - DAG(s) 'example_xcom_args_with_operators', 'example_xcom_args' retrieved from /home/airflow/.local/lib/python3.12/site-packages/airflow/example_dags/example_xcomargs.py
[2025-01-23T23:43:22.125+0000] {logging_mixin.py:190} INFO - [2025-01-23T23:43:22.125+0000] {dag.py:3239} INFO - Sync 2 DAGs
[2025-01-23T23:43:22.147+0000] {logging_mixin.py:190} INFO - [2025-01-23T23:43:22.147+0000] {dag.py:4180} INFO - Setting next_dagrun for example_xcom_args to None, run_after=None
[2025-01-23T23:43:22.153+0000] {logging_mixin.py:190} INFO - [2025-01-23T23:43:22.153+0000] {dag.py:4180} INFO - Setting next_dagrun for example_xcom_args_with_operators to None, run_after=None
[2025-01-23T23:43:22.175+0000] {processor.py:208} INFO - Processing /home/airflow/.local/lib/python3.12/site-packages/airflow/example_dags/example_xcomargs.py took 0.083 seconds
[2025-01-23T23:43:52.815+0000] {processor.py:186} INFO - Started process (PID=1081) to work on /home/airflow/.local/lib/python3.12/site-packages/airflow/example_dags/example_xcomargs.py
[2025-01-23T23:43:52.817+0000] {processor.py:914} INFO - Processing file /home/airflow/.local/lib/python3.12/site-packages/airflow/example_dags/example_xcomargs.py for tasks to queue
[2025-01-23T23:43:52.818+0000] {logging_mixin.py:190} INFO - [2025-01-23T23:43:52.818+0000] {dagbag.py:588} INFO - Filling up the DagBag from /home/airflow/.local/lib/python3.12/site-packages/airflow/example_dags/example_xcomargs.py
[2025-01-23T23:43:52.827+0000] {processor.py:925} INFO - DAG(s) 'example_xcom_args', 'example_xcom_args_with_operators' retrieved from /home/airflow/.local/lib/python3.12/site-packages/airflow/example_dags/example_xcomargs.py
[2025-01-23T23:43:52.844+0000] {logging_mixin.py:190} INFO - [2025-01-23T23:43:52.843+0000] {dag.py:3239} INFO - Sync 2 DAGs
[2025-01-23T23:43:52.855+0000] {logging_mixin.py:190} INFO - [2025-01-23T23:43:52.855+0000] {dag.py:4180} INFO - Setting next_dagrun for example_xcom_args to None, run_after=None
[2025-01-23T23:43:52.858+0000] {logging_mixin.py:190} INFO - [2025-01-23T23:43:52.858+0000] {dag.py:4180} INFO - Setting next_dagrun for example_xcom_args_with_operators to None, run_after=None
[2025-01-23T23:43:52.869+0000] {processor.py:208} INFO - Processing /home/airflow/.local/lib/python3.12/site-packages/airflow/example_dags/example_xcomargs.py took 0.058 seconds
[2025-01-23T23:44:23.878+0000] {processor.py:186} INFO - Started process (PID=1145) to work on /home/airflow/.local/lib/python3.12/site-packages/airflow/example_dags/example_xcomargs.py
[2025-01-23T23:44:23.879+0000] {processor.py:914} INFO - Processing file /home/airflow/.local/lib/python3.12/site-packages/airflow/example_dags/example_xcomargs.py for tasks to queue
[2025-01-23T23:44:23.880+0000] {logging_mixin.py:190} INFO - [2025-01-23T23:44:23.880+0000] {dagbag.py:588} INFO - Filling up the DagBag from /home/airflow/.local/lib/python3.12/site-packages/airflow/example_dags/example_xcomargs.py
[2025-01-23T23:44:23.888+0000] {processor.py:925} INFO - DAG(s) 'example_xcom_args', 'example_xcom_args_with_operators' retrieved from /home/airflow/.local/lib/python3.12/site-packages/airflow/example_dags/example_xcomargs.py
[2025-01-23T23:44:23.911+0000] {logging_mixin.py:190} INFO - [2025-01-23T23:44:23.911+0000] {dag.py:3239} INFO - Sync 2 DAGs
[2025-01-23T23:44:23.931+0000] {logging_mixin.py:190} INFO - [2025-01-23T23:44:23.931+0000] {dag.py:4180} INFO - Setting next_dagrun for example_xcom_args to None, run_after=None
[2025-01-23T23:44:23.941+0000] {logging_mixin.py:190} INFO - [2025-01-23T23:44:23.940+0000] {dag.py:4180} INFO - Setting next_dagrun for example_xcom_args_with_operators to None, run_after=None
[2025-01-23T23:44:23.971+0000] {processor.py:208} INFO - Processing /home/airflow/.local/lib/python3.12/site-packages/airflow/example_dags/example_xcomargs.py took 0.097 seconds
[2025-01-23T23:44:54.632+0000] {processor.py:186} INFO - Started process (PID=1209) to work on /home/airflow/.local/lib/python3.12/site-packages/airflow/example_dags/example_xcomargs.py
[2025-01-23T23:44:54.633+0000] {processor.py:914} INFO - Processing file /home/airflow/.local/lib/python3.12/site-packages/airflow/example_dags/example_xcomargs.py for tasks to queue
[2025-01-23T23:44:54.635+0000] {logging_mixin.py:190} INFO - [2025-01-23T23:44:54.635+0000] {dagbag.py:588} INFO - Filling up the DagBag from /home/airflow/.local/lib/python3.12/site-packages/airflow/example_dags/example_xcomargs.py
[2025-01-23T23:44:54.646+0000] {processor.py:925} INFO - DAG(s) 'example_xcom_args_with_operators', 'example_xcom_args' retrieved from /home/airflow/.local/lib/python3.12/site-packages/airflow/example_dags/example_xcomargs.py
[2025-01-23T23:44:54.666+0000] {logging_mixin.py:190} INFO - [2025-01-23T23:44:54.666+0000] {dag.py:3239} INFO - Sync 2 DAGs
[2025-01-23T23:44:54.678+0000] {logging_mixin.py:190} INFO - [2025-01-23T23:44:54.678+0000] {dag.py:4180} INFO - Setting next_dagrun for example_xcom_args to None, run_after=None
[2025-01-23T23:44:54.681+0000] {logging_mixin.py:190} INFO - [2025-01-23T23:44:54.680+0000] {dag.py:4180} INFO - Setting next_dagrun for example_xcom_args_with_operators to None, run_after=None
[2025-01-23T23:44:54.695+0000] {processor.py:208} INFO - Processing /home/airflow/.local/lib/python3.12/site-packages/airflow/example_dags/example_xcomargs.py took 0.069 seconds
[2025-01-23T23:45:25.767+0000] {processor.py:186} INFO - Started process (PID=1273) to work on /home/airflow/.local/lib/python3.12/site-packages/airflow/example_dags/example_xcomargs.py
[2025-01-23T23:45:25.769+0000] {processor.py:914} INFO - Processing file /home/airflow/.local/lib/python3.12/site-packages/airflow/example_dags/example_xcomargs.py for tasks to queue
[2025-01-23T23:45:25.772+0000] {logging_mixin.py:190} INFO - [2025-01-23T23:45:25.771+0000] {dagbag.py:588} INFO - Filling up the DagBag from /home/airflow/.local/lib/python3.12/site-packages/airflow/example_dags/example_xcomargs.py
[2025-01-23T23:45:25.783+0000] {processor.py:925} INFO - DAG(s) 'example_xcom_args_with_operators', 'example_xcom_args' retrieved from /home/airflow/.local/lib/python3.12/site-packages/airflow/example_dags/example_xcomargs.py
[2025-01-23T23:45:25.830+0000] {logging_mixin.py:190} INFO - [2025-01-23T23:45:25.830+0000] {dag.py:3239} INFO - Sync 2 DAGs
[2025-01-23T23:45:25.849+0000] {logging_mixin.py:190} INFO - [2025-01-23T23:45:25.849+0000] {dag.py:4180} INFO - Setting next_dagrun for example_xcom_args to None, run_after=None
[2025-01-23T23:45:25.853+0000] {logging_mixin.py:190} INFO - [2025-01-23T23:45:25.852+0000] {dag.py:4180} INFO - Setting next_dagrun for example_xcom_args_with_operators to None, run_after=None
[2025-01-23T23:45:25.868+0000] {processor.py:208} INFO - Processing /home/airflow/.local/lib/python3.12/site-packages/airflow/example_dags/example_xcomargs.py took 0.109 seconds
[2025-01-23T23:45:56.851+0000] {processor.py:186} INFO - Started process (PID=1337) to work on /home/airflow/.local/lib/python3.12/site-packages/airflow/example_dags/example_xcomargs.py
[2025-01-23T23:45:56.852+0000] {processor.py:914} INFO - Processing file /home/airflow/.local/lib/python3.12/site-packages/airflow/example_dags/example_xcomargs.py for tasks to queue
[2025-01-23T23:45:56.854+0000] {logging_mixin.py:190} INFO - [2025-01-23T23:45:56.854+0000] {dagbag.py:588} INFO - Filling up the DagBag from /home/airflow/.local/lib/python3.12/site-packages/airflow/example_dags/example_xcomargs.py
[2025-01-23T23:45:56.864+0000] {processor.py:925} INFO - DAG(s) 'example_xcom_args_with_operators', 'example_xcom_args' retrieved from /home/airflow/.local/lib/python3.12/site-packages/airflow/example_dags/example_xcomargs.py
[2025-01-23T23:45:56.885+0000] {logging_mixin.py:190} INFO - [2025-01-23T23:45:56.885+0000] {dag.py:3239} INFO - Sync 2 DAGs
[2025-01-23T23:45:56.898+0000] {logging_mixin.py:190} INFO - [2025-01-23T23:45:56.898+0000] {dag.py:4180} INFO - Setting next_dagrun for example_xcom_args to None, run_after=None
[2025-01-23T23:45:56.903+0000] {logging_mixin.py:190} INFO - [2025-01-23T23:45:56.902+0000] {dag.py:4180} INFO - Setting next_dagrun for example_xcom_args_with_operators to None, run_after=None
[2025-01-23T23:45:56.924+0000] {processor.py:208} INFO - Processing /home/airflow/.local/lib/python3.12/site-packages/airflow/example_dags/example_xcomargs.py took 0.079 seconds
[2025-01-23T23:46:27.846+0000] {processor.py:186} INFO - Started process (PID=1401) to work on /home/airflow/.local/lib/python3.12/site-packages/airflow/example_dags/example_xcomargs.py
[2025-01-23T23:46:27.847+0000] {processor.py:914} INFO - Processing file /home/airflow/.local/lib/python3.12/site-packages/airflow/example_dags/example_xcomargs.py for tasks to queue
[2025-01-23T23:46:27.849+0000] {logging_mixin.py:190} INFO - [2025-01-23T23:46:27.849+0000] {dagbag.py:588} INFO - Filling up the DagBag from /home/airflow/.local/lib/python3.12/site-packages/airflow/example_dags/example_xcomargs.py
[2025-01-23T23:46:27.858+0000] {processor.py:925} INFO - DAG(s) 'example_xcom_args_with_operators', 'example_xcom_args' retrieved from /home/airflow/.local/lib/python3.12/site-packages/airflow/example_dags/example_xcomargs.py
[2025-01-23T23:46:27.879+0000] {logging_mixin.py:190} INFO - [2025-01-23T23:46:27.879+0000] {dag.py:3239} INFO - Sync 2 DAGs
[2025-01-23T23:46:27.890+0000] {logging_mixin.py:190} INFO - [2025-01-23T23:46:27.890+0000] {dag.py:4180} INFO - Setting next_dagrun for example_xcom_args to None, run_after=None
[2025-01-23T23:46:27.893+0000] {logging_mixin.py:190} INFO - [2025-01-23T23:46:27.893+0000] {dag.py:4180} INFO - Setting next_dagrun for example_xcom_args_with_operators to None, run_after=None
[2025-01-23T23:46:27.907+0000] {processor.py:208} INFO - Processing /home/airflow/.local/lib/python3.12/site-packages/airflow/example_dags/example_xcomargs.py took 0.069 seconds
[2025-01-23T23:46:58.770+0000] {processor.py:186} INFO - Started process (PID=1465) to work on /home/airflow/.local/lib/python3.12/site-packages/airflow/example_dags/example_xcomargs.py
[2025-01-23T23:46:58.771+0000] {processor.py:914} INFO - Processing file /home/airflow/.local/lib/python3.12/site-packages/airflow/example_dags/example_xcomargs.py for tasks to queue
[2025-01-23T23:46:58.773+0000] {logging_mixin.py:190} INFO - [2025-01-23T23:46:58.773+0000] {dagbag.py:588} INFO - Filling up the DagBag from /home/airflow/.local/lib/python3.12/site-packages/airflow/example_dags/example_xcomargs.py
[2025-01-23T23:46:58.779+0000] {processor.py:925} INFO - DAG(s) 'example_xcom_args_with_operators', 'example_xcom_args' retrieved from /home/airflow/.local/lib/python3.12/site-packages/airflow/example_dags/example_xcomargs.py
[2025-01-23T23:46:58.801+0000] {logging_mixin.py:190} INFO - [2025-01-23T23:46:58.801+0000] {dag.py:3239} INFO - Sync 2 DAGs
[2025-01-23T23:46:58.821+0000] {logging_mixin.py:190} INFO - [2025-01-23T23:46:58.820+0000] {dag.py:4180} INFO - Setting next_dagrun for example_xcom_args to None, run_after=None
[2025-01-23T23:46:58.825+0000] {logging_mixin.py:190} INFO - [2025-01-23T23:46:58.825+0000] {dag.py:4180} INFO - Setting next_dagrun for example_xcom_args_with_operators to None, run_after=None
[2025-01-23T23:46:58.841+0000] {processor.py:208} INFO - Processing /home/airflow/.local/lib/python3.12/site-packages/airflow/example_dags/example_xcomargs.py took 0.074 seconds
[2025-01-23T23:47:29.552+0000] {processor.py:186} INFO - Started process (PID=1529) to work on /home/airflow/.local/lib/python3.12/site-packages/airflow/example_dags/example_xcomargs.py
[2025-01-23T23:47:29.554+0000] {processor.py:914} INFO - Processing file /home/airflow/.local/lib/python3.12/site-packages/airflow/example_dags/example_xcomargs.py for tasks to queue
[2025-01-23T23:47:29.556+0000] {logging_mixin.py:190} INFO - [2025-01-23T23:47:29.555+0000] {dagbag.py:588} INFO - Filling up the DagBag from /home/airflow/.local/lib/python3.12/site-packages/airflow/example_dags/example_xcomargs.py
[2025-01-23T23:47:29.568+0000] {processor.py:925} INFO - DAG(s) 'example_xcom_args', 'example_xcom_args_with_operators' retrieved from /home/airflow/.local/lib/python3.12/site-packages/airflow/example_dags/example_xcomargs.py
[2025-01-23T23:47:29.602+0000] {logging_mixin.py:190} INFO - [2025-01-23T23:47:29.602+0000] {dag.py:3239} INFO - Sync 2 DAGs
[2025-01-23T23:47:29.620+0000] {logging_mixin.py:190} INFO - [2025-01-23T23:47:29.619+0000] {dag.py:4180} INFO - Setting next_dagrun for example_xcom_args to None, run_after=None
[2025-01-23T23:47:29.623+0000] {logging_mixin.py:190} INFO - [2025-01-23T23:47:29.623+0000] {dag.py:4180} INFO - Setting next_dagrun for example_xcom_args_with_operators to None, run_after=None
[2025-01-23T23:47:29.643+0000] {processor.py:208} INFO - Processing /home/airflow/.local/lib/python3.12/site-packages/airflow/example_dags/example_xcomargs.py took 0.098 seconds
[2025-01-23T23:48:00.426+0000] {processor.py:186} INFO - Started process (PID=1593) to work on /home/airflow/.local/lib/python3.12/site-packages/airflow/example_dags/example_xcomargs.py
[2025-01-23T23:48:00.427+0000] {processor.py:914} INFO - Processing file /home/airflow/.local/lib/python3.12/site-packages/airflow/example_dags/example_xcomargs.py for tasks to queue
[2025-01-23T23:48:00.429+0000] {logging_mixin.py:190} INFO - [2025-01-23T23:48:00.428+0000] {dagbag.py:588} INFO - Filling up the DagBag from /home/airflow/.local/lib/python3.12/site-packages/airflow/example_dags/example_xcomargs.py
[2025-01-23T23:48:00.437+0000] {processor.py:925} INFO - DAG(s) 'example_xcom_args_with_operators', 'example_xcom_args' retrieved from /home/airflow/.local/lib/python3.12/site-packages/airflow/example_dags/example_xcomargs.py
[2025-01-23T23:48:00.463+0000] {logging_mixin.py:190} INFO - [2025-01-23T23:48:00.462+0000] {dag.py:3239} INFO - Sync 2 DAGs
[2025-01-23T23:48:00.496+0000] {logging_mixin.py:190} INFO - [2025-01-23T23:48:00.495+0000] {dag.py:4180} INFO - Setting next_dagrun for example_xcom_args to None, run_after=None
[2025-01-23T23:48:00.503+0000] {logging_mixin.py:190} INFO - [2025-01-23T23:48:00.503+0000] {dag.py:4180} INFO - Setting next_dagrun for example_xcom_args_with_operators to None, run_after=None
[2025-01-23T23:48:00.526+0000] {processor.py:208} INFO - Processing /home/airflow/.local/lib/python3.12/site-packages/airflow/example_dags/example_xcomargs.py took 0.105 seconds
[2025-01-23T23:48:31.465+0000] {processor.py:186} INFO - Started process (PID=1657) to work on /home/airflow/.local/lib/python3.12/site-packages/airflow/example_dags/example_xcomargs.py
[2025-01-23T23:48:31.466+0000] {processor.py:914} INFO - Processing file /home/airflow/.local/lib/python3.12/site-packages/airflow/example_dags/example_xcomargs.py for tasks to queue
[2025-01-23T23:48:31.468+0000] {logging_mixin.py:190} INFO - [2025-01-23T23:48:31.467+0000] {dagbag.py:588} INFO - Filling up the DagBag from /home/airflow/.local/lib/python3.12/site-packages/airflow/example_dags/example_xcomargs.py
[2025-01-23T23:48:31.475+0000] {processor.py:925} INFO - DAG(s) 'example_xcom_args_with_operators', 'example_xcom_args' retrieved from /home/airflow/.local/lib/python3.12/site-packages/airflow/example_dags/example_xcomargs.py
[2025-01-23T23:48:31.495+0000] {logging_mixin.py:190} INFO - [2025-01-23T23:48:31.495+0000] {dag.py:3239} INFO - Sync 2 DAGs
[2025-01-23T23:48:31.509+0000] {logging_mixin.py:190} INFO - [2025-01-23T23:48:31.509+0000] {dag.py:4180} INFO - Setting next_dagrun for example_xcom_args to None, run_after=None
[2025-01-23T23:48:31.513+0000] {logging_mixin.py:190} INFO - [2025-01-23T23:48:31.512+0000] {dag.py:4180} INFO - Setting next_dagrun for example_xcom_args_with_operators to None, run_after=None
[2025-01-23T23:48:31.526+0000] {processor.py:208} INFO - Processing /home/airflow/.local/lib/python3.12/site-packages/airflow/example_dags/example_xcomargs.py took 0.067 seconds
[2025-01-23T23:49:02.204+0000] {processor.py:186} INFO - Started process (PID=1721) to work on /home/airflow/.local/lib/python3.12/site-packages/airflow/example_dags/example_xcomargs.py
[2025-01-23T23:49:02.205+0000] {processor.py:914} INFO - Processing file /home/airflow/.local/lib/python3.12/site-packages/airflow/example_dags/example_xcomargs.py for tasks to queue
[2025-01-23T23:49:02.207+0000] {logging_mixin.py:190} INFO - [2025-01-23T23:49:02.207+0000] {dagbag.py:588} INFO - Filling up the DagBag from /home/airflow/.local/lib/python3.12/site-packages/airflow/example_dags/example_xcomargs.py
[2025-01-23T23:49:02.214+0000] {processor.py:925} INFO - DAG(s) 'example_xcom_args', 'example_xcom_args_with_operators' retrieved from /home/airflow/.local/lib/python3.12/site-packages/airflow/example_dags/example_xcomargs.py
[2025-01-23T23:49:02.237+0000] {logging_mixin.py:190} INFO - [2025-01-23T23:49:02.237+0000] {dag.py:3239} INFO - Sync 2 DAGs
[2025-01-23T23:49:02.250+0000] {logging_mixin.py:190} INFO - [2025-01-23T23:49:02.250+0000] {dag.py:4180} INFO - Setting next_dagrun for example_xcom_args to None, run_after=None
[2025-01-23T23:49:02.254+0000] {logging_mixin.py:190} INFO - [2025-01-23T23:49:02.254+0000] {dag.py:4180} INFO - Setting next_dagrun for example_xcom_args_with_operators to None, run_after=None
[2025-01-23T23:49:02.269+0000] {processor.py:208} INFO - Processing /home/airflow/.local/lib/python3.12/site-packages/airflow/example_dags/example_xcomargs.py took 0.069 seconds
[2025-01-23T23:49:32.848+0000] {processor.py:186} INFO - Started process (PID=1785) to work on /home/airflow/.local/lib/python3.12/site-packages/airflow/example_dags/example_xcomargs.py
[2025-01-23T23:49:32.849+0000] {processor.py:914} INFO - Processing file /home/airflow/.local/lib/python3.12/site-packages/airflow/example_dags/example_xcomargs.py for tasks to queue
[2025-01-23T23:49:32.850+0000] {logging_mixin.py:190} INFO - [2025-01-23T23:49:32.850+0000] {dagbag.py:588} INFO - Filling up the DagBag from /home/airflow/.local/lib/python3.12/site-packages/airflow/example_dags/example_xcomargs.py
[2025-01-23T23:49:32.857+0000] {processor.py:925} INFO - DAG(s) 'example_xcom_args', 'example_xcom_args_with_operators' retrieved from /home/airflow/.local/lib/python3.12/site-packages/airflow/example_dags/example_xcomargs.py
[2025-01-23T23:49:32.873+0000] {logging_mixin.py:190} INFO - [2025-01-23T23:49:32.873+0000] {dag.py:3239} INFO - Sync 2 DAGs
[2025-01-23T23:49:32.884+0000] {logging_mixin.py:190} INFO - [2025-01-23T23:49:32.884+0000] {dag.py:4180} INFO - Setting next_dagrun for example_xcom_args to None, run_after=None
[2025-01-23T23:49:32.888+0000] {logging_mixin.py:190} INFO - [2025-01-23T23:49:32.888+0000] {dag.py:4180} INFO - Setting next_dagrun for example_xcom_args_with_operators to None, run_after=None
[2025-01-23T23:49:32.903+0000] {processor.py:208} INFO - Processing /home/airflow/.local/lib/python3.12/site-packages/airflow/example_dags/example_xcomargs.py took 0.062 seconds
[2025-01-23T23:50:04.110+0000] {processor.py:186} INFO - Started process (PID=1849) to work on /home/airflow/.local/lib/python3.12/site-packages/airflow/example_dags/example_xcomargs.py
[2025-01-23T23:50:04.111+0000] {processor.py:914} INFO - Processing file /home/airflow/.local/lib/python3.12/site-packages/airflow/example_dags/example_xcomargs.py for tasks to queue
[2025-01-23T23:50:04.113+0000] {logging_mixin.py:190} INFO - [2025-01-23T23:50:04.113+0000] {dagbag.py:588} INFO - Filling up the DagBag from /home/airflow/.local/lib/python3.12/site-packages/airflow/example_dags/example_xcomargs.py
[2025-01-23T23:50:04.122+0000] {processor.py:925} INFO - DAG(s) 'example_xcom_args_with_operators', 'example_xcom_args' retrieved from /home/airflow/.local/lib/python3.12/site-packages/airflow/example_dags/example_xcomargs.py
[2025-01-23T23:50:04.147+0000] {logging_mixin.py:190} INFO - [2025-01-23T23:50:04.146+0000] {dag.py:3239} INFO - Sync 2 DAGs
[2025-01-23T23:50:04.167+0000] {logging_mixin.py:190} INFO - [2025-01-23T23:50:04.167+0000] {dag.py:4180} INFO - Setting next_dagrun for example_xcom_args to None, run_after=None
[2025-01-23T23:50:04.173+0000] {logging_mixin.py:190} INFO - [2025-01-23T23:50:04.172+0000] {dag.py:4180} INFO - Setting next_dagrun for example_xcom_args_with_operators to None, run_after=None
[2025-01-23T23:50:04.195+0000] {processor.py:208} INFO - Processing /home/airflow/.local/lib/python3.12/site-packages/airflow/example_dags/example_xcomargs.py took 0.093 seconds
[2025-01-23T23:50:35.329+0000] {processor.py:186} INFO - Started process (PID=1913) to work on /home/airflow/.local/lib/python3.12/site-packages/airflow/example_dags/example_xcomargs.py
[2025-01-23T23:50:35.330+0000] {processor.py:914} INFO - Processing file /home/airflow/.local/lib/python3.12/site-packages/airflow/example_dags/example_xcomargs.py for tasks to queue
[2025-01-23T23:50:35.333+0000] {logging_mixin.py:190} INFO - [2025-01-23T23:50:35.332+0000] {dagbag.py:588} INFO - Filling up the DagBag from /home/airflow/.local/lib/python3.12/site-packages/airflow/example_dags/example_xcomargs.py
[2025-01-23T23:50:35.341+0000] {processor.py:925} INFO - DAG(s) 'example_xcom_args', 'example_xcom_args_with_operators' retrieved from /home/airflow/.local/lib/python3.12/site-packages/airflow/example_dags/example_xcomargs.py
[2025-01-23T23:50:35.359+0000] {logging_mixin.py:190} INFO - [2025-01-23T23:50:35.359+0000] {dag.py:3239} INFO - Sync 2 DAGs
[2025-01-23T23:50:35.371+0000] {logging_mixin.py:190} INFO - [2025-01-23T23:50:35.370+0000] {dag.py:4180} INFO - Setting next_dagrun for example_xcom_args to None, run_after=None
[2025-01-23T23:50:35.374+0000] {logging_mixin.py:190} INFO - [2025-01-23T23:50:35.374+0000] {dag.py:4180} INFO - Setting next_dagrun for example_xcom_args_with_operators to None, run_after=None
[2025-01-23T23:50:35.388+0000] {processor.py:208} INFO - Processing /home/airflow/.local/lib/python3.12/site-packages/airflow/example_dags/example_xcomargs.py took 0.065 seconds
[2025-01-23T23:51:06.528+0000] {processor.py:186} INFO - Started process (PID=1977) to work on /home/airflow/.local/lib/python3.12/site-packages/airflow/example_dags/example_xcomargs.py
[2025-01-23T23:51:06.529+0000] {processor.py:914} INFO - Processing file /home/airflow/.local/lib/python3.12/site-packages/airflow/example_dags/example_xcomargs.py for tasks to queue
[2025-01-23T23:51:06.530+0000] {logging_mixin.py:190} INFO - [2025-01-23T23:51:06.530+0000] {dagbag.py:588} INFO - Filling up the DagBag from /home/airflow/.local/lib/python3.12/site-packages/airflow/example_dags/example_xcomargs.py
[2025-01-23T23:51:06.536+0000] {processor.py:925} INFO - DAG(s) 'example_xcom_args', 'example_xcom_args_with_operators' retrieved from /home/airflow/.local/lib/python3.12/site-packages/airflow/example_dags/example_xcomargs.py
[2025-01-23T23:51:06.552+0000] {logging_mixin.py:190} INFO - [2025-01-23T23:51:06.552+0000] {dag.py:3239} INFO - Sync 2 DAGs
[2025-01-23T23:51:06.561+0000] {logging_mixin.py:190} INFO - [2025-01-23T23:51:06.561+0000] {dag.py:4180} INFO - Setting next_dagrun for example_xcom_args to None, run_after=None
[2025-01-23T23:51:06.564+0000] {logging_mixin.py:190} INFO - [2025-01-23T23:51:06.564+0000] {dag.py:4180} INFO - Setting next_dagrun for example_xcom_args_with_operators to None, run_after=None
[2025-01-23T23:51:06.577+0000] {processor.py:208} INFO - Processing /home/airflow/.local/lib/python3.12/site-packages/airflow/example_dags/example_xcomargs.py took 0.053 seconds
[2025-01-23T23:51:37.326+0000] {processor.py:186} INFO - Started process (PID=2041) to work on /home/airflow/.local/lib/python3.12/site-packages/airflow/example_dags/example_xcomargs.py
[2025-01-23T23:51:37.327+0000] {processor.py:914} INFO - Processing file /home/airflow/.local/lib/python3.12/site-packages/airflow/example_dags/example_xcomargs.py for tasks to queue
[2025-01-23T23:51:37.329+0000] {logging_mixin.py:190} INFO - [2025-01-23T23:51:37.329+0000] {dagbag.py:588} INFO - Filling up the DagBag from /home/airflow/.local/lib/python3.12/site-packages/airflow/example_dags/example_xcomargs.py
[2025-01-23T23:51:37.338+0000] {processor.py:925} INFO - DAG(s) 'example_xcom_args_with_operators', 'example_xcom_args' retrieved from /home/airflow/.local/lib/python3.12/site-packages/airflow/example_dags/example_xcomargs.py
[2025-01-23T23:51:37.358+0000] {logging_mixin.py:190} INFO - [2025-01-23T23:51:37.358+0000] {dag.py:3239} INFO - Sync 2 DAGs
[2025-01-23T23:51:37.373+0000] {logging_mixin.py:190} INFO - [2025-01-23T23:51:37.373+0000] {dag.py:4180} INFO - Setting next_dagrun for example_xcom_args to None, run_after=None
[2025-01-23T23:51:37.376+0000] {logging_mixin.py:190} INFO - [2025-01-23T23:51:37.376+0000] {dag.py:4180} INFO - Setting next_dagrun for example_xcom_args_with_operators to None, run_after=None
[2025-01-23T23:51:37.398+0000] {processor.py:208} INFO - Processing /home/airflow/.local/lib/python3.12/site-packages/airflow/example_dags/example_xcomargs.py took 0.076 seconds
[2025-01-23T23:52:08.614+0000] {processor.py:186} INFO - Started process (PID=2105) to work on /home/airflow/.local/lib/python3.12/site-packages/airflow/example_dags/example_xcomargs.py
[2025-01-23T23:52:08.615+0000] {processor.py:914} INFO - Processing file /home/airflow/.local/lib/python3.12/site-packages/airflow/example_dags/example_xcomargs.py for tasks to queue
[2025-01-23T23:52:08.617+0000] {logging_mixin.py:190} INFO - [2025-01-23T23:52:08.617+0000] {dagbag.py:588} INFO - Filling up the DagBag from /home/airflow/.local/lib/python3.12/site-packages/airflow/example_dags/example_xcomargs.py
[2025-01-23T23:52:08.627+0000] {processor.py:925} INFO - DAG(s) 'example_xcom_args_with_operators', 'example_xcom_args' retrieved from /home/airflow/.local/lib/python3.12/site-packages/airflow/example_dags/example_xcomargs.py
[2025-01-23T23:52:08.654+0000] {logging_mixin.py:190} INFO - [2025-01-23T23:52:08.654+0000] {dag.py:3239} INFO - Sync 2 DAGs
[2025-01-23T23:52:08.671+0000] {logging_mixin.py:190} INFO - [2025-01-23T23:52:08.670+0000] {dag.py:4180} INFO - Setting next_dagrun for example_xcom_args to None, run_after=None
[2025-01-23T23:52:08.675+0000] {logging_mixin.py:190} INFO - [2025-01-23T23:52:08.674+0000] {dag.py:4180} INFO - Setting next_dagrun for example_xcom_args_with_operators to None, run_after=None
[2025-01-23T23:52:08.691+0000] {processor.py:208} INFO - Processing /home/airflow/.local/lib/python3.12/site-packages/airflow/example_dags/example_xcomargs.py took 0.082 seconds
[2025-01-23T23:52:39.167+0000] {processor.py:186} INFO - Started process (PID=2168) to work on /home/airflow/.local/lib/python3.12/site-packages/airflow/example_dags/example_xcomargs.py
[2025-01-23T23:52:39.168+0000] {processor.py:914} INFO - Processing file /home/airflow/.local/lib/python3.12/site-packages/airflow/example_dags/example_xcomargs.py for tasks to queue
[2025-01-23T23:52:39.169+0000] {logging_mixin.py:190} INFO - [2025-01-23T23:52:39.169+0000] {dagbag.py:588} INFO - Filling up the DagBag from /home/airflow/.local/lib/python3.12/site-packages/airflow/example_dags/example_xcomargs.py
[2025-01-23T23:52:39.178+0000] {processor.py:925} INFO - DAG(s) 'example_xcom_args_with_operators', 'example_xcom_args' retrieved from /home/airflow/.local/lib/python3.12/site-packages/airflow/example_dags/example_xcomargs.py
[2025-01-23T23:52:39.198+0000] {logging_mixin.py:190} INFO - [2025-01-23T23:52:39.198+0000] {dag.py:3239} INFO - Sync 2 DAGs
[2025-01-23T23:52:39.209+0000] {logging_mixin.py:190} INFO - [2025-01-23T23:52:39.209+0000] {dag.py:4180} INFO - Setting next_dagrun for example_xcom_args to None, run_after=None
[2025-01-23T23:52:39.213+0000] {logging_mixin.py:190} INFO - [2025-01-23T23:52:39.213+0000] {dag.py:4180} INFO - Setting next_dagrun for example_xcom_args_with_operators to None, run_after=None
[2025-01-23T23:52:39.229+0000] {processor.py:208} INFO - Processing /home/airflow/.local/lib/python3.12/site-packages/airflow/example_dags/example_xcomargs.py took 0.066 seconds
[2025-01-23T23:53:09.380+0000] {processor.py:186} INFO - Started process (PID=2231) to work on /home/airflow/.local/lib/python3.12/site-packages/airflow/example_dags/example_xcomargs.py
[2025-01-23T23:53:09.381+0000] {processor.py:914} INFO - Processing file /home/airflow/.local/lib/python3.12/site-packages/airflow/example_dags/example_xcomargs.py for tasks to queue
[2025-01-23T23:53:09.383+0000] {logging_mixin.py:190} INFO - [2025-01-23T23:53:09.382+0000] {dagbag.py:588} INFO - Filling up the DagBag from /home/airflow/.local/lib/python3.12/site-packages/airflow/example_dags/example_xcomargs.py
[2025-01-23T23:53:09.390+0000] {processor.py:925} INFO - DAG(s) 'example_xcom_args_with_operators', 'example_xcom_args' retrieved from /home/airflow/.local/lib/python3.12/site-packages/airflow/example_dags/example_xcomargs.py
[2025-01-23T23:53:09.408+0000] {logging_mixin.py:190} INFO - [2025-01-23T23:53:09.407+0000] {dag.py:3239} INFO - Sync 2 DAGs
[2025-01-23T23:53:09.419+0000] {logging_mixin.py:190} INFO - [2025-01-23T23:53:09.419+0000] {dag.py:4180} INFO - Setting next_dagrun for example_xcom_args to None, run_after=None
[2025-01-23T23:53:09.423+0000] {logging_mixin.py:190} INFO - [2025-01-23T23:53:09.422+0000] {dag.py:4180} INFO - Setting next_dagrun for example_xcom_args_with_operators to None, run_after=None
[2025-01-23T23:53:09.436+0000] {processor.py:208} INFO - Processing /home/airflow/.local/lib/python3.12/site-packages/airflow/example_dags/example_xcomargs.py took 0.060 seconds
[2025-01-23T23:53:40.313+0000] {processor.py:186} INFO - Started process (PID=2295) to work on /home/airflow/.local/lib/python3.12/site-packages/airflow/example_dags/example_xcomargs.py
[2025-01-23T23:53:40.314+0000] {processor.py:914} INFO - Processing file /home/airflow/.local/lib/python3.12/site-packages/airflow/example_dags/example_xcomargs.py for tasks to queue
[2025-01-23T23:53:40.316+0000] {logging_mixin.py:190} INFO - [2025-01-23T23:53:40.315+0000] {dagbag.py:588} INFO - Filling up the DagBag from /home/airflow/.local/lib/python3.12/site-packages/airflow/example_dags/example_xcomargs.py
[2025-01-23T23:53:40.322+0000] {processor.py:925} INFO - DAG(s) 'example_xcom_args_with_operators', 'example_xcom_args' retrieved from /home/airflow/.local/lib/python3.12/site-packages/airflow/example_dags/example_xcomargs.py
[2025-01-23T23:53:40.341+0000] {logging_mixin.py:190} INFO - [2025-01-23T23:53:40.340+0000] {dag.py:3239} INFO - Sync 2 DAGs
[2025-01-23T23:53:40.351+0000] {logging_mixin.py:190} INFO - [2025-01-23T23:53:40.351+0000] {dag.py:4180} INFO - Setting next_dagrun for example_xcom_args to None, run_after=None
[2025-01-23T23:53:40.354+0000] {logging_mixin.py:190} INFO - [2025-01-23T23:53:40.354+0000] {dag.py:4180} INFO - Setting next_dagrun for example_xcom_args_with_operators to None, run_after=None
[2025-01-23T23:53:40.370+0000] {processor.py:208} INFO - Processing /home/airflow/.local/lib/python3.12/site-packages/airflow/example_dags/example_xcomargs.py took 0.062 seconds
[2025-01-23T23:54:11.180+0000] {processor.py:186} INFO - Started process (PID=2364) to work on /home/airflow/.local/lib/python3.12/site-packages/airflow/example_dags/example_xcomargs.py
[2025-01-23T23:54:11.180+0000] {processor.py:914} INFO - Processing file /home/airflow/.local/lib/python3.12/site-packages/airflow/example_dags/example_xcomargs.py for tasks to queue
[2025-01-23T23:54:11.182+0000] {logging_mixin.py:190} INFO - [2025-01-23T23:54:11.182+0000] {dagbag.py:588} INFO - Filling up the DagBag from /home/airflow/.local/lib/python3.12/site-packages/airflow/example_dags/example_xcomargs.py
[2025-01-23T23:54:11.191+0000] {processor.py:925} INFO - DAG(s) 'example_xcom_args_with_operators', 'example_xcom_args' retrieved from /home/airflow/.local/lib/python3.12/site-packages/airflow/example_dags/example_xcomargs.py
[2025-01-23T23:54:11.213+0000] {logging_mixin.py:190} INFO - [2025-01-23T23:54:11.212+0000] {dag.py:3239} INFO - Sync 2 DAGs
[2025-01-23T23:54:11.225+0000] {logging_mixin.py:190} INFO - [2025-01-23T23:54:11.225+0000] {dag.py:4180} INFO - Setting next_dagrun for example_xcom_args to None, run_after=None
[2025-01-23T23:54:11.227+0000] {logging_mixin.py:190} INFO - [2025-01-23T23:54:11.227+0000] {dag.py:4180} INFO - Setting next_dagrun for example_xcom_args_with_operators to None, run_after=None
[2025-01-23T23:54:11.237+0000] {processor.py:208} INFO - Processing /home/airflow/.local/lib/python3.12/site-packages/airflow/example_dags/example_xcomargs.py took 0.062 seconds
[2025-01-23T23:54:42.535+0000] {processor.py:186} INFO - Started process (PID=2428) to work on /home/airflow/.local/lib/python3.12/site-packages/airflow/example_dags/example_xcomargs.py
[2025-01-23T23:54:42.536+0000] {processor.py:914} INFO - Processing file /home/airflow/.local/lib/python3.12/site-packages/airflow/example_dags/example_xcomargs.py for tasks to queue
[2025-01-23T23:54:42.538+0000] {logging_mixin.py:190} INFO - [2025-01-23T23:54:42.538+0000] {dagbag.py:588} INFO - Filling up the DagBag from /home/airflow/.local/lib/python3.12/site-packages/airflow/example_dags/example_xcomargs.py
[2025-01-23T23:54:42.548+0000] {processor.py:925} INFO - DAG(s) 'example_xcom_args', 'example_xcom_args_with_operators' retrieved from /home/airflow/.local/lib/python3.12/site-packages/airflow/example_dags/example_xcomargs.py
[2025-01-23T23:54:42.572+0000] {logging_mixin.py:190} INFO - [2025-01-23T23:54:42.572+0000] {dag.py:3239} INFO - Sync 2 DAGs
[2025-01-23T23:54:42.588+0000] {logging_mixin.py:190} INFO - [2025-01-23T23:54:42.588+0000] {dag.py:4180} INFO - Setting next_dagrun for example_xcom_args to None, run_after=None
[2025-01-23T23:54:42.592+0000] {logging_mixin.py:190} INFO - [2025-01-23T23:54:42.591+0000] {dag.py:4180} INFO - Setting next_dagrun for example_xcom_args_with_operators to None, run_after=None
[2025-01-23T23:54:42.606+0000] {processor.py:208} INFO - Processing /home/airflow/.local/lib/python3.12/site-packages/airflow/example_dags/example_xcomargs.py took 0.081 seconds
[2025-01-23T23:55:13.111+0000] {processor.py:186} INFO - Started process (PID=2492) to work on /home/airflow/.local/lib/python3.12/site-packages/airflow/example_dags/example_xcomargs.py
[2025-01-23T23:55:13.112+0000] {processor.py:914} INFO - Processing file /home/airflow/.local/lib/python3.12/site-packages/airflow/example_dags/example_xcomargs.py for tasks to queue
[2025-01-23T23:55:13.114+0000] {logging_mixin.py:190} INFO - [2025-01-23T23:55:13.114+0000] {dagbag.py:588} INFO - Filling up the DagBag from /home/airflow/.local/lib/python3.12/site-packages/airflow/example_dags/example_xcomargs.py
[2025-01-23T23:55:13.125+0000] {processor.py:925} INFO - DAG(s) 'example_xcom_args', 'example_xcom_args_with_operators' retrieved from /home/airflow/.local/lib/python3.12/site-packages/airflow/example_dags/example_xcomargs.py
[2025-01-23T23:55:13.176+0000] {logging_mixin.py:190} INFO - [2025-01-23T23:55:13.176+0000] {dag.py:3239} INFO - Sync 2 DAGs
[2025-01-23T23:55:13.192+0000] {logging_mixin.py:190} INFO - [2025-01-23T23:55:13.192+0000] {dag.py:4180} INFO - Setting next_dagrun for example_xcom_args to None, run_after=None
[2025-01-23T23:55:13.197+0000] {logging_mixin.py:190} INFO - [2025-01-23T23:55:13.196+0000] {dag.py:4180} INFO - Setting next_dagrun for example_xcom_args_with_operators to None, run_after=None
[2025-01-23T23:55:13.212+0000] {processor.py:208} INFO - Processing /home/airflow/.local/lib/python3.12/site-packages/airflow/example_dags/example_xcomargs.py took 0.105 seconds
[2025-01-23T23:55:44.102+0000] {processor.py:186} INFO - Started process (PID=2556) to work on /home/airflow/.local/lib/python3.12/site-packages/airflow/example_dags/example_xcomargs.py
[2025-01-23T23:55:44.103+0000] {processor.py:914} INFO - Processing file /home/airflow/.local/lib/python3.12/site-packages/airflow/example_dags/example_xcomargs.py for tasks to queue
[2025-01-23T23:55:44.105+0000] {logging_mixin.py:190} INFO - [2025-01-23T23:55:44.104+0000] {dagbag.py:588} INFO - Filling up the DagBag from /home/airflow/.local/lib/python3.12/site-packages/airflow/example_dags/example_xcomargs.py
[2025-01-23T23:55:44.112+0000] {processor.py:925} INFO - DAG(s) 'example_xcom_args', 'example_xcom_args_with_operators' retrieved from /home/airflow/.local/lib/python3.12/site-packages/airflow/example_dags/example_xcomargs.py
[2025-01-23T23:55:44.128+0000] {logging_mixin.py:190} INFO - [2025-01-23T23:55:44.128+0000] {dag.py:3239} INFO - Sync 2 DAGs
[2025-01-23T23:55:44.139+0000] {logging_mixin.py:190} INFO - [2025-01-23T23:55:44.139+0000] {dag.py:4180} INFO - Setting next_dagrun for example_xcom_args to None, run_after=None
[2025-01-23T23:55:44.142+0000] {logging_mixin.py:190} INFO - [2025-01-23T23:55:44.142+0000] {dag.py:4180} INFO - Setting next_dagrun for example_xcom_args_with_operators to None, run_after=None
[2025-01-23T23:55:44.156+0000] {processor.py:208} INFO - Processing /home/airflow/.local/lib/python3.12/site-packages/airflow/example_dags/example_xcomargs.py took 0.058 seconds
[2025-01-23T23:56:15.112+0000] {processor.py:186} INFO - Started process (PID=2622) to work on /home/airflow/.local/lib/python3.12/site-packages/airflow/example_dags/example_xcomargs.py
[2025-01-23T23:56:15.114+0000] {processor.py:914} INFO - Processing file /home/airflow/.local/lib/python3.12/site-packages/airflow/example_dags/example_xcomargs.py for tasks to queue
[2025-01-23T23:56:15.115+0000] {logging_mixin.py:190} INFO - [2025-01-23T23:56:15.115+0000] {dagbag.py:588} INFO - Filling up the DagBag from /home/airflow/.local/lib/python3.12/site-packages/airflow/example_dags/example_xcomargs.py
[2025-01-23T23:56:15.126+0000] {processor.py:925} INFO - DAG(s) 'example_xcom_args', 'example_xcom_args_with_operators' retrieved from /home/airflow/.local/lib/python3.12/site-packages/airflow/example_dags/example_xcomargs.py
[2025-01-23T23:56:15.154+0000] {logging_mixin.py:190} INFO - [2025-01-23T23:56:15.154+0000] {dag.py:3239} INFO - Sync 2 DAGs
[2025-01-23T23:56:15.172+0000] {logging_mixin.py:190} INFO - [2025-01-23T23:56:15.172+0000] {dag.py:4180} INFO - Setting next_dagrun for example_xcom_args to None, run_after=None
[2025-01-23T23:56:15.175+0000] {logging_mixin.py:190} INFO - [2025-01-23T23:56:15.175+0000] {dag.py:4180} INFO - Setting next_dagrun for example_xcom_args_with_operators to None, run_after=None
[2025-01-23T23:56:15.197+0000] {processor.py:208} INFO - Processing /home/airflow/.local/lib/python3.12/site-packages/airflow/example_dags/example_xcomargs.py took 0.090 seconds
[2025-01-23T23:56:46.172+0000] {processor.py:186} INFO - Started process (PID=2687) to work on /home/airflow/.local/lib/python3.12/site-packages/airflow/example_dags/example_xcomargs.py
[2025-01-23T23:56:46.172+0000] {processor.py:914} INFO - Processing file /home/airflow/.local/lib/python3.12/site-packages/airflow/example_dags/example_xcomargs.py for tasks to queue
[2025-01-23T23:56:46.174+0000] {logging_mixin.py:190} INFO - [2025-01-23T23:56:46.174+0000] {dagbag.py:588} INFO - Filling up the DagBag from /home/airflow/.local/lib/python3.12/site-packages/airflow/example_dags/example_xcomargs.py
[2025-01-23T23:56:46.182+0000] {processor.py:925} INFO - DAG(s) 'example_xcom_args_with_operators', 'example_xcom_args' retrieved from /home/airflow/.local/lib/python3.12/site-packages/airflow/example_dags/example_xcomargs.py
[2025-01-23T23:56:46.213+0000] {logging_mixin.py:190} INFO - [2025-01-23T23:56:46.212+0000] {dag.py:3239} INFO - Sync 2 DAGs
[2025-01-23T23:56:46.230+0000] {logging_mixin.py:190} INFO - [2025-01-23T23:56:46.230+0000] {dag.py:4180} INFO - Setting next_dagrun for example_xcom_args to None, run_after=None
[2025-01-23T23:56:46.234+0000] {logging_mixin.py:190} INFO - [2025-01-23T23:56:46.233+0000] {dag.py:4180} INFO - Setting next_dagrun for example_xcom_args_with_operators to None, run_after=None
[2025-01-23T23:56:46.251+0000] {processor.py:208} INFO - Processing /home/airflow/.local/lib/python3.12/site-packages/airflow/example_dags/example_xcomargs.py took 0.086 seconds
[2025-01-23T23:57:17.372+0000] {processor.py:186} INFO - Started process (PID=2752) to work on /home/airflow/.local/lib/python3.12/site-packages/airflow/example_dags/example_xcomargs.py
[2025-01-23T23:57:17.373+0000] {processor.py:914} INFO - Processing file /home/airflow/.local/lib/python3.12/site-packages/airflow/example_dags/example_xcomargs.py for tasks to queue
[2025-01-23T23:57:17.375+0000] {logging_mixin.py:190} INFO - [2025-01-23T23:57:17.375+0000] {dagbag.py:588} INFO - Filling up the DagBag from /home/airflow/.local/lib/python3.12/site-packages/airflow/example_dags/example_xcomargs.py
[2025-01-23T23:57:17.383+0000] {processor.py:925} INFO - DAG(s) 'example_xcom_args_with_operators', 'example_xcom_args' retrieved from /home/airflow/.local/lib/python3.12/site-packages/airflow/example_dags/example_xcomargs.py
[2025-01-23T23:57:17.405+0000] {logging_mixin.py:190} INFO - [2025-01-23T23:57:17.404+0000] {dag.py:3239} INFO - Sync 2 DAGs
[2025-01-23T23:57:17.420+0000] {logging_mixin.py:190} INFO - [2025-01-23T23:57:17.419+0000] {dag.py:4180} INFO - Setting next_dagrun for example_xcom_args to None, run_after=None
[2025-01-23T23:57:17.424+0000] {logging_mixin.py:190} INFO - [2025-01-23T23:57:17.424+0000] {dag.py:4180} INFO - Setting next_dagrun for example_xcom_args_with_operators to None, run_after=None
[2025-01-23T23:57:17.443+0000] {processor.py:208} INFO - Processing /home/airflow/.local/lib/python3.12/site-packages/airflow/example_dags/example_xcomargs.py took 0.076 seconds
[2025-01-23T23:57:48.439+0000] {processor.py:186} INFO - Started process (PID=2817) to work on /home/airflow/.local/lib/python3.12/site-packages/airflow/example_dags/example_xcomargs.py
[2025-01-23T23:57:48.441+0000] {processor.py:914} INFO - Processing file /home/airflow/.local/lib/python3.12/site-packages/airflow/example_dags/example_xcomargs.py for tasks to queue
[2025-01-23T23:57:48.444+0000] {logging_mixin.py:190} INFO - [2025-01-23T23:57:48.443+0000] {dagbag.py:588} INFO - Filling up the DagBag from /home/airflow/.local/lib/python3.12/site-packages/airflow/example_dags/example_xcomargs.py
[2025-01-23T23:57:48.457+0000] {processor.py:925} INFO - DAG(s) 'example_xcom_args', 'example_xcom_args_with_operators' retrieved from /home/airflow/.local/lib/python3.12/site-packages/airflow/example_dags/example_xcomargs.py
[2025-01-23T23:57:48.486+0000] {logging_mixin.py:190} INFO - [2025-01-23T23:57:48.486+0000] {dag.py:3239} INFO - Sync 2 DAGs
[2025-01-23T23:57:48.501+0000] {logging_mixin.py:190} INFO - [2025-01-23T23:57:48.501+0000] {dag.py:4180} INFO - Setting next_dagrun for example_xcom_args to None, run_after=None
[2025-01-23T23:57:48.505+0000] {logging_mixin.py:190} INFO - [2025-01-23T23:57:48.505+0000] {dag.py:4180} INFO - Setting next_dagrun for example_xcom_args_with_operators to None, run_after=None
[2025-01-23T23:57:48.520+0000] {processor.py:208} INFO - Processing /home/airflow/.local/lib/python3.12/site-packages/airflow/example_dags/example_xcomargs.py took 0.089 seconds
