[2025-01-23T23:35:00.614+0000] {processor.py:186} INFO - Started process (PID=110) to work on /home/airflow/.local/lib/python3.12/site-packages/airflow/example_dags/example_branch_python_dop_operator_3.py
[2025-01-23T23:35:00.615+0000] {processor.py:914} INFO - Processing file /home/airflow/.local/lib/python3.12/site-packages/airflow/example_dags/example_branch_python_dop_operator_3.py for tasks to queue
[2025-01-23T23:35:00.616+0000] {logging_mixin.py:190} INFO - [2025-01-23T23:35:00.616+0000] {dagbag.py:588} INFO - Filling up the DagBag from /home/airflow/.local/lib/python3.12/site-packages/airflow/example_dags/example_branch_python_dop_operator_3.py
[2025-01-23T23:35:00.624+0000] {processor.py:925} INFO - DAG(s) 'example_branch_dop_operator_v3' retrieved from /home/airflow/.local/lib/python3.12/site-packages/airflow/example_dags/example_branch_python_dop_operator_3.py
[2025-01-23T23:35:00.641+0000] {logging_mixin.py:190} INFO - [2025-01-23T23:35:00.641+0000] {dag.py:3239} INFO - Sync 1 DAGs
[2025-01-23T23:35:00.660+0000] {logging_mixin.py:190} INFO - [2025-01-23T23:35:00.660+0000] {dag.py:4180} INFO - Setting next_dagrun for example_branch_dop_operator_v3 to 2025-01-23 23:34:00+00:00, run_after=2025-01-23 23:35:00+00:00
[2025-01-23T23:35:00.675+0000] {processor.py:208} INFO - Processing /home/airflow/.local/lib/python3.12/site-packages/airflow/example_dags/example_branch_python_dop_operator_3.py took 0.066 seconds
[2025-01-23T23:36:08.107+0000] {processor.py:186} INFO - Started process (PID=113) to work on /home/airflow/.local/lib/python3.12/site-packages/airflow/example_dags/example_branch_python_dop_operator_3.py
[2025-01-23T23:36:08.108+0000] {processor.py:914} INFO - Processing file /home/airflow/.local/lib/python3.12/site-packages/airflow/example_dags/example_branch_python_dop_operator_3.py for tasks to queue
[2025-01-23T23:36:08.109+0000] {logging_mixin.py:190} INFO - [2025-01-23T23:36:08.109+0000] {dagbag.py:588} INFO - Filling up the DagBag from /home/airflow/.local/lib/python3.12/site-packages/airflow/example_dags/example_branch_python_dop_operator_3.py
[2025-01-23T23:36:08.120+0000] {processor.py:925} INFO - DAG(s) 'example_branch_dop_operator_v3' retrieved from /home/airflow/.local/lib/python3.12/site-packages/airflow/example_dags/example_branch_python_dop_operator_3.py
[2025-01-23T23:36:08.138+0000] {logging_mixin.py:190} INFO - [2025-01-23T23:36:08.138+0000] {dag.py:3239} INFO - Sync 1 DAGs
[2025-01-23T23:36:08.160+0000] {logging_mixin.py:190} INFO - [2025-01-23T23:36:08.160+0000] {dag.py:4180} INFO - Setting next_dagrun for example_branch_dop_operator_v3 to 2025-01-23 23:35:00+00:00, run_after=2025-01-23 23:36:00+00:00
[2025-01-23T23:36:08.175+0000] {processor.py:208} INFO - Processing /home/airflow/.local/lib/python3.12/site-packages/airflow/example_dags/example_branch_python_dop_operator_3.py took 0.073 seconds
[2025-01-23T23:36:39.437+0000] {processor.py:186} INFO - Started process (PID=178) to work on /home/airflow/.local/lib/python3.12/site-packages/airflow/example_dags/example_branch_python_dop_operator_3.py
[2025-01-23T23:36:39.437+0000] {processor.py:914} INFO - Processing file /home/airflow/.local/lib/python3.12/site-packages/airflow/example_dags/example_branch_python_dop_operator_3.py for tasks to queue
[2025-01-23T23:36:39.439+0000] {logging_mixin.py:190} INFO - [2025-01-23T23:36:39.438+0000] {dagbag.py:588} INFO - Filling up the DagBag from /home/airflow/.local/lib/python3.12/site-packages/airflow/example_dags/example_branch_python_dop_operator_3.py
[2025-01-23T23:36:39.445+0000] {processor.py:925} INFO - DAG(s) 'example_branch_dop_operator_v3' retrieved from /home/airflow/.local/lib/python3.12/site-packages/airflow/example_dags/example_branch_python_dop_operator_3.py
[2025-01-23T23:36:39.461+0000] {logging_mixin.py:190} INFO - [2025-01-23T23:36:39.461+0000] {dag.py:3239} INFO - Sync 1 DAGs
[2025-01-23T23:36:39.482+0000] {logging_mixin.py:190} INFO - [2025-01-23T23:36:39.481+0000] {dag.py:4180} INFO - Setting next_dagrun for example_branch_dop_operator_v3 to 2025-01-23 23:35:00+00:00, run_after=2025-01-23 23:36:00+00:00
[2025-01-23T23:36:39.495+0000] {processor.py:208} INFO - Processing /home/airflow/.local/lib/python3.12/site-packages/airflow/example_dags/example_branch_python_dop_operator_3.py took 0.063 seconds
[2025-01-23T23:37:10.306+0000] {processor.py:186} INFO - Started process (PID=242) to work on /home/airflow/.local/lib/python3.12/site-packages/airflow/example_dags/example_branch_python_dop_operator_3.py
[2025-01-23T23:37:10.306+0000] {processor.py:914} INFO - Processing file /home/airflow/.local/lib/python3.12/site-packages/airflow/example_dags/example_branch_python_dop_operator_3.py for tasks to queue
[2025-01-23T23:37:10.308+0000] {logging_mixin.py:190} INFO - [2025-01-23T23:37:10.307+0000] {dagbag.py:588} INFO - Filling up the DagBag from /home/airflow/.local/lib/python3.12/site-packages/airflow/example_dags/example_branch_python_dop_operator_3.py
[2025-01-23T23:37:10.314+0000] {processor.py:925} INFO - DAG(s) 'example_branch_dop_operator_v3' retrieved from /home/airflow/.local/lib/python3.12/site-packages/airflow/example_dags/example_branch_python_dop_operator_3.py
[2025-01-23T23:37:10.327+0000] {logging_mixin.py:190} INFO - [2025-01-23T23:37:10.327+0000] {dag.py:3239} INFO - Sync 1 DAGs
[2025-01-23T23:37:10.344+0000] {logging_mixin.py:190} INFO - [2025-01-23T23:37:10.344+0000] {dag.py:4180} INFO - Setting next_dagrun for example_branch_dop_operator_v3 to 2025-01-23 23:36:00+00:00, run_after=2025-01-23 23:37:00+00:00
[2025-01-23T23:37:10.357+0000] {processor.py:208} INFO - Processing /home/airflow/.local/lib/python3.12/site-packages/airflow/example_dags/example_branch_python_dop_operator_3.py took 0.055 seconds
[2025-01-23T23:37:41.595+0000] {processor.py:186} INFO - Started process (PID=307) to work on /home/airflow/.local/lib/python3.12/site-packages/airflow/example_dags/example_branch_python_dop_operator_3.py
[2025-01-23T23:37:41.597+0000] {processor.py:914} INFO - Processing file /home/airflow/.local/lib/python3.12/site-packages/airflow/example_dags/example_branch_python_dop_operator_3.py for tasks to queue
[2025-01-23T23:37:41.600+0000] {logging_mixin.py:190} INFO - [2025-01-23T23:37:41.599+0000] {dagbag.py:588} INFO - Filling up the DagBag from /home/airflow/.local/lib/python3.12/site-packages/airflow/example_dags/example_branch_python_dop_operator_3.py
[2025-01-23T23:37:41.614+0000] {processor.py:925} INFO - DAG(s) 'example_branch_dop_operator_v3' retrieved from /home/airflow/.local/lib/python3.12/site-packages/airflow/example_dags/example_branch_python_dop_operator_3.py
[2025-01-23T23:37:41.636+0000] {logging_mixin.py:190} INFO - [2025-01-23T23:37:41.636+0000] {dag.py:3239} INFO - Sync 1 DAGs
[2025-01-23T23:37:41.667+0000] {logging_mixin.py:190} INFO - [2025-01-23T23:37:41.667+0000] {dag.py:4180} INFO - Setting next_dagrun for example_branch_dop_operator_v3 to 2025-01-23 23:36:00+00:00, run_after=2025-01-23 23:37:00+00:00
[2025-01-23T23:37:41.686+0000] {processor.py:208} INFO - Processing /home/airflow/.local/lib/python3.12/site-packages/airflow/example_dags/example_branch_python_dop_operator_3.py took 0.100 seconds
[2025-01-23T23:38:12.352+0000] {processor.py:186} INFO - Started process (PID=371) to work on /home/airflow/.local/lib/python3.12/site-packages/airflow/example_dags/example_branch_python_dop_operator_3.py
[2025-01-23T23:38:12.353+0000] {processor.py:914} INFO - Processing file /home/airflow/.local/lib/python3.12/site-packages/airflow/example_dags/example_branch_python_dop_operator_3.py for tasks to queue
[2025-01-23T23:38:12.355+0000] {logging_mixin.py:190} INFO - [2025-01-23T23:38:12.355+0000] {dagbag.py:588} INFO - Filling up the DagBag from /home/airflow/.local/lib/python3.12/site-packages/airflow/example_dags/example_branch_python_dop_operator_3.py
[2025-01-23T23:38:12.363+0000] {processor.py:925} INFO - DAG(s) 'example_branch_dop_operator_v3' retrieved from /home/airflow/.local/lib/python3.12/site-packages/airflow/example_dags/example_branch_python_dop_operator_3.py
[2025-01-23T23:38:12.381+0000] {logging_mixin.py:190} INFO - [2025-01-23T23:38:12.381+0000] {dag.py:3239} INFO - Sync 1 DAGs
[2025-01-23T23:38:12.410+0000] {logging_mixin.py:190} INFO - [2025-01-23T23:38:12.410+0000] {dag.py:4180} INFO - Setting next_dagrun for example_branch_dop_operator_v3 to 2025-01-23 23:37:00+00:00, run_after=2025-01-23 23:38:00+00:00
[2025-01-23T23:38:12.432+0000] {processor.py:208} INFO - Processing /home/airflow/.local/lib/python3.12/site-packages/airflow/example_dags/example_branch_python_dop_operator_3.py took 0.084 seconds
[2025-01-23T23:38:43.339+0000] {processor.py:186} INFO - Started process (PID=435) to work on /home/airflow/.local/lib/python3.12/site-packages/airflow/example_dags/example_branch_python_dop_operator_3.py
[2025-01-23T23:38:43.340+0000] {processor.py:914} INFO - Processing file /home/airflow/.local/lib/python3.12/site-packages/airflow/example_dags/example_branch_python_dop_operator_3.py for tasks to queue
[2025-01-23T23:38:43.342+0000] {logging_mixin.py:190} INFO - [2025-01-23T23:38:43.342+0000] {dagbag.py:588} INFO - Filling up the DagBag from /home/airflow/.local/lib/python3.12/site-packages/airflow/example_dags/example_branch_python_dop_operator_3.py
[2025-01-23T23:38:43.357+0000] {processor.py:925} INFO - DAG(s) 'example_branch_dop_operator_v3' retrieved from /home/airflow/.local/lib/python3.12/site-packages/airflow/example_dags/example_branch_python_dop_operator_3.py
[2025-01-23T23:38:43.380+0000] {logging_mixin.py:190} INFO - [2025-01-23T23:38:43.380+0000] {dag.py:3239} INFO - Sync 1 DAGs
[2025-01-23T23:38:43.424+0000] {logging_mixin.py:190} INFO - [2025-01-23T23:38:43.424+0000] {dag.py:4180} INFO - Setting next_dagrun for example_branch_dop_operator_v3 to 2025-01-23 23:37:00+00:00, run_after=2025-01-23 23:38:00+00:00
[2025-01-23T23:38:43.451+0000] {processor.py:208} INFO - Processing /home/airflow/.local/lib/python3.12/site-packages/airflow/example_dags/example_branch_python_dop_operator_3.py took 0.120 seconds
[2025-01-23T23:39:14.241+0000] {processor.py:186} INFO - Started process (PID=499) to work on /home/airflow/.local/lib/python3.12/site-packages/airflow/example_dags/example_branch_python_dop_operator_3.py
[2025-01-23T23:39:14.242+0000] {processor.py:914} INFO - Processing file /home/airflow/.local/lib/python3.12/site-packages/airflow/example_dags/example_branch_python_dop_operator_3.py for tasks to queue
[2025-01-23T23:39:14.243+0000] {logging_mixin.py:190} INFO - [2025-01-23T23:39:14.243+0000] {dagbag.py:588} INFO - Filling up the DagBag from /home/airflow/.local/lib/python3.12/site-packages/airflow/example_dags/example_branch_python_dop_operator_3.py
[2025-01-23T23:39:14.252+0000] {processor.py:925} INFO - DAG(s) 'example_branch_dop_operator_v3' retrieved from /home/airflow/.local/lib/python3.12/site-packages/airflow/example_dags/example_branch_python_dop_operator_3.py
[2025-01-23T23:39:14.271+0000] {logging_mixin.py:190} INFO - [2025-01-23T23:39:14.271+0000] {dag.py:3239} INFO - Sync 1 DAGs
[2025-01-23T23:39:14.298+0000] {logging_mixin.py:190} INFO - [2025-01-23T23:39:14.298+0000] {dag.py:4180} INFO - Setting next_dagrun for example_branch_dop_operator_v3 to 2025-01-23 23:38:00+00:00, run_after=2025-01-23 23:39:00+00:00
[2025-01-23T23:39:14.315+0000] {processor.py:208} INFO - Processing /home/airflow/.local/lib/python3.12/site-packages/airflow/example_dags/example_branch_python_dop_operator_3.py took 0.080 seconds
[2025-01-23T23:39:44.401+0000] {processor.py:186} INFO - Started process (PID=562) to work on /home/airflow/.local/lib/python3.12/site-packages/airflow/example_dags/example_branch_python_dop_operator_3.py
[2025-01-23T23:39:44.402+0000] {processor.py:914} INFO - Processing file /home/airflow/.local/lib/python3.12/site-packages/airflow/example_dags/example_branch_python_dop_operator_3.py for tasks to queue
[2025-01-23T23:39:44.404+0000] {logging_mixin.py:190} INFO - [2025-01-23T23:39:44.404+0000] {dagbag.py:588} INFO - Filling up the DagBag from /home/airflow/.local/lib/python3.12/site-packages/airflow/example_dags/example_branch_python_dop_operator_3.py
[2025-01-23T23:39:44.416+0000] {processor.py:925} INFO - DAG(s) 'example_branch_dop_operator_v3' retrieved from /home/airflow/.local/lib/python3.12/site-packages/airflow/example_dags/example_branch_python_dop_operator_3.py
[2025-01-23T23:39:44.435+0000] {logging_mixin.py:190} INFO - [2025-01-23T23:39:44.435+0000] {dag.py:3239} INFO - Sync 1 DAGs
[2025-01-23T23:39:44.464+0000] {logging_mixin.py:190} INFO - [2025-01-23T23:39:44.463+0000] {dag.py:4180} INFO - Setting next_dagrun for example_branch_dop_operator_v3 to 2025-01-23 23:38:00+00:00, run_after=2025-01-23 23:39:00+00:00
[2025-01-23T23:39:44.484+0000] {processor.py:208} INFO - Processing /home/airflow/.local/lib/python3.12/site-packages/airflow/example_dags/example_branch_python_dop_operator_3.py took 0.091 seconds
[2025-01-23T23:40:15.199+0000] {processor.py:186} INFO - Started process (PID=625) to work on /home/airflow/.local/lib/python3.12/site-packages/airflow/example_dags/example_branch_python_dop_operator_3.py
[2025-01-23T23:40:15.199+0000] {processor.py:914} INFO - Processing file /home/airflow/.local/lib/python3.12/site-packages/airflow/example_dags/example_branch_python_dop_operator_3.py for tasks to queue
[2025-01-23T23:40:15.200+0000] {logging_mixin.py:190} INFO - [2025-01-23T23:40:15.200+0000] {dagbag.py:588} INFO - Filling up the DagBag from /home/airflow/.local/lib/python3.12/site-packages/airflow/example_dags/example_branch_python_dop_operator_3.py
[2025-01-23T23:40:15.211+0000] {processor.py:925} INFO - DAG(s) 'example_branch_dop_operator_v3' retrieved from /home/airflow/.local/lib/python3.12/site-packages/airflow/example_dags/example_branch_python_dop_operator_3.py
[2025-01-23T23:40:15.229+0000] {logging_mixin.py:190} INFO - [2025-01-23T23:40:15.229+0000] {dag.py:3239} INFO - Sync 1 DAGs
[2025-01-23T23:40:15.253+0000] {logging_mixin.py:190} INFO - [2025-01-23T23:40:15.252+0000] {dag.py:4180} INFO - Setting next_dagrun for example_branch_dop_operator_v3 to 2025-01-23 23:39:00+00:00, run_after=2025-01-23 23:40:00+00:00
[2025-01-23T23:40:15.283+0000] {processor.py:208} INFO - Processing /home/airflow/.local/lib/python3.12/site-packages/airflow/example_dags/example_branch_python_dop_operator_3.py took 0.090 seconds
[2025-01-23T23:40:45.709+0000] {processor.py:186} INFO - Started process (PID=689) to work on /home/airflow/.local/lib/python3.12/site-packages/airflow/example_dags/example_branch_python_dop_operator_3.py
[2025-01-23T23:40:45.710+0000] {processor.py:914} INFO - Processing file /home/airflow/.local/lib/python3.12/site-packages/airflow/example_dags/example_branch_python_dop_operator_3.py for tasks to queue
[2025-01-23T23:40:45.712+0000] {logging_mixin.py:190} INFO - [2025-01-23T23:40:45.712+0000] {dagbag.py:588} INFO - Filling up the DagBag from /home/airflow/.local/lib/python3.12/site-packages/airflow/example_dags/example_branch_python_dop_operator_3.py
[2025-01-23T23:40:45.721+0000] {processor.py:925} INFO - DAG(s) 'example_branch_dop_operator_v3' retrieved from /home/airflow/.local/lib/python3.12/site-packages/airflow/example_dags/example_branch_python_dop_operator_3.py
[2025-01-23T23:40:45.738+0000] {logging_mixin.py:190} INFO - [2025-01-23T23:40:45.737+0000] {dag.py:3239} INFO - Sync 1 DAGs
[2025-01-23T23:40:45.760+0000] {logging_mixin.py:190} INFO - [2025-01-23T23:40:45.760+0000] {dag.py:4180} INFO - Setting next_dagrun for example_branch_dop_operator_v3 to 2025-01-23 23:39:00+00:00, run_after=2025-01-23 23:40:00+00:00
[2025-01-23T23:40:45.773+0000] {processor.py:208} INFO - Processing /home/airflow/.local/lib/python3.12/site-packages/airflow/example_dags/example_branch_python_dop_operator_3.py took 0.068 seconds
[2025-01-23T23:41:16.727+0000] {processor.py:186} INFO - Started process (PID=753) to work on /home/airflow/.local/lib/python3.12/site-packages/airflow/example_dags/example_branch_python_dop_operator_3.py
[2025-01-23T23:41:16.728+0000] {processor.py:914} INFO - Processing file /home/airflow/.local/lib/python3.12/site-packages/airflow/example_dags/example_branch_python_dop_operator_3.py for tasks to queue
[2025-01-23T23:41:16.730+0000] {logging_mixin.py:190} INFO - [2025-01-23T23:41:16.730+0000] {dagbag.py:588} INFO - Filling up the DagBag from /home/airflow/.local/lib/python3.12/site-packages/airflow/example_dags/example_branch_python_dop_operator_3.py
[2025-01-23T23:41:16.738+0000] {processor.py:925} INFO - DAG(s) 'example_branch_dop_operator_v3' retrieved from /home/airflow/.local/lib/python3.12/site-packages/airflow/example_dags/example_branch_python_dop_operator_3.py
[2025-01-23T23:41:16.765+0000] {logging_mixin.py:190} INFO - [2025-01-23T23:41:16.765+0000] {dag.py:3239} INFO - Sync 1 DAGs
[2025-01-23T23:41:16.788+0000] {logging_mixin.py:190} INFO - [2025-01-23T23:41:16.788+0000] {dag.py:4180} INFO - Setting next_dagrun for example_branch_dop_operator_v3 to 2025-01-23 23:40:00+00:00, run_after=2025-01-23 23:41:00+00:00
[2025-01-23T23:41:16.801+0000] {processor.py:208} INFO - Processing /home/airflow/.local/lib/python3.12/site-packages/airflow/example_dags/example_branch_python_dop_operator_3.py took 0.080 seconds
[2025-01-23T23:41:47.500+0000] {processor.py:186} INFO - Started process (PID=817) to work on /home/airflow/.local/lib/python3.12/site-packages/airflow/example_dags/example_branch_python_dop_operator_3.py
[2025-01-23T23:41:47.501+0000] {processor.py:914} INFO - Processing file /home/airflow/.local/lib/python3.12/site-packages/airflow/example_dags/example_branch_python_dop_operator_3.py for tasks to queue
[2025-01-23T23:41:47.503+0000] {logging_mixin.py:190} INFO - [2025-01-23T23:41:47.503+0000] {dagbag.py:588} INFO - Filling up the DagBag from /home/airflow/.local/lib/python3.12/site-packages/airflow/example_dags/example_branch_python_dop_operator_3.py
[2025-01-23T23:41:47.511+0000] {processor.py:925} INFO - DAG(s) 'example_branch_dop_operator_v3' retrieved from /home/airflow/.local/lib/python3.12/site-packages/airflow/example_dags/example_branch_python_dop_operator_3.py
[2025-01-23T23:41:47.526+0000] {logging_mixin.py:190} INFO - [2025-01-23T23:41:47.525+0000] {dag.py:3239} INFO - Sync 1 DAGs
[2025-01-23T23:41:47.543+0000] {logging_mixin.py:190} INFO - [2025-01-23T23:41:47.543+0000] {dag.py:4180} INFO - Setting next_dagrun for example_branch_dop_operator_v3 to 2025-01-23 23:40:00+00:00, run_after=2025-01-23 23:41:00+00:00
[2025-01-23T23:41:47.561+0000] {processor.py:208} INFO - Processing /home/airflow/.local/lib/python3.12/site-packages/airflow/example_dags/example_branch_python_dop_operator_3.py took 0.067 seconds
[2025-01-23T23:42:17.651+0000] {processor.py:186} INFO - Started process (PID=881) to work on /home/airflow/.local/lib/python3.12/site-packages/airflow/example_dags/example_branch_python_dop_operator_3.py
[2025-01-23T23:42:17.651+0000] {processor.py:914} INFO - Processing file /home/airflow/.local/lib/python3.12/site-packages/airflow/example_dags/example_branch_python_dop_operator_3.py for tasks to queue
[2025-01-23T23:42:17.653+0000] {logging_mixin.py:190} INFO - [2025-01-23T23:42:17.653+0000] {dagbag.py:588} INFO - Filling up the DagBag from /home/airflow/.local/lib/python3.12/site-packages/airflow/example_dags/example_branch_python_dop_operator_3.py
[2025-01-23T23:42:17.659+0000] {processor.py:925} INFO - DAG(s) 'example_branch_dop_operator_v3' retrieved from /home/airflow/.local/lib/python3.12/site-packages/airflow/example_dags/example_branch_python_dop_operator_3.py
[2025-01-23T23:42:17.676+0000] {logging_mixin.py:190} INFO - [2025-01-23T23:42:17.676+0000] {dag.py:3239} INFO - Sync 1 DAGs
[2025-01-23T23:42:17.694+0000] {logging_mixin.py:190} INFO - [2025-01-23T23:42:17.694+0000] {dag.py:4180} INFO - Setting next_dagrun for example_branch_dop_operator_v3 to 2025-01-23 23:41:00+00:00, run_after=2025-01-23 23:42:00+00:00
[2025-01-23T23:42:17.706+0000] {processor.py:208} INFO - Processing /home/airflow/.local/lib/python3.12/site-packages/airflow/example_dags/example_branch_python_dop_operator_3.py took 0.059 seconds
[2025-01-23T23:42:48.050+0000] {processor.py:186} INFO - Started process (PID=945) to work on /home/airflow/.local/lib/python3.12/site-packages/airflow/example_dags/example_branch_python_dop_operator_3.py
[2025-01-23T23:42:48.051+0000] {processor.py:914} INFO - Processing file /home/airflow/.local/lib/python3.12/site-packages/airflow/example_dags/example_branch_python_dop_operator_3.py for tasks to queue
[2025-01-23T23:42:48.053+0000] {logging_mixin.py:190} INFO - [2025-01-23T23:42:48.052+0000] {dagbag.py:588} INFO - Filling up the DagBag from /home/airflow/.local/lib/python3.12/site-packages/airflow/example_dags/example_branch_python_dop_operator_3.py
[2025-01-23T23:42:48.063+0000] {processor.py:925} INFO - DAG(s) 'example_branch_dop_operator_v3' retrieved from /home/airflow/.local/lib/python3.12/site-packages/airflow/example_dags/example_branch_python_dop_operator_3.py
[2025-01-23T23:42:48.079+0000] {logging_mixin.py:190} INFO - [2025-01-23T23:42:48.078+0000] {dag.py:3239} INFO - Sync 1 DAGs
[2025-01-23T23:42:48.105+0000] {logging_mixin.py:190} INFO - [2025-01-23T23:42:48.105+0000] {dag.py:4180} INFO - Setting next_dagrun for example_branch_dop_operator_v3 to 2025-01-23 23:41:00+00:00, run_after=2025-01-23 23:42:00+00:00
[2025-01-23T23:42:48.123+0000] {processor.py:208} INFO - Processing /home/airflow/.local/lib/python3.12/site-packages/airflow/example_dags/example_branch_python_dop_operator_3.py took 0.079 seconds
[2025-01-23T23:43:19.111+0000] {processor.py:186} INFO - Started process (PID=1009) to work on /home/airflow/.local/lib/python3.12/site-packages/airflow/example_dags/example_branch_python_dop_operator_3.py
[2025-01-23T23:43:19.112+0000] {processor.py:914} INFO - Processing file /home/airflow/.local/lib/python3.12/site-packages/airflow/example_dags/example_branch_python_dop_operator_3.py for tasks to queue
[2025-01-23T23:43:19.113+0000] {logging_mixin.py:190} INFO - [2025-01-23T23:43:19.113+0000] {dagbag.py:588} INFO - Filling up the DagBag from /home/airflow/.local/lib/python3.12/site-packages/airflow/example_dags/example_branch_python_dop_operator_3.py
[2025-01-23T23:43:19.122+0000] {processor.py:925} INFO - DAG(s) 'example_branch_dop_operator_v3' retrieved from /home/airflow/.local/lib/python3.12/site-packages/airflow/example_dags/example_branch_python_dop_operator_3.py
[2025-01-23T23:43:19.139+0000] {logging_mixin.py:190} INFO - [2025-01-23T23:43:19.139+0000] {dag.py:3239} INFO - Sync 1 DAGs
[2025-01-23T23:43:19.164+0000] {logging_mixin.py:190} INFO - [2025-01-23T23:43:19.164+0000] {dag.py:4180} INFO - Setting next_dagrun for example_branch_dop_operator_v3 to 2025-01-23 23:42:00+00:00, run_after=2025-01-23 23:43:00+00:00
[2025-01-23T23:43:19.186+0000] {processor.py:208} INFO - Processing /home/airflow/.local/lib/python3.12/site-packages/airflow/example_dags/example_branch_python_dop_operator_3.py took 0.080 seconds
[2025-01-23T23:43:50.017+0000] {processor.py:186} INFO - Started process (PID=1073) to work on /home/airflow/.local/lib/python3.12/site-packages/airflow/example_dags/example_branch_python_dop_operator_3.py
[2025-01-23T23:43:50.018+0000] {processor.py:914} INFO - Processing file /home/airflow/.local/lib/python3.12/site-packages/airflow/example_dags/example_branch_python_dop_operator_3.py for tasks to queue
[2025-01-23T23:43:50.020+0000] {logging_mixin.py:190} INFO - [2025-01-23T23:43:50.019+0000] {dagbag.py:588} INFO - Filling up the DagBag from /home/airflow/.local/lib/python3.12/site-packages/airflow/example_dags/example_branch_python_dop_operator_3.py
[2025-01-23T23:43:50.027+0000] {processor.py:925} INFO - DAG(s) 'example_branch_dop_operator_v3' retrieved from /home/airflow/.local/lib/python3.12/site-packages/airflow/example_dags/example_branch_python_dop_operator_3.py
[2025-01-23T23:43:50.043+0000] {logging_mixin.py:190} INFO - [2025-01-23T23:43:50.042+0000] {dag.py:3239} INFO - Sync 1 DAGs
[2025-01-23T23:43:50.061+0000] {logging_mixin.py:190} INFO - [2025-01-23T23:43:50.061+0000] {dag.py:4180} INFO - Setting next_dagrun for example_branch_dop_operator_v3 to 2025-01-23 23:42:00+00:00, run_after=2025-01-23 23:43:00+00:00
[2025-01-23T23:43:50.075+0000] {processor.py:208} INFO - Processing /home/airflow/.local/lib/python3.12/site-packages/airflow/example_dags/example_branch_python_dop_operator_3.py took 0.062 seconds
[2025-01-23T23:44:21.025+0000] {processor.py:186} INFO - Started process (PID=1137) to work on /home/airflow/.local/lib/python3.12/site-packages/airflow/example_dags/example_branch_python_dop_operator_3.py
[2025-01-23T23:44:21.025+0000] {processor.py:914} INFO - Processing file /home/airflow/.local/lib/python3.12/site-packages/airflow/example_dags/example_branch_python_dop_operator_3.py for tasks to queue
[2025-01-23T23:44:21.027+0000] {logging_mixin.py:190} INFO - [2025-01-23T23:44:21.027+0000] {dagbag.py:588} INFO - Filling up the DagBag from /home/airflow/.local/lib/python3.12/site-packages/airflow/example_dags/example_branch_python_dop_operator_3.py
[2025-01-23T23:44:21.040+0000] {processor.py:925} INFO - DAG(s) 'example_branch_dop_operator_v3' retrieved from /home/airflow/.local/lib/python3.12/site-packages/airflow/example_dags/example_branch_python_dop_operator_3.py
[2025-01-23T23:44:21.057+0000] {logging_mixin.py:190} INFO - [2025-01-23T23:44:21.056+0000] {dag.py:3239} INFO - Sync 1 DAGs
[2025-01-23T23:44:21.078+0000] {logging_mixin.py:190} INFO - [2025-01-23T23:44:21.078+0000] {dag.py:4180} INFO - Setting next_dagrun for example_branch_dop_operator_v3 to 2025-01-23 23:43:00+00:00, run_after=2025-01-23 23:44:00+00:00
[2025-01-23T23:44:21.094+0000] {processor.py:208} INFO - Processing /home/airflow/.local/lib/python3.12/site-packages/airflow/example_dags/example_branch_python_dop_operator_3.py took 0.074 seconds
[2025-01-23T23:44:51.797+0000] {processor.py:186} INFO - Started process (PID=1201) to work on /home/airflow/.local/lib/python3.12/site-packages/airflow/example_dags/example_branch_python_dop_operator_3.py
[2025-01-23T23:44:51.798+0000] {processor.py:914} INFO - Processing file /home/airflow/.local/lib/python3.12/site-packages/airflow/example_dags/example_branch_python_dop_operator_3.py for tasks to queue
[2025-01-23T23:44:51.800+0000] {logging_mixin.py:190} INFO - [2025-01-23T23:44:51.799+0000] {dagbag.py:588} INFO - Filling up the DagBag from /home/airflow/.local/lib/python3.12/site-packages/airflow/example_dags/example_branch_python_dop_operator_3.py
[2025-01-23T23:44:51.811+0000] {processor.py:925} INFO - DAG(s) 'example_branch_dop_operator_v3' retrieved from /home/airflow/.local/lib/python3.12/site-packages/airflow/example_dags/example_branch_python_dop_operator_3.py
[2025-01-23T23:44:51.829+0000] {logging_mixin.py:190} INFO - [2025-01-23T23:44:51.829+0000] {dag.py:3239} INFO - Sync 1 DAGs
[2025-01-23T23:44:51.853+0000] {logging_mixin.py:190} INFO - [2025-01-23T23:44:51.853+0000] {dag.py:4180} INFO - Setting next_dagrun for example_branch_dop_operator_v3 to 2025-01-23 23:43:00+00:00, run_after=2025-01-23 23:44:00+00:00
[2025-01-23T23:44:51.878+0000] {processor.py:208} INFO - Processing /home/airflow/.local/lib/python3.12/site-packages/airflow/example_dags/example_branch_python_dop_operator_3.py took 0.085 seconds
[2025-01-23T23:45:22.927+0000] {processor.py:186} INFO - Started process (PID=1265) to work on /home/airflow/.local/lib/python3.12/site-packages/airflow/example_dags/example_branch_python_dop_operator_3.py
[2025-01-23T23:45:22.928+0000] {processor.py:914} INFO - Processing file /home/airflow/.local/lib/python3.12/site-packages/airflow/example_dags/example_branch_python_dop_operator_3.py for tasks to queue
[2025-01-23T23:45:22.929+0000] {logging_mixin.py:190} INFO - [2025-01-23T23:45:22.929+0000] {dagbag.py:588} INFO - Filling up the DagBag from /home/airflow/.local/lib/python3.12/site-packages/airflow/example_dags/example_branch_python_dop_operator_3.py
[2025-01-23T23:45:22.936+0000] {processor.py:925} INFO - DAG(s) 'example_branch_dop_operator_v3' retrieved from /home/airflow/.local/lib/python3.12/site-packages/airflow/example_dags/example_branch_python_dop_operator_3.py
[2025-01-23T23:45:22.952+0000] {logging_mixin.py:190} INFO - [2025-01-23T23:45:22.952+0000] {dag.py:3239} INFO - Sync 1 DAGs
[2025-01-23T23:45:22.977+0000] {logging_mixin.py:190} INFO - [2025-01-23T23:45:22.977+0000] {dag.py:4180} INFO - Setting next_dagrun for example_branch_dop_operator_v3 to 2025-01-23 23:44:00+00:00, run_after=2025-01-23 23:45:00+00:00
[2025-01-23T23:45:22.997+0000] {processor.py:208} INFO - Processing /home/airflow/.local/lib/python3.12/site-packages/airflow/example_dags/example_branch_python_dop_operator_3.py took 0.074 seconds
[2025-01-23T23:45:53.988+0000] {processor.py:186} INFO - Started process (PID=1329) to work on /home/airflow/.local/lib/python3.12/site-packages/airflow/example_dags/example_branch_python_dop_operator_3.py
[2025-01-23T23:45:53.989+0000] {processor.py:914} INFO - Processing file /home/airflow/.local/lib/python3.12/site-packages/airflow/example_dags/example_branch_python_dop_operator_3.py for tasks to queue
[2025-01-23T23:45:53.990+0000] {logging_mixin.py:190} INFO - [2025-01-23T23:45:53.990+0000] {dagbag.py:588} INFO - Filling up the DagBag from /home/airflow/.local/lib/python3.12/site-packages/airflow/example_dags/example_branch_python_dop_operator_3.py
[2025-01-23T23:45:53.997+0000] {processor.py:925} INFO - DAG(s) 'example_branch_dop_operator_v3' retrieved from /home/airflow/.local/lib/python3.12/site-packages/airflow/example_dags/example_branch_python_dop_operator_3.py
[2025-01-23T23:45:54.010+0000] {logging_mixin.py:190} INFO - [2025-01-23T23:45:54.009+0000] {dag.py:3239} INFO - Sync 1 DAGs
[2025-01-23T23:45:54.030+0000] {logging_mixin.py:190} INFO - [2025-01-23T23:45:54.030+0000] {dag.py:4180} INFO - Setting next_dagrun for example_branch_dop_operator_v3 to 2025-01-23 23:44:00+00:00, run_after=2025-01-23 23:45:00+00:00
[2025-01-23T23:45:54.050+0000] {processor.py:208} INFO - Processing /home/airflow/.local/lib/python3.12/site-packages/airflow/example_dags/example_branch_python_dop_operator_3.py took 0.066 seconds
[2025-01-23T23:46:24.834+0000] {processor.py:186} INFO - Started process (PID=1393) to work on /home/airflow/.local/lib/python3.12/site-packages/airflow/example_dags/example_branch_python_dop_operator_3.py
[2025-01-23T23:46:24.834+0000] {processor.py:914} INFO - Processing file /home/airflow/.local/lib/python3.12/site-packages/airflow/example_dags/example_branch_python_dop_operator_3.py for tasks to queue
[2025-01-23T23:46:24.836+0000] {logging_mixin.py:190} INFO - [2025-01-23T23:46:24.836+0000] {dagbag.py:588} INFO - Filling up the DagBag from /home/airflow/.local/lib/python3.12/site-packages/airflow/example_dags/example_branch_python_dop_operator_3.py
[2025-01-23T23:46:24.842+0000] {processor.py:925} INFO - DAG(s) 'example_branch_dop_operator_v3' retrieved from /home/airflow/.local/lib/python3.12/site-packages/airflow/example_dags/example_branch_python_dop_operator_3.py
[2025-01-23T23:46:24.859+0000] {logging_mixin.py:190} INFO - [2025-01-23T23:46:24.859+0000] {dag.py:3239} INFO - Sync 1 DAGs
[2025-01-23T23:46:24.878+0000] {logging_mixin.py:190} INFO - [2025-01-23T23:46:24.878+0000] {dag.py:4180} INFO - Setting next_dagrun for example_branch_dop_operator_v3 to 2025-01-23 23:45:00+00:00, run_after=2025-01-23 23:46:00+00:00
[2025-01-23T23:46:24.894+0000] {processor.py:208} INFO - Processing /home/airflow/.local/lib/python3.12/site-packages/airflow/example_dags/example_branch_python_dop_operator_3.py took 0.064 seconds
[2025-01-23T23:46:55.856+0000] {processor.py:186} INFO - Started process (PID=1457) to work on /home/airflow/.local/lib/python3.12/site-packages/airflow/example_dags/example_branch_python_dop_operator_3.py
[2025-01-23T23:46:55.857+0000] {processor.py:914} INFO - Processing file /home/airflow/.local/lib/python3.12/site-packages/airflow/example_dags/example_branch_python_dop_operator_3.py for tasks to queue
[2025-01-23T23:46:55.860+0000] {logging_mixin.py:190} INFO - [2025-01-23T23:46:55.859+0000] {dagbag.py:588} INFO - Filling up the DagBag from /home/airflow/.local/lib/python3.12/site-packages/airflow/example_dags/example_branch_python_dop_operator_3.py
[2025-01-23T23:46:55.871+0000] {processor.py:925} INFO - DAG(s) 'example_branch_dop_operator_v3' retrieved from /home/airflow/.local/lib/python3.12/site-packages/airflow/example_dags/example_branch_python_dop_operator_3.py
[2025-01-23T23:46:55.892+0000] {logging_mixin.py:190} INFO - [2025-01-23T23:46:55.892+0000] {dag.py:3239} INFO - Sync 1 DAGs
[2025-01-23T23:46:55.929+0000] {logging_mixin.py:190} INFO - [2025-01-23T23:46:55.929+0000] {dag.py:4180} INFO - Setting next_dagrun for example_branch_dop_operator_v3 to 2025-01-23 23:45:00+00:00, run_after=2025-01-23 23:46:00+00:00
[2025-01-23T23:46:55.962+0000] {processor.py:208} INFO - Processing /home/airflow/.local/lib/python3.12/site-packages/airflow/example_dags/example_branch_python_dop_operator_3.py took 0.111 seconds
[2025-01-23T23:47:26.656+0000] {processor.py:186} INFO - Started process (PID=1521) to work on /home/airflow/.local/lib/python3.12/site-packages/airflow/example_dags/example_branch_python_dop_operator_3.py
[2025-01-23T23:47:26.657+0000] {processor.py:914} INFO - Processing file /home/airflow/.local/lib/python3.12/site-packages/airflow/example_dags/example_branch_python_dop_operator_3.py for tasks to queue
[2025-01-23T23:47:26.660+0000] {logging_mixin.py:190} INFO - [2025-01-23T23:47:26.660+0000] {dagbag.py:588} INFO - Filling up the DagBag from /home/airflow/.local/lib/python3.12/site-packages/airflow/example_dags/example_branch_python_dop_operator_3.py
[2025-01-23T23:47:26.672+0000] {processor.py:925} INFO - DAG(s) 'example_branch_dop_operator_v3' retrieved from /home/airflow/.local/lib/python3.12/site-packages/airflow/example_dags/example_branch_python_dop_operator_3.py
[2025-01-23T23:47:26.695+0000] {logging_mixin.py:190} INFO - [2025-01-23T23:47:26.695+0000] {dag.py:3239} INFO - Sync 1 DAGs
[2025-01-23T23:47:26.718+0000] {logging_mixin.py:190} INFO - [2025-01-23T23:47:26.718+0000] {dag.py:4180} INFO - Setting next_dagrun for example_branch_dop_operator_v3 to 2025-01-23 23:46:00+00:00, run_after=2025-01-23 23:47:00+00:00
[2025-01-23T23:47:26.732+0000] {processor.py:208} INFO - Processing /home/airflow/.local/lib/python3.12/site-packages/airflow/example_dags/example_branch_python_dop_operator_3.py took 0.082 seconds
[2025-01-23T23:47:57.495+0000] {processor.py:186} INFO - Started process (PID=1585) to work on /home/airflow/.local/lib/python3.12/site-packages/airflow/example_dags/example_branch_python_dop_operator_3.py
[2025-01-23T23:47:57.496+0000] {processor.py:914} INFO - Processing file /home/airflow/.local/lib/python3.12/site-packages/airflow/example_dags/example_branch_python_dop_operator_3.py for tasks to queue
[2025-01-23T23:47:57.498+0000] {logging_mixin.py:190} INFO - [2025-01-23T23:47:57.498+0000] {dagbag.py:588} INFO - Filling up the DagBag from /home/airflow/.local/lib/python3.12/site-packages/airflow/example_dags/example_branch_python_dop_operator_3.py
[2025-01-23T23:47:57.507+0000] {processor.py:925} INFO - DAG(s) 'example_branch_dop_operator_v3' retrieved from /home/airflow/.local/lib/python3.12/site-packages/airflow/example_dags/example_branch_python_dop_operator_3.py
[2025-01-23T23:47:57.531+0000] {logging_mixin.py:190} INFO - [2025-01-23T23:47:57.531+0000] {dag.py:3239} INFO - Sync 1 DAGs
[2025-01-23T23:47:57.564+0000] {logging_mixin.py:190} INFO - [2025-01-23T23:47:57.564+0000] {dag.py:4180} INFO - Setting next_dagrun for example_branch_dop_operator_v3 to 2025-01-23 23:46:00+00:00, run_after=2025-01-23 23:47:00+00:00
[2025-01-23T23:47:57.583+0000] {processor.py:208} INFO - Processing /home/airflow/.local/lib/python3.12/site-packages/airflow/example_dags/example_branch_python_dop_operator_3.py took 0.093 seconds
[2025-01-23T23:48:28.567+0000] {processor.py:186} INFO - Started process (PID=1649) to work on /home/airflow/.local/lib/python3.12/site-packages/airflow/example_dags/example_branch_python_dop_operator_3.py
[2025-01-23T23:48:28.568+0000] {processor.py:914} INFO - Processing file /home/airflow/.local/lib/python3.12/site-packages/airflow/example_dags/example_branch_python_dop_operator_3.py for tasks to queue
[2025-01-23T23:48:28.570+0000] {logging_mixin.py:190} INFO - [2025-01-23T23:48:28.569+0000] {dagbag.py:588} INFO - Filling up the DagBag from /home/airflow/.local/lib/python3.12/site-packages/airflow/example_dags/example_branch_python_dop_operator_3.py
[2025-01-23T23:48:28.577+0000] {processor.py:925} INFO - DAG(s) 'example_branch_dop_operator_v3' retrieved from /home/airflow/.local/lib/python3.12/site-packages/airflow/example_dags/example_branch_python_dop_operator_3.py
[2025-01-23T23:48:28.593+0000] {logging_mixin.py:190} INFO - [2025-01-23T23:48:28.593+0000] {dag.py:3239} INFO - Sync 1 DAGs
[2025-01-23T23:48:28.626+0000] {logging_mixin.py:190} INFO - [2025-01-23T23:48:28.625+0000] {dag.py:4180} INFO - Setting next_dagrun for example_branch_dop_operator_v3 to 2025-01-23 23:47:00+00:00, run_after=2025-01-23 23:48:00+00:00
[2025-01-23T23:48:28.643+0000] {processor.py:208} INFO - Processing /home/airflow/.local/lib/python3.12/site-packages/airflow/example_dags/example_branch_python_dop_operator_3.py took 0.079 seconds
[2025-01-23T23:48:59.396+0000] {processor.py:186} INFO - Started process (PID=1713) to work on /home/airflow/.local/lib/python3.12/site-packages/airflow/example_dags/example_branch_python_dop_operator_3.py
[2025-01-23T23:48:59.396+0000] {processor.py:914} INFO - Processing file /home/airflow/.local/lib/python3.12/site-packages/airflow/example_dags/example_branch_python_dop_operator_3.py for tasks to queue
[2025-01-23T23:48:59.398+0000] {logging_mixin.py:190} INFO - [2025-01-23T23:48:59.398+0000] {dagbag.py:588} INFO - Filling up the DagBag from /home/airflow/.local/lib/python3.12/site-packages/airflow/example_dags/example_branch_python_dop_operator_3.py
[2025-01-23T23:48:59.406+0000] {processor.py:925} INFO - DAG(s) 'example_branch_dop_operator_v3' retrieved from /home/airflow/.local/lib/python3.12/site-packages/airflow/example_dags/example_branch_python_dop_operator_3.py
[2025-01-23T23:48:59.424+0000] {logging_mixin.py:190} INFO - [2025-01-23T23:48:59.424+0000] {dag.py:3239} INFO - Sync 1 DAGs
[2025-01-23T23:48:59.451+0000] {logging_mixin.py:190} INFO - [2025-01-23T23:48:59.451+0000] {dag.py:4180} INFO - Setting next_dagrun for example_branch_dop_operator_v3 to 2025-01-23 23:47:00+00:00, run_after=2025-01-23 23:48:00+00:00
[2025-01-23T23:48:59.472+0000] {processor.py:208} INFO - Processing /home/airflow/.local/lib/python3.12/site-packages/airflow/example_dags/example_branch_python_dop_operator_3.py took 0.081 seconds
[2025-01-23T23:49:30.894+0000] {processor.py:186} INFO - Started process (PID=1777) to work on /home/airflow/.local/lib/python3.12/site-packages/airflow/example_dags/example_branch_python_dop_operator_3.py
[2025-01-23T23:49:30.895+0000] {processor.py:914} INFO - Processing file /home/airflow/.local/lib/python3.12/site-packages/airflow/example_dags/example_branch_python_dop_operator_3.py for tasks to queue
[2025-01-23T23:49:30.897+0000] {logging_mixin.py:190} INFO - [2025-01-23T23:49:30.896+0000] {dagbag.py:588} INFO - Filling up the DagBag from /home/airflow/.local/lib/python3.12/site-packages/airflow/example_dags/example_branch_python_dop_operator_3.py
[2025-01-23T23:49:30.904+0000] {processor.py:925} INFO - DAG(s) 'example_branch_dop_operator_v3' retrieved from /home/airflow/.local/lib/python3.12/site-packages/airflow/example_dags/example_branch_python_dop_operator_3.py
[2025-01-23T23:49:30.924+0000] {logging_mixin.py:190} INFO - [2025-01-23T23:49:30.924+0000] {dag.py:3239} INFO - Sync 1 DAGs
[2025-01-23T23:49:30.972+0000] {logging_mixin.py:190} INFO - [2025-01-23T23:49:30.972+0000] {dag.py:4180} INFO - Setting next_dagrun for example_branch_dop_operator_v3 to 2025-01-23 23:48:00+00:00, run_after=2025-01-23 23:49:00+00:00
[2025-01-23T23:49:30.997+0000] {processor.py:208} INFO - Processing /home/airflow/.local/lib/python3.12/site-packages/airflow/example_dags/example_branch_python_dop_operator_3.py took 0.107 seconds
[2025-01-23T23:50:02.250+0000] {processor.py:186} INFO - Started process (PID=1841) to work on /home/airflow/.local/lib/python3.12/site-packages/airflow/example_dags/example_branch_python_dop_operator_3.py
[2025-01-23T23:50:02.251+0000] {processor.py:914} INFO - Processing file /home/airflow/.local/lib/python3.12/site-packages/airflow/example_dags/example_branch_python_dop_operator_3.py for tasks to queue
[2025-01-23T23:50:02.254+0000] {logging_mixin.py:190} INFO - [2025-01-23T23:50:02.253+0000] {dagbag.py:588} INFO - Filling up the DagBag from /home/airflow/.local/lib/python3.12/site-packages/airflow/example_dags/example_branch_python_dop_operator_3.py
[2025-01-23T23:50:02.262+0000] {processor.py:925} INFO - DAG(s) 'example_branch_dop_operator_v3' retrieved from /home/airflow/.local/lib/python3.12/site-packages/airflow/example_dags/example_branch_python_dop_operator_3.py
[2025-01-23T23:50:02.279+0000] {logging_mixin.py:190} INFO - [2025-01-23T23:50:02.279+0000] {dag.py:3239} INFO - Sync 1 DAGs
[2025-01-23T23:50:02.307+0000] {logging_mixin.py:190} INFO - [2025-01-23T23:50:02.307+0000] {dag.py:4180} INFO - Setting next_dagrun for example_branch_dop_operator_v3 to 2025-01-23 23:49:00+00:00, run_after=2025-01-23 23:50:00+00:00
[2025-01-23T23:50:02.325+0000] {processor.py:208} INFO - Processing /home/airflow/.local/lib/python3.12/site-packages/airflow/example_dags/example_branch_python_dop_operator_3.py took 0.079 seconds
[2025-01-23T23:50:33.603+0000] {processor.py:186} INFO - Started process (PID=1905) to work on /home/airflow/.local/lib/python3.12/site-packages/airflow/example_dags/example_branch_python_dop_operator_3.py
[2025-01-23T23:50:33.604+0000] {processor.py:914} INFO - Processing file /home/airflow/.local/lib/python3.12/site-packages/airflow/example_dags/example_branch_python_dop_operator_3.py for tasks to queue
[2025-01-23T23:50:33.606+0000] {logging_mixin.py:190} INFO - [2025-01-23T23:50:33.605+0000] {dagbag.py:588} INFO - Filling up the DagBag from /home/airflow/.local/lib/python3.12/site-packages/airflow/example_dags/example_branch_python_dop_operator_3.py
[2025-01-23T23:50:33.615+0000] {processor.py:925} INFO - DAG(s) 'example_branch_dop_operator_v3' retrieved from /home/airflow/.local/lib/python3.12/site-packages/airflow/example_dags/example_branch_python_dop_operator_3.py
[2025-01-23T23:50:33.629+0000] {logging_mixin.py:190} INFO - [2025-01-23T23:50:33.629+0000] {dag.py:3239} INFO - Sync 1 DAGs
[2025-01-23T23:50:33.646+0000] {logging_mixin.py:190} INFO - [2025-01-23T23:50:33.646+0000] {dag.py:4180} INFO - Setting next_dagrun for example_branch_dop_operator_v3 to 2025-01-23 23:49:00+00:00, run_after=2025-01-23 23:50:00+00:00
[2025-01-23T23:50:33.661+0000] {processor.py:208} INFO - Processing /home/airflow/.local/lib/python3.12/site-packages/airflow/example_dags/example_branch_python_dop_operator_3.py took 0.063 seconds
[2025-01-23T23:51:04.664+0000] {processor.py:186} INFO - Started process (PID=1969) to work on /home/airflow/.local/lib/python3.12/site-packages/airflow/example_dags/example_branch_python_dop_operator_3.py
[2025-01-23T23:51:04.665+0000] {processor.py:914} INFO - Processing file /home/airflow/.local/lib/python3.12/site-packages/airflow/example_dags/example_branch_python_dop_operator_3.py for tasks to queue
[2025-01-23T23:51:04.668+0000] {logging_mixin.py:190} INFO - [2025-01-23T23:51:04.667+0000] {dagbag.py:588} INFO - Filling up the DagBag from /home/airflow/.local/lib/python3.12/site-packages/airflow/example_dags/example_branch_python_dop_operator_3.py
[2025-01-23T23:51:04.682+0000] {processor.py:925} INFO - DAG(s) 'example_branch_dop_operator_v3' retrieved from /home/airflow/.local/lib/python3.12/site-packages/airflow/example_dags/example_branch_python_dop_operator_3.py
[2025-01-23T23:51:04.706+0000] {logging_mixin.py:190} INFO - [2025-01-23T23:51:04.706+0000] {dag.py:3239} INFO - Sync 1 DAGs
[2025-01-23T23:51:04.728+0000] {logging_mixin.py:190} INFO - [2025-01-23T23:51:04.728+0000] {dag.py:4180} INFO - Setting next_dagrun for example_branch_dop_operator_v3 to 2025-01-23 23:50:00+00:00, run_after=2025-01-23 23:51:00+00:00
[2025-01-23T23:51:04.746+0000] {processor.py:208} INFO - Processing /home/airflow/.local/lib/python3.12/site-packages/airflow/example_dags/example_branch_python_dop_operator_3.py took 0.089 seconds
[2025-01-23T23:51:35.393+0000] {processor.py:186} INFO - Started process (PID=2033) to work on /home/airflow/.local/lib/python3.12/site-packages/airflow/example_dags/example_branch_python_dop_operator_3.py
[2025-01-23T23:51:35.394+0000] {processor.py:914} INFO - Processing file /home/airflow/.local/lib/python3.12/site-packages/airflow/example_dags/example_branch_python_dop_operator_3.py for tasks to queue
[2025-01-23T23:51:35.396+0000] {logging_mixin.py:190} INFO - [2025-01-23T23:51:35.396+0000] {dagbag.py:588} INFO - Filling up the DagBag from /home/airflow/.local/lib/python3.12/site-packages/airflow/example_dags/example_branch_python_dop_operator_3.py
[2025-01-23T23:51:35.408+0000] {processor.py:925} INFO - DAG(s) 'example_branch_dop_operator_v3' retrieved from /home/airflow/.local/lib/python3.12/site-packages/airflow/example_dags/example_branch_python_dop_operator_3.py
[2025-01-23T23:51:35.426+0000] {logging_mixin.py:190} INFO - [2025-01-23T23:51:35.426+0000] {dag.py:3239} INFO - Sync 1 DAGs
[2025-01-23T23:51:35.451+0000] {logging_mixin.py:190} INFO - [2025-01-23T23:51:35.451+0000] {dag.py:4180} INFO - Setting next_dagrun for example_branch_dop_operator_v3 to 2025-01-23 23:50:00+00:00, run_after=2025-01-23 23:51:00+00:00
[2025-01-23T23:51:35.468+0000] {processor.py:208} INFO - Processing /home/airflow/.local/lib/python3.12/site-packages/airflow/example_dags/example_branch_python_dop_operator_3.py took 0.081 seconds
[2025-01-23T23:52:07.298+0000] {processor.py:186} INFO - Started process (PID=2097) to work on /home/airflow/.local/lib/python3.12/site-packages/airflow/example_dags/example_branch_python_dop_operator_3.py
[2025-01-23T23:52:07.299+0000] {processor.py:914} INFO - Processing file /home/airflow/.local/lib/python3.12/site-packages/airflow/example_dags/example_branch_python_dop_operator_3.py for tasks to queue
[2025-01-23T23:52:07.302+0000] {logging_mixin.py:190} INFO - [2025-01-23T23:52:07.301+0000] {dagbag.py:588} INFO - Filling up the DagBag from /home/airflow/.local/lib/python3.12/site-packages/airflow/example_dags/example_branch_python_dop_operator_3.py
[2025-01-23T23:52:07.312+0000] {processor.py:925} INFO - DAG(s) 'example_branch_dop_operator_v3' retrieved from /home/airflow/.local/lib/python3.12/site-packages/airflow/example_dags/example_branch_python_dop_operator_3.py
[2025-01-23T23:52:07.334+0000] {logging_mixin.py:190} INFO - [2025-01-23T23:52:07.333+0000] {dag.py:3239} INFO - Sync 1 DAGs
[2025-01-23T23:52:07.368+0000] {logging_mixin.py:190} INFO - [2025-01-23T23:52:07.368+0000] {dag.py:4180} INFO - Setting next_dagrun for example_branch_dop_operator_v3 to 2025-01-23 23:51:00+00:00, run_after=2025-01-23 23:52:00+00:00
[2025-01-23T23:52:07.398+0000] {processor.py:208} INFO - Processing /home/airflow/.local/lib/python3.12/site-packages/airflow/example_dags/example_branch_python_dop_operator_3.py took 0.106 seconds
[2025-01-23T23:52:37.738+0000] {processor.py:186} INFO - Started process (PID=2161) to work on /home/airflow/.local/lib/python3.12/site-packages/airflow/example_dags/example_branch_python_dop_operator_3.py
[2025-01-23T23:52:37.739+0000] {processor.py:914} INFO - Processing file /home/airflow/.local/lib/python3.12/site-packages/airflow/example_dags/example_branch_python_dop_operator_3.py for tasks to queue
[2025-01-23T23:52:37.740+0000] {logging_mixin.py:190} INFO - [2025-01-23T23:52:37.740+0000] {dagbag.py:588} INFO - Filling up the DagBag from /home/airflow/.local/lib/python3.12/site-packages/airflow/example_dags/example_branch_python_dop_operator_3.py
[2025-01-23T23:52:37.747+0000] {processor.py:925} INFO - DAG(s) 'example_branch_dop_operator_v3' retrieved from /home/airflow/.local/lib/python3.12/site-packages/airflow/example_dags/example_branch_python_dop_operator_3.py
[2025-01-23T23:52:37.765+0000] {logging_mixin.py:190} INFO - [2025-01-23T23:52:37.764+0000] {dag.py:3239} INFO - Sync 1 DAGs
[2025-01-23T23:52:37.790+0000] {logging_mixin.py:190} INFO - [2025-01-23T23:52:37.790+0000] {dag.py:4180} INFO - Setting next_dagrun for example_branch_dop_operator_v3 to 2025-01-23 23:51:00+00:00, run_after=2025-01-23 23:52:00+00:00
[2025-01-23T23:52:37.806+0000] {processor.py:208} INFO - Processing /home/airflow/.local/lib/python3.12/site-packages/airflow/example_dags/example_branch_python_dop_operator_3.py took 0.072 seconds
[2025-01-23T23:53:09.008+0000] {processor.py:186} INFO - Started process (PID=2225) to work on /home/airflow/.local/lib/python3.12/site-packages/airflow/example_dags/example_branch_python_dop_operator_3.py
[2025-01-23T23:53:09.010+0000] {processor.py:914} INFO - Processing file /home/airflow/.local/lib/python3.12/site-packages/airflow/example_dags/example_branch_python_dop_operator_3.py for tasks to queue
[2025-01-23T23:53:09.014+0000] {logging_mixin.py:190} INFO - [2025-01-23T23:53:09.013+0000] {dagbag.py:588} INFO - Filling up the DagBag from /home/airflow/.local/lib/python3.12/site-packages/airflow/example_dags/example_branch_python_dop_operator_3.py
[2025-01-23T23:53:09.030+0000] {processor.py:925} INFO - DAG(s) 'example_branch_dop_operator_v3' retrieved from /home/airflow/.local/lib/python3.12/site-packages/airflow/example_dags/example_branch_python_dop_operator_3.py
[2025-01-23T23:53:09.051+0000] {logging_mixin.py:190} INFO - [2025-01-23T23:53:09.051+0000] {dag.py:3239} INFO - Sync 1 DAGs
[2025-01-23T23:53:09.075+0000] {logging_mixin.py:190} INFO - [2025-01-23T23:53:09.075+0000] {dag.py:4180} INFO - Setting next_dagrun for example_branch_dop_operator_v3 to 2025-01-23 23:52:00+00:00, run_after=2025-01-23 23:53:00+00:00
[2025-01-23T23:53:09.093+0000] {processor.py:208} INFO - Processing /home/airflow/.local/lib/python3.12/site-packages/airflow/example_dags/example_branch_python_dop_operator_3.py took 0.097 seconds
[2025-01-23T23:53:39.983+0000] {processor.py:186} INFO - Started process (PID=2289) to work on /home/airflow/.local/lib/python3.12/site-packages/airflow/example_dags/example_branch_python_dop_operator_3.py
[2025-01-23T23:53:39.984+0000] {processor.py:914} INFO - Processing file /home/airflow/.local/lib/python3.12/site-packages/airflow/example_dags/example_branch_python_dop_operator_3.py for tasks to queue
[2025-01-23T23:53:39.986+0000] {logging_mixin.py:190} INFO - [2025-01-23T23:53:39.985+0000] {dagbag.py:588} INFO - Filling up the DagBag from /home/airflow/.local/lib/python3.12/site-packages/airflow/example_dags/example_branch_python_dop_operator_3.py
[2025-01-23T23:53:39.991+0000] {processor.py:925} INFO - DAG(s) 'example_branch_dop_operator_v3' retrieved from /home/airflow/.local/lib/python3.12/site-packages/airflow/example_dags/example_branch_python_dop_operator_3.py
[2025-01-23T23:53:40.008+0000] {logging_mixin.py:190} INFO - [2025-01-23T23:53:40.008+0000] {dag.py:3239} INFO - Sync 1 DAGs
[2025-01-23T23:53:40.029+0000] {logging_mixin.py:190} INFO - [2025-01-23T23:53:40.028+0000] {dag.py:4180} INFO - Setting next_dagrun for example_branch_dop_operator_v3 to 2025-01-23 23:52:00+00:00, run_after=2025-01-23 23:53:00+00:00
[2025-01-23T23:53:40.042+0000] {processor.py:208} INFO - Processing /home/airflow/.local/lib/python3.12/site-packages/airflow/example_dags/example_branch_python_dop_operator_3.py took 0.062 seconds
[2025-01-23T23:54:10.813+0000] {processor.py:186} INFO - Started process (PID=2353) to work on /home/airflow/.local/lib/python3.12/site-packages/airflow/example_dags/example_branch_python_dop_operator_3.py
[2025-01-23T23:54:10.814+0000] {processor.py:914} INFO - Processing file /home/airflow/.local/lib/python3.12/site-packages/airflow/example_dags/example_branch_python_dop_operator_3.py for tasks to queue
[2025-01-23T23:54:10.815+0000] {logging_mixin.py:190} INFO - [2025-01-23T23:54:10.815+0000] {dagbag.py:588} INFO - Filling up the DagBag from /home/airflow/.local/lib/python3.12/site-packages/airflow/example_dags/example_branch_python_dop_operator_3.py
[2025-01-23T23:54:10.822+0000] {processor.py:925} INFO - DAG(s) 'example_branch_dop_operator_v3' retrieved from /home/airflow/.local/lib/python3.12/site-packages/airflow/example_dags/example_branch_python_dop_operator_3.py
[2025-01-23T23:54:10.840+0000] {logging_mixin.py:190} INFO - [2025-01-23T23:54:10.840+0000] {dag.py:3239} INFO - Sync 1 DAGs
[2025-01-23T23:54:10.867+0000] {logging_mixin.py:190} INFO - [2025-01-23T23:54:10.867+0000] {dag.py:4180} INFO - Setting next_dagrun for example_branch_dop_operator_v3 to 2025-01-23 23:53:00+00:00, run_after=2025-01-23 23:54:00+00:00
[2025-01-23T23:54:10.885+0000] {processor.py:208} INFO - Processing /home/airflow/.local/lib/python3.12/site-packages/airflow/example_dags/example_branch_python_dop_operator_3.py took 0.076 seconds
[2025-01-23T23:54:42.201+0000] {processor.py:186} INFO - Started process (PID=2422) to work on /home/airflow/.local/lib/python3.12/site-packages/airflow/example_dags/example_branch_python_dop_operator_3.py
[2025-01-23T23:54:42.202+0000] {processor.py:914} INFO - Processing file /home/airflow/.local/lib/python3.12/site-packages/airflow/example_dags/example_branch_python_dop_operator_3.py for tasks to queue
[2025-01-23T23:54:42.204+0000] {logging_mixin.py:190} INFO - [2025-01-23T23:54:42.203+0000] {dagbag.py:588} INFO - Filling up the DagBag from /home/airflow/.local/lib/python3.12/site-packages/airflow/example_dags/example_branch_python_dop_operator_3.py
[2025-01-23T23:54:42.212+0000] {processor.py:925} INFO - DAG(s) 'example_branch_dop_operator_v3' retrieved from /home/airflow/.local/lib/python3.12/site-packages/airflow/example_dags/example_branch_python_dop_operator_3.py
[2025-01-23T23:54:42.234+0000] {logging_mixin.py:190} INFO - [2025-01-23T23:54:42.234+0000] {dag.py:3239} INFO - Sync 1 DAGs
[2025-01-23T23:54:42.260+0000] {logging_mixin.py:190} INFO - [2025-01-23T23:54:42.260+0000] {dag.py:4180} INFO - Setting next_dagrun for example_branch_dop_operator_v3 to 2025-01-23 23:53:00+00:00, run_after=2025-01-23 23:54:00+00:00
[2025-01-23T23:54:42.281+0000] {processor.py:208} INFO - Processing /home/airflow/.local/lib/python3.12/site-packages/airflow/example_dags/example_branch_python_dop_operator_3.py took 0.086 seconds
[2025-01-23T23:55:12.849+0000] {processor.py:186} INFO - Started process (PID=2486) to work on /home/airflow/.local/lib/python3.12/site-packages/airflow/example_dags/example_branch_python_dop_operator_3.py
[2025-01-23T23:55:12.850+0000] {processor.py:914} INFO - Processing file /home/airflow/.local/lib/python3.12/site-packages/airflow/example_dags/example_branch_python_dop_operator_3.py for tasks to queue
[2025-01-23T23:55:12.852+0000] {logging_mixin.py:190} INFO - [2025-01-23T23:55:12.851+0000] {dagbag.py:588} INFO - Filling up the DagBag from /home/airflow/.local/lib/python3.12/site-packages/airflow/example_dags/example_branch_python_dop_operator_3.py
[2025-01-23T23:55:12.858+0000] {processor.py:925} INFO - DAG(s) 'example_branch_dop_operator_v3' retrieved from /home/airflow/.local/lib/python3.12/site-packages/airflow/example_dags/example_branch_python_dop_operator_3.py
[2025-01-23T23:55:12.876+0000] {logging_mixin.py:190} INFO - [2025-01-23T23:55:12.876+0000] {dag.py:3239} INFO - Sync 1 DAGs
[2025-01-23T23:55:12.902+0000] {logging_mixin.py:190} INFO - [2025-01-23T23:55:12.902+0000] {dag.py:4180} INFO - Setting next_dagrun for example_branch_dop_operator_v3 to 2025-01-23 23:54:00+00:00, run_after=2025-01-23 23:55:00+00:00
[2025-01-23T23:55:12.920+0000] {processor.py:208} INFO - Processing /home/airflow/.local/lib/python3.12/site-packages/airflow/example_dags/example_branch_python_dop_operator_3.py took 0.078 seconds
[2025-01-23T23:55:43.851+0000] {processor.py:186} INFO - Started process (PID=2550) to work on /home/airflow/.local/lib/python3.12/site-packages/airflow/example_dags/example_branch_python_dop_operator_3.py
[2025-01-23T23:55:43.852+0000] {processor.py:914} INFO - Processing file /home/airflow/.local/lib/python3.12/site-packages/airflow/example_dags/example_branch_python_dop_operator_3.py for tasks to queue
[2025-01-23T23:55:43.853+0000] {logging_mixin.py:190} INFO - [2025-01-23T23:55:43.853+0000] {dagbag.py:588} INFO - Filling up the DagBag from /home/airflow/.local/lib/python3.12/site-packages/airflow/example_dags/example_branch_python_dop_operator_3.py
[2025-01-23T23:55:43.859+0000] {processor.py:925} INFO - DAG(s) 'example_branch_dop_operator_v3' retrieved from /home/airflow/.local/lib/python3.12/site-packages/airflow/example_dags/example_branch_python_dop_operator_3.py
[2025-01-23T23:55:43.873+0000] {logging_mixin.py:190} INFO - [2025-01-23T23:55:43.872+0000] {dag.py:3239} INFO - Sync 1 DAGs
[2025-01-23T23:55:43.889+0000] {logging_mixin.py:190} INFO - [2025-01-23T23:55:43.888+0000] {dag.py:4180} INFO - Setting next_dagrun for example_branch_dop_operator_v3 to 2025-01-23 23:54:00+00:00, run_after=2025-01-23 23:55:00+00:00
[2025-01-23T23:55:43.900+0000] {processor.py:208} INFO - Processing /home/airflow/.local/lib/python3.12/site-packages/airflow/example_dags/example_branch_python_dop_operator_3.py took 0.054 seconds
[2025-01-23T23:56:14.719+0000] {processor.py:186} INFO - Started process (PID=2616) to work on /home/airflow/.local/lib/python3.12/site-packages/airflow/example_dags/example_branch_python_dop_operator_3.py
[2025-01-23T23:56:14.719+0000] {processor.py:914} INFO - Processing file /home/airflow/.local/lib/python3.12/site-packages/airflow/example_dags/example_branch_python_dop_operator_3.py for tasks to queue
[2025-01-23T23:56:14.721+0000] {logging_mixin.py:190} INFO - [2025-01-23T23:56:14.721+0000] {dagbag.py:588} INFO - Filling up the DagBag from /home/airflow/.local/lib/python3.12/site-packages/airflow/example_dags/example_branch_python_dop_operator_3.py
[2025-01-23T23:56:14.729+0000] {processor.py:925} INFO - DAG(s) 'example_branch_dop_operator_v3' retrieved from /home/airflow/.local/lib/python3.12/site-packages/airflow/example_dags/example_branch_python_dop_operator_3.py
[2025-01-23T23:56:14.745+0000] {logging_mixin.py:190} INFO - [2025-01-23T23:56:14.745+0000] {dag.py:3239} INFO - Sync 1 DAGs
[2025-01-23T23:56:14.772+0000] {logging_mixin.py:190} INFO - [2025-01-23T23:56:14.771+0000] {dag.py:4180} INFO - Setting next_dagrun for example_branch_dop_operator_v3 to 2025-01-23 23:55:00+00:00, run_after=2025-01-23 23:56:00+00:00
[2025-01-23T23:56:14.790+0000] {processor.py:208} INFO - Processing /home/airflow/.local/lib/python3.12/site-packages/airflow/example_dags/example_branch_python_dop_operator_3.py took 0.076 seconds
[2025-01-23T23:56:45.862+0000] {processor.py:186} INFO - Started process (PID=2681) to work on /home/airflow/.local/lib/python3.12/site-packages/airflow/example_dags/example_branch_python_dop_operator_3.py
[2025-01-23T23:56:45.863+0000] {processor.py:914} INFO - Processing file /home/airflow/.local/lib/python3.12/site-packages/airflow/example_dags/example_branch_python_dop_operator_3.py for tasks to queue
[2025-01-23T23:56:45.865+0000] {logging_mixin.py:190} INFO - [2025-01-23T23:56:45.865+0000] {dagbag.py:588} INFO - Filling up the DagBag from /home/airflow/.local/lib/python3.12/site-packages/airflow/example_dags/example_branch_python_dop_operator_3.py
[2025-01-23T23:56:45.873+0000] {processor.py:925} INFO - DAG(s) 'example_branch_dop_operator_v3' retrieved from /home/airflow/.local/lib/python3.12/site-packages/airflow/example_dags/example_branch_python_dop_operator_3.py
[2025-01-23T23:56:45.888+0000] {logging_mixin.py:190} INFO - [2025-01-23T23:56:45.888+0000] {dag.py:3239} INFO - Sync 1 DAGs
[2025-01-23T23:56:45.906+0000] {logging_mixin.py:190} INFO - [2025-01-23T23:56:45.906+0000] {dag.py:4180} INFO - Setting next_dagrun for example_branch_dop_operator_v3 to 2025-01-23 23:55:00+00:00, run_after=2025-01-23 23:56:00+00:00
[2025-01-23T23:56:45.921+0000] {processor.py:208} INFO - Processing /home/airflow/.local/lib/python3.12/site-packages/airflow/example_dags/example_branch_python_dop_operator_3.py took 0.064 seconds
[2025-01-23T23:57:17.033+0000] {processor.py:186} INFO - Started process (PID=2746) to work on /home/airflow/.local/lib/python3.12/site-packages/airflow/example_dags/example_branch_python_dop_operator_3.py
[2025-01-23T23:57:17.034+0000] {processor.py:914} INFO - Processing file /home/airflow/.local/lib/python3.12/site-packages/airflow/example_dags/example_branch_python_dop_operator_3.py for tasks to queue
[2025-01-23T23:57:17.035+0000] {logging_mixin.py:190} INFO - [2025-01-23T23:57:17.035+0000] {dagbag.py:588} INFO - Filling up the DagBag from /home/airflow/.local/lib/python3.12/site-packages/airflow/example_dags/example_branch_python_dop_operator_3.py
[2025-01-23T23:57:17.047+0000] {processor.py:925} INFO - DAG(s) 'example_branch_dop_operator_v3' retrieved from /home/airflow/.local/lib/python3.12/site-packages/airflow/example_dags/example_branch_python_dop_operator_3.py
[2025-01-23T23:57:17.068+0000] {logging_mixin.py:190} INFO - [2025-01-23T23:57:17.068+0000] {dag.py:3239} INFO - Sync 1 DAGs
[2025-01-23T23:57:17.114+0000] {logging_mixin.py:190} INFO - [2025-01-23T23:57:17.114+0000] {dag.py:4180} INFO - Setting next_dagrun for example_branch_dop_operator_v3 to 2025-01-23 23:56:00+00:00, run_after=2025-01-23 23:57:00+00:00
[2025-01-23T23:57:17.131+0000] {processor.py:208} INFO - Processing /home/airflow/.local/lib/python3.12/site-packages/airflow/example_dags/example_branch_python_dop_operator_3.py took 0.103 seconds
[2025-01-23T23:57:48.109+0000] {processor.py:186} INFO - Started process (PID=2811) to work on /home/airflow/.local/lib/python3.12/site-packages/airflow/example_dags/example_branch_python_dop_operator_3.py
[2025-01-23T23:57:48.110+0000] {processor.py:914} INFO - Processing file /home/airflow/.local/lib/python3.12/site-packages/airflow/example_dags/example_branch_python_dop_operator_3.py for tasks to queue
[2025-01-23T23:57:48.112+0000] {logging_mixin.py:190} INFO - [2025-01-23T23:57:48.112+0000] {dagbag.py:588} INFO - Filling up the DagBag from /home/airflow/.local/lib/python3.12/site-packages/airflow/example_dags/example_branch_python_dop_operator_3.py
[2025-01-23T23:57:48.123+0000] {processor.py:925} INFO - DAG(s) 'example_branch_dop_operator_v3' retrieved from /home/airflow/.local/lib/python3.12/site-packages/airflow/example_dags/example_branch_python_dop_operator_3.py
[2025-01-23T23:57:48.142+0000] {logging_mixin.py:190} INFO - [2025-01-23T23:57:48.142+0000] {dag.py:3239} INFO - Sync 1 DAGs
[2025-01-23T23:57:48.164+0000] {logging_mixin.py:190} INFO - [2025-01-23T23:57:48.164+0000] {dag.py:4180} INFO - Setting next_dagrun for example_branch_dop_operator_v3 to 2025-01-23 23:56:00+00:00, run_after=2025-01-23 23:57:00+00:00
[2025-01-23T23:57:48.182+0000] {processor.py:208} INFO - Processing /home/airflow/.local/lib/python3.12/site-packages/airflow/example_dags/example_branch_python_dop_operator_3.py took 0.079 seconds
