[2025-01-23T23:34:57.781+0000] {processor.py:186} INFO - Started process (PID=77) to work on /home/airflow/.local/lib/python3.12/site-packages/airflow/example_dags/example_inlet_event_extra.py
[2025-01-23T23:34:57.782+0000] {processor.py:914} INFO - Processing file /home/airflow/.local/lib/python3.12/site-packages/airflow/example_dags/example_inlet_event_extra.py for tasks to queue
[2025-01-23T23:34:57.790+0000] {logging_mixin.py:190} INFO - [2025-01-23T23:34:57.789+0000] {dagbag.py:588} INFO - Filling up the DagBag from /home/airflow/.local/lib/python3.12/site-packages/airflow/example_dags/example_inlet_event_extra.py
[2025-01-23T23:34:58.455+0000] {processor.py:925} INFO - DAG(s) 'read_dataset_event_from_classic', 'read_dataset_event' retrieved from /home/airflow/.local/lib/python3.12/site-packages/airflow/example_dags/example_inlet_event_extra.py
[2025-01-23T23:34:58.491+0000] {logging_mixin.py:190} INFO - [2025-01-23T23:34:58.491+0000] {dag.py:3239} INFO - Sync 2 DAGs
[2025-01-23T23:34:58.526+0000] {logging_mixin.py:190} INFO - [2025-01-23T23:34:58.525+0000] {dag.py:4180} INFO - Setting next_dagrun for read_dataset_event to 2025-01-22 00:00:00+00:00, run_after=2025-01-23 00:00:00+00:00
[2025-01-23T23:34:58.533+0000] {logging_mixin.py:190} INFO - [2025-01-23T23:34:58.533+0000] {dag.py:4180} INFO - Setting next_dagrun for read_dataset_event_from_classic to 2025-01-22 00:00:00+00:00, run_after=2025-01-23 00:00:00+00:00
[2025-01-23T23:34:58.553+0000] {processor.py:208} INFO - Processing /home/airflow/.local/lib/python3.12/site-packages/airflow/example_dags/example_inlet_event_extra.py took 0.778 seconds
[2025-01-23T23:36:05.249+0000] {processor.py:186} INFO - Started process (PID=80) to work on /home/airflow/.local/lib/python3.12/site-packages/airflow/example_dags/example_inlet_event_extra.py
[2025-01-23T23:36:05.251+0000] {processor.py:914} INFO - Processing file /home/airflow/.local/lib/python3.12/site-packages/airflow/example_dags/example_inlet_event_extra.py for tasks to queue
[2025-01-23T23:36:05.256+0000] {logging_mixin.py:190} INFO - [2025-01-23T23:36:05.255+0000] {dagbag.py:588} INFO - Filling up the DagBag from /home/airflow/.local/lib/python3.12/site-packages/airflow/example_dags/example_inlet_event_extra.py
[2025-01-23T23:36:05.796+0000] {processor.py:925} INFO - DAG(s) 'read_dataset_event', 'read_dataset_event_from_classic' retrieved from /home/airflow/.local/lib/python3.12/site-packages/airflow/example_dags/example_inlet_event_extra.py
[2025-01-23T23:36:05.820+0000] {logging_mixin.py:190} INFO - [2025-01-23T23:36:05.820+0000] {dag.py:3239} INFO - Sync 2 DAGs
[2025-01-23T23:36:05.844+0000] {logging_mixin.py:190} INFO - [2025-01-23T23:36:05.844+0000] {dag.py:4180} INFO - Setting next_dagrun for read_dataset_event to 2025-01-22 00:00:00+00:00, run_after=2025-01-23 00:00:00+00:00
[2025-01-23T23:36:05.850+0000] {logging_mixin.py:190} INFO - [2025-01-23T23:36:05.849+0000] {dag.py:4180} INFO - Setting next_dagrun for read_dataset_event_from_classic to 2025-01-22 00:00:00+00:00, run_after=2025-01-23 00:00:00+00:00
[2025-01-23T23:36:05.864+0000] {processor.py:208} INFO - Processing /home/airflow/.local/lib/python3.12/site-packages/airflow/example_dags/example_inlet_event_extra.py took 0.621 seconds
[2025-01-23T23:36:36.354+0000] {processor.py:186} INFO - Started process (PID=144) to work on /home/airflow/.local/lib/python3.12/site-packages/airflow/example_dags/example_inlet_event_extra.py
[2025-01-23T23:36:36.355+0000] {processor.py:914} INFO - Processing file /home/airflow/.local/lib/python3.12/site-packages/airflow/example_dags/example_inlet_event_extra.py for tasks to queue
[2025-01-23T23:36:36.358+0000] {logging_mixin.py:190} INFO - [2025-01-23T23:36:36.358+0000] {dagbag.py:588} INFO - Filling up the DagBag from /home/airflow/.local/lib/python3.12/site-packages/airflow/example_dags/example_inlet_event_extra.py
[2025-01-23T23:36:36.725+0000] {processor.py:925} INFO - DAG(s) 'read_dataset_event', 'read_dataset_event_from_classic' retrieved from /home/airflow/.local/lib/python3.12/site-packages/airflow/example_dags/example_inlet_event_extra.py
[2025-01-23T23:36:36.744+0000] {logging_mixin.py:190} INFO - [2025-01-23T23:36:36.743+0000] {dag.py:3239} INFO - Sync 2 DAGs
[2025-01-23T23:36:36.759+0000] {logging_mixin.py:190} INFO - [2025-01-23T23:36:36.759+0000] {dag.py:4180} INFO - Setting next_dagrun for read_dataset_event to 2025-01-22 00:00:00+00:00, run_after=2025-01-23 00:00:00+00:00
[2025-01-23T23:36:36.763+0000] {logging_mixin.py:190} INFO - [2025-01-23T23:36:36.763+0000] {dag.py:4180} INFO - Setting next_dagrun for read_dataset_event_from_classic to 2025-01-22 00:00:00+00:00, run_after=2025-01-23 00:00:00+00:00
[2025-01-23T23:36:36.775+0000] {processor.py:208} INFO - Processing /home/airflow/.local/lib/python3.12/site-packages/airflow/example_dags/example_inlet_event_extra.py took 0.426 seconds
[2025-01-23T23:37:07.546+0000] {processor.py:186} INFO - Started process (PID=215) to work on /home/airflow/.local/lib/python3.12/site-packages/airflow/example_dags/example_inlet_event_extra.py
[2025-01-23T23:37:07.547+0000] {processor.py:914} INFO - Processing file /home/airflow/.local/lib/python3.12/site-packages/airflow/example_dags/example_inlet_event_extra.py for tasks to queue
[2025-01-23T23:37:07.549+0000] {logging_mixin.py:190} INFO - [2025-01-23T23:37:07.549+0000] {dagbag.py:588} INFO - Filling up the DagBag from /home/airflow/.local/lib/python3.12/site-packages/airflow/example_dags/example_inlet_event_extra.py
[2025-01-23T23:37:07.978+0000] {processor.py:925} INFO - DAG(s) 'read_dataset_event_from_classic', 'read_dataset_event' retrieved from /home/airflow/.local/lib/python3.12/site-packages/airflow/example_dags/example_inlet_event_extra.py
[2025-01-23T23:37:07.994+0000] {logging_mixin.py:190} INFO - [2025-01-23T23:37:07.994+0000] {dag.py:3239} INFO - Sync 2 DAGs
[2025-01-23T23:37:08.013+0000] {logging_mixin.py:190} INFO - [2025-01-23T23:37:08.013+0000] {dag.py:4180} INFO - Setting next_dagrun for read_dataset_event to 2025-01-22 00:00:00+00:00, run_after=2025-01-23 00:00:00+00:00
[2025-01-23T23:37:08.016+0000] {logging_mixin.py:190} INFO - [2025-01-23T23:37:08.016+0000] {dag.py:4180} INFO - Setting next_dagrun for read_dataset_event_from_classic to 2025-01-22 00:00:00+00:00, run_after=2025-01-23 00:00:00+00:00
[2025-01-23T23:37:08.030+0000] {processor.py:208} INFO - Processing /home/airflow/.local/lib/python3.12/site-packages/airflow/example_dags/example_inlet_event_extra.py took 0.489 seconds
[2025-01-23T23:37:38.454+0000] {processor.py:186} INFO - Started process (PID=280) to work on /home/airflow/.local/lib/python3.12/site-packages/airflow/example_dags/example_inlet_event_extra.py
[2025-01-23T23:37:38.455+0000] {processor.py:914} INFO - Processing file /home/airflow/.local/lib/python3.12/site-packages/airflow/example_dags/example_inlet_event_extra.py for tasks to queue
[2025-01-23T23:37:38.458+0000] {logging_mixin.py:190} INFO - [2025-01-23T23:37:38.457+0000] {dagbag.py:588} INFO - Filling up the DagBag from /home/airflow/.local/lib/python3.12/site-packages/airflow/example_dags/example_inlet_event_extra.py
[2025-01-23T23:37:39.074+0000] {processor.py:925} INFO - DAG(s) 'read_dataset_event', 'read_dataset_event_from_classic' retrieved from /home/airflow/.local/lib/python3.12/site-packages/airflow/example_dags/example_inlet_event_extra.py
[2025-01-23T23:37:39.097+0000] {logging_mixin.py:190} INFO - [2025-01-23T23:37:39.096+0000] {dag.py:3239} INFO - Sync 2 DAGs
[2025-01-23T23:37:39.129+0000] {logging_mixin.py:190} INFO - [2025-01-23T23:37:39.129+0000] {dag.py:4180} INFO - Setting next_dagrun for read_dataset_event to 2025-01-22 00:00:00+00:00, run_after=2025-01-23 00:00:00+00:00
[2025-01-23T23:37:39.137+0000] {logging_mixin.py:190} INFO - [2025-01-23T23:37:39.137+0000] {dag.py:4180} INFO - Setting next_dagrun for read_dataset_event_from_classic to 2025-01-22 00:00:00+00:00, run_after=2025-01-23 00:00:00+00:00
[2025-01-23T23:37:39.158+0000] {processor.py:208} INFO - Processing /home/airflow/.local/lib/python3.12/site-packages/airflow/example_dags/example_inlet_event_extra.py took 0.710 seconds
[2025-01-23T23:38:09.802+0000] {processor.py:186} INFO - Started process (PID=344) to work on /home/airflow/.local/lib/python3.12/site-packages/airflow/example_dags/example_inlet_event_extra.py
[2025-01-23T23:38:09.804+0000] {processor.py:914} INFO - Processing file /home/airflow/.local/lib/python3.12/site-packages/airflow/example_dags/example_inlet_event_extra.py for tasks to queue
[2025-01-23T23:38:09.810+0000] {logging_mixin.py:190} INFO - [2025-01-23T23:38:09.809+0000] {dagbag.py:588} INFO - Filling up the DagBag from /home/airflow/.local/lib/python3.12/site-packages/airflow/example_dags/example_inlet_event_extra.py
[2025-01-23T23:38:10.271+0000] {processor.py:925} INFO - DAG(s) 'read_dataset_event_from_classic', 'read_dataset_event' retrieved from /home/airflow/.local/lib/python3.12/site-packages/airflow/example_dags/example_inlet_event_extra.py
[2025-01-23T23:38:10.298+0000] {logging_mixin.py:190} INFO - [2025-01-23T23:38:10.297+0000] {dag.py:3239} INFO - Sync 2 DAGs
[2025-01-23T23:38:10.346+0000] {logging_mixin.py:190} INFO - [2025-01-23T23:38:10.345+0000] {dag.py:4180} INFO - Setting next_dagrun for read_dataset_event to 2025-01-22 00:00:00+00:00, run_after=2025-01-23 00:00:00+00:00
[2025-01-23T23:38:10.358+0000] {logging_mixin.py:190} INFO - [2025-01-23T23:38:10.357+0000] {dag.py:4180} INFO - Setting next_dagrun for read_dataset_event_from_classic to 2025-01-22 00:00:00+00:00, run_after=2025-01-23 00:00:00+00:00
[2025-01-23T23:38:10.372+0000] {processor.py:208} INFO - Processing /home/airflow/.local/lib/python3.12/site-packages/airflow/example_dags/example_inlet_event_extra.py took 0.587 seconds
[2025-01-23T23:38:40.484+0000] {processor.py:186} INFO - Started process (PID=413) to work on /home/airflow/.local/lib/python3.12/site-packages/airflow/example_dags/example_inlet_event_extra.py
[2025-01-23T23:38:40.484+0000] {processor.py:914} INFO - Processing file /home/airflow/.local/lib/python3.12/site-packages/airflow/example_dags/example_inlet_event_extra.py for tasks to queue
[2025-01-23T23:38:40.486+0000] {logging_mixin.py:190} INFO - [2025-01-23T23:38:40.486+0000] {dagbag.py:588} INFO - Filling up the DagBag from /home/airflow/.local/lib/python3.12/site-packages/airflow/example_dags/example_inlet_event_extra.py
[2025-01-23T23:38:40.909+0000] {processor.py:925} INFO - DAG(s) 'read_dataset_event_from_classic', 'read_dataset_event' retrieved from /home/airflow/.local/lib/python3.12/site-packages/airflow/example_dags/example_inlet_event_extra.py
[2025-01-23T23:38:40.927+0000] {logging_mixin.py:190} INFO - [2025-01-23T23:38:40.927+0000] {dag.py:3239} INFO - Sync 2 DAGs
[2025-01-23T23:38:40.948+0000] {logging_mixin.py:190} INFO - [2025-01-23T23:38:40.947+0000] {dag.py:4180} INFO - Setting next_dagrun for read_dataset_event to 2025-01-22 00:00:00+00:00, run_after=2025-01-23 00:00:00+00:00
[2025-01-23T23:38:40.952+0000] {logging_mixin.py:190} INFO - [2025-01-23T23:38:40.952+0000] {dag.py:4180} INFO - Setting next_dagrun for read_dataset_event_from_classic to 2025-01-22 00:00:00+00:00, run_after=2025-01-23 00:00:00+00:00
[2025-01-23T23:38:40.971+0000] {processor.py:208} INFO - Processing /home/airflow/.local/lib/python3.12/site-packages/airflow/example_dags/example_inlet_event_extra.py took 0.492 seconds
[2025-01-23T23:39:11.087+0000] {processor.py:186} INFO - Started process (PID=480) to work on /home/airflow/.local/lib/python3.12/site-packages/airflow/example_dags/example_inlet_event_extra.py
[2025-01-23T23:39:11.089+0000] {processor.py:914} INFO - Processing file /home/airflow/.local/lib/python3.12/site-packages/airflow/example_dags/example_inlet_event_extra.py for tasks to queue
[2025-01-23T23:39:11.090+0000] {logging_mixin.py:190} INFO - [2025-01-23T23:39:11.090+0000] {dagbag.py:588} INFO - Filling up the DagBag from /home/airflow/.local/lib/python3.12/site-packages/airflow/example_dags/example_inlet_event_extra.py
[2025-01-23T23:39:11.606+0000] {processor.py:925} INFO - DAG(s) 'read_dataset_event_from_classic', 'read_dataset_event' retrieved from /home/airflow/.local/lib/python3.12/site-packages/airflow/example_dags/example_inlet_event_extra.py
[2025-01-23T23:39:11.631+0000] {logging_mixin.py:190} INFO - [2025-01-23T23:39:11.631+0000] {dag.py:3239} INFO - Sync 2 DAGs
[2025-01-23T23:39:11.660+0000] {logging_mixin.py:190} INFO - [2025-01-23T23:39:11.660+0000] {dag.py:4180} INFO - Setting next_dagrun for read_dataset_event to 2025-01-22 00:00:00+00:00, run_after=2025-01-23 00:00:00+00:00
[2025-01-23T23:39:11.666+0000] {logging_mixin.py:190} INFO - [2025-01-23T23:39:11.666+0000] {dag.py:4180} INFO - Setting next_dagrun for read_dataset_event_from_classic to 2025-01-22 00:00:00+00:00, run_after=2025-01-23 00:00:00+00:00
[2025-01-23T23:39:11.683+0000] {processor.py:208} INFO - Processing /home/airflow/.local/lib/python3.12/site-packages/airflow/example_dags/example_inlet_event_extra.py took 0.601 seconds
[2025-01-23T23:39:42.008+0000] {processor.py:186} INFO - Started process (PID=546) to work on /home/airflow/.local/lib/python3.12/site-packages/airflow/example_dags/example_inlet_event_extra.py
[2025-01-23T23:39:42.009+0000] {processor.py:914} INFO - Processing file /home/airflow/.local/lib/python3.12/site-packages/airflow/example_dags/example_inlet_event_extra.py for tasks to queue
[2025-01-23T23:39:42.011+0000] {logging_mixin.py:190} INFO - [2025-01-23T23:39:42.010+0000] {dagbag.py:588} INFO - Filling up the DagBag from /home/airflow/.local/lib/python3.12/site-packages/airflow/example_dags/example_inlet_event_extra.py
[2025-01-23T23:39:42.458+0000] {processor.py:925} INFO - DAG(s) 'read_dataset_event', 'read_dataset_event_from_classic' retrieved from /home/airflow/.local/lib/python3.12/site-packages/airflow/example_dags/example_inlet_event_extra.py
[2025-01-23T23:39:42.479+0000] {logging_mixin.py:190} INFO - [2025-01-23T23:39:42.479+0000] {dag.py:3239} INFO - Sync 2 DAGs
[2025-01-23T23:39:42.497+0000] {logging_mixin.py:190} INFO - [2025-01-23T23:39:42.497+0000] {dag.py:4180} INFO - Setting next_dagrun for read_dataset_event to 2025-01-22 00:00:00+00:00, run_after=2025-01-23 00:00:00+00:00
[2025-01-23T23:39:42.501+0000] {logging_mixin.py:190} INFO - [2025-01-23T23:39:42.501+0000] {dag.py:4180} INFO - Setting next_dagrun for read_dataset_event_from_classic to 2025-01-22 00:00:00+00:00, run_after=2025-01-23 00:00:00+00:00
[2025-01-23T23:39:42.515+0000] {processor.py:208} INFO - Processing /home/airflow/.local/lib/python3.12/site-packages/airflow/example_dags/example_inlet_event_extra.py took 0.512 seconds
[2025-01-23T23:40:12.850+0000] {processor.py:186} INFO - Started process (PID=610) to work on /home/airflow/.local/lib/python3.12/site-packages/airflow/example_dags/example_inlet_event_extra.py
[2025-01-23T23:40:12.863+0000] {processor.py:914} INFO - Processing file /home/airflow/.local/lib/python3.12/site-packages/airflow/example_dags/example_inlet_event_extra.py for tasks to queue
[2025-01-23T23:40:12.864+0000] {logging_mixin.py:190} INFO - [2025-01-23T23:40:12.864+0000] {dagbag.py:588} INFO - Filling up the DagBag from /home/airflow/.local/lib/python3.12/site-packages/airflow/example_dags/example_inlet_event_extra.py
[2025-01-23T23:40:13.361+0000] {processor.py:925} INFO - DAG(s) 'read_dataset_event', 'read_dataset_event_from_classic' retrieved from /home/airflow/.local/lib/python3.12/site-packages/airflow/example_dags/example_inlet_event_extra.py
[2025-01-23T23:40:13.382+0000] {logging_mixin.py:190} INFO - [2025-01-23T23:40:13.382+0000] {dag.py:3239} INFO - Sync 2 DAGs
[2025-01-23T23:40:13.404+0000] {logging_mixin.py:190} INFO - [2025-01-23T23:40:13.404+0000] {dag.py:4180} INFO - Setting next_dagrun for read_dataset_event to 2025-01-22 00:00:00+00:00, run_after=2025-01-23 00:00:00+00:00
[2025-01-23T23:40:13.408+0000] {logging_mixin.py:190} INFO - [2025-01-23T23:40:13.408+0000] {dag.py:4180} INFO - Setting next_dagrun for read_dataset_event_from_classic to 2025-01-22 00:00:00+00:00, run_after=2025-01-23 00:00:00+00:00
[2025-01-23T23:40:13.435+0000] {processor.py:208} INFO - Processing /home/airflow/.local/lib/python3.12/site-packages/airflow/example_dags/example_inlet_event_extra.py took 0.589 seconds
[2025-01-23T23:40:43.545+0000] {processor.py:186} INFO - Started process (PID=674) to work on /home/airflow/.local/lib/python3.12/site-packages/airflow/example_dags/example_inlet_event_extra.py
[2025-01-23T23:40:43.548+0000] {processor.py:914} INFO - Processing file /home/airflow/.local/lib/python3.12/site-packages/airflow/example_dags/example_inlet_event_extra.py for tasks to queue
[2025-01-23T23:40:43.555+0000] {logging_mixin.py:190} INFO - [2025-01-23T23:40:43.554+0000] {dagbag.py:588} INFO - Filling up the DagBag from /home/airflow/.local/lib/python3.12/site-packages/airflow/example_dags/example_inlet_event_extra.py
[2025-01-23T23:40:44.100+0000] {processor.py:925} INFO - DAG(s) 'read_dataset_event', 'read_dataset_event_from_classic' retrieved from /home/airflow/.local/lib/python3.12/site-packages/airflow/example_dags/example_inlet_event_extra.py
[2025-01-23T23:40:44.122+0000] {logging_mixin.py:190} INFO - [2025-01-23T23:40:44.121+0000] {dag.py:3239} INFO - Sync 2 DAGs
[2025-01-23T23:40:44.150+0000] {logging_mixin.py:190} INFO - [2025-01-23T23:40:44.149+0000] {dag.py:4180} INFO - Setting next_dagrun for read_dataset_event to 2025-01-22 00:00:00+00:00, run_after=2025-01-23 00:00:00+00:00
[2025-01-23T23:40:44.156+0000] {logging_mixin.py:190} INFO - [2025-01-23T23:40:44.155+0000] {dag.py:4180} INFO - Setting next_dagrun for read_dataset_event_from_classic to 2025-01-22 00:00:00+00:00, run_after=2025-01-23 00:00:00+00:00
[2025-01-23T23:40:44.175+0000] {processor.py:208} INFO - Processing /home/airflow/.local/lib/python3.12/site-packages/airflow/example_dags/example_inlet_event_extra.py took 0.641 seconds
[2025-01-23T23:41:14.338+0000] {processor.py:186} INFO - Started process (PID=738) to work on /home/airflow/.local/lib/python3.12/site-packages/airflow/example_dags/example_inlet_event_extra.py
[2025-01-23T23:41:14.340+0000] {processor.py:914} INFO - Processing file /home/airflow/.local/lib/python3.12/site-packages/airflow/example_dags/example_inlet_event_extra.py for tasks to queue
[2025-01-23T23:41:14.348+0000] {logging_mixin.py:190} INFO - [2025-01-23T23:41:14.347+0000] {dagbag.py:588} INFO - Filling up the DagBag from /home/airflow/.local/lib/python3.12/site-packages/airflow/example_dags/example_inlet_event_extra.py
[2025-01-23T23:41:14.770+0000] {processor.py:925} INFO - DAG(s) 'read_dataset_event_from_classic', 'read_dataset_event' retrieved from /home/airflow/.local/lib/python3.12/site-packages/airflow/example_dags/example_inlet_event_extra.py
[2025-01-23T23:41:14.782+0000] {logging_mixin.py:190} INFO - [2025-01-23T23:41:14.782+0000] {dag.py:3239} INFO - Sync 2 DAGs
[2025-01-23T23:41:14.802+0000] {logging_mixin.py:190} INFO - [2025-01-23T23:41:14.802+0000] {dag.py:4180} INFO - Setting next_dagrun for read_dataset_event to 2025-01-22 00:00:00+00:00, run_after=2025-01-23 00:00:00+00:00
[2025-01-23T23:41:14.807+0000] {logging_mixin.py:190} INFO - [2025-01-23T23:41:14.807+0000] {dag.py:4180} INFO - Setting next_dagrun for read_dataset_event_from_classic to 2025-01-22 00:00:00+00:00, run_after=2025-01-23 00:00:00+00:00
[2025-01-23T23:41:14.822+0000] {processor.py:208} INFO - Processing /home/airflow/.local/lib/python3.12/site-packages/airflow/example_dags/example_inlet_event_extra.py took 0.506 seconds
[2025-01-23T23:41:45.158+0000] {processor.py:186} INFO - Started process (PID=802) to work on /home/airflow/.local/lib/python3.12/site-packages/airflow/example_dags/example_inlet_event_extra.py
[2025-01-23T23:41:45.160+0000] {processor.py:914} INFO - Processing file /home/airflow/.local/lib/python3.12/site-packages/airflow/example_dags/example_inlet_event_extra.py for tasks to queue
[2025-01-23T23:41:45.163+0000] {logging_mixin.py:190} INFO - [2025-01-23T23:41:45.163+0000] {dagbag.py:588} INFO - Filling up the DagBag from /home/airflow/.local/lib/python3.12/site-packages/airflow/example_dags/example_inlet_event_extra.py
[2025-01-23T23:41:45.549+0000] {processor.py:925} INFO - DAG(s) 'read_dataset_event', 'read_dataset_event_from_classic' retrieved from /home/airflow/.local/lib/python3.12/site-packages/airflow/example_dags/example_inlet_event_extra.py
[2025-01-23T23:41:45.564+0000] {logging_mixin.py:190} INFO - [2025-01-23T23:41:45.564+0000] {dag.py:3239} INFO - Sync 2 DAGs
[2025-01-23T23:41:45.585+0000] {logging_mixin.py:190} INFO - [2025-01-23T23:41:45.585+0000] {dag.py:4180} INFO - Setting next_dagrun for read_dataset_event to 2025-01-22 00:00:00+00:00, run_after=2025-01-23 00:00:00+00:00
[2025-01-23T23:41:45.589+0000] {logging_mixin.py:190} INFO - [2025-01-23T23:41:45.589+0000] {dag.py:4180} INFO - Setting next_dagrun for read_dataset_event_from_classic to 2025-01-22 00:00:00+00:00, run_after=2025-01-23 00:00:00+00:00
[2025-01-23T23:41:45.603+0000] {processor.py:208} INFO - Processing /home/airflow/.local/lib/python3.12/site-packages/airflow/example_dags/example_inlet_event_extra.py took 0.456 seconds
[2025-01-23T23:42:16.401+0000] {processor.py:186} INFO - Started process (PID=866) to work on /home/airflow/.local/lib/python3.12/site-packages/airflow/example_dags/example_inlet_event_extra.py
[2025-01-23T23:42:16.402+0000] {processor.py:914} INFO - Processing file /home/airflow/.local/lib/python3.12/site-packages/airflow/example_dags/example_inlet_event_extra.py for tasks to queue
[2025-01-23T23:42:16.406+0000] {logging_mixin.py:190} INFO - [2025-01-23T23:42:16.405+0000] {dagbag.py:588} INFO - Filling up the DagBag from /home/airflow/.local/lib/python3.12/site-packages/airflow/example_dags/example_inlet_event_extra.py
[2025-01-23T23:42:16.772+0000] {processor.py:925} INFO - DAG(s) 'read_dataset_event_from_classic', 'read_dataset_event' retrieved from /home/airflow/.local/lib/python3.12/site-packages/airflow/example_dags/example_inlet_event_extra.py
[2025-01-23T23:42:16.788+0000] {logging_mixin.py:190} INFO - [2025-01-23T23:42:16.787+0000] {dag.py:3239} INFO - Sync 2 DAGs
[2025-01-23T23:42:16.808+0000] {logging_mixin.py:190} INFO - [2025-01-23T23:42:16.808+0000] {dag.py:4180} INFO - Setting next_dagrun for read_dataset_event to 2025-01-22 00:00:00+00:00, run_after=2025-01-23 00:00:00+00:00
[2025-01-23T23:42:16.812+0000] {logging_mixin.py:190} INFO - [2025-01-23T23:42:16.812+0000] {dag.py:4180} INFO - Setting next_dagrun for read_dataset_event_from_classic to 2025-01-22 00:00:00+00:00, run_after=2025-01-23 00:00:00+00:00
[2025-01-23T23:42:16.827+0000] {processor.py:208} INFO - Processing /home/airflow/.local/lib/python3.12/site-packages/airflow/example_dags/example_inlet_event_extra.py took 0.435 seconds
[2025-01-23T23:42:46.892+0000] {processor.py:186} INFO - Started process (PID=930) to work on /home/airflow/.local/lib/python3.12/site-packages/airflow/example_dags/example_inlet_event_extra.py
[2025-01-23T23:42:46.893+0000] {processor.py:914} INFO - Processing file /home/airflow/.local/lib/python3.12/site-packages/airflow/example_dags/example_inlet_event_extra.py for tasks to queue
[2025-01-23T23:42:46.896+0000] {logging_mixin.py:190} INFO - [2025-01-23T23:42:46.896+0000] {dagbag.py:588} INFO - Filling up the DagBag from /home/airflow/.local/lib/python3.12/site-packages/airflow/example_dags/example_inlet_event_extra.py
[2025-01-23T23:42:47.286+0000] {processor.py:925} INFO - DAG(s) 'read_dataset_event', 'read_dataset_event_from_classic' retrieved from /home/airflow/.local/lib/python3.12/site-packages/airflow/example_dags/example_inlet_event_extra.py
[2025-01-23T23:42:47.305+0000] {logging_mixin.py:190} INFO - [2025-01-23T23:42:47.305+0000] {dag.py:3239} INFO - Sync 2 DAGs
[2025-01-23T23:42:47.331+0000] {logging_mixin.py:190} INFO - [2025-01-23T23:42:47.331+0000] {dag.py:4180} INFO - Setting next_dagrun for read_dataset_event to 2025-01-22 00:00:00+00:00, run_after=2025-01-23 00:00:00+00:00
[2025-01-23T23:42:47.336+0000] {logging_mixin.py:190} INFO - [2025-01-23T23:42:47.336+0000] {dag.py:4180} INFO - Setting next_dagrun for read_dataset_event_from_classic to 2025-01-22 00:00:00+00:00, run_after=2025-01-23 00:00:00+00:00
[2025-01-23T23:42:47.350+0000] {processor.py:208} INFO - Processing /home/airflow/.local/lib/python3.12/site-packages/airflow/example_dags/example_inlet_event_extra.py took 0.468 seconds
[2025-01-23T23:43:17.471+0000] {processor.py:186} INFO - Started process (PID=994) to work on /home/airflow/.local/lib/python3.12/site-packages/airflow/example_dags/example_inlet_event_extra.py
[2025-01-23T23:43:17.475+0000] {processor.py:914} INFO - Processing file /home/airflow/.local/lib/python3.12/site-packages/airflow/example_dags/example_inlet_event_extra.py for tasks to queue
[2025-01-23T23:43:17.487+0000] {logging_mixin.py:190} INFO - [2025-01-23T23:43:17.485+0000] {dagbag.py:588} INFO - Filling up the DagBag from /home/airflow/.local/lib/python3.12/site-packages/airflow/example_dags/example_inlet_event_extra.py
[2025-01-23T23:43:17.924+0000] {processor.py:925} INFO - DAG(s) 'read_dataset_event_from_classic', 'read_dataset_event' retrieved from /home/airflow/.local/lib/python3.12/site-packages/airflow/example_dags/example_inlet_event_extra.py
[2025-01-23T23:43:17.950+0000] {logging_mixin.py:190} INFO - [2025-01-23T23:43:17.950+0000] {dag.py:3239} INFO - Sync 2 DAGs
[2025-01-23T23:43:17.970+0000] {logging_mixin.py:190} INFO - [2025-01-23T23:43:17.970+0000] {dag.py:4180} INFO - Setting next_dagrun for read_dataset_event to 2025-01-22 00:00:00+00:00, run_after=2025-01-23 00:00:00+00:00
[2025-01-23T23:43:17.975+0000] {logging_mixin.py:190} INFO - [2025-01-23T23:43:17.975+0000] {dag.py:4180} INFO - Setting next_dagrun for read_dataset_event_from_classic to 2025-01-22 00:00:00+00:00, run_after=2025-01-23 00:00:00+00:00
[2025-01-23T23:43:17.988+0000] {processor.py:208} INFO - Processing /home/airflow/.local/lib/python3.12/site-packages/airflow/example_dags/example_inlet_event_extra.py took 0.541 seconds
[2025-01-23T23:43:48.684+0000] {processor.py:186} INFO - Started process (PID=1058) to work on /home/airflow/.local/lib/python3.12/site-packages/airflow/example_dags/example_inlet_event_extra.py
[2025-01-23T23:43:48.685+0000] {processor.py:914} INFO - Processing file /home/airflow/.local/lib/python3.12/site-packages/airflow/example_dags/example_inlet_event_extra.py for tasks to queue
[2025-01-23T23:43:48.688+0000] {logging_mixin.py:190} INFO - [2025-01-23T23:43:48.687+0000] {dagbag.py:588} INFO - Filling up the DagBag from /home/airflow/.local/lib/python3.12/site-packages/airflow/example_dags/example_inlet_event_extra.py
[2025-01-23T23:43:49.058+0000] {processor.py:925} INFO - DAG(s) 'read_dataset_event_from_classic', 'read_dataset_event' retrieved from /home/airflow/.local/lib/python3.12/site-packages/airflow/example_dags/example_inlet_event_extra.py
[2025-01-23T23:43:49.071+0000] {logging_mixin.py:190} INFO - [2025-01-23T23:43:49.071+0000] {dag.py:3239} INFO - Sync 2 DAGs
[2025-01-23T23:43:49.087+0000] {logging_mixin.py:190} INFO - [2025-01-23T23:43:49.087+0000] {dag.py:4180} INFO - Setting next_dagrun for read_dataset_event to 2025-01-22 00:00:00+00:00, run_after=2025-01-23 00:00:00+00:00
[2025-01-23T23:43:49.091+0000] {logging_mixin.py:190} INFO - [2025-01-23T23:43:49.091+0000] {dag.py:4180} INFO - Setting next_dagrun for read_dataset_event_from_classic to 2025-01-22 00:00:00+00:00, run_after=2025-01-23 00:00:00+00:00
[2025-01-23T23:43:49.103+0000] {processor.py:208} INFO - Processing /home/airflow/.local/lib/python3.12/site-packages/airflow/example_dags/example_inlet_event_extra.py took 0.431 seconds
[2025-01-23T23:44:19.910+0000] {processor.py:186} INFO - Started process (PID=1122) to work on /home/airflow/.local/lib/python3.12/site-packages/airflow/example_dags/example_inlet_event_extra.py
[2025-01-23T23:44:19.911+0000] {processor.py:914} INFO - Processing file /home/airflow/.local/lib/python3.12/site-packages/airflow/example_dags/example_inlet_event_extra.py for tasks to queue
[2025-01-23T23:44:19.915+0000] {logging_mixin.py:190} INFO - [2025-01-23T23:44:19.915+0000] {dagbag.py:588} INFO - Filling up the DagBag from /home/airflow/.local/lib/python3.12/site-packages/airflow/example_dags/example_inlet_event_extra.py
[2025-01-23T23:44:20.288+0000] {processor.py:925} INFO - DAG(s) 'read_dataset_event', 'read_dataset_event_from_classic' retrieved from /home/airflow/.local/lib/python3.12/site-packages/airflow/example_dags/example_inlet_event_extra.py
[2025-01-23T23:44:20.303+0000] {logging_mixin.py:190} INFO - [2025-01-23T23:44:20.303+0000] {dag.py:3239} INFO - Sync 2 DAGs
[2025-01-23T23:44:20.320+0000] {logging_mixin.py:190} INFO - [2025-01-23T23:44:20.320+0000] {dag.py:4180} INFO - Setting next_dagrun for read_dataset_event to 2025-01-22 00:00:00+00:00, run_after=2025-01-23 00:00:00+00:00
[2025-01-23T23:44:20.325+0000] {logging_mixin.py:190} INFO - [2025-01-23T23:44:20.324+0000] {dag.py:4180} INFO - Setting next_dagrun for read_dataset_event_from_classic to 2025-01-22 00:00:00+00:00, run_after=2025-01-23 00:00:00+00:00
[2025-01-23T23:44:20.340+0000] {processor.py:208} INFO - Processing /home/airflow/.local/lib/python3.12/site-packages/airflow/example_dags/example_inlet_event_extra.py took 0.442 seconds
[2025-01-23T23:44:50.540+0000] {processor.py:186} INFO - Started process (PID=1186) to work on /home/airflow/.local/lib/python3.12/site-packages/airflow/example_dags/example_inlet_event_extra.py
[2025-01-23T23:44:50.541+0000] {processor.py:914} INFO - Processing file /home/airflow/.local/lib/python3.12/site-packages/airflow/example_dags/example_inlet_event_extra.py for tasks to queue
[2025-01-23T23:44:50.546+0000] {logging_mixin.py:190} INFO - [2025-01-23T23:44:50.546+0000] {dagbag.py:588} INFO - Filling up the DagBag from /home/airflow/.local/lib/python3.12/site-packages/airflow/example_dags/example_inlet_event_extra.py
[2025-01-23T23:44:50.957+0000] {processor.py:925} INFO - DAG(s) 'read_dataset_event_from_classic', 'read_dataset_event' retrieved from /home/airflow/.local/lib/python3.12/site-packages/airflow/example_dags/example_inlet_event_extra.py
[2025-01-23T23:44:50.975+0000] {logging_mixin.py:190} INFO - [2025-01-23T23:44:50.975+0000] {dag.py:3239} INFO - Sync 2 DAGs
[2025-01-23T23:44:50.992+0000] {logging_mixin.py:190} INFO - [2025-01-23T23:44:50.991+0000] {dag.py:4180} INFO - Setting next_dagrun for read_dataset_event to 2025-01-22 00:00:00+00:00, run_after=2025-01-23 00:00:00+00:00
[2025-01-23T23:44:50.995+0000] {logging_mixin.py:190} INFO - [2025-01-23T23:44:50.995+0000] {dag.py:4180} INFO - Setting next_dagrun for read_dataset_event_from_classic to 2025-01-22 00:00:00+00:00, run_after=2025-01-23 00:00:00+00:00
[2025-01-23T23:44:51.007+0000] {processor.py:208} INFO - Processing /home/airflow/.local/lib/python3.12/site-packages/airflow/example_dags/example_inlet_event_extra.py took 0.477 seconds
[2025-01-23T23:45:21.891+0000] {processor.py:186} INFO - Started process (PID=1250) to work on /home/airflow/.local/lib/python3.12/site-packages/airflow/example_dags/example_inlet_event_extra.py
[2025-01-23T23:45:21.892+0000] {processor.py:914} INFO - Processing file /home/airflow/.local/lib/python3.12/site-packages/airflow/example_dags/example_inlet_event_extra.py for tasks to queue
[2025-01-23T23:45:21.898+0000] {logging_mixin.py:190} INFO - [2025-01-23T23:45:21.897+0000] {dagbag.py:588} INFO - Filling up the DagBag from /home/airflow/.local/lib/python3.12/site-packages/airflow/example_dags/example_inlet_event_extra.py
[2025-01-23T23:45:22.274+0000] {processor.py:925} INFO - DAG(s) 'read_dataset_event', 'read_dataset_event_from_classic' retrieved from /home/airflow/.local/lib/python3.12/site-packages/airflow/example_dags/example_inlet_event_extra.py
[2025-01-23T23:45:22.290+0000] {logging_mixin.py:190} INFO - [2025-01-23T23:45:22.290+0000] {dag.py:3239} INFO - Sync 2 DAGs
[2025-01-23T23:45:22.309+0000] {logging_mixin.py:190} INFO - [2025-01-23T23:45:22.309+0000] {dag.py:4180} INFO - Setting next_dagrun for read_dataset_event to 2025-01-22 00:00:00+00:00, run_after=2025-01-23 00:00:00+00:00
[2025-01-23T23:45:22.314+0000] {logging_mixin.py:190} INFO - [2025-01-23T23:45:22.314+0000] {dag.py:4180} INFO - Setting next_dagrun for read_dataset_event_from_classic to 2025-01-22 00:00:00+00:00, run_after=2025-01-23 00:00:00+00:00
[2025-01-23T23:45:22.334+0000] {processor.py:208} INFO - Processing /home/airflow/.local/lib/python3.12/site-packages/airflow/example_dags/example_inlet_event_extra.py took 0.453 seconds
[2025-01-23T23:45:52.866+0000] {processor.py:186} INFO - Started process (PID=1314) to work on /home/airflow/.local/lib/python3.12/site-packages/airflow/example_dags/example_inlet_event_extra.py
[2025-01-23T23:45:52.868+0000] {processor.py:914} INFO - Processing file /home/airflow/.local/lib/python3.12/site-packages/airflow/example_dags/example_inlet_event_extra.py for tasks to queue
[2025-01-23T23:45:52.872+0000] {logging_mixin.py:190} INFO - [2025-01-23T23:45:52.871+0000] {dagbag.py:588} INFO - Filling up the DagBag from /home/airflow/.local/lib/python3.12/site-packages/airflow/example_dags/example_inlet_event_extra.py
[2025-01-23T23:45:53.263+0000] {processor.py:925} INFO - DAG(s) 'read_dataset_event', 'read_dataset_event_from_classic' retrieved from /home/airflow/.local/lib/python3.12/site-packages/airflow/example_dags/example_inlet_event_extra.py
[2025-01-23T23:45:53.276+0000] {logging_mixin.py:190} INFO - [2025-01-23T23:45:53.276+0000] {dag.py:3239} INFO - Sync 2 DAGs
[2025-01-23T23:45:53.294+0000] {logging_mixin.py:190} INFO - [2025-01-23T23:45:53.294+0000] {dag.py:4180} INFO - Setting next_dagrun for read_dataset_event to 2025-01-22 00:00:00+00:00, run_after=2025-01-23 00:00:00+00:00
[2025-01-23T23:45:53.298+0000] {logging_mixin.py:190} INFO - [2025-01-23T23:45:53.298+0000] {dag.py:4180} INFO - Setting next_dagrun for read_dataset_event_from_classic to 2025-01-22 00:00:00+00:00, run_after=2025-01-23 00:00:00+00:00
[2025-01-23T23:45:53.310+0000] {processor.py:208} INFO - Processing /home/airflow/.local/lib/python3.12/site-packages/airflow/example_dags/example_inlet_event_extra.py took 0.456 seconds
[2025-01-23T23:46:23.770+0000] {processor.py:186} INFO - Started process (PID=1378) to work on /home/airflow/.local/lib/python3.12/site-packages/airflow/example_dags/example_inlet_event_extra.py
[2025-01-23T23:46:23.772+0000] {processor.py:914} INFO - Processing file /home/airflow/.local/lib/python3.12/site-packages/airflow/example_dags/example_inlet_event_extra.py for tasks to queue
[2025-01-23T23:46:23.776+0000] {logging_mixin.py:190} INFO - [2025-01-23T23:46:23.776+0000] {dagbag.py:588} INFO - Filling up the DagBag from /home/airflow/.local/lib/python3.12/site-packages/airflow/example_dags/example_inlet_event_extra.py
[2025-01-23T23:46:24.162+0000] {processor.py:925} INFO - DAG(s) 'read_dataset_event', 'read_dataset_event_from_classic' retrieved from /home/airflow/.local/lib/python3.12/site-packages/airflow/example_dags/example_inlet_event_extra.py
[2025-01-23T23:46:24.180+0000] {logging_mixin.py:190} INFO - [2025-01-23T23:46:24.180+0000] {dag.py:3239} INFO - Sync 2 DAGs
[2025-01-23T23:46:24.199+0000] {logging_mixin.py:190} INFO - [2025-01-23T23:46:24.199+0000] {dag.py:4180} INFO - Setting next_dagrun for read_dataset_event to 2025-01-22 00:00:00+00:00, run_after=2025-01-23 00:00:00+00:00
[2025-01-23T23:46:24.203+0000] {logging_mixin.py:190} INFO - [2025-01-23T23:46:24.202+0000] {dag.py:4180} INFO - Setting next_dagrun for read_dataset_event_from_classic to 2025-01-22 00:00:00+00:00, run_after=2025-01-23 00:00:00+00:00
[2025-01-23T23:46:24.214+0000] {processor.py:208} INFO - Processing /home/airflow/.local/lib/python3.12/site-packages/airflow/example_dags/example_inlet_event_extra.py took 0.455 seconds
[2025-01-23T23:46:54.631+0000] {processor.py:186} INFO - Started process (PID=1442) to work on /home/airflow/.local/lib/python3.12/site-packages/airflow/example_dags/example_inlet_event_extra.py
[2025-01-23T23:46:54.632+0000] {processor.py:914} INFO - Processing file /home/airflow/.local/lib/python3.12/site-packages/airflow/example_dags/example_inlet_event_extra.py for tasks to queue
[2025-01-23T23:46:54.636+0000] {logging_mixin.py:190} INFO - [2025-01-23T23:46:54.635+0000] {dagbag.py:588} INFO - Filling up the DagBag from /home/airflow/.local/lib/python3.12/site-packages/airflow/example_dags/example_inlet_event_extra.py
[2025-01-23T23:46:54.997+0000] {processor.py:925} INFO - DAG(s) 'read_dataset_event', 'read_dataset_event_from_classic' retrieved from /home/airflow/.local/lib/python3.12/site-packages/airflow/example_dags/example_inlet_event_extra.py
[2025-01-23T23:46:55.014+0000] {logging_mixin.py:190} INFO - [2025-01-23T23:46:55.014+0000] {dag.py:3239} INFO - Sync 2 DAGs
[2025-01-23T23:46:55.035+0000] {logging_mixin.py:190} INFO - [2025-01-23T23:46:55.035+0000] {dag.py:4180} INFO - Setting next_dagrun for read_dataset_event to 2025-01-22 00:00:00+00:00, run_after=2025-01-23 00:00:00+00:00
[2025-01-23T23:46:55.040+0000] {logging_mixin.py:190} INFO - [2025-01-23T23:46:55.040+0000] {dag.py:4180} INFO - Setting next_dagrun for read_dataset_event_from_classic to 2025-01-22 00:00:00+00:00, run_after=2025-01-23 00:00:00+00:00
[2025-01-23T23:46:55.056+0000] {processor.py:208} INFO - Processing /home/airflow/.local/lib/python3.12/site-packages/airflow/example_dags/example_inlet_event_extra.py took 0.434 seconds
[2025-01-23T23:47:25.594+0000] {processor.py:186} INFO - Started process (PID=1506) to work on /home/airflow/.local/lib/python3.12/site-packages/airflow/example_dags/example_inlet_event_extra.py
[2025-01-23T23:47:25.595+0000] {processor.py:914} INFO - Processing file /home/airflow/.local/lib/python3.12/site-packages/airflow/example_dags/example_inlet_event_extra.py for tasks to queue
[2025-01-23T23:47:25.597+0000] {logging_mixin.py:190} INFO - [2025-01-23T23:47:25.596+0000] {dagbag.py:588} INFO - Filling up the DagBag from /home/airflow/.local/lib/python3.12/site-packages/airflow/example_dags/example_inlet_event_extra.py
[2025-01-23T23:47:26.008+0000] {processor.py:925} INFO - DAG(s) 'read_dataset_event', 'read_dataset_event_from_classic' retrieved from /home/airflow/.local/lib/python3.12/site-packages/airflow/example_dags/example_inlet_event_extra.py
[2025-01-23T23:47:26.027+0000] {logging_mixin.py:190} INFO - [2025-01-23T23:47:26.027+0000] {dag.py:3239} INFO - Sync 2 DAGs
[2025-01-23T23:47:26.053+0000] {logging_mixin.py:190} INFO - [2025-01-23T23:47:26.052+0000] {dag.py:4180} INFO - Setting next_dagrun for read_dataset_event to 2025-01-22 00:00:00+00:00, run_after=2025-01-23 00:00:00+00:00
[2025-01-23T23:47:26.059+0000] {logging_mixin.py:190} INFO - [2025-01-23T23:47:26.059+0000] {dag.py:4180} INFO - Setting next_dagrun for read_dataset_event_from_classic to 2025-01-22 00:00:00+00:00, run_after=2025-01-23 00:00:00+00:00
[2025-01-23T23:47:26.080+0000] {processor.py:208} INFO - Processing /home/airflow/.local/lib/python3.12/site-packages/airflow/example_dags/example_inlet_event_extra.py took 0.493 seconds
[2025-01-23T23:47:56.454+0000] {processor.py:186} INFO - Started process (PID=1574) to work on /home/airflow/.local/lib/python3.12/site-packages/airflow/example_dags/example_inlet_event_extra.py
[2025-01-23T23:47:56.455+0000] {processor.py:914} INFO - Processing file /home/airflow/.local/lib/python3.12/site-packages/airflow/example_dags/example_inlet_event_extra.py for tasks to queue
[2025-01-23T23:47:56.457+0000] {logging_mixin.py:190} INFO - [2025-01-23T23:47:56.457+0000] {dagbag.py:588} INFO - Filling up the DagBag from /home/airflow/.local/lib/python3.12/site-packages/airflow/example_dags/example_inlet_event_extra.py
[2025-01-23T23:47:56.893+0000] {processor.py:925} INFO - DAG(s) 'read_dataset_event', 'read_dataset_event_from_classic' retrieved from /home/airflow/.local/lib/python3.12/site-packages/airflow/example_dags/example_inlet_event_extra.py
[2025-01-23T23:47:56.915+0000] {logging_mixin.py:190} INFO - [2025-01-23T23:47:56.915+0000] {dag.py:3239} INFO - Sync 2 DAGs
[2025-01-23T23:47:56.945+0000] {logging_mixin.py:190} INFO - [2025-01-23T23:47:56.945+0000] {dag.py:4180} INFO - Setting next_dagrun for read_dataset_event to 2025-01-22 00:00:00+00:00, run_after=2025-01-23 00:00:00+00:00
[2025-01-23T23:47:56.952+0000] {logging_mixin.py:190} INFO - [2025-01-23T23:47:56.952+0000] {dag.py:4180} INFO - Setting next_dagrun for read_dataset_event_from_classic to 2025-01-22 00:00:00+00:00, run_after=2025-01-23 00:00:00+00:00
[2025-01-23T23:47:56.973+0000] {processor.py:208} INFO - Processing /home/airflow/.local/lib/python3.12/site-packages/airflow/example_dags/example_inlet_event_extra.py took 0.523 seconds
[2025-01-23T23:48:27.490+0000] {processor.py:186} INFO - Started process (PID=1638) to work on /home/airflow/.local/lib/python3.12/site-packages/airflow/example_dags/example_inlet_event_extra.py
[2025-01-23T23:48:27.491+0000] {processor.py:914} INFO - Processing file /home/airflow/.local/lib/python3.12/site-packages/airflow/example_dags/example_inlet_event_extra.py for tasks to queue
[2025-01-23T23:48:27.493+0000] {logging_mixin.py:190} INFO - [2025-01-23T23:48:27.493+0000] {dagbag.py:588} INFO - Filling up the DagBag from /home/airflow/.local/lib/python3.12/site-packages/airflow/example_dags/example_inlet_event_extra.py
[2025-01-23T23:48:27.950+0000] {processor.py:925} INFO - DAG(s) 'read_dataset_event_from_classic', 'read_dataset_event' retrieved from /home/airflow/.local/lib/python3.12/site-packages/airflow/example_dags/example_inlet_event_extra.py
[2025-01-23T23:48:27.965+0000] {logging_mixin.py:190} INFO - [2025-01-23T23:48:27.965+0000] {dag.py:3239} INFO - Sync 2 DAGs
[2025-01-23T23:48:27.980+0000] {logging_mixin.py:190} INFO - [2025-01-23T23:48:27.980+0000] {dag.py:4180} INFO - Setting next_dagrun for read_dataset_event to 2025-01-22 00:00:00+00:00, run_after=2025-01-23 00:00:00+00:00
[2025-01-23T23:48:27.984+0000] {logging_mixin.py:190} INFO - [2025-01-23T23:48:27.984+0000] {dag.py:4180} INFO - Setting next_dagrun for read_dataset_event_from_classic to 2025-01-22 00:00:00+00:00, run_after=2025-01-23 00:00:00+00:00
[2025-01-23T23:48:27.996+0000] {processor.py:208} INFO - Processing /home/airflow/.local/lib/python3.12/site-packages/airflow/example_dags/example_inlet_event_extra.py took 0.511 seconds
[2025-01-23T23:48:58.517+0000] {processor.py:186} INFO - Started process (PID=1702) to work on /home/airflow/.local/lib/python3.12/site-packages/airflow/example_dags/example_inlet_event_extra.py
[2025-01-23T23:48:58.519+0000] {processor.py:914} INFO - Processing file /home/airflow/.local/lib/python3.12/site-packages/airflow/example_dags/example_inlet_event_extra.py for tasks to queue
[2025-01-23T23:48:58.523+0000] {logging_mixin.py:190} INFO - [2025-01-23T23:48:58.522+0000] {dagbag.py:588} INFO - Filling up the DagBag from /home/airflow/.local/lib/python3.12/site-packages/airflow/example_dags/example_inlet_event_extra.py
[2025-01-23T23:48:58.900+0000] {processor.py:925} INFO - DAG(s) 'read_dataset_event_from_classic', 'read_dataset_event' retrieved from /home/airflow/.local/lib/python3.12/site-packages/airflow/example_dags/example_inlet_event_extra.py
[2025-01-23T23:48:58.915+0000] {logging_mixin.py:190} INFO - [2025-01-23T23:48:58.915+0000] {dag.py:3239} INFO - Sync 2 DAGs
[2025-01-23T23:48:58.933+0000] {logging_mixin.py:190} INFO - [2025-01-23T23:48:58.933+0000] {dag.py:4180} INFO - Setting next_dagrun for read_dataset_event to 2025-01-22 00:00:00+00:00, run_after=2025-01-23 00:00:00+00:00
[2025-01-23T23:48:58.937+0000] {logging_mixin.py:190} INFO - [2025-01-23T23:48:58.937+0000] {dag.py:4180} INFO - Setting next_dagrun for read_dataset_event_from_classic to 2025-01-22 00:00:00+00:00, run_after=2025-01-23 00:00:00+00:00
[2025-01-23T23:48:58.950+0000] {processor.py:208} INFO - Processing /home/airflow/.local/lib/python3.12/site-packages/airflow/example_dags/example_inlet_event_extra.py took 0.445 seconds
[2025-01-23T23:49:29.869+0000] {processor.py:186} INFO - Started process (PID=1766) to work on /home/airflow/.local/lib/python3.12/site-packages/airflow/example_dags/example_inlet_event_extra.py
[2025-01-23T23:49:29.870+0000] {processor.py:914} INFO - Processing file /home/airflow/.local/lib/python3.12/site-packages/airflow/example_dags/example_inlet_event_extra.py for tasks to queue
[2025-01-23T23:49:29.874+0000] {logging_mixin.py:190} INFO - [2025-01-23T23:49:29.873+0000] {dagbag.py:588} INFO - Filling up the DagBag from /home/airflow/.local/lib/python3.12/site-packages/airflow/example_dags/example_inlet_event_extra.py
[2025-01-23T23:49:30.250+0000] {processor.py:925} INFO - DAG(s) 'read_dataset_event', 'read_dataset_event_from_classic' retrieved from /home/airflow/.local/lib/python3.12/site-packages/airflow/example_dags/example_inlet_event_extra.py
[2025-01-23T23:49:30.266+0000] {logging_mixin.py:190} INFO - [2025-01-23T23:49:30.266+0000] {dag.py:3239} INFO - Sync 2 DAGs
[2025-01-23T23:49:30.281+0000] {logging_mixin.py:190} INFO - [2025-01-23T23:49:30.281+0000] {dag.py:4180} INFO - Setting next_dagrun for read_dataset_event to 2025-01-22 00:00:00+00:00, run_after=2025-01-23 00:00:00+00:00
[2025-01-23T23:49:30.285+0000] {logging_mixin.py:190} INFO - [2025-01-23T23:49:30.284+0000] {dag.py:4180} INFO - Setting next_dagrun for read_dataset_event_from_classic to 2025-01-22 00:00:00+00:00, run_after=2025-01-23 00:00:00+00:00
[2025-01-23T23:49:30.297+0000] {processor.py:208} INFO - Processing /home/airflow/.local/lib/python3.12/site-packages/airflow/example_dags/example_inlet_event_extra.py took 0.440 seconds
[2025-01-23T23:50:01.233+0000] {processor.py:186} INFO - Started process (PID=1830) to work on /home/airflow/.local/lib/python3.12/site-packages/airflow/example_dags/example_inlet_event_extra.py
[2025-01-23T23:50:01.235+0000] {processor.py:914} INFO - Processing file /home/airflow/.local/lib/python3.12/site-packages/airflow/example_dags/example_inlet_event_extra.py for tasks to queue
[2025-01-23T23:50:01.239+0000] {logging_mixin.py:190} INFO - [2025-01-23T23:50:01.238+0000] {dagbag.py:588} INFO - Filling up the DagBag from /home/airflow/.local/lib/python3.12/site-packages/airflow/example_dags/example_inlet_event_extra.py
[2025-01-23T23:50:01.658+0000] {processor.py:925} INFO - DAG(s) 'read_dataset_event', 'read_dataset_event_from_classic' retrieved from /home/airflow/.local/lib/python3.12/site-packages/airflow/example_dags/example_inlet_event_extra.py
[2025-01-23T23:50:01.673+0000] {logging_mixin.py:190} INFO - [2025-01-23T23:50:01.672+0000] {dag.py:3239} INFO - Sync 2 DAGs
[2025-01-23T23:50:01.688+0000] {logging_mixin.py:190} INFO - [2025-01-23T23:50:01.688+0000] {dag.py:4180} INFO - Setting next_dagrun for read_dataset_event to 2025-01-22 00:00:00+00:00, run_after=2025-01-23 00:00:00+00:00
[2025-01-23T23:50:01.691+0000] {logging_mixin.py:190} INFO - [2025-01-23T23:50:01.691+0000] {dag.py:4180} INFO - Setting next_dagrun for read_dataset_event_from_classic to 2025-01-22 00:00:00+00:00, run_after=2025-01-23 00:00:00+00:00
[2025-01-23T23:50:01.703+0000] {processor.py:208} INFO - Processing /home/airflow/.local/lib/python3.12/site-packages/airflow/example_dags/example_inlet_event_extra.py took 0.482 seconds
[2025-01-23T23:50:32.631+0000] {processor.py:186} INFO - Started process (PID=1894) to work on /home/airflow/.local/lib/python3.12/site-packages/airflow/example_dags/example_inlet_event_extra.py
[2025-01-23T23:50:32.633+0000] {processor.py:914} INFO - Processing file /home/airflow/.local/lib/python3.12/site-packages/airflow/example_dags/example_inlet_event_extra.py for tasks to queue
[2025-01-23T23:50:32.639+0000] {logging_mixin.py:190} INFO - [2025-01-23T23:50:32.638+0000] {dagbag.py:588} INFO - Filling up the DagBag from /home/airflow/.local/lib/python3.12/site-packages/airflow/example_dags/example_inlet_event_extra.py
[2025-01-23T23:50:33.051+0000] {processor.py:925} INFO - DAG(s) 'read_dataset_event', 'read_dataset_event_from_classic' retrieved from /home/airflow/.local/lib/python3.12/site-packages/airflow/example_dags/example_inlet_event_extra.py
[2025-01-23T23:50:33.068+0000] {logging_mixin.py:190} INFO - [2025-01-23T23:50:33.067+0000] {dag.py:3239} INFO - Sync 2 DAGs
[2025-01-23T23:50:33.089+0000] {logging_mixin.py:190} INFO - [2025-01-23T23:50:33.089+0000] {dag.py:4180} INFO - Setting next_dagrun for read_dataset_event to 2025-01-22 00:00:00+00:00, run_after=2025-01-23 00:00:00+00:00
[2025-01-23T23:50:33.092+0000] {logging_mixin.py:190} INFO - [2025-01-23T23:50:33.092+0000] {dag.py:4180} INFO - Setting next_dagrun for read_dataset_event_from_classic to 2025-01-22 00:00:00+00:00, run_after=2025-01-23 00:00:00+00:00
[2025-01-23T23:50:33.105+0000] {processor.py:208} INFO - Processing /home/airflow/.local/lib/python3.12/site-packages/airflow/example_dags/example_inlet_event_extra.py took 0.489 seconds
[2025-01-23T23:51:03.291+0000] {processor.py:186} INFO - Started process (PID=1958) to work on /home/airflow/.local/lib/python3.12/site-packages/airflow/example_dags/example_inlet_event_extra.py
[2025-01-23T23:51:03.292+0000] {processor.py:914} INFO - Processing file /home/airflow/.local/lib/python3.12/site-packages/airflow/example_dags/example_inlet_event_extra.py for tasks to queue
[2025-01-23T23:51:03.295+0000] {logging_mixin.py:190} INFO - [2025-01-23T23:51:03.294+0000] {dagbag.py:588} INFO - Filling up the DagBag from /home/airflow/.local/lib/python3.12/site-packages/airflow/example_dags/example_inlet_event_extra.py
[2025-01-23T23:51:03.880+0000] {processor.py:925} INFO - DAG(s) 'read_dataset_event_from_classic', 'read_dataset_event' retrieved from /home/airflow/.local/lib/python3.12/site-packages/airflow/example_dags/example_inlet_event_extra.py
[2025-01-23T23:51:03.907+0000] {logging_mixin.py:190} INFO - [2025-01-23T23:51:03.906+0000] {dag.py:3239} INFO - Sync 2 DAGs
[2025-01-23T23:51:03.959+0000] {logging_mixin.py:190} INFO - [2025-01-23T23:51:03.958+0000] {dag.py:4180} INFO - Setting next_dagrun for read_dataset_event to 2025-01-22 00:00:00+00:00, run_after=2025-01-23 00:00:00+00:00
[2025-01-23T23:51:03.976+0000] {logging_mixin.py:190} INFO - [2025-01-23T23:51:03.975+0000] {dag.py:4180} INFO - Setting next_dagrun for read_dataset_event_from_classic to 2025-01-22 00:00:00+00:00, run_after=2025-01-23 00:00:00+00:00
[2025-01-23T23:51:04.026+0000] {processor.py:208} INFO - Processing /home/airflow/.local/lib/python3.12/site-packages/airflow/example_dags/example_inlet_event_extra.py took 0.745 seconds
[2025-01-23T23:51:34.196+0000] {processor.py:186} INFO - Started process (PID=2022) to work on /home/airflow/.local/lib/python3.12/site-packages/airflow/example_dags/example_inlet_event_extra.py
[2025-01-23T23:51:34.196+0000] {processor.py:914} INFO - Processing file /home/airflow/.local/lib/python3.12/site-packages/airflow/example_dags/example_inlet_event_extra.py for tasks to queue
[2025-01-23T23:51:34.198+0000] {logging_mixin.py:190} INFO - [2025-01-23T23:51:34.198+0000] {dagbag.py:588} INFO - Filling up the DagBag from /home/airflow/.local/lib/python3.12/site-packages/airflow/example_dags/example_inlet_event_extra.py
[2025-01-23T23:51:34.759+0000] {processor.py:925} INFO - DAG(s) 'read_dataset_event_from_classic', 'read_dataset_event' retrieved from /home/airflow/.local/lib/python3.12/site-packages/airflow/example_dags/example_inlet_event_extra.py
[2025-01-23T23:51:34.780+0000] {logging_mixin.py:190} INFO - [2025-01-23T23:51:34.780+0000] {dag.py:3239} INFO - Sync 2 DAGs
[2025-01-23T23:51:34.807+0000] {logging_mixin.py:190} INFO - [2025-01-23T23:51:34.807+0000] {dag.py:4180} INFO - Setting next_dagrun for read_dataset_event to 2025-01-22 00:00:00+00:00, run_after=2025-01-23 00:00:00+00:00
[2025-01-23T23:51:34.813+0000] {logging_mixin.py:190} INFO - [2025-01-23T23:51:34.813+0000] {dag.py:4180} INFO - Setting next_dagrun for read_dataset_event_from_classic to 2025-01-22 00:00:00+00:00, run_after=2025-01-23 00:00:00+00:00
[2025-01-23T23:51:34.829+0000] {processor.py:208} INFO - Processing /home/airflow/.local/lib/python3.12/site-packages/airflow/example_dags/example_inlet_event_extra.py took 0.640 seconds
[2025-01-23T23:52:05.749+0000] {processor.py:186} INFO - Started process (PID=2086) to work on /home/airflow/.local/lib/python3.12/site-packages/airflow/example_dags/example_inlet_event_extra.py
[2025-01-23T23:52:05.752+0000] {processor.py:914} INFO - Processing file /home/airflow/.local/lib/python3.12/site-packages/airflow/example_dags/example_inlet_event_extra.py for tasks to queue
[2025-01-23T23:52:05.764+0000] {logging_mixin.py:190} INFO - [2025-01-23T23:52:05.762+0000] {dagbag.py:588} INFO - Filling up the DagBag from /home/airflow/.local/lib/python3.12/site-packages/airflow/example_dags/example_inlet_event_extra.py
[2025-01-23T23:52:06.455+0000] {processor.py:925} INFO - DAG(s) 'read_dataset_event_from_classic', 'read_dataset_event' retrieved from /home/airflow/.local/lib/python3.12/site-packages/airflow/example_dags/example_inlet_event_extra.py
[2025-01-23T23:52:06.483+0000] {logging_mixin.py:190} INFO - [2025-01-23T23:52:06.482+0000] {dag.py:3239} INFO - Sync 2 DAGs
[2025-01-23T23:52:06.521+0000] {logging_mixin.py:190} INFO - [2025-01-23T23:52:06.521+0000] {dag.py:4180} INFO - Setting next_dagrun for read_dataset_event to 2025-01-22 00:00:00+00:00, run_after=2025-01-23 00:00:00+00:00
[2025-01-23T23:52:06.529+0000] {logging_mixin.py:190} INFO - [2025-01-23T23:52:06.528+0000] {dag.py:4180} INFO - Setting next_dagrun for read_dataset_event_from_classic to 2025-01-22 00:00:00+00:00, run_after=2025-01-23 00:00:00+00:00
[2025-01-23T23:52:06.551+0000] {processor.py:208} INFO - Processing /home/airflow/.local/lib/python3.12/site-packages/airflow/example_dags/example_inlet_event_extra.py took 0.829 seconds
[2025-01-23T23:52:36.993+0000] {processor.py:186} INFO - Started process (PID=2150) to work on /home/airflow/.local/lib/python3.12/site-packages/airflow/example_dags/example_inlet_event_extra.py
[2025-01-23T23:52:36.995+0000] {processor.py:914} INFO - Processing file /home/airflow/.local/lib/python3.12/site-packages/airflow/example_dags/example_inlet_event_extra.py for tasks to queue
[2025-01-23T23:52:36.999+0000] {logging_mixin.py:190} INFO - [2025-01-23T23:52:36.999+0000] {dagbag.py:588} INFO - Filling up the DagBag from /home/airflow/.local/lib/python3.12/site-packages/airflow/example_dags/example_inlet_event_extra.py
[2025-01-23T23:52:37.440+0000] {processor.py:925} INFO - DAG(s) 'read_dataset_event_from_classic', 'read_dataset_event' retrieved from /home/airflow/.local/lib/python3.12/site-packages/airflow/example_dags/example_inlet_event_extra.py
[2025-01-23T23:52:37.457+0000] {logging_mixin.py:190} INFO - [2025-01-23T23:52:37.457+0000] {dag.py:3239} INFO - Sync 2 DAGs
[2025-01-23T23:52:37.500+0000] {logging_mixin.py:190} INFO - [2025-01-23T23:52:37.500+0000] {dag.py:4180} INFO - Setting next_dagrun for read_dataset_event to 2025-01-22 00:00:00+00:00, run_after=2025-01-23 00:00:00+00:00
[2025-01-23T23:52:37.509+0000] {logging_mixin.py:190} INFO - [2025-01-23T23:52:37.509+0000] {dag.py:4180} INFO - Setting next_dagrun for read_dataset_event_from_classic to 2025-01-22 00:00:00+00:00, run_after=2025-01-23 00:00:00+00:00
[2025-01-23T23:52:37.537+0000] {processor.py:208} INFO - Processing /home/airflow/.local/lib/python3.12/site-packages/airflow/example_dags/example_inlet_event_extra.py took 0.553 seconds
[2025-01-23T23:53:07.869+0000] {processor.py:186} INFO - Started process (PID=2214) to work on /home/airflow/.local/lib/python3.12/site-packages/airflow/example_dags/example_inlet_event_extra.py
[2025-01-23T23:53:07.872+0000] {processor.py:914} INFO - Processing file /home/airflow/.local/lib/python3.12/site-packages/airflow/example_dags/example_inlet_event_extra.py for tasks to queue
[2025-01-23T23:53:07.881+0000] {logging_mixin.py:190} INFO - [2025-01-23T23:53:07.879+0000] {dagbag.py:588} INFO - Filling up the DagBag from /home/airflow/.local/lib/python3.12/site-packages/airflow/example_dags/example_inlet_event_extra.py
[2025-01-23T23:53:08.323+0000] {processor.py:925} INFO - DAG(s) 'read_dataset_event', 'read_dataset_event_from_classic' retrieved from /home/airflow/.local/lib/python3.12/site-packages/airflow/example_dags/example_inlet_event_extra.py
[2025-01-23T23:53:08.341+0000] {logging_mixin.py:190} INFO - [2025-01-23T23:53:08.341+0000] {dag.py:3239} INFO - Sync 2 DAGs
[2025-01-23T23:53:08.367+0000] {logging_mixin.py:190} INFO - [2025-01-23T23:53:08.367+0000] {dag.py:4180} INFO - Setting next_dagrun for read_dataset_event to 2025-01-22 00:00:00+00:00, run_after=2025-01-23 00:00:00+00:00
[2025-01-23T23:53:08.373+0000] {logging_mixin.py:190} INFO - [2025-01-23T23:53:08.372+0000] {dag.py:4180} INFO - Setting next_dagrun for read_dataset_event_from_classic to 2025-01-22 00:00:00+00:00, run_after=2025-01-23 00:00:00+00:00
[2025-01-23T23:53:08.390+0000] {processor.py:208} INFO - Processing /home/airflow/.local/lib/python3.12/site-packages/airflow/example_dags/example_inlet_event_extra.py took 0.543 seconds
[2025-01-23T23:53:39.055+0000] {processor.py:186} INFO - Started process (PID=2278) to work on /home/airflow/.local/lib/python3.12/site-packages/airflow/example_dags/example_inlet_event_extra.py
[2025-01-23T23:53:39.057+0000] {processor.py:914} INFO - Processing file /home/airflow/.local/lib/python3.12/site-packages/airflow/example_dags/example_inlet_event_extra.py for tasks to queue
[2025-01-23T23:53:39.060+0000] {logging_mixin.py:190} INFO - [2025-01-23T23:53:39.060+0000] {dagbag.py:588} INFO - Filling up the DagBag from /home/airflow/.local/lib/python3.12/site-packages/airflow/example_dags/example_inlet_event_extra.py
[2025-01-23T23:53:39.450+0000] {processor.py:925} INFO - DAG(s) 'read_dataset_event_from_classic', 'read_dataset_event' retrieved from /home/airflow/.local/lib/python3.12/site-packages/airflow/example_dags/example_inlet_event_extra.py
[2025-01-23T23:53:39.466+0000] {logging_mixin.py:190} INFO - [2025-01-23T23:53:39.465+0000] {dag.py:3239} INFO - Sync 2 DAGs
[2025-01-23T23:53:39.483+0000] {logging_mixin.py:190} INFO - [2025-01-23T23:53:39.482+0000] {dag.py:4180} INFO - Setting next_dagrun for read_dataset_event to 2025-01-22 00:00:00+00:00, run_after=2025-01-23 00:00:00+00:00
[2025-01-23T23:53:39.486+0000] {logging_mixin.py:190} INFO - [2025-01-23T23:53:39.486+0000] {dag.py:4180} INFO - Setting next_dagrun for read_dataset_event_from_classic to 2025-01-22 00:00:00+00:00, run_after=2025-01-23 00:00:00+00:00
[2025-01-23T23:53:39.503+0000] {processor.py:208} INFO - Processing /home/airflow/.local/lib/python3.12/site-packages/airflow/example_dags/example_inlet_event_extra.py took 0.457 seconds
[2025-01-23T23:54:09.900+0000] {processor.py:186} INFO - Started process (PID=2342) to work on /home/airflow/.local/lib/python3.12/site-packages/airflow/example_dags/example_inlet_event_extra.py
[2025-01-23T23:54:09.901+0000] {processor.py:914} INFO - Processing file /home/airflow/.local/lib/python3.12/site-packages/airflow/example_dags/example_inlet_event_extra.py for tasks to queue
[2025-01-23T23:54:09.904+0000] {logging_mixin.py:190} INFO - [2025-01-23T23:54:09.904+0000] {dagbag.py:588} INFO - Filling up the DagBag from /home/airflow/.local/lib/python3.12/site-packages/airflow/example_dags/example_inlet_event_extra.py
[2025-01-23T23:54:10.277+0000] {processor.py:925} INFO - DAG(s) 'read_dataset_event_from_classic', 'read_dataset_event' retrieved from /home/airflow/.local/lib/python3.12/site-packages/airflow/example_dags/example_inlet_event_extra.py
[2025-01-23T23:54:10.293+0000] {logging_mixin.py:190} INFO - [2025-01-23T23:54:10.292+0000] {dag.py:3239} INFO - Sync 2 DAGs
[2025-01-23T23:54:10.307+0000] {logging_mixin.py:190} INFO - [2025-01-23T23:54:10.307+0000] {dag.py:4180} INFO - Setting next_dagrun for read_dataset_event to 2025-01-22 00:00:00+00:00, run_after=2025-01-23 00:00:00+00:00
[2025-01-23T23:54:10.311+0000] {logging_mixin.py:190} INFO - [2025-01-23T23:54:10.310+0000] {dag.py:4180} INFO - Setting next_dagrun for read_dataset_event_from_classic to 2025-01-22 00:00:00+00:00, run_after=2025-01-23 00:00:00+00:00
[2025-01-23T23:54:10.324+0000] {processor.py:208} INFO - Processing /home/airflow/.local/lib/python3.12/site-packages/airflow/example_dags/example_inlet_event_extra.py took 0.433 seconds
[2025-01-23T23:54:41.169+0000] {processor.py:186} INFO - Started process (PID=2411) to work on /home/airflow/.local/lib/python3.12/site-packages/airflow/example_dags/example_inlet_event_extra.py
[2025-01-23T23:54:41.170+0000] {processor.py:914} INFO - Processing file /home/airflow/.local/lib/python3.12/site-packages/airflow/example_dags/example_inlet_event_extra.py for tasks to queue
[2025-01-23T23:54:41.173+0000] {logging_mixin.py:190} INFO - [2025-01-23T23:54:41.173+0000] {dagbag.py:588} INFO - Filling up the DagBag from /home/airflow/.local/lib/python3.12/site-packages/airflow/example_dags/example_inlet_event_extra.py
[2025-01-23T23:54:41.568+0000] {processor.py:925} INFO - DAG(s) 'read_dataset_event', 'read_dataset_event_from_classic' retrieved from /home/airflow/.local/lib/python3.12/site-packages/airflow/example_dags/example_inlet_event_extra.py
[2025-01-23T23:54:41.584+0000] {logging_mixin.py:190} INFO - [2025-01-23T23:54:41.583+0000] {dag.py:3239} INFO - Sync 2 DAGs
[2025-01-23T23:54:41.601+0000] {logging_mixin.py:190} INFO - [2025-01-23T23:54:41.601+0000] {dag.py:4180} INFO - Setting next_dagrun for read_dataset_event to 2025-01-22 00:00:00+00:00, run_after=2025-01-23 00:00:00+00:00
[2025-01-23T23:54:41.604+0000] {logging_mixin.py:190} INFO - [2025-01-23T23:54:41.604+0000] {dag.py:4180} INFO - Setting next_dagrun for read_dataset_event_from_classic to 2025-01-22 00:00:00+00:00, run_after=2025-01-23 00:00:00+00:00
[2025-01-23T23:54:41.617+0000] {processor.py:208} INFO - Processing /home/airflow/.local/lib/python3.12/site-packages/airflow/example_dags/example_inlet_event_extra.py took 0.458 seconds
[2025-01-23T23:55:11.694+0000] {processor.py:186} INFO - Started process (PID=2475) to work on /home/airflow/.local/lib/python3.12/site-packages/airflow/example_dags/example_inlet_event_extra.py
[2025-01-23T23:55:11.695+0000] {processor.py:914} INFO - Processing file /home/airflow/.local/lib/python3.12/site-packages/airflow/example_dags/example_inlet_event_extra.py for tasks to queue
[2025-01-23T23:55:11.697+0000] {logging_mixin.py:190} INFO - [2025-01-23T23:55:11.697+0000] {dagbag.py:588} INFO - Filling up the DagBag from /home/airflow/.local/lib/python3.12/site-packages/airflow/example_dags/example_inlet_event_extra.py
[2025-01-23T23:55:12.281+0000] {processor.py:925} INFO - DAG(s) 'read_dataset_event_from_classic', 'read_dataset_event' retrieved from /home/airflow/.local/lib/python3.12/site-packages/airflow/example_dags/example_inlet_event_extra.py
[2025-01-23T23:55:12.297+0000] {logging_mixin.py:190} INFO - [2025-01-23T23:55:12.297+0000] {dag.py:3239} INFO - Sync 2 DAGs
[2025-01-23T23:55:12.319+0000] {logging_mixin.py:190} INFO - [2025-01-23T23:55:12.319+0000] {dag.py:4180} INFO - Setting next_dagrun for read_dataset_event to 2025-01-22 00:00:00+00:00, run_after=2025-01-23 00:00:00+00:00
[2025-01-23T23:55:12.325+0000] {logging_mixin.py:190} INFO - [2025-01-23T23:55:12.324+0000] {dag.py:4180} INFO - Setting next_dagrun for read_dataset_event_from_classic to 2025-01-22 00:00:00+00:00, run_after=2025-01-23 00:00:00+00:00
[2025-01-23T23:55:12.343+0000] {processor.py:208} INFO - Processing /home/airflow/.local/lib/python3.12/site-packages/airflow/example_dags/example_inlet_event_extra.py took 0.659 seconds
[2025-01-23T23:55:42.659+0000] {processor.py:186} INFO - Started process (PID=2539) to work on /home/airflow/.local/lib/python3.12/site-packages/airflow/example_dags/example_inlet_event_extra.py
[2025-01-23T23:55:42.663+0000] {processor.py:914} INFO - Processing file /home/airflow/.local/lib/python3.12/site-packages/airflow/example_dags/example_inlet_event_extra.py for tasks to queue
[2025-01-23T23:55:42.669+0000] {logging_mixin.py:190} INFO - [2025-01-23T23:55:42.668+0000] {dagbag.py:588} INFO - Filling up the DagBag from /home/airflow/.local/lib/python3.12/site-packages/airflow/example_dags/example_inlet_event_extra.py
[2025-01-23T23:55:43.153+0000] {processor.py:925} INFO - DAG(s) 'read_dataset_event', 'read_dataset_event_from_classic' retrieved from /home/airflow/.local/lib/python3.12/site-packages/airflow/example_dags/example_inlet_event_extra.py
[2025-01-23T23:55:43.169+0000] {logging_mixin.py:190} INFO - [2025-01-23T23:55:43.168+0000] {dag.py:3239} INFO - Sync 2 DAGs
[2025-01-23T23:55:43.186+0000] {logging_mixin.py:190} INFO - [2025-01-23T23:55:43.186+0000] {dag.py:4180} INFO - Setting next_dagrun for read_dataset_event to 2025-01-22 00:00:00+00:00, run_after=2025-01-23 00:00:00+00:00
[2025-01-23T23:55:43.189+0000] {logging_mixin.py:190} INFO - [2025-01-23T23:55:43.189+0000] {dag.py:4180} INFO - Setting next_dagrun for read_dataset_event_from_classic to 2025-01-22 00:00:00+00:00, run_after=2025-01-23 00:00:00+00:00
[2025-01-23T23:55:43.202+0000] {processor.py:208} INFO - Processing /home/airflow/.local/lib/python3.12/site-packages/airflow/example_dags/example_inlet_event_extra.py took 0.561 seconds
[2025-01-23T23:56:13.615+0000] {processor.py:186} INFO - Started process (PID=2605) to work on /home/airflow/.local/lib/python3.12/site-packages/airflow/example_dags/example_inlet_event_extra.py
[2025-01-23T23:56:13.616+0000] {processor.py:914} INFO - Processing file /home/airflow/.local/lib/python3.12/site-packages/airflow/example_dags/example_inlet_event_extra.py for tasks to queue
[2025-01-23T23:56:13.617+0000] {logging_mixin.py:190} INFO - [2025-01-23T23:56:13.617+0000] {dagbag.py:588} INFO - Filling up the DagBag from /home/airflow/.local/lib/python3.12/site-packages/airflow/example_dags/example_inlet_event_extra.py
[2025-01-23T23:56:14.075+0000] {processor.py:925} INFO - DAG(s) 'read_dataset_event_from_classic', 'read_dataset_event' retrieved from /home/airflow/.local/lib/python3.12/site-packages/airflow/example_dags/example_inlet_event_extra.py
[2025-01-23T23:56:14.102+0000] {logging_mixin.py:190} INFO - [2025-01-23T23:56:14.102+0000] {dag.py:3239} INFO - Sync 2 DAGs
[2025-01-23T23:56:14.128+0000] {logging_mixin.py:190} INFO - [2025-01-23T23:56:14.128+0000] {dag.py:4180} INFO - Setting next_dagrun for read_dataset_event to 2025-01-22 00:00:00+00:00, run_after=2025-01-23 00:00:00+00:00
[2025-01-23T23:56:14.134+0000] {logging_mixin.py:190} INFO - [2025-01-23T23:56:14.134+0000] {dag.py:4180} INFO - Setting next_dagrun for read_dataset_event_from_classic to 2025-01-22 00:00:00+00:00, run_after=2025-01-23 00:00:00+00:00
[2025-01-23T23:56:14.150+0000] {processor.py:208} INFO - Processing /home/airflow/.local/lib/python3.12/site-packages/airflow/example_dags/example_inlet_event_extra.py took 0.541 seconds
[2025-01-23T23:56:44.614+0000] {processor.py:186} INFO - Started process (PID=2670) to work on /home/airflow/.local/lib/python3.12/site-packages/airflow/example_dags/example_inlet_event_extra.py
[2025-01-23T23:56:44.615+0000] {processor.py:914} INFO - Processing file /home/airflow/.local/lib/python3.12/site-packages/airflow/example_dags/example_inlet_event_extra.py for tasks to queue
[2025-01-23T23:56:44.617+0000] {logging_mixin.py:190} INFO - [2025-01-23T23:56:44.616+0000] {dagbag.py:588} INFO - Filling up the DagBag from /home/airflow/.local/lib/python3.12/site-packages/airflow/example_dags/example_inlet_event_extra.py
[2025-01-23T23:56:45.026+0000] {processor.py:925} INFO - DAG(s) 'read_dataset_event', 'read_dataset_event_from_classic' retrieved from /home/airflow/.local/lib/python3.12/site-packages/airflow/example_dags/example_inlet_event_extra.py
[2025-01-23T23:56:45.048+0000] {logging_mixin.py:190} INFO - [2025-01-23T23:56:45.047+0000] {dag.py:3239} INFO - Sync 2 DAGs
[2025-01-23T23:56:45.079+0000] {logging_mixin.py:190} INFO - [2025-01-23T23:56:45.079+0000] {dag.py:4180} INFO - Setting next_dagrun for read_dataset_event to 2025-01-22 00:00:00+00:00, run_after=2025-01-23 00:00:00+00:00
[2025-01-23T23:56:45.089+0000] {logging_mixin.py:190} INFO - [2025-01-23T23:56:45.089+0000] {dag.py:4180} INFO - Setting next_dagrun for read_dataset_event_from_classic to 2025-01-22 00:00:00+00:00, run_after=2025-01-23 00:00:00+00:00
[2025-01-23T23:56:45.116+0000] {processor.py:208} INFO - Processing /home/airflow/.local/lib/python3.12/site-packages/airflow/example_dags/example_inlet_event_extra.py took 0.508 seconds
[2025-01-23T23:57:16.014+0000] {processor.py:186} INFO - Started process (PID=2735) to work on /home/airflow/.local/lib/python3.12/site-packages/airflow/example_dags/example_inlet_event_extra.py
[2025-01-23T23:57:16.016+0000] {processor.py:914} INFO - Processing file /home/airflow/.local/lib/python3.12/site-packages/airflow/example_dags/example_inlet_event_extra.py for tasks to queue
[2025-01-23T23:57:16.019+0000] {logging_mixin.py:190} INFO - [2025-01-23T23:57:16.019+0000] {dagbag.py:588} INFO - Filling up the DagBag from /home/airflow/.local/lib/python3.12/site-packages/airflow/example_dags/example_inlet_event_extra.py
[2025-01-23T23:57:16.417+0000] {processor.py:925} INFO - DAG(s) 'read_dataset_event_from_classic', 'read_dataset_event' retrieved from /home/airflow/.local/lib/python3.12/site-packages/airflow/example_dags/example_inlet_event_extra.py
[2025-01-23T23:57:16.434+0000] {logging_mixin.py:190} INFO - [2025-01-23T23:57:16.433+0000] {dag.py:3239} INFO - Sync 2 DAGs
[2025-01-23T23:57:16.454+0000] {logging_mixin.py:190} INFO - [2025-01-23T23:57:16.454+0000] {dag.py:4180} INFO - Setting next_dagrun for read_dataset_event to 2025-01-22 00:00:00+00:00, run_after=2025-01-23 00:00:00+00:00
[2025-01-23T23:57:16.458+0000] {logging_mixin.py:190} INFO - [2025-01-23T23:57:16.457+0000] {dag.py:4180} INFO - Setting next_dagrun for read_dataset_event_from_classic to 2025-01-22 00:00:00+00:00, run_after=2025-01-23 00:00:00+00:00
[2025-01-23T23:57:16.472+0000] {processor.py:208} INFO - Processing /home/airflow/.local/lib/python3.12/site-packages/airflow/example_dags/example_inlet_event_extra.py took 0.468 seconds
[2025-01-23T23:57:47.086+0000] {processor.py:186} INFO - Started process (PID=2800) to work on /home/airflow/.local/lib/python3.12/site-packages/airflow/example_dags/example_inlet_event_extra.py
[2025-01-23T23:57:47.087+0000] {processor.py:914} INFO - Processing file /home/airflow/.local/lib/python3.12/site-packages/airflow/example_dags/example_inlet_event_extra.py for tasks to queue
[2025-01-23T23:57:47.091+0000] {logging_mixin.py:190} INFO - [2025-01-23T23:57:47.090+0000] {dagbag.py:588} INFO - Filling up the DagBag from /home/airflow/.local/lib/python3.12/site-packages/airflow/example_dags/example_inlet_event_extra.py
[2025-01-23T23:57:47.569+0000] {processor.py:925} INFO - DAG(s) 'read_dataset_event', 'read_dataset_event_from_classic' retrieved from /home/airflow/.local/lib/python3.12/site-packages/airflow/example_dags/example_inlet_event_extra.py
[2025-01-23T23:57:47.587+0000] {logging_mixin.py:190} INFO - [2025-01-23T23:57:47.586+0000] {dag.py:3239} INFO - Sync 2 DAGs
[2025-01-23T23:57:47.606+0000] {logging_mixin.py:190} INFO - [2025-01-23T23:57:47.605+0000] {dag.py:4180} INFO - Setting next_dagrun for read_dataset_event to 2025-01-22 00:00:00+00:00, run_after=2025-01-23 00:00:00+00:00
[2025-01-23T23:57:47.610+0000] {logging_mixin.py:190} INFO - [2025-01-23T23:57:47.609+0000] {dag.py:4180} INFO - Setting next_dagrun for read_dataset_event_from_classic to 2025-01-22 00:00:00+00:00, run_after=2025-01-23 00:00:00+00:00
[2025-01-23T23:57:47.622+0000] {processor.py:208} INFO - Processing /home/airflow/.local/lib/python3.12/site-packages/airflow/example_dags/example_inlet_event_extra.py took 0.550 seconds
