[2025-01-23T23:34:59.760+0000] {processor.py:186} INFO - Started process (PID=106) to work on /home/airflow/.local/lib/python3.12/site-packages/airflow/example_dags/example_outlet_event_extra.py
[2025-01-23T23:34:59.761+0000] {processor.py:914} INFO - Processing file /home/airflow/.local/lib/python3.12/site-packages/airflow/example_dags/example_outlet_event_extra.py for tasks to queue
[2025-01-23T23:34:59.765+0000] {logging_mixin.py:190} INFO - [2025-01-23T23:34:59.764+0000] {dagbag.py:588} INFO - Filling up the DagBag from /home/airflow/.local/lib/python3.12/site-packages/airflow/example_dags/example_outlet_event_extra.py
[2025-01-23T23:35:00.437+0000] {processor.py:925} INFO - DAG(s) 'dataset_with_extra_from_classic_operator', 'dataset_with_extra_by_context', 'dataset_with_extra_by_yield' retrieved from /home/airflow/.local/lib/python3.12/site-packages/airflow/example_dags/example_outlet_event_extra.py
[2025-01-23T23:35:00.459+0000] {logging_mixin.py:190} INFO - [2025-01-23T23:35:00.459+0000] {dag.py:3239} INFO - Sync 3 DAGs
[2025-01-23T23:35:00.482+0000] {logging_mixin.py:190} INFO - [2025-01-23T23:35:00.482+0000] {dag.py:4180} INFO - Setting next_dagrun for dataset_with_extra_by_context to 2025-01-22 00:00:00+00:00, run_after=2025-01-23 00:00:00+00:00
[2025-01-23T23:35:00.487+0000] {logging_mixin.py:190} INFO - [2025-01-23T23:35:00.487+0000] {dag.py:4180} INFO - Setting next_dagrun for dataset_with_extra_by_yield to 2025-01-22 00:00:00+00:00, run_after=2025-01-23 00:00:00+00:00
[2025-01-23T23:35:00.490+0000] {logging_mixin.py:190} INFO - [2025-01-23T23:35:00.490+0000] {dag.py:4180} INFO - Setting next_dagrun for dataset_with_extra_from_classic_operator to 2025-01-22 00:00:00+00:00, run_after=2025-01-23 00:00:00+00:00
[2025-01-23T23:35:00.515+0000] {processor.py:208} INFO - Processing /home/airflow/.local/lib/python3.12/site-packages/airflow/example_dags/example_outlet_event_extra.py took 0.762 seconds
[2025-01-23T23:36:07.367+0000] {processor.py:186} INFO - Started process (PID=109) to work on /home/airflow/.local/lib/python3.12/site-packages/airflow/example_dags/example_outlet_event_extra.py
[2025-01-23T23:36:07.368+0000] {processor.py:914} INFO - Processing file /home/airflow/.local/lib/python3.12/site-packages/airflow/example_dags/example_outlet_event_extra.py for tasks to queue
[2025-01-23T23:36:07.370+0000] {logging_mixin.py:190} INFO - [2025-01-23T23:36:07.369+0000] {dagbag.py:588} INFO - Filling up the DagBag from /home/airflow/.local/lib/python3.12/site-packages/airflow/example_dags/example_outlet_event_extra.py
[2025-01-23T23:36:07.802+0000] {processor.py:925} INFO - DAG(s) 'dataset_with_extra_by_yield', 'dataset_with_extra_by_context', 'dataset_with_extra_from_classic_operator' retrieved from /home/airflow/.local/lib/python3.12/site-packages/airflow/example_dags/example_outlet_event_extra.py
[2025-01-23T23:36:07.826+0000] {logging_mixin.py:190} INFO - [2025-01-23T23:36:07.826+0000] {dag.py:3239} INFO - Sync 3 DAGs
[2025-01-23T23:36:07.848+0000] {logging_mixin.py:190} INFO - [2025-01-23T23:36:07.847+0000] {dag.py:4180} INFO - Setting next_dagrun for dataset_with_extra_by_context to 2025-01-22 00:00:00+00:00, run_after=2025-01-23 00:00:00+00:00
[2025-01-23T23:36:07.851+0000] {logging_mixin.py:190} INFO - [2025-01-23T23:36:07.851+0000] {dag.py:4180} INFO - Setting next_dagrun for dataset_with_extra_by_yield to 2025-01-22 00:00:00+00:00, run_after=2025-01-23 00:00:00+00:00
[2025-01-23T23:36:07.854+0000] {logging_mixin.py:190} INFO - [2025-01-23T23:36:07.854+0000] {dag.py:4180} INFO - Setting next_dagrun for dataset_with_extra_from_classic_operator to 2025-01-22 00:00:00+00:00, run_after=2025-01-23 00:00:00+00:00
[2025-01-23T23:36:07.876+0000] {processor.py:208} INFO - Processing /home/airflow/.local/lib/python3.12/site-packages/airflow/example_dags/example_outlet_event_extra.py took 0.512 seconds
[2025-01-23T23:36:38.874+0000] {processor.py:186} INFO - Started process (PID=174) to work on /home/airflow/.local/lib/python3.12/site-packages/airflow/example_dags/example_outlet_event_extra.py
[2025-01-23T23:36:38.876+0000] {processor.py:914} INFO - Processing file /home/airflow/.local/lib/python3.12/site-packages/airflow/example_dags/example_outlet_event_extra.py for tasks to queue
[2025-01-23T23:36:38.880+0000] {logging_mixin.py:190} INFO - [2025-01-23T23:36:38.880+0000] {dagbag.py:588} INFO - Filling up the DagBag from /home/airflow/.local/lib/python3.12/site-packages/airflow/example_dags/example_outlet_event_extra.py
[2025-01-23T23:36:39.281+0000] {processor.py:925} INFO - DAG(s) 'dataset_with_extra_from_classic_operator', 'dataset_with_extra_by_yield', 'dataset_with_extra_by_context' retrieved from /home/airflow/.local/lib/python3.12/site-packages/airflow/example_dags/example_outlet_event_extra.py
[2025-01-23T23:36:39.297+0000] {logging_mixin.py:190} INFO - [2025-01-23T23:36:39.297+0000] {dag.py:3239} INFO - Sync 3 DAGs
[2025-01-23T23:36:39.316+0000] {logging_mixin.py:190} INFO - [2025-01-23T23:36:39.316+0000] {dag.py:4180} INFO - Setting next_dagrun for dataset_with_extra_by_context to 2025-01-22 00:00:00+00:00, run_after=2025-01-23 00:00:00+00:00
[2025-01-23T23:36:39.321+0000] {logging_mixin.py:190} INFO - [2025-01-23T23:36:39.321+0000] {dag.py:4180} INFO - Setting next_dagrun for dataset_with_extra_by_yield to 2025-01-22 00:00:00+00:00, run_after=2025-01-23 00:00:00+00:00
[2025-01-23T23:36:39.324+0000] {logging_mixin.py:190} INFO - [2025-01-23T23:36:39.324+0000] {dag.py:4180} INFO - Setting next_dagrun for dataset_with_extra_from_classic_operator to 2025-01-22 00:00:00+00:00, run_after=2025-01-23 00:00:00+00:00
[2025-01-23T23:36:39.344+0000] {processor.py:208} INFO - Processing /home/airflow/.local/lib/python3.12/site-packages/airflow/example_dags/example_outlet_event_extra.py took 0.484 seconds
[2025-01-23T23:37:09.703+0000] {processor.py:186} INFO - Started process (PID=239) to work on /home/airflow/.local/lib/python3.12/site-packages/airflow/example_dags/example_outlet_event_extra.py
[2025-01-23T23:37:09.705+0000] {processor.py:914} INFO - Processing file /home/airflow/.local/lib/python3.12/site-packages/airflow/example_dags/example_outlet_event_extra.py for tasks to queue
[2025-01-23T23:37:09.709+0000] {logging_mixin.py:190} INFO - [2025-01-23T23:37:09.708+0000] {dagbag.py:588} INFO - Filling up the DagBag from /home/airflow/.local/lib/python3.12/site-packages/airflow/example_dags/example_outlet_event_extra.py
[2025-01-23T23:37:10.201+0000] {processor.py:925} INFO - DAG(s) 'dataset_with_extra_by_context', 'dataset_with_extra_from_classic_operator', 'dataset_with_extra_by_yield' retrieved from /home/airflow/.local/lib/python3.12/site-packages/airflow/example_dags/example_outlet_event_extra.py
[2025-01-23T23:37:10.221+0000] {logging_mixin.py:190} INFO - [2025-01-23T23:37:10.221+0000] {dag.py:3239} INFO - Sync 3 DAGs
[2025-01-23T23:37:10.242+0000] {logging_mixin.py:190} INFO - [2025-01-23T23:37:10.242+0000] {dag.py:4180} INFO - Setting next_dagrun for dataset_with_extra_by_context to 2025-01-22 00:00:00+00:00, run_after=2025-01-23 00:00:00+00:00
[2025-01-23T23:37:10.248+0000] {logging_mixin.py:190} INFO - [2025-01-23T23:37:10.248+0000] {dag.py:4180} INFO - Setting next_dagrun for dataset_with_extra_by_yield to 2025-01-22 00:00:00+00:00, run_after=2025-01-23 00:00:00+00:00
[2025-01-23T23:37:10.251+0000] {logging_mixin.py:190} INFO - [2025-01-23T23:37:10.250+0000] {dag.py:4180} INFO - Setting next_dagrun for dataset_with_extra_from_classic_operator to 2025-01-22 00:00:00+00:00, run_after=2025-01-23 00:00:00+00:00
[2025-01-23T23:37:10.271+0000] {processor.py:208} INFO - Processing /home/airflow/.local/lib/python3.12/site-packages/airflow/example_dags/example_outlet_event_extra.py took 0.583 seconds
[2025-01-23T23:37:40.545+0000] {processor.py:186} INFO - Started process (PID=303) to work on /home/airflow/.local/lib/python3.12/site-packages/airflow/example_dags/example_outlet_event_extra.py
[2025-01-23T23:37:40.546+0000] {processor.py:914} INFO - Processing file /home/airflow/.local/lib/python3.12/site-packages/airflow/example_dags/example_outlet_event_extra.py for tasks to queue
[2025-01-23T23:37:40.548+0000] {logging_mixin.py:190} INFO - [2025-01-23T23:37:40.547+0000] {dagbag.py:588} INFO - Filling up the DagBag from /home/airflow/.local/lib/python3.12/site-packages/airflow/example_dags/example_outlet_event_extra.py
[2025-01-23T23:37:41.364+0000] {processor.py:925} INFO - DAG(s) 'dataset_with_extra_by_context', 'dataset_with_extra_from_classic_operator', 'dataset_with_extra_by_yield' retrieved from /home/airflow/.local/lib/python3.12/site-packages/airflow/example_dags/example_outlet_event_extra.py
[2025-01-23T23:37:41.395+0000] {logging_mixin.py:190} INFO - [2025-01-23T23:37:41.395+0000] {dag.py:3239} INFO - Sync 3 DAGs
[2025-01-23T23:37:41.421+0000] {logging_mixin.py:190} INFO - [2025-01-23T23:37:41.420+0000] {dag.py:4180} INFO - Setting next_dagrun for dataset_with_extra_by_context to 2025-01-22 00:00:00+00:00, run_after=2025-01-23 00:00:00+00:00
[2025-01-23T23:37:41.426+0000] {logging_mixin.py:190} INFO - [2025-01-23T23:37:41.426+0000] {dag.py:4180} INFO - Setting next_dagrun for dataset_with_extra_by_yield to 2025-01-22 00:00:00+00:00, run_after=2025-01-23 00:00:00+00:00
[2025-01-23T23:37:41.429+0000] {logging_mixin.py:190} INFO - [2025-01-23T23:37:41.429+0000] {dag.py:4180} INFO - Setting next_dagrun for dataset_with_extra_from_classic_operator to 2025-01-22 00:00:00+00:00, run_after=2025-01-23 00:00:00+00:00
[2025-01-23T23:37:41.453+0000] {processor.py:208} INFO - Processing /home/airflow/.local/lib/python3.12/site-packages/airflow/example_dags/example_outlet_event_extra.py took 0.915 seconds
[2025-01-23T23:38:11.702+0000] {processor.py:186} INFO - Started process (PID=367) to work on /home/airflow/.local/lib/python3.12/site-packages/airflow/example_dags/example_outlet_event_extra.py
[2025-01-23T23:38:11.703+0000] {processor.py:914} INFO - Processing file /home/airflow/.local/lib/python3.12/site-packages/airflow/example_dags/example_outlet_event_extra.py for tasks to queue
[2025-01-23T23:38:11.705+0000] {logging_mixin.py:190} INFO - [2025-01-23T23:38:11.705+0000] {dagbag.py:588} INFO - Filling up the DagBag from /home/airflow/.local/lib/python3.12/site-packages/airflow/example_dags/example_outlet_event_extra.py
[2025-01-23T23:38:12.153+0000] {processor.py:925} INFO - DAG(s) 'dataset_with_extra_from_classic_operator', 'dataset_with_extra_by_context', 'dataset_with_extra_by_yield' retrieved from /home/airflow/.local/lib/python3.12/site-packages/airflow/example_dags/example_outlet_event_extra.py
[2025-01-23T23:38:12.178+0000] {logging_mixin.py:190} INFO - [2025-01-23T23:38:12.177+0000] {dag.py:3239} INFO - Sync 3 DAGs
[2025-01-23T23:38:12.202+0000] {logging_mixin.py:190} INFO - [2025-01-23T23:38:12.202+0000] {dag.py:4180} INFO - Setting next_dagrun for dataset_with_extra_by_context to 2025-01-22 00:00:00+00:00, run_after=2025-01-23 00:00:00+00:00
[2025-01-23T23:38:12.207+0000] {logging_mixin.py:190} INFO - [2025-01-23T23:38:12.207+0000] {dag.py:4180} INFO - Setting next_dagrun for dataset_with_extra_by_yield to 2025-01-22 00:00:00+00:00, run_after=2025-01-23 00:00:00+00:00
[2025-01-23T23:38:12.210+0000] {logging_mixin.py:190} INFO - [2025-01-23T23:38:12.210+0000] {dag.py:4180} INFO - Setting next_dagrun for dataset_with_extra_from_classic_operator to 2025-01-22 00:00:00+00:00, run_after=2025-01-23 00:00:00+00:00
[2025-01-23T23:38:12.231+0000] {processor.py:208} INFO - Processing /home/airflow/.local/lib/python3.12/site-packages/airflow/example_dags/example_outlet_event_extra.py took 0.536 seconds
[2025-01-23T23:38:42.591+0000] {processor.py:186} INFO - Started process (PID=431) to work on /home/airflow/.local/lib/python3.12/site-packages/airflow/example_dags/example_outlet_event_extra.py
[2025-01-23T23:38:42.592+0000] {processor.py:914} INFO - Processing file /home/airflow/.local/lib/python3.12/site-packages/airflow/example_dags/example_outlet_event_extra.py for tasks to queue
[2025-01-23T23:38:42.595+0000] {logging_mixin.py:190} INFO - [2025-01-23T23:38:42.595+0000] {dagbag.py:588} INFO - Filling up the DagBag from /home/airflow/.local/lib/python3.12/site-packages/airflow/example_dags/example_outlet_event_extra.py
[2025-01-23T23:38:43.116+0000] {processor.py:925} INFO - DAG(s) 'dataset_with_extra_from_classic_operator', 'dataset_with_extra_by_context', 'dataset_with_extra_by_yield' retrieved from /home/airflow/.local/lib/python3.12/site-packages/airflow/example_dags/example_outlet_event_extra.py
[2025-01-23T23:38:43.137+0000] {logging_mixin.py:190} INFO - [2025-01-23T23:38:43.137+0000] {dag.py:3239} INFO - Sync 3 DAGs
[2025-01-23T23:38:43.162+0000] {logging_mixin.py:190} INFO - [2025-01-23T23:38:43.162+0000] {dag.py:4180} INFO - Setting next_dagrun for dataset_with_extra_by_context to 2025-01-22 00:00:00+00:00, run_after=2025-01-23 00:00:00+00:00
[2025-01-23T23:38:43.168+0000] {logging_mixin.py:190} INFO - [2025-01-23T23:38:43.168+0000] {dag.py:4180} INFO - Setting next_dagrun for dataset_with_extra_by_yield to 2025-01-22 00:00:00+00:00, run_after=2025-01-23 00:00:00+00:00
[2025-01-23T23:38:43.171+0000] {logging_mixin.py:190} INFO - [2025-01-23T23:38:43.171+0000] {dag.py:4180} INFO - Setting next_dagrun for dataset_with_extra_from_classic_operator to 2025-01-22 00:00:00+00:00, run_after=2025-01-23 00:00:00+00:00
[2025-01-23T23:38:43.192+0000] {processor.py:208} INFO - Processing /home/airflow/.local/lib/python3.12/site-packages/airflow/example_dags/example_outlet_event_extra.py took 0.608 seconds
[2025-01-23T23:39:13.281+0000] {processor.py:186} INFO - Started process (PID=496) to work on /home/airflow/.local/lib/python3.12/site-packages/airflow/example_dags/example_outlet_event_extra.py
[2025-01-23T23:39:13.283+0000] {processor.py:914} INFO - Processing file /home/airflow/.local/lib/python3.12/site-packages/airflow/example_dags/example_outlet_event_extra.py for tasks to queue
[2025-01-23T23:39:13.286+0000] {logging_mixin.py:190} INFO - [2025-01-23T23:39:13.285+0000] {dagbag.py:588} INFO - Filling up the DagBag from /home/airflow/.local/lib/python3.12/site-packages/airflow/example_dags/example_outlet_event_extra.py
[2025-01-23T23:39:13.827+0000] {processor.py:925} INFO - DAG(s) 'dataset_with_extra_by_yield', 'dataset_with_extra_from_classic_operator', 'dataset_with_extra_by_context' retrieved from /home/airflow/.local/lib/python3.12/site-packages/airflow/example_dags/example_outlet_event_extra.py
[2025-01-23T23:39:13.860+0000] {logging_mixin.py:190} INFO - [2025-01-23T23:39:13.860+0000] {dag.py:3239} INFO - Sync 3 DAGs
[2025-01-23T23:39:13.953+0000] {logging_mixin.py:190} INFO - [2025-01-23T23:39:13.952+0000] {dag.py:4180} INFO - Setting next_dagrun for dataset_with_extra_by_context to 2025-01-22 00:00:00+00:00, run_after=2025-01-23 00:00:00+00:00
[2025-01-23T23:39:13.967+0000] {logging_mixin.py:190} INFO - [2025-01-23T23:39:13.966+0000] {dag.py:4180} INFO - Setting next_dagrun for dataset_with_extra_by_yield to 2025-01-22 00:00:00+00:00, run_after=2025-01-23 00:00:00+00:00
[2025-01-23T23:39:13.976+0000] {logging_mixin.py:190} INFO - [2025-01-23T23:39:13.975+0000] {dag.py:4180} INFO - Setting next_dagrun for dataset_with_extra_from_classic_operator to 2025-01-22 00:00:00+00:00, run_after=2025-01-23 00:00:00+00:00
[2025-01-23T23:39:14.076+0000] {processor.py:208} INFO - Processing /home/airflow/.local/lib/python3.12/site-packages/airflow/example_dags/example_outlet_event_extra.py took 0.801 seconds
[2025-01-23T23:39:44.294+0000] {processor.py:186} INFO - Started process (PID=560) to work on /home/airflow/.local/lib/python3.12/site-packages/airflow/example_dags/example_outlet_event_extra.py
[2025-01-23T23:39:44.294+0000] {processor.py:914} INFO - Processing file /home/airflow/.local/lib/python3.12/site-packages/airflow/example_dags/example_outlet_event_extra.py for tasks to queue
[2025-01-23T23:39:44.297+0000] {logging_mixin.py:190} INFO - [2025-01-23T23:39:44.296+0000] {dagbag.py:588} INFO - Filling up the DagBag from /home/airflow/.local/lib/python3.12/site-packages/airflow/example_dags/example_outlet_event_extra.py
[2025-01-23T23:39:44.799+0000] {processor.py:925} INFO - DAG(s) 'dataset_with_extra_by_context', 'dataset_with_extra_from_classic_operator', 'dataset_with_extra_by_yield' retrieved from /home/airflow/.local/lib/python3.12/site-packages/airflow/example_dags/example_outlet_event_extra.py
[2025-01-23T23:39:44.824+0000] {logging_mixin.py:190} INFO - [2025-01-23T23:39:44.824+0000] {dag.py:3239} INFO - Sync 3 DAGs
[2025-01-23T23:39:44.850+0000] {logging_mixin.py:190} INFO - [2025-01-23T23:39:44.850+0000] {dag.py:4180} INFO - Setting next_dagrun for dataset_with_extra_by_context to 2025-01-22 00:00:00+00:00, run_after=2025-01-23 00:00:00+00:00
[2025-01-23T23:39:44.856+0000] {logging_mixin.py:190} INFO - [2025-01-23T23:39:44.856+0000] {dag.py:4180} INFO - Setting next_dagrun for dataset_with_extra_by_yield to 2025-01-22 00:00:00+00:00, run_after=2025-01-23 00:00:00+00:00
[2025-01-23T23:39:44.859+0000] {logging_mixin.py:190} INFO - [2025-01-23T23:39:44.859+0000] {dag.py:4180} INFO - Setting next_dagrun for dataset_with_extra_from_classic_operator to 2025-01-22 00:00:00+00:00, run_after=2025-01-23 00:00:00+00:00
[2025-01-23T23:39:44.883+0000] {processor.py:208} INFO - Processing /home/airflow/.local/lib/python3.12/site-packages/airflow/example_dags/example_outlet_event_extra.py took 0.594 seconds
[2025-01-23T23:40:15.406+0000] {processor.py:186} INFO - Started process (PID=628) to work on /home/airflow/.local/lib/python3.12/site-packages/airflow/example_dags/example_outlet_event_extra.py
[2025-01-23T23:40:15.416+0000] {processor.py:914} INFO - Processing file /home/airflow/.local/lib/python3.12/site-packages/airflow/example_dags/example_outlet_event_extra.py for tasks to queue
[2025-01-23T23:40:15.419+0000] {logging_mixin.py:190} INFO - [2025-01-23T23:40:15.418+0000] {dagbag.py:588} INFO - Filling up the DagBag from /home/airflow/.local/lib/python3.12/site-packages/airflow/example_dags/example_outlet_event_extra.py
[2025-01-23T23:40:15.872+0000] {processor.py:925} INFO - DAG(s) 'dataset_with_extra_by_context', 'dataset_with_extra_from_classic_operator', 'dataset_with_extra_by_yield' retrieved from /home/airflow/.local/lib/python3.12/site-packages/airflow/example_dags/example_outlet_event_extra.py
[2025-01-23T23:40:15.903+0000] {logging_mixin.py:190} INFO - [2025-01-23T23:40:15.903+0000] {dag.py:3239} INFO - Sync 3 DAGs
[2025-01-23T23:40:15.931+0000] {logging_mixin.py:190} INFO - [2025-01-23T23:40:15.931+0000] {dag.py:4180} INFO - Setting next_dagrun for dataset_with_extra_by_context to 2025-01-22 00:00:00+00:00, run_after=2025-01-23 00:00:00+00:00
[2025-01-23T23:40:15.938+0000] {logging_mixin.py:190} INFO - [2025-01-23T23:40:15.938+0000] {dag.py:4180} INFO - Setting next_dagrun for dataset_with_extra_by_yield to 2025-01-22 00:00:00+00:00, run_after=2025-01-23 00:00:00+00:00
[2025-01-23T23:40:15.941+0000] {logging_mixin.py:190} INFO - [2025-01-23T23:40:15.941+0000] {dag.py:4180} INFO - Setting next_dagrun for dataset_with_extra_from_classic_operator to 2025-01-22 00:00:00+00:00, run_after=2025-01-23 00:00:00+00:00
[2025-01-23T23:40:15.970+0000] {processor.py:208} INFO - Processing /home/airflow/.local/lib/python3.12/site-packages/airflow/example_dags/example_outlet_event_extra.py took 0.569 seconds
[2025-01-23T23:40:46.934+0000] {processor.py:186} INFO - Started process (PID=694) to work on /home/airflow/.local/lib/python3.12/site-packages/airflow/example_dags/example_outlet_event_extra.py
[2025-01-23T23:40:46.938+0000] {processor.py:914} INFO - Processing file /home/airflow/.local/lib/python3.12/site-packages/airflow/example_dags/example_outlet_event_extra.py for tasks to queue
[2025-01-23T23:40:46.943+0000] {logging_mixin.py:190} INFO - [2025-01-23T23:40:46.942+0000] {dagbag.py:588} INFO - Filling up the DagBag from /home/airflow/.local/lib/python3.12/site-packages/airflow/example_dags/example_outlet_event_extra.py
[2025-01-23T23:40:47.347+0000] {processor.py:925} INFO - DAG(s) 'dataset_with_extra_by_context', 'dataset_with_extra_from_classic_operator', 'dataset_with_extra_by_yield' retrieved from /home/airflow/.local/lib/python3.12/site-packages/airflow/example_dags/example_outlet_event_extra.py
[2025-01-23T23:40:47.364+0000] {logging_mixin.py:190} INFO - [2025-01-23T23:40:47.363+0000] {dag.py:3239} INFO - Sync 3 DAGs
[2025-01-23T23:40:47.381+0000] {logging_mixin.py:190} INFO - [2025-01-23T23:40:47.381+0000] {dag.py:4180} INFO - Setting next_dagrun for dataset_with_extra_by_context to 2025-01-22 00:00:00+00:00, run_after=2025-01-23 00:00:00+00:00
[2025-01-23T23:40:47.385+0000] {logging_mixin.py:190} INFO - [2025-01-23T23:40:47.384+0000] {dag.py:4180} INFO - Setting next_dagrun for dataset_with_extra_by_yield to 2025-01-22 00:00:00+00:00, run_after=2025-01-23 00:00:00+00:00
[2025-01-23T23:40:47.386+0000] {logging_mixin.py:190} INFO - [2025-01-23T23:40:47.386+0000] {dag.py:4180} INFO - Setting next_dagrun for dataset_with_extra_from_classic_operator to 2025-01-22 00:00:00+00:00, run_after=2025-01-23 00:00:00+00:00
[2025-01-23T23:40:47.402+0000] {processor.py:208} INFO - Processing /home/airflow/.local/lib/python3.12/site-packages/airflow/example_dags/example_outlet_event_extra.py took 0.481 seconds
[2025-01-23T23:41:17.934+0000] {processor.py:186} INFO - Started process (PID=758) to work on /home/airflow/.local/lib/python3.12/site-packages/airflow/example_dags/example_outlet_event_extra.py
[2025-01-23T23:41:17.936+0000] {processor.py:914} INFO - Processing file /home/airflow/.local/lib/python3.12/site-packages/airflow/example_dags/example_outlet_event_extra.py for tasks to queue
[2025-01-23T23:41:17.942+0000] {logging_mixin.py:190} INFO - [2025-01-23T23:41:17.941+0000] {dagbag.py:588} INFO - Filling up the DagBag from /home/airflow/.local/lib/python3.12/site-packages/airflow/example_dags/example_outlet_event_extra.py
[2025-01-23T23:41:18.351+0000] {processor.py:925} INFO - DAG(s) 'dataset_with_extra_from_classic_operator', 'dataset_with_extra_by_yield', 'dataset_with_extra_by_context' retrieved from /home/airflow/.local/lib/python3.12/site-packages/airflow/example_dags/example_outlet_event_extra.py
[2025-01-23T23:41:18.371+0000] {logging_mixin.py:190} INFO - [2025-01-23T23:41:18.371+0000] {dag.py:3239} INFO - Sync 3 DAGs
[2025-01-23T23:41:18.394+0000] {logging_mixin.py:190} INFO - [2025-01-23T23:41:18.394+0000] {dag.py:4180} INFO - Setting next_dagrun for dataset_with_extra_by_context to 2025-01-22 00:00:00+00:00, run_after=2025-01-23 00:00:00+00:00
[2025-01-23T23:41:18.400+0000] {logging_mixin.py:190} INFO - [2025-01-23T23:41:18.400+0000] {dag.py:4180} INFO - Setting next_dagrun for dataset_with_extra_by_yield to 2025-01-22 00:00:00+00:00, run_after=2025-01-23 00:00:00+00:00
[2025-01-23T23:41:18.407+0000] {logging_mixin.py:190} INFO - [2025-01-23T23:41:18.406+0000] {dag.py:4180} INFO - Setting next_dagrun for dataset_with_extra_from_classic_operator to 2025-01-22 00:00:00+00:00, run_after=2025-01-23 00:00:00+00:00
[2025-01-23T23:41:18.434+0000] {processor.py:208} INFO - Processing /home/airflow/.local/lib/python3.12/site-packages/airflow/example_dags/example_outlet_event_extra.py took 0.510 seconds
[2025-01-23T23:41:48.709+0000] {processor.py:186} INFO - Started process (PID=822) to work on /home/airflow/.local/lib/python3.12/site-packages/airflow/example_dags/example_outlet_event_extra.py
[2025-01-23T23:41:48.710+0000] {processor.py:914} INFO - Processing file /home/airflow/.local/lib/python3.12/site-packages/airflow/example_dags/example_outlet_event_extra.py for tasks to queue
[2025-01-23T23:41:48.712+0000] {logging_mixin.py:190} INFO - [2025-01-23T23:41:48.712+0000] {dagbag.py:588} INFO - Filling up the DagBag from /home/airflow/.local/lib/python3.12/site-packages/airflow/example_dags/example_outlet_event_extra.py
[2025-01-23T23:41:49.072+0000] {processor.py:925} INFO - DAG(s) 'dataset_with_extra_by_context', 'dataset_with_extra_by_yield', 'dataset_with_extra_from_classic_operator' retrieved from /home/airflow/.local/lib/python3.12/site-packages/airflow/example_dags/example_outlet_event_extra.py
[2025-01-23T23:41:49.090+0000] {logging_mixin.py:190} INFO - [2025-01-23T23:41:49.089+0000] {dag.py:3239} INFO - Sync 3 DAGs
[2025-01-23T23:41:49.106+0000] {logging_mixin.py:190} INFO - [2025-01-23T23:41:49.106+0000] {dag.py:4180} INFO - Setting next_dagrun for dataset_with_extra_by_context to 2025-01-22 00:00:00+00:00, run_after=2025-01-23 00:00:00+00:00
[2025-01-23T23:41:49.109+0000] {logging_mixin.py:190} INFO - [2025-01-23T23:41:49.109+0000] {dag.py:4180} INFO - Setting next_dagrun for dataset_with_extra_by_yield to 2025-01-22 00:00:00+00:00, run_after=2025-01-23 00:00:00+00:00
[2025-01-23T23:41:49.111+0000] {logging_mixin.py:190} INFO - [2025-01-23T23:41:49.111+0000] {dag.py:4180} INFO - Setting next_dagrun for dataset_with_extra_from_classic_operator to 2025-01-22 00:00:00+00:00, run_after=2025-01-23 00:00:00+00:00
[2025-01-23T23:41:49.134+0000] {processor.py:208} INFO - Processing /home/airflow/.local/lib/python3.12/site-packages/airflow/example_dags/example_outlet_event_extra.py took 0.430 seconds
[2025-01-23T23:42:19.842+0000] {processor.py:186} INFO - Started process (PID=886) to work on /home/airflow/.local/lib/python3.12/site-packages/airflow/example_dags/example_outlet_event_extra.py
[2025-01-23T23:42:19.845+0000] {processor.py:914} INFO - Processing file /home/airflow/.local/lib/python3.12/site-packages/airflow/example_dags/example_outlet_event_extra.py for tasks to queue
[2025-01-23T23:42:19.849+0000] {logging_mixin.py:190} INFO - [2025-01-23T23:42:19.849+0000] {dagbag.py:588} INFO - Filling up the DagBag from /home/airflow/.local/lib/python3.12/site-packages/airflow/example_dags/example_outlet_event_extra.py
[2025-01-23T23:42:20.279+0000] {processor.py:925} INFO - DAG(s) 'dataset_with_extra_from_classic_operator', 'dataset_with_extra_by_context', 'dataset_with_extra_by_yield' retrieved from /home/airflow/.local/lib/python3.12/site-packages/airflow/example_dags/example_outlet_event_extra.py
[2025-01-23T23:42:20.302+0000] {logging_mixin.py:190} INFO - [2025-01-23T23:42:20.302+0000] {dag.py:3239} INFO - Sync 3 DAGs
[2025-01-23T23:42:20.331+0000] {logging_mixin.py:190} INFO - [2025-01-23T23:42:20.330+0000] {dag.py:4180} INFO - Setting next_dagrun for dataset_with_extra_by_context to 2025-01-22 00:00:00+00:00, run_after=2025-01-23 00:00:00+00:00
[2025-01-23T23:42:20.338+0000] {logging_mixin.py:190} INFO - [2025-01-23T23:42:20.338+0000] {dag.py:4180} INFO - Setting next_dagrun for dataset_with_extra_by_yield to 2025-01-22 00:00:00+00:00, run_after=2025-01-23 00:00:00+00:00
[2025-01-23T23:42:20.346+0000] {logging_mixin.py:190} INFO - [2025-01-23T23:42:20.345+0000] {dag.py:4180} INFO - Setting next_dagrun for dataset_with_extra_from_classic_operator to 2025-01-22 00:00:00+00:00, run_after=2025-01-23 00:00:00+00:00
[2025-01-23T23:42:20.374+0000] {processor.py:208} INFO - Processing /home/airflow/.local/lib/python3.12/site-packages/airflow/example_dags/example_outlet_event_extra.py took 0.545 seconds
[2025-01-23T23:42:50.435+0000] {processor.py:186} INFO - Started process (PID=950) to work on /home/airflow/.local/lib/python3.12/site-packages/airflow/example_dags/example_outlet_event_extra.py
[2025-01-23T23:42:50.439+0000] {processor.py:914} INFO - Processing file /home/airflow/.local/lib/python3.12/site-packages/airflow/example_dags/example_outlet_event_extra.py for tasks to queue
[2025-01-23T23:42:50.446+0000] {logging_mixin.py:190} INFO - [2025-01-23T23:42:50.445+0000] {dagbag.py:588} INFO - Filling up the DagBag from /home/airflow/.local/lib/python3.12/site-packages/airflow/example_dags/example_outlet_event_extra.py
[2025-01-23T23:42:50.806+0000] {processor.py:925} INFO - DAG(s) 'dataset_with_extra_from_classic_operator', 'dataset_with_extra_by_context', 'dataset_with_extra_by_yield' retrieved from /home/airflow/.local/lib/python3.12/site-packages/airflow/example_dags/example_outlet_event_extra.py
[2025-01-23T23:42:50.827+0000] {logging_mixin.py:190} INFO - [2025-01-23T23:42:50.826+0000] {dag.py:3239} INFO - Sync 3 DAGs
[2025-01-23T23:42:50.857+0000] {logging_mixin.py:190} INFO - [2025-01-23T23:42:50.857+0000] {dag.py:4180} INFO - Setting next_dagrun for dataset_with_extra_by_context to 2025-01-22 00:00:00+00:00, run_after=2025-01-23 00:00:00+00:00
[2025-01-23T23:42:50.862+0000] {logging_mixin.py:190} INFO - [2025-01-23T23:42:50.862+0000] {dag.py:4180} INFO - Setting next_dagrun for dataset_with_extra_by_yield to 2025-01-22 00:00:00+00:00, run_after=2025-01-23 00:00:00+00:00
[2025-01-23T23:42:50.867+0000] {logging_mixin.py:190} INFO - [2025-01-23T23:42:50.866+0000] {dag.py:4180} INFO - Setting next_dagrun for dataset_with_extra_from_classic_operator to 2025-01-22 00:00:00+00:00, run_after=2025-01-23 00:00:00+00:00
[2025-01-23T23:42:50.892+0000] {processor.py:208} INFO - Processing /home/airflow/.local/lib/python3.12/site-packages/airflow/example_dags/example_outlet_event_extra.py took 0.465 seconds
[2025-01-23T23:43:21.500+0000] {processor.py:186} INFO - Started process (PID=1014) to work on /home/airflow/.local/lib/python3.12/site-packages/airflow/example_dags/example_outlet_event_extra.py
[2025-01-23T23:43:21.502+0000] {processor.py:914} INFO - Processing file /home/airflow/.local/lib/python3.12/site-packages/airflow/example_dags/example_outlet_event_extra.py for tasks to queue
[2025-01-23T23:43:21.506+0000] {logging_mixin.py:190} INFO - [2025-01-23T23:43:21.505+0000] {dagbag.py:588} INFO - Filling up the DagBag from /home/airflow/.local/lib/python3.12/site-packages/airflow/example_dags/example_outlet_event_extra.py
[2025-01-23T23:43:21.893+0000] {processor.py:925} INFO - DAG(s) 'dataset_with_extra_by_context', 'dataset_with_extra_by_yield', 'dataset_with_extra_from_classic_operator' retrieved from /home/airflow/.local/lib/python3.12/site-packages/airflow/example_dags/example_outlet_event_extra.py
[2025-01-23T23:43:21.912+0000] {logging_mixin.py:190} INFO - [2025-01-23T23:43:21.912+0000] {dag.py:3239} INFO - Sync 3 DAGs
[2025-01-23T23:43:21.941+0000] {logging_mixin.py:190} INFO - [2025-01-23T23:43:21.941+0000] {dag.py:4180} INFO - Setting next_dagrun for dataset_with_extra_by_context to 2025-01-22 00:00:00+00:00, run_after=2025-01-23 00:00:00+00:00
[2025-01-23T23:43:21.950+0000] {logging_mixin.py:190} INFO - [2025-01-23T23:43:21.949+0000] {dag.py:4180} INFO - Setting next_dagrun for dataset_with_extra_by_yield to 2025-01-22 00:00:00+00:00, run_after=2025-01-23 00:00:00+00:00
[2025-01-23T23:43:21.954+0000] {logging_mixin.py:190} INFO - [2025-01-23T23:43:21.954+0000] {dag.py:4180} INFO - Setting next_dagrun for dataset_with_extra_from_classic_operator to 2025-01-22 00:00:00+00:00, run_after=2025-01-23 00:00:00+00:00
[2025-01-23T23:43:21.985+0000] {processor.py:208} INFO - Processing /home/airflow/.local/lib/python3.12/site-packages/airflow/example_dags/example_outlet_event_extra.py took 0.496 seconds
[2025-01-23T23:43:52.304+0000] {processor.py:186} INFO - Started process (PID=1078) to work on /home/airflow/.local/lib/python3.12/site-packages/airflow/example_dags/example_outlet_event_extra.py
[2025-01-23T23:43:52.307+0000] {processor.py:914} INFO - Processing file /home/airflow/.local/lib/python3.12/site-packages/airflow/example_dags/example_outlet_event_extra.py for tasks to queue
[2025-01-23T23:43:52.312+0000] {logging_mixin.py:190} INFO - [2025-01-23T23:43:52.311+0000] {dagbag.py:588} INFO - Filling up the DagBag from /home/airflow/.local/lib/python3.12/site-packages/airflow/example_dags/example_outlet_event_extra.py
[2025-01-23T23:43:52.712+0000] {processor.py:925} INFO - DAG(s) 'dataset_with_extra_by_yield', 'dataset_with_extra_by_context', 'dataset_with_extra_from_classic_operator' retrieved from /home/airflow/.local/lib/python3.12/site-packages/airflow/example_dags/example_outlet_event_extra.py
[2025-01-23T23:43:52.732+0000] {logging_mixin.py:190} INFO - [2025-01-23T23:43:52.732+0000] {dag.py:3239} INFO - Sync 3 DAGs
[2025-01-23T23:43:52.749+0000] {logging_mixin.py:190} INFO - [2025-01-23T23:43:52.749+0000] {dag.py:4180} INFO - Setting next_dagrun for dataset_with_extra_by_context to 2025-01-22 00:00:00+00:00, run_after=2025-01-23 00:00:00+00:00
[2025-01-23T23:43:52.752+0000] {logging_mixin.py:190} INFO - [2025-01-23T23:43:52.752+0000] {dag.py:4180} INFO - Setting next_dagrun for dataset_with_extra_by_yield to 2025-01-22 00:00:00+00:00, run_after=2025-01-23 00:00:00+00:00
[2025-01-23T23:43:52.754+0000] {logging_mixin.py:190} INFO - [2025-01-23T23:43:52.754+0000] {dag.py:4180} INFO - Setting next_dagrun for dataset_with_extra_from_classic_operator to 2025-01-22 00:00:00+00:00, run_after=2025-01-23 00:00:00+00:00
[2025-01-23T23:43:52.769+0000] {processor.py:208} INFO - Processing /home/airflow/.local/lib/python3.12/site-packages/airflow/example_dags/example_outlet_event_extra.py took 0.476 seconds
[2025-01-23T23:44:23.330+0000] {processor.py:186} INFO - Started process (PID=1142) to work on /home/airflow/.local/lib/python3.12/site-packages/airflow/example_dags/example_outlet_event_extra.py
[2025-01-23T23:44:23.333+0000] {processor.py:914} INFO - Processing file /home/airflow/.local/lib/python3.12/site-packages/airflow/example_dags/example_outlet_event_extra.py for tasks to queue
[2025-01-23T23:44:23.336+0000] {logging_mixin.py:190} INFO - [2025-01-23T23:44:23.336+0000] {dagbag.py:588} INFO - Filling up the DagBag from /home/airflow/.local/lib/python3.12/site-packages/airflow/example_dags/example_outlet_event_extra.py
[2025-01-23T23:44:23.722+0000] {processor.py:925} INFO - DAG(s) 'dataset_with_extra_by_yield', 'dataset_with_extra_by_context', 'dataset_with_extra_from_classic_operator' retrieved from /home/airflow/.local/lib/python3.12/site-packages/airflow/example_dags/example_outlet_event_extra.py
[2025-01-23T23:44:23.745+0000] {logging_mixin.py:190} INFO - [2025-01-23T23:44:23.744+0000] {dag.py:3239} INFO - Sync 3 DAGs
[2025-01-23T23:44:23.773+0000] {logging_mixin.py:190} INFO - [2025-01-23T23:44:23.773+0000] {dag.py:4180} INFO - Setting next_dagrun for dataset_with_extra_by_context to 2025-01-22 00:00:00+00:00, run_after=2025-01-23 00:00:00+00:00
[2025-01-23T23:44:23.779+0000] {logging_mixin.py:190} INFO - [2025-01-23T23:44:23.778+0000] {dag.py:4180} INFO - Setting next_dagrun for dataset_with_extra_by_yield to 2025-01-22 00:00:00+00:00, run_after=2025-01-23 00:00:00+00:00
[2025-01-23T23:44:23.782+0000] {logging_mixin.py:190} INFO - [2025-01-23T23:44:23.782+0000] {dag.py:4180} INFO - Setting next_dagrun for dataset_with_extra_from_classic_operator to 2025-01-22 00:00:00+00:00, run_after=2025-01-23 00:00:00+00:00
[2025-01-23T23:44:23.803+0000] {processor.py:208} INFO - Processing /home/airflow/.local/lib/python3.12/site-packages/airflow/example_dags/example_outlet_event_extra.py took 0.484 seconds
[2025-01-23T23:44:54.087+0000] {processor.py:186} INFO - Started process (PID=1206) to work on /home/airflow/.local/lib/python3.12/site-packages/airflow/example_dags/example_outlet_event_extra.py
[2025-01-23T23:44:54.090+0000] {processor.py:914} INFO - Processing file /home/airflow/.local/lib/python3.12/site-packages/airflow/example_dags/example_outlet_event_extra.py for tasks to queue
[2025-01-23T23:44:54.094+0000] {logging_mixin.py:190} INFO - [2025-01-23T23:44:54.094+0000] {dagbag.py:588} INFO - Filling up the DagBag from /home/airflow/.local/lib/python3.12/site-packages/airflow/example_dags/example_outlet_event_extra.py
[2025-01-23T23:44:54.489+0000] {processor.py:925} INFO - DAG(s) 'dataset_with_extra_by_yield', 'dataset_with_extra_by_context', 'dataset_with_extra_from_classic_operator' retrieved from /home/airflow/.local/lib/python3.12/site-packages/airflow/example_dags/example_outlet_event_extra.py
[2025-01-23T23:44:54.510+0000] {logging_mixin.py:190} INFO - [2025-01-23T23:44:54.510+0000] {dag.py:3239} INFO - Sync 3 DAGs
[2025-01-23T23:44:54.527+0000] {logging_mixin.py:190} INFO - [2025-01-23T23:44:54.527+0000] {dag.py:4180} INFO - Setting next_dagrun for dataset_with_extra_by_context to 2025-01-22 00:00:00+00:00, run_after=2025-01-23 00:00:00+00:00
[2025-01-23T23:44:54.531+0000] {logging_mixin.py:190} INFO - [2025-01-23T23:44:54.531+0000] {dag.py:4180} INFO - Setting next_dagrun for dataset_with_extra_by_yield to 2025-01-22 00:00:00+00:00, run_after=2025-01-23 00:00:00+00:00
[2025-01-23T23:44:54.534+0000] {logging_mixin.py:190} INFO - [2025-01-23T23:44:54.534+0000] {dag.py:4180} INFO - Setting next_dagrun for dataset_with_extra_from_classic_operator to 2025-01-22 00:00:00+00:00, run_after=2025-01-23 00:00:00+00:00
[2025-01-23T23:44:54.555+0000] {processor.py:208} INFO - Processing /home/airflow/.local/lib/python3.12/site-packages/airflow/example_dags/example_outlet_event_extra.py took 0.477 seconds
[2025-01-23T23:45:25.171+0000] {processor.py:186} INFO - Started process (PID=1270) to work on /home/airflow/.local/lib/python3.12/site-packages/airflow/example_dags/example_outlet_event_extra.py
[2025-01-23T23:45:25.175+0000] {processor.py:914} INFO - Processing file /home/airflow/.local/lib/python3.12/site-packages/airflow/example_dags/example_outlet_event_extra.py for tasks to queue
[2025-01-23T23:45:25.180+0000] {logging_mixin.py:190} INFO - [2025-01-23T23:45:25.179+0000] {dagbag.py:588} INFO - Filling up the DagBag from /home/airflow/.local/lib/python3.12/site-packages/airflow/example_dags/example_outlet_event_extra.py
[2025-01-23T23:45:25.568+0000] {processor.py:925} INFO - DAG(s) 'dataset_with_extra_from_classic_operator', 'dataset_with_extra_by_yield', 'dataset_with_extra_by_context' retrieved from /home/airflow/.local/lib/python3.12/site-packages/airflow/example_dags/example_outlet_event_extra.py
[2025-01-23T23:45:25.585+0000] {logging_mixin.py:190} INFO - [2025-01-23T23:45:25.584+0000] {dag.py:3239} INFO - Sync 3 DAGs
[2025-01-23T23:45:25.607+0000] {logging_mixin.py:190} INFO - [2025-01-23T23:45:25.607+0000] {dag.py:4180} INFO - Setting next_dagrun for dataset_with_extra_by_context to 2025-01-22 00:00:00+00:00, run_after=2025-01-23 00:00:00+00:00
[2025-01-23T23:45:25.613+0000] {logging_mixin.py:190} INFO - [2025-01-23T23:45:25.613+0000] {dag.py:4180} INFO - Setting next_dagrun for dataset_with_extra_by_yield to 2025-01-22 00:00:00+00:00, run_after=2025-01-23 00:00:00+00:00
[2025-01-23T23:45:25.618+0000] {logging_mixin.py:190} INFO - [2025-01-23T23:45:25.617+0000] {dag.py:4180} INFO - Setting next_dagrun for dataset_with_extra_from_classic_operator to 2025-01-22 00:00:00+00:00, run_after=2025-01-23 00:00:00+00:00
[2025-01-23T23:45:25.635+0000] {processor.py:208} INFO - Processing /home/airflow/.local/lib/python3.12/site-packages/airflow/example_dags/example_outlet_event_extra.py took 0.474 seconds
[2025-01-23T23:45:56.299+0000] {processor.py:186} INFO - Started process (PID=1334) to work on /home/airflow/.local/lib/python3.12/site-packages/airflow/example_dags/example_outlet_event_extra.py
[2025-01-23T23:45:56.303+0000] {processor.py:914} INFO - Processing file /home/airflow/.local/lib/python3.12/site-packages/airflow/example_dags/example_outlet_event_extra.py for tasks to queue
[2025-01-23T23:45:56.311+0000] {logging_mixin.py:190} INFO - [2025-01-23T23:45:56.310+0000] {dagbag.py:588} INFO - Filling up the DagBag from /home/airflow/.local/lib/python3.12/site-packages/airflow/example_dags/example_outlet_event_extra.py
[2025-01-23T23:45:56.706+0000] {processor.py:925} INFO - DAG(s) 'dataset_with_extra_by_yield', 'dataset_with_extra_by_context', 'dataset_with_extra_from_classic_operator' retrieved from /home/airflow/.local/lib/python3.12/site-packages/airflow/example_dags/example_outlet_event_extra.py
[2025-01-23T23:45:56.723+0000] {logging_mixin.py:190} INFO - [2025-01-23T23:45:56.722+0000] {dag.py:3239} INFO - Sync 3 DAGs
[2025-01-23T23:45:56.743+0000] {logging_mixin.py:190} INFO - [2025-01-23T23:45:56.743+0000] {dag.py:4180} INFO - Setting next_dagrun for dataset_with_extra_by_context to 2025-01-22 00:00:00+00:00, run_after=2025-01-23 00:00:00+00:00
[2025-01-23T23:45:56.747+0000] {logging_mixin.py:190} INFO - [2025-01-23T23:45:56.747+0000] {dag.py:4180} INFO - Setting next_dagrun for dataset_with_extra_by_yield to 2025-01-22 00:00:00+00:00, run_after=2025-01-23 00:00:00+00:00
[2025-01-23T23:45:56.749+0000] {logging_mixin.py:190} INFO - [2025-01-23T23:45:56.749+0000] {dag.py:4180} INFO - Setting next_dagrun for dataset_with_extra_from_classic_operator to 2025-01-22 00:00:00+00:00, run_after=2025-01-23 00:00:00+00:00
[2025-01-23T23:45:56.766+0000] {processor.py:208} INFO - Processing /home/airflow/.local/lib/python3.12/site-packages/airflow/example_dags/example_outlet_event_extra.py took 0.492 seconds
[2025-01-23T23:46:27.099+0000] {processor.py:186} INFO - Started process (PID=1398) to work on /home/airflow/.local/lib/python3.12/site-packages/airflow/example_dags/example_outlet_event_extra.py
[2025-01-23T23:46:27.102+0000] {processor.py:914} INFO - Processing file /home/airflow/.local/lib/python3.12/site-packages/airflow/example_dags/example_outlet_event_extra.py for tasks to queue
[2025-01-23T23:46:27.108+0000] {logging_mixin.py:190} INFO - [2025-01-23T23:46:27.107+0000] {dagbag.py:588} INFO - Filling up the DagBag from /home/airflow/.local/lib/python3.12/site-packages/airflow/example_dags/example_outlet_event_extra.py
[2025-01-23T23:46:27.644+0000] {processor.py:925} INFO - DAG(s) 'dataset_with_extra_by_context', 'dataset_with_extra_by_yield', 'dataset_with_extra_from_classic_operator' retrieved from /home/airflow/.local/lib/python3.12/site-packages/airflow/example_dags/example_outlet_event_extra.py
[2025-01-23T23:46:27.663+0000] {logging_mixin.py:190} INFO - [2025-01-23T23:46:27.662+0000] {dag.py:3239} INFO - Sync 3 DAGs
[2025-01-23T23:46:27.679+0000] {logging_mixin.py:190} INFO - [2025-01-23T23:46:27.678+0000] {dag.py:4180} INFO - Setting next_dagrun for dataset_with_extra_by_context to 2025-01-22 00:00:00+00:00, run_after=2025-01-23 00:00:00+00:00
[2025-01-23T23:46:27.684+0000] {logging_mixin.py:190} INFO - [2025-01-23T23:46:27.684+0000] {dag.py:4180} INFO - Setting next_dagrun for dataset_with_extra_by_yield to 2025-01-22 00:00:00+00:00, run_after=2025-01-23 00:00:00+00:00
[2025-01-23T23:46:27.687+0000] {logging_mixin.py:190} INFO - [2025-01-23T23:46:27.687+0000] {dag.py:4180} INFO - Setting next_dagrun for dataset_with_extra_from_classic_operator to 2025-01-22 00:00:00+00:00, run_after=2025-01-23 00:00:00+00:00
[2025-01-23T23:46:27.726+0000] {processor.py:208} INFO - Processing /home/airflow/.local/lib/python3.12/site-packages/airflow/example_dags/example_outlet_event_extra.py took 0.638 seconds
[2025-01-23T23:46:58.174+0000] {processor.py:186} INFO - Started process (PID=1462) to work on /home/airflow/.local/lib/python3.12/site-packages/airflow/example_dags/example_outlet_event_extra.py
[2025-01-23T23:46:58.176+0000] {processor.py:914} INFO - Processing file /home/airflow/.local/lib/python3.12/site-packages/airflow/example_dags/example_outlet_event_extra.py for tasks to queue
[2025-01-23T23:46:58.180+0000] {logging_mixin.py:190} INFO - [2025-01-23T23:46:58.180+0000] {dagbag.py:588} INFO - Filling up the DagBag from /home/airflow/.local/lib/python3.12/site-packages/airflow/example_dags/example_outlet_event_extra.py
[2025-01-23T23:46:58.613+0000] {processor.py:925} INFO - DAG(s) 'dataset_with_extra_by_yield', 'dataset_with_extra_by_context', 'dataset_with_extra_from_classic_operator' retrieved from /home/airflow/.local/lib/python3.12/site-packages/airflow/example_dags/example_outlet_event_extra.py
[2025-01-23T23:46:58.640+0000] {logging_mixin.py:190} INFO - [2025-01-23T23:46:58.639+0000] {dag.py:3239} INFO - Sync 3 DAGs
[2025-01-23T23:46:58.670+0000] {logging_mixin.py:190} INFO - [2025-01-23T23:46:58.669+0000] {dag.py:4180} INFO - Setting next_dagrun for dataset_with_extra_by_context to 2025-01-22 00:00:00+00:00, run_after=2025-01-23 00:00:00+00:00
[2025-01-23T23:46:58.675+0000] {logging_mixin.py:190} INFO - [2025-01-23T23:46:58.674+0000] {dag.py:4180} INFO - Setting next_dagrun for dataset_with_extra_by_yield to 2025-01-22 00:00:00+00:00, run_after=2025-01-23 00:00:00+00:00
[2025-01-23T23:46:58.678+0000] {logging_mixin.py:190} INFO - [2025-01-23T23:46:58.678+0000] {dag.py:4180} INFO - Setting next_dagrun for dataset_with_extra_from_classic_operator to 2025-01-22 00:00:00+00:00, run_after=2025-01-23 00:00:00+00:00
[2025-01-23T23:46:58.700+0000] {processor.py:208} INFO - Processing /home/airflow/.local/lib/python3.12/site-packages/airflow/example_dags/example_outlet_event_extra.py took 0.540 seconds
[2025-01-23T23:47:28.969+0000] {processor.py:186} INFO - Started process (PID=1526) to work on /home/airflow/.local/lib/python3.12/site-packages/airflow/example_dags/example_outlet_event_extra.py
[2025-01-23T23:47:28.972+0000] {processor.py:914} INFO - Processing file /home/airflow/.local/lib/python3.12/site-packages/airflow/example_dags/example_outlet_event_extra.py for tasks to queue
[2025-01-23T23:47:28.976+0000] {logging_mixin.py:190} INFO - [2025-01-23T23:47:28.975+0000] {dagbag.py:588} INFO - Filling up the DagBag from /home/airflow/.local/lib/python3.12/site-packages/airflow/example_dags/example_outlet_event_extra.py
[2025-01-23T23:47:29.374+0000] {processor.py:925} INFO - DAG(s) 'dataset_with_extra_by_context', 'dataset_with_extra_by_yield', 'dataset_with_extra_from_classic_operator' retrieved from /home/airflow/.local/lib/python3.12/site-packages/airflow/example_dags/example_outlet_event_extra.py
[2025-01-23T23:47:29.395+0000] {logging_mixin.py:190} INFO - [2025-01-23T23:47:29.394+0000] {dag.py:3239} INFO - Sync 3 DAGs
[2025-01-23T23:47:29.415+0000] {logging_mixin.py:190} INFO - [2025-01-23T23:47:29.415+0000] {dag.py:4180} INFO - Setting next_dagrun for dataset_with_extra_by_context to 2025-01-22 00:00:00+00:00, run_after=2025-01-23 00:00:00+00:00
[2025-01-23T23:47:29.420+0000] {logging_mixin.py:190} INFO - [2025-01-23T23:47:29.420+0000] {dag.py:4180} INFO - Setting next_dagrun for dataset_with_extra_by_yield to 2025-01-22 00:00:00+00:00, run_after=2025-01-23 00:00:00+00:00
[2025-01-23T23:47:29.423+0000] {logging_mixin.py:190} INFO - [2025-01-23T23:47:29.423+0000] {dag.py:4180} INFO - Setting next_dagrun for dataset_with_extra_from_classic_operator to 2025-01-22 00:00:00+00:00, run_after=2025-01-23 00:00:00+00:00
[2025-01-23T23:47:29.446+0000] {processor.py:208} INFO - Processing /home/airflow/.local/lib/python3.12/site-packages/airflow/example_dags/example_outlet_event_extra.py took 0.487 seconds
[2025-01-23T23:47:59.910+0000] {processor.py:186} INFO - Started process (PID=1590) to work on /home/airflow/.local/lib/python3.12/site-packages/airflow/example_dags/example_outlet_event_extra.py
[2025-01-23T23:47:59.914+0000] {processor.py:914} INFO - Processing file /home/airflow/.local/lib/python3.12/site-packages/airflow/example_dags/example_outlet_event_extra.py for tasks to queue
[2025-01-23T23:47:59.920+0000] {logging_mixin.py:190} INFO - [2025-01-23T23:47:59.919+0000] {dagbag.py:588} INFO - Filling up the DagBag from /home/airflow/.local/lib/python3.12/site-packages/airflow/example_dags/example_outlet_event_extra.py
[2025-01-23T23:48:00.302+0000] {processor.py:925} INFO - DAG(s) 'dataset_with_extra_from_classic_operator', 'dataset_with_extra_by_yield', 'dataset_with_extra_by_context' retrieved from /home/airflow/.local/lib/python3.12/site-packages/airflow/example_dags/example_outlet_event_extra.py
[2025-01-23T23:48:00.320+0000] {logging_mixin.py:190} INFO - [2025-01-23T23:48:00.320+0000] {dag.py:3239} INFO - Sync 3 DAGs
[2025-01-23T23:48:00.337+0000] {logging_mixin.py:190} INFO - [2025-01-23T23:48:00.336+0000] {dag.py:4180} INFO - Setting next_dagrun for dataset_with_extra_by_context to 2025-01-22 00:00:00+00:00, run_after=2025-01-23 00:00:00+00:00
[2025-01-23T23:48:00.340+0000] {logging_mixin.py:190} INFO - [2025-01-23T23:48:00.339+0000] {dag.py:4180} INFO - Setting next_dagrun for dataset_with_extra_by_yield to 2025-01-22 00:00:00+00:00, run_after=2025-01-23 00:00:00+00:00
[2025-01-23T23:48:00.341+0000] {logging_mixin.py:190} INFO - [2025-01-23T23:48:00.341+0000] {dag.py:4180} INFO - Setting next_dagrun for dataset_with_extra_from_classic_operator to 2025-01-22 00:00:00+00:00, run_after=2025-01-23 00:00:00+00:00
[2025-01-23T23:48:00.357+0000] {processor.py:208} INFO - Processing /home/airflow/.local/lib/python3.12/site-packages/airflow/example_dags/example_outlet_event_extra.py took 0.459 seconds
[2025-01-23T23:48:30.922+0000] {processor.py:186} INFO - Started process (PID=1654) to work on /home/airflow/.local/lib/python3.12/site-packages/airflow/example_dags/example_outlet_event_extra.py
[2025-01-23T23:48:30.925+0000] {processor.py:914} INFO - Processing file /home/airflow/.local/lib/python3.12/site-packages/airflow/example_dags/example_outlet_event_extra.py for tasks to queue
[2025-01-23T23:48:30.930+0000] {logging_mixin.py:190} INFO - [2025-01-23T23:48:30.929+0000] {dagbag.py:588} INFO - Filling up the DagBag from /home/airflow/.local/lib/python3.12/site-packages/airflow/example_dags/example_outlet_event_extra.py
[2025-01-23T23:48:31.324+0000] {processor.py:925} INFO - DAG(s) 'dataset_with_extra_by_context', 'dataset_with_extra_from_classic_operator', 'dataset_with_extra_by_yield' retrieved from /home/airflow/.local/lib/python3.12/site-packages/airflow/example_dags/example_outlet_event_extra.py
[2025-01-23T23:48:31.346+0000] {logging_mixin.py:190} INFO - [2025-01-23T23:48:31.346+0000] {dag.py:3239} INFO - Sync 3 DAGs
[2025-01-23T23:48:31.363+0000] {logging_mixin.py:190} INFO - [2025-01-23T23:48:31.362+0000] {dag.py:4180} INFO - Setting next_dagrun for dataset_with_extra_by_context to 2025-01-22 00:00:00+00:00, run_after=2025-01-23 00:00:00+00:00
[2025-01-23T23:48:31.368+0000] {logging_mixin.py:190} INFO - [2025-01-23T23:48:31.367+0000] {dag.py:4180} INFO - Setting next_dagrun for dataset_with_extra_by_yield to 2025-01-22 00:00:00+00:00, run_after=2025-01-23 00:00:00+00:00
[2025-01-23T23:48:31.372+0000] {logging_mixin.py:190} INFO - [2025-01-23T23:48:31.372+0000] {dag.py:4180} INFO - Setting next_dagrun for dataset_with_extra_from_classic_operator to 2025-01-22 00:00:00+00:00, run_after=2025-01-23 00:00:00+00:00
[2025-01-23T23:48:31.393+0000] {processor.py:208} INFO - Processing /home/airflow/.local/lib/python3.12/site-packages/airflow/example_dags/example_outlet_event_extra.py took 0.484 seconds
[2025-01-23T23:49:01.651+0000] {processor.py:186} INFO - Started process (PID=1718) to work on /home/airflow/.local/lib/python3.12/site-packages/airflow/example_dags/example_outlet_event_extra.py
[2025-01-23T23:49:01.654+0000] {processor.py:914} INFO - Processing file /home/airflow/.local/lib/python3.12/site-packages/airflow/example_dags/example_outlet_event_extra.py for tasks to queue
[2025-01-23T23:49:01.660+0000] {logging_mixin.py:190} INFO - [2025-01-23T23:49:01.659+0000] {dagbag.py:588} INFO - Filling up the DagBag from /home/airflow/.local/lib/python3.12/site-packages/airflow/example_dags/example_outlet_event_extra.py
[2025-01-23T23:49:02.078+0000] {processor.py:925} INFO - DAG(s) 'dataset_with_extra_by_context', 'dataset_with_extra_from_classic_operator', 'dataset_with_extra_by_yield' retrieved from /home/airflow/.local/lib/python3.12/site-packages/airflow/example_dags/example_outlet_event_extra.py
[2025-01-23T23:49:02.098+0000] {logging_mixin.py:190} INFO - [2025-01-23T23:49:02.098+0000] {dag.py:3239} INFO - Sync 3 DAGs
[2025-01-23T23:49:02.115+0000] {logging_mixin.py:190} INFO - [2025-01-23T23:49:02.115+0000] {dag.py:4180} INFO - Setting next_dagrun for dataset_with_extra_by_context to 2025-01-22 00:00:00+00:00, run_after=2025-01-23 00:00:00+00:00
[2025-01-23T23:49:02.119+0000] {logging_mixin.py:190} INFO - [2025-01-23T23:49:02.119+0000] {dag.py:4180} INFO - Setting next_dagrun for dataset_with_extra_by_yield to 2025-01-22 00:00:00+00:00, run_after=2025-01-23 00:00:00+00:00
[2025-01-23T23:49:02.121+0000] {logging_mixin.py:190} INFO - [2025-01-23T23:49:02.121+0000] {dag.py:4180} INFO - Setting next_dagrun for dataset_with_extra_from_classic_operator to 2025-01-22 00:00:00+00:00, run_after=2025-01-23 00:00:00+00:00
[2025-01-23T23:49:02.139+0000] {processor.py:208} INFO - Processing /home/airflow/.local/lib/python3.12/site-packages/airflow/example_dags/example_outlet_event_extra.py took 0.502 seconds
[2025-01-23T23:49:32.252+0000] {processor.py:186} INFO - Started process (PID=1782) to work on /home/airflow/.local/lib/python3.12/site-packages/airflow/example_dags/example_outlet_event_extra.py
[2025-01-23T23:49:32.255+0000] {processor.py:914} INFO - Processing file /home/airflow/.local/lib/python3.12/site-packages/airflow/example_dags/example_outlet_event_extra.py for tasks to queue
[2025-01-23T23:49:32.259+0000] {logging_mixin.py:190} INFO - [2025-01-23T23:49:32.258+0000] {dagbag.py:588} INFO - Filling up the DagBag from /home/airflow/.local/lib/python3.12/site-packages/airflow/example_dags/example_outlet_event_extra.py
[2025-01-23T23:49:32.672+0000] {processor.py:925} INFO - DAG(s) 'dataset_with_extra_from_classic_operator', 'dataset_with_extra_by_yield', 'dataset_with_extra_by_context' retrieved from /home/airflow/.local/lib/python3.12/site-packages/airflow/example_dags/example_outlet_event_extra.py
[2025-01-23T23:49:32.693+0000] {logging_mixin.py:190} INFO - [2025-01-23T23:49:32.693+0000] {dag.py:3239} INFO - Sync 3 DAGs
[2025-01-23T23:49:32.711+0000] {logging_mixin.py:190} INFO - [2025-01-23T23:49:32.711+0000] {dag.py:4180} INFO - Setting next_dagrun for dataset_with_extra_by_context to 2025-01-22 00:00:00+00:00, run_after=2025-01-23 00:00:00+00:00
[2025-01-23T23:49:32.715+0000] {logging_mixin.py:190} INFO - [2025-01-23T23:49:32.715+0000] {dag.py:4180} INFO - Setting next_dagrun for dataset_with_extra_by_yield to 2025-01-22 00:00:00+00:00, run_after=2025-01-23 00:00:00+00:00
[2025-01-23T23:49:32.717+0000] {logging_mixin.py:190} INFO - [2025-01-23T23:49:32.717+0000] {dag.py:4180} INFO - Setting next_dagrun for dataset_with_extra_from_classic_operator to 2025-01-22 00:00:00+00:00, run_after=2025-01-23 00:00:00+00:00
[2025-01-23T23:49:32.734+0000] {processor.py:208} INFO - Processing /home/airflow/.local/lib/python3.12/site-packages/airflow/example_dags/example_outlet_event_extra.py took 0.491 seconds
[2025-01-23T23:50:03.574+0000] {processor.py:186} INFO - Started process (PID=1846) to work on /home/airflow/.local/lib/python3.12/site-packages/airflow/example_dags/example_outlet_event_extra.py
[2025-01-23T23:50:03.577+0000] {processor.py:914} INFO - Processing file /home/airflow/.local/lib/python3.12/site-packages/airflow/example_dags/example_outlet_event_extra.py for tasks to queue
[2025-01-23T23:50:03.582+0000] {logging_mixin.py:190} INFO - [2025-01-23T23:50:03.581+0000] {dagbag.py:588} INFO - Filling up the DagBag from /home/airflow/.local/lib/python3.12/site-packages/airflow/example_dags/example_outlet_event_extra.py
[2025-01-23T23:50:03.974+0000] {processor.py:925} INFO - DAG(s) 'dataset_with_extra_from_classic_operator', 'dataset_with_extra_by_yield', 'dataset_with_extra_by_context' retrieved from /home/airflow/.local/lib/python3.12/site-packages/airflow/example_dags/example_outlet_event_extra.py
[2025-01-23T23:50:03.996+0000] {logging_mixin.py:190} INFO - [2025-01-23T23:50:03.996+0000] {dag.py:3239} INFO - Sync 3 DAGs
[2025-01-23T23:50:04.012+0000] {logging_mixin.py:190} INFO - [2025-01-23T23:50:04.012+0000] {dag.py:4180} INFO - Setting next_dagrun for dataset_with_extra_by_context to 2025-01-22 00:00:00+00:00, run_after=2025-01-23 00:00:00+00:00
[2025-01-23T23:50:04.015+0000] {logging_mixin.py:190} INFO - [2025-01-23T23:50:04.015+0000] {dag.py:4180} INFO - Setting next_dagrun for dataset_with_extra_by_yield to 2025-01-22 00:00:00+00:00, run_after=2025-01-23 00:00:00+00:00
[2025-01-23T23:50:04.017+0000] {logging_mixin.py:190} INFO - [2025-01-23T23:50:04.017+0000] {dag.py:4180} INFO - Setting next_dagrun for dataset_with_extra_from_classic_operator to 2025-01-22 00:00:00+00:00, run_after=2025-01-23 00:00:00+00:00
[2025-01-23T23:50:04.037+0000] {processor.py:208} INFO - Processing /home/airflow/.local/lib/python3.12/site-packages/airflow/example_dags/example_outlet_event_extra.py took 0.477 seconds
[2025-01-23T23:50:34.803+0000] {processor.py:186} INFO - Started process (PID=1910) to work on /home/airflow/.local/lib/python3.12/site-packages/airflow/example_dags/example_outlet_event_extra.py
[2025-01-23T23:50:34.806+0000] {processor.py:914} INFO - Processing file /home/airflow/.local/lib/python3.12/site-packages/airflow/example_dags/example_outlet_event_extra.py for tasks to queue
[2025-01-23T23:50:34.811+0000] {logging_mixin.py:190} INFO - [2025-01-23T23:50:34.810+0000] {dagbag.py:588} INFO - Filling up the DagBag from /home/airflow/.local/lib/python3.12/site-packages/airflow/example_dags/example_outlet_event_extra.py
[2025-01-23T23:50:35.210+0000] {processor.py:925} INFO - DAG(s) 'dataset_with_extra_from_classic_operator', 'dataset_with_extra_by_yield', 'dataset_with_extra_by_context' retrieved from /home/airflow/.local/lib/python3.12/site-packages/airflow/example_dags/example_outlet_event_extra.py
[2025-01-23T23:50:35.230+0000] {logging_mixin.py:190} INFO - [2025-01-23T23:50:35.230+0000] {dag.py:3239} INFO - Sync 3 DAGs
[2025-01-23T23:50:35.255+0000] {logging_mixin.py:190} INFO - [2025-01-23T23:50:35.255+0000] {dag.py:4180} INFO - Setting next_dagrun for dataset_with_extra_by_context to 2025-01-22 00:00:00+00:00, run_after=2025-01-23 00:00:00+00:00
[2025-01-23T23:50:35.260+0000] {logging_mixin.py:190} INFO - [2025-01-23T23:50:35.260+0000] {dag.py:4180} INFO - Setting next_dagrun for dataset_with_extra_by_yield to 2025-01-22 00:00:00+00:00, run_after=2025-01-23 00:00:00+00:00
[2025-01-23T23:50:35.263+0000] {logging_mixin.py:190} INFO - [2025-01-23T23:50:35.263+0000] {dag.py:4180} INFO - Setting next_dagrun for dataset_with_extra_from_classic_operator to 2025-01-22 00:00:00+00:00, run_after=2025-01-23 00:00:00+00:00
[2025-01-23T23:50:35.282+0000] {processor.py:208} INFO - Processing /home/airflow/.local/lib/python3.12/site-packages/airflow/example_dags/example_outlet_event_extra.py took 0.491 seconds
[2025-01-23T23:51:05.890+0000] {processor.py:186} INFO - Started process (PID=1974) to work on /home/airflow/.local/lib/python3.12/site-packages/airflow/example_dags/example_outlet_event_extra.py
[2025-01-23T23:51:05.891+0000] {processor.py:914} INFO - Processing file /home/airflow/.local/lib/python3.12/site-packages/airflow/example_dags/example_outlet_event_extra.py for tasks to queue
[2025-01-23T23:51:05.894+0000] {logging_mixin.py:190} INFO - [2025-01-23T23:51:05.893+0000] {dagbag.py:588} INFO - Filling up the DagBag from /home/airflow/.local/lib/python3.12/site-packages/airflow/example_dags/example_outlet_event_extra.py
[2025-01-23T23:51:06.269+0000] {processor.py:925} INFO - DAG(s) 'dataset_with_extra_from_classic_operator', 'dataset_with_extra_by_context', 'dataset_with_extra_by_yield' retrieved from /home/airflow/.local/lib/python3.12/site-packages/airflow/example_dags/example_outlet_event_extra.py
[2025-01-23T23:51:06.291+0000] {logging_mixin.py:190} INFO - [2025-01-23T23:51:06.290+0000] {dag.py:3239} INFO - Sync 3 DAGs
[2025-01-23T23:51:06.331+0000] {logging_mixin.py:190} INFO - [2025-01-23T23:51:06.331+0000] {dag.py:4180} INFO - Setting next_dagrun for dataset_with_extra_by_context to 2025-01-22 00:00:00+00:00, run_after=2025-01-23 00:00:00+00:00
[2025-01-23T23:51:06.337+0000] {logging_mixin.py:190} INFO - [2025-01-23T23:51:06.337+0000] {dag.py:4180} INFO - Setting next_dagrun for dataset_with_extra_by_yield to 2025-01-22 00:00:00+00:00, run_after=2025-01-23 00:00:00+00:00
[2025-01-23T23:51:06.340+0000] {logging_mixin.py:190} INFO - [2025-01-23T23:51:06.340+0000] {dag.py:4180} INFO - Setting next_dagrun for dataset_with_extra_from_classic_operator to 2025-01-22 00:00:00+00:00, run_after=2025-01-23 00:00:00+00:00
[2025-01-23T23:51:06.360+0000] {processor.py:208} INFO - Processing /home/airflow/.local/lib/python3.12/site-packages/airflow/example_dags/example_outlet_event_extra.py took 0.474 seconds
[2025-01-23T23:51:36.709+0000] {processor.py:186} INFO - Started process (PID=2038) to work on /home/airflow/.local/lib/python3.12/site-packages/airflow/example_dags/example_outlet_event_extra.py
[2025-01-23T23:51:36.711+0000] {processor.py:914} INFO - Processing file /home/airflow/.local/lib/python3.12/site-packages/airflow/example_dags/example_outlet_event_extra.py for tasks to queue
[2025-01-23T23:51:36.718+0000] {logging_mixin.py:190} INFO - [2025-01-23T23:51:36.717+0000] {dagbag.py:588} INFO - Filling up the DagBag from /home/airflow/.local/lib/python3.12/site-packages/airflow/example_dags/example_outlet_event_extra.py
[2025-01-23T23:51:37.199+0000] {processor.py:925} INFO - DAG(s) 'dataset_with_extra_from_classic_operator', 'dataset_with_extra_by_context', 'dataset_with_extra_by_yield' retrieved from /home/airflow/.local/lib/python3.12/site-packages/airflow/example_dags/example_outlet_event_extra.py
[2025-01-23T23:51:37.213+0000] {logging_mixin.py:190} INFO - [2025-01-23T23:51:37.213+0000] {dag.py:3239} INFO - Sync 3 DAGs
[2025-01-23T23:51:37.229+0000] {logging_mixin.py:190} INFO - [2025-01-23T23:51:37.229+0000] {dag.py:4180} INFO - Setting next_dagrun for dataset_with_extra_by_context to 2025-01-22 00:00:00+00:00, run_after=2025-01-23 00:00:00+00:00
[2025-01-23T23:51:37.232+0000] {logging_mixin.py:190} INFO - [2025-01-23T23:51:37.231+0000] {dag.py:4180} INFO - Setting next_dagrun for dataset_with_extra_by_yield to 2025-01-22 00:00:00+00:00, run_after=2025-01-23 00:00:00+00:00
[2025-01-23T23:51:37.233+0000] {logging_mixin.py:190} INFO - [2025-01-23T23:51:37.233+0000] {dag.py:4180} INFO - Setting next_dagrun for dataset_with_extra_from_classic_operator to 2025-01-22 00:00:00+00:00, run_after=2025-01-23 00:00:00+00:00
[2025-01-23T23:51:37.255+0000] {processor.py:208} INFO - Processing /home/airflow/.local/lib/python3.12/site-packages/airflow/example_dags/example_outlet_event_extra.py took 0.559 seconds
[2025-01-23T23:52:07.563+0000] {processor.py:186} INFO - Started process (PID=2101) to work on /home/airflow/.local/lib/python3.12/site-packages/airflow/example_dags/example_outlet_event_extra.py
[2025-01-23T23:52:07.565+0000] {processor.py:914} INFO - Processing file /home/airflow/.local/lib/python3.12/site-packages/airflow/example_dags/example_outlet_event_extra.py for tasks to queue
[2025-01-23T23:52:07.568+0000] {logging_mixin.py:190} INFO - [2025-01-23T23:52:07.567+0000] {dagbag.py:588} INFO - Filling up the DagBag from /home/airflow/.local/lib/python3.12/site-packages/airflow/example_dags/example_outlet_event_extra.py
[2025-01-23T23:52:08.227+0000] {processor.py:925} INFO - DAG(s) 'dataset_with_extra_by_context', 'dataset_with_extra_from_classic_operator', 'dataset_with_extra_by_yield' retrieved from /home/airflow/.local/lib/python3.12/site-packages/airflow/example_dags/example_outlet_event_extra.py
[2025-01-23T23:52:08.254+0000] {logging_mixin.py:190} INFO - [2025-01-23T23:52:08.254+0000] {dag.py:3239} INFO - Sync 3 DAGs
[2025-01-23T23:52:08.281+0000] {logging_mixin.py:190} INFO - [2025-01-23T23:52:08.281+0000] {dag.py:4180} INFO - Setting next_dagrun for dataset_with_extra_by_context to 2025-01-22 00:00:00+00:00, run_after=2025-01-23 00:00:00+00:00
[2025-01-23T23:52:08.287+0000] {logging_mixin.py:190} INFO - [2025-01-23T23:52:08.287+0000] {dag.py:4180} INFO - Setting next_dagrun for dataset_with_extra_by_yield to 2025-01-22 00:00:00+00:00, run_after=2025-01-23 00:00:00+00:00
[2025-01-23T23:52:08.291+0000] {logging_mixin.py:190} INFO - [2025-01-23T23:52:08.291+0000] {dag.py:4180} INFO - Setting next_dagrun for dataset_with_extra_from_classic_operator to 2025-01-22 00:00:00+00:00, run_after=2025-01-23 00:00:00+00:00
[2025-01-23T23:52:08.317+0000] {processor.py:208} INFO - Processing /home/airflow/.local/lib/python3.12/site-packages/airflow/example_dags/example_outlet_event_extra.py took 0.762 seconds
[2025-01-23T23:52:38.966+0000] {processor.py:186} INFO - Started process (PID=2165) to work on /home/airflow/.local/lib/python3.12/site-packages/airflow/example_dags/example_outlet_event_extra.py
[2025-01-23T23:52:38.968+0000] {processor.py:914} INFO - Processing file /home/airflow/.local/lib/python3.12/site-packages/airflow/example_dags/example_outlet_event_extra.py for tasks to queue
[2025-01-23T23:52:38.973+0000] {logging_mixin.py:190} INFO - [2025-01-23T23:52:38.973+0000] {dagbag.py:588} INFO - Filling up the DagBag from /home/airflow/.local/lib/python3.12/site-packages/airflow/example_dags/example_outlet_event_extra.py
[2025-01-23T23:52:39.459+0000] {processor.py:925} INFO - DAG(s) 'dataset_with_extra_by_context', 'dataset_with_extra_by_yield', 'dataset_with_extra_from_classic_operator' retrieved from /home/airflow/.local/lib/python3.12/site-packages/airflow/example_dags/example_outlet_event_extra.py
[2025-01-23T23:52:39.486+0000] {logging_mixin.py:190} INFO - [2025-01-23T23:52:39.486+0000] {dag.py:3239} INFO - Sync 3 DAGs
[2025-01-23T23:52:39.513+0000] {logging_mixin.py:190} INFO - [2025-01-23T23:52:39.512+0000] {dag.py:4180} INFO - Setting next_dagrun for dataset_with_extra_by_context to 2025-01-22 00:00:00+00:00, run_after=2025-01-23 00:00:00+00:00
[2025-01-23T23:52:39.519+0000] {logging_mixin.py:190} INFO - [2025-01-23T23:52:39.519+0000] {dag.py:4180} INFO - Setting next_dagrun for dataset_with_extra_by_yield to 2025-01-22 00:00:00+00:00, run_after=2025-01-23 00:00:00+00:00
[2025-01-23T23:52:39.523+0000] {logging_mixin.py:190} INFO - [2025-01-23T23:52:39.523+0000] {dag.py:4180} INFO - Setting next_dagrun for dataset_with_extra_from_classic_operator to 2025-01-22 00:00:00+00:00, run_after=2025-01-23 00:00:00+00:00
[2025-01-23T23:52:39.550+0000] {processor.py:208} INFO - Processing /home/airflow/.local/lib/python3.12/site-packages/airflow/example_dags/example_outlet_event_extra.py took 0.598 seconds
[2025-01-23T23:53:10.497+0000] {processor.py:186} INFO - Started process (PID=2233) to work on /home/airflow/.local/lib/python3.12/site-packages/airflow/example_dags/example_outlet_event_extra.py
[2025-01-23T23:53:10.501+0000] {processor.py:914} INFO - Processing file /home/airflow/.local/lib/python3.12/site-packages/airflow/example_dags/example_outlet_event_extra.py for tasks to queue
[2025-01-23T23:53:10.509+0000] {logging_mixin.py:190} INFO - [2025-01-23T23:53:10.508+0000] {dagbag.py:588} INFO - Filling up the DagBag from /home/airflow/.local/lib/python3.12/site-packages/airflow/example_dags/example_outlet_event_extra.py
[2025-01-23T23:53:10.991+0000] {processor.py:925} INFO - DAG(s) 'dataset_with_extra_by_yield', 'dataset_with_extra_from_classic_operator', 'dataset_with_extra_by_context' retrieved from /home/airflow/.local/lib/python3.12/site-packages/airflow/example_dags/example_outlet_event_extra.py
[2025-01-23T23:53:11.011+0000] {logging_mixin.py:190} INFO - [2025-01-23T23:53:11.011+0000] {dag.py:3239} INFO - Sync 3 DAGs
[2025-01-23T23:53:11.031+0000] {logging_mixin.py:190} INFO - [2025-01-23T23:53:11.031+0000] {dag.py:4180} INFO - Setting next_dagrun for dataset_with_extra_by_context to 2025-01-22 00:00:00+00:00, run_after=2025-01-23 00:00:00+00:00
[2025-01-23T23:53:11.036+0000] {logging_mixin.py:190} INFO - [2025-01-23T23:53:11.036+0000] {dag.py:4180} INFO - Setting next_dagrun for dataset_with_extra_by_yield to 2025-01-22 00:00:00+00:00, run_after=2025-01-23 00:00:00+00:00
[2025-01-23T23:53:11.039+0000] {logging_mixin.py:190} INFO - [2025-01-23T23:53:11.039+0000] {dag.py:4180} INFO - Setting next_dagrun for dataset_with_extra_from_classic_operator to 2025-01-22 00:00:00+00:00, run_after=2025-01-23 00:00:00+00:00
[2025-01-23T23:53:11.058+0000] {processor.py:208} INFO - Processing /home/airflow/.local/lib/python3.12/site-packages/airflow/example_dags/example_outlet_event_extra.py took 0.580 seconds
[2025-01-23T23:53:41.415+0000] {processor.py:186} INFO - Started process (PID=2303) to work on /home/airflow/.local/lib/python3.12/site-packages/airflow/example_dags/example_outlet_event_extra.py
[2025-01-23T23:53:41.418+0000] {processor.py:914} INFO - Processing file /home/airflow/.local/lib/python3.12/site-packages/airflow/example_dags/example_outlet_event_extra.py for tasks to queue
[2025-01-23T23:53:41.422+0000] {logging_mixin.py:190} INFO - [2025-01-23T23:53:41.421+0000] {dagbag.py:588} INFO - Filling up the DagBag from /home/airflow/.local/lib/python3.12/site-packages/airflow/example_dags/example_outlet_event_extra.py
[2025-01-23T23:53:41.944+0000] {processor.py:925} INFO - DAG(s) 'dataset_with_extra_by_context', 'dataset_with_extra_from_classic_operator', 'dataset_with_extra_by_yield' retrieved from /home/airflow/.local/lib/python3.12/site-packages/airflow/example_dags/example_outlet_event_extra.py
[2025-01-23T23:53:41.966+0000] {logging_mixin.py:190} INFO - [2025-01-23T23:53:41.965+0000] {dag.py:3239} INFO - Sync 3 DAGs
[2025-01-23T23:53:41.988+0000] {logging_mixin.py:190} INFO - [2025-01-23T23:53:41.988+0000] {dag.py:4180} INFO - Setting next_dagrun for dataset_with_extra_by_context to 2025-01-22 00:00:00+00:00, run_after=2025-01-23 00:00:00+00:00
[2025-01-23T23:53:41.992+0000] {logging_mixin.py:190} INFO - [2025-01-23T23:53:41.992+0000] {dag.py:4180} INFO - Setting next_dagrun for dataset_with_extra_by_yield to 2025-01-22 00:00:00+00:00, run_after=2025-01-23 00:00:00+00:00
[2025-01-23T23:53:41.995+0000] {logging_mixin.py:190} INFO - [2025-01-23T23:53:41.994+0000] {dag.py:4180} INFO - Setting next_dagrun for dataset_with_extra_from_classic_operator to 2025-01-22 00:00:00+00:00, run_after=2025-01-23 00:00:00+00:00
[2025-01-23T23:53:42.018+0000] {processor.py:208} INFO - Processing /home/airflow/.local/lib/python3.12/site-packages/airflow/example_dags/example_outlet_event_extra.py took 0.613 seconds
[2025-01-23T23:54:12.292+0000] {processor.py:186} INFO - Started process (PID=2366) to work on /home/airflow/.local/lib/python3.12/site-packages/airflow/example_dags/example_outlet_event_extra.py
[2025-01-23T23:54:12.296+0000] {processor.py:914} INFO - Processing file /home/airflow/.local/lib/python3.12/site-packages/airflow/example_dags/example_outlet_event_extra.py for tasks to queue
[2025-01-23T23:54:12.302+0000] {logging_mixin.py:190} INFO - [2025-01-23T23:54:12.301+0000] {dagbag.py:588} INFO - Filling up the DagBag from /home/airflow/.local/lib/python3.12/site-packages/airflow/example_dags/example_outlet_event_extra.py
[2025-01-23T23:54:12.755+0000] {processor.py:925} INFO - DAG(s) 'dataset_with_extra_by_context', 'dataset_with_extra_by_yield', 'dataset_with_extra_from_classic_operator' retrieved from /home/airflow/.local/lib/python3.12/site-packages/airflow/example_dags/example_outlet_event_extra.py
[2025-01-23T23:54:12.781+0000] {logging_mixin.py:190} INFO - [2025-01-23T23:54:12.781+0000] {dag.py:3239} INFO - Sync 3 DAGs
[2025-01-23T23:54:12.806+0000] {logging_mixin.py:190} INFO - [2025-01-23T23:54:12.806+0000] {dag.py:4180} INFO - Setting next_dagrun for dataset_with_extra_by_context to 2025-01-22 00:00:00+00:00, run_after=2025-01-23 00:00:00+00:00
[2025-01-23T23:54:12.811+0000] {logging_mixin.py:190} INFO - [2025-01-23T23:54:12.811+0000] {dag.py:4180} INFO - Setting next_dagrun for dataset_with_extra_by_yield to 2025-01-22 00:00:00+00:00, run_after=2025-01-23 00:00:00+00:00
[2025-01-23T23:54:12.814+0000] {logging_mixin.py:190} INFO - [2025-01-23T23:54:12.814+0000] {dag.py:4180} INFO - Setting next_dagrun for dataset_with_extra_from_classic_operator to 2025-01-22 00:00:00+00:00, run_after=2025-01-23 00:00:00+00:00
[2025-01-23T23:54:12.830+0000] {processor.py:208} INFO - Processing /home/airflow/.local/lib/python3.12/site-packages/airflow/example_dags/example_outlet_event_extra.py took 0.554 seconds
[2025-01-23T23:54:43.650+0000] {processor.py:186} INFO - Started process (PID=2430) to work on /home/airflow/.local/lib/python3.12/site-packages/airflow/example_dags/example_outlet_event_extra.py
[2025-01-23T23:54:43.652+0000] {processor.py:914} INFO - Processing file /home/airflow/.local/lib/python3.12/site-packages/airflow/example_dags/example_outlet_event_extra.py for tasks to queue
[2025-01-23T23:54:43.658+0000] {logging_mixin.py:190} INFO - [2025-01-23T23:54:43.657+0000] {dagbag.py:588} INFO - Filling up the DagBag from /home/airflow/.local/lib/python3.12/site-packages/airflow/example_dags/example_outlet_event_extra.py
[2025-01-23T23:54:44.105+0000] {processor.py:925} INFO - DAG(s) 'dataset_with_extra_by_context', 'dataset_with_extra_from_classic_operator', 'dataset_with_extra_by_yield' retrieved from /home/airflow/.local/lib/python3.12/site-packages/airflow/example_dags/example_outlet_event_extra.py
[2025-01-23T23:54:44.125+0000] {logging_mixin.py:190} INFO - [2025-01-23T23:54:44.125+0000] {dag.py:3239} INFO - Sync 3 DAGs
[2025-01-23T23:54:44.146+0000] {logging_mixin.py:190} INFO - [2025-01-23T23:54:44.146+0000] {dag.py:4180} INFO - Setting next_dagrun for dataset_with_extra_by_context to 2025-01-22 00:00:00+00:00, run_after=2025-01-23 00:00:00+00:00
[2025-01-23T23:54:44.154+0000] {logging_mixin.py:190} INFO - [2025-01-23T23:54:44.153+0000] {dag.py:4180} INFO - Setting next_dagrun for dataset_with_extra_by_yield to 2025-01-22 00:00:00+00:00, run_after=2025-01-23 00:00:00+00:00
[2025-01-23T23:54:44.160+0000] {logging_mixin.py:190} INFO - [2025-01-23T23:54:44.159+0000] {dag.py:4180} INFO - Setting next_dagrun for dataset_with_extra_from_classic_operator to 2025-01-22 00:00:00+00:00, run_after=2025-01-23 00:00:00+00:00
[2025-01-23T23:54:44.190+0000] {processor.py:208} INFO - Processing /home/airflow/.local/lib/python3.12/site-packages/airflow/example_dags/example_outlet_event_extra.py took 0.548 seconds
[2025-01-23T23:55:14.253+0000] {processor.py:186} INFO - Started process (PID=2494) to work on /home/airflow/.local/lib/python3.12/site-packages/airflow/example_dags/example_outlet_event_extra.py
[2025-01-23T23:55:14.254+0000] {processor.py:914} INFO - Processing file /home/airflow/.local/lib/python3.12/site-packages/airflow/example_dags/example_outlet_event_extra.py for tasks to queue
[2025-01-23T23:55:14.256+0000] {logging_mixin.py:190} INFO - [2025-01-23T23:55:14.256+0000] {dagbag.py:588} INFO - Filling up the DagBag from /home/airflow/.local/lib/python3.12/site-packages/airflow/example_dags/example_outlet_event_extra.py
[2025-01-23T23:55:14.634+0000] {processor.py:925} INFO - DAG(s) 'dataset_with_extra_by_yield', 'dataset_with_extra_by_context', 'dataset_with_extra_from_classic_operator' retrieved from /home/airflow/.local/lib/python3.12/site-packages/airflow/example_dags/example_outlet_event_extra.py
[2025-01-23T23:55:14.650+0000] {logging_mixin.py:190} INFO - [2025-01-23T23:55:14.650+0000] {dag.py:3239} INFO - Sync 3 DAGs
[2025-01-23T23:55:14.664+0000] {logging_mixin.py:190} INFO - [2025-01-23T23:55:14.664+0000] {dag.py:4180} INFO - Setting next_dagrun for dataset_with_extra_by_context to 2025-01-22 00:00:00+00:00, run_after=2025-01-23 00:00:00+00:00
[2025-01-23T23:55:14.667+0000] {logging_mixin.py:190} INFO - [2025-01-23T23:55:14.667+0000] {dag.py:4180} INFO - Setting next_dagrun for dataset_with_extra_by_yield to 2025-01-22 00:00:00+00:00, run_after=2025-01-23 00:00:00+00:00
[2025-01-23T23:55:14.669+0000] {logging_mixin.py:190} INFO - [2025-01-23T23:55:14.669+0000] {dag.py:4180} INFO - Setting next_dagrun for dataset_with_extra_from_classic_operator to 2025-01-22 00:00:00+00:00, run_after=2025-01-23 00:00:00+00:00
[2025-01-23T23:55:14.683+0000] {processor.py:208} INFO - Processing /home/airflow/.local/lib/python3.12/site-packages/airflow/example_dags/example_outlet_event_extra.py took 0.435 seconds
[2025-01-23T23:55:45.233+0000] {processor.py:186} INFO - Started process (PID=2558) to work on /home/airflow/.local/lib/python3.12/site-packages/airflow/example_dags/example_outlet_event_extra.py
[2025-01-23T23:55:45.237+0000] {processor.py:914} INFO - Processing file /home/airflow/.local/lib/python3.12/site-packages/airflow/example_dags/example_outlet_event_extra.py for tasks to queue
[2025-01-23T23:55:45.240+0000] {logging_mixin.py:190} INFO - [2025-01-23T23:55:45.240+0000] {dagbag.py:588} INFO - Filling up the DagBag from /home/airflow/.local/lib/python3.12/site-packages/airflow/example_dags/example_outlet_event_extra.py
[2025-01-23T23:55:45.690+0000] {processor.py:925} INFO - DAG(s) 'dataset_with_extra_by_context', 'dataset_with_extra_from_classic_operator', 'dataset_with_extra_by_yield' retrieved from /home/airflow/.local/lib/python3.12/site-packages/airflow/example_dags/example_outlet_event_extra.py
[2025-01-23T23:55:45.712+0000] {logging_mixin.py:190} INFO - [2025-01-23T23:55:45.712+0000] {dag.py:3239} INFO - Sync 3 DAGs
[2025-01-23T23:55:45.739+0000] {logging_mixin.py:190} INFO - [2025-01-23T23:55:45.739+0000] {dag.py:4180} INFO - Setting next_dagrun for dataset_with_extra_by_context to 2025-01-22 00:00:00+00:00, run_after=2025-01-23 00:00:00+00:00
[2025-01-23T23:55:45.745+0000] {logging_mixin.py:190} INFO - [2025-01-23T23:55:45.744+0000] {dag.py:4180} INFO - Setting next_dagrun for dataset_with_extra_by_yield to 2025-01-22 00:00:00+00:00, run_after=2025-01-23 00:00:00+00:00
[2025-01-23T23:55:45.747+0000] {logging_mixin.py:190} INFO - [2025-01-23T23:55:45.747+0000] {dag.py:4180} INFO - Setting next_dagrun for dataset_with_extra_from_classic_operator to 2025-01-22 00:00:00+00:00, run_after=2025-01-23 00:00:00+00:00
[2025-01-23T23:55:45.764+0000] {processor.py:208} INFO - Processing /home/airflow/.local/lib/python3.12/site-packages/airflow/example_dags/example_outlet_event_extra.py took 0.549 seconds
[2025-01-23T23:56:16.238+0000] {processor.py:186} INFO - Started process (PID=2624) to work on /home/airflow/.local/lib/python3.12/site-packages/airflow/example_dags/example_outlet_event_extra.py
[2025-01-23T23:56:16.240+0000] {processor.py:914} INFO - Processing file /home/airflow/.local/lib/python3.12/site-packages/airflow/example_dags/example_outlet_event_extra.py for tasks to queue
[2025-01-23T23:56:16.241+0000] {logging_mixin.py:190} INFO - [2025-01-23T23:56:16.241+0000] {dagbag.py:588} INFO - Filling up the DagBag from /home/airflow/.local/lib/python3.12/site-packages/airflow/example_dags/example_outlet_event_extra.py
[2025-01-23T23:56:16.830+0000] {processor.py:925} INFO - DAG(s) 'dataset_with_extra_by_context', 'dataset_with_extra_by_yield', 'dataset_with_extra_from_classic_operator' retrieved from /home/airflow/.local/lib/python3.12/site-packages/airflow/example_dags/example_outlet_event_extra.py
[2025-01-23T23:56:16.852+0000] {logging_mixin.py:190} INFO - [2025-01-23T23:56:16.852+0000] {dag.py:3239} INFO - Sync 3 DAGs
[2025-01-23T23:56:16.878+0000] {logging_mixin.py:190} INFO - [2025-01-23T23:56:16.878+0000] {dag.py:4180} INFO - Setting next_dagrun for dataset_with_extra_by_context to 2025-01-22 00:00:00+00:00, run_after=2025-01-23 00:00:00+00:00
[2025-01-23T23:56:16.884+0000] {logging_mixin.py:190} INFO - [2025-01-23T23:56:16.884+0000] {dag.py:4180} INFO - Setting next_dagrun for dataset_with_extra_by_yield to 2025-01-22 00:00:00+00:00, run_after=2025-01-23 00:00:00+00:00
[2025-01-23T23:56:16.887+0000] {logging_mixin.py:190} INFO - [2025-01-23T23:56:16.887+0000] {dag.py:4180} INFO - Setting next_dagrun for dataset_with_extra_from_classic_operator to 2025-01-22 00:00:00+00:00, run_after=2025-01-23 00:00:00+00:00
[2025-01-23T23:56:16.909+0000] {processor.py:208} INFO - Processing /home/airflow/.local/lib/python3.12/site-packages/airflow/example_dags/example_outlet_event_extra.py took 0.679 seconds
[2025-01-23T23:56:47.313+0000] {processor.py:186} INFO - Started process (PID=2689) to work on /home/airflow/.local/lib/python3.12/site-packages/airflow/example_dags/example_outlet_event_extra.py
[2025-01-23T23:56:47.317+0000] {processor.py:914} INFO - Processing file /home/airflow/.local/lib/python3.12/site-packages/airflow/example_dags/example_outlet_event_extra.py for tasks to queue
[2025-01-23T23:56:47.324+0000] {logging_mixin.py:190} INFO - [2025-01-23T23:56:47.323+0000] {dagbag.py:588} INFO - Filling up the DagBag from /home/airflow/.local/lib/python3.12/site-packages/airflow/example_dags/example_outlet_event_extra.py
[2025-01-23T23:56:47.866+0000] {processor.py:925} INFO - DAG(s) 'dataset_with_extra_by_context', 'dataset_with_extra_by_yield', 'dataset_with_extra_from_classic_operator' retrieved from /home/airflow/.local/lib/python3.12/site-packages/airflow/example_dags/example_outlet_event_extra.py
[2025-01-23T23:56:47.894+0000] {logging_mixin.py:190} INFO - [2025-01-23T23:56:47.894+0000] {dag.py:3239} INFO - Sync 3 DAGs
[2025-01-23T23:56:47.921+0000] {logging_mixin.py:190} INFO - [2025-01-23T23:56:47.921+0000] {dag.py:4180} INFO - Setting next_dagrun for dataset_with_extra_by_context to 2025-01-22 00:00:00+00:00, run_after=2025-01-23 00:00:00+00:00
[2025-01-23T23:56:47.930+0000] {logging_mixin.py:190} INFO - [2025-01-23T23:56:47.929+0000] {dag.py:4180} INFO - Setting next_dagrun for dataset_with_extra_by_yield to 2025-01-22 00:00:00+00:00, run_after=2025-01-23 00:00:00+00:00
[2025-01-23T23:56:47.934+0000] {logging_mixin.py:190} INFO - [2025-01-23T23:56:47.934+0000] {dag.py:4180} INFO - Setting next_dagrun for dataset_with_extra_from_classic_operator to 2025-01-22 00:00:00+00:00, run_after=2025-01-23 00:00:00+00:00
[2025-01-23T23:56:47.965+0000] {processor.py:208} INFO - Processing /home/airflow/.local/lib/python3.12/site-packages/airflow/example_dags/example_outlet_event_extra.py took 0.669 seconds
[2025-01-23T23:57:18.510+0000] {processor.py:186} INFO - Started process (PID=2754) to work on /home/airflow/.local/lib/python3.12/site-packages/airflow/example_dags/example_outlet_event_extra.py
[2025-01-23T23:57:18.513+0000] {processor.py:914} INFO - Processing file /home/airflow/.local/lib/python3.12/site-packages/airflow/example_dags/example_outlet_event_extra.py for tasks to queue
[2025-01-23T23:57:18.516+0000] {logging_mixin.py:190} INFO - [2025-01-23T23:57:18.515+0000] {dagbag.py:588} INFO - Filling up the DagBag from /home/airflow/.local/lib/python3.12/site-packages/airflow/example_dags/example_outlet_event_extra.py
[2025-01-23T23:57:18.889+0000] {processor.py:925} INFO - DAG(s) 'dataset_with_extra_by_context', 'dataset_with_extra_from_classic_operator', 'dataset_with_extra_by_yield' retrieved from /home/airflow/.local/lib/python3.12/site-packages/airflow/example_dags/example_outlet_event_extra.py
[2025-01-23T23:57:18.912+0000] {logging_mixin.py:190} INFO - [2025-01-23T23:57:18.912+0000] {dag.py:3239} INFO - Sync 3 DAGs
[2025-01-23T23:57:18.933+0000] {logging_mixin.py:190} INFO - [2025-01-23T23:57:18.933+0000] {dag.py:4180} INFO - Setting next_dagrun for dataset_with_extra_by_context to 2025-01-22 00:00:00+00:00, run_after=2025-01-23 00:00:00+00:00
[2025-01-23T23:57:18.938+0000] {logging_mixin.py:190} INFO - [2025-01-23T23:57:18.938+0000] {dag.py:4180} INFO - Setting next_dagrun for dataset_with_extra_by_yield to 2025-01-22 00:00:00+00:00, run_after=2025-01-23 00:00:00+00:00
[2025-01-23T23:57:18.942+0000] {logging_mixin.py:190} INFO - [2025-01-23T23:57:18.941+0000] {dag.py:4180} INFO - Setting next_dagrun for dataset_with_extra_from_classic_operator to 2025-01-22 00:00:00+00:00, run_after=2025-01-23 00:00:00+00:00
[2025-01-23T23:57:18.959+0000] {processor.py:208} INFO - Processing /home/airflow/.local/lib/python3.12/site-packages/airflow/example_dags/example_outlet_event_extra.py took 0.463 seconds
[2025-01-23T23:57:49.577+0000] {processor.py:186} INFO - Started process (PID=2819) to work on /home/airflow/.local/lib/python3.12/site-packages/airflow/example_dags/example_outlet_event_extra.py
[2025-01-23T23:57:49.579+0000] {processor.py:914} INFO - Processing file /home/airflow/.local/lib/python3.12/site-packages/airflow/example_dags/example_outlet_event_extra.py for tasks to queue
[2025-01-23T23:57:49.585+0000] {logging_mixin.py:190} INFO - [2025-01-23T23:57:49.584+0000] {dagbag.py:588} INFO - Filling up the DagBag from /home/airflow/.local/lib/python3.12/site-packages/airflow/example_dags/example_outlet_event_extra.py
[2025-01-23T23:57:49.966+0000] {processor.py:925} INFO - DAG(s) 'dataset_with_extra_from_classic_operator', 'dataset_with_extra_by_context', 'dataset_with_extra_by_yield' retrieved from /home/airflow/.local/lib/python3.12/site-packages/airflow/example_dags/example_outlet_event_extra.py
[2025-01-23T23:57:49.996+0000] {logging_mixin.py:190} INFO - [2025-01-23T23:57:49.995+0000] {dag.py:3239} INFO - Sync 3 DAGs
[2025-01-23T23:57:50.019+0000] {logging_mixin.py:190} INFO - [2025-01-23T23:57:50.019+0000] {dag.py:4180} INFO - Setting next_dagrun for dataset_with_extra_by_context to 2025-01-22 00:00:00+00:00, run_after=2025-01-23 00:00:00+00:00
[2025-01-23T23:57:50.026+0000] {logging_mixin.py:190} INFO - [2025-01-23T23:57:50.026+0000] {dag.py:4180} INFO - Setting next_dagrun for dataset_with_extra_by_yield to 2025-01-22 00:00:00+00:00, run_after=2025-01-23 00:00:00+00:00
[2025-01-23T23:57:50.030+0000] {logging_mixin.py:190} INFO - [2025-01-23T23:57:50.030+0000] {dag.py:4180} INFO - Setting next_dagrun for dataset_with_extra_from_classic_operator to 2025-01-22 00:00:00+00:00, run_after=2025-01-23 00:00:00+00:00
[2025-01-23T23:57:50.063+0000] {processor.py:208} INFO - Processing /home/airflow/.local/lib/python3.12/site-packages/airflow/example_dags/example_outlet_event_extra.py took 0.497 seconds
