[2025-01-23T23:35:01.291+0000] {processor.py:186} INFO - Started process (PID=120) to work on /home/airflow/.local/lib/python3.12/site-packages/airflow/example_dags/example_params_ui_tutorial.py
[2025-01-23T23:35:01.292+0000] {processor.py:914} INFO - Processing file /home/airflow/.local/lib/python3.12/site-packages/airflow/example_dags/example_params_ui_tutorial.py for tasks to queue
[2025-01-23T23:35:01.293+0000] {logging_mixin.py:190} INFO - [2025-01-23T23:35:01.293+0000] {dagbag.py:588} INFO - Filling up the DagBag from /home/airflow/.local/lib/python3.12/site-packages/airflow/example_dags/example_params_ui_tutorial.py
[2025-01-23T23:35:01.302+0000] {processor.py:925} INFO - DAG(s) 'example_params_ui_tutorial' retrieved from /home/airflow/.local/lib/python3.12/site-packages/airflow/example_dags/example_params_ui_tutorial.py
[2025-01-23T23:35:01.434+0000] {logging_mixin.py:190} INFO - [2025-01-23T23:35:01.434+0000] {dag.py:3239} INFO - Sync 1 DAGs
[2025-01-23T23:35:01.446+0000] {logging_mixin.py:190} INFO - [2025-01-23T23:35:01.446+0000] {dag.py:4180} INFO - Setting next_dagrun for example_params_ui_tutorial to None, run_after=None
[2025-01-23T23:35:01.466+0000] {processor.py:208} INFO - Processing /home/airflow/.local/lib/python3.12/site-packages/airflow/example_dags/example_params_ui_tutorial.py took 0.180 seconds
[2025-01-23T23:36:08.879+0000] {processor.py:186} INFO - Started process (PID=123) to work on /home/airflow/.local/lib/python3.12/site-packages/airflow/example_dags/example_params_ui_tutorial.py
[2025-01-23T23:36:08.880+0000] {processor.py:914} INFO - Processing file /home/airflow/.local/lib/python3.12/site-packages/airflow/example_dags/example_params_ui_tutorial.py for tasks to queue
[2025-01-23T23:36:08.881+0000] {logging_mixin.py:190} INFO - [2025-01-23T23:36:08.881+0000] {dagbag.py:588} INFO - Filling up the DagBag from /home/airflow/.local/lib/python3.12/site-packages/airflow/example_dags/example_params_ui_tutorial.py
[2025-01-23T23:36:08.888+0000] {processor.py:925} INFO - DAG(s) 'example_params_ui_tutorial' retrieved from /home/airflow/.local/lib/python3.12/site-packages/airflow/example_dags/example_params_ui_tutorial.py
[2025-01-23T23:36:08.930+0000] {logging_mixin.py:190} INFO - [2025-01-23T23:36:08.930+0000] {dag.py:3239} INFO - Sync 1 DAGs
[2025-01-23T23:36:08.944+0000] {logging_mixin.py:190} INFO - [2025-01-23T23:36:08.943+0000] {dag.py:4180} INFO - Setting next_dagrun for example_params_ui_tutorial to None, run_after=None
[2025-01-23T23:36:08.961+0000] {processor.py:208} INFO - Processing /home/airflow/.local/lib/python3.12/site-packages/airflow/example_dags/example_params_ui_tutorial.py took 0.085 seconds
[2025-01-23T23:36:40.024+0000] {processor.py:186} INFO - Started process (PID=188) to work on /home/airflow/.local/lib/python3.12/site-packages/airflow/example_dags/example_params_ui_tutorial.py
[2025-01-23T23:36:40.025+0000] {processor.py:914} INFO - Processing file /home/airflow/.local/lib/python3.12/site-packages/airflow/example_dags/example_params_ui_tutorial.py for tasks to queue
[2025-01-23T23:36:40.026+0000] {logging_mixin.py:190} INFO - [2025-01-23T23:36:40.026+0000] {dagbag.py:588} INFO - Filling up the DagBag from /home/airflow/.local/lib/python3.12/site-packages/airflow/example_dags/example_params_ui_tutorial.py
[2025-01-23T23:36:40.032+0000] {processor.py:925} INFO - DAG(s) 'example_params_ui_tutorial' retrieved from /home/airflow/.local/lib/python3.12/site-packages/airflow/example_dags/example_params_ui_tutorial.py
[2025-01-23T23:36:40.072+0000] {logging_mixin.py:190} INFO - [2025-01-23T23:36:40.072+0000] {dag.py:3239} INFO - Sync 1 DAGs
[2025-01-23T23:36:40.085+0000] {logging_mixin.py:190} INFO - [2025-01-23T23:36:40.085+0000] {dag.py:4180} INFO - Setting next_dagrun for example_params_ui_tutorial to None, run_after=None
[2025-01-23T23:36:40.100+0000] {processor.py:208} INFO - Processing /home/airflow/.local/lib/python3.12/site-packages/airflow/example_dags/example_params_ui_tutorial.py took 0.079 seconds
[2025-01-23T23:37:10.911+0000] {processor.py:186} INFO - Started process (PID=252) to work on /home/airflow/.local/lib/python3.12/site-packages/airflow/example_dags/example_params_ui_tutorial.py
[2025-01-23T23:37:10.912+0000] {processor.py:914} INFO - Processing file /home/airflow/.local/lib/python3.12/site-packages/airflow/example_dags/example_params_ui_tutorial.py for tasks to queue
[2025-01-23T23:37:10.913+0000] {logging_mixin.py:190} INFO - [2025-01-23T23:37:10.913+0000] {dagbag.py:588} INFO - Filling up the DagBag from /home/airflow/.local/lib/python3.12/site-packages/airflow/example_dags/example_params_ui_tutorial.py
[2025-01-23T23:37:10.919+0000] {processor.py:925} INFO - DAG(s) 'example_params_ui_tutorial' retrieved from /home/airflow/.local/lib/python3.12/site-packages/airflow/example_dags/example_params_ui_tutorial.py
[2025-01-23T23:37:10.959+0000] {logging_mixin.py:190} INFO - [2025-01-23T23:37:10.959+0000] {dag.py:3239} INFO - Sync 1 DAGs
[2025-01-23T23:37:10.972+0000] {logging_mixin.py:190} INFO - [2025-01-23T23:37:10.972+0000] {dag.py:4180} INFO - Setting next_dagrun for example_params_ui_tutorial to None, run_after=None
[2025-01-23T23:37:10.990+0000] {processor.py:208} INFO - Processing /home/airflow/.local/lib/python3.12/site-packages/airflow/example_dags/example_params_ui_tutorial.py took 0.083 seconds
[2025-01-23T23:37:42.344+0000] {processor.py:186} INFO - Started process (PID=317) to work on /home/airflow/.local/lib/python3.12/site-packages/airflow/example_dags/example_params_ui_tutorial.py
[2025-01-23T23:37:42.345+0000] {processor.py:914} INFO - Processing file /home/airflow/.local/lib/python3.12/site-packages/airflow/example_dags/example_params_ui_tutorial.py for tasks to queue
[2025-01-23T23:37:42.347+0000] {logging_mixin.py:190} INFO - [2025-01-23T23:37:42.347+0000] {dagbag.py:588} INFO - Filling up the DagBag from /home/airflow/.local/lib/python3.12/site-packages/airflow/example_dags/example_params_ui_tutorial.py
[2025-01-23T23:37:42.354+0000] {processor.py:925} INFO - DAG(s) 'example_params_ui_tutorial' retrieved from /home/airflow/.local/lib/python3.12/site-packages/airflow/example_dags/example_params_ui_tutorial.py
[2025-01-23T23:37:42.389+0000] {logging_mixin.py:190} INFO - [2025-01-23T23:37:42.389+0000] {dag.py:3239} INFO - Sync 1 DAGs
[2025-01-23T23:37:42.400+0000] {logging_mixin.py:190} INFO - [2025-01-23T23:37:42.399+0000] {dag.py:4180} INFO - Setting next_dagrun for example_params_ui_tutorial to None, run_after=None
[2025-01-23T23:37:42.419+0000] {processor.py:208} INFO - Processing /home/airflow/.local/lib/python3.12/site-packages/airflow/example_dags/example_params_ui_tutorial.py took 0.079 seconds
[2025-01-23T23:38:12.988+0000] {processor.py:186} INFO - Started process (PID=381) to work on /home/airflow/.local/lib/python3.12/site-packages/airflow/example_dags/example_params_ui_tutorial.py
[2025-01-23T23:38:12.989+0000] {processor.py:914} INFO - Processing file /home/airflow/.local/lib/python3.12/site-packages/airflow/example_dags/example_params_ui_tutorial.py for tasks to queue
[2025-01-23T23:38:12.991+0000] {logging_mixin.py:190} INFO - [2025-01-23T23:38:12.991+0000] {dagbag.py:588} INFO - Filling up the DagBag from /home/airflow/.local/lib/python3.12/site-packages/airflow/example_dags/example_params_ui_tutorial.py
[2025-01-23T23:38:12.999+0000] {processor.py:925} INFO - DAG(s) 'example_params_ui_tutorial' retrieved from /home/airflow/.local/lib/python3.12/site-packages/airflow/example_dags/example_params_ui_tutorial.py
[2025-01-23T23:38:13.043+0000] {logging_mixin.py:190} INFO - [2025-01-23T23:38:13.043+0000] {dag.py:3239} INFO - Sync 1 DAGs
[2025-01-23T23:38:13.058+0000] {logging_mixin.py:190} INFO - [2025-01-23T23:38:13.058+0000] {dag.py:4180} INFO - Setting next_dagrun for example_params_ui_tutorial to None, run_after=None
[2025-01-23T23:38:13.078+0000] {processor.py:208} INFO - Processing /home/airflow/.local/lib/python3.12/site-packages/airflow/example_dags/example_params_ui_tutorial.py took 0.094 seconds
[2025-01-23T23:38:44.042+0000] {processor.py:186} INFO - Started process (PID=444) to work on /home/airflow/.local/lib/python3.12/site-packages/airflow/example_dags/example_params_ui_tutorial.py
[2025-01-23T23:38:44.043+0000] {processor.py:914} INFO - Processing file /home/airflow/.local/lib/python3.12/site-packages/airflow/example_dags/example_params_ui_tutorial.py for tasks to queue
[2025-01-23T23:38:44.045+0000] {logging_mixin.py:190} INFO - [2025-01-23T23:38:44.044+0000] {dagbag.py:588} INFO - Filling up the DagBag from /home/airflow/.local/lib/python3.12/site-packages/airflow/example_dags/example_params_ui_tutorial.py
[2025-01-23T23:38:44.051+0000] {processor.py:925} INFO - DAG(s) 'example_params_ui_tutorial' retrieved from /home/airflow/.local/lib/python3.12/site-packages/airflow/example_dags/example_params_ui_tutorial.py
[2025-01-23T23:38:44.095+0000] {logging_mixin.py:190} INFO - [2025-01-23T23:38:44.095+0000] {dag.py:3239} INFO - Sync 1 DAGs
[2025-01-23T23:38:44.104+0000] {logging_mixin.py:190} INFO - [2025-01-23T23:38:44.104+0000] {dag.py:4180} INFO - Setting next_dagrun for example_params_ui_tutorial to None, run_after=None
[2025-01-23T23:38:44.122+0000] {processor.py:208} INFO - Processing /home/airflow/.local/lib/python3.12/site-packages/airflow/example_dags/example_params_ui_tutorial.py took 0.085 seconds
[2025-01-23T23:39:15.114+0000] {processor.py:186} INFO - Started process (PID=509) to work on /home/airflow/.local/lib/python3.12/site-packages/airflow/example_dags/example_params_ui_tutorial.py
[2025-01-23T23:39:15.115+0000] {processor.py:914} INFO - Processing file /home/airflow/.local/lib/python3.12/site-packages/airflow/example_dags/example_params_ui_tutorial.py for tasks to queue
[2025-01-23T23:39:15.116+0000] {logging_mixin.py:190} INFO - [2025-01-23T23:39:15.116+0000] {dagbag.py:588} INFO - Filling up the DagBag from /home/airflow/.local/lib/python3.12/site-packages/airflow/example_dags/example_params_ui_tutorial.py
[2025-01-23T23:39:15.123+0000] {processor.py:925} INFO - DAG(s) 'example_params_ui_tutorial' retrieved from /home/airflow/.local/lib/python3.12/site-packages/airflow/example_dags/example_params_ui_tutorial.py
[2025-01-23T23:39:15.166+0000] {logging_mixin.py:190} INFO - [2025-01-23T23:39:15.166+0000] {dag.py:3239} INFO - Sync 1 DAGs
[2025-01-23T23:39:15.180+0000] {logging_mixin.py:190} INFO - [2025-01-23T23:39:15.180+0000] {dag.py:4180} INFO - Setting next_dagrun for example_params_ui_tutorial to None, run_after=None
[2025-01-23T23:39:15.198+0000] {processor.py:208} INFO - Processing /home/airflow/.local/lib/python3.12/site-packages/airflow/example_dags/example_params_ui_tutorial.py took 0.089 seconds
[2025-01-23T23:39:45.747+0000] {processor.py:186} INFO - Started process (PID=572) to work on /home/airflow/.local/lib/python3.12/site-packages/airflow/example_dags/example_params_ui_tutorial.py
[2025-01-23T23:39:45.749+0000] {processor.py:914} INFO - Processing file /home/airflow/.local/lib/python3.12/site-packages/airflow/example_dags/example_params_ui_tutorial.py for tasks to queue
[2025-01-23T23:39:45.750+0000] {logging_mixin.py:190} INFO - [2025-01-23T23:39:45.750+0000] {dagbag.py:588} INFO - Filling up the DagBag from /home/airflow/.local/lib/python3.12/site-packages/airflow/example_dags/example_params_ui_tutorial.py
[2025-01-23T23:39:45.759+0000] {processor.py:925} INFO - DAG(s) 'example_params_ui_tutorial' retrieved from /home/airflow/.local/lib/python3.12/site-packages/airflow/example_dags/example_params_ui_tutorial.py
[2025-01-23T23:39:45.807+0000] {logging_mixin.py:190} INFO - [2025-01-23T23:39:45.807+0000] {dag.py:3239} INFO - Sync 1 DAGs
[2025-01-23T23:39:45.822+0000] {logging_mixin.py:190} INFO - [2025-01-23T23:39:45.822+0000] {dag.py:4180} INFO - Setting next_dagrun for example_params_ui_tutorial to None, run_after=None
[2025-01-23T23:39:45.841+0000] {processor.py:208} INFO - Processing /home/airflow/.local/lib/python3.12/site-packages/airflow/example_dags/example_params_ui_tutorial.py took 0.099 seconds
[2025-01-23T23:40:16.398+0000] {processor.py:186} INFO - Started process (PID=636) to work on /home/airflow/.local/lib/python3.12/site-packages/airflow/example_dags/example_params_ui_tutorial.py
[2025-01-23T23:40:16.399+0000] {processor.py:914} INFO - Processing file /home/airflow/.local/lib/python3.12/site-packages/airflow/example_dags/example_params_ui_tutorial.py for tasks to queue
[2025-01-23T23:40:16.401+0000] {logging_mixin.py:190} INFO - [2025-01-23T23:40:16.400+0000] {dagbag.py:588} INFO - Filling up the DagBag from /home/airflow/.local/lib/python3.12/site-packages/airflow/example_dags/example_params_ui_tutorial.py
[2025-01-23T23:40:16.408+0000] {processor.py:925} INFO - DAG(s) 'example_params_ui_tutorial' retrieved from /home/airflow/.local/lib/python3.12/site-packages/airflow/example_dags/example_params_ui_tutorial.py
[2025-01-23T23:40:16.456+0000] {logging_mixin.py:190} INFO - [2025-01-23T23:40:16.456+0000] {dag.py:3239} INFO - Sync 1 DAGs
[2025-01-23T23:40:16.470+0000] {logging_mixin.py:190} INFO - [2025-01-23T23:40:16.470+0000] {dag.py:4180} INFO - Setting next_dagrun for example_params_ui_tutorial to None, run_after=None
[2025-01-23T23:40:16.497+0000] {processor.py:208} INFO - Processing /home/airflow/.local/lib/python3.12/site-packages/airflow/example_dags/example_params_ui_tutorial.py took 0.105 seconds
[2025-01-23T23:40:47.683+0000] {processor.py:186} INFO - Started process (PID=700) to work on /home/airflow/.local/lib/python3.12/site-packages/airflow/example_dags/example_params_ui_tutorial.py
[2025-01-23T23:40:47.685+0000] {processor.py:914} INFO - Processing file /home/airflow/.local/lib/python3.12/site-packages/airflow/example_dags/example_params_ui_tutorial.py for tasks to queue
[2025-01-23T23:40:47.687+0000] {logging_mixin.py:190} INFO - [2025-01-23T23:40:47.687+0000] {dagbag.py:588} INFO - Filling up the DagBag from /home/airflow/.local/lib/python3.12/site-packages/airflow/example_dags/example_params_ui_tutorial.py
[2025-01-23T23:40:47.699+0000] {processor.py:925} INFO - DAG(s) 'example_params_ui_tutorial' retrieved from /home/airflow/.local/lib/python3.12/site-packages/airflow/example_dags/example_params_ui_tutorial.py
[2025-01-23T23:40:47.745+0000] {logging_mixin.py:190} INFO - [2025-01-23T23:40:47.745+0000] {dag.py:3239} INFO - Sync 1 DAGs
[2025-01-23T23:40:47.763+0000] {logging_mixin.py:190} INFO - [2025-01-23T23:40:47.762+0000] {dag.py:4180} INFO - Setting next_dagrun for example_params_ui_tutorial to None, run_after=None
[2025-01-23T23:40:47.781+0000] {processor.py:208} INFO - Processing /home/airflow/.local/lib/python3.12/site-packages/airflow/example_dags/example_params_ui_tutorial.py took 0.104 seconds
[2025-01-23T23:41:18.746+0000] {processor.py:186} INFO - Started process (PID=764) to work on /home/airflow/.local/lib/python3.12/site-packages/airflow/example_dags/example_params_ui_tutorial.py
[2025-01-23T23:41:18.747+0000] {processor.py:914} INFO - Processing file /home/airflow/.local/lib/python3.12/site-packages/airflow/example_dags/example_params_ui_tutorial.py for tasks to queue
[2025-01-23T23:41:18.748+0000] {logging_mixin.py:190} INFO - [2025-01-23T23:41:18.748+0000] {dagbag.py:588} INFO - Filling up the DagBag from /home/airflow/.local/lib/python3.12/site-packages/airflow/example_dags/example_params_ui_tutorial.py
[2025-01-23T23:41:18.754+0000] {processor.py:925} INFO - DAG(s) 'example_params_ui_tutorial' retrieved from /home/airflow/.local/lib/python3.12/site-packages/airflow/example_dags/example_params_ui_tutorial.py
[2025-01-23T23:41:18.784+0000] {logging_mixin.py:190} INFO - [2025-01-23T23:41:18.783+0000] {dag.py:3239} INFO - Sync 1 DAGs
[2025-01-23T23:41:18.793+0000] {logging_mixin.py:190} INFO - [2025-01-23T23:41:18.793+0000] {dag.py:4180} INFO - Setting next_dagrun for example_params_ui_tutorial to None, run_after=None
[2025-01-23T23:41:18.808+0000] {processor.py:208} INFO - Processing /home/airflow/.local/lib/python3.12/site-packages/airflow/example_dags/example_params_ui_tutorial.py took 0.066 seconds
[2025-01-23T23:41:49.383+0000] {processor.py:186} INFO - Started process (PID=828) to work on /home/airflow/.local/lib/python3.12/site-packages/airflow/example_dags/example_params_ui_tutorial.py
[2025-01-23T23:41:49.384+0000] {processor.py:914} INFO - Processing file /home/airflow/.local/lib/python3.12/site-packages/airflow/example_dags/example_params_ui_tutorial.py for tasks to queue
[2025-01-23T23:41:49.385+0000] {logging_mixin.py:190} INFO - [2025-01-23T23:41:49.385+0000] {dagbag.py:588} INFO - Filling up the DagBag from /home/airflow/.local/lib/python3.12/site-packages/airflow/example_dags/example_params_ui_tutorial.py
[2025-01-23T23:41:49.391+0000] {processor.py:925} INFO - DAG(s) 'example_params_ui_tutorial' retrieved from /home/airflow/.local/lib/python3.12/site-packages/airflow/example_dags/example_params_ui_tutorial.py
[2025-01-23T23:41:49.418+0000] {logging_mixin.py:190} INFO - [2025-01-23T23:41:49.418+0000] {dag.py:3239} INFO - Sync 1 DAGs
[2025-01-23T23:41:49.428+0000] {logging_mixin.py:190} INFO - [2025-01-23T23:41:49.428+0000] {dag.py:4180} INFO - Setting next_dagrun for example_params_ui_tutorial to None, run_after=None
[2025-01-23T23:41:49.446+0000] {processor.py:208} INFO - Processing /home/airflow/.local/lib/python3.12/site-packages/airflow/example_dags/example_params_ui_tutorial.py took 0.068 seconds
[2025-01-23T23:42:20.689+0000] {processor.py:186} INFO - Started process (PID=892) to work on /home/airflow/.local/lib/python3.12/site-packages/airflow/example_dags/example_params_ui_tutorial.py
[2025-01-23T23:42:20.691+0000] {processor.py:914} INFO - Processing file /home/airflow/.local/lib/python3.12/site-packages/airflow/example_dags/example_params_ui_tutorial.py for tasks to queue
[2025-01-23T23:42:20.693+0000] {logging_mixin.py:190} INFO - [2025-01-23T23:42:20.692+0000] {dagbag.py:588} INFO - Filling up the DagBag from /home/airflow/.local/lib/python3.12/site-packages/airflow/example_dags/example_params_ui_tutorial.py
[2025-01-23T23:42:20.701+0000] {processor.py:925} INFO - DAG(s) 'example_params_ui_tutorial' retrieved from /home/airflow/.local/lib/python3.12/site-packages/airflow/example_dags/example_params_ui_tutorial.py
[2025-01-23T23:42:20.742+0000] {logging_mixin.py:190} INFO - [2025-01-23T23:42:20.742+0000] {dag.py:3239} INFO - Sync 1 DAGs
[2025-01-23T23:42:20.754+0000] {logging_mixin.py:190} INFO - [2025-01-23T23:42:20.753+0000] {dag.py:4180} INFO - Setting next_dagrun for example_params_ui_tutorial to None, run_after=None
[2025-01-23T23:42:20.772+0000] {processor.py:208} INFO - Processing /home/airflow/.local/lib/python3.12/site-packages/airflow/example_dags/example_params_ui_tutorial.py took 0.087 seconds
[2025-01-23T23:42:51.343+0000] {processor.py:186} INFO - Started process (PID=956) to work on /home/airflow/.local/lib/python3.12/site-packages/airflow/example_dags/example_params_ui_tutorial.py
[2025-01-23T23:42:51.344+0000] {processor.py:914} INFO - Processing file /home/airflow/.local/lib/python3.12/site-packages/airflow/example_dags/example_params_ui_tutorial.py for tasks to queue
[2025-01-23T23:42:51.345+0000] {logging_mixin.py:190} INFO - [2025-01-23T23:42:51.345+0000] {dagbag.py:588} INFO - Filling up the DagBag from /home/airflow/.local/lib/python3.12/site-packages/airflow/example_dags/example_params_ui_tutorial.py
[2025-01-23T23:42:51.350+0000] {processor.py:925} INFO - DAG(s) 'example_params_ui_tutorial' retrieved from /home/airflow/.local/lib/python3.12/site-packages/airflow/example_dags/example_params_ui_tutorial.py
[2025-01-23T23:42:51.379+0000] {logging_mixin.py:190} INFO - [2025-01-23T23:42:51.378+0000] {dag.py:3239} INFO - Sync 1 DAGs
[2025-01-23T23:42:51.388+0000] {logging_mixin.py:190} INFO - [2025-01-23T23:42:51.388+0000] {dag.py:4180} INFO - Setting next_dagrun for example_params_ui_tutorial to None, run_after=None
[2025-01-23T23:42:51.402+0000] {processor.py:208} INFO - Processing /home/airflow/.local/lib/python3.12/site-packages/airflow/example_dags/example_params_ui_tutorial.py took 0.063 seconds
[2025-01-23T23:43:22.329+0000] {processor.py:186} INFO - Started process (PID=1020) to work on /home/airflow/.local/lib/python3.12/site-packages/airflow/example_dags/example_params_ui_tutorial.py
[2025-01-23T23:43:22.330+0000] {processor.py:914} INFO - Processing file /home/airflow/.local/lib/python3.12/site-packages/airflow/example_dags/example_params_ui_tutorial.py for tasks to queue
[2025-01-23T23:43:22.332+0000] {logging_mixin.py:190} INFO - [2025-01-23T23:43:22.332+0000] {dagbag.py:588} INFO - Filling up the DagBag from /home/airflow/.local/lib/python3.12/site-packages/airflow/example_dags/example_params_ui_tutorial.py
[2025-01-23T23:43:22.340+0000] {processor.py:925} INFO - DAG(s) 'example_params_ui_tutorial' retrieved from /home/airflow/.local/lib/python3.12/site-packages/airflow/example_dags/example_params_ui_tutorial.py
[2025-01-23T23:43:22.390+0000] {logging_mixin.py:190} INFO - [2025-01-23T23:43:22.390+0000] {dag.py:3239} INFO - Sync 1 DAGs
[2025-01-23T23:43:22.408+0000] {logging_mixin.py:190} INFO - [2025-01-23T23:43:22.407+0000] {dag.py:4180} INFO - Setting next_dagrun for example_params_ui_tutorial to None, run_after=None
[2025-01-23T23:43:22.432+0000] {processor.py:208} INFO - Processing /home/airflow/.local/lib/python3.12/site-packages/airflow/example_dags/example_params_ui_tutorial.py took 0.108 seconds
[2025-01-23T23:43:52.976+0000] {processor.py:186} INFO - Started process (PID=1084) to work on /home/airflow/.local/lib/python3.12/site-packages/airflow/example_dags/example_params_ui_tutorial.py
[2025-01-23T23:43:52.976+0000] {processor.py:914} INFO - Processing file /home/airflow/.local/lib/python3.12/site-packages/airflow/example_dags/example_params_ui_tutorial.py for tasks to queue
[2025-01-23T23:43:52.977+0000] {logging_mixin.py:190} INFO - [2025-01-23T23:43:52.977+0000] {dagbag.py:588} INFO - Filling up the DagBag from /home/airflow/.local/lib/python3.12/site-packages/airflow/example_dags/example_params_ui_tutorial.py
[2025-01-23T23:43:52.983+0000] {processor.py:925} INFO - DAG(s) 'example_params_ui_tutorial' retrieved from /home/airflow/.local/lib/python3.12/site-packages/airflow/example_dags/example_params_ui_tutorial.py
[2025-01-23T23:43:53.042+0000] {logging_mixin.py:190} INFO - [2025-01-23T23:43:53.041+0000] {dag.py:3239} INFO - Sync 1 DAGs
[2025-01-23T23:43:53.061+0000] {logging_mixin.py:190} INFO - [2025-01-23T23:43:53.061+0000] {dag.py:4180} INFO - Setting next_dagrun for example_params_ui_tutorial to None, run_after=None
[2025-01-23T23:43:53.082+0000] {processor.py:208} INFO - Processing /home/airflow/.local/lib/python3.12/site-packages/airflow/example_dags/example_params_ui_tutorial.py took 0.111 seconds
[2025-01-23T23:44:24.065+0000] {processor.py:186} INFO - Started process (PID=1148) to work on /home/airflow/.local/lib/python3.12/site-packages/airflow/example_dags/example_params_ui_tutorial.py
[2025-01-23T23:44:24.066+0000] {processor.py:914} INFO - Processing file /home/airflow/.local/lib/python3.12/site-packages/airflow/example_dags/example_params_ui_tutorial.py for tasks to queue
[2025-01-23T23:44:24.067+0000] {logging_mixin.py:190} INFO - [2025-01-23T23:44:24.067+0000] {dagbag.py:588} INFO - Filling up the DagBag from /home/airflow/.local/lib/python3.12/site-packages/airflow/example_dags/example_params_ui_tutorial.py
[2025-01-23T23:44:24.074+0000] {processor.py:925} INFO - DAG(s) 'example_params_ui_tutorial' retrieved from /home/airflow/.local/lib/python3.12/site-packages/airflow/example_dags/example_params_ui_tutorial.py
[2025-01-23T23:44:24.119+0000] {logging_mixin.py:190} INFO - [2025-01-23T23:44:24.119+0000] {dag.py:3239} INFO - Sync 1 DAGs
[2025-01-23T23:44:24.132+0000] {logging_mixin.py:190} INFO - [2025-01-23T23:44:24.132+0000] {dag.py:4180} INFO - Setting next_dagrun for example_params_ui_tutorial to None, run_after=None
[2025-01-23T23:44:24.150+0000] {processor.py:208} INFO - Processing /home/airflow/.local/lib/python3.12/site-packages/airflow/example_dags/example_params_ui_tutorial.py took 0.088 seconds
[2025-01-23T23:44:54.869+0000] {processor.py:186} INFO - Started process (PID=1212) to work on /home/airflow/.local/lib/python3.12/site-packages/airflow/example_dags/example_params_ui_tutorial.py
[2025-01-23T23:44:54.870+0000] {processor.py:914} INFO - Processing file /home/airflow/.local/lib/python3.12/site-packages/airflow/example_dags/example_params_ui_tutorial.py for tasks to queue
[2025-01-23T23:44:54.873+0000] {logging_mixin.py:190} INFO - [2025-01-23T23:44:54.872+0000] {dagbag.py:588} INFO - Filling up the DagBag from /home/airflow/.local/lib/python3.12/site-packages/airflow/example_dags/example_params_ui_tutorial.py
[2025-01-23T23:44:54.879+0000] {processor.py:925} INFO - DAG(s) 'example_params_ui_tutorial' retrieved from /home/airflow/.local/lib/python3.12/site-packages/airflow/example_dags/example_params_ui_tutorial.py
[2025-01-23T23:44:54.922+0000] {logging_mixin.py:190} INFO - [2025-01-23T23:44:54.921+0000] {dag.py:3239} INFO - Sync 1 DAGs
[2025-01-23T23:44:54.936+0000] {logging_mixin.py:190} INFO - [2025-01-23T23:44:54.936+0000] {dag.py:4180} INFO - Setting next_dagrun for example_params_ui_tutorial to None, run_after=None
[2025-01-23T23:44:54.952+0000] {processor.py:208} INFO - Processing /home/airflow/.local/lib/python3.12/site-packages/airflow/example_dags/example_params_ui_tutorial.py took 0.092 seconds
[2025-01-23T23:45:25.939+0000] {processor.py:186} INFO - Started process (PID=1276) to work on /home/airflow/.local/lib/python3.12/site-packages/airflow/example_dags/example_params_ui_tutorial.py
[2025-01-23T23:45:25.941+0000] {processor.py:914} INFO - Processing file /home/airflow/.local/lib/python3.12/site-packages/airflow/example_dags/example_params_ui_tutorial.py for tasks to queue
[2025-01-23T23:45:25.943+0000] {logging_mixin.py:190} INFO - [2025-01-23T23:45:25.942+0000] {dagbag.py:588} INFO - Filling up the DagBag from /home/airflow/.local/lib/python3.12/site-packages/airflow/example_dags/example_params_ui_tutorial.py
[2025-01-23T23:45:25.952+0000] {processor.py:925} INFO - DAG(s) 'example_params_ui_tutorial' retrieved from /home/airflow/.local/lib/python3.12/site-packages/airflow/example_dags/example_params_ui_tutorial.py
[2025-01-23T23:45:26.014+0000] {logging_mixin.py:190} INFO - [2025-01-23T23:45:26.013+0000] {dag.py:3239} INFO - Sync 1 DAGs
[2025-01-23T23:45:26.026+0000] {logging_mixin.py:190} INFO - [2025-01-23T23:45:26.026+0000] {dag.py:4180} INFO - Setting next_dagrun for example_params_ui_tutorial to None, run_after=None
[2025-01-23T23:45:26.039+0000] {processor.py:208} INFO - Processing /home/airflow/.local/lib/python3.12/site-packages/airflow/example_dags/example_params_ui_tutorial.py took 0.104 seconds
[2025-01-23T23:45:57.055+0000] {processor.py:186} INFO - Started process (PID=1340) to work on /home/airflow/.local/lib/python3.12/site-packages/airflow/example_dags/example_params_ui_tutorial.py
[2025-01-23T23:45:57.057+0000] {processor.py:914} INFO - Processing file /home/airflow/.local/lib/python3.12/site-packages/airflow/example_dags/example_params_ui_tutorial.py for tasks to queue
[2025-01-23T23:45:57.059+0000] {logging_mixin.py:190} INFO - [2025-01-23T23:45:57.059+0000] {dagbag.py:588} INFO - Filling up the DagBag from /home/airflow/.local/lib/python3.12/site-packages/airflow/example_dags/example_params_ui_tutorial.py
[2025-01-23T23:45:57.066+0000] {processor.py:925} INFO - DAG(s) 'example_params_ui_tutorial' retrieved from /home/airflow/.local/lib/python3.12/site-packages/airflow/example_dags/example_params_ui_tutorial.py
[2025-01-23T23:45:57.106+0000] {logging_mixin.py:190} INFO - [2025-01-23T23:45:57.106+0000] {dag.py:3239} INFO - Sync 1 DAGs
[2025-01-23T23:45:57.119+0000] {logging_mixin.py:190} INFO - [2025-01-23T23:45:57.118+0000] {dag.py:4180} INFO - Setting next_dagrun for example_params_ui_tutorial to None, run_after=None
[2025-01-23T23:45:57.137+0000] {processor.py:208} INFO - Processing /home/airflow/.local/lib/python3.12/site-packages/airflow/example_dags/example_params_ui_tutorial.py took 0.090 seconds
[2025-01-23T23:46:28.601+0000] {processor.py:186} INFO - Started process (PID=1405) to work on /home/airflow/.local/lib/python3.12/site-packages/airflow/example_dags/example_params_ui_tutorial.py
[2025-01-23T23:46:28.604+0000] {processor.py:914} INFO - Processing file /home/airflow/.local/lib/python3.12/site-packages/airflow/example_dags/example_params_ui_tutorial.py for tasks to queue
[2025-01-23T23:46:28.607+0000] {logging_mixin.py:190} INFO - [2025-01-23T23:46:28.607+0000] {dagbag.py:588} INFO - Filling up the DagBag from /home/airflow/.local/lib/python3.12/site-packages/airflow/example_dags/example_params_ui_tutorial.py
[2025-01-23T23:46:28.623+0000] {processor.py:925} INFO - DAG(s) 'example_params_ui_tutorial' retrieved from /home/airflow/.local/lib/python3.12/site-packages/airflow/example_dags/example_params_ui_tutorial.py
[2025-01-23T23:46:28.694+0000] {logging_mixin.py:190} INFO - [2025-01-23T23:46:28.694+0000] {dag.py:3239} INFO - Sync 1 DAGs
[2025-01-23T23:46:28.706+0000] {logging_mixin.py:190} INFO - [2025-01-23T23:46:28.706+0000] {dag.py:4180} INFO - Setting next_dagrun for example_params_ui_tutorial to None, run_after=None
[2025-01-23T23:46:28.722+0000] {processor.py:208} INFO - Processing /home/airflow/.local/lib/python3.12/site-packages/airflow/example_dags/example_params_ui_tutorial.py took 0.132 seconds
[2025-01-23T23:46:58.980+0000] {processor.py:186} INFO - Started process (PID=1469) to work on /home/airflow/.local/lib/python3.12/site-packages/airflow/example_dags/example_params_ui_tutorial.py
[2025-01-23T23:46:58.981+0000] {processor.py:914} INFO - Processing file /home/airflow/.local/lib/python3.12/site-packages/airflow/example_dags/example_params_ui_tutorial.py for tasks to queue
[2025-01-23T23:46:58.983+0000] {logging_mixin.py:190} INFO - [2025-01-23T23:46:58.983+0000] {dagbag.py:588} INFO - Filling up the DagBag from /home/airflow/.local/lib/python3.12/site-packages/airflow/example_dags/example_params_ui_tutorial.py
[2025-01-23T23:46:58.989+0000] {processor.py:925} INFO - DAG(s) 'example_params_ui_tutorial' retrieved from /home/airflow/.local/lib/python3.12/site-packages/airflow/example_dags/example_params_ui_tutorial.py
[2025-01-23T23:46:59.021+0000] {logging_mixin.py:190} INFO - [2025-01-23T23:46:59.021+0000] {dag.py:3239} INFO - Sync 1 DAGs
[2025-01-23T23:46:59.031+0000] {logging_mixin.py:190} INFO - [2025-01-23T23:46:59.031+0000] {dag.py:4180} INFO - Setting next_dagrun for example_params_ui_tutorial to None, run_after=None
[2025-01-23T23:46:59.046+0000] {processor.py:208} INFO - Processing /home/airflow/.local/lib/python3.12/site-packages/airflow/example_dags/example_params_ui_tutorial.py took 0.070 seconds
[2025-01-23T23:47:29.846+0000] {processor.py:186} INFO - Started process (PID=1533) to work on /home/airflow/.local/lib/python3.12/site-packages/airflow/example_dags/example_params_ui_tutorial.py
[2025-01-23T23:47:29.847+0000] {processor.py:914} INFO - Processing file /home/airflow/.local/lib/python3.12/site-packages/airflow/example_dags/example_params_ui_tutorial.py for tasks to queue
[2025-01-23T23:47:29.849+0000] {logging_mixin.py:190} INFO - [2025-01-23T23:47:29.848+0000] {dagbag.py:588} INFO - Filling up the DagBag from /home/airflow/.local/lib/python3.12/site-packages/airflow/example_dags/example_params_ui_tutorial.py
[2025-01-23T23:47:29.855+0000] {processor.py:925} INFO - DAG(s) 'example_params_ui_tutorial' retrieved from /home/airflow/.local/lib/python3.12/site-packages/airflow/example_dags/example_params_ui_tutorial.py
[2025-01-23T23:47:29.887+0000] {logging_mixin.py:190} INFO - [2025-01-23T23:47:29.887+0000] {dag.py:3239} INFO - Sync 1 DAGs
[2025-01-23T23:47:29.897+0000] {logging_mixin.py:190} INFO - [2025-01-23T23:47:29.897+0000] {dag.py:4180} INFO - Setting next_dagrun for example_params_ui_tutorial to None, run_after=None
[2025-01-23T23:47:29.912+0000] {processor.py:208} INFO - Processing /home/airflow/.local/lib/python3.12/site-packages/airflow/example_dags/example_params_ui_tutorial.py took 0.070 seconds
[2025-01-23T23:48:01.152+0000] {processor.py:186} INFO - Started process (PID=1597) to work on /home/airflow/.local/lib/python3.12/site-packages/airflow/example_dags/example_params_ui_tutorial.py
[2025-01-23T23:48:01.153+0000] {processor.py:914} INFO - Processing file /home/airflow/.local/lib/python3.12/site-packages/airflow/example_dags/example_params_ui_tutorial.py for tasks to queue
[2025-01-23T23:48:01.157+0000] {logging_mixin.py:190} INFO - [2025-01-23T23:48:01.156+0000] {dagbag.py:588} INFO - Filling up the DagBag from /home/airflow/.local/lib/python3.12/site-packages/airflow/example_dags/example_params_ui_tutorial.py
[2025-01-23T23:48:01.169+0000] {processor.py:925} INFO - DAG(s) 'example_params_ui_tutorial' retrieved from /home/airflow/.local/lib/python3.12/site-packages/airflow/example_dags/example_params_ui_tutorial.py
[2025-01-23T23:48:01.203+0000] {logging_mixin.py:190} INFO - [2025-01-23T23:48:01.203+0000] {dag.py:3239} INFO - Sync 1 DAGs
[2025-01-23T23:48:01.215+0000] {logging_mixin.py:190} INFO - [2025-01-23T23:48:01.215+0000] {dag.py:4180} INFO - Setting next_dagrun for example_params_ui_tutorial to None, run_after=None
[2025-01-23T23:48:01.233+0000] {processor.py:208} INFO - Processing /home/airflow/.local/lib/python3.12/site-packages/airflow/example_dags/example_params_ui_tutorial.py took 0.093 seconds
[2025-01-23T23:48:32.173+0000] {processor.py:186} INFO - Started process (PID=1661) to work on /home/airflow/.local/lib/python3.12/site-packages/airflow/example_dags/example_params_ui_tutorial.py
[2025-01-23T23:48:32.175+0000] {processor.py:914} INFO - Processing file /home/airflow/.local/lib/python3.12/site-packages/airflow/example_dags/example_params_ui_tutorial.py for tasks to queue
[2025-01-23T23:48:32.178+0000] {logging_mixin.py:190} INFO - [2025-01-23T23:48:32.178+0000] {dagbag.py:588} INFO - Filling up the DagBag from /home/airflow/.local/lib/python3.12/site-packages/airflow/example_dags/example_params_ui_tutorial.py
[2025-01-23T23:48:32.189+0000] {processor.py:925} INFO - DAG(s) 'example_params_ui_tutorial' retrieved from /home/airflow/.local/lib/python3.12/site-packages/airflow/example_dags/example_params_ui_tutorial.py
[2025-01-23T23:48:32.266+0000] {logging_mixin.py:190} INFO - [2025-01-23T23:48:32.266+0000] {dag.py:3239} INFO - Sync 1 DAGs
[2025-01-23T23:48:32.279+0000] {logging_mixin.py:190} INFO - [2025-01-23T23:48:32.279+0000] {dag.py:4180} INFO - Setting next_dagrun for example_params_ui_tutorial to None, run_after=None
[2025-01-23T23:48:32.293+0000] {processor.py:208} INFO - Processing /home/airflow/.local/lib/python3.12/site-packages/airflow/example_dags/example_params_ui_tutorial.py took 0.129 seconds
[2025-01-23T23:49:02.458+0000] {processor.py:186} INFO - Started process (PID=1725) to work on /home/airflow/.local/lib/python3.12/site-packages/airflow/example_dags/example_params_ui_tutorial.py
[2025-01-23T23:49:02.460+0000] {processor.py:914} INFO - Processing file /home/airflow/.local/lib/python3.12/site-packages/airflow/example_dags/example_params_ui_tutorial.py for tasks to queue
[2025-01-23T23:49:02.461+0000] {logging_mixin.py:190} INFO - [2025-01-23T23:49:02.461+0000] {dagbag.py:588} INFO - Filling up the DagBag from /home/airflow/.local/lib/python3.12/site-packages/airflow/example_dags/example_params_ui_tutorial.py
[2025-01-23T23:49:02.468+0000] {processor.py:925} INFO - DAG(s) 'example_params_ui_tutorial' retrieved from /home/airflow/.local/lib/python3.12/site-packages/airflow/example_dags/example_params_ui_tutorial.py
[2025-01-23T23:49:02.506+0000] {logging_mixin.py:190} INFO - [2025-01-23T23:49:02.506+0000] {dag.py:3239} INFO - Sync 1 DAGs
[2025-01-23T23:49:02.521+0000] {logging_mixin.py:190} INFO - [2025-01-23T23:49:02.521+0000] {dag.py:4180} INFO - Setting next_dagrun for example_params_ui_tutorial to None, run_after=None
[2025-01-23T23:49:02.541+0000] {processor.py:208} INFO - Processing /home/airflow/.local/lib/python3.12/site-packages/airflow/example_dags/example_params_ui_tutorial.py took 0.087 seconds
[2025-01-23T23:49:32.980+0000] {processor.py:186} INFO - Started process (PID=1788) to work on /home/airflow/.local/lib/python3.12/site-packages/airflow/example_dags/example_params_ui_tutorial.py
[2025-01-23T23:49:32.981+0000] {processor.py:914} INFO - Processing file /home/airflow/.local/lib/python3.12/site-packages/airflow/example_dags/example_params_ui_tutorial.py for tasks to queue
[2025-01-23T23:49:32.984+0000] {logging_mixin.py:190} INFO - [2025-01-23T23:49:32.984+0000] {dagbag.py:588} INFO - Filling up the DagBag from /home/airflow/.local/lib/python3.12/site-packages/airflow/example_dags/example_params_ui_tutorial.py
[2025-01-23T23:49:32.996+0000] {processor.py:925} INFO - DAG(s) 'example_params_ui_tutorial' retrieved from /home/airflow/.local/lib/python3.12/site-packages/airflow/example_dags/example_params_ui_tutorial.py
[2025-01-23T23:49:33.041+0000] {logging_mixin.py:190} INFO - [2025-01-23T23:49:33.041+0000] {dag.py:3239} INFO - Sync 1 DAGs
[2025-01-23T23:49:33.053+0000] {logging_mixin.py:190} INFO - [2025-01-23T23:49:33.053+0000] {dag.py:4180} INFO - Setting next_dagrun for example_params_ui_tutorial to None, run_after=None
[2025-01-23T23:49:33.068+0000] {processor.py:208} INFO - Processing /home/airflow/.local/lib/python3.12/site-packages/airflow/example_dags/example_params_ui_tutorial.py took 0.095 seconds
[2025-01-23T23:50:04.341+0000] {processor.py:186} INFO - Started process (PID=1852) to work on /home/airflow/.local/lib/python3.12/site-packages/airflow/example_dags/example_params_ui_tutorial.py
[2025-01-23T23:50:04.343+0000] {processor.py:914} INFO - Processing file /home/airflow/.local/lib/python3.12/site-packages/airflow/example_dags/example_params_ui_tutorial.py for tasks to queue
[2025-01-23T23:50:04.344+0000] {logging_mixin.py:190} INFO - [2025-01-23T23:50:04.344+0000] {dagbag.py:588} INFO - Filling up the DagBag from /home/airflow/.local/lib/python3.12/site-packages/airflow/example_dags/example_params_ui_tutorial.py
[2025-01-23T23:50:04.352+0000] {processor.py:925} INFO - DAG(s) 'example_params_ui_tutorial' retrieved from /home/airflow/.local/lib/python3.12/site-packages/airflow/example_dags/example_params_ui_tutorial.py
[2025-01-23T23:50:04.420+0000] {logging_mixin.py:190} INFO - [2025-01-23T23:50:04.420+0000] {dag.py:3239} INFO - Sync 1 DAGs
[2025-01-23T23:50:04.440+0000] {logging_mixin.py:190} INFO - [2025-01-23T23:50:04.440+0000] {dag.py:4180} INFO - Setting next_dagrun for example_params_ui_tutorial to None, run_after=None
[2025-01-23T23:50:04.463+0000] {processor.py:208} INFO - Processing /home/airflow/.local/lib/python3.12/site-packages/airflow/example_dags/example_params_ui_tutorial.py took 0.127 seconds
[2025-01-23T23:50:35.529+0000] {processor.py:186} INFO - Started process (PID=1916) to work on /home/airflow/.local/lib/python3.12/site-packages/airflow/example_dags/example_params_ui_tutorial.py
[2025-01-23T23:50:35.529+0000] {processor.py:914} INFO - Processing file /home/airflow/.local/lib/python3.12/site-packages/airflow/example_dags/example_params_ui_tutorial.py for tasks to queue
[2025-01-23T23:50:35.531+0000] {logging_mixin.py:190} INFO - [2025-01-23T23:50:35.531+0000] {dagbag.py:588} INFO - Filling up the DagBag from /home/airflow/.local/lib/python3.12/site-packages/airflow/example_dags/example_params_ui_tutorial.py
[2025-01-23T23:50:35.537+0000] {processor.py:925} INFO - DAG(s) 'example_params_ui_tutorial' retrieved from /home/airflow/.local/lib/python3.12/site-packages/airflow/example_dags/example_params_ui_tutorial.py
[2025-01-23T23:50:35.565+0000] {logging_mixin.py:190} INFO - [2025-01-23T23:50:35.565+0000] {dag.py:3239} INFO - Sync 1 DAGs
[2025-01-23T23:50:35.576+0000] {logging_mixin.py:190} INFO - [2025-01-23T23:50:35.576+0000] {dag.py:4180} INFO - Setting next_dagrun for example_params_ui_tutorial to None, run_after=None
[2025-01-23T23:50:35.593+0000] {processor.py:208} INFO - Processing /home/airflow/.local/lib/python3.12/site-packages/airflow/example_dags/example_params_ui_tutorial.py took 0.069 seconds
[2025-01-23T23:51:06.680+0000] {processor.py:186} INFO - Started process (PID=1980) to work on /home/airflow/.local/lib/python3.12/site-packages/airflow/example_dags/example_params_ui_tutorial.py
[2025-01-23T23:51:06.681+0000] {processor.py:914} INFO - Processing file /home/airflow/.local/lib/python3.12/site-packages/airflow/example_dags/example_params_ui_tutorial.py for tasks to queue
[2025-01-23T23:51:06.682+0000] {logging_mixin.py:190} INFO - [2025-01-23T23:51:06.682+0000] {dagbag.py:588} INFO - Filling up the DagBag from /home/airflow/.local/lib/python3.12/site-packages/airflow/example_dags/example_params_ui_tutorial.py
[2025-01-23T23:51:06.689+0000] {processor.py:925} INFO - DAG(s) 'example_params_ui_tutorial' retrieved from /home/airflow/.local/lib/python3.12/site-packages/airflow/example_dags/example_params_ui_tutorial.py
[2025-01-23T23:51:06.741+0000] {logging_mixin.py:190} INFO - [2025-01-23T23:51:06.741+0000] {dag.py:3239} INFO - Sync 1 DAGs
[2025-01-23T23:51:06.755+0000] {logging_mixin.py:190} INFO - [2025-01-23T23:51:06.755+0000] {dag.py:4180} INFO - Setting next_dagrun for example_params_ui_tutorial to None, run_after=None
[2025-01-23T23:51:06.773+0000] {processor.py:208} INFO - Processing /home/airflow/.local/lib/python3.12/site-packages/airflow/example_dags/example_params_ui_tutorial.py took 0.099 seconds
[2025-01-23T23:51:37.730+0000] {processor.py:186} INFO - Started process (PID=2045) to work on /home/airflow/.local/lib/python3.12/site-packages/airflow/example_dags/example_params_ui_tutorial.py
[2025-01-23T23:51:37.730+0000] {processor.py:914} INFO - Processing file /home/airflow/.local/lib/python3.12/site-packages/airflow/example_dags/example_params_ui_tutorial.py for tasks to queue
[2025-01-23T23:51:37.732+0000] {logging_mixin.py:190} INFO - [2025-01-23T23:51:37.732+0000] {dagbag.py:588} INFO - Filling up the DagBag from /home/airflow/.local/lib/python3.12/site-packages/airflow/example_dags/example_params_ui_tutorial.py
[2025-01-23T23:51:37.740+0000] {processor.py:925} INFO - DAG(s) 'example_params_ui_tutorial' retrieved from /home/airflow/.local/lib/python3.12/site-packages/airflow/example_dags/example_params_ui_tutorial.py
[2025-01-23T23:51:37.792+0000] {logging_mixin.py:190} INFO - [2025-01-23T23:51:37.792+0000] {dag.py:3239} INFO - Sync 1 DAGs
[2025-01-23T23:51:37.806+0000] {logging_mixin.py:190} INFO - [2025-01-23T23:51:37.806+0000] {dag.py:4180} INFO - Setting next_dagrun for example_params_ui_tutorial to None, run_after=None
[2025-01-23T23:51:37.820+0000] {processor.py:208} INFO - Processing /home/airflow/.local/lib/python3.12/site-packages/airflow/example_dags/example_params_ui_tutorial.py took 0.096 seconds
[2025-01-23T23:52:09.244+0000] {processor.py:186} INFO - Started process (PID=2109) to work on /home/airflow/.local/lib/python3.12/site-packages/airflow/example_dags/example_params_ui_tutorial.py
[2025-01-23T23:52:09.246+0000] {processor.py:914} INFO - Processing file /home/airflow/.local/lib/python3.12/site-packages/airflow/example_dags/example_params_ui_tutorial.py for tasks to queue
[2025-01-23T23:52:09.248+0000] {logging_mixin.py:190} INFO - [2025-01-23T23:52:09.248+0000] {dagbag.py:588} INFO - Filling up the DagBag from /home/airflow/.local/lib/python3.12/site-packages/airflow/example_dags/example_params_ui_tutorial.py
[2025-01-23T23:52:09.255+0000] {processor.py:925} INFO - DAG(s) 'example_params_ui_tutorial' retrieved from /home/airflow/.local/lib/python3.12/site-packages/airflow/example_dags/example_params_ui_tutorial.py
[2025-01-23T23:52:09.286+0000] {logging_mixin.py:190} INFO - [2025-01-23T23:52:09.286+0000] {dag.py:3239} INFO - Sync 1 DAGs
[2025-01-23T23:52:09.296+0000] {logging_mixin.py:190} INFO - [2025-01-23T23:52:09.296+0000] {dag.py:4180} INFO - Setting next_dagrun for example_params_ui_tutorial to None, run_after=None
[2025-01-23T23:52:09.312+0000] {processor.py:208} INFO - Processing /home/airflow/.local/lib/python3.12/site-packages/airflow/example_dags/example_params_ui_tutorial.py took 0.074 seconds
[2025-01-23T23:52:39.703+0000] {processor.py:186} INFO - Started process (PID=2172) to work on /home/airflow/.local/lib/python3.12/site-packages/airflow/example_dags/example_params_ui_tutorial.py
[2025-01-23T23:52:39.704+0000] {processor.py:914} INFO - Processing file /home/airflow/.local/lib/python3.12/site-packages/airflow/example_dags/example_params_ui_tutorial.py for tasks to queue
[2025-01-23T23:52:39.707+0000] {logging_mixin.py:190} INFO - [2025-01-23T23:52:39.706+0000] {dagbag.py:588} INFO - Filling up the DagBag from /home/airflow/.local/lib/python3.12/site-packages/airflow/example_dags/example_params_ui_tutorial.py
[2025-01-23T23:52:39.716+0000] {processor.py:925} INFO - DAG(s) 'example_params_ui_tutorial' retrieved from /home/airflow/.local/lib/python3.12/site-packages/airflow/example_dags/example_params_ui_tutorial.py
[2025-01-23T23:52:39.765+0000] {logging_mixin.py:190} INFO - [2025-01-23T23:52:39.764+0000] {dag.py:3239} INFO - Sync 1 DAGs
[2025-01-23T23:52:39.780+0000] {logging_mixin.py:190} INFO - [2025-01-23T23:52:39.780+0000] {dag.py:4180} INFO - Setting next_dagrun for example_params_ui_tutorial to None, run_after=None
[2025-01-23T23:52:39.799+0000] {processor.py:208} INFO - Processing /home/airflow/.local/lib/python3.12/site-packages/airflow/example_dags/example_params_ui_tutorial.py took 0.102 seconds
[2025-01-23T23:53:11.109+0000] {processor.py:186} INFO - Started process (PID=2242) to work on /home/airflow/.local/lib/python3.12/site-packages/airflow/example_dags/example_params_ui_tutorial.py
[2025-01-23T23:53:11.110+0000] {processor.py:914} INFO - Processing file /home/airflow/.local/lib/python3.12/site-packages/airflow/example_dags/example_params_ui_tutorial.py for tasks to queue
[2025-01-23T23:53:11.112+0000] {logging_mixin.py:190} INFO - [2025-01-23T23:53:11.111+0000] {dagbag.py:588} INFO - Filling up the DagBag from /home/airflow/.local/lib/python3.12/site-packages/airflow/example_dags/example_params_ui_tutorial.py
[2025-01-23T23:53:11.121+0000] {processor.py:925} INFO - DAG(s) 'example_params_ui_tutorial' retrieved from /home/airflow/.local/lib/python3.12/site-packages/airflow/example_dags/example_params_ui_tutorial.py
[2025-01-23T23:53:11.175+0000] {logging_mixin.py:190} INFO - [2025-01-23T23:53:11.175+0000] {dag.py:3239} INFO - Sync 1 DAGs
[2025-01-23T23:53:11.188+0000] {logging_mixin.py:190} INFO - [2025-01-23T23:53:11.188+0000] {dag.py:4180} INFO - Setting next_dagrun for example_params_ui_tutorial to None, run_after=None
[2025-01-23T23:53:11.208+0000] {processor.py:208} INFO - Processing /home/airflow/.local/lib/python3.12/site-packages/airflow/example_dags/example_params_ui_tutorial.py took 0.106 seconds
[2025-01-23T23:53:42.185+0000] {processor.py:186} INFO - Started process (PID=2306) to work on /home/airflow/.local/lib/python3.12/site-packages/airflow/example_dags/example_params_ui_tutorial.py
[2025-01-23T23:53:42.186+0000] {processor.py:914} INFO - Processing file /home/airflow/.local/lib/python3.12/site-packages/airflow/example_dags/example_params_ui_tutorial.py for tasks to queue
[2025-01-23T23:53:42.188+0000] {logging_mixin.py:190} INFO - [2025-01-23T23:53:42.188+0000] {dagbag.py:588} INFO - Filling up the DagBag from /home/airflow/.local/lib/python3.12/site-packages/airflow/example_dags/example_params_ui_tutorial.py
[2025-01-23T23:53:42.195+0000] {processor.py:925} INFO - DAG(s) 'example_params_ui_tutorial' retrieved from /home/airflow/.local/lib/python3.12/site-packages/airflow/example_dags/example_params_ui_tutorial.py
[2025-01-23T23:53:42.239+0000] {logging_mixin.py:190} INFO - [2025-01-23T23:53:42.239+0000] {dag.py:3239} INFO - Sync 1 DAGs
[2025-01-23T23:53:42.253+0000] {logging_mixin.py:190} INFO - [2025-01-23T23:53:42.252+0000] {dag.py:4180} INFO - Setting next_dagrun for example_params_ui_tutorial to None, run_after=None
[2025-01-23T23:53:42.268+0000] {processor.py:208} INFO - Processing /home/airflow/.local/lib/python3.12/site-packages/airflow/example_dags/example_params_ui_tutorial.py took 0.087 seconds
[2025-01-23T23:54:12.909+0000] {processor.py:186} INFO - Started process (PID=2369) to work on /home/airflow/.local/lib/python3.12/site-packages/airflow/example_dags/example_params_ui_tutorial.py
[2025-01-23T23:54:12.909+0000] {processor.py:914} INFO - Processing file /home/airflow/.local/lib/python3.12/site-packages/airflow/example_dags/example_params_ui_tutorial.py for tasks to queue
[2025-01-23T23:54:12.911+0000] {logging_mixin.py:190} INFO - [2025-01-23T23:54:12.910+0000] {dagbag.py:588} INFO - Filling up the DagBag from /home/airflow/.local/lib/python3.12/site-packages/airflow/example_dags/example_params_ui_tutorial.py
[2025-01-23T23:54:12.918+0000] {processor.py:925} INFO - DAG(s) 'example_params_ui_tutorial' retrieved from /home/airflow/.local/lib/python3.12/site-packages/airflow/example_dags/example_params_ui_tutorial.py
[2025-01-23T23:54:12.971+0000] {logging_mixin.py:190} INFO - [2025-01-23T23:54:12.971+0000] {dag.py:3239} INFO - Sync 1 DAGs
[2025-01-23T23:54:12.982+0000] {logging_mixin.py:190} INFO - [2025-01-23T23:54:12.982+0000] {dag.py:4180} INFO - Setting next_dagrun for example_params_ui_tutorial to None, run_after=None
[2025-01-23T23:54:12.995+0000] {processor.py:208} INFO - Processing /home/airflow/.local/lib/python3.12/site-packages/airflow/example_dags/example_params_ui_tutorial.py took 0.090 seconds
[2025-01-23T23:54:44.393+0000] {processor.py:186} INFO - Started process (PID=2434) to work on /home/airflow/.local/lib/python3.12/site-packages/airflow/example_dags/example_params_ui_tutorial.py
[2025-01-23T23:54:44.394+0000] {processor.py:914} INFO - Processing file /home/airflow/.local/lib/python3.12/site-packages/airflow/example_dags/example_params_ui_tutorial.py for tasks to queue
[2025-01-23T23:54:44.395+0000] {logging_mixin.py:190} INFO - [2025-01-23T23:54:44.395+0000] {dagbag.py:588} INFO - Filling up the DagBag from /home/airflow/.local/lib/python3.12/site-packages/airflow/example_dags/example_params_ui_tutorial.py
[2025-01-23T23:54:44.402+0000] {processor.py:925} INFO - DAG(s) 'example_params_ui_tutorial' retrieved from /home/airflow/.local/lib/python3.12/site-packages/airflow/example_dags/example_params_ui_tutorial.py
[2025-01-23T23:54:44.444+0000] {logging_mixin.py:190} INFO - [2025-01-23T23:54:44.444+0000] {dag.py:3239} INFO - Sync 1 DAGs
[2025-01-23T23:54:44.456+0000] {logging_mixin.py:190} INFO - [2025-01-23T23:54:44.456+0000] {dag.py:4180} INFO - Setting next_dagrun for example_params_ui_tutorial to None, run_after=None
[2025-01-23T23:54:44.474+0000] {processor.py:208} INFO - Processing /home/airflow/.local/lib/python3.12/site-packages/airflow/example_dags/example_params_ui_tutorial.py took 0.085 seconds
[2025-01-23T23:55:14.814+0000] {processor.py:186} INFO - Started process (PID=2497) to work on /home/airflow/.local/lib/python3.12/site-packages/airflow/example_dags/example_params_ui_tutorial.py
[2025-01-23T23:55:14.815+0000] {processor.py:914} INFO - Processing file /home/airflow/.local/lib/python3.12/site-packages/airflow/example_dags/example_params_ui_tutorial.py for tasks to queue
[2025-01-23T23:55:14.818+0000] {logging_mixin.py:190} INFO - [2025-01-23T23:55:14.818+0000] {dagbag.py:588} INFO - Filling up the DagBag from /home/airflow/.local/lib/python3.12/site-packages/airflow/example_dags/example_params_ui_tutorial.py
[2025-01-23T23:55:14.826+0000] {processor.py:925} INFO - DAG(s) 'example_params_ui_tutorial' retrieved from /home/airflow/.local/lib/python3.12/site-packages/airflow/example_dags/example_params_ui_tutorial.py
[2025-01-23T23:55:14.871+0000] {logging_mixin.py:190} INFO - [2025-01-23T23:55:14.871+0000] {dag.py:3239} INFO - Sync 1 DAGs
[2025-01-23T23:55:14.887+0000] {logging_mixin.py:190} INFO - [2025-01-23T23:55:14.887+0000] {dag.py:4180} INFO - Setting next_dagrun for example_params_ui_tutorial to None, run_after=None
[2025-01-23T23:55:14.907+0000] {processor.py:208} INFO - Processing /home/airflow/.local/lib/python3.12/site-packages/airflow/example_dags/example_params_ui_tutorial.py took 0.098 seconds
[2025-01-23T23:55:45.354+0000] {processor.py:186} INFO - Started process (PID=2560) to work on /home/airflow/.local/lib/python3.12/site-packages/airflow/example_dags/example_params_ui_tutorial.py
[2025-01-23T23:55:45.355+0000] {processor.py:914} INFO - Processing file /home/airflow/.local/lib/python3.12/site-packages/airflow/example_dags/example_params_ui_tutorial.py for tasks to queue
[2025-01-23T23:55:45.357+0000] {logging_mixin.py:190} INFO - [2025-01-23T23:55:45.357+0000] {dagbag.py:588} INFO - Filling up the DagBag from /home/airflow/.local/lib/python3.12/site-packages/airflow/example_dags/example_params_ui_tutorial.py
[2025-01-23T23:55:45.367+0000] {processor.py:925} INFO - DAG(s) 'example_params_ui_tutorial' retrieved from /home/airflow/.local/lib/python3.12/site-packages/airflow/example_dags/example_params_ui_tutorial.py
[2025-01-23T23:55:45.402+0000] {logging_mixin.py:190} INFO - [2025-01-23T23:55:45.402+0000] {dag.py:3239} INFO - Sync 1 DAGs
[2025-01-23T23:55:45.414+0000] {logging_mixin.py:190} INFO - [2025-01-23T23:55:45.414+0000] {dag.py:4180} INFO - Setting next_dagrun for example_params_ui_tutorial to None, run_after=None
[2025-01-23T23:55:45.433+0000] {processor.py:208} INFO - Processing /home/airflow/.local/lib/python3.12/site-packages/airflow/example_dags/example_params_ui_tutorial.py took 0.089 seconds
[2025-01-23T23:56:17.021+0000] {processor.py:186} INFO - Started process (PID=2627) to work on /home/airflow/.local/lib/python3.12/site-packages/airflow/example_dags/example_params_ui_tutorial.py
[2025-01-23T23:56:17.021+0000] {processor.py:914} INFO - Processing file /home/airflow/.local/lib/python3.12/site-packages/airflow/example_dags/example_params_ui_tutorial.py for tasks to queue
[2025-01-23T23:56:17.024+0000] {logging_mixin.py:190} INFO - [2025-01-23T23:56:17.023+0000] {dagbag.py:588} INFO - Filling up the DagBag from /home/airflow/.local/lib/python3.12/site-packages/airflow/example_dags/example_params_ui_tutorial.py
[2025-01-23T23:56:17.031+0000] {processor.py:925} INFO - DAG(s) 'example_params_ui_tutorial' retrieved from /home/airflow/.local/lib/python3.12/site-packages/airflow/example_dags/example_params_ui_tutorial.py
[2025-01-23T23:56:17.070+0000] {logging_mixin.py:190} INFO - [2025-01-23T23:56:17.070+0000] {dag.py:3239} INFO - Sync 1 DAGs
[2025-01-23T23:56:17.082+0000] {logging_mixin.py:190} INFO - [2025-01-23T23:56:17.082+0000] {dag.py:4180} INFO - Setting next_dagrun for example_params_ui_tutorial to None, run_after=None
[2025-01-23T23:56:17.098+0000] {processor.py:208} INFO - Processing /home/airflow/.local/lib/python3.12/site-packages/airflow/example_dags/example_params_ui_tutorial.py took 0.084 seconds
[2025-01-23T23:56:48.077+0000] {processor.py:186} INFO - Started process (PID=2692) to work on /home/airflow/.local/lib/python3.12/site-packages/airflow/example_dags/example_params_ui_tutorial.py
[2025-01-23T23:56:48.080+0000] {processor.py:914} INFO - Processing file /home/airflow/.local/lib/python3.12/site-packages/airflow/example_dags/example_params_ui_tutorial.py for tasks to queue
[2025-01-23T23:56:48.088+0000] {logging_mixin.py:190} INFO - [2025-01-23T23:56:48.087+0000] {dagbag.py:588} INFO - Filling up the DagBag from /home/airflow/.local/lib/python3.12/site-packages/airflow/example_dags/example_params_ui_tutorial.py
[2025-01-23T23:56:48.107+0000] {processor.py:925} INFO - DAG(s) 'example_params_ui_tutorial' retrieved from /home/airflow/.local/lib/python3.12/site-packages/airflow/example_dags/example_params_ui_tutorial.py
[2025-01-23T23:56:48.162+0000] {logging_mixin.py:190} INFO - [2025-01-23T23:56:48.162+0000] {dag.py:3239} INFO - Sync 1 DAGs
[2025-01-23T23:56:48.181+0000] {logging_mixin.py:190} INFO - [2025-01-23T23:56:48.181+0000] {dag.py:4180} INFO - Setting next_dagrun for example_params_ui_tutorial to None, run_after=None
[2025-01-23T23:56:48.206+0000] {processor.py:208} INFO - Processing /home/airflow/.local/lib/python3.12/site-packages/airflow/example_dags/example_params_ui_tutorial.py took 0.147 seconds
[2025-01-23T23:57:19.012+0000] {processor.py:186} INFO - Started process (PID=2757) to work on /home/airflow/.local/lib/python3.12/site-packages/airflow/example_dags/example_params_ui_tutorial.py
[2025-01-23T23:57:19.014+0000] {processor.py:914} INFO - Processing file /home/airflow/.local/lib/python3.12/site-packages/airflow/example_dags/example_params_ui_tutorial.py for tasks to queue
[2025-01-23T23:57:19.016+0000] {logging_mixin.py:190} INFO - [2025-01-23T23:57:19.015+0000] {dagbag.py:588} INFO - Filling up the DagBag from /home/airflow/.local/lib/python3.12/site-packages/airflow/example_dags/example_params_ui_tutorial.py
[2025-01-23T23:57:19.023+0000] {processor.py:925} INFO - DAG(s) 'example_params_ui_tutorial' retrieved from /home/airflow/.local/lib/python3.12/site-packages/airflow/example_dags/example_params_ui_tutorial.py
[2025-01-23T23:57:19.055+0000] {logging_mixin.py:190} INFO - [2025-01-23T23:57:19.054+0000] {dag.py:3239} INFO - Sync 1 DAGs
[2025-01-23T23:57:19.067+0000] {logging_mixin.py:190} INFO - [2025-01-23T23:57:19.067+0000] {dag.py:4180} INFO - Setting next_dagrun for example_params_ui_tutorial to None, run_after=None
[2025-01-23T23:57:19.082+0000] {processor.py:208} INFO - Processing /home/airflow/.local/lib/python3.12/site-packages/airflow/example_dags/example_params_ui_tutorial.py took 0.074 seconds
[2025-01-23T23:57:50.136+0000] {processor.py:186} INFO - Started process (PID=2822) to work on /home/airflow/.local/lib/python3.12/site-packages/airflow/example_dags/example_params_ui_tutorial.py
[2025-01-23T23:57:50.137+0000] {processor.py:914} INFO - Processing file /home/airflow/.local/lib/python3.12/site-packages/airflow/example_dags/example_params_ui_tutorial.py for tasks to queue
[2025-01-23T23:57:50.139+0000] {logging_mixin.py:190} INFO - [2025-01-23T23:57:50.139+0000] {dagbag.py:588} INFO - Filling up the DagBag from /home/airflow/.local/lib/python3.12/site-packages/airflow/example_dags/example_params_ui_tutorial.py
[2025-01-23T23:57:50.146+0000] {processor.py:925} INFO - DAG(s) 'example_params_ui_tutorial' retrieved from /home/airflow/.local/lib/python3.12/site-packages/airflow/example_dags/example_params_ui_tutorial.py
[2025-01-23T23:57:50.179+0000] {logging_mixin.py:190} INFO - [2025-01-23T23:57:50.179+0000] {dag.py:3239} INFO - Sync 1 DAGs
[2025-01-23T23:57:50.197+0000] {logging_mixin.py:190} INFO - [2025-01-23T23:57:50.197+0000] {dag.py:4180} INFO - Setting next_dagrun for example_params_ui_tutorial to None, run_after=None
[2025-01-23T23:57:50.216+0000] {processor.py:208} INFO - Processing /home/airflow/.local/lib/python3.12/site-packages/airflow/example_dags/example_params_ui_tutorial.py took 0.084 seconds
