[2025-02-01T00:25:11.590+0000] {local_task_job_runner.py:123} INFO - ::group::Pre task execution logs
[2025-02-01T00:25:11.647+0000] {taskinstance.py:2613} INFO - Dependencies all met for dep_context=non-requeueable deps ti=<TaskInstance: manage_airflow_roles.assign_generic_permissions_roles manual__2025-02-01T00:05:21.077807+00:00 [queued]>
[2025-02-01T00:25:11.676+0000] {taskinstance.py:2613} INFO - Dependencies all met for dep_context=requeueable deps ti=<TaskInstance: manage_airflow_roles.assign_generic_permissions_roles manual__2025-02-01T00:05:21.077807+00:00 [queued]>
[2025-02-01T00:25:11.677+0000] {taskinstance.py:2866} INFO - Starting attempt 7 of 7
[2025-02-01T00:25:11.698+0000] {taskinstance.py:2889} INFO - Executing <Task(_PythonDecoratedOperator): assign_generic_permissions_roles> on 2025-02-01 00:05:21.077807+00:00
[2025-02-01T00:25:11.707+0000] {warnings.py:112} WARNING - /home/***/.local/lib/python3.12/site-packages/***/task/task_runner/standard_task_runner.py:70: DeprecationWarning: This process (pid=2698) is multi-threaded, use of fork() may lead to deadlocks in the child.
  pid = os.fork()

[2025-02-01T00:25:11.709+0000] {standard_task_runner.py:72} INFO - Started process 2699 to run task
[2025-02-01T00:25:11.711+0000] {standard_task_runner.py:104} INFO - Running: ['***', 'tasks', 'run', 'manage_***_roles', 'assign_generic_permissions_roles', 'manual__2025-02-01T00:05:21.077807+00:00', '--job-id', '115', '--raw', '--subdir', 'DAGS_FOLDER/dag.py', '--cfg-path', '/tmp/tmp30jkl93n']
[2025-02-01T00:25:11.713+0000] {standard_task_runner.py:105} INFO - Job 115: Subtask assign_generic_permissions_roles
[2025-02-01T00:25:11.840+0000] {task_command.py:467} INFO - Running <TaskInstance: manage_airflow_roles.assign_generic_permissions_roles manual__2025-02-01T00:05:21.077807+00:00 [running]> on host dab0f5b0cfba
[2025-02-01T00:25:12.113+0000] {taskinstance.py:3132} INFO - Exporting env vars: AIRFLOW_CTX_DAG_OWNER='data-team' AIRFLOW_CTX_DAG_ID='manage_***_roles' AIRFLOW_CTX_TASK_ID='assign_generic_permissions_roles' AIRFLOW_CTX_EXECUTION_DATE='2025-02-01T00:05:21.077807+00:00' AIRFLOW_CTX_TRY_NUMBER='7' AIRFLOW_CTX_DAG_RUN_ID='manual__2025-02-01T00:05:21.077807+00:00'
[2025-02-01T00:25:12.115+0000] {taskinstance.py:731} INFO - ::endgroup::
[2025-02-01T00:25:15.217+0000] {dag.py:160} INFO - Assigning DAG Runs permissions to data-team
[2025-02-01T00:25:18.404+0000] {dag.py:160} INFO - Assigning DAG Runs permissions to data-team
[2025-02-01T00:25:21.604+0000] {dag.py:160} INFO - Assigning DAG Runs permissions to data-team
[2025-02-01T00:25:24.746+0000] {dag.py:160} INFO - Assigning DAG Runs permissions to data-team
[2025-02-01T00:25:27.990+0000] {dag.py:160} INFO - Assigning DAG Runs permissions to data-team
[2025-02-01T00:25:30.527+0000] {dag.py:160} INFO - Assigning DAG Runs permissions to data-team
[2025-02-01T00:25:33.110+0000] {dag.py:160} INFO - Assigning DAG Runs permissions to data-team
[2025-02-01T00:25:35.709+0000] {dag.py:160} INFO - Assigning DAG Runs permissions to data-team
[2025-02-01T00:25:38.107+0000] {dag.py:160} INFO - Assigning DAG Runs permissions to data-team
[2025-02-01T00:25:40.958+0000] {dag.py:160} INFO - Assigning DAG Runs permissions to data-team
[2025-02-01T00:25:43.895+0000] {dag.py:160} INFO - Assigning DAG Runs permissions to data-team
[2025-02-01T00:25:46.871+0000] {dag.py:160} INFO - Assigning DAG Runs permissions to data-team
[2025-02-01T00:25:49.561+0000] {dag.py:160} INFO - Assigning DAG Runs permissions to data-team
[2025-02-01T00:25:52.315+0000] {dag.py:160} INFO - Assigning DAG Runs permissions to data-team
[2025-02-01T00:25:55.150+0000] {dag.py:160} INFO - Assigning DAG Runs permissions to data-team
[2025-02-01T00:25:57.992+0000] {dag.py:160} INFO - Assigning DAG Runs permissions to data-team
[2025-02-01T00:26:01.037+0000] {dag.py:160} INFO - Assigning DAG Runs permissions to data-team
[2025-02-01T00:26:03.919+0000] {dag.py:160} INFO - Assigning DAG Runs permissions to data-team
[2025-02-01T00:26:07.548+0000] {dag.py:160} INFO - Assigning DAG Runs permissions to data-team
[2025-02-01T00:26:11.272+0000] {dag.py:160} INFO - Assigning DAG Runs permissions to data-team
[2025-02-01T00:26:14.381+0000] {dag.py:160} INFO - Assigning DAG Runs permissions to data-team
[2025-02-01T00:26:17.438+0000] {dag.py:160} INFO - Assigning DAG Runs permissions to data-team
[2025-02-01T00:26:20.347+0000] {dag.py:160} INFO - Assigning DAG Runs permissions to data-team
[2025-02-01T00:26:23.291+0000] {dag.py:160} INFO - Assigning DAG Runs permissions to data-team
[2025-02-01T00:26:26.739+0000] {dag.py:160} INFO - Assigning DAG Runs permissions to data-team
[2025-02-01T00:26:30.222+0000] {dag.py:160} INFO - Assigning DAG Runs permissions to data-team
[2025-02-01T00:26:33.465+0000] {dag.py:160} INFO - Assigning DAG Runs permissions to data-team
[2025-02-01T00:26:36.715+0000] {dag.py:160} INFO - Assigning DAG Runs permissions to data-team
[2025-02-01T00:26:39.698+0000] {dag.py:160} INFO - Assigning DAG Runs permissions to data-team
[2025-02-01T00:26:42.752+0000] {dag.py:160} INFO - Assigning DAG Runs permissions to data-team
[2025-02-01T00:26:46.475+0000] {dag.py:160} INFO - Assigning DAG Runs permissions to data-team
[2025-02-01T00:26:50.208+0000] {dag.py:160} INFO - Assigning DAG Runs permissions to data-team
[2025-02-01T00:26:53.799+0000] {dag.py:160} INFO - Assigning DAG Runs permissions to data-team
[2025-02-01T00:26:57.346+0000] {dag.py:160} INFO - Assigning DAG Runs permissions to data-team
[2025-02-01T00:27:01.112+0000] {dag.py:160} INFO - Assigning DAG Runs permissions to data-team
[2025-02-01T00:27:05.969+0000] {dag.py:160} INFO - Assigning DAG Runs permissions to data-team
[2025-02-01T00:27:07.794+0000] {local_task_job_runner.py:346} WARNING - State of this instance has been externally set to upstream_failed. Terminating instance.
[2025-02-01T00:27:07.794+0000] {local_task_job_runner.py:245} INFO - ::endgroup::
[2025-02-01T00:27:07.796+0000] {process_utils.py:132} INFO - Sending 15 to group 2699. PIDs of all processes in the group: [3250, 2699]
[2025-02-01T00:27:07.796+0000] {process_utils.py:87} INFO - Sending the signal 15 to group 2699
[2025-02-01T00:27:07.797+0000] {taskinstance.py:3093} ERROR - Received SIGTERM. Terminating subprocesses.
[2025-02-01T00:27:07.803+0000] {dag.py:162} INFO - Error assigning DAG Runs permissions to data-team
[2025-02-01T00:27:08.330+0000] {process_utils.py:80} INFO - Process psutil.Process(pid=3250, status='terminated', started='00:27:05') (3250) terminated with exit code None
[2025-02-01T00:27:11.565+0000] {dag.py:160} INFO - Assigning DAG Runs permissions to data-team
[2025-02-01T00:27:15.271+0000] {dag.py:160} INFO - Assigning DAG Runs permissions to data-team
[2025-02-01T00:27:18.838+0000] {dag.py:160} INFO - Assigning DAG Runs permissions to data-team
[2025-02-01T00:27:22.301+0000] {dag.py:160} INFO - Assigning DAG Runs permissions to data-team
[2025-02-01T00:27:26.057+0000] {dag.py:160} INFO - Assigning DAG Runs permissions to data-team
[2025-02-01T00:27:29.692+0000] {dag.py:160} INFO - Assigning DAG Runs permissions to data-team
[2025-02-01T00:27:33.715+0000] {dag.py:160} INFO - Assigning DAG Runs permissions to data-team
[2025-02-01T00:27:37.155+0000] {dag.py:160} INFO - Assigning DAG Runs permissions to data-team
[2025-02-01T00:27:40.536+0000] {dag.py:160} INFO - Assigning DAG Runs permissions to data-team
[2025-02-01T00:27:43.665+0000] {dag.py:160} INFO - Assigning DAG Runs permissions to data-team
[2025-02-01T00:27:46.869+0000] {dag.py:160} INFO - Assigning DAG Runs permissions to data-team
[2025-02-01T00:27:49.978+0000] {dag.py:160} INFO - Assigning DAG Runs permissions to data-team
[2025-02-01T00:27:52.902+0000] {dag.py:160} INFO - Assigning DAG Runs permissions to data-team
[2025-02-01T00:27:56.253+0000] {dag.py:160} INFO - Assigning DAG Runs permissions to data-team
[2025-02-01T00:27:59.449+0000] {dag.py:160} INFO - Assigning DAG Runs permissions to data-team
[2025-02-01T00:28:02.713+0000] {dag.py:160} INFO - Assigning DAG Runs permissions to data-team
[2025-02-01T00:28:06.345+0000] {dag.py:160} INFO - Assigning DAG Runs permissions to data-team
[2025-02-01T00:28:07.833+0000] {process_utils.py:150} WARNING - process psutil.Process(pid=2699, name='airflow task ru', status='sleeping', started='00:25:11') did not respond to SIGTERM. Trying SIGKILL
[2025-02-01T00:28:07.834+0000] {process_utils.py:87} INFO - Sending the signal 9 to group 2699
[2025-02-01T00:28:07.841+0000] {process_utils.py:80} INFO - Process psutil.Process(pid=2699, name='airflow task ru', status='terminated', exitcode=<Negsignal.SIGKILL: -9>, started='00:25:11') (2699) terminated with exit code -9
[2025-02-01T00:28:07.842+0000] {standard_task_runner.py:190} ERROR - ('Job 115 was killed before it finished (likely due to running out of memory)', 'For more information, see https://***.apache.org/docs/apache-***/stable/troubleshooting.html#LocalTaskJob-killed')
