[2025-02-11T00:23:30.377+0000] {local_task_job_runner.py:123} INFO - ::group::Pre task execution logs
[2025-02-11T00:23:30.418+0000] {taskinstance.py:2613} INFO - Dependencies all met for dep_context=non-requeueable deps ti=<TaskInstance: manage_airflow_roles.assign_permissions_dag manual__2025-02-11T00:22:53.881418+00:00 [queued]>
[2025-02-11T00:23:30.447+0000] {taskinstance.py:2613} INFO - Dependencies all met for dep_context=requeueable deps ti=<TaskInstance: manage_airflow_roles.assign_permissions_dag manual__2025-02-11T00:22:53.881418+00:00 [queued]>
[2025-02-11T00:23:30.448+0000] {taskinstance.py:2866} INFO - Starting attempt 1 of 1
[2025-02-11T00:23:30.481+0000] {taskinstance.py:2889} INFO - Executing <Task(_PythonDecoratedOperator): assign_permissions_dag> on 2025-02-11 00:22:53.881418+00:00
[2025-02-11T00:23:30.490+0000] {warnings.py:112} WARNING - /home/***/.local/lib/python3.12/site-packages/***/task/task_runner/standard_task_runner.py:70: DeprecationWarning: This process (pid=4816) is multi-threaded, use of fork() may lead to deadlocks in the child.
  pid = os.fork()

[2025-02-11T00:23:30.493+0000] {standard_task_runner.py:72} INFO - Started process 4817 to run task
[2025-02-11T00:23:30.494+0000] {standard_task_runner.py:104} INFO - Running: ['***', 'tasks', 'run', 'manage_***_roles', 'assign_permissions_dag', 'manual__2025-02-11T00:22:53.881418+00:00', '--job-id', '194', '--raw', '--subdir', 'DAGS_FOLDER/dag.py', '--cfg-path', '/tmp/tmpatc_6nps']
[2025-02-11T00:23:30.497+0000] {standard_task_runner.py:105} INFO - Job 194: Subtask assign_permissions_dag
[2025-02-11T00:23:30.612+0000] {task_command.py:467} INFO - Running <TaskInstance: manage_airflow_roles.assign_permissions_dag manual__2025-02-11T00:22:53.881418+00:00 [running]> on host 9c5f21acce5a
[2025-02-11T00:23:30.840+0000] {taskinstance.py:3132} INFO - Exporting env vars: AIRFLOW_CTX_DAG_OWNER='data-team' AIRFLOW_CTX_DAG_ID='manage_***_roles' AIRFLOW_CTX_TASK_ID='assign_permissions_dag' AIRFLOW_CTX_EXECUTION_DATE='2025-02-11T00:22:53.881418+00:00' AIRFLOW_CTX_TRY_NUMBER='1' AIRFLOW_CTX_DAG_RUN_ID='manual__2025-02-11T00:22:53.881418+00:00'
[2025-02-11T00:23:30.843+0000] {taskinstance.py:731} INFO - ::endgroup::
[2025-02-11T00:23:30.848+0000] {dag.py:195} INFO - Permission already exists for dados on DAG hello_world_dag
[2025-02-11T00:23:30.849+0000] {dag.py:195} INFO - Permission already exists for data-team on DAG manage_***_roles
[2025-02-11T00:23:30.850+0000] {python.py:240} INFO - Done. Returned value was: None
[2025-02-11T00:23:30.871+0000] {taskinstance.py:340} INFO - ::group::Post task execution logs
[2025-02-11T00:23:30.873+0000] {taskinstance.py:352} INFO - Marking task as SUCCESS. dag_id=manage_***_roles, task_id=assign_permissions_dag, run_id=manual__2025-02-11T00:22:53.881418+00:00, execution_date=20250211T002253, start_date=20250211T002330, end_date=20250211T002330
[2025-02-11T00:23:30.951+0000] {local_task_job_runner.py:266} INFO - Task exited with return code 0
[2025-02-11T00:23:30.989+0000] {taskinstance.py:3895} INFO - 0 downstream tasks scheduled from follow-on schedule check
[2025-02-11T00:23:30.992+0000] {local_task_job_runner.py:245} INFO - ::endgroup::
