[2025-02-11T00:52:12.486+0000] {local_task_job_runner.py:123} INFO - ::group::Pre task execution logs
[2025-02-11T00:52:12.514+0000] {taskinstance.py:2613} INFO - Dependencies all met for dep_context=non-requeueable deps ti=<TaskInstance: manage_airflow_roles.assign_generic_permissions_roles manual__2025-02-11T00:44:07.001501+00:00 [queued]>
[2025-02-11T00:52:12.530+0000] {taskinstance.py:2613} INFO - Dependencies all met for dep_context=requeueable deps ti=<TaskInstance: manage_airflow_roles.assign_generic_permissions_roles manual__2025-02-11T00:44:07.001501+00:00 [queued]>
[2025-02-11T00:52:12.530+0000] {taskinstance.py:2866} INFO - Starting attempt 2 of 2
[2025-02-11T00:52:12.546+0000] {taskinstance.py:2889} INFO - Executing <Task(_PythonDecoratedOperator): assign_generic_permissions_roles> on 2025-02-11 00:44:07.001501+00:00
[2025-02-11T00:52:12.551+0000] {warnings.py:112} WARNING - /home/***/.local/lib/python3.12/site-packages/***/task/task_runner/standard_task_runner.py:70: DeprecationWarning: This process (pid=5713) is multi-threaded, use of fork() may lead to deadlocks in the child.
  pid = os.fork()

[2025-02-11T00:52:12.552+0000] {standard_task_runner.py:72} INFO - Started process 5714 to run task
[2025-02-11T00:52:12.553+0000] {standard_task_runner.py:104} INFO - Running: ['***', 'tasks', 'run', 'manage_***_roles', 'assign_generic_permissions_roles', 'manual__2025-02-11T00:44:07.001501+00:00', '--job-id', '220', '--raw', '--subdir', 'DAGS_FOLDER/dag.py', '--cfg-path', '/tmp/tmpcdpuceq0']
[2025-02-11T00:52:12.554+0000] {standard_task_runner.py:105} INFO - Job 220: Subtask assign_generic_permissions_roles
[2025-02-11T00:52:12.634+0000] {task_command.py:467} INFO - Running <TaskInstance: manage_airflow_roles.assign_generic_permissions_roles manual__2025-02-11T00:44:07.001501+00:00 [running]> on host 9c5f21acce5a
[2025-02-11T00:52:12.871+0000] {taskinstance.py:3132} INFO - Exporting env vars: AIRFLOW_CTX_DAG_OWNER='data-team' AIRFLOW_CTX_DAG_ID='manage_***_roles' AIRFLOW_CTX_TASK_ID='assign_generic_permissions_roles' AIRFLOW_CTX_EXECUTION_DATE='2025-02-11T00:44:07.001501+00:00' AIRFLOW_CTX_TRY_NUMBER='2' AIRFLOW_CTX_DAG_RUN_ID='manual__2025-02-11T00:44:07.001501+00:00'
[2025-02-11T00:52:12.873+0000] {taskinstance.py:731} INFO - ::endgroup::
[2025-02-11T00:52:15.848+0000] {dag.py:152} INFO - Assigning Website:can_read permissions to data-team
[2025-02-11T00:52:19.060+0000] {dag.py:152} INFO - Assigning Website:can_read permissions to dados
[2025-02-11T00:52:22.049+0000] {dag.py:152} INFO - Assigning DAG Runs:can_read permissions to data-team
[2025-02-11T00:52:24.519+0000] {dag.py:152} INFO - Assigning DAG Runs:can_read permissions to dados
[2025-02-11T00:52:27.292+0000] {dag.py:152} INFO - Assigning DAG Runs:can_edit permissions to data-team
[2025-02-11T00:52:29.982+0000] {dag.py:152} INFO - Assigning DAG Runs:can_edit permissions to dados
[2025-02-11T00:52:32.683+0000] {dag.py:152} INFO - Assigning DAG Runs:can_create permissions to data-team
[2025-02-11T00:52:35.580+0000] {dag.py:152} INFO - Assigning DAG Runs:can_create permissions to dados
[2025-02-11T00:52:35.582+0000] {python.py:240} INFO - Done. Returned value was: None
[2025-02-11T00:52:35.590+0000] {taskinstance.py:340} INFO - ::group::Post task execution logs
[2025-02-11T00:52:35.590+0000] {taskinstance.py:352} INFO - Marking task as SUCCESS. dag_id=manage_***_roles, task_id=assign_generic_permissions_roles, run_id=manual__2025-02-11T00:44:07.001501+00:00, execution_date=20250211T004407, start_date=20250211T005212, end_date=20250211T005235
[2025-02-11T00:52:35.606+0000] {local_task_job_runner.py:266} INFO - Task exited with return code 0
[2025-02-11T00:52:35.623+0000] {taskinstance.py:3895} INFO - 1 downstream tasks scheduled from follow-on schedule check
[2025-02-11T00:52:35.624+0000] {local_task_job_runner.py:245} INFO - ::endgroup::
